[2024-01-06T07:28:03.017+0000] {taskinstance.py:1957} INFO - Dependencies all met for dep_context=non-requeueable deps ti=<TaskInstance: job_process.get_indeed_data manual__2024-01-06T07:27:45.202528+00:00 [queued]>
[2024-01-06T07:28:03.074+0000] {taskinstance.py:1957} INFO - Dependencies all met for dep_context=requeueable deps ti=<TaskInstance: job_process.get_indeed_data manual__2024-01-06T07:27:45.202528+00:00 [queued]>
[2024-01-06T07:28:03.075+0000] {taskinstance.py:2171} INFO - Starting attempt 1 of 1
[2024-01-06T07:28:03.168+0000] {taskinstance.py:2192} INFO - Executing <Task(PythonOperator): get_indeed_data> on 2024-01-06 07:27:45.202528+00:00
[2024-01-06T07:28:03.194+0000] {standard_task_runner.py:60} INFO - Started process 11297 to run task
[2024-01-06T07:28:03.257+0000] {standard_task_runner.py:87} INFO - Running: ['***', 'tasks', 'run', 'job_process', 'get_indeed_data', 'manual__2024-01-06T07:27:45.202528+00:00', '--job-id', '196', '--raw', '--subdir', 'DAGS_FOLDER/job_process.py', '--cfg-path', '/tmp/tmplmkrrzrt']
[2024-01-06T07:28:03.276+0000] {standard_task_runner.py:88} INFO - Job 196: Subtask get_indeed_data
[2024-01-06T07:28:03.529+0000] {task_command.py:423} INFO - Running <TaskInstance: job_process.get_indeed_data manual__2024-01-06T07:27:45.202528+00:00 [running]> on host f01482236d7b
[2024-01-06T07:28:04.071+0000] {taskinstance.py:2481} INFO - Exporting env vars: AIRFLOW_CTX_DAG_OWNER='***' AIRFLOW_CTX_DAG_ID='job_process' AIRFLOW_CTX_TASK_ID='get_indeed_data' AIRFLOW_CTX_EXECUTION_DATE='2024-01-06T07:27:45.202528+00:00' AIRFLOW_CTX_TRY_NUMBER='1' AIRFLOW_CTX_DAG_RUN_ID='manual__2024-01-06T07:27:45.202528+00:00'
[2024-01-06T07:28:08.525+0000] {logging_mixin.py:188} INFO - Response HTTP Status Code:  200
[2024-01-06T07:28:17.359+0000] {logging_mixin.py:188} INFO - Response HTTP Status Code:  200
[2024-01-06T07:28:24.558+0000] {logging_mixin.py:188} INFO - Response HTTP Status Code:  200
[2024-01-06T07:28:32.404+0000] {logging_mixin.py:188} INFO - Response HTTP Status Code:  200
[2024-01-06T07:28:44.093+0000] {logging_mixin.py:188} INFO - Response HTTP Status Code:  200
[2024-01-06T07:28:58.552+0000] {logging_mixin.py:188} INFO - Response HTTP Status Code:  500
[2024-01-06T07:29:03.025+0000] {logging_mixin.py:188} INFO - Response HTTP Status Code:  200
[2024-01-06T07:29:09.662+0000] {logging_mixin.py:188} INFO - Response HTTP Status Code:  200
[2024-01-06T07:29:13.952+0000] {logging_mixin.py:188} INFO - Response HTTP Status Code:  200
[2024-01-06T07:29:20.947+0000] {logging_mixin.py:188} INFO - Response HTTP Status Code:  200
[2024-01-06T07:29:22.409+0000] {python.py:201} INFO - Done. Returned value was: None
[2024-01-06T07:29:22.431+0000] {taskinstance.py:1138} INFO - Marking task as SUCCESS. dag_id=job_process, task_id=get_indeed_data, execution_date=20240106T072745, start_date=20240106T072803, end_date=20240106T072922
[2024-01-06T07:29:22.533+0000] {local_task_job_runner.py:234} INFO - Task exited with return code 0
[2024-01-06T07:29:22.607+0000] {taskinstance.py:3281} INFO - 1 downstream tasks scheduled from follow-on schedule check
