[2024-01-06T07:10:42.117+0000] {taskinstance.py:1957} INFO - Dependencies all met for dep_context=non-requeueable deps ti=<TaskInstance: job_process.get_indeed_data scheduled__2024-01-05T00:00:00+00:00 [queued]>
[2024-01-06T07:10:42.182+0000] {taskinstance.py:1957} INFO - Dependencies all met for dep_context=requeueable deps ti=<TaskInstance: job_process.get_indeed_data scheduled__2024-01-05T00:00:00+00:00 [queued]>
[2024-01-06T07:10:42.182+0000] {taskinstance.py:2171} INFO - Starting attempt 1 of 1
[2024-01-06T07:10:42.266+0000] {taskinstance.py:2192} INFO - Executing <Task(PythonOperator): get_indeed_data> on 2024-01-05 00:00:00+00:00
[2024-01-06T07:10:42.303+0000] {standard_task_runner.py:60} INFO - Started process 10853 to run task
[2024-01-06T07:10:42.339+0000] {standard_task_runner.py:87} INFO - Running: ['***', 'tasks', 'run', 'job_process', 'get_indeed_data', 'scheduled__2024-01-05T00:00:00+00:00', '--job-id', '189', '--raw', '--subdir', 'DAGS_FOLDER/job_process.py', '--cfg-path', '/tmp/tmpco4hvqoo']
[2024-01-06T07:10:42.347+0000] {standard_task_runner.py:88} INFO - Job 189: Subtask get_indeed_data
[2024-01-06T07:10:42.545+0000] {task_command.py:423} INFO - Running <TaskInstance: job_process.get_indeed_data scheduled__2024-01-05T00:00:00+00:00 [running]> on host f01482236d7b
[2024-01-06T07:10:42.954+0000] {taskinstance.py:2481} INFO - Exporting env vars: AIRFLOW_CTX_DAG_OWNER='***' AIRFLOW_CTX_DAG_ID='job_process' AIRFLOW_CTX_TASK_ID='get_indeed_data' AIRFLOW_CTX_EXECUTION_DATE='2024-01-05T00:00:00+00:00' AIRFLOW_CTX_TRY_NUMBER='1' AIRFLOW_CTX_DAG_RUN_ID='scheduled__2024-01-05T00:00:00+00:00'
[2024-01-06T07:10:49.148+0000] {logging_mixin.py:188} INFO - Response HTTP Status Code:  500
[2024-01-06T07:11:12.641+0000] {logging_mixin.py:188} INFO - Response HTTP Status Code:  200
[2024-01-06T07:11:17.050+0000] {logging_mixin.py:188} INFO - Response HTTP Status Code:  200
[2024-01-06T07:11:21.165+0000] {logging_mixin.py:188} INFO - Response HTTP Status Code:  200
[2024-01-06T07:11:25.405+0000] {logging_mixin.py:188} INFO - Response HTTP Status Code:  200
[2024-01-06T07:11:29.721+0000] {logging_mixin.py:188} INFO - Response HTTP Status Code:  200
[2024-01-06T07:11:34.300+0000] {logging_mixin.py:188} INFO - Response HTTP Status Code:  200
[2024-01-06T07:11:38.251+0000] {logging_mixin.py:188} INFO - Response HTTP Status Code:  200
[2024-01-06T07:11:45.690+0000] {logging_mixin.py:188} INFO - Response HTTP Status Code:  200
[2024-01-06T07:11:53.473+0000] {logging_mixin.py:188} INFO - Response HTTP Status Code:  200
[2024-01-06T07:11:55.756+0000] {python.py:201} INFO - Done. Returned value was: None
[2024-01-06T07:11:55.911+0000] {taskinstance.py:1138} INFO - Marking task as SUCCESS. dag_id=job_process, task_id=get_indeed_data, execution_date=20240105T000000, start_date=20240106T071042, end_date=20240106T071155
[2024-01-06T07:11:56.159+0000] {local_task_job_runner.py:234} INFO - Task exited with return code 0
[2024-01-06T07:11:56.280+0000] {taskinstance.py:3281} INFO - 1 downstream tasks scheduled from follow-on schedule check
