[2024-01-03T17:10:26.819+0000] {taskinstance.py:1957} INFO - Dependencies all met for dep_context=non-requeueable deps ti=<TaskInstance: job_process.get_indeed_data manual__2024-01-03T17:10:21.052269+00:00 [queued]>
[2024-01-03T17:10:26.840+0000] {taskinstance.py:1957} INFO - Dependencies all met for dep_context=requeueable deps ti=<TaskInstance: job_process.get_indeed_data manual__2024-01-03T17:10:21.052269+00:00 [queued]>
[2024-01-03T17:10:26.842+0000] {taskinstance.py:2171} INFO - Starting attempt 1 of 1
[2024-01-03T17:10:26.873+0000] {taskinstance.py:2192} INFO - Executing <Task(PythonOperator): get_indeed_data> on 2024-01-03 17:10:21.052269+00:00
[2024-01-03T17:10:26.889+0000] {standard_task_runner.py:60} INFO - Started process 5158 to run task
[2024-01-03T17:10:26.998+0000] {standard_task_runner.py:87} INFO - Running: ['***', 'tasks', 'run', 'job_process', 'get_indeed_data', 'manual__2024-01-03T17:10:21.052269+00:00', '--job-id', '170', '--raw', '--subdir', 'DAGS_FOLDER/job_process.py', '--cfg-path', '/tmp/tmpe4xz6k6r']
[2024-01-03T17:10:27.021+0000] {standard_task_runner.py:88} INFO - Job 170: Subtask get_indeed_data
[2024-01-03T17:10:27.132+0000] {task_command.py:423} INFO - Running <TaskInstance: job_process.get_indeed_data manual__2024-01-03T17:10:21.052269+00:00 [running]> on host f01482236d7b
[2024-01-03T17:10:27.402+0000] {taskinstance.py:2481} INFO - Exporting env vars: AIRFLOW_CTX_DAG_OWNER='***' AIRFLOW_CTX_DAG_ID='job_process' AIRFLOW_CTX_TASK_ID='get_indeed_data' AIRFLOW_CTX_EXECUTION_DATE='2024-01-03T17:10:21.052269+00:00' AIRFLOW_CTX_TRY_NUMBER='1' AIRFLOW_CTX_DAG_RUN_ID='manual__2024-01-03T17:10:21.052269+00:00'
[2024-01-03T17:10:35.913+0000] {logging_mixin.py:188} INFO - Response HTTP Status Code:  500
[2024-01-03T17:10:42.720+0000] {logging_mixin.py:188} INFO - Response HTTP Status Code:  200
[2024-01-03T17:10:52.067+0000] {logging_mixin.py:188} INFO - Response HTTP Status Code:  500
[2024-01-03T17:11:00.292+0000] {logging_mixin.py:188} INFO - Response HTTP Status Code:  200
[2024-01-03T17:11:06.499+0000] {logging_mixin.py:188} INFO - Response HTTP Status Code:  200
[2024-01-03T17:11:21.035+0000] {logging_mixin.py:188} INFO - Response HTTP Status Code:  200
[2024-01-03T17:11:34.658+0000] {logging_mixin.py:188} INFO - Response HTTP Status Code:  200
[2024-01-03T17:11:42.866+0000] {logging_mixin.py:188} INFO - Response HTTP Status Code:  200
[2024-01-03T17:11:55.175+0000] {logging_mixin.py:188} INFO - Response HTTP Status Code:  200
[2024-01-03T17:12:02.398+0000] {logging_mixin.py:188} INFO - Response HTTP Status Code:  200
[2024-01-03T17:12:04.021+0000] {python.py:201} INFO - Done. Returned value was: None
[2024-01-03T17:12:04.035+0000] {taskinstance.py:1138} INFO - Marking task as SUCCESS. dag_id=job_process, task_id=get_indeed_data, execution_date=20240103T171021, start_date=20240103T171026, end_date=20240103T171204
[2024-01-03T17:12:04.103+0000] {local_task_job_runner.py:234} INFO - Task exited with return code 0
[2024-01-03T17:12:04.140+0000] {taskinstance.py:3281} INFO - 1 downstream tasks scheduled from follow-on schedule check
