[2024-01-06T07:21:16.959+0000] {taskinstance.py:1957} INFO - Dependencies all met for dep_context=non-requeueable deps ti=<TaskInstance: job_process.get_indeed_data manual__2024-01-06T07:21:03.852222+00:00 [queued]>
[2024-01-06T07:21:16.996+0000] {taskinstance.py:1957} INFO - Dependencies all met for dep_context=requeueable deps ti=<TaskInstance: job_process.get_indeed_data manual__2024-01-06T07:21:03.852222+00:00 [queued]>
[2024-01-06T07:21:16.997+0000] {taskinstance.py:2171} INFO - Starting attempt 1 of 1
[2024-01-06T07:21:17.044+0000] {taskinstance.py:2192} INFO - Executing <Task(PythonOperator): get_indeed_data> on 2024-01-06 07:21:03.852222+00:00
[2024-01-06T07:21:17.058+0000] {standard_task_runner.py:60} INFO - Started process 11100 to run task
[2024-01-06T07:21:17.108+0000] {standard_task_runner.py:87} INFO - Running: ['***', 'tasks', 'run', 'job_process', 'get_indeed_data', 'manual__2024-01-06T07:21:03.852222+00:00', '--job-id', '192', '--raw', '--subdir', 'DAGS_FOLDER/job_process.py', '--cfg-path', '/tmp/tmpjf5z7de2']
[2024-01-06T07:21:17.126+0000] {standard_task_runner.py:88} INFO - Job 192: Subtask get_indeed_data
[2024-01-06T07:21:17.958+0000] {task_command.py:423} INFO - Running <TaskInstance: job_process.get_indeed_data manual__2024-01-06T07:21:03.852222+00:00 [running]> on host f01482236d7b
[2024-01-06T07:21:18.296+0000] {taskinstance.py:2481} INFO - Exporting env vars: AIRFLOW_CTX_DAG_OWNER='***' AIRFLOW_CTX_DAG_ID='job_process' AIRFLOW_CTX_TASK_ID='get_indeed_data' AIRFLOW_CTX_EXECUTION_DATE='2024-01-06T07:21:03.852222+00:00' AIRFLOW_CTX_TRY_NUMBER='1' AIRFLOW_CTX_DAG_RUN_ID='manual__2024-01-06T07:21:03.852222+00:00'
[2024-01-06T07:21:23.281+0000] {logging_mixin.py:188} INFO - Response HTTP Status Code:  500
[2024-01-06T07:21:28.964+0000] {logging_mixin.py:188} INFO - Response HTTP Status Code:  200
[2024-01-06T07:21:38.468+0000] {logging_mixin.py:188} INFO - Response HTTP Status Code:  200
[2024-01-06T07:21:46.131+0000] {logging_mixin.py:188} INFO - Response HTTP Status Code:  200
[2024-01-06T07:21:54.789+0000] {logging_mixin.py:188} INFO - Response HTTP Status Code:  200
[2024-01-06T07:22:04.267+0000] {logging_mixin.py:188} INFO - Response HTTP Status Code:  200
[2024-01-06T07:22:16.352+0000] {logging_mixin.py:188} INFO - Response HTTP Status Code:  200
[2024-01-06T07:22:22.610+0000] {logging_mixin.py:188} INFO - Response HTTP Status Code:  200
[2024-01-06T07:22:36.172+0000] {logging_mixin.py:188} INFO - Response HTTP Status Code:  200
[2024-01-06T07:22:42.476+0000] {logging_mixin.py:188} INFO - Response HTTP Status Code:  200
[2024-01-06T07:22:44.125+0000] {python.py:201} INFO - Done. Returned value was: None
[2024-01-06T07:22:44.270+0000] {taskinstance.py:1138} INFO - Marking task as SUCCESS. dag_id=job_process, task_id=get_indeed_data, execution_date=20240106T072103, start_date=20240106T072116, end_date=20240106T072244
[2024-01-06T07:22:44.406+0000] {local_task_job_runner.py:234} INFO - Task exited with return code 0
[2024-01-06T07:22:44.475+0000] {taskinstance.py:3281} INFO - 1 downstream tasks scheduled from follow-on schedule check
