[2024-01-03T14:31:52.021+0000] {taskinstance.py:1957} INFO - Dependencies all met for dep_context=non-requeueable deps ti=<TaskInstance: job_process.get_indeed_data manual__2024-01-03T14:31:45.962704+00:00 [queued]>
[2024-01-03T14:31:52.060+0000] {taskinstance.py:1957} INFO - Dependencies all met for dep_context=requeueable deps ti=<TaskInstance: job_process.get_indeed_data manual__2024-01-03T14:31:45.962704+00:00 [queued]>
[2024-01-03T14:31:52.061+0000] {taskinstance.py:2171} INFO - Starting attempt 1 of 1
[2024-01-03T14:31:52.114+0000] {taskinstance.py:2192} INFO - Executing <Task(PythonOperator): get_indeed_data> on 2024-01-03 14:31:45.962704+00:00
[2024-01-03T14:31:52.143+0000] {standard_task_runner.py:60} INFO - Started process 3831 to run task
[2024-01-03T14:31:52.173+0000] {standard_task_runner.py:87} INFO - Running: ['***', 'tasks', 'run', 'job_process', 'get_indeed_data', 'manual__2024-01-03T14:31:45.962704+00:00', '--job-id', '168', '--raw', '--subdir', 'DAGS_FOLDER/job_process.py', '--cfg-path', '/tmp/tmp28dz5bbj']
[2024-01-03T14:31:52.196+0000] {standard_task_runner.py:88} INFO - Job 168: Subtask get_indeed_data
[2024-01-03T14:31:52.317+0000] {task_command.py:423} INFO - Running <TaskInstance: job_process.get_indeed_data manual__2024-01-03T14:31:45.962704+00:00 [running]> on host f01482236d7b
[2024-01-03T14:31:52.563+0000] {taskinstance.py:2481} INFO - Exporting env vars: AIRFLOW_CTX_DAG_OWNER='***' AIRFLOW_CTX_DAG_ID='job_process' AIRFLOW_CTX_TASK_ID='get_indeed_data' AIRFLOW_CTX_EXECUTION_DATE='2024-01-03T14:31:45.962704+00:00' AIRFLOW_CTX_TRY_NUMBER='1' AIRFLOW_CTX_DAG_RUN_ID='manual__2024-01-03T14:31:45.962704+00:00'
[2024-01-03T14:32:03.279+0000] {logging_mixin.py:188} INFO - Response HTTP Status Code:  200
[2024-01-03T14:32:12.654+0000] {logging_mixin.py:188} INFO - Response HTTP Status Code:  200
[2024-01-03T14:32:25.116+0000] {logging_mixin.py:188} INFO - Response HTTP Status Code:  200
[2024-01-03T14:32:31.539+0000] {logging_mixin.py:188} INFO - Response HTTP Status Code:  500
[2024-01-03T14:32:42.271+0000] {logging_mixin.py:188} INFO - Response HTTP Status Code:  200
[2024-01-03T14:32:47.239+0000] {logging_mixin.py:188} INFO - Response HTTP Status Code:  200
[2024-01-03T14:32:59.545+0000] {logging_mixin.py:188} INFO - Response HTTP Status Code:  200
[2024-01-03T14:33:12.748+0000] {logging_mixin.py:188} INFO - Response HTTP Status Code:  500
[2024-01-03T14:33:26.235+0000] {logging_mixin.py:188} INFO - Response HTTP Status Code:  200
[2024-01-03T14:33:39.644+0000] {logging_mixin.py:188} INFO - Response HTTP Status Code:  200
[2024-01-03T14:33:41.514+0000] {python.py:201} INFO - Done. Returned value was: None
[2024-01-03T14:33:41.537+0000] {taskinstance.py:1138} INFO - Marking task as SUCCESS. dag_id=job_process, task_id=get_indeed_data, execution_date=20240103T143145, start_date=20240103T143152, end_date=20240103T143341
[2024-01-03T14:33:41.601+0000] {local_task_job_runner.py:234} INFO - Task exited with return code 0
[2024-01-03T14:33:41.626+0000] {taskinstance.py:3281} INFO - 0 downstream tasks scheduled from follow-on schedule check
