[2024-01-05T08:33:57.143+0000] {taskinstance.py:1957} INFO - Dependencies all met for dep_context=non-requeueable deps ti=<TaskInstance: job_process.get_indeed_data scheduled__2024-01-04T00:00:00+00:00 [queued]>
[2024-01-05T08:33:57.202+0000] {taskinstance.py:1957} INFO - Dependencies all met for dep_context=requeueable deps ti=<TaskInstance: job_process.get_indeed_data scheduled__2024-01-04T00:00:00+00:00 [queued]>
[2024-01-05T08:33:57.202+0000] {taskinstance.py:2171} INFO - Starting attempt 1 of 1
[2024-01-05T08:33:57.255+0000] {taskinstance.py:2192} INFO - Executing <Task(PythonOperator): get_indeed_data> on 2024-01-04 00:00:00+00:00
[2024-01-05T08:33:57.272+0000] {standard_task_runner.py:60} INFO - Started process 8066 to run task
[2024-01-05T08:33:57.343+0000] {standard_task_runner.py:87} INFO - Running: ['***', 'tasks', 'run', 'job_process', 'get_indeed_data', 'scheduled__2024-01-04T00:00:00+00:00', '--job-id', '186', '--raw', '--subdir', 'DAGS_FOLDER/job_process.py', '--cfg-path', '/tmp/tmpkkpaovve']
[2024-01-05T08:33:57.375+0000] {standard_task_runner.py:88} INFO - Job 186: Subtask get_indeed_data
[2024-01-05T08:33:57.619+0000] {task_command.py:423} INFO - Running <TaskInstance: job_process.get_indeed_data scheduled__2024-01-04T00:00:00+00:00 [running]> on host f01482236d7b
[2024-01-05T08:33:58.008+0000] {taskinstance.py:2481} INFO - Exporting env vars: AIRFLOW_CTX_DAG_OWNER='***' AIRFLOW_CTX_DAG_ID='job_process' AIRFLOW_CTX_TASK_ID='get_indeed_data' AIRFLOW_CTX_EXECUTION_DATE='2024-01-04T00:00:00+00:00' AIRFLOW_CTX_TRY_NUMBER='1' AIRFLOW_CTX_DAG_RUN_ID='scheduled__2024-01-04T00:00:00+00:00'
[2024-01-05T08:34:02.986+0000] {logging_mixin.py:188} INFO - Response HTTP Status Code:  200
[2024-01-05T08:34:10.240+0000] {logging_mixin.py:188} INFO - Response HTTP Status Code:  200
[2024-01-05T08:34:25.264+0000] {logging_mixin.py:188} INFO - Response HTTP Status Code:  200
[2024-01-05T08:34:31.686+0000] {logging_mixin.py:188} INFO - Response HTTP Status Code:  500
[2024-01-05T08:34:42.103+0000] {logging_mixin.py:188} INFO - Response HTTP Status Code:  200
[2024-01-05T08:34:47.042+0000] {logging_mixin.py:188} INFO - Response HTTP Status Code:  200
[2024-01-05T08:34:52.703+0000] {logging_mixin.py:188} INFO - Response HTTP Status Code:  200
[2024-01-05T08:34:57.037+0000] {logging_mixin.py:188} INFO - Response HTTP Status Code:  200
[2024-01-05T08:35:05.452+0000] {logging_mixin.py:188} INFO - Response HTTP Status Code:  200
[2024-01-05T08:35:11.272+0000] {logging_mixin.py:188} INFO - Response HTTP Status Code:  200
[2024-01-05T08:35:12.775+0000] {python.py:201} INFO - Done. Returned value was: None
[2024-01-05T08:35:12.801+0000] {taskinstance.py:1138} INFO - Marking task as SUCCESS. dag_id=job_process, task_id=get_indeed_data, execution_date=20240104T000000, start_date=20240105T083357, end_date=20240105T083512
[2024-01-05T08:35:12.893+0000] {local_task_job_runner.py:234} INFO - Task exited with return code 0
[2024-01-05T08:35:12.970+0000] {taskinstance.py:3281} INFO - 1 downstream tasks scheduled from follow-on schedule check
