[2024-01-03T07:31:35.141+0000] {taskinstance.py:1957} INFO - Dependencies all met for dep_context=non-requeueable deps ti=<TaskInstance: job_process.get_data manual__2024-01-03T07:31:22.330130+00:00 [queued]>
[2024-01-03T07:31:35.171+0000] {taskinstance.py:1957} INFO - Dependencies all met for dep_context=requeueable deps ti=<TaskInstance: job_process.get_data manual__2024-01-03T07:31:22.330130+00:00 [queued]>
[2024-01-03T07:31:35.172+0000] {taskinstance.py:2171} INFO - Starting attempt 1 of 1
[2024-01-03T07:31:35.224+0000] {taskinstance.py:2192} INFO - Executing <Task(PythonOperator): get_data> on 2024-01-03 07:31:22.330130+00:00
[2024-01-03T07:31:35.245+0000] {standard_task_runner.py:60} INFO - Started process 96 to run task
[2024-01-03T07:31:35.258+0000] {standard_task_runner.py:87} INFO - Running: ['***', 'tasks', 'run', 'job_process', 'get_data', 'manual__2024-01-03T07:31:22.330130+00:00', '--job-id', '158', '--raw', '--subdir', 'DAGS_FOLDER/job_process.py', '--cfg-path', '/tmp/tmpg8znmz6l']
[2024-01-03T07:31:35.266+0000] {standard_task_runner.py:88} INFO - Job 158: Subtask get_data
[2024-01-03T07:31:35.426+0000] {task_command.py:423} INFO - Running <TaskInstance: job_process.get_data manual__2024-01-03T07:31:22.330130+00:00 [running]> on host f01482236d7b
[2024-01-03T07:31:35.851+0000] {taskinstance.py:2481} INFO - Exporting env vars: AIRFLOW_CTX_DAG_OWNER='***' AIRFLOW_CTX_DAG_ID='job_process' AIRFLOW_CTX_TASK_ID='get_data' AIRFLOW_CTX_EXECUTION_DATE='2024-01-03T07:31:22.330130+00:00' AIRFLOW_CTX_TRY_NUMBER='1' AIRFLOW_CTX_DAG_RUN_ID='manual__2024-01-03T07:31:22.330130+00:00'
[2024-01-03T07:33:14.754+0000] {logging_mixin.py:188} INFO - []
[2024-01-03T07:33:14.756+0000] {logging_mixin.py:188} INFO - [None]
[2024-01-03T07:33:17.651+0000] {logging_mixin.py:188} INFO - ['1', 'Bitcoin', 'BTC', '$45,382.89', '0.24%', '0.10%', '6.90%', '$888,698,087,653', '$31,020,447,055', '683,761 BTC', '19,588,193 BTC']
[2024-01-03T07:33:17.652+0000] {logging_mixin.py:188} INFO - ['1', 'Bitcoin', 'BTC', None, '$45,382.89', '0.24%', '0.10%', '6.90%', '$888,698,087,653', '$31,020,447,055', '683,761 BTC', '19,588,193 BTC']
[2024-01-03T07:33:22.821+0000] {logging_mixin.py:188} INFO - ['2', 'Ethereum', 'ETH', '$2,379.99', '0.05%', '0.04%', '6.88%', '$285,985,981,428', '$11,522,922,364', '4,841,514 ETH', '120,185,496 ETH']
[2024-01-03T07:33:22.821+0000] {logging_mixin.py:188} INFO - ['2', 'Ethereum', 'ETH', None, '$2,379.99', '0.05%', '0.04%', '6.88%', '$285,985,981,428', '$11,522,922,364', '4,841,514 ETH', '120,185,496 ETH']
[2024-01-03T07:33:26.331+0000] {logging_mixin.py:188} INFO - ['3', 'Tether USDt', 'USDT', '$1.00', '0.03%', '0.02%', '0.04%', '$92,096,390,770', '$52,139,350,645', '52,107,602,818 USDT', '92,047,993,063 USDT']
[2024-01-03T07:33:26.331+0000] {logging_mixin.py:188} INFO - ['3', 'Tether USDt', 'USDT', None, '$1.00', '0.03%', '0.02%', '0.04%', '$92,096,390,770', '$52,139,350,645', '52,107,602,818 USDT', '92,047,993,063 USDT']
[2024-01-03T07:33:26.816+0000] {logging_mixin.py:188} INFO - ['4', 'BNB', 'BNB', '$319.44', '0.10%', '0.54%', '8.23%', '$48,446,959,688', '$1,083,483,377', '3,393,507 BNB', '151,691,799 BNB']
[2024-01-03T07:33:26.819+0000] {logging_mixin.py:188} INFO - ['4', 'BNB', 'BNB', None, '$319.44', '0.10%', '0.54%', '8.23%', '$48,446,959,688', '$1,083,483,377', '3,393,507 BNB', '151,691,799 BNB']
[2024-01-03T07:33:27.922+0000] {logging_mixin.py:188} INFO - ['5', 'Solana', 'SOL', '$109.58', '0.19%', '4.19%', '1.65%', '$47,119,778,870', '$3,305,349,397', '30,174,053 SOL', '430,016,143 SOL']
[2024-01-03T07:33:27.923+0000] {logging_mixin.py:188} INFO - ['5', 'Solana', 'SOL', None, '$109.58', '0.19%', '4.19%', '1.65%', '$47,119,778,870', '$3,305,349,397', '30,174,053 SOL', '430,016,143 SOL']
[2024-01-03T07:33:29.612+0000] {logging_mixin.py:188} INFO - ['6', 'XRP', 'XRP', '$0.6354', '0.15%', '0.64%', '2.17%', '$34,366,674,973', '$1,363,731,047', '2,146,090,853 XRP', '54,125,149,173 XRP']
[2024-01-03T07:33:29.613+0000] {logging_mixin.py:188} INFO - ['6', 'XRP', 'XRP', None, '$0.6354', '0.15%', '0.64%', '2.17%', '$34,366,674,973', '$1,363,731,047', '2,146,090,853 XRP', '54,125,149,173 XRP']
[2024-01-03T07:33:30.030+0000] {logging_mixin.py:188} INFO - ['7', 'USDC', 'USDC', '$1.00', '0.01%', '0.05%', '0.01%', '$24,800,058,448', '$6,326,248,577', '6,324,384,958 USDC', '24,791,694,105 USDC']
[2024-01-03T07:33:30.031+0000] {logging_mixin.py:188} INFO - ['7', 'USDC', 'USDC', None, '$1.00', '0.01%', '0.05%', '0.01%', '$24,800,058,448', '$6,326,248,577', '6,324,384,958 USDC', '24,791,694,105 USDC']
[2024-01-03T07:33:30.700+0000] {logging_mixin.py:188} INFO - ['8', 'Cardano', 'ADA', '$0.6156', '0.27%', '1.62%', '3.39%', '$21,775,969,818', '$543,265,776', '882,562,419 ADA', '35,367,635,183 ADA']
[2024-01-03T07:33:30.701+0000] {logging_mixin.py:188} INFO - ['8', 'Cardano', 'ADA', None, '$0.6156', '0.27%', '1.62%', '3.39%', '$21,775,969,818', '$543,265,776', '882,562,419 ADA', '35,367,635,183 ADA']
[2024-01-03T07:33:31.528+0000] {logging_mixin.py:188} INFO - ['9', 'Avalanche', 'AVAX', '$41.14', '0.41%', '3.17%', '4.88%', '$15,085,763,367', '$743,407,888', '18,071,650 AVAX', '366,382,638 AVAX']
[2024-01-03T07:33:31.529+0000] {logging_mixin.py:188} INFO - ['9', 'Avalanche', 'AVAX', None, '$41.14', '0.41%', '3.17%', '4.88%', '$15,085,763,367', '$743,407,888', '18,071,650 AVAX', '366,382,638 AVAX']
[2024-01-03T07:33:32.374+0000] {logging_mixin.py:188} INFO - ['10', 'Dogecoin', 'DOGE', '$0.09194', '0.26%', '1.15%', '0.42%', '$13,094,628,647', '$445,102,334', '4,841,479,937 DOGE', '142,497,006,384 DOGE']
[2024-01-03T07:33:32.375+0000] {logging_mixin.py:188} INFO - ['10', 'Dogecoin', 'DOGE', None, '$0.09194', '0.26%', '1.15%', '0.42%', '$13,094,628,647', '$445,102,334', '4,841,479,937 DOGE', '142,497,006,384 DOGE']
[2024-01-03T07:33:33.650+0000] {logging_mixin.py:188} INFO - ['11', 'Polkadot', 'DOT', '$8.55', '0.03%', '1.45%', '1.25%', '$10,798,210,412', '$312,959,178', '36,601,570 DOT', '1,263,448,804 DOT']
[2024-01-03T07:33:33.653+0000] {logging_mixin.py:188} INFO - ['11', 'Polkadot', 'DOT', None, '$8.55', '0.03%', '1.45%', '1.25%', '$10,798,210,412', '$312,959,178', '36,601,570 DOT', '1,263,448,804 DOT']
[2024-01-03T07:33:34.125+0000] {logging_mixin.py:188} INFO - ['12', 'TRON', 'TRX', '$0.1095', '0.14%', '0.82%', '6.01%', '$9,672,093,372', '$270,583,945', '2,471,382,729 TRX', '88,309,529,518 TRX']
[2024-01-03T07:33:34.126+0000] {logging_mixin.py:188} INFO - ['12', 'TRON', 'TRX', None, '$0.1095', '0.14%', '0.82%', '6.01%', '$9,672,093,372', '$270,583,945', '2,471,382,729 TRX', '88,309,529,518 TRX']
[2024-01-03T07:33:34.681+0000] {logging_mixin.py:188} INFO - ['13', 'Polygon', 'MATIC', '$0.9857', '0.09%', '2.94%', '5.87%', '$9,422,860,785', '$524,752,440', '532,792,795 MATIC', '9,555,244,231 MATIC']
[2024-01-03T07:33:34.685+0000] {logging_mixin.py:188} INFO - ['13', 'Polygon', 'MATIC', None, '$0.9857', '0.09%', '2.94%', '5.87%', '$9,422,860,785', '$524,752,440', '532,792,795 MATIC', '9,555,244,231 MATIC']
[2024-01-03T07:33:34.963+0000] {logging_mixin.py:188} INFO - ['14', 'Chainlink', 'LINK', '$15.46', '0.45%', '2.39%', '3.65%', '$8,784,169,925', '$438,143,947', '28,346,344 LINK', '568,099,970 LINK']
[2024-01-03T07:33:34.965+0000] {logging_mixin.py:188} INFO - ['14', 'Chainlink', 'LINK', None, '$15.46', '0.45%', '2.39%', '3.65%', '$8,784,169,925', '$438,143,947', '28,346,344 LINK', '568,099,970 LINK']
[2024-01-03T07:33:35.593+0000] {logging_mixin.py:188} INFO - ['15', 'Toncoin', 'TON', '$2.29', '0.55%', '3.79%', '5.66%', '$7,924,220,146', '$65,150,259', '28,472,582 TON', '3,455,992,402 TON']
[2024-01-03T07:33:35.594+0000] {logging_mixin.py:188} INFO - ['15', 'Toncoin', 'TON', None, '$2.29', '0.55%', '3.79%', '5.66%', '$7,924,220,146', '$65,150,259', '28,472,582 TON', '3,455,992,402 TON']
[2024-01-03T07:33:35.942+0000] {logging_mixin.py:188} INFO - ['16', 'Internet Computer', 'ICP', '$15.36', '2.18%', '15.26%', '72.96%', '$6,991,885,110', '$594,740,897', '38,625,563 ICP', '454,224,075 ICP']
[2024-01-03T07:33:35.944+0000] {logging_mixin.py:188} INFO - ['16', 'Internet Computer', 'ICP', None, '$15.36', '2.18%', '15.26%', '72.96%', '$6,991,885,110', '$594,740,897', '38,625,563 ICP', '454,224,075 ICP']
[2024-01-03T07:33:36.832+0000] {logging_mixin.py:188} INFO - ['17', 'Shiba Inu', 'SHIB', '$0.00001063', '0.23%', '1.31%', '1.43%', '$6,264,542,581', '$160,173,544', '15,061,047,845,666 SHIB', '589,300,102,117,121 SHIB']
[2024-01-03T07:33:36.834+0000] {logging_mixin.py:188} INFO - ['17', 'Shiba Inu', 'SHIB', None, '$0.00001063', '0.23%', '1.31%', '1.43%', '$6,264,542,581', '$160,173,544', '15,061,047,845,666 SHIB', '589,300,102,117,121 SHIB']
[2024-01-03T07:33:37.521+0000] {logging_mixin.py:188} INFO - ['18', 'Litecoin', 'LTC', '$73.55', '0.21%', '1.61%', '0.06%', '$5,446,952,310', '$336,527,679', '4,584,860 LTC', '74,051,313 LTC']
[2024-01-03T07:33:37.522+0000] {logging_mixin.py:188} INFO - ['18', 'Litecoin', 'LTC', None, '$73.55', '0.21%', '1.61%', '0.06%', '$5,446,952,310', '$336,527,679', '4,584,860 LTC', '74,051,313 LTC']
[2024-01-03T07:33:38.481+0000] {logging_mixin.py:188} INFO - ['19', 'Dai', 'DAI', '$1.00', '0.04%', '0.04%', '0.01%', '$5,349,260,262', '$280,745,877', '280,709,962 DAI', '5,347,888,596 DAI']
[2024-01-03T07:33:38.483+0000] {logging_mixin.py:188} INFO - ['19', 'Dai', 'DAI', None, '$1.00', '0.04%', '0.04%', '0.01%', '$5,349,260,262', '$280,745,877', '280,709,962 DAI', '5,347,888,596 DAI']
[2024-01-03T07:33:38.595+0000] {logging_mixin.py:188} INFO - ['20', 'Bitcoin Cash', 'BCH', '$266.17', '2.37%', '0.28%', '11.84%', '$5,207,766,289', '$260,794,422', '1,004,572 BCH', '19,603,381 BCH']
[2024-01-03T07:33:38.599+0000] {logging_mixin.py:188} INFO - ['20', 'Bitcoin Cash', 'BCH', None, '$266.17', '2.37%', '0.28%', '11.84%', '$5,207,766,289', '$260,794,422', '1,004,572 BCH', '19,603,381 BCH']
[2024-01-03T07:33:39.140+0000] {logging_mixin.py:188} INFO - ['21', 'Uniswap', 'UNI', '$7.33', '0.21%', '3.67%', '2.12%', '$4,387,048,753', '$137,588,276', '18,792,219 UNI', '598,187,016 UNI']
[2024-01-03T07:33:39.148+0000] {logging_mixin.py:188} INFO - ['21', 'Uniswap', 'UNI', None, '$7.33', '0.21%', '3.67%', '2.12%', '$4,387,048,753', '$137,588,276', '18,792,219 UNI', '598,187,016 UNI']
[2024-01-03T07:33:39.898+0000] {logging_mixin.py:188} INFO - ['22', 'Cosmos', 'ATOM', '$11.23', '0.28%', '0.54%', '1.07%', '$4,280,924,246', '$175,797,495', '15,640,121 ATOM', '381,313,350 ATOM']
[2024-01-03T07:33:39.900+0000] {logging_mixin.py:188} INFO - ['22', 'Cosmos', 'ATOM', None, '$11.23', '0.28%', '0.54%', '1.07%', '$4,280,924,246', '$175,797,495', '15,640,121 ATOM', '381,313,350 ATOM']
[2024-01-03T07:33:40.556+0000] {logging_mixin.py:188} INFO - ['23', 'NEAR Protocol', 'NEAR', '$3.99', '1.12%', '2.12%', '3.63%', '$4,008,909,475', '$575,138,706', '144,079,275 NEAR', '1,004,666,471 NEAR']
[2024-01-03T07:33:40.561+0000] {logging_mixin.py:188} INFO - ['23', 'NEAR Protocol', 'NEAR', None, '$3.99', '1.12%', '2.12%', '3.63%', '$4,008,909,475', '$575,138,706', '144,079,275 NEAR', '1,004,666,471 NEAR']
[2024-01-03T07:33:40.912+0000] {logging_mixin.py:188} INFO - ['24', 'Stellar', 'XLM', '$0.1319', '0.36%', '0.22%', '4.65%', '$3,724,988,502', '$85,760,324', '648,996,833 XLM', '28,284,118,144 XLM']
[2024-01-03T07:33:40.914+0000] {logging_mixin.py:188} INFO - ['24', 'Stellar', 'XLM', None, '$0.1319', '0.36%', '0.22%', '4.65%', '$3,724,988,502', '$85,760,324', '648,996,833 XLM', '28,284,118,144 XLM']
[2024-01-03T07:33:41.895+0000] {logging_mixin.py:188} INFO - ['25', 'Filecoin', 'FIL', '$7.57', '0.19%', '0.72%', '33.44%', '$3,716,675,513', '$608,884,783', '80,157,713 FIL', '491,134,752 FIL']
[2024-01-03T07:33:41.898+0000] {logging_mixin.py:188} INFO - ['25', 'Filecoin', 'FIL', None, '$7.57', '0.19%', '0.72%', '33.44%', '$3,716,675,513', '$608,884,783', '80,157,713 FIL', '491,134,752 FIL']
[2024-01-03T07:33:42.404+0000] {logging_mixin.py:188} INFO - ['26', 'UNUS SED LEO', 'LEO', '$3.98', '0.07%', '0.04%', '0.70%', '$3,703,426,388', '$828,531', '208,031 LEO', '928,047,974 LEO']
[2024-01-03T07:33:42.405+0000] {logging_mixin.py:188} INFO - ['26', 'UNUS SED LEO', 'LEO', None, '$3.98', '0.07%', '0.04%', '0.70%', '$3,703,426,388', '$828,531', '208,031 LEO', '928,047,974 LEO']
[2024-01-03T07:33:43.176+0000] {logging_mixin.py:188} INFO - ['27', 'Optimism', 'OP', '$3.90', '0.26%', '0.45%', '20.66%', '$3,554,711,085', '$442,436,349', '113,494,528 OP', '911,294,948 OP']
[2024-01-03T07:33:43.177+0000] {logging_mixin.py:188} INFO - ['27', 'Optimism', 'OP', None, '$3.90', '0.26%', '0.45%', '20.66%', '$3,554,711,085', '$442,436,349', '113,494,528 OP', '911,294,948 OP']
[2024-01-03T07:33:44.807+0000] {logging_mixin.py:188} INFO - ['28', 'OKB', 'OKB', '$56.02', '0.08%', '0.72%', '3.05%', '$3,360,810,085', '$6,446,424', '114,965 OKB', '60,000,000 OKB']
[2024-01-03T07:33:44.808+0000] {logging_mixin.py:188} INFO - ['28', 'OKB', 'OKB', None, '$56.02', '0.08%', '0.72%', '3.05%', '$3,360,810,085', '$6,446,424', '114,965 OKB', '60,000,000 OKB']
[2024-01-03T07:33:45.227+0000] {logging_mixin.py:188} INFO - ['29', 'Ethereum Classic', 'ETC', '$22.41', '0.69%', '1.44%', '5.13%', '$3,245,344,752', '$207,034,960', '9,289,539 ETC', '144,847,246 ETC']
[2024-01-03T07:33:45.228+0000] {logging_mixin.py:188} INFO - ['29', 'Ethereum Classic', 'ETC', None, '$22.41', '0.69%', '1.44%', '5.13%', '$3,245,344,752', '$207,034,960', '9,289,539 ETC', '144,847,246 ETC']
[2024-01-03T07:33:49.492+0000] {logging_mixin.py:188} INFO - ['30', 'Hedera', 'HBAR', '$0.09477', '0.91%', '0.92%', '8.48%', '$3,187,357,303', '$204,004,975', '2,148,631,428 HBAR', '33,627,884,869 HBAR']
[2024-01-03T07:33:49.494+0000] {logging_mixin.py:188} INFO - ['30', 'Hedera', 'HBAR', None, '$0.09477', '0.91%', '0.92%', '8.48%', '$3,187,357,303', '$204,004,975', '2,148,631,428 HBAR', '33,627,884,869 HBAR']
[2024-01-03T07:33:50.880+0000] {logging_mixin.py:188} INFO - ['31', 'Injective', 'INJ', '$37.44', '0.12%', '3.74%', '1.05%', '$3,130,028,391', '$194,222,263', '5,173,854 INJ', '83,755,556 INJ']
[2024-01-03T07:33:50.885+0000] {logging_mixin.py:188} INFO - ['31', 'Injective', 'INJ', None, '$37.44', '0.12%', '3.74%', '1.05%', '$3,130,028,391', '$194,222,263', '5,173,854 INJ', '83,755,556 INJ']
[2024-01-03T07:34:06.403+0000] {logging_mixin.py:188} INFO - ['32', 'Aptos', 'APT', '$10.18', '0.25%', '0.51%', '0.47%', '$3,136,617,514', '$202,644,300', '19,868,115 APT', '307,919,492 APT']
[2024-01-03T07:34:06.406+0000] {logging_mixin.py:188} INFO - ['32', 'Aptos', 'APT', None, '$10.18', '0.25%', '0.51%', '0.47%', '$3,136,617,514', '$202,644,300', '19,868,115 APT', '307,919,492 APT']
[2024-01-03T07:34:09.345+0000] {logging_mixin.py:188} INFO - ['33', 'Monero', 'XMR', '$168.88', '0.69%', '1.15%', '3.94%', '$3,104,075,178', '$118,730,911', '703,399 XMR', '18,379,395 XMR']
[2024-01-03T07:34:09.347+0000] {logging_mixin.py:188} INFO - ['33', 'Monero', 'XMR', None, '$168.88', '0.69%', '1.15%', '3.94%', '$3,104,075,178', '$118,730,911', '703,399 XMR', '18,379,395 XMR']
[2024-01-03T07:34:10.266+0000] {logging_mixin.py:188} INFO - ['34', 'Immutable', 'IMX', '$2.34', '0.09%', '0.49%', '0.02%', '$3,091,516,311', '$109,801,012', '46,918,144 IMX', '1,321,989,537 IMX']
[2024-01-03T07:34:10.289+0000] {logging_mixin.py:188} INFO - ['34', 'Immutable', 'IMX', None, '$2.34', '0.09%', '0.49%', '0.02%', '$3,091,516,311', '$109,801,012', '46,918,144 IMX', '1,321,989,537 IMX']
[2024-01-03T07:34:10.543+0000] {logging_mixin.py:188} INFO - ['35', 'Lido DAO', 'LDO', '$2.97', '0.12%', '3.24%', '24.46%', '$2,647,759,824', '$121,402,214', '40,868,221 LDO', '890,180,116 LDO']
[2024-01-03T07:34:10.544+0000] {logging_mixin.py:188} INFO - ['35', 'Lido DAO', 'LDO', None, '$2.97', '0.12%', '3.24%', '24.46%', '$2,647,759,824', '$121,402,214', '40,868,221 LDO', '890,180,116 LDO']
[2024-01-03T07:34:10.764+0000] {logging_mixin.py:188} INFO - ['36', 'Cronos', 'CRO', '$0.1043', '0.55%', '2.41%', '7.56%', '$2,634,573,093', '$23,209,551', '222,905,893 CRO', '25,263,013,692 CRO']
[2024-01-03T07:34:10.764+0000] {logging_mixin.py:188} INFO - ['36', 'Cronos', 'CRO', None, '$0.1043', '0.55%', '2.41%', '7.56%', '$2,634,573,093', '$23,209,551', '222,905,893 CRO', '25,263,013,692 CRO']
[2024-01-03T07:34:11.225+0000] {logging_mixin.py:188} INFO - ['37', 'Kaspa', 'KAS', '$0.1178', '0.06%', '1.05%', '12.94%', '$2,606,473,293', '$34,871,226', '296,654,560 KAS', '22,168,288,560 KAS']
[2024-01-03T07:34:11.226+0000] {logging_mixin.py:188} INFO - ['37', 'Kaspa', 'KAS', None, '$0.1178', '0.06%', '1.05%', '12.94%', '$2,606,473,293', '$34,871,226', '296,654,560 KAS', '22,168,288,560 KAS']
[2024-01-03T07:34:11.528+0000] {logging_mixin.py:188} INFO - ['38', 'VeChain', 'VET', '$0.03545', '0.18%', '2.97%', '3.77%', '$2,578,260,853', '$50,071,490', '1,412,065,495 VET', '72,714,516,834 VET']
[2024-01-03T07:34:11.529+0000] {logging_mixin.py:188} INFO - ['38', 'VeChain', 'VET', None, '$0.03545', '0.18%', '2.97%', '3.77%', '$2,578,260,853', '$50,071,490', '1,412,065,495 VET', '72,714,516,834 VET']
[2024-01-03T07:34:11.989+0000] {logging_mixin.py:188} INFO - ['39', 'Arbitrum', 'ARB', '$1.93', '0.67%', '12.02%', '48.29%', '$2,457,160,242', '$1,525,115,498', '792,663,621 ARB', '1,275,000,000 ARB']
[2024-01-03T07:34:11.990+0000] {logging_mixin.py:188} INFO - ['39', 'Arbitrum', 'ARB', None, '$1.93', '0.67%', '12.02%', '48.29%', '$2,457,160,242', '$1,525,115,498', '792,663,621 ARB', '1,275,000,000 ARB']
[2024-01-03T07:34:12.399+0000] {logging_mixin.py:188} INFO - ['40', 'TrueUSD', 'TUSD', '$0.9988', '0.03%', '0.13%', '0.14%', '$2,302,400,793', '$301,337,058', '301,678,393 TUSD', '2,305,149,998 TUSD']
[2024-01-03T07:34:12.400+0000] {logging_mixin.py:188} INFO - ['40', 'TrueUSD', 'TUSD', None, '$0.9988', '0.03%', '0.13%', '0.14%', '$2,302,400,793', '$301,337,058', '301,678,393 TUSD', '2,305,149,998 TUSD']
[2024-01-03T07:34:13.310+0000] {logging_mixin.py:188} INFO - ['41', 'Stacks', 'STX', '$1.55', '0.78%', '9.71%', '2.02%', '$2,223,543,925', '$210,679,497', '135,751,497 STX', '1,430,393,129 STX']
[2024-01-03T07:34:13.310+0000] {logging_mixin.py:188} INFO - ['41', 'Stacks', 'STX', None, '$1.55', '0.78%', '9.71%', '2.02%', '$2,223,543,925', '$210,679,497', '135,751,497 STX', '1,430,393,129 STX']
[2024-01-03T07:34:13.637+0000] {logging_mixin.py:188} INFO - ['42', 'Mantle', 'MNT', '$0.6868', '0.03%', '4.51%', '17.18%', '$2,151,471,464', '$209,511,240', '303,786,929 MNT', '3,133,336,263 MNT']
[2024-01-03T07:34:13.638+0000] {logging_mixin.py:188} INFO - ['42', 'Mantle', 'MNT', None, '$0.6868', '0.03%', '4.51%', '17.18%', '$2,151,471,464', '$209,511,240', '303,786,929 MNT', '3,133,336,263 MNT']
[2024-01-03T07:34:13.858+0000] {logging_mixin.py:188} INFO - ['43', 'Celestia', 'TIA', '$13.01', '0.20%', '2.55%', '6.37%', '$2,012,905,123', '$229,636,840', '17,651,054 TIA', '154,851,747 TIA']
[2024-01-03T07:34:13.859+0000] {logging_mixin.py:188} INFO - ['43', 'Celestia', 'TIA', None, '$13.01', '0.20%', '2.55%', '6.37%', '$2,012,905,123', '$229,636,840', '17,651,054 TIA', '154,851,747 TIA']
[2024-01-03T07:34:14.144+0000] {logging_mixin.py:188} INFO - ['44', 'THORChain', 'RUNE', '$5.95', '0.26%', '2.93%', '10.05%', '$2,010,942,614', '$369,941,923', '62,292,393 RUNE', '337,692,565 RUNE']
[2024-01-03T07:34:14.145+0000] {logging_mixin.py:188} INFO - ['44', 'THORChain', 'RUNE', None, '$5.95', '0.26%', '2.93%', '10.05%', '$2,010,942,614', '$369,941,923', '62,292,393 RUNE', '337,692,565 RUNE']
[2024-01-03T07:34:14.587+0000] {logging_mixin.py:188} INFO - ['45', 'The Graph', 'GRT', '$0.2098', '0.49%', '4.93%', '12.11%', '$1,964,005,521', '$108,545,497', '516,816,798 GRT', '9,363,997,451 GRT']
[2024-01-03T07:34:14.588+0000] {logging_mixin.py:188} INFO - ['45', 'The Graph', 'GRT', None, '$0.2098', '0.49%', '4.93%', '12.11%', '$1,964,005,521', '$108,545,497', '516,816,798 GRT', '9,363,997,451 GRT']
[2024-01-03T07:34:14.848+0000] {logging_mixin.py:188} INFO - ['46', 'Bitcoin SV', 'BSV', '$97.19', '0.67%', '5.63%', '69.40%', '$1,904,576,245', '$258,847,754', '2,704,476 BSV', '19,596,500 BSV']
[2024-01-03T07:34:14.849+0000] {logging_mixin.py:188} INFO - ['46', 'Bitcoin SV', 'BSV', None, '$97.19', '0.67%', '5.63%', '69.40%', '$1,904,576,245', '$258,847,754', '2,704,476 BSV', '19,596,500 BSV']
[2024-01-03T07:34:15.056+0000] {logging_mixin.py:188} INFO - ['47', 'MultiversX', 'EGLD', '$70.41', '0.16%', '0.98%', '0.43%', '$1,857,755,660', '$62,471,390', '886,365 EGLD', '26,403,434 EGLD']
[2024-01-03T07:34:15.064+0000] {logging_mixin.py:188} INFO - ['47', 'MultiversX', 'EGLD', None, '$70.41', '0.16%', '0.98%', '0.43%', '$1,857,755,660', '$62,471,390', '886,365 EGLD', '26,403,434 EGLD']
[2024-01-03T07:34:15.575+0000] {logging_mixin.py:188} INFO - ['48', 'Algorand', 'ALGO', '$0.2275', '0.53%', '4.43%', '0.96%', '$1,820,433,192', '$97,888,697', '429,988,670 ALGO', '8,002,095,793 ALGO']
[2024-01-03T07:34:15.576+0000] {logging_mixin.py:188} INFO - ['48', 'Algorand', 'ALGO', None, '$0.2275', '0.53%', '4.43%', '0.96%', '$1,820,433,192', '$97,888,697', '429,988,670 ALGO', '8,002,095,793 ALGO']
[2024-01-03T07:34:15.749+0000] {logging_mixin.py:188} INFO - ['49', 'First Digital USD', 'FDUSD', '$1.00', '0.04%', '0.08%', '0.05%', '$1,800,924,283', '$3,444,568,661', '3,445,177,027 FDUSD', '1,801,091,267 FDUSD']
[2024-01-03T07:34:15.752+0000] {logging_mixin.py:188} INFO - ['49', 'First Digital USD', 'FDUSD', None, '$1.00', '0.04%', '0.08%', '0.05%', '$1,800,924,283', '$3,444,568,661', '3,445,177,027 FDUSD', '1,801,091,267 FDUSD']
[2024-01-03T07:34:15.936+0000] {logging_mixin.py:188} INFO - ['50', 'ORDI', 'ORDI', '$84.14', '0.04%', '5.75%', '24.12%', '$1,766,519,294', '$922,644,214', '10,941,911 ORDI', '21,000,000 ORDI']
[2024-01-03T07:34:15.937+0000] {logging_mixin.py:188} INFO - ['50', 'ORDI', 'ORDI', None, '$84.14', '0.04%', '5.75%', '24.12%', '$1,766,519,294', '$922,644,214', '10,941,911 ORDI', '21,000,000 ORDI']
[2024-01-03T07:34:16.014+0000] {logging_mixin.py:188} INFO - ['51', 'Render', 'RNDR', '$4.73', '0.32%', '4.88%', '3.82%', '$1,760,170,803', '$110,825,709', '23,385,951 RNDR', '371,908,453 RNDR']
[2024-01-03T07:34:16.014+0000] {logging_mixin.py:188} INFO - ['51', 'Render', 'RNDR', None, '$4.73', '0.32%', '4.88%', '3.82%', '$1,760,170,803', '$110,825,709', '23,385,951 RNDR', '371,908,453 RNDR']
[2024-01-03T07:34:16.154+0000] {logging_mixin.py:188} INFO - ['52', 'Maker', 'MKR', '$1,879.15', '0.83%', '14.27%', '31.70%', '$1,726,462,805', '$166,778,150', '88,987 MKR', '919,947 MKR']
[2024-01-03T07:34:16.154+0000] {logging_mixin.py:188} INFO - ['52', 'Maker', 'MKR', None, '$1,879.15', '0.83%', '14.27%', '31.70%', '$1,726,462,805', '$166,778,150', '88,987 MKR', '919,947 MKR']
[2024-01-03T07:34:16.253+0000] {logging_mixin.py:188} INFO - ['53', 'Sei', 'SEI', '$0.7296', '1.04%', '3.65%', '59.14%', '$1,678,480,948', '$854,402,228', '1,170,323,534 SEI', '2,300,000,000 SEI']
[2024-01-03T07:34:16.254+0000] {logging_mixin.py:188} INFO - ['53', 'Sei', 'SEI', None, '$0.7296', '1.04%', '3.65%', '59.14%', '$1,678,480,948', '$854,402,228', '1,170,323,534 SEI', '2,300,000,000 SEI']
[2024-01-03T07:34:16.361+0000] {logging_mixin.py:188} INFO - ['54', 'SATS', '1000SATS', '$0.000788', '0.11%', '2.57%', '2.25%', '$1,655,084,572', '$173,125,300', '220,141,646,561 1000SATS', '2,100,000,000,000 1000SATS']
[2024-01-03T07:34:16.361+0000] {logging_mixin.py:188} INFO - ['54', 'SATS', '1000SATS', None, '$0.000788', '0.11%', '2.57%', '2.25%', '$1,655,084,572', '$173,125,300', '220,141,646,561 1000SATS', '2,100,000,000,000 1000SATS']
[2024-01-03T07:34:16.628+0000] {logging_mixin.py:188} INFO - ['55', 'Aave', 'AAVE', '$112.18', '0.28%', '3.47%', '10.94%', '$1,648,452,907', '$191,111,315', '1,701,854 AAVE', '14,702,182 AAVE']
[2024-01-03T07:34:16.628+0000] {logging_mixin.py:188} INFO - ['55', 'Aave', 'AAVE', None, '$112.18', '0.28%', '3.47%', '10.94%', '$1,648,452,907', '$191,111,315', '1,701,854 AAVE', '14,702,182 AAVE']
[2024-01-03T07:34:16.810+0000] {logging_mixin.py:188} INFO - ['56', 'Quant', 'QNT', '$136.51', '0.28%', '3.68%', '2.39%', '$1,647,065,391', '$25,607,526', '187,752 QNT', '12,072,738 QNT']
[2024-01-03T07:34:16.811+0000] {logging_mixin.py:188} INFO - ['56', 'Quant', 'QNT', None, '$136.51', '0.28%', '3.68%', '2.39%', '$1,647,065,391', '$25,607,526', '187,752 QNT', '12,072,738 QNT']
[2024-01-03T07:34:16.919+0000] {logging_mixin.py:188} INFO - ['57', 'Mina', 'MINA', '$1.49', '1.80%', '8.86%', '11.77%', '$1,533,397,923', '$226,023,772', '150,859,946 MINA', '1,027,968,473 MINA']
[2024-01-03T07:34:16.920+0000] {logging_mixin.py:188} INFO - ['57', 'Mina', 'MINA', None, '$1.49', '1.80%', '8.86%', '11.77%', '$1,533,397,923', '$226,023,772', '150,859,946 MINA', '1,027,968,473 MINA']
[2024-01-03T07:34:17.052+0000] {logging_mixin.py:188} INFO - ['58', 'Fantom', 'FTM', '$0.495', '0.10%', '2.23%', '2.58%', '$1,387,773,942', '$92,429,344', '186,560,398 FTM', '2,803,634,836 FTM']
[2024-01-03T07:34:17.053+0000] {logging_mixin.py:188} INFO - ['58', 'Fantom', 'FTM', None, '$0.495', '0.10%', '2.23%', '2.58%', '$1,387,773,942', '$92,429,344', '186,560,398 FTM', '2,803,634,836 FTM']
[2024-01-03T07:34:17.149+0000] {logging_mixin.py:188} INFO - ['59', 'Flow', 'FLOW', '$0.9374', '0.20%', '3.06%', '1.27%', '$1,389,892,043', '$65,235,375', '69,583,344 FLOW', '1,479,506,396 FLOW']
[2024-01-03T07:34:17.149+0000] {logging_mixin.py:188} INFO - ['59', 'Flow', 'FLOW', None, '$0.9374', '0.20%', '3.06%', '1.27%', '$1,389,892,043', '$65,235,375', '69,583,344 FLOW', '1,479,506,396 FLOW']
[2024-01-03T07:34:17.299+0000] {logging_mixin.py:188} INFO - ['60', 'Theta Network', 'THETA', '$1.38', '0.03%', '0.56%', '5.16%', '$1,375,502,489', '$70,985,671', '51,628,010 THETA', '1,000,000,000 THETA']
[2024-01-03T07:34:17.299+0000] {logging_mixin.py:188} INFO - ['60', 'Theta Network', 'THETA', None, '$1.38', '0.03%', '0.56%', '5.16%', '$1,375,502,489', '$70,985,671', '51,628,010 THETA', '1,000,000,000 THETA']
[2024-01-03T07:34:17.372+0000] {logging_mixin.py:188} INFO - ['61', 'The Sandbox', 'SAND', '$0.5962', '0.06%', '1.74%', '0.05%', '$1,263,357,488', '$124,017,125', '207,906,242 SAND', '2,118,731,926 SAND']
[2024-01-03T07:34:17.373+0000] {logging_mixin.py:188} INFO - ['61', 'The Sandbox', 'SAND', None, '$0.5962', '0.06%', '1.74%', '0.05%', '$1,263,357,488', '$124,017,125', '207,906,242 SAND', '2,118,731,926 SAND']
[2024-01-03T07:34:17.450+0000] {logging_mixin.py:188} INFO - ['62', 'Axie Infinity', 'AXS', '$9.08', '0.33%', '3.45%', '3.86%', '$1,198,357,111', '$85,024,036', '9,369,125 AXS', '132,040,367 AXS']
[2024-01-03T07:34:17.450+0000] {logging_mixin.py:188} INFO - ['62', 'Axie Infinity', 'AXS', None, '$9.08', '0.33%', '3.45%', '3.86%', '$1,198,357,111', '$85,024,036', '9,369,125 AXS', '132,040,367 AXS']
[2024-01-03T07:34:17.589+0000] {logging_mixin.py:188} INFO - ['63', 'Synthetix', 'SNX', '$3.94', '0.40%', '4.63%', '2.18%', '$1,197,051,424', '$46,982,159', '11,929,871 SNX', '304,003,015 SNX']
[2024-01-03T07:34:17.590+0000] {logging_mixin.py:188} INFO - ['63', 'Synthetix', 'SNX', None, '$3.94', '0.40%', '4.63%', '2.18%', '$1,197,051,424', '$46,982,159', '11,929,871 SNX', '304,003,015 SNX']
[2024-01-03T07:34:17.840+0000] {logging_mixin.py:188} INFO - ['64', 'BitTorrent (New)', 'BTT', '$0.000001202', '0.64%', '0.30%', '5.21%', '$1,164,693,602', '$38,446,120', '32,031,392,750,923 BTT', '968,246,428,571,000 BTT']
[2024-01-03T07:34:17.841+0000] {logging_mixin.py:188} INFO - ['64', 'BitTorrent (New)', 'BTT', None, '$0.000001202', '0.64%', '0.30%', '5.21%', '$1,164,693,602', '$38,446,120', '32,031,392,750,923 BTT', '968,246,428,571,000 BTT']
[2024-01-03T07:34:18.144+0000] {logging_mixin.py:188} INFO - ['65', 'Tezos', 'XTZ', '$1.12', '0.62%', '2.90%', '5.76%', '$1,082,135,989', '$34,421,851', '30,755,291 XTZ', '965,717,626 XTZ']
[2024-01-03T07:34:18.144+0000] {logging_mixin.py:188} INFO - ['65', 'Tezos', 'XTZ', None, '$1.12', '0.62%', '2.90%', '5.76%', '$1,082,135,989', '$34,421,851', '30,755,291 XTZ', '965,717,626 XTZ']
[2024-01-03T07:34:18.257+0000] {logging_mixin.py:188} INFO - ['66', 'FTX Token', 'FTT', '$3.22', '2.58%', '0.67%', '4.26%', '$1,058,445,867', '$33,483,327', '10,368,499 FTT', '328,895,104 FTT']
[2024-01-03T07:34:18.258+0000] {logging_mixin.py:188} INFO - ['66', 'FTX Token', 'FTT', None, '$3.22', '2.58%', '0.67%', '4.26%', '$1,058,445,867', '$33,483,327', '10,368,499 FTT', '328,895,104 FTT']
[2024-01-03T07:34:18.381+0000] {logging_mixin.py:188} INFO - ['67', 'Kava', 'KAVA', '$0.9691', '1.23%', '3.80%', '6.59%', '$1,049,543,856', '$44,251,407', '45,744,673 KAVA', '1,082,862,470 KAVA']
[2024-01-03T07:34:18.381+0000] {logging_mixin.py:188} INFO - ['67', 'Kava', 'KAVA', None, '$0.9691', '1.23%', '3.80%', '6.59%', '$1,049,543,856', '$44,251,407', '45,744,673 KAVA', '1,082,862,470 KAVA']
[2024-01-03T07:34:18.536+0000] {logging_mixin.py:188} INFO - ['68', 'Helium', 'HNT', '$6.44', '3.73%', '7.07%', '7.48%', '$1,025,532,622', '$21,288,680', '3,287,309 HNT', '159,574,111 HNT']
[2024-01-03T07:34:18.536+0000] {logging_mixin.py:188} INFO - ['68', 'Helium', 'HNT', None, '$6.44', '3.73%', '7.07%', '7.48%', '$1,025,532,622', '$21,288,680', '3,287,309 HNT', '159,574,111 HNT']
[2024-01-03T07:34:18.711+0000] {logging_mixin.py:188} INFO - ['69', 'KuCoin Token', 'KCS', '$10.59', '0.09%', '0.10%', '2.82%', '$1,023,784,701', '$1,949,331', '184,088 KCS', '96,641,044 KCS']
[2024-01-03T07:34:18.712+0000] {logging_mixin.py:188} INFO - ['69', 'KuCoin Token', 'KCS', None, '$10.59', '0.09%', '0.10%', '2.82%', '$1,023,784,701', '$1,949,331', '184,088 KCS', '96,641,044 KCS']
[2024-01-03T07:34:19.216+0000] {logging_mixin.py:188} INFO - ['70', 'Astar', 'ASTR', '$0.1858', '0.67%', '11.13%', '49.54%', '$1,015,220,164', '$171,032,454', '915,801,731 ASTR', '5,477,406,242 ASTR']
[2024-01-03T07:34:19.217+0000] {logging_mixin.py:188} INFO - ['70', 'Astar', 'ASTR', None, '$0.1858', '0.67%', '11.13%', '49.54%', '$1,015,220,164', '$171,032,454', '915,801,731 ASTR', '5,477,406,242 ASTR']
[2024-01-03T07:34:19.520+0000] {logging_mixin.py:188} INFO - ['71', 'Decentraland', 'MANA', '$0.5356', '0.02%', '1.59%', '0.87%', '$1,013,985,178', '$75,313,598', '140,545,552 MANA', '1,893,095,371 MANA']
[2024-01-03T07:34:19.520+0000] {logging_mixin.py:188} INFO - ['71', 'Decentraland', 'MANA', None, '$0.5356', '0.02%', '1.59%', '0.87%', '$1,013,985,178', '$75,313,598', '140,545,552 MANA', '1,893,095,371 MANA']
[2024-01-03T07:34:19.664+0000] {logging_mixin.py:188} INFO - ['72', 'BUSD', 'BUSD', '$1.00', '0.06%', '0.02%', '0.10%', '$1,011,239,148', '$56,664,451', '56,635,753 BUSD', '1,010,628,697 BUSD']
[2024-01-03T07:34:19.665+0000] {logging_mixin.py:188} INFO - ['72', 'BUSD', 'BUSD', None, '$1.00', '0.06%', '0.02%', '0.10%', '$1,011,239,148', '$56,664,451', '56,635,753 BUSD', '1,010,628,697 BUSD']
[2024-01-03T07:34:19.846+0000] {logging_mixin.py:188} INFO - ['73', 'Sui', 'SUI', '$0.8939', '0.92%', '0.15%', '7.81%', '$984,406,222', '$295,214,276', '328,862,634 SUI', '1,100,947,215 SUI']
[2024-01-03T07:34:19.847+0000] {logging_mixin.py:188} INFO - ['73', 'Sui', 'SUI', None, '$0.8939', '0.92%', '0.15%', '7.81%', '$984,406,222', '$295,214,276', '328,862,634 SUI', '1,100,947,215 SUI']
[2024-01-03T07:34:20.069+0000] {logging_mixin.py:188} INFO - ['74', 'Neo', 'NEO', '$13.91', '0.30%', '1.26%', '3.87%', '$980,945,555', '$69,332,273', '4,984,522 NEO', '70,538,831 NEO']
[2024-01-03T07:34:20.070+0000] {logging_mixin.py:188} INFO - ['74', 'Neo', 'NEO', None, '$13.91', '0.30%', '1.26%', '3.87%', '$980,945,555', '$69,332,273', '4,984,522 NEO', '70,538,831 NEO']
[2024-01-03T07:34:20.353+0000] {logging_mixin.py:188} INFO - Message: stale element reference: stale element not found
  (Session info: headless chrome=119.0.6045.105); For documentation on this error, please visit: https://www.selenium.dev/documentation/webdriver/troubleshooting/errors#stale-element-reference-exception
Stacktrace:
#0 0x55900b57e5e3 <unknown>
#1 0x55900b2410b7 <unknown>
#2 0x55900b2472b5 <unknown>
#3 0x55900b2495c6 <unknown>
#4 0x55900b2496fc <unknown>
#5 0x55900b288d52 <unknown>
#6 0x55900b2b5ef2 <unknown>
#7 0x55900b282a02 <unknown>
#8 0x55900b2b60be <unknown>
#9 0x55900b2d1b3d <unknown>
#10 0x55900b2b5cc3 <unknown>
#11 0x55900b2810e4 <unknown>
#12 0x55900b2820ae <unknown>
#13 0x55900b544ce1 <unknown>
#14 0x55900b548b7e <unknown>
#15 0x55900b5324b5 <unknown>
#16 0x55900b5497d6 <unknown>
#17 0x55900b515dbf <unknown>
#18 0x55900b56c748 <unknown>
#19 0x55900b56c917 <unknown>
#20 0x55900b57d773 <unknown>
#21 0x7f1955400044 <unknown>
[2024-01-03T07:35:40.621+0000] {logging_mixin.py:188} INFO - []
[2024-01-03T07:35:40.622+0000] {logging_mixin.py:188} INFO - [None]
[2024-01-03T07:35:41.803+0000] {logging_mixin.py:188} INFO - ['101', 'Casper', 'CSPR', '$0.05071', '0.35%', '1.67%', '19.57%', '$591,855,589', '$12,029,553', '236,607,703 CSPR', '11,672,713,713 CSPR']
[2024-01-03T07:35:41.804+0000] {logging_mixin.py:188} INFO - ['101', 'Casper', 'CSPR', None, '$0.05071', '0.35%', '1.67%', '19.57%', '$591,855,589', '$12,029,553', '236,607,703 CSPR', '11,672,713,713 CSPR']
[2024-01-03T07:35:45.731+0000] {logging_mixin.py:188} INFO - ['102', 'GMX', 'GMX', '$61.91', '0.47%', '7.18%', '32.79%', '$587,198,550', '$91,270,680', '1,448,932 GMX', '9,326,791 GMX']
[2024-01-03T07:35:45.735+0000] {logging_mixin.py:188} INFO - ['102', 'GMX', 'GMX', None, '$61.91', '0.47%', '7.18%', '32.79%', '$587,198,550', '$91,270,680', '1,448,932 GMX', '9,326,791 GMX']
[2024-01-03T07:35:50.792+0000] {logging_mixin.py:188} INFO - ['103', 'Pepe', 'PEPE', '$0.000001374', '0.53%', '2.95%', '1.07%', '$585,787,644', '$85,419,325', '61,341,765,418,604 PEPE', '420,689,899,999,995 PEPE']
[2024-01-03T07:35:50.794+0000] {logging_mixin.py:188} INFO - ['103', 'Pepe', 'PEPE', None, '$0.000001374', '0.53%', '2.95%', '1.07%', '$585,787,644', '$85,419,325', '61,341,765,418,604 PEPE', '420,689,899,999,995 PEPE']
[2024-01-03T07:35:51.005+0000] {logging_mixin.py:188} INFO - ['104', 'Flare', 'FLR', '$0.01857', '3.15%', '0.69%', '11.02%', '$584,739,133', '$12,343,083', '649,651,655 FLR', '30,803,781,465 FLR']
[2024-01-03T07:35:51.006+0000] {logging_mixin.py:188} INFO - ['104', 'Flare', 'FLR', None, '$0.01857', '3.15%', '0.69%', '11.02%', '$584,739,133', '$12,343,083', '649,651,655 FLR', '30,803,781,465 FLR']
[2024-01-03T07:35:57.292+0000] {logging_mixin.py:188} INFO - ['105', 'dYdX (ethDYDX)', 'ETHDYDX', '$3.07', '0.07%', '2.29%', '3.75%', '$567,171,734', '$90,673,681', '29,365,731 ETHDYDX', '183,765,523 ETHDYDX']
[2024-01-03T07:35:57.294+0000] {logging_mixin.py:188} INFO - ['105', 'dYdX (ethDYDX)', 'ETHDYDX', None, '$3.07', '0.07%', '2.29%', '3.75%', '$567,171,734', '$90,673,681', '29,365,731 ETHDYDX', '183,765,523 ETHDYDX']
[2024-01-03T07:36:00.906+0000] {logging_mixin.py:188} INFO - ['106', 'GMT', 'GMT', '$0.3475', '1.25%', '0.62%', '5.90%', '$547,664,337', '$176,737,910', '506,790,274 GMT', '1,576,895,495 GMT']
[2024-01-03T07:36:00.907+0000] {logging_mixin.py:188} INFO - ['106', 'GMT', 'GMT', None, '$0.3475', '1.25%', '0.62%', '5.90%', '$547,664,337', '$176,737,910', '506,790,274 GMT', '1,576,895,495 GMT']
[2024-01-03T07:36:05.522+0000] {logging_mixin.py:188} INFO - ['107', 'Ronin', 'RON', '$1.94', '0.11%', '1.22%', '1.26%', '$547,928,097', '$7,691,862', 'ron 3,972,610', '282,221,568 RON']
[2024-01-03T07:36:05.526+0000] {logging_mixin.py:188} INFO - ['107', 'Ronin', 'RON', None, '$1.94', '0.11%', '1.22%', '1.26%', '$547,928,097', '$7,691,862', 'ron 3,972,610', '282,221,568 RON']
[2024-01-03T07:36:13.464+0000] {logging_mixin.py:188} INFO - ['108', '1inch Network', '1INCH', '$0.4775', '1.70%', '1.23%', '7.84%', '$537,922,014', '$135,938,298', '284,314,146 1INCH', '1,126,328,750 1INCH']
[2024-01-03T07:36:13.465+0000] {logging_mixin.py:188} INFO - ['108', '1inch Network', '1INCH', None, '$0.4775', '1.70%', '1.23%', '7.84%', '$537,922,014', '$135,938,298', '284,314,146 1INCH', '1,126,328,750 1INCH']
[2024-01-03T07:36:15.837+0000] {logging_mixin.py:188} INFO - ['109', 'Trust Wallet Token', 'TWT', '$1.29', '0.54%', '1.18%', '0.01%', '$535,435,010', '$21,249,156', '16,534,638 TWT', '416,649,900 TWT']
[2024-01-03T07:36:15.839+0000] {logging_mixin.py:188} INFO - ['109', 'Trust Wallet Token', 'TWT', None, '$1.29', '0.54%', '1.18%', '0.01%', '$535,435,010', '$21,249,156', '16,534,638 TWT', '416,649,900 TWT']
[2024-01-03T07:36:18.061+0000] {logging_mixin.py:188} INFO - ['110', 'Gnosis', 'GNO', '$206.07', '0.11%', '0.51%', '7.51%', '$533,513,732', '$7,288,382', '35,369 GNO', '2,589,588 GNO']
[2024-01-03T07:36:18.069+0000] {logging_mixin.py:188} INFO - ['110', 'Gnosis', 'GNO', None, '$206.07', '0.11%', '0.51%', '7.51%', '$533,513,732', '$7,288,382', '35,369 GNO', '2,589,588 GNO']
[2024-01-03T07:36:21.622+0000] {logging_mixin.py:188} INFO - ['111', 'Akash Network', 'AKT', '$2.38', '0.31%', '3.28%', '1.22%', '$533,323,295', '$4,289,481', '1,803,992 AKT', '224,202,697 AKT']
[2024-01-03T07:36:21.623+0000] {logging_mixin.py:188} INFO - ['111', 'Akash Network', 'AKT', None, '$2.38', '0.31%', '3.28%', '1.22%', '$533,323,295', '$4,289,481', '1,803,992 AKT', '224,202,697 AKT']
[2024-01-03T07:36:24.962+0000] {logging_mixin.py:188} INFO - ['112', 'Terra', 'LUNA', '$0.8617', '0.10%', '0.74%', '2.83%', '$530,215,509', '$48,238,661', '56,161,374 LUNA', '616,573,163 LUNA']
[2024-01-03T07:36:24.962+0000] {logging_mixin.py:188} INFO - ['112', 'Terra', 'LUNA', None, '$0.8617', '0.10%', '0.74%', '2.83%', '$530,215,509', '$48,238,661', '56,161,374 LUNA', '616,573,163 LUNA']
[2024-01-03T07:36:27.138+0000] {logging_mixin.py:188} INFO - ['113', 'Pyth Network', 'PYTH', '$0.3475', '0.75%', '0.28%', '5.07%', '$521,915,061', '$31,389,344', '90,339,997 PYTH', '1,499,994,927 PYTH']
[2024-01-03T07:36:27.161+0000] {logging_mixin.py:188} INFO - ['113', 'Pyth Network', 'PYTH', None, '$0.3475', '0.75%', '0.28%', '5.07%', '$521,915,061', '$31,389,344', '90,339,997 PYTH', '1,499,994,927 PYTH']
[2024-01-03T07:37:10.962+0000] {logging_mixin.py:188} INFO - ['114', 'Core', 'CORE', '$0.5988', '0.50%', '3.39%', '12.41%', '$512,236,476', '$35,921,669', '60,097,861 CORE', '855,761,890 CORE']
[2024-01-03T07:37:10.966+0000] {logging_mixin.py:188} INFO - ['114', 'Core', 'CORE', None, '$0.5988', '0.50%', '3.39%', '12.41%', '$512,236,476', '$35,921,669', '60,097,861 CORE', '855,761,890 CORE']
[2024-01-03T07:37:26.303+0000] {local_task_job_runner.py:302} WARNING - State of this instance has been externally set to None. Terminating instance.
[2024-01-03T07:37:26.473+0000] {process_utils.py:131} INFO - Sending 15 to group 96. PIDs of all processes in the group: [97, 103, 108, 109, 115, 116, 132, 160, 131, 96]
[2024-01-03T07:37:26.473+0000] {process_utils.py:86} INFO - Sending the signal 15 to group 96
[2024-01-03T07:37:26.532+0000] {taskinstance.py:2451} ERROR - Received SIGTERM. Terminating subprocesses.
[2024-01-03T07:37:26.566+0000] {logging_mixin.py:188} INFO - Task received SIGTERM signal
[2024-01-03T07:37:27.056+0000] {process_utils.py:79} INFO - Process psutil.Process(pid=131, status='terminated', started='07:31:36') (131) terminated with exit code None
[2024-01-03T07:37:27.279+0000] {python.py:201} INFO - Done. Returned value was: None
[2024-01-03T07:37:27.806+0000] {process_utils.py:79} INFO - Process psutil.Process(pid=132, status='terminated', started='07:31:36') (132) terminated with exit code None
[2024-01-03T07:37:27.978+0000] {taskinstance.py:1138} INFO - Marking task as SUCCESS. dag_id=job_process, task_id=get_data, execution_date=20240103T073122, start_date=20240103T073135, end_date=20240103T073727
[2024-01-03T07:37:28.245+0000] {process_utils.py:79} INFO - Process psutil.Process(pid=97, status='terminated', started='07:31:35') (97) terminated with exit code None
[2024-01-03T07:37:28.721+0000] {process_utils.py:79} INFO - Process psutil.Process(pid=115, status='terminated', started='07:31:36') (115) terminated with exit code None
[2024-01-03T07:37:28.721+0000] {process_utils.py:79} INFO - Process psutil.Process(pid=116, status='terminated', started='07:31:36') (116) terminated with exit code None
[2024-01-03T07:37:28.722+0000] {process_utils.py:79} INFO - Process psutil.Process(pid=108, status='terminated', started='07:31:35') (108) terminated with exit code None
[2024-01-03T07:37:28.722+0000] {process_utils.py:79} INFO - Process psutil.Process(pid=109, status='terminated', started='07:31:35') (109) terminated with exit code None
[2024-01-03T07:37:28.723+0000] {process_utils.py:79} INFO - Process psutil.Process(pid=103, status='terminated', started='07:31:35') (103) terminated with exit code None
[2024-01-03T07:37:28.952+0000] {process_utils.py:79} INFO - Process psutil.Process(pid=96, status='terminated', exitcode=0, started='07:31:34') (96) terminated with exit code 0
[2024-01-03T07:37:29.032+0000] {process_utils.py:79} INFO - Process psutil.Process(pid=160, status='terminated', started='07:31:37') (160) terminated with exit code None
