[2024-01-03T17:16:33.318+0000] {taskinstance.py:1957} INFO - Dependencies all met for dep_context=non-requeueable deps ti=<TaskInstance: job_process.get_indeed_data manual__2024-01-03T17:16:26.654093+00:00 [queued]>
[2024-01-03T17:16:33.412+0000] {taskinstance.py:1957} INFO - Dependencies all met for dep_context=requeueable deps ti=<TaskInstance: job_process.get_indeed_data manual__2024-01-03T17:16:26.654093+00:00 [queued]>
[2024-01-03T17:16:33.419+0000] {taskinstance.py:2171} INFO - Starting attempt 1 of 1
[2024-01-03T17:16:33.522+0000] {taskinstance.py:2192} INFO - Executing <Task(PythonOperator): get_indeed_data> on 2024-01-03 17:16:26.654093+00:00
[2024-01-03T17:16:33.550+0000] {standard_task_runner.py:60} INFO - Started process 5496 to run task
[2024-01-03T17:16:33.630+0000] {standard_task_runner.py:87} INFO - Running: ['***', 'tasks', 'run', 'job_process', 'get_indeed_data', 'manual__2024-01-03T17:16:26.654093+00:00', '--job-id', '179', '--raw', '--subdir', 'DAGS_FOLDER/job_process.py', '--cfg-path', '/tmp/tmppckumj7g']
[2024-01-03T17:16:33.686+0000] {standard_task_runner.py:88} INFO - Job 179: Subtask get_indeed_data
[2024-01-03T17:16:33.960+0000] {task_command.py:423} INFO - Running <TaskInstance: job_process.get_indeed_data manual__2024-01-03T17:16:26.654093+00:00 [running]> on host f01482236d7b
[2024-01-03T17:16:34.430+0000] {taskinstance.py:2481} INFO - Exporting env vars: AIRFLOW_CTX_DAG_OWNER='***' AIRFLOW_CTX_DAG_ID='job_process' AIRFLOW_CTX_TASK_ID='get_indeed_data' AIRFLOW_CTX_EXECUTION_DATE='2024-01-03T17:16:26.654093+00:00' AIRFLOW_CTX_TRY_NUMBER='1' AIRFLOW_CTX_DAG_RUN_ID='manual__2024-01-03T17:16:26.654093+00:00'
[2024-01-03T17:16:38.082+0000] {logging_mixin.py:188} INFO - Response HTTP Status Code:  200
[2024-01-03T17:16:45.566+0000] {logging_mixin.py:188} INFO - Response HTTP Status Code:  500
[2024-01-03T17:16:52.066+0000] {logging_mixin.py:188} INFO - Response HTTP Status Code:  200
[2024-01-03T17:16:56.604+0000] {logging_mixin.py:188} INFO - Response HTTP Status Code:  200
[2024-01-03T17:17:04.521+0000] {logging_mixin.py:188} INFO - Response HTTP Status Code:  200
[2024-01-03T17:17:13.691+0000] {logging_mixin.py:188} INFO - Response HTTP Status Code:  500
[2024-01-03T17:17:18.359+0000] {logging_mixin.py:188} INFO - Response HTTP Status Code:  200
[2024-01-03T17:17:26.421+0000] {logging_mixin.py:188} INFO - Response HTTP Status Code:  500
[2024-01-03T17:17:31.817+0000] {logging_mixin.py:188} INFO - Response HTTP Status Code:  200
[2024-01-03T17:17:41.013+0000] {logging_mixin.py:188} INFO - Response HTTP Status Code:  200
[2024-01-03T17:17:42.201+0000] {python.py:201} INFO - Done. Returned value was: None
[2024-01-03T17:17:42.223+0000] {taskinstance.py:1138} INFO - Marking task as SUCCESS. dag_id=job_process, task_id=get_indeed_data, execution_date=20240103T171626, start_date=20240103T171633, end_date=20240103T171742
[2024-01-03T17:17:42.310+0000] {local_task_job_runner.py:234} INFO - Task exited with return code 0
[2024-01-03T17:17:42.341+0000] {taskinstance.py:3281} INFO - 1 downstream tasks scheduled from follow-on schedule check
