[2024-01-04T08:35:40.384+0000] {processor.py:161} INFO - Started process (PID=6037) to work on /opt/airflow/dags/job_process.py
[2024-01-04T08:35:40.391+0000] {processor.py:830} INFO - Processing file /opt/airflow/dags/job_process.py for tasks to queue
[2024-01-04T08:35:40.401+0000] {logging_mixin.py:188} INFO - [2024-01-04T08:35:40.400+0000] {dagbag.py:538} INFO - Filling up the DagBag from /opt/airflow/dags/job_process.py
[2024-01-04T08:35:53.855+0000] {processor.py:840} INFO - DAG(s) 'job_process' retrieved from /opt/airflow/dags/job_process.py
[2024-01-04T08:35:54.136+0000] {logging_mixin.py:188} INFO - [2024-01-04T08:35:54.120+0000] {dag.py:3033} INFO - Sync 1 DAGs
[2024-01-04T08:35:54.486+0000] {logging_mixin.py:188} INFO - [2024-01-04T08:35:54.485+0000] {dag.py:3820} INFO - Setting next_dagrun for job_process to 2024-01-04T00:00:00+00:00, run_after=2024-01-05T00:00:00+00:00
[2024-01-04T08:35:54.687+0000] {processor.py:183} INFO - Processing /opt/airflow/dags/job_process.py took 14.764 seconds
[2024-01-04T08:36:25.240+0000] {processor.py:161} INFO - Started process (PID=6053) to work on /opt/airflow/dags/job_process.py
[2024-01-04T08:36:25.252+0000] {processor.py:830} INFO - Processing file /opt/airflow/dags/job_process.py for tasks to queue
[2024-01-04T08:36:25.253+0000] {logging_mixin.py:188} INFO - [2024-01-04T08:36:25.253+0000] {dagbag.py:538} INFO - Filling up the DagBag from /opt/airflow/dags/job_process.py
[2024-01-04T08:36:27.044+0000] {processor.py:840} INFO - DAG(s) 'job_process' retrieved from /opt/airflow/dags/job_process.py
[2024-01-04T08:36:27.125+0000] {logging_mixin.py:188} INFO - [2024-01-04T08:36:27.125+0000] {dag.py:3033} INFO - Sync 1 DAGs
[2024-01-04T08:36:27.194+0000] {logging_mixin.py:188} INFO - [2024-01-04T08:36:27.194+0000] {dag.py:3820} INFO - Setting next_dagrun for job_process to 2024-01-04T00:00:00+00:00, run_after=2024-01-05T00:00:00+00:00
[2024-01-04T08:36:27.232+0000] {processor.py:183} INFO - Processing /opt/airflow/dags/job_process.py took 2.005 seconds
[2024-01-04T08:36:57.610+0000] {processor.py:161} INFO - Started process (PID=6061) to work on /opt/airflow/dags/job_process.py
[2024-01-04T08:36:57.611+0000] {processor.py:830} INFO - Processing file /opt/airflow/dags/job_process.py for tasks to queue
[2024-01-04T08:36:57.613+0000] {logging_mixin.py:188} INFO - [2024-01-04T08:36:57.613+0000] {dagbag.py:538} INFO - Filling up the DagBag from /opt/airflow/dags/job_process.py
[2024-01-04T08:36:58.758+0000] {processor.py:840} INFO - DAG(s) 'job_process' retrieved from /opt/airflow/dags/job_process.py
[2024-01-04T08:36:58.813+0000] {logging_mixin.py:188} INFO - [2024-01-04T08:36:58.812+0000] {dag.py:3033} INFO - Sync 1 DAGs
[2024-01-04T08:36:59.042+0000] {logging_mixin.py:188} INFO - [2024-01-04T08:36:59.042+0000] {dag.py:3820} INFO - Setting next_dagrun for job_process to 2024-01-04T00:00:00+00:00, run_after=2024-01-05T00:00:00+00:00
[2024-01-04T08:36:59.145+0000] {processor.py:183} INFO - Processing /opt/airflow/dags/job_process.py took 1.542 seconds
[2024-01-04T08:37:29.865+0000] {processor.py:161} INFO - Started process (PID=6070) to work on /opt/airflow/dags/job_process.py
[2024-01-04T08:37:29.869+0000] {processor.py:830} INFO - Processing file /opt/airflow/dags/job_process.py for tasks to queue
[2024-01-04T08:37:29.872+0000] {logging_mixin.py:188} INFO - [2024-01-04T08:37:29.871+0000] {dagbag.py:538} INFO - Filling up the DagBag from /opt/airflow/dags/job_process.py
[2024-01-04T08:37:32.413+0000] {processor.py:840} INFO - DAG(s) 'job_process' retrieved from /opt/airflow/dags/job_process.py
[2024-01-04T08:37:32.504+0000] {logging_mixin.py:188} INFO - [2024-01-04T08:37:32.503+0000] {dag.py:3033} INFO - Sync 1 DAGs
[2024-01-04T08:37:32.579+0000] {logging_mixin.py:188} INFO - [2024-01-04T08:37:32.579+0000] {dag.py:3820} INFO - Setting next_dagrun for job_process to 2024-01-04T00:00:00+00:00, run_after=2024-01-05T00:00:00+00:00
[2024-01-04T08:37:32.665+0000] {processor.py:183} INFO - Processing /opt/airflow/dags/job_process.py took 2.813 seconds
[2024-01-04T08:38:03.794+0000] {processor.py:161} INFO - Started process (PID=6079) to work on /opt/airflow/dags/job_process.py
[2024-01-04T08:38:03.806+0000] {processor.py:830} INFO - Processing file /opt/airflow/dags/job_process.py for tasks to queue
[2024-01-04T08:38:03.857+0000] {logging_mixin.py:188} INFO - [2024-01-04T08:38:03.856+0000] {dagbag.py:538} INFO - Filling up the DagBag from /opt/airflow/dags/job_process.py
[2024-01-04T08:38:12.141+0000] {processor.py:840} INFO - DAG(s) 'job_process' retrieved from /opt/airflow/dags/job_process.py
[2024-01-04T08:38:12.582+0000] {logging_mixin.py:188} INFO - [2024-01-04T08:38:12.581+0000] {dag.py:3033} INFO - Sync 1 DAGs
[2024-01-04T08:38:12.850+0000] {logging_mixin.py:188} INFO - [2024-01-04T08:38:12.849+0000] {dag.py:3820} INFO - Setting next_dagrun for job_process to 2024-01-04T00:00:00+00:00, run_after=2024-01-05T00:00:00+00:00
[2024-01-04T08:38:12.953+0000] {processor.py:183} INFO - Processing /opt/airflow/dags/job_process.py took 9.362 seconds
[2024-01-04T08:38:43.829+0000] {processor.py:161} INFO - Started process (PID=6087) to work on /opt/airflow/dags/job_process.py
[2024-01-04T08:38:43.852+0000] {processor.py:830} INFO - Processing file /opt/airflow/dags/job_process.py for tasks to queue
[2024-01-04T08:38:43.857+0000] {logging_mixin.py:188} INFO - [2024-01-04T08:38:43.856+0000] {dagbag.py:538} INFO - Filling up the DagBag from /opt/airflow/dags/job_process.py
[2024-01-04T08:39:08.546+0000] {processor.py:840} INFO - DAG(s) 'job_process' retrieved from /opt/airflow/dags/job_process.py
[2024-01-04T08:39:09.051+0000] {logging_mixin.py:188} INFO - [2024-01-04T08:39:09.049+0000] {dag.py:3033} INFO - Sync 1 DAGs
[2024-01-04T08:39:09.945+0000] {logging_mixin.py:188} INFO - [2024-01-04T08:39:09.944+0000] {dag.py:3820} INFO - Setting next_dagrun for job_process to 2024-01-04T00:00:00+00:00, run_after=2024-01-05T00:00:00+00:00
[2024-01-04T08:39:10.251+0000] {processor.py:183} INFO - Processing /opt/airflow/dags/job_process.py took 26.437 seconds
[2024-01-04T08:39:42.318+0000] {processor.py:161} INFO - Started process (PID=6102) to work on /opt/airflow/dags/job_process.py
[2024-01-04T08:39:42.393+0000] {processor.py:830} INFO - Processing file /opt/airflow/dags/job_process.py for tasks to queue
[2024-01-04T08:39:42.402+0000] {logging_mixin.py:188} INFO - [2024-01-04T08:39:42.402+0000] {dagbag.py:538} INFO - Filling up the DagBag from /opt/airflow/dags/job_process.py
[2024-01-04T08:39:52.993+0000] {processor.py:840} INFO - DAG(s) 'job_process' retrieved from /opt/airflow/dags/job_process.py
[2024-01-04T08:39:53.410+0000] {logging_mixin.py:188} INFO - [2024-01-04T08:39:53.404+0000] {dag.py:3033} INFO - Sync 1 DAGs
[2024-01-04T08:39:53.674+0000] {logging_mixin.py:188} INFO - [2024-01-04T08:39:53.673+0000] {dag.py:3820} INFO - Setting next_dagrun for job_process to 2024-01-04T00:00:00+00:00, run_after=2024-01-05T00:00:00+00:00
[2024-01-04T08:39:53.776+0000] {processor.py:183} INFO - Processing /opt/airflow/dags/job_process.py took 11.606 seconds
[2024-01-04T08:40:24.377+0000] {processor.py:161} INFO - Started process (PID=6111) to work on /opt/airflow/dags/job_process.py
[2024-01-04T08:40:24.391+0000] {processor.py:830} INFO - Processing file /opt/airflow/dags/job_process.py for tasks to queue
[2024-01-04T08:40:24.402+0000] {logging_mixin.py:188} INFO - [2024-01-04T08:40:24.401+0000] {dagbag.py:538} INFO - Filling up the DagBag from /opt/airflow/dags/job_process.py
[2024-01-04T08:40:32.748+0000] {processor.py:840} INFO - DAG(s) 'job_process' retrieved from /opt/airflow/dags/job_process.py
[2024-01-04T08:40:33.020+0000] {logging_mixin.py:188} INFO - [2024-01-04T08:40:32.997+0000] {dag.py:3033} INFO - Sync 1 DAGs
[2024-01-04T08:40:33.204+0000] {logging_mixin.py:188} INFO - [2024-01-04T08:40:33.203+0000] {dag.py:3820} INFO - Setting next_dagrun for job_process to 2024-01-04T00:00:00+00:00, run_after=2024-01-05T00:00:00+00:00
[2024-01-04T08:40:33.264+0000] {processor.py:183} INFO - Processing /opt/airflow/dags/job_process.py took 8.908 seconds
[2024-01-04T08:41:04.365+0000] {processor.py:161} INFO - Started process (PID=6120) to work on /opt/airflow/dags/job_process.py
[2024-01-04T08:41:04.517+0000] {processor.py:830} INFO - Processing file /opt/airflow/dags/job_process.py for tasks to queue
[2024-01-04T08:41:04.522+0000] {logging_mixin.py:188} INFO - [2024-01-04T08:41:04.521+0000] {dagbag.py:538} INFO - Filling up the DagBag from /opt/airflow/dags/job_process.py
[2024-01-04T08:41:11.437+0000] {processor.py:840} INFO - DAG(s) 'job_process' retrieved from /opt/airflow/dags/job_process.py
[2024-01-04T08:41:11.666+0000] {logging_mixin.py:188} INFO - [2024-01-04T08:41:11.662+0000] {dag.py:3033} INFO - Sync 1 DAGs
[2024-01-04T08:41:11.861+0000] {logging_mixin.py:188} INFO - [2024-01-04T08:41:11.846+0000] {dag.py:3820} INFO - Setting next_dagrun for job_process to 2024-01-04T00:00:00+00:00, run_after=2024-01-05T00:00:00+00:00
[2024-01-04T08:41:12.065+0000] {processor.py:183} INFO - Processing /opt/airflow/dags/job_process.py took 7.747 seconds
[2024-01-04T08:41:42.905+0000] {processor.py:161} INFO - Started process (PID=6135) to work on /opt/airflow/dags/job_process.py
[2024-01-04T08:41:42.910+0000] {processor.py:830} INFO - Processing file /opt/airflow/dags/job_process.py for tasks to queue
[2024-01-04T08:41:42.914+0000] {logging_mixin.py:188} INFO - [2024-01-04T08:41:42.913+0000] {dagbag.py:538} INFO - Filling up the DagBag from /opt/airflow/dags/job_process.py
[2024-01-04T08:42:03.191+0000] {processor.py:840} INFO - DAG(s) 'job_process' retrieved from /opt/airflow/dags/job_process.py
[2024-01-04T08:42:09.492+0000] {logging_mixin.py:188} INFO - [2024-01-04T08:42:09.160+0000] {dag.py:3033} INFO - Sync 1 DAGs
[2024-01-04T08:42:11.101+0000] {logging_mixin.py:188} INFO - [2024-01-04T08:42:11.051+0000] {dag.py:3820} INFO - Setting next_dagrun for job_process to 2024-01-04T00:00:00+00:00, run_after=2024-01-05T00:00:00+00:00
[2024-01-04T08:42:14.857+0000] {processor.py:183} INFO - Processing /opt/airflow/dags/job_process.py took 32.195 seconds
[2024-01-04T08:42:46.801+0000] {processor.py:161} INFO - Started process (PID=6145) to work on /opt/airflow/dags/job_process.py
[2024-01-04T08:42:46.821+0000] {processor.py:830} INFO - Processing file /opt/airflow/dags/job_process.py for tasks to queue
[2024-01-04T08:42:46.877+0000] {logging_mixin.py:188} INFO - [2024-01-04T08:42:46.876+0000] {dagbag.py:538} INFO - Filling up the DagBag from /opt/airflow/dags/job_process.py
[2024-01-04T08:43:12.356+0000] {processor.py:840} INFO - DAG(s) 'job_process' retrieved from /opt/airflow/dags/job_process.py
[2024-01-04T08:43:14.191+0000] {logging_mixin.py:188} INFO - [2024-01-04T08:43:14.185+0000] {dag.py:3033} INFO - Sync 1 DAGs
[2024-01-04T08:43:15.411+0000] {logging_mixin.py:188} INFO - [2024-01-04T08:43:15.411+0000] {dag.py:3820} INFO - Setting next_dagrun for job_process to 2024-01-04T00:00:00+00:00, run_after=2024-01-05T00:00:00+00:00
[2024-01-04T08:43:16.144+0000] {processor.py:183} INFO - Processing /opt/airflow/dags/job_process.py took 29.449 seconds
[2024-01-04T08:43:47.946+0000] {processor.py:161} INFO - Started process (PID=6160) to work on /opt/airflow/dags/job_process.py
[2024-01-04T08:43:47.975+0000] {processor.py:830} INFO - Processing file /opt/airflow/dags/job_process.py for tasks to queue
[2024-01-04T08:43:47.992+0000] {logging_mixin.py:188} INFO - [2024-01-04T08:43:47.991+0000] {dagbag.py:538} INFO - Filling up the DagBag from /opt/airflow/dags/job_process.py
[2024-01-04T08:44:00.553+0000] {processor.py:840} INFO - DAG(s) 'job_process' retrieved from /opt/airflow/dags/job_process.py
[2024-01-04T08:44:00.872+0000] {logging_mixin.py:188} INFO - [2024-01-04T08:44:00.869+0000] {dag.py:3033} INFO - Sync 1 DAGs
[2024-01-04T08:44:01.415+0000] {logging_mixin.py:188} INFO - [2024-01-04T08:44:01.415+0000] {dag.py:3820} INFO - Setting next_dagrun for job_process to 2024-01-04T00:00:00+00:00, run_after=2024-01-05T00:00:00+00:00
[2024-01-04T08:44:01.597+0000] {processor.py:183} INFO - Processing /opt/airflow/dags/job_process.py took 13.933 seconds
[2024-01-04T08:44:32.204+0000] {processor.py:161} INFO - Started process (PID=6175) to work on /opt/airflow/dags/job_process.py
[2024-01-04T08:44:32.213+0000] {processor.py:830} INFO - Processing file /opt/airflow/dags/job_process.py for tasks to queue
[2024-01-04T08:44:32.219+0000] {logging_mixin.py:188} INFO - [2024-01-04T08:44:32.218+0000] {dagbag.py:538} INFO - Filling up the DagBag from /opt/airflow/dags/job_process.py
[2024-01-04T08:44:34.246+0000] {processor.py:840} INFO - DAG(s) 'job_process' retrieved from /opt/airflow/dags/job_process.py
[2024-01-04T08:44:34.332+0000] {logging_mixin.py:188} INFO - [2024-01-04T08:44:34.331+0000] {dag.py:3033} INFO - Sync 1 DAGs
[2024-01-04T08:44:34.400+0000] {logging_mixin.py:188} INFO - [2024-01-04T08:44:34.400+0000] {dag.py:3820} INFO - Setting next_dagrun for job_process to 2024-01-04T00:00:00+00:00, run_after=2024-01-05T00:00:00+00:00
[2024-01-04T08:44:34.445+0000] {processor.py:183} INFO - Processing /opt/airflow/dags/job_process.py took 2.271 seconds
[2024-01-04T08:45:04.610+0000] {processor.py:161} INFO - Started process (PID=6183) to work on /opt/airflow/dags/job_process.py
[2024-01-04T08:45:04.619+0000] {processor.py:830} INFO - Processing file /opt/airflow/dags/job_process.py for tasks to queue
[2024-01-04T08:45:04.626+0000] {logging_mixin.py:188} INFO - [2024-01-04T08:45:04.626+0000] {dagbag.py:538} INFO - Filling up the DagBag from /opt/airflow/dags/job_process.py
[2024-01-04T08:45:07.847+0000] {processor.py:840} INFO - DAG(s) 'job_process' retrieved from /opt/airflow/dags/job_process.py
[2024-01-04T08:45:07.897+0000] {logging_mixin.py:188} INFO - [2024-01-04T08:45:07.896+0000] {dag.py:3033} INFO - Sync 1 DAGs
[2024-01-04T08:45:08.022+0000] {logging_mixin.py:188} INFO - [2024-01-04T08:45:08.021+0000] {dag.py:3820} INFO - Setting next_dagrun for job_process to 2024-01-04T00:00:00+00:00, run_after=2024-01-05T00:00:00+00:00
[2024-01-04T08:45:08.461+0000] {processor.py:183} INFO - Processing /opt/airflow/dags/job_process.py took 3.867 seconds
[2024-01-04T08:45:40.312+0000] {processor.py:161} INFO - Started process (PID=6192) to work on /opt/airflow/dags/job_process.py
[2024-01-04T08:45:40.314+0000] {processor.py:830} INFO - Processing file /opt/airflow/dags/job_process.py for tasks to queue
[2024-01-04T08:45:40.347+0000] {logging_mixin.py:188} INFO - [2024-01-04T08:45:40.346+0000] {dagbag.py:538} INFO - Filling up the DagBag from /opt/airflow/dags/job_process.py
[2024-01-04T08:45:45.901+0000] {processor.py:840} INFO - DAG(s) 'job_process' retrieved from /opt/airflow/dags/job_process.py
[2024-01-04T08:45:46.099+0000] {logging_mixin.py:188} INFO - [2024-01-04T08:45:46.098+0000] {dag.py:3033} INFO - Sync 1 DAGs
[2024-01-04T08:45:46.360+0000] {logging_mixin.py:188} INFO - [2024-01-04T08:45:46.359+0000] {dag.py:3820} INFO - Setting next_dagrun for job_process to 2024-01-04T00:00:00+00:00, run_after=2024-01-05T00:00:00+00:00
[2024-01-04T08:45:46.434+0000] {processor.py:183} INFO - Processing /opt/airflow/dags/job_process.py took 6.211 seconds
[2024-01-04T08:46:16.843+0000] {processor.py:161} INFO - Started process (PID=6201) to work on /opt/airflow/dags/job_process.py
[2024-01-04T08:46:16.846+0000] {processor.py:830} INFO - Processing file /opt/airflow/dags/job_process.py for tasks to queue
[2024-01-04T08:46:16.851+0000] {logging_mixin.py:188} INFO - [2024-01-04T08:46:16.850+0000] {dagbag.py:538} INFO - Filling up the DagBag from /opt/airflow/dags/job_process.py
[2024-01-04T08:46:18.678+0000] {processor.py:840} INFO - DAG(s) 'job_process' retrieved from /opt/airflow/dags/job_process.py
[2024-01-04T08:46:18.832+0000] {logging_mixin.py:188} INFO - [2024-01-04T08:46:18.831+0000] {dag.py:3033} INFO - Sync 1 DAGs
[2024-01-04T08:46:18.985+0000] {logging_mixin.py:188} INFO - [2024-01-04T08:46:18.984+0000] {dag.py:3820} INFO - Setting next_dagrun for job_process to 2024-01-04T00:00:00+00:00, run_after=2024-01-05T00:00:00+00:00
[2024-01-04T08:46:19.054+0000] {processor.py:183} INFO - Processing /opt/airflow/dags/job_process.py took 2.220 seconds
[2024-01-04T08:46:49.370+0000] {processor.py:161} INFO - Started process (PID=6210) to work on /opt/airflow/dags/job_process.py
[2024-01-04T08:46:49.378+0000] {processor.py:830} INFO - Processing file /opt/airflow/dags/job_process.py for tasks to queue
[2024-01-04T08:46:49.384+0000] {logging_mixin.py:188} INFO - [2024-01-04T08:46:49.383+0000] {dagbag.py:538} INFO - Filling up the DagBag from /opt/airflow/dags/job_process.py
[2024-01-04T08:46:51.687+0000] {processor.py:840} INFO - DAG(s) 'job_process' retrieved from /opt/airflow/dags/job_process.py
[2024-01-04T08:46:51.788+0000] {logging_mixin.py:188} INFO - [2024-01-04T08:46:51.787+0000] {dag.py:3033} INFO - Sync 1 DAGs
[2024-01-04T08:46:51.874+0000] {logging_mixin.py:188} INFO - [2024-01-04T08:46:51.873+0000] {dag.py:3820} INFO - Setting next_dagrun for job_process to 2024-01-04T00:00:00+00:00, run_after=2024-01-05T00:00:00+00:00
[2024-01-04T08:46:51.970+0000] {processor.py:183} INFO - Processing /opt/airflow/dags/job_process.py took 2.616 seconds
[2024-01-04T08:47:22.576+0000] {processor.py:161} INFO - Started process (PID=6219) to work on /opt/airflow/dags/job_process.py
[2024-01-04T08:47:22.581+0000] {processor.py:830} INFO - Processing file /opt/airflow/dags/job_process.py for tasks to queue
[2024-01-04T08:47:22.585+0000] {logging_mixin.py:188} INFO - [2024-01-04T08:47:22.585+0000] {dagbag.py:538} INFO - Filling up the DagBag from /opt/airflow/dags/job_process.py
[2024-01-04T08:47:25.397+0000] {processor.py:840} INFO - DAG(s) 'job_process' retrieved from /opt/airflow/dags/job_process.py
[2024-01-04T08:47:25.492+0000] {logging_mixin.py:188} INFO - [2024-01-04T08:47:25.490+0000] {dag.py:3033} INFO - Sync 1 DAGs
[2024-01-04T08:47:25.581+0000] {logging_mixin.py:188} INFO - [2024-01-04T08:47:25.580+0000] {dag.py:3820} INFO - Setting next_dagrun for job_process to 2024-01-04T00:00:00+00:00, run_after=2024-01-05T00:00:00+00:00
[2024-01-04T08:47:25.634+0000] {processor.py:183} INFO - Processing /opt/airflow/dags/job_process.py took 3.070 seconds
[2024-01-04T08:47:56.612+0000] {processor.py:161} INFO - Started process (PID=6228) to work on /opt/airflow/dags/job_process.py
[2024-01-04T08:47:56.621+0000] {processor.py:830} INFO - Processing file /opt/airflow/dags/job_process.py for tasks to queue
[2024-01-04T08:47:56.627+0000] {logging_mixin.py:188} INFO - [2024-01-04T08:47:56.624+0000] {dagbag.py:538} INFO - Filling up the DagBag from /opt/airflow/dags/job_process.py
[2024-01-04T08:47:58.861+0000] {processor.py:840} INFO - DAG(s) 'job_process' retrieved from /opt/airflow/dags/job_process.py
[2024-01-04T08:47:59.045+0000] {logging_mixin.py:188} INFO - [2024-01-04T08:47:59.043+0000] {dag.py:3033} INFO - Sync 1 DAGs
[2024-01-04T08:47:59.100+0000] {logging_mixin.py:188} INFO - [2024-01-04T08:47:59.100+0000] {dag.py:3820} INFO - Setting next_dagrun for job_process to 2024-01-04T00:00:00+00:00, run_after=2024-01-05T00:00:00+00:00
[2024-01-04T08:47:59.185+0000] {processor.py:183} INFO - Processing /opt/airflow/dags/job_process.py took 2.624 seconds
[2024-01-04T08:48:29.691+0000] {processor.py:161} INFO - Started process (PID=6243) to work on /opt/airflow/dags/job_process.py
[2024-01-04T08:48:29.696+0000] {processor.py:830} INFO - Processing file /opt/airflow/dags/job_process.py for tasks to queue
[2024-01-04T08:48:29.701+0000] {logging_mixin.py:188} INFO - [2024-01-04T08:48:29.700+0000] {dagbag.py:538} INFO - Filling up the DagBag from /opt/airflow/dags/job_process.py
[2024-01-04T08:48:33.970+0000] {processor.py:840} INFO - DAG(s) 'job_process' retrieved from /opt/airflow/dags/job_process.py
[2024-01-04T08:48:34.076+0000] {logging_mixin.py:188} INFO - [2024-01-04T08:48:34.075+0000] {dag.py:3033} INFO - Sync 1 DAGs
[2024-01-04T08:48:34.163+0000] {logging_mixin.py:188} INFO - [2024-01-04T08:48:34.163+0000] {dag.py:3820} INFO - Setting next_dagrun for job_process to 2024-01-04T00:00:00+00:00, run_after=2024-01-05T00:00:00+00:00
[2024-01-04T08:48:34.232+0000] {processor.py:183} INFO - Processing /opt/airflow/dags/job_process.py took 4.554 seconds
[2024-01-04T08:49:04.753+0000] {processor.py:161} INFO - Started process (PID=6252) to work on /opt/airflow/dags/job_process.py
[2024-01-04T08:49:04.759+0000] {processor.py:830} INFO - Processing file /opt/airflow/dags/job_process.py for tasks to queue
[2024-01-04T08:49:04.768+0000] {logging_mixin.py:188} INFO - [2024-01-04T08:49:04.768+0000] {dagbag.py:538} INFO - Filling up the DagBag from /opt/airflow/dags/job_process.py
[2024-01-04T08:49:07.416+0000] {processor.py:840} INFO - DAG(s) 'job_process' retrieved from /opt/airflow/dags/job_process.py
[2024-01-04T08:49:07.482+0000] {logging_mixin.py:188} INFO - [2024-01-04T08:49:07.481+0000] {dag.py:3033} INFO - Sync 1 DAGs
[2024-01-04T08:49:07.567+0000] {logging_mixin.py:188} INFO - [2024-01-04T08:49:07.566+0000] {dag.py:3820} INFO - Setting next_dagrun for job_process to 2024-01-04T00:00:00+00:00, run_after=2024-01-05T00:00:00+00:00
[2024-01-04T08:49:07.670+0000] {processor.py:183} INFO - Processing /opt/airflow/dags/job_process.py took 2.934 seconds
[2024-01-04T08:49:38.427+0000] {processor.py:161} INFO - Started process (PID=6261) to work on /opt/airflow/dags/job_process.py
[2024-01-04T08:49:38.436+0000] {processor.py:830} INFO - Processing file /opt/airflow/dags/job_process.py for tasks to queue
[2024-01-04T08:49:38.439+0000] {logging_mixin.py:188} INFO - [2024-01-04T08:49:38.438+0000] {dagbag.py:538} INFO - Filling up the DagBag from /opt/airflow/dags/job_process.py
[2024-01-04T08:49:40.422+0000] {processor.py:840} INFO - DAG(s) 'job_process' retrieved from /opt/airflow/dags/job_process.py
[2024-01-04T08:49:40.529+0000] {logging_mixin.py:188} INFO - [2024-01-04T08:49:40.525+0000] {dag.py:3033} INFO - Sync 1 DAGs
[2024-01-04T08:49:40.615+0000] {logging_mixin.py:188} INFO - [2024-01-04T08:49:40.614+0000] {dag.py:3820} INFO - Setting next_dagrun for job_process to 2024-01-04T00:00:00+00:00, run_after=2024-01-05T00:00:00+00:00
[2024-01-04T08:49:40.676+0000] {processor.py:183} INFO - Processing /opt/airflow/dags/job_process.py took 2.276 seconds
[2024-01-04T08:49:50.681+0000] {processor.py:161} INFO - Started process (PID=6263) to work on /opt/airflow/dags/job_process.py
[2024-01-04T08:49:50.686+0000] {processor.py:830} INFO - Processing file /opt/airflow/dags/job_process.py for tasks to queue
[2024-01-04T08:49:50.691+0000] {logging_mixin.py:188} INFO - [2024-01-04T08:49:50.690+0000] {dagbag.py:538} INFO - Filling up the DagBag from /opt/airflow/dags/job_process.py
[2024-01-04T08:49:52.604+0000] {processor.py:840} INFO - DAG(s) 'job_process' retrieved from /opt/airflow/dags/job_process.py
[2024-01-04T08:49:52.673+0000] {logging_mixin.py:188} INFO - [2024-01-04T08:49:52.671+0000] {dag.py:3033} INFO - Sync 1 DAGs
[2024-01-04T08:49:52.795+0000] {logging_mixin.py:188} INFO - [2024-01-04T08:49:52.794+0000] {dag.py:3820} INFO - Setting next_dagrun for job_process to 2024-01-04T00:00:00+00:00, run_after=2024-01-05T00:00:00+00:00
[2024-01-04T08:49:52.871+0000] {processor.py:183} INFO - Processing /opt/airflow/dags/job_process.py took 2.203 seconds
[2024-01-04T08:50:23.995+0000] {processor.py:161} INFO - Started process (PID=6272) to work on /opt/airflow/dags/job_process.py
[2024-01-04T08:50:24.012+0000] {processor.py:830} INFO - Processing file /opt/airflow/dags/job_process.py for tasks to queue
[2024-01-04T08:50:24.023+0000] {logging_mixin.py:188} INFO - [2024-01-04T08:50:24.014+0000] {dagbag.py:538} INFO - Filling up the DagBag from /opt/airflow/dags/job_process.py
[2024-01-04T08:50:26.773+0000] {processor.py:840} INFO - DAG(s) 'job_process' retrieved from /opt/airflow/dags/job_process.py
[2024-01-04T08:50:26.923+0000] {logging_mixin.py:188} INFO - [2024-01-04T08:50:26.922+0000] {dag.py:3033} INFO - Sync 1 DAGs
[2024-01-04T08:50:27.013+0000] {logging_mixin.py:188} INFO - [2024-01-04T08:50:27.013+0000] {dag.py:3820} INFO - Setting next_dagrun for job_process to 2024-01-04T00:00:00+00:00, run_after=2024-01-05T00:00:00+00:00
[2024-01-04T08:50:27.060+0000] {processor.py:183} INFO - Processing /opt/airflow/dags/job_process.py took 3.088 seconds
[2024-01-04T08:50:57.509+0000] {processor.py:161} INFO - Started process (PID=6282) to work on /opt/airflow/dags/job_process.py
[2024-01-04T08:50:57.516+0000] {processor.py:830} INFO - Processing file /opt/airflow/dags/job_process.py for tasks to queue
[2024-01-04T08:50:57.520+0000] {logging_mixin.py:188} INFO - [2024-01-04T08:50:57.519+0000] {dagbag.py:538} INFO - Filling up the DagBag from /opt/airflow/dags/job_process.py
[2024-01-04T08:51:02.241+0000] {processor.py:840} INFO - DAG(s) 'job_process' retrieved from /opt/airflow/dags/job_process.py
[2024-01-04T08:51:02.431+0000] {logging_mixin.py:188} INFO - [2024-01-04T08:51:02.429+0000] {dag.py:3033} INFO - Sync 1 DAGs
[2024-01-04T08:51:02.576+0000] {logging_mixin.py:188} INFO - [2024-01-04T08:51:02.576+0000] {dag.py:3820} INFO - Setting next_dagrun for job_process to 2024-01-04T00:00:00+00:00, run_after=2024-01-05T00:00:00+00:00
[2024-01-04T08:51:02.805+0000] {processor.py:183} INFO - Processing /opt/airflow/dags/job_process.py took 5.317 seconds
[2024-01-04T08:51:33.374+0000] {processor.py:161} INFO - Started process (PID=6296) to work on /opt/airflow/dags/job_process.py
[2024-01-04T08:51:33.378+0000] {processor.py:830} INFO - Processing file /opt/airflow/dags/job_process.py for tasks to queue
[2024-01-04T08:51:33.386+0000] {logging_mixin.py:188} INFO - [2024-01-04T08:51:33.383+0000] {dagbag.py:538} INFO - Filling up the DagBag from /opt/airflow/dags/job_process.py
[2024-01-04T08:51:36.085+0000] {processor.py:840} INFO - DAG(s) 'job_process' retrieved from /opt/airflow/dags/job_process.py
[2024-01-04T08:51:36.126+0000] {logging_mixin.py:188} INFO - [2024-01-04T08:51:36.124+0000] {dag.py:3033} INFO - Sync 1 DAGs
[2024-01-04T08:51:36.190+0000] {logging_mixin.py:188} INFO - [2024-01-04T08:51:36.190+0000] {dag.py:3820} INFO - Setting next_dagrun for job_process to 2024-01-04T00:00:00+00:00, run_after=2024-01-05T00:00:00+00:00
[2024-01-04T08:51:36.248+0000] {processor.py:183} INFO - Processing /opt/airflow/dags/job_process.py took 2.882 seconds
[2024-01-04T08:52:06.866+0000] {processor.py:161} INFO - Started process (PID=6305) to work on /opt/airflow/dags/job_process.py
[2024-01-04T08:52:06.873+0000] {processor.py:830} INFO - Processing file /opt/airflow/dags/job_process.py for tasks to queue
[2024-01-04T08:52:06.878+0000] {logging_mixin.py:188} INFO - [2024-01-04T08:52:06.878+0000] {dagbag.py:538} INFO - Filling up the DagBag from /opt/airflow/dags/job_process.py
[2024-01-04T08:52:09.394+0000] {processor.py:840} INFO - DAG(s) 'job_process' retrieved from /opt/airflow/dags/job_process.py
[2024-01-04T08:52:09.460+0000] {logging_mixin.py:188} INFO - [2024-01-04T08:52:09.460+0000] {dag.py:3033} INFO - Sync 1 DAGs
[2024-01-04T08:52:09.507+0000] {logging_mixin.py:188} INFO - [2024-01-04T08:52:09.506+0000] {dag.py:3820} INFO - Setting next_dagrun for job_process to 2024-01-04T00:00:00+00:00, run_after=2024-01-05T00:00:00+00:00
[2024-01-04T08:52:09.570+0000] {processor.py:183} INFO - Processing /opt/airflow/dags/job_process.py took 2.715 seconds
[2024-01-04T08:52:40.131+0000] {processor.py:161} INFO - Started process (PID=6313) to work on /opt/airflow/dags/job_process.py
[2024-01-04T08:52:40.138+0000] {processor.py:830} INFO - Processing file /opt/airflow/dags/job_process.py for tasks to queue
[2024-01-04T08:52:40.141+0000] {logging_mixin.py:188} INFO - [2024-01-04T08:52:40.141+0000] {dagbag.py:538} INFO - Filling up the DagBag from /opt/airflow/dags/job_process.py
[2024-01-04T08:52:43.120+0000] {processor.py:840} INFO - DAG(s) 'job_process' retrieved from /opt/airflow/dags/job_process.py
[2024-01-04T08:52:43.258+0000] {logging_mixin.py:188} INFO - [2024-01-04T08:52:43.257+0000] {dag.py:3033} INFO - Sync 1 DAGs
[2024-01-04T08:52:43.425+0000] {logging_mixin.py:188} INFO - [2024-01-04T08:52:43.424+0000] {dag.py:3820} INFO - Setting next_dagrun for job_process to 2024-01-04T00:00:00+00:00, run_after=2024-01-05T00:00:00+00:00
[2024-01-04T08:52:43.510+0000] {processor.py:183} INFO - Processing /opt/airflow/dags/job_process.py took 3.396 seconds
[2024-01-04T08:53:13.679+0000] {processor.py:161} INFO - Started process (PID=6322) to work on /opt/airflow/dags/job_process.py
[2024-01-04T08:53:13.684+0000] {processor.py:830} INFO - Processing file /opt/airflow/dags/job_process.py for tasks to queue
[2024-01-04T08:53:13.695+0000] {logging_mixin.py:188} INFO - [2024-01-04T08:53:13.695+0000] {dagbag.py:538} INFO - Filling up the DagBag from /opt/airflow/dags/job_process.py
[2024-01-04T08:53:15.530+0000] {processor.py:840} INFO - DAG(s) 'job_process' retrieved from /opt/airflow/dags/job_process.py
[2024-01-04T08:53:15.601+0000] {logging_mixin.py:188} INFO - [2024-01-04T08:53:15.600+0000] {dag.py:3033} INFO - Sync 1 DAGs
[2024-01-04T08:53:15.774+0000] {logging_mixin.py:188} INFO - [2024-01-04T08:53:15.773+0000] {dag.py:3820} INFO - Setting next_dagrun for job_process to 2024-01-04T00:00:00+00:00, run_after=2024-01-05T00:00:00+00:00
[2024-01-04T08:53:15.897+0000] {processor.py:183} INFO - Processing /opt/airflow/dags/job_process.py took 2.231 seconds
[2024-01-04T08:53:46.716+0000] {processor.py:161} INFO - Started process (PID=6331) to work on /opt/airflow/dags/job_process.py
[2024-01-04T08:53:46.737+0000] {processor.py:830} INFO - Processing file /opt/airflow/dags/job_process.py for tasks to queue
[2024-01-04T08:53:46.743+0000] {logging_mixin.py:188} INFO - [2024-01-04T08:53:46.742+0000] {dagbag.py:538} INFO - Filling up the DagBag from /opt/airflow/dags/job_process.py
[2024-01-04T08:53:48.903+0000] {processor.py:840} INFO - DAG(s) 'job_process' retrieved from /opt/airflow/dags/job_process.py
[2024-01-04T08:53:48.967+0000] {logging_mixin.py:188} INFO - [2024-01-04T08:53:48.966+0000] {dag.py:3033} INFO - Sync 1 DAGs
[2024-01-04T08:53:49.033+0000] {logging_mixin.py:188} INFO - [2024-01-04T08:53:49.032+0000] {dag.py:3820} INFO - Setting next_dagrun for job_process to 2024-01-04T00:00:00+00:00, run_after=2024-01-05T00:00:00+00:00
[2024-01-04T08:53:49.076+0000] {processor.py:183} INFO - Processing /opt/airflow/dags/job_process.py took 2.420 seconds
[2024-01-04T08:54:19.819+0000] {processor.py:161} INFO - Started process (PID=6340) to work on /opt/airflow/dags/job_process.py
[2024-01-04T08:54:19.825+0000] {processor.py:830} INFO - Processing file /opt/airflow/dags/job_process.py for tasks to queue
[2024-01-04T08:54:19.829+0000] {logging_mixin.py:188} INFO - [2024-01-04T08:54:19.828+0000] {dagbag.py:538} INFO - Filling up the DagBag from /opt/airflow/dags/job_process.py
[2024-01-04T08:54:22.033+0000] {processor.py:840} INFO - DAG(s) 'job_process' retrieved from /opt/airflow/dags/job_process.py
[2024-01-04T08:54:22.153+0000] {logging_mixin.py:188} INFO - [2024-01-04T08:54:22.151+0000] {dag.py:3033} INFO - Sync 1 DAGs
[2024-01-04T08:54:22.241+0000] {logging_mixin.py:188} INFO - [2024-01-04T08:54:22.240+0000] {dag.py:3820} INFO - Setting next_dagrun for job_process to 2024-01-04T00:00:00+00:00, run_after=2024-01-05T00:00:00+00:00
[2024-01-04T08:54:22.315+0000] {processor.py:183} INFO - Processing /opt/airflow/dags/job_process.py took 2.512 seconds
[2024-01-04T08:54:52.679+0000] {processor.py:161} INFO - Started process (PID=6349) to work on /opt/airflow/dags/job_process.py
[2024-01-04T08:54:52.684+0000] {processor.py:830} INFO - Processing file /opt/airflow/dags/job_process.py for tasks to queue
[2024-01-04T08:54:52.689+0000] {logging_mixin.py:188} INFO - [2024-01-04T08:54:52.687+0000] {dagbag.py:538} INFO - Filling up the DagBag from /opt/airflow/dags/job_process.py
[2024-01-04T08:54:54.375+0000] {processor.py:840} INFO - DAG(s) 'job_process' retrieved from /opt/airflow/dags/job_process.py
[2024-01-04T08:54:54.429+0000] {logging_mixin.py:188} INFO - [2024-01-04T08:54:54.428+0000] {dag.py:3033} INFO - Sync 1 DAGs
[2024-01-04T08:54:54.501+0000] {logging_mixin.py:188} INFO - [2024-01-04T08:54:54.501+0000] {dag.py:3820} INFO - Setting next_dagrun for job_process to 2024-01-04T00:00:00+00:00, run_after=2024-01-05T00:00:00+00:00
[2024-01-04T08:54:54.536+0000] {processor.py:183} INFO - Processing /opt/airflow/dags/job_process.py took 1.869 seconds
[2024-01-04T08:55:24.916+0000] {processor.py:161} INFO - Started process (PID=6358) to work on /opt/airflow/dags/job_process.py
[2024-01-04T08:55:24.920+0000] {processor.py:830} INFO - Processing file /opt/airflow/dags/job_process.py for tasks to queue
[2024-01-04T08:55:24.923+0000] {logging_mixin.py:188} INFO - [2024-01-04T08:55:24.922+0000] {dagbag.py:538} INFO - Filling up the DagBag from /opt/airflow/dags/job_process.py
[2024-01-04T08:55:26.685+0000] {processor.py:840} INFO - DAG(s) 'job_process' retrieved from /opt/airflow/dags/job_process.py
[2024-01-04T08:55:26.774+0000] {logging_mixin.py:188} INFO - [2024-01-04T08:55:26.772+0000] {dag.py:3033} INFO - Sync 1 DAGs
[2024-01-04T08:55:26.873+0000] {logging_mixin.py:188} INFO - [2024-01-04T08:55:26.872+0000] {dag.py:3820} INFO - Setting next_dagrun for job_process to 2024-01-04T00:00:00+00:00, run_after=2024-01-05T00:00:00+00:00
[2024-01-04T08:55:26.928+0000] {processor.py:183} INFO - Processing /opt/airflow/dags/job_process.py took 2.026 seconds
[2024-01-04T08:55:57.656+0000] {processor.py:161} INFO - Started process (PID=6367) to work on /opt/airflow/dags/job_process.py
[2024-01-04T08:55:57.662+0000] {processor.py:830} INFO - Processing file /opt/airflow/dags/job_process.py for tasks to queue
[2024-01-04T08:55:57.667+0000] {logging_mixin.py:188} INFO - [2024-01-04T08:55:57.666+0000] {dagbag.py:538} INFO - Filling up the DagBag from /opt/airflow/dags/job_process.py
[2024-01-04T08:55:59.621+0000] {processor.py:840} INFO - DAG(s) 'job_process' retrieved from /opt/airflow/dags/job_process.py
[2024-01-04T08:55:59.700+0000] {logging_mixin.py:188} INFO - [2024-01-04T08:55:59.698+0000] {dag.py:3033} INFO - Sync 1 DAGs
[2024-01-04T08:55:59.805+0000] {logging_mixin.py:188} INFO - [2024-01-04T08:55:59.804+0000] {dag.py:3820} INFO - Setting next_dagrun for job_process to 2024-01-04T00:00:00+00:00, run_after=2024-01-05T00:00:00+00:00
[2024-01-04T08:55:59.867+0000] {processor.py:183} INFO - Processing /opt/airflow/dags/job_process.py took 2.223 seconds
[2024-01-04T08:56:30.432+0000] {processor.py:161} INFO - Started process (PID=6376) to work on /opt/airflow/dags/job_process.py
[2024-01-04T08:56:30.444+0000] {processor.py:830} INFO - Processing file /opt/airflow/dags/job_process.py for tasks to queue
[2024-01-04T08:56:30.458+0000] {logging_mixin.py:188} INFO - [2024-01-04T08:56:30.457+0000] {dagbag.py:538} INFO - Filling up the DagBag from /opt/airflow/dags/job_process.py
[2024-01-04T08:56:34.134+0000] {processor.py:840} INFO - DAG(s) 'job_process' retrieved from /opt/airflow/dags/job_process.py
[2024-01-04T08:56:34.279+0000] {logging_mixin.py:188} INFO - [2024-01-04T08:56:34.278+0000] {dag.py:3033} INFO - Sync 1 DAGs
[2024-01-04T08:56:34.402+0000] {logging_mixin.py:188} INFO - [2024-01-04T08:56:34.402+0000] {dag.py:3820} INFO - Setting next_dagrun for job_process to 2024-01-04T00:00:00+00:00, run_after=2024-01-05T00:00:00+00:00
[2024-01-04T08:56:34.569+0000] {processor.py:183} INFO - Processing /opt/airflow/dags/job_process.py took 4.147 seconds
[2024-01-04T08:57:02.201+0000] {processor.py:161} INFO - Started process (PID=6385) to work on /opt/airflow/dags/job_process.py
[2024-01-04T08:57:02.203+0000] {processor.py:830} INFO - Processing file /opt/airflow/dags/job_process.py for tasks to queue
[2024-01-04T08:57:02.206+0000] {logging_mixin.py:188} INFO - [2024-01-04T08:57:02.205+0000] {dagbag.py:538} INFO - Filling up the DagBag from /opt/airflow/dags/job_process.py
[2024-01-04T08:57:04.570+0000] {processor.py:840} INFO - DAG(s) 'job_process' retrieved from /opt/airflow/dags/job_process.py
[2024-01-04T08:57:04.624+0000] {logging_mixin.py:188} INFO - [2024-01-04T08:57:04.623+0000] {dag.py:3033} INFO - Sync 1 DAGs
[2024-01-04T08:57:04.709+0000] {logging_mixin.py:188} INFO - [2024-01-04T08:57:04.709+0000] {dag.py:3820} INFO - Setting next_dagrun for job_process to 2024-01-04T00:00:00+00:00, run_after=2024-01-05T00:00:00+00:00
[2024-01-04T08:57:04.774+0000] {processor.py:183} INFO - Processing /opt/airflow/dags/job_process.py took 2.582 seconds
[2024-01-04T08:57:34.954+0000] {processor.py:161} INFO - Started process (PID=6394) to work on /opt/airflow/dags/job_process.py
[2024-01-04T08:57:34.967+0000] {processor.py:830} INFO - Processing file /opt/airflow/dags/job_process.py for tasks to queue
[2024-01-04T08:57:34.979+0000] {logging_mixin.py:188} INFO - [2024-01-04T08:57:34.974+0000] {dagbag.py:538} INFO - Filling up the DagBag from /opt/airflow/dags/job_process.py
[2024-01-04T08:57:38.249+0000] {processor.py:840} INFO - DAG(s) 'job_process' retrieved from /opt/airflow/dags/job_process.py
[2024-01-04T08:57:38.499+0000] {logging_mixin.py:188} INFO - [2024-01-04T08:57:38.498+0000] {dag.py:3033} INFO - Sync 1 DAGs
[2024-01-04T08:57:38.636+0000] {logging_mixin.py:188} INFO - [2024-01-04T08:57:38.636+0000] {dag.py:3820} INFO - Setting next_dagrun for job_process to 2024-01-04T00:00:00+00:00, run_after=2024-01-05T00:00:00+00:00
[2024-01-04T08:57:38.691+0000] {processor.py:183} INFO - Processing /opt/airflow/dags/job_process.py took 3.761 seconds
[2024-01-04T08:58:09.596+0000] {processor.py:161} INFO - Started process (PID=6409) to work on /opt/airflow/dags/job_process.py
[2024-01-04T08:58:09.600+0000] {processor.py:830} INFO - Processing file /opt/airflow/dags/job_process.py for tasks to queue
[2024-01-04T08:58:09.604+0000] {logging_mixin.py:188} INFO - [2024-01-04T08:58:09.603+0000] {dagbag.py:538} INFO - Filling up the DagBag from /opt/airflow/dags/job_process.py
[2024-01-04T08:58:12.553+0000] {processor.py:840} INFO - DAG(s) 'job_process' retrieved from /opt/airflow/dags/job_process.py
[2024-01-04T08:58:12.736+0000] {logging_mixin.py:188} INFO - [2024-01-04T08:58:12.734+0000] {dag.py:3033} INFO - Sync 1 DAGs
[2024-01-04T08:58:12.924+0000] {logging_mixin.py:188} INFO - [2024-01-04T08:58:12.924+0000] {dag.py:3820} INFO - Setting next_dagrun for job_process to 2024-01-04T00:00:00+00:00, run_after=2024-01-05T00:00:00+00:00
[2024-01-04T08:58:13.251+0000] {processor.py:183} INFO - Processing /opt/airflow/dags/job_process.py took 3.708 seconds
[2024-01-04T08:58:44.209+0000] {processor.py:161} INFO - Started process (PID=6417) to work on /opt/airflow/dags/job_process.py
[2024-01-04T08:58:44.220+0000] {processor.py:830} INFO - Processing file /opt/airflow/dags/job_process.py for tasks to queue
[2024-01-04T08:58:44.226+0000] {logging_mixin.py:188} INFO - [2024-01-04T08:58:44.225+0000] {dagbag.py:538} INFO - Filling up the DagBag from /opt/airflow/dags/job_process.py
[2024-01-04T08:58:46.124+0000] {processor.py:840} INFO - DAG(s) 'job_process' retrieved from /opt/airflow/dags/job_process.py
[2024-01-04T08:58:46.215+0000] {logging_mixin.py:188} INFO - [2024-01-04T08:58:46.214+0000] {dag.py:3033} INFO - Sync 1 DAGs
[2024-01-04T08:58:46.282+0000] {logging_mixin.py:188} INFO - [2024-01-04T08:58:46.281+0000] {dag.py:3820} INFO - Setting next_dagrun for job_process to 2024-01-04T00:00:00+00:00, run_after=2024-01-05T00:00:00+00:00
[2024-01-04T08:58:46.340+0000] {processor.py:183} INFO - Processing /opt/airflow/dags/job_process.py took 2.146 seconds
[2024-01-04T08:59:17.098+0000] {processor.py:161} INFO - Started process (PID=6427) to work on /opt/airflow/dags/job_process.py
[2024-01-04T08:59:17.106+0000] {processor.py:830} INFO - Processing file /opt/airflow/dags/job_process.py for tasks to queue
[2024-01-04T08:59:17.110+0000] {logging_mixin.py:188} INFO - [2024-01-04T08:59:17.109+0000] {dagbag.py:538} INFO - Filling up the DagBag from /opt/airflow/dags/job_process.py
[2024-01-04T08:59:18.790+0000] {processor.py:840} INFO - DAG(s) 'job_process' retrieved from /opt/airflow/dags/job_process.py
[2024-01-04T08:59:19.118+0000] {logging_mixin.py:188} INFO - [2024-01-04T08:59:19.117+0000] {dag.py:3033} INFO - Sync 1 DAGs
[2024-01-04T08:59:19.233+0000] {logging_mixin.py:188} INFO - [2024-01-04T08:59:19.233+0000] {dag.py:3820} INFO - Setting next_dagrun for job_process to 2024-01-04T00:00:00+00:00, run_after=2024-01-05T00:00:00+00:00
[2024-01-04T08:59:19.289+0000] {processor.py:183} INFO - Processing /opt/airflow/dags/job_process.py took 2.206 seconds
[2024-01-04T08:59:49.750+0000] {processor.py:161} INFO - Started process (PID=6436) to work on /opt/airflow/dags/job_process.py
[2024-01-04T08:59:49.754+0000] {processor.py:830} INFO - Processing file /opt/airflow/dags/job_process.py for tasks to queue
[2024-01-04T08:59:49.759+0000] {logging_mixin.py:188} INFO - [2024-01-04T08:59:49.758+0000] {dagbag.py:538} INFO - Filling up the DagBag from /opt/airflow/dags/job_process.py
[2024-01-04T08:59:51.276+0000] {processor.py:840} INFO - DAG(s) 'job_process' retrieved from /opt/airflow/dags/job_process.py
[2024-01-04T08:59:51.391+0000] {logging_mixin.py:188} INFO - [2024-01-04T08:59:51.390+0000] {dag.py:3033} INFO - Sync 1 DAGs
[2024-01-04T08:59:51.438+0000] {logging_mixin.py:188} INFO - [2024-01-04T08:59:51.438+0000] {dag.py:3820} INFO - Setting next_dagrun for job_process to 2024-01-04T00:00:00+00:00, run_after=2024-01-05T00:00:00+00:00
[2024-01-04T08:59:51.483+0000] {processor.py:183} INFO - Processing /opt/airflow/dags/job_process.py took 1.740 seconds
[2024-01-04T09:00:22.230+0000] {processor.py:161} INFO - Started process (PID=6446) to work on /opt/airflow/dags/job_process.py
[2024-01-04T09:00:22.247+0000] {processor.py:830} INFO - Processing file /opt/airflow/dags/job_process.py for tasks to queue
[2024-01-04T09:00:22.253+0000] {logging_mixin.py:188} INFO - [2024-01-04T09:00:22.252+0000] {dagbag.py:538} INFO - Filling up the DagBag from /opt/airflow/dags/job_process.py
[2024-01-04T09:00:24.793+0000] {processor.py:840} INFO - DAG(s) 'job_process' retrieved from /opt/airflow/dags/job_process.py
[2024-01-04T09:00:24.954+0000] {logging_mixin.py:188} INFO - [2024-01-04T09:00:24.951+0000] {dag.py:3033} INFO - Sync 1 DAGs
[2024-01-04T09:00:25.096+0000] {logging_mixin.py:188} INFO - [2024-01-04T09:00:25.096+0000] {dag.py:3820} INFO - Setting next_dagrun for job_process to 2024-01-04T00:00:00+00:00, run_after=2024-01-05T00:00:00+00:00
[2024-01-04T09:00:25.155+0000] {processor.py:183} INFO - Processing /opt/airflow/dags/job_process.py took 2.938 seconds
[2024-01-04T09:00:55.467+0000] {processor.py:161} INFO - Started process (PID=6455) to work on /opt/airflow/dags/job_process.py
[2024-01-04T09:00:55.478+0000] {processor.py:830} INFO - Processing file /opt/airflow/dags/job_process.py for tasks to queue
[2024-01-04T09:00:55.488+0000] {logging_mixin.py:188} INFO - [2024-01-04T09:00:55.487+0000] {dagbag.py:538} INFO - Filling up the DagBag from /opt/airflow/dags/job_process.py
[2024-01-04T09:00:56.800+0000] {processor.py:840} INFO - DAG(s) 'job_process' retrieved from /opt/airflow/dags/job_process.py
[2024-01-04T09:00:56.868+0000] {logging_mixin.py:188} INFO - [2024-01-04T09:00:56.867+0000] {dag.py:3033} INFO - Sync 1 DAGs
[2024-01-04T09:00:56.939+0000] {logging_mixin.py:188} INFO - [2024-01-04T09:00:56.939+0000] {dag.py:3820} INFO - Setting next_dagrun for job_process to 2024-01-04T00:00:00+00:00, run_after=2024-01-05T00:00:00+00:00
[2024-01-04T09:00:56.973+0000] {processor.py:183} INFO - Processing /opt/airflow/dags/job_process.py took 1.525 seconds
[2024-01-04T09:01:27.129+0000] {processor.py:161} INFO - Started process (PID=6464) to work on /opt/airflow/dags/job_process.py
[2024-01-04T09:01:27.147+0000] {processor.py:830} INFO - Processing file /opt/airflow/dags/job_process.py for tasks to queue
[2024-01-04T09:01:27.151+0000] {logging_mixin.py:188} INFO - [2024-01-04T09:01:27.151+0000] {dagbag.py:538} INFO - Filling up the DagBag from /opt/airflow/dags/job_process.py
[2024-01-04T09:01:29.210+0000] {processor.py:840} INFO - DAG(s) 'job_process' retrieved from /opt/airflow/dags/job_process.py
[2024-01-04T09:01:29.313+0000] {logging_mixin.py:188} INFO - [2024-01-04T09:01:29.310+0000] {dag.py:3033} INFO - Sync 1 DAGs
[2024-01-04T09:01:29.386+0000] {logging_mixin.py:188} INFO - [2024-01-04T09:01:29.386+0000] {dag.py:3820} INFO - Setting next_dagrun for job_process to 2024-01-04T00:00:00+00:00, run_after=2024-01-05T00:00:00+00:00
[2024-01-04T09:01:29.431+0000] {processor.py:183} INFO - Processing /opt/airflow/dags/job_process.py took 2.318 seconds
[2024-01-04T09:02:00.046+0000] {processor.py:161} INFO - Started process (PID=6473) to work on /opt/airflow/dags/job_process.py
[2024-01-04T09:02:00.057+0000] {processor.py:830} INFO - Processing file /opt/airflow/dags/job_process.py for tasks to queue
[2024-01-04T09:02:00.068+0000] {logging_mixin.py:188} INFO - [2024-01-04T09:02:00.065+0000] {dagbag.py:538} INFO - Filling up the DagBag from /opt/airflow/dags/job_process.py
[2024-01-04T09:02:01.339+0000] {processor.py:840} INFO - DAG(s) 'job_process' retrieved from /opt/airflow/dags/job_process.py
[2024-01-04T09:02:01.420+0000] {logging_mixin.py:188} INFO - [2024-01-04T09:02:01.419+0000] {dag.py:3033} INFO - Sync 1 DAGs
[2024-01-04T09:02:01.505+0000] {logging_mixin.py:188} INFO - [2024-01-04T09:02:01.505+0000] {dag.py:3820} INFO - Setting next_dagrun for job_process to 2024-01-04T00:00:00+00:00, run_after=2024-01-05T00:00:00+00:00
[2024-01-04T09:02:01.586+0000] {processor.py:183} INFO - Processing /opt/airflow/dags/job_process.py took 1.570 seconds
[2024-01-04T09:02:31.878+0000] {processor.py:161} INFO - Started process (PID=6482) to work on /opt/airflow/dags/job_process.py
[2024-01-04T09:02:31.880+0000] {processor.py:830} INFO - Processing file /opt/airflow/dags/job_process.py for tasks to queue
[2024-01-04T09:02:31.882+0000] {logging_mixin.py:188} INFO - [2024-01-04T09:02:31.881+0000] {dagbag.py:538} INFO - Filling up the DagBag from /opt/airflow/dags/job_process.py
[2024-01-04T09:02:33.372+0000] {processor.py:840} INFO - DAG(s) 'job_process' retrieved from /opt/airflow/dags/job_process.py
[2024-01-04T09:02:33.423+0000] {logging_mixin.py:188} INFO - [2024-01-04T09:02:33.422+0000] {dag.py:3033} INFO - Sync 1 DAGs
[2024-01-04T09:02:33.485+0000] {logging_mixin.py:188} INFO - [2024-01-04T09:02:33.484+0000] {dag.py:3820} INFO - Setting next_dagrun for job_process to 2024-01-04T00:00:00+00:00, run_after=2024-01-05T00:00:00+00:00
[2024-01-04T09:02:33.538+0000] {processor.py:183} INFO - Processing /opt/airflow/dags/job_process.py took 1.671 seconds
[2024-01-04T09:03:03.704+0000] {processor.py:161} INFO - Started process (PID=6491) to work on /opt/airflow/dags/job_process.py
[2024-01-04T09:03:03.718+0000] {processor.py:830} INFO - Processing file /opt/airflow/dags/job_process.py for tasks to queue
[2024-01-04T09:03:03.735+0000] {logging_mixin.py:188} INFO - [2024-01-04T09:03:03.734+0000] {dagbag.py:538} INFO - Filling up the DagBag from /opt/airflow/dags/job_process.py
[2024-01-04T09:03:05.498+0000] {processor.py:840} INFO - DAG(s) 'job_process' retrieved from /opt/airflow/dags/job_process.py
[2024-01-04T09:03:05.621+0000] {logging_mixin.py:188} INFO - [2024-01-04T09:03:05.619+0000] {dag.py:3033} INFO - Sync 1 DAGs
[2024-01-04T09:03:05.690+0000] {logging_mixin.py:188} INFO - [2024-01-04T09:03:05.690+0000] {dag.py:3820} INFO - Setting next_dagrun for job_process to 2024-01-04T00:00:00+00:00, run_after=2024-01-05T00:00:00+00:00
[2024-01-04T09:03:05.746+0000] {processor.py:183} INFO - Processing /opt/airflow/dags/job_process.py took 2.066 seconds
[2024-01-04T09:03:36.276+0000] {processor.py:161} INFO - Started process (PID=6500) to work on /opt/airflow/dags/job_process.py
[2024-01-04T09:03:36.282+0000] {processor.py:830} INFO - Processing file /opt/airflow/dags/job_process.py for tasks to queue
[2024-01-04T09:03:36.288+0000] {logging_mixin.py:188} INFO - [2024-01-04T09:03:36.287+0000] {dagbag.py:538} INFO - Filling up the DagBag from /opt/airflow/dags/job_process.py
[2024-01-04T09:03:38.390+0000] {processor.py:840} INFO - DAG(s) 'job_process' retrieved from /opt/airflow/dags/job_process.py
[2024-01-04T09:03:38.481+0000] {logging_mixin.py:188} INFO - [2024-01-04T09:03:38.479+0000] {dag.py:3033} INFO - Sync 1 DAGs
[2024-01-04T09:03:38.571+0000] {logging_mixin.py:188} INFO - [2024-01-04T09:03:38.570+0000] {dag.py:3820} INFO - Setting next_dagrun for job_process to 2024-01-04T00:00:00+00:00, run_after=2024-01-05T00:00:00+00:00
[2024-01-04T09:03:38.617+0000] {processor.py:183} INFO - Processing /opt/airflow/dags/job_process.py took 2.357 seconds
[2024-01-04T09:04:09.310+0000] {processor.py:161} INFO - Started process (PID=6508) to work on /opt/airflow/dags/job_process.py
[2024-01-04T09:04:09.323+0000] {processor.py:830} INFO - Processing file /opt/airflow/dags/job_process.py for tasks to queue
[2024-01-04T09:04:09.335+0000] {logging_mixin.py:188} INFO - [2024-01-04T09:04:09.334+0000] {dagbag.py:538} INFO - Filling up the DagBag from /opt/airflow/dags/job_process.py
[2024-01-04T09:04:12.745+0000] {processor.py:840} INFO - DAG(s) 'job_process' retrieved from /opt/airflow/dags/job_process.py
[2024-01-04T09:04:12.944+0000] {logging_mixin.py:188} INFO - [2024-01-04T09:04:12.939+0000] {dag.py:3033} INFO - Sync 1 DAGs
[2024-01-04T09:04:13.143+0000] {logging_mixin.py:188} INFO - [2024-01-04T09:04:13.139+0000] {dag.py:3820} INFO - Setting next_dagrun for job_process to 2024-01-04T00:00:00+00:00, run_after=2024-01-05T00:00:00+00:00
[2024-01-04T09:04:13.289+0000] {processor.py:183} INFO - Processing /opt/airflow/dags/job_process.py took 3.993 seconds
[2024-01-04T09:04:44.061+0000] {processor.py:161} INFO - Started process (PID=6517) to work on /opt/airflow/dags/job_process.py
[2024-01-04T09:04:44.081+0000] {processor.py:830} INFO - Processing file /opt/airflow/dags/job_process.py for tasks to queue
[2024-01-04T09:04:44.083+0000] {logging_mixin.py:188} INFO - [2024-01-04T09:04:44.082+0000] {dagbag.py:538} INFO - Filling up the DagBag from /opt/airflow/dags/job_process.py
[2024-01-04T09:04:46.601+0000] {processor.py:840} INFO - DAG(s) 'job_process' retrieved from /opt/airflow/dags/job_process.py
[2024-01-04T09:04:46.669+0000] {logging_mixin.py:188} INFO - [2024-01-04T09:04:46.668+0000] {dag.py:3033} INFO - Sync 1 DAGs
[2024-01-04T09:04:46.757+0000] {logging_mixin.py:188} INFO - [2024-01-04T09:04:46.757+0000] {dag.py:3820} INFO - Setting next_dagrun for job_process to 2024-01-04T00:00:00+00:00, run_after=2024-01-05T00:00:00+00:00
[2024-01-04T09:04:46.842+0000] {processor.py:183} INFO - Processing /opt/airflow/dags/job_process.py took 2.792 seconds
[2024-01-04T09:05:16.922+0000] {processor.py:161} INFO - Started process (PID=6533) to work on /opt/airflow/dags/job_process.py
[2024-01-04T09:05:16.927+0000] {processor.py:830} INFO - Processing file /opt/airflow/dags/job_process.py for tasks to queue
[2024-01-04T09:05:16.931+0000] {logging_mixin.py:188} INFO - [2024-01-04T09:05:16.930+0000] {dagbag.py:538} INFO - Filling up the DagBag from /opt/airflow/dags/job_process.py
[2024-01-04T09:05:18.205+0000] {processor.py:840} INFO - DAG(s) 'job_process' retrieved from /opt/airflow/dags/job_process.py
[2024-01-04T09:05:18.272+0000] {logging_mixin.py:188} INFO - [2024-01-04T09:05:18.271+0000] {dag.py:3033} INFO - Sync 1 DAGs
[2024-01-04T09:05:18.335+0000] {logging_mixin.py:188} INFO - [2024-01-04T09:05:18.334+0000] {dag.py:3820} INFO - Setting next_dagrun for job_process to 2024-01-04T00:00:00+00:00, run_after=2024-01-05T00:00:00+00:00
[2024-01-04T09:05:18.379+0000] {processor.py:183} INFO - Processing /opt/airflow/dags/job_process.py took 1.467 seconds
[2024-01-04T09:05:48.690+0000] {processor.py:161} INFO - Started process (PID=6542) to work on /opt/airflow/dags/job_process.py
[2024-01-04T09:05:48.698+0000] {processor.py:830} INFO - Processing file /opt/airflow/dags/job_process.py for tasks to queue
[2024-01-04T09:05:48.705+0000] {logging_mixin.py:188} INFO - [2024-01-04T09:05:48.704+0000] {dagbag.py:538} INFO - Filling up the DagBag from /opt/airflow/dags/job_process.py
[2024-01-04T09:05:51.369+0000] {processor.py:840} INFO - DAG(s) 'job_process' retrieved from /opt/airflow/dags/job_process.py
[2024-01-04T09:05:51.787+0000] {logging_mixin.py:188} INFO - [2024-01-04T09:05:51.783+0000] {dag.py:3033} INFO - Sync 1 DAGs
[2024-01-04T09:05:52.000+0000] {logging_mixin.py:188} INFO - [2024-01-04T09:05:51.998+0000] {dag.py:3820} INFO - Setting next_dagrun for job_process to 2024-01-04T00:00:00+00:00, run_after=2024-01-05T00:00:00+00:00
[2024-01-04T09:05:52.041+0000] {processor.py:183} INFO - Processing /opt/airflow/dags/job_process.py took 3.372 seconds
[2024-01-04T09:06:22.532+0000] {processor.py:161} INFO - Started process (PID=6551) to work on /opt/airflow/dags/job_process.py
[2024-01-04T09:06:22.540+0000] {processor.py:830} INFO - Processing file /opt/airflow/dags/job_process.py for tasks to queue
[2024-01-04T09:06:22.545+0000] {logging_mixin.py:188} INFO - [2024-01-04T09:06:22.544+0000] {dagbag.py:538} INFO - Filling up the DagBag from /opt/airflow/dags/job_process.py
[2024-01-04T09:06:23.928+0000] {processor.py:840} INFO - DAG(s) 'job_process' retrieved from /opt/airflow/dags/job_process.py
[2024-01-04T09:06:24.009+0000] {logging_mixin.py:188} INFO - [2024-01-04T09:06:23.999+0000] {dag.py:3033} INFO - Sync 1 DAGs
[2024-01-04T09:06:24.074+0000] {logging_mixin.py:188} INFO - [2024-01-04T09:06:24.074+0000] {dag.py:3820} INFO - Setting next_dagrun for job_process to 2024-01-04T00:00:00+00:00, run_after=2024-01-05T00:00:00+00:00
[2024-01-04T09:06:24.109+0000] {processor.py:183} INFO - Processing /opt/airflow/dags/job_process.py took 1.602 seconds
[2024-01-04T09:06:55.025+0000] {processor.py:161} INFO - Started process (PID=6560) to work on /opt/airflow/dags/job_process.py
[2024-01-04T09:06:55.036+0000] {processor.py:830} INFO - Processing file /opt/airflow/dags/job_process.py for tasks to queue
[2024-01-04T09:06:55.050+0000] {logging_mixin.py:188} INFO - [2024-01-04T09:06:55.045+0000] {dagbag.py:538} INFO - Filling up the DagBag from /opt/airflow/dags/job_process.py
[2024-01-04T09:06:57.832+0000] {processor.py:840} INFO - DAG(s) 'job_process' retrieved from /opt/airflow/dags/job_process.py
[2024-01-04T09:06:57.933+0000] {logging_mixin.py:188} INFO - [2024-01-04T09:06:57.932+0000] {dag.py:3033} INFO - Sync 1 DAGs
[2024-01-04T09:06:58.075+0000] {logging_mixin.py:188} INFO - [2024-01-04T09:06:58.074+0000] {dag.py:3820} INFO - Setting next_dagrun for job_process to 2024-01-04T00:00:00+00:00, run_after=2024-01-05T00:00:00+00:00
[2024-01-04T09:06:58.222+0000] {processor.py:183} INFO - Processing /opt/airflow/dags/job_process.py took 3.253 seconds
[2024-01-04T09:07:28.979+0000] {processor.py:161} INFO - Started process (PID=6569) to work on /opt/airflow/dags/job_process.py
[2024-01-04T09:07:28.985+0000] {processor.py:830} INFO - Processing file /opt/airflow/dags/job_process.py for tasks to queue
[2024-01-04T09:07:28.992+0000] {logging_mixin.py:188} INFO - [2024-01-04T09:07:28.992+0000] {dagbag.py:538} INFO - Filling up the DagBag from /opt/airflow/dags/job_process.py
[2024-01-04T09:07:34.623+0000] {processor.py:840} INFO - DAG(s) 'job_process' retrieved from /opt/airflow/dags/job_process.py
[2024-01-04T09:07:34.776+0000] {logging_mixin.py:188} INFO - [2024-01-04T09:07:34.776+0000] {dag.py:3033} INFO - Sync 1 DAGs
[2024-01-04T09:07:34.843+0000] {logging_mixin.py:188} INFO - [2024-01-04T09:07:34.843+0000] {dag.py:3820} INFO - Setting next_dagrun for job_process to 2024-01-04T00:00:00+00:00, run_after=2024-01-05T00:00:00+00:00
[2024-01-04T09:07:35.042+0000] {processor.py:183} INFO - Processing /opt/airflow/dags/job_process.py took 6.076 seconds
[2024-01-04T09:08:05.541+0000] {processor.py:161} INFO - Started process (PID=6579) to work on /opt/airflow/dags/job_process.py
[2024-01-04T09:08:05.547+0000] {processor.py:830} INFO - Processing file /opt/airflow/dags/job_process.py for tasks to queue
[2024-01-04T09:08:05.551+0000] {logging_mixin.py:188} INFO - [2024-01-04T09:08:05.550+0000] {dagbag.py:538} INFO - Filling up the DagBag from /opt/airflow/dags/job_process.py
[2024-01-04T09:08:07.626+0000] {processor.py:840} INFO - DAG(s) 'job_process' retrieved from /opt/airflow/dags/job_process.py
[2024-01-04T09:08:07.713+0000] {logging_mixin.py:188} INFO - [2024-01-04T09:08:07.711+0000] {dag.py:3033} INFO - Sync 1 DAGs
[2024-01-04T09:08:08.514+0000] {logging_mixin.py:188} INFO - [2024-01-04T09:08:08.514+0000] {dag.py:3820} INFO - Setting next_dagrun for job_process to 2024-01-04T00:00:00+00:00, run_after=2024-01-05T00:00:00+00:00
[2024-01-04T09:08:08.650+0000] {processor.py:183} INFO - Processing /opt/airflow/dags/job_process.py took 3.128 seconds
[2024-01-04T09:08:13.703+0000] {processor.py:161} INFO - Started process (PID=6581) to work on /opt/airflow/dags/job_process.py
[2024-01-04T09:08:13.717+0000] {processor.py:830} INFO - Processing file /opt/airflow/dags/job_process.py for tasks to queue
[2024-01-04T09:08:13.723+0000] {logging_mixin.py:188} INFO - [2024-01-04T09:08:13.722+0000] {dagbag.py:538} INFO - Filling up the DagBag from /opt/airflow/dags/job_process.py
[2024-01-04T09:08:17.915+0000] {processor.py:840} INFO - DAG(s) 'job_process' retrieved from /opt/airflow/dags/job_process.py
[2024-01-04T09:08:18.811+0000] {logging_mixin.py:188} INFO - [2024-01-04T09:08:18.810+0000] {dag.py:3033} INFO - Sync 1 DAGs
[2024-01-04T09:08:19.251+0000] {logging_mixin.py:188} INFO - [2024-01-04T09:08:19.242+0000] {dag.py:3820} INFO - Setting next_dagrun for job_process to 2024-01-04T00:00:00+00:00, run_after=2024-01-05T00:00:00+00:00
[2024-01-04T09:08:19.689+0000] {processor.py:183} INFO - Processing /opt/airflow/dags/job_process.py took 6.031 seconds
[2024-01-04T09:08:50.672+0000] {processor.py:161} INFO - Started process (PID=6590) to work on /opt/airflow/dags/job_process.py
[2024-01-04T09:08:50.687+0000] {processor.py:830} INFO - Processing file /opt/airflow/dags/job_process.py for tasks to queue
[2024-01-04T09:08:50.690+0000] {logging_mixin.py:188} INFO - [2024-01-04T09:08:50.689+0000] {dagbag.py:538} INFO - Filling up the DagBag from /opt/airflow/dags/job_process.py
[2024-01-04T09:08:55.002+0000] {processor.py:840} INFO - DAG(s) 'job_process' retrieved from /opt/airflow/dags/job_process.py
[2024-01-04T09:08:55.106+0000] {logging_mixin.py:188} INFO - [2024-01-04T09:08:55.105+0000] {dag.py:3033} INFO - Sync 1 DAGs
[2024-01-04T09:08:55.306+0000] {logging_mixin.py:188} INFO - [2024-01-04T09:08:55.305+0000] {dag.py:3820} INFO - Setting next_dagrun for job_process to 2024-01-04T00:00:00+00:00, run_after=2024-01-05T00:00:00+00:00
[2024-01-04T09:08:56.137+0000] {processor.py:183} INFO - Processing /opt/airflow/dags/job_process.py took 5.503 seconds
[2024-01-04T09:09:26.666+0000] {processor.py:161} INFO - Started process (PID=6604) to work on /opt/airflow/dags/job_process.py
[2024-01-04T09:09:26.682+0000] {processor.py:830} INFO - Processing file /opt/airflow/dags/job_process.py for tasks to queue
[2024-01-04T09:09:26.728+0000] {logging_mixin.py:188} INFO - [2024-01-04T09:09:26.706+0000] {dagbag.py:538} INFO - Filling up the DagBag from /opt/airflow/dags/job_process.py
[2024-01-04T09:09:29.229+0000] {processor.py:840} INFO - DAG(s) 'job_process' retrieved from /opt/airflow/dags/job_process.py
[2024-01-04T09:09:29.385+0000] {logging_mixin.py:188} INFO - [2024-01-04T09:09:29.384+0000] {dag.py:3033} INFO - Sync 1 DAGs
[2024-01-04T09:09:29.861+0000] {logging_mixin.py:188} INFO - [2024-01-04T09:09:29.861+0000] {dag.py:3820} INFO - Setting next_dagrun for job_process to 2024-01-04T00:00:00+00:00, run_after=2024-01-05T00:00:00+00:00
[2024-01-04T09:09:29.906+0000] {processor.py:183} INFO - Processing /opt/airflow/dags/job_process.py took 3.264 seconds
[2024-01-04T09:09:31.880+0000] {processor.py:161} INFO - Started process (PID=6606) to work on /opt/airflow/dags/job_process.py
[2024-01-04T09:09:31.900+0000] {processor.py:830} INFO - Processing file /opt/airflow/dags/job_process.py for tasks to queue
[2024-01-04T09:09:31.905+0000] {logging_mixin.py:188} INFO - [2024-01-04T09:09:31.905+0000] {dagbag.py:538} INFO - Filling up the DagBag from /opt/airflow/dags/job_process.py
[2024-01-04T09:09:36.099+0000] {processor.py:840} INFO - DAG(s) 'job_process' retrieved from /opt/airflow/dags/job_process.py
[2024-01-04T09:09:37.198+0000] {logging_mixin.py:188} INFO - [2024-01-04T09:09:37.192+0000] {dag.py:3033} INFO - Sync 1 DAGs
[2024-01-04T09:09:37.363+0000] {logging_mixin.py:188} INFO - [2024-01-04T09:09:37.362+0000] {dag.py:3820} INFO - Setting next_dagrun for job_process to 2024-01-04T00:00:00+00:00, run_after=2024-01-05T00:00:00+00:00
[2024-01-04T09:09:37.437+0000] {processor.py:183} INFO - Processing /opt/airflow/dags/job_process.py took 5.587 seconds
[2024-01-04T09:10:08.200+0000] {processor.py:161} INFO - Started process (PID=6617) to work on /opt/airflow/dags/job_process.py
[2024-01-04T09:10:08.381+0000] {processor.py:830} INFO - Processing file /opt/airflow/dags/job_process.py for tasks to queue
[2024-01-04T09:10:08.386+0000] {logging_mixin.py:188} INFO - [2024-01-04T09:10:08.385+0000] {dagbag.py:538} INFO - Filling up the DagBag from /opt/airflow/dags/job_process.py
[2024-01-04T09:10:11.153+0000] {processor.py:840} INFO - DAG(s) 'job_process' retrieved from /opt/airflow/dags/job_process.py
[2024-01-04T09:10:11.246+0000] {logging_mixin.py:188} INFO - [2024-01-04T09:10:11.245+0000] {dag.py:3033} INFO - Sync 1 DAGs
[2024-01-04T09:10:11.905+0000] {logging_mixin.py:188} INFO - [2024-01-04T09:10:11.897+0000] {dag.py:3820} INFO - Setting next_dagrun for job_process to 2024-01-04T00:00:00+00:00, run_after=2024-01-05T00:00:00+00:00
[2024-01-04T09:10:12.040+0000] {processor.py:183} INFO - Processing /opt/airflow/dags/job_process.py took 3.952 seconds
[2024-01-04T09:10:42.341+0000] {processor.py:161} INFO - Started process (PID=6626) to work on /opt/airflow/dags/job_process.py
[2024-01-04T09:10:42.346+0000] {processor.py:830} INFO - Processing file /opt/airflow/dags/job_process.py for tasks to queue
[2024-01-04T09:10:42.350+0000] {logging_mixin.py:188} INFO - [2024-01-04T09:10:42.350+0000] {dagbag.py:538} INFO - Filling up the DagBag from /opt/airflow/dags/job_process.py
[2024-01-04T09:10:44.387+0000] {processor.py:840} INFO - DAG(s) 'job_process' retrieved from /opt/airflow/dags/job_process.py
[2024-01-04T09:10:44.746+0000] {logging_mixin.py:188} INFO - [2024-01-04T09:10:44.745+0000] {dag.py:3033} INFO - Sync 1 DAGs
[2024-01-04T09:10:44.889+0000] {logging_mixin.py:188} INFO - [2024-01-04T09:10:44.889+0000] {dag.py:3820} INFO - Setting next_dagrun for job_process to 2024-01-04T00:00:00+00:00, run_after=2024-01-05T00:00:00+00:00
[2024-01-04T09:10:44.940+0000] {processor.py:183} INFO - Processing /opt/airflow/dags/job_process.py took 2.610 seconds
[2024-01-04T09:11:15.183+0000] {processor.py:161} INFO - Started process (PID=6635) to work on /opt/airflow/dags/job_process.py
[2024-01-04T09:11:15.187+0000] {processor.py:830} INFO - Processing file /opt/airflow/dags/job_process.py for tasks to queue
[2024-01-04T09:11:15.192+0000] {logging_mixin.py:188} INFO - [2024-01-04T09:11:15.191+0000] {dagbag.py:538} INFO - Filling up the DagBag from /opt/airflow/dags/job_process.py
[2024-01-04T09:11:16.784+0000] {processor.py:840} INFO - DAG(s) 'job_process' retrieved from /opt/airflow/dags/job_process.py
[2024-01-04T09:11:16.857+0000] {logging_mixin.py:188} INFO - [2024-01-04T09:11:16.855+0000] {dag.py:3033} INFO - Sync 1 DAGs
[2024-01-04T09:11:16.956+0000] {logging_mixin.py:188} INFO - [2024-01-04T09:11:16.956+0000] {dag.py:3820} INFO - Setting next_dagrun for job_process to 2024-01-04T00:00:00+00:00, run_after=2024-01-05T00:00:00+00:00
[2024-01-04T09:11:17.015+0000] {processor.py:183} INFO - Processing /opt/airflow/dags/job_process.py took 1.844 seconds
[2024-01-04T09:11:47.442+0000] {processor.py:161} INFO - Started process (PID=6644) to work on /opt/airflow/dags/job_process.py
[2024-01-04T09:11:47.447+0000] {processor.py:830} INFO - Processing file /opt/airflow/dags/job_process.py for tasks to queue
[2024-01-04T09:11:47.451+0000] {logging_mixin.py:188} INFO - [2024-01-04T09:11:47.450+0000] {dagbag.py:538} INFO - Filling up the DagBag from /opt/airflow/dags/job_process.py
[2024-01-04T09:11:49.202+0000] {processor.py:840} INFO - DAG(s) 'job_process' retrieved from /opt/airflow/dags/job_process.py
[2024-01-04T09:11:49.273+0000] {logging_mixin.py:188} INFO - [2024-01-04T09:11:49.272+0000] {dag.py:3033} INFO - Sync 1 DAGs
[2024-01-04T09:11:49.347+0000] {logging_mixin.py:188} INFO - [2024-01-04T09:11:49.347+0000] {dag.py:3820} INFO - Setting next_dagrun for job_process to 2024-01-04T00:00:00+00:00, run_after=2024-01-05T00:00:00+00:00
[2024-01-04T09:11:49.387+0000] {processor.py:183} INFO - Processing /opt/airflow/dags/job_process.py took 1.962 seconds
[2024-01-04T09:12:19.693+0000] {processor.py:161} INFO - Started process (PID=6653) to work on /opt/airflow/dags/job_process.py
[2024-01-04T09:12:19.697+0000] {processor.py:830} INFO - Processing file /opt/airflow/dags/job_process.py for tasks to queue
[2024-01-04T09:12:19.700+0000] {logging_mixin.py:188} INFO - [2024-01-04T09:12:19.700+0000] {dagbag.py:538} INFO - Filling up the DagBag from /opt/airflow/dags/job_process.py
[2024-01-04T09:12:21.497+0000] {processor.py:840} INFO - DAG(s) 'job_process' retrieved from /opt/airflow/dags/job_process.py
[2024-01-04T09:12:21.642+0000] {logging_mixin.py:188} INFO - [2024-01-04T09:12:21.634+0000] {dag.py:3033} INFO - Sync 1 DAGs
[2024-01-04T09:12:21.732+0000] {logging_mixin.py:188} INFO - [2024-01-04T09:12:21.731+0000] {dag.py:3820} INFO - Setting next_dagrun for job_process to 2024-01-04T00:00:00+00:00, run_after=2024-01-05T00:00:00+00:00
[2024-01-04T09:12:21.823+0000] {processor.py:183} INFO - Processing /opt/airflow/dags/job_process.py took 2.142 seconds
[2024-01-04T09:12:52.143+0000] {processor.py:161} INFO - Started process (PID=6662) to work on /opt/airflow/dags/job_process.py
[2024-01-04T09:12:52.151+0000] {processor.py:830} INFO - Processing file /opt/airflow/dags/job_process.py for tasks to queue
[2024-01-04T09:12:52.190+0000] {logging_mixin.py:188} INFO - [2024-01-04T09:12:52.184+0000] {dagbag.py:538} INFO - Filling up the DagBag from /opt/airflow/dags/job_process.py
[2024-01-04T09:12:56.355+0000] {processor.py:840} INFO - DAG(s) 'job_process' retrieved from /opt/airflow/dags/job_process.py
[2024-01-04T09:12:56.579+0000] {logging_mixin.py:188} INFO - [2024-01-04T09:12:56.577+0000] {dag.py:3033} INFO - Sync 1 DAGs
[2024-01-04T09:12:57.879+0000] {logging_mixin.py:188} INFO - [2024-01-04T09:12:57.879+0000] {dag.py:3820} INFO - Setting next_dagrun for job_process to 2024-01-04T00:00:00+00:00, run_after=2024-01-05T00:00:00+00:00
[2024-01-04T09:12:58.080+0000] {processor.py:183} INFO - Processing /opt/airflow/dags/job_process.py took 5.990 seconds
[2024-01-04T09:13:29.187+0000] {processor.py:161} INFO - Started process (PID=6676) to work on /opt/airflow/dags/job_process.py
[2024-01-04T09:13:29.199+0000] {processor.py:830} INFO - Processing file /opt/airflow/dags/job_process.py for tasks to queue
[2024-01-04T09:13:29.216+0000] {logging_mixin.py:188} INFO - [2024-01-04T09:13:29.215+0000] {dagbag.py:538} INFO - Filling up the DagBag from /opt/airflow/dags/job_process.py
[2024-01-04T09:13:33.704+0000] {processor.py:840} INFO - DAG(s) 'job_process' retrieved from /opt/airflow/dags/job_process.py
[2024-01-04T09:13:33.976+0000] {logging_mixin.py:188} INFO - [2024-01-04T09:13:33.975+0000] {dag.py:3033} INFO - Sync 1 DAGs
[2024-01-04T09:13:34.133+0000] {logging_mixin.py:188} INFO - [2024-01-04T09:13:34.132+0000] {dag.py:3820} INFO - Setting next_dagrun for job_process to 2024-01-04T00:00:00+00:00, run_after=2024-01-05T00:00:00+00:00
[2024-01-04T09:13:34.295+0000] {processor.py:183} INFO - Processing /opt/airflow/dags/job_process.py took 5.136 seconds
[2024-01-04T09:14:05.204+0000] {processor.py:161} INFO - Started process (PID=6684) to work on /opt/airflow/dags/job_process.py
[2024-01-04T09:14:05.210+0000] {processor.py:830} INFO - Processing file /opt/airflow/dags/job_process.py for tasks to queue
[2024-01-04T09:14:05.216+0000] {logging_mixin.py:188} INFO - [2024-01-04T09:14:05.215+0000] {dagbag.py:538} INFO - Filling up the DagBag from /opt/airflow/dags/job_process.py
[2024-01-04T09:14:08.378+0000] {processor.py:840} INFO - DAG(s) 'job_process' retrieved from /opt/airflow/dags/job_process.py
[2024-01-04T09:14:08.487+0000] {logging_mixin.py:188} INFO - [2024-01-04T09:14:08.486+0000] {dag.py:3033} INFO - Sync 1 DAGs
[2024-01-04T09:14:08.608+0000] {logging_mixin.py:188} INFO - [2024-01-04T09:14:08.607+0000] {dag.py:3820} INFO - Setting next_dagrun for job_process to 2024-01-04T00:00:00+00:00, run_after=2024-01-05T00:00:00+00:00
[2024-01-04T09:14:09.410+0000] {processor.py:183} INFO - Processing /opt/airflow/dags/job_process.py took 4.220 seconds
[2024-01-04T09:14:40.127+0000] {processor.py:161} INFO - Started process (PID=6693) to work on /opt/airflow/dags/job_process.py
[2024-01-04T09:14:40.130+0000] {processor.py:830} INFO - Processing file /opt/airflow/dags/job_process.py for tasks to queue
[2024-01-04T09:14:40.134+0000] {logging_mixin.py:188} INFO - [2024-01-04T09:14:40.133+0000] {dagbag.py:538} INFO - Filling up the DagBag from /opt/airflow/dags/job_process.py
[2024-01-04T09:14:42.112+0000] {processor.py:840} INFO - DAG(s) 'job_process' retrieved from /opt/airflow/dags/job_process.py
[2024-01-04T09:14:42.173+0000] {logging_mixin.py:188} INFO - [2024-01-04T09:14:42.172+0000] {dag.py:3033} INFO - Sync 1 DAGs
[2024-01-04T09:14:42.247+0000] {logging_mixin.py:188} INFO - [2024-01-04T09:14:42.246+0000] {dag.py:3820} INFO - Setting next_dagrun for job_process to 2024-01-04T00:00:00+00:00, run_after=2024-01-05T00:00:00+00:00
[2024-01-04T09:14:42.279+0000] {processor.py:183} INFO - Processing /opt/airflow/dags/job_process.py took 2.165 seconds
[2024-01-04T09:15:12.985+0000] {processor.py:161} INFO - Started process (PID=6702) to work on /opt/airflow/dags/job_process.py
[2024-01-04T09:15:12.991+0000] {processor.py:830} INFO - Processing file /opt/airflow/dags/job_process.py for tasks to queue
[2024-01-04T09:15:12.995+0000] {logging_mixin.py:188} INFO - [2024-01-04T09:15:12.994+0000] {dagbag.py:538} INFO - Filling up the DagBag from /opt/airflow/dags/job_process.py
[2024-01-04T09:15:14.925+0000] {processor.py:840} INFO - DAG(s) 'job_process' retrieved from /opt/airflow/dags/job_process.py
[2024-01-04T09:15:14.997+0000] {logging_mixin.py:188} INFO - [2024-01-04T09:15:14.996+0000] {dag.py:3033} INFO - Sync 1 DAGs
[2024-01-04T09:15:15.058+0000] {logging_mixin.py:188} INFO - [2024-01-04T09:15:15.058+0000] {dag.py:3820} INFO - Setting next_dagrun for job_process to 2024-01-04T00:00:00+00:00, run_after=2024-01-05T00:00:00+00:00
[2024-01-04T09:15:15.091+0000] {processor.py:183} INFO - Processing /opt/airflow/dags/job_process.py took 2.123 seconds
[2024-01-04T09:15:45.628+0000] {processor.py:161} INFO - Started process (PID=6711) to work on /opt/airflow/dags/job_process.py
[2024-01-04T09:15:45.634+0000] {processor.py:830} INFO - Processing file /opt/airflow/dags/job_process.py for tasks to queue
[2024-01-04T09:15:45.641+0000] {logging_mixin.py:188} INFO - [2024-01-04T09:15:45.640+0000] {dagbag.py:538} INFO - Filling up the DagBag from /opt/airflow/dags/job_process.py
[2024-01-04T09:15:48.516+0000] {processor.py:840} INFO - DAG(s) 'job_process' retrieved from /opt/airflow/dags/job_process.py
[2024-01-04T09:15:48.811+0000] {logging_mixin.py:188} INFO - [2024-01-04T09:15:48.810+0000] {dag.py:3033} INFO - Sync 1 DAGs
[2024-01-04T09:15:50.587+0000] {logging_mixin.py:188} INFO - [2024-01-04T09:15:50.587+0000] {dag.py:3820} INFO - Setting next_dagrun for job_process to 2024-01-04T00:00:00+00:00, run_after=2024-01-05T00:00:00+00:00
[2024-01-04T09:15:50.694+0000] {processor.py:183} INFO - Processing /opt/airflow/dags/job_process.py took 5.080 seconds
[2024-01-04T09:16:21.130+0000] {processor.py:161} INFO - Started process (PID=6719) to work on /opt/airflow/dags/job_process.py
[2024-01-04T09:16:21.139+0000] {processor.py:830} INFO - Processing file /opt/airflow/dags/job_process.py for tasks to queue
[2024-01-04T09:16:21.146+0000] {logging_mixin.py:188} INFO - [2024-01-04T09:16:21.144+0000] {dagbag.py:538} INFO - Filling up the DagBag from /opt/airflow/dags/job_process.py
[2024-01-04T09:16:24.733+0000] {processor.py:840} INFO - DAG(s) 'job_process' retrieved from /opt/airflow/dags/job_process.py
[2024-01-04T09:16:24.808+0000] {logging_mixin.py:188} INFO - [2024-01-04T09:16:24.806+0000] {dag.py:3033} INFO - Sync 1 DAGs
[2024-01-04T09:16:24.891+0000] {logging_mixin.py:188} INFO - [2024-01-04T09:16:24.890+0000] {dag.py:3820} INFO - Setting next_dagrun for job_process to 2024-01-04T00:00:00+00:00, run_after=2024-01-05T00:00:00+00:00
[2024-01-04T09:16:24.925+0000] {processor.py:183} INFO - Processing /opt/airflow/dags/job_process.py took 3.810 seconds
[2024-01-04T09:16:55.433+0000] {processor.py:161} INFO - Started process (PID=6726) to work on /opt/airflow/dags/job_process.py
[2024-01-04T09:16:55.452+0000] {processor.py:830} INFO - Processing file /opt/airflow/dags/job_process.py for tasks to queue
[2024-01-04T09:16:55.456+0000] {logging_mixin.py:188} INFO - [2024-01-04T09:16:55.455+0000] {dagbag.py:538} INFO - Filling up the DagBag from /opt/airflow/dags/job_process.py
[2024-01-04T09:16:58.433+0000] {processor.py:840} INFO - DAG(s) 'job_process' retrieved from /opt/airflow/dags/job_process.py
[2024-01-04T09:16:58.554+0000] {logging_mixin.py:188} INFO - [2024-01-04T09:16:58.552+0000] {dag.py:3033} INFO - Sync 1 DAGs
[2024-01-04T09:16:58.703+0000] {logging_mixin.py:188} INFO - [2024-01-04T09:16:58.702+0000] {dag.py:3820} INFO - Setting next_dagrun for job_process to 2024-01-04T00:00:00+00:00, run_after=2024-01-05T00:00:00+00:00
[2024-01-04T09:16:59.172+0000] {processor.py:183} INFO - Processing /opt/airflow/dags/job_process.py took 3.768 seconds
[2024-01-04T09:17:29.621+0000] {processor.py:161} INFO - Started process (PID=6734) to work on /opt/airflow/dags/job_process.py
[2024-01-04T09:17:29.627+0000] {processor.py:830} INFO - Processing file /opt/airflow/dags/job_process.py for tasks to queue
[2024-01-04T09:17:29.630+0000] {logging_mixin.py:188} INFO - [2024-01-04T09:17:29.629+0000] {dagbag.py:538} INFO - Filling up the DagBag from /opt/airflow/dags/job_process.py
[2024-01-04T09:17:32.722+0000] {processor.py:840} INFO - DAG(s) 'job_process' retrieved from /opt/airflow/dags/job_process.py
[2024-01-04T09:17:32.779+0000] {logging_mixin.py:188} INFO - [2024-01-04T09:17:32.777+0000] {dag.py:3033} INFO - Sync 1 DAGs
[2024-01-04T09:17:32.874+0000] {logging_mixin.py:188} INFO - [2024-01-04T09:17:32.874+0000] {dag.py:3820} INFO - Setting next_dagrun for job_process to 2024-01-04T00:00:00+00:00, run_after=2024-01-05T00:00:00+00:00
[2024-01-04T09:17:32.985+0000] {processor.py:183} INFO - Processing /opt/airflow/dags/job_process.py took 3.378 seconds
[2024-01-04T09:18:03.222+0000] {processor.py:161} INFO - Started process (PID=6747) to work on /opt/airflow/dags/job_process.py
[2024-01-04T09:18:03.229+0000] {processor.py:830} INFO - Processing file /opt/airflow/dags/job_process.py for tasks to queue
[2024-01-04T09:18:03.238+0000] {logging_mixin.py:188} INFO - [2024-01-04T09:18:03.237+0000] {dagbag.py:538} INFO - Filling up the DagBag from /opt/airflow/dags/job_process.py
[2024-01-04T09:18:04.995+0000] {processor.py:840} INFO - DAG(s) 'job_process' retrieved from /opt/airflow/dags/job_process.py
[2024-01-04T09:18:05.057+0000] {logging_mixin.py:188} INFO - [2024-01-04T09:18:05.055+0000] {dag.py:3033} INFO - Sync 1 DAGs
[2024-01-04T09:18:05.129+0000] {logging_mixin.py:188} INFO - [2024-01-04T09:18:05.128+0000] {dag.py:3820} INFO - Setting next_dagrun for job_process to 2024-01-04T00:00:00+00:00, run_after=2024-01-05T00:00:00+00:00
[2024-01-04T09:18:05.172+0000] {processor.py:183} INFO - Processing /opt/airflow/dags/job_process.py took 1.959 seconds
[2024-01-04T09:18:35.580+0000] {processor.py:161} INFO - Started process (PID=6755) to work on /opt/airflow/dags/job_process.py
[2024-01-04T09:18:35.590+0000] {processor.py:830} INFO - Processing file /opt/airflow/dags/job_process.py for tasks to queue
[2024-01-04T09:18:35.596+0000] {logging_mixin.py:188} INFO - [2024-01-04T09:18:35.595+0000] {dagbag.py:538} INFO - Filling up the DagBag from /opt/airflow/dags/job_process.py
[2024-01-04T09:18:37.410+0000] {processor.py:840} INFO - DAG(s) 'job_process' retrieved from /opt/airflow/dags/job_process.py
[2024-01-04T09:18:37.523+0000] {logging_mixin.py:188} INFO - [2024-01-04T09:18:37.521+0000] {dag.py:3033} INFO - Sync 1 DAGs
[2024-01-04T09:18:37.982+0000] {logging_mixin.py:188} INFO - [2024-01-04T09:18:37.981+0000] {dag.py:3820} INFO - Setting next_dagrun for job_process to 2024-01-04T00:00:00+00:00, run_after=2024-01-05T00:00:00+00:00
[2024-01-04T09:18:38.029+0000] {processor.py:183} INFO - Processing /opt/airflow/dags/job_process.py took 2.477 seconds
[2024-01-04T09:19:08.310+0000] {processor.py:161} INFO - Started process (PID=6763) to work on /opt/airflow/dags/job_process.py
[2024-01-04T09:19:08.315+0000] {processor.py:830} INFO - Processing file /opt/airflow/dags/job_process.py for tasks to queue
[2024-01-04T09:19:08.320+0000] {logging_mixin.py:188} INFO - [2024-01-04T09:19:08.319+0000] {dagbag.py:538} INFO - Filling up the DagBag from /opt/airflow/dags/job_process.py
[2024-01-04T09:19:10.589+0000] {processor.py:840} INFO - DAG(s) 'job_process' retrieved from /opt/airflow/dags/job_process.py
[2024-01-04T09:19:10.650+0000] {logging_mixin.py:188} INFO - [2024-01-04T09:19:10.648+0000] {dag.py:3033} INFO - Sync 1 DAGs
[2024-01-04T09:19:10.828+0000] {logging_mixin.py:188} INFO - [2024-01-04T09:19:10.827+0000] {dag.py:3820} INFO - Setting next_dagrun for job_process to 2024-01-04T00:00:00+00:00, run_after=2024-01-05T00:00:00+00:00
[2024-01-04T09:19:11.179+0000] {processor.py:183} INFO - Processing /opt/airflow/dags/job_process.py took 2.885 seconds
[2024-01-04T09:19:41.706+0000] {processor.py:161} INFO - Started process (PID=6771) to work on /opt/airflow/dags/job_process.py
[2024-01-04T09:19:41.715+0000] {processor.py:830} INFO - Processing file /opt/airflow/dags/job_process.py for tasks to queue
[2024-01-04T09:19:41.720+0000] {logging_mixin.py:188} INFO - [2024-01-04T09:19:41.719+0000] {dagbag.py:538} INFO - Filling up the DagBag from /opt/airflow/dags/job_process.py
[2024-01-04T09:19:43.439+0000] {processor.py:840} INFO - DAG(s) 'job_process' retrieved from /opt/airflow/dags/job_process.py
[2024-01-04T09:19:43.514+0000] {logging_mixin.py:188} INFO - [2024-01-04T09:19:43.513+0000] {dag.py:3033} INFO - Sync 1 DAGs
[2024-01-04T09:19:43.599+0000] {logging_mixin.py:188} INFO - [2024-01-04T09:19:43.598+0000] {dag.py:3820} INFO - Setting next_dagrun for job_process to 2024-01-04T00:00:00+00:00, run_after=2024-01-05T00:00:00+00:00
[2024-01-04T09:19:43.667+0000] {processor.py:183} INFO - Processing /opt/airflow/dags/job_process.py took 1.977 seconds
[2024-01-04T09:20:14.340+0000] {processor.py:161} INFO - Started process (PID=6779) to work on /opt/airflow/dags/job_process.py
[2024-01-04T09:20:14.353+0000] {processor.py:830} INFO - Processing file /opt/airflow/dags/job_process.py for tasks to queue
[2024-01-04T09:20:14.357+0000] {logging_mixin.py:188} INFO - [2024-01-04T09:20:14.356+0000] {dagbag.py:538} INFO - Filling up the DagBag from /opt/airflow/dags/job_process.py
[2024-01-04T09:20:17.849+0000] {processor.py:840} INFO - DAG(s) 'job_process' retrieved from /opt/airflow/dags/job_process.py
[2024-01-04T09:20:17.969+0000] {logging_mixin.py:188} INFO - [2024-01-04T09:20:17.968+0000] {dag.py:3033} INFO - Sync 1 DAGs
[2024-01-04T09:20:18.149+0000] {logging_mixin.py:188} INFO - [2024-01-04T09:20:18.148+0000] {dag.py:3820} INFO - Setting next_dagrun for job_process to 2024-01-04T00:00:00+00:00, run_after=2024-01-05T00:00:00+00:00
[2024-01-04T09:20:18.240+0000] {processor.py:183} INFO - Processing /opt/airflow/dags/job_process.py took 3.928 seconds
[2024-01-04T09:20:49.132+0000] {processor.py:161} INFO - Started process (PID=6786) to work on /opt/airflow/dags/job_process.py
[2024-01-04T09:20:49.135+0000] {processor.py:830} INFO - Processing file /opt/airflow/dags/job_process.py for tasks to queue
[2024-01-04T09:20:49.138+0000] {logging_mixin.py:188} INFO - [2024-01-04T09:20:49.138+0000] {dagbag.py:538} INFO - Filling up the DagBag from /opt/airflow/dags/job_process.py
[2024-01-04T09:20:52.923+0000] {processor.py:840} INFO - DAG(s) 'job_process' retrieved from /opt/airflow/dags/job_process.py
[2024-01-04T09:20:53.072+0000] {logging_mixin.py:188} INFO - [2024-01-04T09:20:53.070+0000] {dag.py:3033} INFO - Sync 1 DAGs
[2024-01-04T09:20:53.192+0000] {logging_mixin.py:188} INFO - [2024-01-04T09:20:53.192+0000] {dag.py:3820} INFO - Setting next_dagrun for job_process to 2024-01-04T00:00:00+00:00, run_after=2024-01-05T00:00:00+00:00
[2024-01-04T09:20:53.292+0000] {processor.py:183} INFO - Processing /opt/airflow/dags/job_process.py took 4.175 seconds
[2024-01-04T09:21:23.726+0000] {processor.py:161} INFO - Started process (PID=6794) to work on /opt/airflow/dags/job_process.py
[2024-01-04T09:21:23.730+0000] {processor.py:830} INFO - Processing file /opt/airflow/dags/job_process.py for tasks to queue
[2024-01-04T09:21:23.734+0000] {logging_mixin.py:188} INFO - [2024-01-04T09:21:23.733+0000] {dagbag.py:538} INFO - Filling up the DagBag from /opt/airflow/dags/job_process.py
[2024-01-04T09:21:25.359+0000] {processor.py:840} INFO - DAG(s) 'job_process' retrieved from /opt/airflow/dags/job_process.py
[2024-01-04T09:21:25.417+0000] {logging_mixin.py:188} INFO - [2024-01-04T09:21:25.416+0000] {dag.py:3033} INFO - Sync 1 DAGs
[2024-01-04T09:21:25.485+0000] {logging_mixin.py:188} INFO - [2024-01-04T09:21:25.485+0000] {dag.py:3820} INFO - Setting next_dagrun for job_process to 2024-01-04T00:00:00+00:00, run_after=2024-01-05T00:00:00+00:00
[2024-01-04T09:21:25.528+0000] {processor.py:183} INFO - Processing /opt/airflow/dags/job_process.py took 1.812 seconds
[2024-01-04T09:21:56.286+0000] {processor.py:161} INFO - Started process (PID=6802) to work on /opt/airflow/dags/job_process.py
[2024-01-04T09:21:56.291+0000] {processor.py:830} INFO - Processing file /opt/airflow/dags/job_process.py for tasks to queue
[2024-01-04T09:21:56.296+0000] {logging_mixin.py:188} INFO - [2024-01-04T09:21:56.295+0000] {dagbag.py:538} INFO - Filling up the DagBag from /opt/airflow/dags/job_process.py
[2024-01-04T09:21:58.684+0000] {processor.py:840} INFO - DAG(s) 'job_process' retrieved from /opt/airflow/dags/job_process.py
[2024-01-04T09:21:58.758+0000] {logging_mixin.py:188} INFO - [2024-01-04T09:21:58.757+0000] {dag.py:3033} INFO - Sync 1 DAGs
[2024-01-04T09:21:58.837+0000] {logging_mixin.py:188} INFO - [2024-01-04T09:21:58.837+0000] {dag.py:3820} INFO - Setting next_dagrun for job_process to 2024-01-04T00:00:00+00:00, run_after=2024-01-05T00:00:00+00:00
[2024-01-04T09:21:58.894+0000] {processor.py:183} INFO - Processing /opt/airflow/dags/job_process.py took 2.622 seconds
[2024-01-04T09:22:29.440+0000] {processor.py:161} INFO - Started process (PID=6810) to work on /opt/airflow/dags/job_process.py
[2024-01-04T09:22:29.444+0000] {processor.py:830} INFO - Processing file /opt/airflow/dags/job_process.py for tasks to queue
[2024-01-04T09:22:29.449+0000] {logging_mixin.py:188} INFO - [2024-01-04T09:22:29.448+0000] {dagbag.py:538} INFO - Filling up the DagBag from /opt/airflow/dags/job_process.py
[2024-01-04T09:22:31.611+0000] {processor.py:840} INFO - DAG(s) 'job_process' retrieved from /opt/airflow/dags/job_process.py
[2024-01-04T09:22:31.667+0000] {logging_mixin.py:188} INFO - [2024-01-04T09:22:31.666+0000] {dag.py:3033} INFO - Sync 1 DAGs
[2024-01-04T09:22:31.723+0000] {logging_mixin.py:188} INFO - [2024-01-04T09:22:31.723+0000] {dag.py:3820} INFO - Setting next_dagrun for job_process to 2024-01-04T00:00:00+00:00, run_after=2024-01-05T00:00:00+00:00
[2024-01-04T09:22:31.766+0000] {processor.py:183} INFO - Processing /opt/airflow/dags/job_process.py took 2.338 seconds
[2024-01-04T09:23:02.105+0000] {processor.py:161} INFO - Started process (PID=6817) to work on /opt/airflow/dags/job_process.py
[2024-01-04T09:23:02.110+0000] {processor.py:830} INFO - Processing file /opt/airflow/dags/job_process.py for tasks to queue
[2024-01-04T09:23:02.114+0000] {logging_mixin.py:188} INFO - [2024-01-04T09:23:02.113+0000] {dagbag.py:538} INFO - Filling up the DagBag from /opt/airflow/dags/job_process.py
[2024-01-04T09:23:04.024+0000] {processor.py:840} INFO - DAG(s) 'job_process' retrieved from /opt/airflow/dags/job_process.py
[2024-01-04T09:23:04.087+0000] {logging_mixin.py:188} INFO - [2024-01-04T09:23:04.086+0000] {dag.py:3033} INFO - Sync 1 DAGs
[2024-01-04T09:23:04.153+0000] {logging_mixin.py:188} INFO - [2024-01-04T09:23:04.152+0000] {dag.py:3820} INFO - Setting next_dagrun for job_process to 2024-01-04T00:00:00+00:00, run_after=2024-01-05T00:00:00+00:00
[2024-01-04T09:23:04.192+0000] {processor.py:183} INFO - Processing /opt/airflow/dags/job_process.py took 2.096 seconds
