[2023-12-15T20:49:53.772+0000] {processor.py:157} INFO - Started process (PID=37) to work on /home/airflow/.local/lib/python3.8/site-packages/airflow/example_dags/example_setup_teardown.py
[2023-12-15T20:49:53.861+0000] {processor.py:829} INFO - Processing file /home/airflow/.local/lib/python3.8/site-packages/airflow/example_dags/example_setup_teardown.py for tasks to queue
[2023-12-15T20:49:53.937+0000] {logging_mixin.py:154} INFO - [2023-12-15T20:49:53.932+0000] {dagbag.py:536} INFO - Filling up the DagBag from /home/airflow/.local/lib/python3.8/site-packages/airflow/example_dags/example_setup_teardown.py
[2023-12-15T20:49:54.182+0000] {processor.py:839} INFO - DAG(s) dict_keys(['example_setup_teardown']) retrieved from /home/airflow/.local/lib/python3.8/site-packages/airflow/example_dags/example_setup_teardown.py
[2023-12-15T20:49:57.273+0000] {logging_mixin.py:154} INFO - [2023-12-15T20:49:57.272+0000] {manager.py:499} INFO - Created Permission View: %s
[2023-12-15T20:49:57.471+0000] {logging_mixin.py:154} INFO - [2023-12-15T20:49:57.470+0000] {manager.py:499} INFO - Created Permission View: %s
[2023-12-15T20:49:57.540+0000] {logging_mixin.py:154} INFO - [2023-12-15T20:49:57.540+0000] {manager.py:499} INFO - Created Permission View: %s
[2023-12-15T20:49:57.544+0000] {logging_mixin.py:154} INFO - [2023-12-15T20:49:57.542+0000] {dag.py:2941} INFO - Sync 1 DAGs
[2023-12-15T20:49:57.746+0000] {logging_mixin.py:154} INFO - [2023-12-15T20:49:57.746+0000] {dag.py:2963} INFO - Creating ORM DAG for example_setup_teardown
[2023-12-15T20:49:57.870+0000] {logging_mixin.py:154} INFO - [2023-12-15T20:49:57.869+0000] {dag.py:3722} INFO - Setting next_dagrun for example_setup_teardown to 2023-12-14T20:49:57.869219+00:00, run_after=2023-12-15T20:49:57.869219+00:00
[2023-12-15T20:49:57.986+0000] {processor.py:179} INFO - Processing /home/airflow/.local/lib/python3.8/site-packages/airflow/example_dags/example_setup_teardown.py took 4.424 seconds
[2023-12-15T20:50:30.663+0000] {processor.py:157} INFO - Started process (PID=99) to work on /home/airflow/.local/lib/python3.8/site-packages/airflow/example_dags/example_setup_teardown.py
[2023-12-15T20:50:30.665+0000] {processor.py:829} INFO - Processing file /home/airflow/.local/lib/python3.8/site-packages/airflow/example_dags/example_setup_teardown.py for tasks to queue
[2023-12-15T20:50:30.669+0000] {logging_mixin.py:154} INFO - [2023-12-15T20:50:30.669+0000] {dagbag.py:536} INFO - Filling up the DagBag from /home/airflow/.local/lib/python3.8/site-packages/airflow/example_dags/example_setup_teardown.py
[2023-12-15T20:50:30.682+0000] {processor.py:839} INFO - DAG(s) dict_keys(['example_setup_teardown']) retrieved from /home/airflow/.local/lib/python3.8/site-packages/airflow/example_dags/example_setup_teardown.py
[2023-12-15T20:50:30.724+0000] {logging_mixin.py:154} INFO - [2023-12-15T20:50:30.724+0000] {dag.py:2941} INFO - Sync 1 DAGs
[2023-12-15T20:50:30.801+0000] {logging_mixin.py:154} INFO - [2023-12-15T20:50:30.801+0000] {dag.py:3722} INFO - Setting next_dagrun for example_setup_teardown to 2023-12-14T20:50:30.795151+00:00, run_after=2023-12-15T20:50:30.795151+00:00
[2023-12-15T20:50:30.934+0000] {processor.py:179} INFO - Processing /home/airflow/.local/lib/python3.8/site-packages/airflow/example_dags/example_setup_teardown.py took 0.278 seconds
[2023-12-15T21:10:41.844+0000] {processor.py:157} INFO - Started process (PID=114) to work on /home/airflow/.local/lib/python3.8/site-packages/airflow/example_dags/example_setup_teardown.py
[2023-12-15T21:10:42.007+0000] {processor.py:829} INFO - Processing file /home/airflow/.local/lib/python3.8/site-packages/airflow/example_dags/example_setup_teardown.py for tasks to queue
[2023-12-15T21:10:42.016+0000] {logging_mixin.py:154} INFO - [2023-12-15T21:10:42.016+0000] {dagbag.py:536} INFO - Filling up the DagBag from /home/airflow/.local/lib/python3.8/site-packages/airflow/example_dags/example_setup_teardown.py
[2023-12-15T21:10:42.542+0000] {processor.py:839} INFO - DAG(s) dict_keys(['example_setup_teardown']) retrieved from /home/airflow/.local/lib/python3.8/site-packages/airflow/example_dags/example_setup_teardown.py
[2023-12-15T21:10:43.128+0000] {logging_mixin.py:154} INFO - [2023-12-15T21:10:43.127+0000] {dag.py:2941} INFO - Sync 1 DAGs
[2023-12-15T21:10:43.579+0000] {logging_mixin.py:154} INFO - [2023-12-15T21:10:43.578+0000] {dag.py:3722} INFO - Setting next_dagrun for example_setup_teardown to 2023-12-14T21:10:43.578126+00:00, run_after=2023-12-15T21:10:43.578126+00:00
[2023-12-15T21:10:43.676+0000] {processor.py:179} INFO - Processing /home/airflow/.local/lib/python3.8/site-packages/airflow/example_dags/example_setup_teardown.py took 2.787 seconds
[2023-12-15T21:11:13.907+0000] {processor.py:157} INFO - Started process (PID=169) to work on /home/airflow/.local/lib/python3.8/site-packages/airflow/example_dags/example_setup_teardown.py
[2023-12-15T21:11:13.924+0000] {processor.py:829} INFO - Processing file /home/airflow/.local/lib/python3.8/site-packages/airflow/example_dags/example_setup_teardown.py for tasks to queue
[2023-12-15T21:11:13.944+0000] {logging_mixin.py:154} INFO - [2023-12-15T21:11:13.943+0000] {dagbag.py:536} INFO - Filling up the DagBag from /home/airflow/.local/lib/python3.8/site-packages/airflow/example_dags/example_setup_teardown.py
[2023-12-15T21:11:14.003+0000] {processor.py:839} INFO - DAG(s) dict_keys(['example_setup_teardown']) retrieved from /home/airflow/.local/lib/python3.8/site-packages/airflow/example_dags/example_setup_teardown.py
[2023-12-15T21:11:14.154+0000] {logging_mixin.py:154} INFO - [2023-12-15T21:11:14.154+0000] {dag.py:2941} INFO - Sync 1 DAGs
[2023-12-15T21:11:14.307+0000] {logging_mixin.py:154} INFO - [2023-12-15T21:11:14.307+0000] {dag.py:3722} INFO - Setting next_dagrun for example_setup_teardown to 2023-12-14T21:11:14.306332+00:00, run_after=2023-12-15T21:11:14.306332+00:00
[2023-12-15T21:11:14.366+0000] {processor.py:179} INFO - Processing /home/airflow/.local/lib/python3.8/site-packages/airflow/example_dags/example_setup_teardown.py took 0.497 seconds
[2023-12-15T21:11:45.410+0000] {processor.py:157} INFO - Started process (PID=229) to work on /home/airflow/.local/lib/python3.8/site-packages/airflow/example_dags/example_setup_teardown.py
[2023-12-15T21:11:45.429+0000] {processor.py:829} INFO - Processing file /home/airflow/.local/lib/python3.8/site-packages/airflow/example_dags/example_setup_teardown.py for tasks to queue
[2023-12-15T21:11:45.438+0000] {logging_mixin.py:154} INFO - [2023-12-15T21:11:45.437+0000] {dagbag.py:536} INFO - Filling up the DagBag from /home/airflow/.local/lib/python3.8/site-packages/airflow/example_dags/example_setup_teardown.py
[2023-12-15T21:11:45.498+0000] {processor.py:839} INFO - DAG(s) dict_keys(['example_setup_teardown']) retrieved from /home/airflow/.local/lib/python3.8/site-packages/airflow/example_dags/example_setup_teardown.py
[2023-12-15T21:11:45.599+0000] {logging_mixin.py:154} INFO - [2023-12-15T21:11:45.599+0000] {dag.py:2941} INFO - Sync 1 DAGs
[2023-12-15T21:11:45.669+0000] {logging_mixin.py:154} INFO - [2023-12-15T21:11:45.668+0000] {dag.py:3722} INFO - Setting next_dagrun for example_setup_teardown to 2023-12-14T21:11:45.668598+00:00, run_after=2023-12-15T21:11:45.668598+00:00
[2023-12-15T21:11:45.713+0000] {processor.py:179} INFO - Processing /home/airflow/.local/lib/python3.8/site-packages/airflow/example_dags/example_setup_teardown.py took 0.320 seconds
[2023-12-15T21:12:17.651+0000] {processor.py:157} INFO - Started process (PID=262) to work on /home/airflow/.local/lib/python3.8/site-packages/airflow/example_dags/example_setup_teardown.py
[2023-12-15T21:12:17.680+0000] {processor.py:829} INFO - Processing file /home/airflow/.local/lib/python3.8/site-packages/airflow/example_dags/example_setup_teardown.py for tasks to queue
[2023-12-15T21:12:17.857+0000] {logging_mixin.py:154} INFO - [2023-12-15T21:12:17.856+0000] {dagbag.py:536} INFO - Filling up the DagBag from /home/airflow/.local/lib/python3.8/site-packages/airflow/example_dags/example_setup_teardown.py
[2023-12-15T21:12:17.950+0000] {processor.py:839} INFO - DAG(s) dict_keys(['example_setup_teardown']) retrieved from /home/airflow/.local/lib/python3.8/site-packages/airflow/example_dags/example_setup_teardown.py
[2023-12-15T21:12:18.189+0000] {logging_mixin.py:154} INFO - [2023-12-15T21:12:18.189+0000] {dag.py:2941} INFO - Sync 1 DAGs
[2023-12-15T21:12:18.520+0000] {logging_mixin.py:154} INFO - [2023-12-15T21:12:18.520+0000] {dag.py:3722} INFO - Setting next_dagrun for example_setup_teardown to 2023-12-14T21:12:18.519681+00:00, run_after=2023-12-15T21:12:18.519681+00:00
[2023-12-15T21:12:18.681+0000] {processor.py:179} INFO - Processing /home/airflow/.local/lib/python3.8/site-packages/airflow/example_dags/example_setup_teardown.py took 1.113 seconds
[2023-12-15T21:12:49.245+0000] {processor.py:157} INFO - Started process (PID=318) to work on /home/airflow/.local/lib/python3.8/site-packages/airflow/example_dags/example_setup_teardown.py
[2023-12-15T21:12:49.251+0000] {processor.py:829} INFO - Processing file /home/airflow/.local/lib/python3.8/site-packages/airflow/example_dags/example_setup_teardown.py for tasks to queue
[2023-12-15T21:12:49.292+0000] {logging_mixin.py:154} INFO - [2023-12-15T21:12:49.291+0000] {dagbag.py:536} INFO - Filling up the DagBag from /home/airflow/.local/lib/python3.8/site-packages/airflow/example_dags/example_setup_teardown.py
[2023-12-15T21:12:49.341+0000] {processor.py:839} INFO - DAG(s) dict_keys(['example_setup_teardown']) retrieved from /home/airflow/.local/lib/python3.8/site-packages/airflow/example_dags/example_setup_teardown.py
[2023-12-15T21:12:49.575+0000] {logging_mixin.py:154} INFO - [2023-12-15T21:12:49.562+0000] {dag.py:2941} INFO - Sync 1 DAGs
[2023-12-15T21:12:49.835+0000] {logging_mixin.py:154} INFO - [2023-12-15T21:12:49.822+0000] {dag.py:3722} INFO - Setting next_dagrun for example_setup_teardown to 2023-12-14T21:12:49.821360+00:00, run_after=2023-12-15T21:12:49.821360+00:00
[2023-12-15T21:12:49.995+0000] {processor.py:179} INFO - Processing /home/airflow/.local/lib/python3.8/site-packages/airflow/example_dags/example_setup_teardown.py took 0.802 seconds
[2023-12-15T21:13:20.415+0000] {processor.py:157} INFO - Started process (PID=374) to work on /home/airflow/.local/lib/python3.8/site-packages/airflow/example_dags/example_setup_teardown.py
[2023-12-15T21:13:20.418+0000] {processor.py:829} INFO - Processing file /home/airflow/.local/lib/python3.8/site-packages/airflow/example_dags/example_setup_teardown.py for tasks to queue
[2023-12-15T21:13:20.426+0000] {logging_mixin.py:154} INFO - [2023-12-15T21:13:20.425+0000] {dagbag.py:536} INFO - Filling up the DagBag from /home/airflow/.local/lib/python3.8/site-packages/airflow/example_dags/example_setup_teardown.py
[2023-12-15T21:13:20.439+0000] {processor.py:839} INFO - DAG(s) dict_keys(['example_setup_teardown']) retrieved from /home/airflow/.local/lib/python3.8/site-packages/airflow/example_dags/example_setup_teardown.py
[2023-12-15T21:13:20.513+0000] {logging_mixin.py:154} INFO - [2023-12-15T21:13:20.512+0000] {dag.py:2941} INFO - Sync 1 DAGs
[2023-12-15T21:13:20.618+0000] {logging_mixin.py:154} INFO - [2023-12-15T21:13:20.618+0000] {dag.py:3722} INFO - Setting next_dagrun for example_setup_teardown to 2023-12-14T21:13:20.616284+00:00, run_after=2023-12-15T21:13:20.616284+00:00
[2023-12-15T21:13:20.679+0000] {processor.py:179} INFO - Processing /home/airflow/.local/lib/python3.8/site-packages/airflow/example_dags/example_setup_teardown.py took 0.277 seconds
[2023-12-15T21:13:51.255+0000] {processor.py:157} INFO - Started process (PID=430) to work on /home/airflow/.local/lib/python3.8/site-packages/airflow/example_dags/example_setup_teardown.py
[2023-12-15T21:13:51.257+0000] {processor.py:829} INFO - Processing file /home/airflow/.local/lib/python3.8/site-packages/airflow/example_dags/example_setup_teardown.py for tasks to queue
[2023-12-15T21:13:51.265+0000] {logging_mixin.py:154} INFO - [2023-12-15T21:13:51.264+0000] {dagbag.py:536} INFO - Filling up the DagBag from /home/airflow/.local/lib/python3.8/site-packages/airflow/example_dags/example_setup_teardown.py
[2023-12-15T21:13:51.288+0000] {processor.py:839} INFO - DAG(s) dict_keys(['example_setup_teardown']) retrieved from /home/airflow/.local/lib/python3.8/site-packages/airflow/example_dags/example_setup_teardown.py
[2023-12-15T21:13:51.367+0000] {logging_mixin.py:154} INFO - [2023-12-15T21:13:51.366+0000] {dag.py:2941} INFO - Sync 1 DAGs
[2023-12-15T21:13:51.434+0000] {logging_mixin.py:154} INFO - [2023-12-15T21:13:51.433+0000] {dag.py:3722} INFO - Setting next_dagrun for example_setup_teardown to 2023-12-14T21:13:51.432525+00:00, run_after=2023-12-15T21:13:51.432525+00:00
[2023-12-15T21:13:51.484+0000] {processor.py:179} INFO - Processing /home/airflow/.local/lib/python3.8/site-packages/airflow/example_dags/example_setup_teardown.py took 0.242 seconds
[2023-12-15T21:14:24.865+0000] {processor.py:157} INFO - Started process (PID=484) to work on /home/airflow/.local/lib/python3.8/site-packages/airflow/example_dags/example_setup_teardown.py
[2023-12-15T21:14:24.870+0000] {processor.py:829} INFO - Processing file /home/airflow/.local/lib/python3.8/site-packages/airflow/example_dags/example_setup_teardown.py for tasks to queue
[2023-12-15T21:14:24.888+0000] {logging_mixin.py:154} INFO - [2023-12-15T21:14:24.881+0000] {dagbag.py:536} INFO - Filling up the DagBag from /home/airflow/.local/lib/python3.8/site-packages/airflow/example_dags/example_setup_teardown.py
[2023-12-15T21:14:24.913+0000] {processor.py:839} INFO - DAG(s) dict_keys(['example_setup_teardown']) retrieved from /home/airflow/.local/lib/python3.8/site-packages/airflow/example_dags/example_setup_teardown.py
[2023-12-15T21:14:25.038+0000] {logging_mixin.py:154} INFO - [2023-12-15T21:14:25.038+0000] {dag.py:2941} INFO - Sync 1 DAGs
[2023-12-15T21:14:25.177+0000] {logging_mixin.py:154} INFO - [2023-12-15T21:14:25.177+0000] {dag.py:3722} INFO - Setting next_dagrun for example_setup_teardown to 2023-12-14T21:14:25.177015+00:00, run_after=2023-12-15T21:14:25.177015+00:00
[2023-12-15T21:14:25.292+0000] {processor.py:179} INFO - Processing /home/airflow/.local/lib/python3.8/site-packages/airflow/example_dags/example_setup_teardown.py took 0.438 seconds
[2023-12-15T21:14:59.269+0000] {processor.py:157} INFO - Started process (PID=541) to work on /home/airflow/.local/lib/python3.8/site-packages/airflow/example_dags/example_setup_teardown.py
[2023-12-15T21:14:59.275+0000] {processor.py:829} INFO - Processing file /home/airflow/.local/lib/python3.8/site-packages/airflow/example_dags/example_setup_teardown.py for tasks to queue
[2023-12-15T21:14:59.290+0000] {logging_mixin.py:154} INFO - [2023-12-15T21:14:59.289+0000] {dagbag.py:536} INFO - Filling up the DagBag from /home/airflow/.local/lib/python3.8/site-packages/airflow/example_dags/example_setup_teardown.py
[2023-12-15T21:14:59.323+0000] {processor.py:839} INFO - DAG(s) dict_keys(['example_setup_teardown']) retrieved from /home/airflow/.local/lib/python3.8/site-packages/airflow/example_dags/example_setup_teardown.py
[2023-12-15T21:14:59.457+0000] {logging_mixin.py:154} INFO - [2023-12-15T21:14:59.455+0000] {dag.py:2941} INFO - Sync 1 DAGs
[2023-12-15T21:14:59.613+0000] {logging_mixin.py:154} INFO - [2023-12-15T21:14:59.612+0000] {dag.py:3722} INFO - Setting next_dagrun for example_setup_teardown to 2023-12-14T21:14:59.612615+00:00, run_after=2023-12-15T21:14:59.612615+00:00
[2023-12-15T21:14:59.733+0000] {processor.py:179} INFO - Processing /home/airflow/.local/lib/python3.8/site-packages/airflow/example_dags/example_setup_teardown.py took 0.502 seconds
[2023-12-15T21:15:30.159+0000] {processor.py:157} INFO - Started process (PID=595) to work on /home/airflow/.local/lib/python3.8/site-packages/airflow/example_dags/example_setup_teardown.py
[2023-12-15T21:15:30.173+0000] {processor.py:829} INFO - Processing file /home/airflow/.local/lib/python3.8/site-packages/airflow/example_dags/example_setup_teardown.py for tasks to queue
[2023-12-15T21:15:30.191+0000] {logging_mixin.py:154} INFO - [2023-12-15T21:15:30.178+0000] {dagbag.py:536} INFO - Filling up the DagBag from /home/airflow/.local/lib/python3.8/site-packages/airflow/example_dags/example_setup_teardown.py
[2023-12-15T21:15:30.259+0000] {processor.py:839} INFO - DAG(s) dict_keys(['example_setup_teardown']) retrieved from /home/airflow/.local/lib/python3.8/site-packages/airflow/example_dags/example_setup_teardown.py
[2023-12-15T21:15:30.479+0000] {logging_mixin.py:154} INFO - [2023-12-15T21:15:30.479+0000] {dag.py:2941} INFO - Sync 1 DAGs
[2023-12-15T21:15:30.624+0000] {logging_mixin.py:154} INFO - [2023-12-15T21:15:30.624+0000] {dag.py:3722} INFO - Setting next_dagrun for example_setup_teardown to 2023-12-14T21:15:30.623553+00:00, run_after=2023-12-15T21:15:30.623553+00:00
[2023-12-15T21:15:30.670+0000] {processor.py:179} INFO - Processing /home/airflow/.local/lib/python3.8/site-packages/airflow/example_dags/example_setup_teardown.py took 0.550 seconds
[2023-12-15T21:16:01.329+0000] {processor.py:157} INFO - Started process (PID=651) to work on /home/airflow/.local/lib/python3.8/site-packages/airflow/example_dags/example_setup_teardown.py
[2023-12-15T21:16:01.332+0000] {processor.py:829} INFO - Processing file /home/airflow/.local/lib/python3.8/site-packages/airflow/example_dags/example_setup_teardown.py for tasks to queue
[2023-12-15T21:16:01.345+0000] {logging_mixin.py:154} INFO - [2023-12-15T21:16:01.344+0000] {dagbag.py:536} INFO - Filling up the DagBag from /home/airflow/.local/lib/python3.8/site-packages/airflow/example_dags/example_setup_teardown.py
[2023-12-15T21:16:01.423+0000] {processor.py:839} INFO - DAG(s) dict_keys(['example_setup_teardown']) retrieved from /home/airflow/.local/lib/python3.8/site-packages/airflow/example_dags/example_setup_teardown.py
[2023-12-15T21:16:01.546+0000] {logging_mixin.py:154} INFO - [2023-12-15T21:16:01.545+0000] {dag.py:2941} INFO - Sync 1 DAGs
[2023-12-15T21:16:01.687+0000] {logging_mixin.py:154} INFO - [2023-12-15T21:16:01.686+0000] {dag.py:3722} INFO - Setting next_dagrun for example_setup_teardown to 2023-12-14T21:16:01.686170+00:00, run_after=2023-12-15T21:16:01.686170+00:00
[2023-12-15T21:16:01.765+0000] {processor.py:179} INFO - Processing /home/airflow/.local/lib/python3.8/site-packages/airflow/example_dags/example_setup_teardown.py took 0.453 seconds
[2023-12-15T21:16:42.769+0000] {processor.py:157} INFO - Started process (PID=692) to work on /home/airflow/.local/lib/python3.8/site-packages/airflow/example_dags/example_setup_teardown.py
[2023-12-15T21:16:42.781+0000] {processor.py:829} INFO - Processing file /home/airflow/.local/lib/python3.8/site-packages/airflow/example_dags/example_setup_teardown.py for tasks to queue
[2023-12-15T21:16:42.805+0000] {logging_mixin.py:154} INFO - [2023-12-15T21:16:42.805+0000] {dagbag.py:536} INFO - Filling up the DagBag from /home/airflow/.local/lib/python3.8/site-packages/airflow/example_dags/example_setup_teardown.py
[2023-12-15T21:16:42.900+0000] {processor.py:839} INFO - DAG(s) dict_keys(['example_setup_teardown']) retrieved from /home/airflow/.local/lib/python3.8/site-packages/airflow/example_dags/example_setup_teardown.py
[2023-12-15T21:16:43.228+0000] {logging_mixin.py:154} INFO - [2023-12-15T21:16:43.228+0000] {dag.py:2941} INFO - Sync 1 DAGs
[2023-12-15T21:16:43.573+0000] {logging_mixin.py:154} INFO - [2023-12-15T21:16:43.562+0000] {dag.py:3722} INFO - Setting next_dagrun for example_setup_teardown to 2023-12-14T21:16:43.562062+00:00, run_after=2023-12-15T21:16:43.562062+00:00
[2023-12-15T21:16:43.787+0000] {processor.py:179} INFO - Processing /home/airflow/.local/lib/python3.8/site-packages/airflow/example_dags/example_setup_teardown.py took 1.070 seconds
[2023-12-15T21:17:14.017+0000] {processor.py:157} INFO - Started process (PID=743) to work on /home/airflow/.local/lib/python3.8/site-packages/airflow/example_dags/example_setup_teardown.py
[2023-12-15T21:17:14.020+0000] {processor.py:829} INFO - Processing file /home/airflow/.local/lib/python3.8/site-packages/airflow/example_dags/example_setup_teardown.py for tasks to queue
[2023-12-15T21:17:14.029+0000] {logging_mixin.py:154} INFO - [2023-12-15T21:17:14.028+0000] {dagbag.py:536} INFO - Filling up the DagBag from /home/airflow/.local/lib/python3.8/site-packages/airflow/example_dags/example_setup_teardown.py
[2023-12-15T21:17:14.057+0000] {processor.py:839} INFO - DAG(s) dict_keys(['example_setup_teardown']) retrieved from /home/airflow/.local/lib/python3.8/site-packages/airflow/example_dags/example_setup_teardown.py
[2023-12-15T21:17:14.126+0000] {logging_mixin.py:154} INFO - [2023-12-15T21:17:14.125+0000] {dag.py:2941} INFO - Sync 1 DAGs
[2023-12-15T21:17:14.207+0000] {logging_mixin.py:154} INFO - [2023-12-15T21:17:14.207+0000] {dag.py:3722} INFO - Setting next_dagrun for example_setup_teardown to 2023-12-14T21:17:14.205931+00:00, run_after=2023-12-15T21:17:14.205931+00:00
[2023-12-15T21:17:14.268+0000] {processor.py:179} INFO - Processing /home/airflow/.local/lib/python3.8/site-packages/airflow/example_dags/example_setup_teardown.py took 0.264 seconds
[2023-12-15T21:17:46.780+0000] {processor.py:157} INFO - Started process (PID=787) to work on /home/airflow/.local/lib/python3.8/site-packages/airflow/example_dags/example_setup_teardown.py
[2023-12-15T21:17:46.797+0000] {processor.py:829} INFO - Processing file /home/airflow/.local/lib/python3.8/site-packages/airflow/example_dags/example_setup_teardown.py for tasks to queue
[2023-12-15T21:17:46.816+0000] {logging_mixin.py:154} INFO - [2023-12-15T21:17:46.815+0000] {dagbag.py:536} INFO - Filling up the DagBag from /home/airflow/.local/lib/python3.8/site-packages/airflow/example_dags/example_setup_teardown.py
[2023-12-15T21:17:46.884+0000] {processor.py:839} INFO - DAG(s) dict_keys(['example_setup_teardown']) retrieved from /home/airflow/.local/lib/python3.8/site-packages/airflow/example_dags/example_setup_teardown.py
[2023-12-15T21:17:47.157+0000] {logging_mixin.py:154} INFO - [2023-12-15T21:17:47.157+0000] {dag.py:2941} INFO - Sync 1 DAGs
[2023-12-15T21:17:47.558+0000] {logging_mixin.py:154} INFO - [2023-12-15T21:17:47.558+0000] {dag.py:3722} INFO - Setting next_dagrun for example_setup_teardown to 2023-12-14T21:17:47.557569+00:00, run_after=2023-12-15T21:17:47.557569+00:00
[2023-12-15T21:17:47.847+0000] {processor.py:179} INFO - Processing /home/airflow/.local/lib/python3.8/site-packages/airflow/example_dags/example_setup_teardown.py took 1.123 seconds
[2023-12-15T21:22:43.054+0000] {processor.py:157} INFO - Started process (PID=58) to work on /home/airflow/.local/lib/python3.8/site-packages/airflow/example_dags/example_setup_teardown.py
[2023-12-15T21:22:43.176+0000] {processor.py:829} INFO - Processing file /home/airflow/.local/lib/python3.8/site-packages/airflow/example_dags/example_setup_teardown.py for tasks to queue
[2023-12-15T21:22:43.281+0000] {logging_mixin.py:154} INFO - [2023-12-15T21:22:43.270+0000] {dagbag.py:536} INFO - Filling up the DagBag from /home/airflow/.local/lib/python3.8/site-packages/airflow/example_dags/example_setup_teardown.py
[2023-12-15T21:22:43.629+0000] {processor.py:839} INFO - DAG(s) dict_keys(['example_setup_teardown']) retrieved from /home/airflow/.local/lib/python3.8/site-packages/airflow/example_dags/example_setup_teardown.py
[2023-12-15T21:22:44.445+0000] {logging_mixin.py:154} INFO - [2023-12-15T21:22:44.445+0000] {dag.py:2941} INFO - Sync 1 DAGs
[2023-12-15T21:22:44.706+0000] {logging_mixin.py:154} INFO - [2023-12-15T21:22:44.706+0000] {dag.py:3722} INFO - Setting next_dagrun for example_setup_teardown to 2023-12-14T21:22:44.705253+00:00, run_after=2023-12-15T21:22:44.705253+00:00
[2023-12-15T21:22:45.040+0000] {processor.py:179} INFO - Processing /home/airflow/.local/lib/python3.8/site-packages/airflow/example_dags/example_setup_teardown.py took 2.066 seconds
[2023-12-15T21:27:21.251+0000] {processor.py:157} INFO - Started process (PID=56) to work on /home/airflow/.local/lib/python3.8/site-packages/airflow/example_dags/example_setup_teardown.py
[2023-12-15T21:27:21.613+0000] {processor.py:829} INFO - Processing file /home/airflow/.local/lib/python3.8/site-packages/airflow/example_dags/example_setup_teardown.py for tasks to queue
[2023-12-15T21:27:21.637+0000] {logging_mixin.py:154} INFO - [2023-12-15T21:27:21.634+0000] {dagbag.py:536} INFO - Filling up the DagBag from /home/airflow/.local/lib/python3.8/site-packages/airflow/example_dags/example_setup_teardown.py
[2023-12-15T21:27:22.618+0000] {processor.py:839} INFO - DAG(s) dict_keys(['example_setup_teardown']) retrieved from /home/airflow/.local/lib/python3.8/site-packages/airflow/example_dags/example_setup_teardown.py
[2023-12-15T21:27:25.532+0000] {logging_mixin.py:154} INFO - [2023-12-15T21:27:25.532+0000] {dag.py:2941} INFO - Sync 1 DAGs
[2023-12-15T21:27:26.025+0000] {logging_mixin.py:154} INFO - [2023-12-15T21:27:26.025+0000] {dag.py:3722} INFO - Setting next_dagrun for example_setup_teardown to 2023-12-14T21:27:26.023637+00:00, run_after=2023-12-15T21:27:26.023637+00:00
[2023-12-15T21:27:26.220+0000] {processor.py:179} INFO - Processing /home/airflow/.local/lib/python3.8/site-packages/airflow/example_dags/example_setup_teardown.py took 5.421 seconds
[2023-12-15T21:29:04.939+0000] {processor.py:157} INFO - Started process (PID=127) to work on /home/airflow/.local/lib/python3.8/site-packages/airflow/example_dags/example_setup_teardown.py
[2023-12-15T21:29:04.970+0000] {processor.py:829} INFO - Processing file /home/airflow/.local/lib/python3.8/site-packages/airflow/example_dags/example_setup_teardown.py for tasks to queue
[2023-12-15T21:29:04.986+0000] {logging_mixin.py:154} INFO - [2023-12-15T21:29:04.986+0000] {dagbag.py:536} INFO - Filling up the DagBag from /home/airflow/.local/lib/python3.8/site-packages/airflow/example_dags/example_setup_teardown.py
[2023-12-15T21:29:05.117+0000] {processor.py:839} INFO - DAG(s) dict_keys(['example_setup_teardown']) retrieved from /home/airflow/.local/lib/python3.8/site-packages/airflow/example_dags/example_setup_teardown.py
[2023-12-15T21:29:05.514+0000] {logging_mixin.py:154} INFO - [2023-12-15T21:29:05.513+0000] {dag.py:2941} INFO - Sync 1 DAGs
[2023-12-15T21:29:05.715+0000] {logging_mixin.py:154} INFO - [2023-12-15T21:29:05.714+0000] {dag.py:3722} INFO - Setting next_dagrun for example_setup_teardown to 2023-12-14T21:29:05.714622+00:00, run_after=2023-12-15T21:29:05.714622+00:00
[2023-12-15T21:29:05.824+0000] {processor.py:179} INFO - Processing /home/airflow/.local/lib/python3.8/site-packages/airflow/example_dags/example_setup_teardown.py took 0.999 seconds
[2023-12-15T21:29:44.105+0000] {processor.py:157} INFO - Started process (PID=187) to work on /home/airflow/.local/lib/python3.8/site-packages/airflow/example_dags/example_setup_teardown.py
[2023-12-15T21:29:44.125+0000] {processor.py:829} INFO - Processing file /home/airflow/.local/lib/python3.8/site-packages/airflow/example_dags/example_setup_teardown.py for tasks to queue
[2023-12-15T21:29:44.153+0000] {logging_mixin.py:154} INFO - [2023-12-15T21:29:44.152+0000] {dagbag.py:536} INFO - Filling up the DagBag from /home/airflow/.local/lib/python3.8/site-packages/airflow/example_dags/example_setup_teardown.py
[2023-12-15T21:29:44.262+0000] {processor.py:839} INFO - DAG(s) dict_keys(['example_setup_teardown']) retrieved from /home/airflow/.local/lib/python3.8/site-packages/airflow/example_dags/example_setup_teardown.py
[2023-12-15T21:29:44.510+0000] {logging_mixin.py:154} INFO - [2023-12-15T21:29:44.509+0000] {dag.py:2941} INFO - Sync 1 DAGs
[2023-12-15T21:29:44.926+0000] {logging_mixin.py:154} INFO - [2023-12-15T21:29:44.926+0000] {dag.py:3722} INFO - Setting next_dagrun for example_setup_teardown to 2023-12-14T21:29:44.925171+00:00, run_after=2023-12-15T21:29:44.925171+00:00
[2023-12-15T21:29:45.226+0000] {processor.py:179} INFO - Processing /home/airflow/.local/lib/python3.8/site-packages/airflow/example_dags/example_setup_teardown.py took 1.169 seconds
[2023-12-15T21:35:09.650+0000] {processor.py:157} INFO - Started process (PID=50) to work on /home/airflow/.local/lib/python3.8/site-packages/airflow/example_dags/example_setup_teardown.py
[2023-12-15T21:35:09.655+0000] {processor.py:829} INFO - Processing file /home/airflow/.local/lib/python3.8/site-packages/airflow/example_dags/example_setup_teardown.py for tasks to queue
[2023-12-15T21:35:09.732+0000] {logging_mixin.py:154} INFO - [2023-12-15T21:35:09.731+0000] {dagbag.py:536} INFO - Filling up the DagBag from /home/airflow/.local/lib/python3.8/site-packages/airflow/example_dags/example_setup_teardown.py
[2023-12-15T21:35:09.859+0000] {processor.py:839} INFO - DAG(s) dict_keys(['example_setup_teardown']) retrieved from /home/airflow/.local/lib/python3.8/site-packages/airflow/example_dags/example_setup_teardown.py
[2023-12-15T21:35:10.687+0000] {logging_mixin.py:154} INFO - [2023-12-15T21:35:10.686+0000] {dag.py:2941} INFO - Sync 1 DAGs
[2023-12-15T21:35:10.905+0000] {logging_mixin.py:154} INFO - [2023-12-15T21:35:10.904+0000] {dag.py:3722} INFO - Setting next_dagrun for example_setup_teardown to 2023-12-14T21:35:10.903953+00:00, run_after=2023-12-15T21:35:10.903953+00:00
[2023-12-15T21:35:11.059+0000] {processor.py:179} INFO - Processing /home/airflow/.local/lib/python3.8/site-packages/airflow/example_dags/example_setup_teardown.py took 1.512 seconds
[2023-12-15T21:35:57.020+0000] {processor.py:157} INFO - Started process (PID=111) to work on /home/airflow/.local/lib/python3.8/site-packages/airflow/example_dags/example_setup_teardown.py
[2023-12-15T21:35:57.024+0000] {processor.py:829} INFO - Processing file /home/airflow/.local/lib/python3.8/site-packages/airflow/example_dags/example_setup_teardown.py for tasks to queue
[2023-12-15T21:35:57.247+0000] {logging_mixin.py:154} INFO - [2023-12-15T21:35:57.246+0000] {dagbag.py:536} INFO - Filling up the DagBag from /home/airflow/.local/lib/python3.8/site-packages/airflow/example_dags/example_setup_teardown.py
[2023-12-15T21:35:57.361+0000] {processor.py:839} INFO - DAG(s) dict_keys(['example_setup_teardown']) retrieved from /home/airflow/.local/lib/python3.8/site-packages/airflow/example_dags/example_setup_teardown.py
[2023-12-15T21:35:57.770+0000] {logging_mixin.py:154} INFO - [2023-12-15T21:35:57.769+0000] {dag.py:2941} INFO - Sync 1 DAGs
[2023-12-15T21:35:58.237+0000] {logging_mixin.py:154} INFO - [2023-12-15T21:35:58.237+0000] {dag.py:3722} INFO - Setting next_dagrun for example_setup_teardown to 2023-12-14T21:35:58.236234+00:00, run_after=2023-12-15T21:35:58.236234+00:00
[2023-12-15T21:35:58.836+0000] {processor.py:179} INFO - Processing /home/airflow/.local/lib/python3.8/site-packages/airflow/example_dags/example_setup_teardown.py took 1.911 seconds
[2023-12-15T21:36:34.380+0000] {processor.py:157} INFO - Started process (PID=161) to work on /home/airflow/.local/lib/python3.8/site-packages/airflow/example_dags/example_setup_teardown.py
[2023-12-15T21:36:34.385+0000] {processor.py:829} INFO - Processing file /home/airflow/.local/lib/python3.8/site-packages/airflow/example_dags/example_setup_teardown.py for tasks to queue
[2023-12-15T21:36:34.403+0000] {logging_mixin.py:154} INFO - [2023-12-15T21:36:34.402+0000] {dagbag.py:536} INFO - Filling up the DagBag from /home/airflow/.local/lib/python3.8/site-packages/airflow/example_dags/example_setup_teardown.py
[2023-12-15T21:36:34.467+0000] {processor.py:839} INFO - DAG(s) dict_keys(['example_setup_teardown']) retrieved from /home/airflow/.local/lib/python3.8/site-packages/airflow/example_dags/example_setup_teardown.py
[2023-12-15T21:36:34.853+0000] {logging_mixin.py:154} INFO - [2023-12-15T21:36:34.852+0000] {dag.py:2941} INFO - Sync 1 DAGs
[2023-12-15T21:36:35.369+0000] {logging_mixin.py:154} INFO - [2023-12-15T21:36:35.363+0000] {dag.py:3722} INFO - Setting next_dagrun for example_setup_teardown to 2023-12-14T21:36:35.362309+00:00, run_after=2023-12-15T21:36:35.362309+00:00
[2023-12-15T21:36:35.659+0000] {processor.py:179} INFO - Processing /home/airflow/.local/lib/python3.8/site-packages/airflow/example_dags/example_setup_teardown.py took 1.313 seconds
[2023-12-15T21:37:06.558+0000] {processor.py:157} INFO - Started process (PID=217) to work on /home/airflow/.local/lib/python3.8/site-packages/airflow/example_dags/example_setup_teardown.py
[2023-12-15T21:37:06.562+0000] {processor.py:829} INFO - Processing file /home/airflow/.local/lib/python3.8/site-packages/airflow/example_dags/example_setup_teardown.py for tasks to queue
[2023-12-15T21:37:06.571+0000] {logging_mixin.py:154} INFO - [2023-12-15T21:37:06.570+0000] {dagbag.py:536} INFO - Filling up the DagBag from /home/airflow/.local/lib/python3.8/site-packages/airflow/example_dags/example_setup_teardown.py
[2023-12-15T21:37:06.606+0000] {processor.py:839} INFO - DAG(s) dict_keys(['example_setup_teardown']) retrieved from /home/airflow/.local/lib/python3.8/site-packages/airflow/example_dags/example_setup_teardown.py
[2023-12-15T21:37:06.704+0000] {logging_mixin.py:154} INFO - [2023-12-15T21:37:06.703+0000] {dag.py:2941} INFO - Sync 1 DAGs
[2023-12-15T21:37:06.781+0000] {logging_mixin.py:154} INFO - [2023-12-15T21:37:06.781+0000] {dag.py:3722} INFO - Setting next_dagrun for example_setup_teardown to 2023-12-14T21:37:06.780174+00:00, run_after=2023-12-15T21:37:06.780174+00:00
[2023-12-15T21:37:06.857+0000] {processor.py:179} INFO - Processing /home/airflow/.local/lib/python3.8/site-packages/airflow/example_dags/example_setup_teardown.py took 0.314 seconds
[2023-12-15T21:37:37.350+0000] {processor.py:157} INFO - Started process (PID=272) to work on /home/airflow/.local/lib/python3.8/site-packages/airflow/example_dags/example_setup_teardown.py
[2023-12-15T21:37:37.353+0000] {processor.py:829} INFO - Processing file /home/airflow/.local/lib/python3.8/site-packages/airflow/example_dags/example_setup_teardown.py for tasks to queue
[2023-12-15T21:37:37.364+0000] {logging_mixin.py:154} INFO - [2023-12-15T21:37:37.362+0000] {dagbag.py:536} INFO - Filling up the DagBag from /home/airflow/.local/lib/python3.8/site-packages/airflow/example_dags/example_setup_teardown.py
[2023-12-15T21:37:37.392+0000] {processor.py:839} INFO - DAG(s) dict_keys(['example_setup_teardown']) retrieved from /home/airflow/.local/lib/python3.8/site-packages/airflow/example_dags/example_setup_teardown.py
[2023-12-15T21:37:37.497+0000] {logging_mixin.py:154} INFO - [2023-12-15T21:37:37.497+0000] {dag.py:2941} INFO - Sync 1 DAGs
[2023-12-15T21:37:37.567+0000] {logging_mixin.py:154} INFO - [2023-12-15T21:37:37.567+0000] {dag.py:3722} INFO - Setting next_dagrun for example_setup_teardown to 2023-12-14T21:37:37.566315+00:00, run_after=2023-12-15T21:37:37.566315+00:00
[2023-12-15T21:37:37.624+0000] {processor.py:179} INFO - Processing /home/airflow/.local/lib/python3.8/site-packages/airflow/example_dags/example_setup_teardown.py took 0.292 seconds
[2023-12-15T21:38:09.382+0000] {processor.py:157} INFO - Started process (PID=284) to work on /home/airflow/.local/lib/python3.8/site-packages/airflow/example_dags/example_setup_teardown.py
[2023-12-15T21:38:09.402+0000] {processor.py:829} INFO - Processing file /home/airflow/.local/lib/python3.8/site-packages/airflow/example_dags/example_setup_teardown.py for tasks to queue
[2023-12-15T21:38:09.446+0000] {logging_mixin.py:154} INFO - [2023-12-15T21:38:09.439+0000] {dagbag.py:536} INFO - Filling up the DagBag from /home/airflow/.local/lib/python3.8/site-packages/airflow/example_dags/example_setup_teardown.py
[2023-12-15T21:38:09.480+0000] {processor.py:839} INFO - DAG(s) dict_keys(['example_setup_teardown']) retrieved from /home/airflow/.local/lib/python3.8/site-packages/airflow/example_dags/example_setup_teardown.py
[2023-12-15T21:38:09.709+0000] {logging_mixin.py:154} INFO - [2023-12-15T21:38:09.708+0000] {dag.py:2941} INFO - Sync 1 DAGs
[2023-12-15T21:38:09.863+0000] {logging_mixin.py:154} INFO - [2023-12-15T21:38:09.862+0000] {dag.py:3722} INFO - Setting next_dagrun for example_setup_teardown to 2023-12-14T21:38:09.859568+00:00, run_after=2023-12-15T21:38:09.859568+00:00
[2023-12-15T21:38:09.959+0000] {processor.py:179} INFO - Processing /home/airflow/.local/lib/python3.8/site-packages/airflow/example_dags/example_setup_teardown.py took 0.604 seconds
[2023-12-15T21:38:40.879+0000] {processor.py:157} INFO - Started process (PID=339) to work on /home/airflow/.local/lib/python3.8/site-packages/airflow/example_dags/example_setup_teardown.py
[2023-12-15T21:38:40.881+0000] {processor.py:829} INFO - Processing file /home/airflow/.local/lib/python3.8/site-packages/airflow/example_dags/example_setup_teardown.py for tasks to queue
[2023-12-15T21:38:40.904+0000] {logging_mixin.py:154} INFO - [2023-12-15T21:38:40.894+0000] {dagbag.py:536} INFO - Filling up the DagBag from /home/airflow/.local/lib/python3.8/site-packages/airflow/example_dags/example_setup_teardown.py
[2023-12-15T21:38:41.045+0000] {processor.py:839} INFO - DAG(s) dict_keys(['example_setup_teardown']) retrieved from /home/airflow/.local/lib/python3.8/site-packages/airflow/example_dags/example_setup_teardown.py
[2023-12-15T21:38:41.360+0000] {logging_mixin.py:154} INFO - [2023-12-15T21:38:41.360+0000] {dag.py:2941} INFO - Sync 1 DAGs
[2023-12-15T21:38:41.673+0000] {logging_mixin.py:154} INFO - [2023-12-15T21:38:41.672+0000] {dag.py:3722} INFO - Setting next_dagrun for example_setup_teardown to 2023-12-14T21:38:41.672053+00:00, run_after=2023-12-15T21:38:41.672053+00:00
[2023-12-15T21:38:41.921+0000] {processor.py:179} INFO - Processing /home/airflow/.local/lib/python3.8/site-packages/airflow/example_dags/example_setup_teardown.py took 1.059 seconds
[2023-12-15T21:39:23.102+0000] {processor.py:157} INFO - Started process (PID=385) to work on /home/airflow/.local/lib/python3.8/site-packages/airflow/example_dags/example_setup_teardown.py
[2023-12-15T21:39:23.164+0000] {processor.py:829} INFO - Processing file /home/airflow/.local/lib/python3.8/site-packages/airflow/example_dags/example_setup_teardown.py for tasks to queue
[2023-12-15T21:39:23.249+0000] {logging_mixin.py:154} INFO - [2023-12-15T21:39:23.228+0000] {dagbag.py:536} INFO - Filling up the DagBag from /home/airflow/.local/lib/python3.8/site-packages/airflow/example_dags/example_setup_teardown.py
[2023-12-15T21:39:23.390+0000] {processor.py:839} INFO - DAG(s) dict_keys(['example_setup_teardown']) retrieved from /home/airflow/.local/lib/python3.8/site-packages/airflow/example_dags/example_setup_teardown.py
[2023-12-15T21:39:24.088+0000] {logging_mixin.py:154} INFO - [2023-12-15T21:39:24.088+0000] {dag.py:2941} INFO - Sync 1 DAGs
[2023-12-15T21:39:24.691+0000] {logging_mixin.py:154} INFO - [2023-12-15T21:39:24.690+0000] {dag.py:3722} INFO - Setting next_dagrun for example_setup_teardown to 2023-12-14T21:39:24.687672+00:00, run_after=2023-12-15T21:39:24.687672+00:00
[2023-12-15T21:39:25.071+0000] {processor.py:179} INFO - Processing /home/airflow/.local/lib/python3.8/site-packages/airflow/example_dags/example_setup_teardown.py took 2.013 seconds
[2023-12-15T21:39:55.263+0000] {processor.py:157} INFO - Started process (PID=447) to work on /home/airflow/.local/lib/python3.8/site-packages/airflow/example_dags/example_setup_teardown.py
[2023-12-15T21:39:55.265+0000] {processor.py:829} INFO - Processing file /home/airflow/.local/lib/python3.8/site-packages/airflow/example_dags/example_setup_teardown.py for tasks to queue
[2023-12-15T21:39:55.272+0000] {logging_mixin.py:154} INFO - [2023-12-15T21:39:55.272+0000] {dagbag.py:536} INFO - Filling up the DagBag from /home/airflow/.local/lib/python3.8/site-packages/airflow/example_dags/example_setup_teardown.py
[2023-12-15T21:39:55.296+0000] {processor.py:839} INFO - DAG(s) dict_keys(['example_setup_teardown']) retrieved from /home/airflow/.local/lib/python3.8/site-packages/airflow/example_dags/example_setup_teardown.py
[2023-12-15T21:39:55.446+0000] {logging_mixin.py:154} INFO - [2023-12-15T21:39:55.445+0000] {dag.py:2941} INFO - Sync 1 DAGs
[2023-12-15T21:39:55.571+0000] {logging_mixin.py:154} INFO - [2023-12-15T21:39:55.571+0000] {dag.py:3722} INFO - Setting next_dagrun for example_setup_teardown to 2023-12-14T21:39:55.570995+00:00, run_after=2023-12-15T21:39:55.570995+00:00
[2023-12-15T21:39:55.636+0000] {processor.py:179} INFO - Processing /home/airflow/.local/lib/python3.8/site-packages/airflow/example_dags/example_setup_teardown.py took 0.383 seconds
[2023-12-15T21:40:29.064+0000] {processor.py:157} INFO - Started process (PID=504) to work on /home/airflow/.local/lib/python3.8/site-packages/airflow/example_dags/example_setup_teardown.py
[2023-12-15T21:40:29.182+0000] {processor.py:829} INFO - Processing file /home/airflow/.local/lib/python3.8/site-packages/airflow/example_dags/example_setup_teardown.py for tasks to queue
[2023-12-15T21:40:29.654+0000] {logging_mixin.py:154} INFO - [2023-12-15T21:40:29.653+0000] {dagbag.py:536} INFO - Filling up the DagBag from /home/airflow/.local/lib/python3.8/site-packages/airflow/example_dags/example_setup_teardown.py
[2023-12-15T21:40:30.292+0000] {processor.py:839} INFO - DAG(s) dict_keys(['example_setup_teardown']) retrieved from /home/airflow/.local/lib/python3.8/site-packages/airflow/example_dags/example_setup_teardown.py
[2023-12-15T21:40:31.564+0000] {logging_mixin.py:154} INFO - [2023-12-15T21:40:31.563+0000] {dag.py:2941} INFO - Sync 1 DAGs
[2023-12-15T21:40:32.713+0000] {logging_mixin.py:154} INFO - [2023-12-15T21:40:32.713+0000] {dag.py:3722} INFO - Setting next_dagrun for example_setup_teardown to 2023-12-14T21:40:32.703134+00:00, run_after=2023-12-15T21:40:32.703134+00:00
[2023-12-15T21:40:33.283+0000] {processor.py:179} INFO - Processing /home/airflow/.local/lib/python3.8/site-packages/airflow/example_dags/example_setup_teardown.py took 4.510 seconds
[2023-12-15T21:44:54.713+0000] {processor.py:157} INFO - Started process (PID=51) to work on /home/airflow/.local/lib/python3.8/site-packages/airflow/example_dags/example_setup_teardown.py
[2023-12-15T21:44:54.762+0000] {processor.py:829} INFO - Processing file /home/airflow/.local/lib/python3.8/site-packages/airflow/example_dags/example_setup_teardown.py for tasks to queue
[2023-12-15T21:44:54.898+0000] {logging_mixin.py:154} INFO - [2023-12-15T21:44:54.897+0000] {dagbag.py:536} INFO - Filling up the DagBag from /home/airflow/.local/lib/python3.8/site-packages/airflow/example_dags/example_setup_teardown.py
[2023-12-15T21:44:55.537+0000] {processor.py:839} INFO - DAG(s) dict_keys(['example_setup_teardown']) retrieved from /home/airflow/.local/lib/python3.8/site-packages/airflow/example_dags/example_setup_teardown.py
[2023-12-15T21:44:57.628+0000] {logging_mixin.py:154} INFO - [2023-12-15T21:44:57.628+0000] {dag.py:2941} INFO - Sync 1 DAGs
[2023-12-15T21:44:58.023+0000] {logging_mixin.py:154} INFO - [2023-12-15T21:44:58.022+0000] {dag.py:3722} INFO - Setting next_dagrun for example_setup_teardown to 2023-12-14T21:44:58.021285+00:00, run_after=2023-12-15T21:44:58.021285+00:00
[2023-12-15T21:44:58.576+0000] {processor.py:179} INFO - Processing /home/airflow/.local/lib/python3.8/site-packages/airflow/example_dags/example_setup_teardown.py took 3.974 seconds
[2023-12-15T21:46:55.923+0000] {processor.py:157} INFO - Started process (PID=129) to work on /home/airflow/.local/lib/python3.8/site-packages/airflow/example_dags/example_setup_teardown.py
[2023-12-15T21:46:55.942+0000] {processor.py:829} INFO - Processing file /home/airflow/.local/lib/python3.8/site-packages/airflow/example_dags/example_setup_teardown.py for tasks to queue
[2023-12-15T21:46:56.000+0000] {logging_mixin.py:154} INFO - [2023-12-15T21:46:55.998+0000] {dagbag.py:536} INFO - Filling up the DagBag from /home/airflow/.local/lib/python3.8/site-packages/airflow/example_dags/example_setup_teardown.py
[2023-12-15T21:46:56.434+0000] {processor.py:839} INFO - DAG(s) dict_keys(['example_setup_teardown']) retrieved from /home/airflow/.local/lib/python3.8/site-packages/airflow/example_dags/example_setup_teardown.py
[2023-12-15T21:46:57.493+0000] {logging_mixin.py:154} INFO - [2023-12-15T21:46:57.493+0000] {dag.py:2941} INFO - Sync 1 DAGs
[2023-12-15T21:46:58.842+0000] {logging_mixin.py:154} INFO - [2023-12-15T21:46:58.822+0000] {dag.py:3722} INFO - Setting next_dagrun for example_setup_teardown to 2023-12-14T21:46:58.821270+00:00, run_after=2023-12-15T21:46:58.821270+00:00
[2023-12-15T21:46:59.493+0000] {processor.py:179} INFO - Processing /home/airflow/.local/lib/python3.8/site-packages/airflow/example_dags/example_setup_teardown.py took 3.692 seconds
[2023-12-15T21:47:39.801+0000] {processor.py:157} INFO - Started process (PID=165) to work on /home/airflow/.local/lib/python3.8/site-packages/airflow/example_dags/example_setup_teardown.py
[2023-12-15T21:47:39.831+0000] {processor.py:829} INFO - Processing file /home/airflow/.local/lib/python3.8/site-packages/airflow/example_dags/example_setup_teardown.py for tasks to queue
[2023-12-15T21:47:39.855+0000] {logging_mixin.py:154} INFO - [2023-12-15T21:47:39.854+0000] {dagbag.py:536} INFO - Filling up the DagBag from /home/airflow/.local/lib/python3.8/site-packages/airflow/example_dags/example_setup_teardown.py
[2023-12-15T21:47:39.973+0000] {processor.py:839} INFO - DAG(s) dict_keys(['example_setup_teardown']) retrieved from /home/airflow/.local/lib/python3.8/site-packages/airflow/example_dags/example_setup_teardown.py
[2023-12-15T21:47:40.221+0000] {logging_mixin.py:154} INFO - [2023-12-15T21:47:40.220+0000] {dag.py:2941} INFO - Sync 1 DAGs
[2023-12-15T21:47:40.475+0000] {logging_mixin.py:154} INFO - [2023-12-15T21:47:40.474+0000] {dag.py:3722} INFO - Setting next_dagrun for example_setup_teardown to 2023-12-14T21:47:40.472926+00:00, run_after=2023-12-15T21:47:40.472926+00:00
[2023-12-15T21:47:40.776+0000] {processor.py:179} INFO - Processing /home/airflow/.local/lib/python3.8/site-packages/airflow/example_dags/example_setup_teardown.py took 1.042 seconds
[2023-12-15T21:53:44.843+0000] {processor.py:157} INFO - Started process (PID=65) to work on /home/airflow/.local/lib/python3.8/site-packages/airflow/example_dags/example_setup_teardown.py
[2023-12-15T21:53:44.912+0000] {processor.py:829} INFO - Processing file /home/airflow/.local/lib/python3.8/site-packages/airflow/example_dags/example_setup_teardown.py for tasks to queue
[2023-12-15T21:53:44.970+0000] {logging_mixin.py:154} INFO - [2023-12-15T21:53:44.969+0000] {dagbag.py:536} INFO - Filling up the DagBag from /home/airflow/.local/lib/python3.8/site-packages/airflow/example_dags/example_setup_teardown.py
[2023-12-15T21:53:45.452+0000] {processor.py:839} INFO - DAG(s) dict_keys(['example_setup_teardown']) retrieved from /home/airflow/.local/lib/python3.8/site-packages/airflow/example_dags/example_setup_teardown.py
[2023-12-15T21:53:46.977+0000] {logging_mixin.py:154} INFO - [2023-12-15T21:53:46.977+0000] {dag.py:2941} INFO - Sync 1 DAGs
[2023-12-15T21:53:47.697+0000] {logging_mixin.py:154} INFO - [2023-12-15T21:53:47.697+0000] {dag.py:3722} INFO - Setting next_dagrun for example_setup_teardown to 2023-12-14T21:53:47.696588+00:00, run_after=2023-12-15T21:53:47.696588+00:00
[2023-12-15T21:53:48.096+0000] {processor.py:179} INFO - Processing /home/airflow/.local/lib/python3.8/site-packages/airflow/example_dags/example_setup_teardown.py took 3.451 seconds
                                                                                                                                                                                                                                                                                                                                                                                                                                                                                                                                                                                                                                                                                                                                                                                                                                                                                                                                                                                                                                                                                                                                                                                                                                                                                                                                                                                                                                                                                                                                                                                                                                                                                                                                                                                                                        