[2023-12-15T20:50:04.188+0000] {processor.py:157} INFO - Started process (PID=50) to work on /home/airflow/.local/lib/python3.8/site-packages/airflow/example_dags/example_short_circuit_operator.py
[2023-12-15T20:50:04.189+0000] {processor.py:829} INFO - Processing file /home/airflow/.local/lib/python3.8/site-packages/airflow/example_dags/example_short_circuit_operator.py for tasks to queue
[2023-12-15T20:50:04.210+0000] {logging_mixin.py:154} INFO - [2023-12-15T20:50:04.209+0000] {dagbag.py:536} INFO - Filling up the DagBag from /home/airflow/.local/lib/python3.8/site-packages/airflow/example_dags/example_short_circuit_operator.py
[2023-12-15T20:50:04.337+0000] {processor.py:839} INFO - DAG(s) dict_keys(['example_short_circuit_operator']) retrieved from /home/airflow/.local/lib/python3.8/site-packages/airflow/example_dags/example_short_circuit_operator.py
[2023-12-15T20:50:05.379+0000] {logging_mixin.py:154} INFO - [2023-12-15T20:50:05.379+0000] {manager.py:499} INFO - Created Permission View: %s
[2023-12-15T20:50:05.490+0000] {logging_mixin.py:154} INFO - [2023-12-15T20:50:05.489+0000] {manager.py:499} INFO - Created Permission View: %s
[2023-12-15T20:50:05.535+0000] {logging_mixin.py:154} INFO - [2023-12-15T20:50:05.535+0000] {manager.py:499} INFO - Created Permission View: %s
[2023-12-15T20:50:05.535+0000] {logging_mixin.py:154} INFO - [2023-12-15T20:50:05.535+0000] {dag.py:2941} INFO - Sync 1 DAGs
[2023-12-15T20:50:05.639+0000] {logging_mixin.py:154} INFO - [2023-12-15T20:50:05.638+0000] {dag.py:2963} INFO - Creating ORM DAG for example_short_circuit_operator
[2023-12-15T20:50:05.759+0000] {logging_mixin.py:154} INFO - [2023-12-15T20:50:05.737+0000] {dag.py:3722} INFO - Setting next_dagrun for example_short_circuit_operator to 2023-12-14T20:50:05.736568+00:00, run_after=2023-12-15T20:50:05.736568+00:00
[2023-12-15T20:50:06.019+0000] {processor.py:179} INFO - Processing /home/airflow/.local/lib/python3.8/site-packages/airflow/example_dags/example_short_circuit_operator.py took 1.857 seconds
[2023-12-15T20:50:36.443+0000] {processor.py:157} INFO - Started process (PID=106) to work on /home/airflow/.local/lib/python3.8/site-packages/airflow/example_dags/example_short_circuit_operator.py
[2023-12-15T20:50:36.445+0000] {processor.py:829} INFO - Processing file /home/airflow/.local/lib/python3.8/site-packages/airflow/example_dags/example_short_circuit_operator.py for tasks to queue
[2023-12-15T20:50:36.449+0000] {logging_mixin.py:154} INFO - [2023-12-15T20:50:36.448+0000] {dagbag.py:536} INFO - Filling up the DagBag from /home/airflow/.local/lib/python3.8/site-packages/airflow/example_dags/example_short_circuit_operator.py
[2023-12-15T20:50:36.462+0000] {processor.py:839} INFO - DAG(s) dict_keys(['example_short_circuit_operator']) retrieved from /home/airflow/.local/lib/python3.8/site-packages/airflow/example_dags/example_short_circuit_operator.py
[2023-12-15T20:50:36.502+0000] {logging_mixin.py:154} INFO - [2023-12-15T20:50:36.501+0000] {dag.py:2941} INFO - Sync 1 DAGs
[2023-12-15T20:50:36.535+0000] {logging_mixin.py:154} INFO - [2023-12-15T20:50:36.535+0000] {dag.py:3722} INFO - Setting next_dagrun for example_short_circuit_operator to 2023-12-14T20:50:36.535306+00:00, run_after=2023-12-15T20:50:36.535306+00:00
[2023-12-15T20:50:36.579+0000] {processor.py:179} INFO - Processing /home/airflow/.local/lib/python3.8/site-packages/airflow/example_dags/example_short_circuit_operator.py took 0.144 seconds
[2023-12-15T21:10:46.782+0000] {processor.py:157} INFO - Started process (PID=127) to work on /home/airflow/.local/lib/python3.8/site-packages/airflow/example_dags/example_short_circuit_operator.py
[2023-12-15T21:10:46.816+0000] {processor.py:829} INFO - Processing file /home/airflow/.local/lib/python3.8/site-packages/airflow/example_dags/example_short_circuit_operator.py for tasks to queue
[2023-12-15T21:10:46.843+0000] {logging_mixin.py:154} INFO - [2023-12-15T21:10:46.842+0000] {dagbag.py:536} INFO - Filling up the DagBag from /home/airflow/.local/lib/python3.8/site-packages/airflow/example_dags/example_short_circuit_operator.py
[2023-12-15T21:10:46.908+0000] {processor.py:839} INFO - DAG(s) dict_keys(['example_short_circuit_operator']) retrieved from /home/airflow/.local/lib/python3.8/site-packages/airflow/example_dags/example_short_circuit_operator.py
[2023-12-15T21:10:47.319+0000] {logging_mixin.py:154} INFO - [2023-12-15T21:10:47.306+0000] {dag.py:2941} INFO - Sync 1 DAGs
[2023-12-15T21:10:47.639+0000] {logging_mixin.py:154} INFO - [2023-12-15T21:10:47.639+0000] {dag.py:3722} INFO - Setting next_dagrun for example_short_circuit_operator to 2023-12-14T21:10:47.638771+00:00, run_after=2023-12-15T21:10:47.638771+00:00
[2023-12-15T21:10:47.882+0000] {processor.py:179} INFO - Processing /home/airflow/.local/lib/python3.8/site-packages/airflow/example_dags/example_short_circuit_operator.py took 1.136 seconds
[2023-12-15T21:11:18.645+0000] {processor.py:157} INFO - Started process (PID=182) to work on /home/airflow/.local/lib/python3.8/site-packages/airflow/example_dags/example_short_circuit_operator.py
[2023-12-15T21:11:18.660+0000] {processor.py:829} INFO - Processing file /home/airflow/.local/lib/python3.8/site-packages/airflow/example_dags/example_short_circuit_operator.py for tasks to queue
[2023-12-15T21:11:18.687+0000] {logging_mixin.py:154} INFO - [2023-12-15T21:11:18.682+0000] {dagbag.py:536} INFO - Filling up the DagBag from /home/airflow/.local/lib/python3.8/site-packages/airflow/example_dags/example_short_circuit_operator.py
[2023-12-15T21:11:18.741+0000] {processor.py:839} INFO - DAG(s) dict_keys(['example_short_circuit_operator']) retrieved from /home/airflow/.local/lib/python3.8/site-packages/airflow/example_dags/example_short_circuit_operator.py
[2023-12-15T21:11:18.848+0000] {logging_mixin.py:154} INFO - [2023-12-15T21:11:18.848+0000] {dag.py:2941} INFO - Sync 1 DAGs
[2023-12-15T21:11:18.941+0000] {logging_mixin.py:154} INFO - [2023-12-15T21:11:18.941+0000] {dag.py:3722} INFO - Setting next_dagrun for example_short_circuit_operator to 2023-12-14T21:11:18.941206+00:00, run_after=2023-12-15T21:11:18.941206+00:00
[2023-12-15T21:11:18.984+0000] {processor.py:179} INFO - Processing /home/airflow/.local/lib/python3.8/site-packages/airflow/example_dags/example_short_circuit_operator.py took 0.422 seconds
[2023-12-15T21:11:49.764+0000] {processor.py:157} INFO - Started process (PID=237) to work on /home/airflow/.local/lib/python3.8/site-packages/airflow/example_dags/example_short_circuit_operator.py
[2023-12-15T21:11:49.766+0000] {processor.py:829} INFO - Processing file /home/airflow/.local/lib/python3.8/site-packages/airflow/example_dags/example_short_circuit_operator.py for tasks to queue
[2023-12-15T21:11:49.770+0000] {logging_mixin.py:154} INFO - [2023-12-15T21:11:49.770+0000] {dagbag.py:536} INFO - Filling up the DagBag from /home/airflow/.local/lib/python3.8/site-packages/airflow/example_dags/example_short_circuit_operator.py
[2023-12-15T21:11:49.809+0000] {processor.py:839} INFO - DAG(s) dict_keys(['example_short_circuit_operator']) retrieved from /home/airflow/.local/lib/python3.8/site-packages/airflow/example_dags/example_short_circuit_operator.py
[2023-12-15T21:11:49.869+0000] {logging_mixin.py:154} INFO - [2023-12-15T21:11:49.869+0000] {dag.py:2941} INFO - Sync 1 DAGs
[2023-12-15T21:11:49.918+0000] {logging_mixin.py:154} INFO - [2023-12-15T21:11:49.917+0000] {dag.py:3722} INFO - Setting next_dagrun for example_short_circuit_operator to 2023-12-14T21:11:49.917035+00:00, run_after=2023-12-15T21:11:49.917035+00:00
[2023-12-15T21:11:49.965+0000] {processor.py:179} INFO - Processing /home/airflow/.local/lib/python3.8/site-packages/airflow/example_dags/example_short_circuit_operator.py took 0.211 seconds
[2023-12-15T21:12:28.232+0000] {processor.py:157} INFO - Started process (PID=293) to work on /home/airflow/.local/lib/python3.8/site-packages/airflow/example_dags/example_short_circuit_operator.py
[2023-12-15T21:12:28.236+0000] {processor.py:829} INFO - Processing file /home/airflow/.local/lib/python3.8/site-packages/airflow/example_dags/example_short_circuit_operator.py for tasks to queue
[2023-12-15T21:12:28.246+0000] {logging_mixin.py:154} INFO - [2023-12-15T21:12:28.244+0000] {dagbag.py:536} INFO - Filling up the DagBag from /home/airflow/.local/lib/python3.8/site-packages/airflow/example_dags/example_short_circuit_operator.py
[2023-12-15T21:12:28.277+0000] {processor.py:839} INFO - DAG(s) dict_keys(['example_short_circuit_operator']) retrieved from /home/airflow/.local/lib/python3.8/site-packages/airflow/example_dags/example_short_circuit_operator.py
[2023-12-15T21:12:28.388+0000] {logging_mixin.py:154} INFO - [2023-12-15T21:12:28.387+0000] {dag.py:2941} INFO - Sync 1 DAGs
[2023-12-15T21:12:28.475+0000] {logging_mixin.py:154} INFO - [2023-12-15T21:12:28.474+0000] {dag.py:3722} INFO - Setting next_dagrun for example_short_circuit_operator to 2023-12-14T21:12:28.473451+00:00, run_after=2023-12-15T21:12:28.473451+00:00
[2023-12-15T21:12:28.546+0000] {processor.py:179} INFO - Processing /home/airflow/.local/lib/python3.8/site-packages/airflow/example_dags/example_short_circuit_operator.py took 0.329 seconds
[2023-12-15T21:13:01.199+0000] {processor.py:157} INFO - Started process (PID=346) to work on /home/airflow/.local/lib/python3.8/site-packages/airflow/example_dags/example_short_circuit_operator.py
[2023-12-15T21:13:01.203+0000] {processor.py:829} INFO - Processing file /home/airflow/.local/lib/python3.8/site-packages/airflow/example_dags/example_short_circuit_operator.py for tasks to queue
[2023-12-15T21:13:01.213+0000] {logging_mixin.py:154} INFO - [2023-12-15T21:13:01.212+0000] {dagbag.py:536} INFO - Filling up the DagBag from /home/airflow/.local/lib/python3.8/site-packages/airflow/example_dags/example_short_circuit_operator.py
[2023-12-15T21:13:01.244+0000] {processor.py:839} INFO - DAG(s) dict_keys(['example_short_circuit_operator']) retrieved from /home/airflow/.local/lib/python3.8/site-packages/airflow/example_dags/example_short_circuit_operator.py
[2023-12-15T21:13:01.371+0000] {logging_mixin.py:154} INFO - [2023-12-15T21:13:01.370+0000] {dag.py:2941} INFO - Sync 1 DAGs
[2023-12-15T21:13:01.470+0000] {logging_mixin.py:154} INFO - [2023-12-15T21:13:01.470+0000] {dag.py:3722} INFO - Setting next_dagrun for example_short_circuit_operator to 2023-12-14T21:13:01.469491+00:00, run_after=2023-12-15T21:13:01.469491+00:00
[2023-12-15T21:13:01.561+0000] {processor.py:179} INFO - Processing /home/airflow/.local/lib/python3.8/site-packages/airflow/example_dags/example_short_circuit_operator.py took 0.375 seconds
[2023-12-15T21:13:38.687+0000] {processor.py:157} INFO - Started process (PID=402) to work on /home/airflow/.local/lib/python3.8/site-packages/airflow/example_dags/example_short_circuit_operator.py
[2023-12-15T21:13:38.689+0000] {processor.py:829} INFO - Processing file /home/airflow/.local/lib/python3.8/site-packages/airflow/example_dags/example_short_circuit_operator.py for tasks to queue
[2023-12-15T21:13:38.704+0000] {logging_mixin.py:154} INFO - [2023-12-15T21:13:38.703+0000] {dagbag.py:536} INFO - Filling up the DagBag from /home/airflow/.local/lib/python3.8/site-packages/airflow/example_dags/example_short_circuit_operator.py
[2023-12-15T21:13:38.753+0000] {processor.py:839} INFO - DAG(s) dict_keys(['example_short_circuit_operator']) retrieved from /home/airflow/.local/lib/python3.8/site-packages/airflow/example_dags/example_short_circuit_operator.py
[2023-12-15T21:13:38.980+0000] {logging_mixin.py:154} INFO - [2023-12-15T21:13:38.979+0000] {dag.py:2941} INFO - Sync 1 DAGs
[2023-12-15T21:13:39.116+0000] {logging_mixin.py:154} INFO - [2023-12-15T21:13:39.116+0000] {dag.py:3722} INFO - Setting next_dagrun for example_short_circuit_operator to 2023-12-14T21:13:39.115709+00:00, run_after=2023-12-15T21:13:39.115709+00:00
[2023-12-15T21:13:39.221+0000] {processor.py:179} INFO - Processing /home/airflow/.local/lib/python3.8/site-packages/airflow/example_dags/example_short_circuit_operator.py took 0.557 seconds
[2023-12-15T21:14:09.725+0000] {processor.py:157} INFO - Started process (PID=456) to work on /home/airflow/.local/lib/python3.8/site-packages/airflow/example_dags/example_short_circuit_operator.py
[2023-12-15T21:14:09.767+0000] {processor.py:829} INFO - Processing file /home/airflow/.local/lib/python3.8/site-packages/airflow/example_dags/example_short_circuit_operator.py for tasks to queue
[2023-12-15T21:14:09.797+0000] {logging_mixin.py:154} INFO - [2023-12-15T21:14:09.796+0000] {dagbag.py:536} INFO - Filling up the DagBag from /home/airflow/.local/lib/python3.8/site-packages/airflow/example_dags/example_short_circuit_operator.py
[2023-12-15T21:14:09.875+0000] {processor.py:839} INFO - DAG(s) dict_keys(['example_short_circuit_operator']) retrieved from /home/airflow/.local/lib/python3.8/site-packages/airflow/example_dags/example_short_circuit_operator.py
[2023-12-15T21:14:10.156+0000] {logging_mixin.py:154} INFO - [2023-12-15T21:14:10.155+0000] {dag.py:2941} INFO - Sync 1 DAGs
[2023-12-15T21:14:10.408+0000] {logging_mixin.py:154} INFO - [2023-12-15T21:14:10.408+0000] {dag.py:3722} INFO - Setting next_dagrun for example_short_circuit_operator to 2023-12-14T21:14:10.407919+00:00, run_after=2023-12-15T21:14:10.407919+00:00
[2023-12-15T21:14:10.592+0000] {processor.py:179} INFO - Processing /home/airflow/.local/lib/python3.8/site-packages/airflow/example_dags/example_short_circuit_operator.py took 0.923 seconds
[2023-12-15T21:14:41.591+0000] {processor.py:157} INFO - Started process (PID=512) to work on /home/airflow/.local/lib/python3.8/site-packages/airflow/example_dags/example_short_circuit_operator.py
[2023-12-15T21:14:41.655+0000] {processor.py:829} INFO - Processing file /home/airflow/.local/lib/python3.8/site-packages/airflow/example_dags/example_short_circuit_operator.py for tasks to queue
[2023-12-15T21:14:41.723+0000] {logging_mixin.py:154} INFO - [2023-12-15T21:14:41.663+0000] {dagbag.py:536} INFO - Filling up the DagBag from /home/airflow/.local/lib/python3.8/site-packages/airflow/example_dags/example_short_circuit_operator.py
[2023-12-15T21:14:41.891+0000] {processor.py:839} INFO - DAG(s) dict_keys(['example_short_circuit_operator']) retrieved from /home/airflow/.local/lib/python3.8/site-packages/airflow/example_dags/example_short_circuit_operator.py
[2023-12-15T21:14:42.336+0000] {logging_mixin.py:154} INFO - [2023-12-15T21:14:42.335+0000] {dag.py:2941} INFO - Sync 1 DAGs
[2023-12-15T21:14:42.546+0000] {logging_mixin.py:154} INFO - [2023-12-15T21:14:42.545+0000] {dag.py:3722} INFO - Setting next_dagrun for example_short_circuit_operator to 2023-12-14T21:14:42.544691+00:00, run_after=2023-12-15T21:14:42.544691+00:00
[2023-12-15T21:14:42.859+0000] {processor.py:179} INFO - Processing /home/airflow/.local/lib/python3.8/site-packages/airflow/example_dags/example_short_circuit_operator.py took 1.337 seconds
[2023-12-15T21:15:13.086+0000] {processor.py:157} INFO - Started process (PID=569) to work on /home/airflow/.local/lib/python3.8/site-packages/airflow/example_dags/example_short_circuit_operator.py
[2023-12-15T21:15:13.093+0000] {processor.py:829} INFO - Processing file /home/airflow/.local/lib/python3.8/site-packages/airflow/example_dags/example_short_circuit_operator.py for tasks to queue
[2023-12-15T21:15:13.109+0000] {logging_mixin.py:154} INFO - [2023-12-15T21:15:13.109+0000] {dagbag.py:536} INFO - Filling up the DagBag from /home/airflow/.local/lib/python3.8/site-packages/airflow/example_dags/example_short_circuit_operator.py
[2023-12-15T21:15:13.132+0000] {processor.py:839} INFO - DAG(s) dict_keys(['example_short_circuit_operator']) retrieved from /home/airflow/.local/lib/python3.8/site-packages/airflow/example_dags/example_short_circuit_operator.py
[2023-12-15T21:15:13.187+0000] {logging_mixin.py:154} INFO - [2023-12-15T21:15:13.186+0000] {dag.py:2941} INFO - Sync 1 DAGs
[2023-12-15T21:15:13.254+0000] {logging_mixin.py:154} INFO - [2023-12-15T21:15:13.253+0000] {dag.py:3722} INFO - Setting next_dagrun for example_short_circuit_operator to 2023-12-14T21:15:13.253069+00:00, run_after=2023-12-15T21:15:13.253069+00:00
[2023-12-15T21:15:13.310+0000] {processor.py:179} INFO - Processing /home/airflow/.local/lib/python3.8/site-packages/airflow/example_dags/example_short_circuit_operator.py took 0.246 seconds
[2023-12-15T21:15:47.152+0000] {processor.py:157} INFO - Started process (PID=625) to work on /home/airflow/.local/lib/python3.8/site-packages/airflow/example_dags/example_short_circuit_operator.py
[2023-12-15T21:15:47.154+0000] {processor.py:829} INFO - Processing file /home/airflow/.local/lib/python3.8/site-packages/airflow/example_dags/example_short_circuit_operator.py for tasks to queue
[2023-12-15T21:15:47.159+0000] {logging_mixin.py:154} INFO - [2023-12-15T21:15:47.158+0000] {dagbag.py:536} INFO - Filling up the DagBag from /home/airflow/.local/lib/python3.8/site-packages/airflow/example_dags/example_short_circuit_operator.py
[2023-12-15T21:15:47.181+0000] {processor.py:839} INFO - DAG(s) dict_keys(['example_short_circuit_operator']) retrieved from /home/airflow/.local/lib/python3.8/site-packages/airflow/example_dags/example_short_circuit_operator.py
[2023-12-15T21:15:47.297+0000] {logging_mixin.py:154} INFO - [2023-12-15T21:15:47.296+0000] {dag.py:2941} INFO - Sync 1 DAGs
[2023-12-15T21:15:47.381+0000] {logging_mixin.py:154} INFO - [2023-12-15T21:15:47.381+0000] {dag.py:3722} INFO - Setting next_dagrun for example_short_circuit_operator to 2023-12-14T21:15:47.380428+00:00, run_after=2023-12-15T21:15:47.380428+00:00
[2023-12-15T21:15:47.436+0000] {processor.py:179} INFO - Processing /home/airflow/.local/lib/python3.8/site-packages/airflow/example_dags/example_short_circuit_operator.py took 0.291 seconds
[2023-12-15T21:16:19.248+0000] {processor.py:157} INFO - Started process (PID=669) to work on /home/airflow/.local/lib/python3.8/site-packages/airflow/example_dags/example_short_circuit_operator.py
[2023-12-15T21:16:19.266+0000] {processor.py:829} INFO - Processing file /home/airflow/.local/lib/python3.8/site-packages/airflow/example_dags/example_short_circuit_operator.py for tasks to queue
[2023-12-15T21:16:19.403+0000] {logging_mixin.py:154} INFO - [2023-12-15T21:16:19.348+0000] {dagbag.py:536} INFO - Filling up the DagBag from /home/airflow/.local/lib/python3.8/site-packages/airflow/example_dags/example_short_circuit_operator.py
[2023-12-15T21:16:19.666+0000] {processor.py:839} INFO - DAG(s) dict_keys(['example_short_circuit_operator']) retrieved from /home/airflow/.local/lib/python3.8/site-packages/airflow/example_dags/example_short_circuit_operator.py
[2023-12-15T21:16:20.357+0000] {logging_mixin.py:154} INFO - [2023-12-15T21:16:20.357+0000] {dag.py:2941} INFO - Sync 1 DAGs
[2023-12-15T21:16:21.354+0000] {logging_mixin.py:154} INFO - [2023-12-15T21:16:21.353+0000] {dag.py:3722} INFO - Setting next_dagrun for example_short_circuit_operator to 2023-12-14T21:16:21.352421+00:00, run_after=2023-12-15T21:16:21.352421+00:00
[2023-12-15T21:16:21.951+0000] {processor.py:179} INFO - Processing /home/airflow/.local/lib/python3.8/site-packages/airflow/example_dags/example_short_circuit_operator.py took 2.797 seconds
[2023-12-15T21:17:08.947+0000] {processor.py:157} INFO - Started process (PID=726) to work on /home/airflow/.local/lib/python3.8/site-packages/airflow/example_dags/example_short_circuit_operator.py
[2023-12-15T21:17:08.952+0000] {processor.py:829} INFO - Processing file /home/airflow/.local/lib/python3.8/site-packages/airflow/example_dags/example_short_circuit_operator.py for tasks to queue
[2023-12-15T21:17:08.963+0000] {logging_mixin.py:154} INFO - [2023-12-15T21:17:08.962+0000] {dagbag.py:536} INFO - Filling up the DagBag from /home/airflow/.local/lib/python3.8/site-packages/airflow/example_dags/example_short_circuit_operator.py
[2023-12-15T21:17:09.020+0000] {processor.py:839} INFO - DAG(s) dict_keys(['example_short_circuit_operator']) retrieved from /home/airflow/.local/lib/python3.8/site-packages/airflow/example_dags/example_short_circuit_operator.py
[2023-12-15T21:17:09.157+0000] {logging_mixin.py:154} INFO - [2023-12-15T21:17:09.157+0000] {dag.py:2941} INFO - Sync 1 DAGs
[2023-12-15T21:17:09.296+0000] {logging_mixin.py:154} INFO - [2023-12-15T21:17:09.296+0000] {dag.py:3722} INFO - Setting next_dagrun for example_short_circuit_operator to 2023-12-14T21:17:09.295947+00:00, run_after=2023-12-15T21:17:09.295947+00:00
[2023-12-15T21:17:09.367+0000] {processor.py:179} INFO - Processing /home/airflow/.local/lib/python3.8/site-packages/airflow/example_dags/example_short_circuit_operator.py took 0.449 seconds
[2023-12-15T21:17:40.181+0000] {processor.py:157} INFO - Started process (PID=780) to work on /home/airflow/.local/lib/python3.8/site-packages/airflow/example_dags/example_short_circuit_operator.py
[2023-12-15T21:17:40.205+0000] {processor.py:829} INFO - Processing file /home/airflow/.local/lib/python3.8/site-packages/airflow/example_dags/example_short_circuit_operator.py for tasks to queue
[2023-12-15T21:17:40.220+0000] {logging_mixin.py:154} INFO - [2023-12-15T21:17:40.219+0000] {dagbag.py:536} INFO - Filling up the DagBag from /home/airflow/.local/lib/python3.8/site-packages/airflow/example_dags/example_short_circuit_operator.py
[2023-12-15T21:17:40.270+0000] {processor.py:839} INFO - DAG(s) dict_keys(['example_short_circuit_operator']) retrieved from /home/airflow/.local/lib/python3.8/site-packages/airflow/example_dags/example_short_circuit_operator.py
[2023-12-15T21:17:40.754+0000] {logging_mixin.py:154} INFO - [2023-12-15T21:17:40.753+0000] {dag.py:2941} INFO - Sync 1 DAGs
[2023-12-15T21:17:41.649+0000] {logging_mixin.py:154} INFO - [2023-12-15T21:17:41.649+0000] {dag.py:3722} INFO - Setting next_dagrun for example_short_circuit_operator to 2023-12-14T21:17:41.648625+00:00, run_after=2023-12-15T21:17:41.648625+00:00
[2023-12-15T21:17:41.919+0000] {processor.py:179} INFO - Processing /home/airflow/.local/lib/python3.8/site-packages/airflow/example_dags/example_short_circuit_operator.py took 1.783 seconds
[2023-12-15T21:22:52.465+0000] {processor.py:157} INFO - Started process (PID=71) to work on /home/airflow/.local/lib/python3.8/site-packages/airflow/example_dags/example_short_circuit_operator.py
[2023-12-15T21:22:52.497+0000] {processor.py:829} INFO - Processing file /home/airflow/.local/lib/python3.8/site-packages/airflow/example_dags/example_short_circuit_operator.py for tasks to queue
[2023-12-15T21:22:52.524+0000] {logging_mixin.py:154} INFO - [2023-12-15T21:22:52.523+0000] {dagbag.py:536} INFO - Filling up the DagBag from /home/airflow/.local/lib/python3.8/site-packages/airflow/example_dags/example_short_circuit_operator.py
[2023-12-15T21:22:52.655+0000] {processor.py:839} INFO - DAG(s) dict_keys(['example_short_circuit_operator']) retrieved from /home/airflow/.local/lib/python3.8/site-packages/airflow/example_dags/example_short_circuit_operator.py
[2023-12-15T21:22:53.369+0000] {logging_mixin.py:154} INFO - [2023-12-15T21:22:53.368+0000] {dag.py:2941} INFO - Sync 1 DAGs
[2023-12-15T21:22:53.663+0000] {logging_mixin.py:154} INFO - [2023-12-15T21:22:53.662+0000] {dag.py:3722} INFO - Setting next_dagrun for example_short_circuit_operator to 2023-12-14T21:22:53.662476+00:00, run_after=2023-12-15T21:22:53.662476+00:00
[2023-12-15T21:22:53.859+0000] {processor.py:179} INFO - Processing /home/airflow/.local/lib/python3.8/site-packages/airflow/example_dags/example_short_circuit_operator.py took 1.452 seconds
[2023-12-15T21:27:36.938+0000] {processor.py:157} INFO - Started process (PID=69) to work on /home/airflow/.local/lib/python3.8/site-packages/airflow/example_dags/example_short_circuit_operator.py
[2023-12-15T21:27:36.997+0000] {processor.py:829} INFO - Processing file /home/airflow/.local/lib/python3.8/site-packages/airflow/example_dags/example_short_circuit_operator.py for tasks to queue
[2023-12-15T21:27:37.069+0000] {logging_mixin.py:154} INFO - [2023-12-15T21:27:37.069+0000] {dagbag.py:536} INFO - Filling up the DagBag from /home/airflow/.local/lib/python3.8/site-packages/airflow/example_dags/example_short_circuit_operator.py
[2023-12-15T21:27:37.458+0000] {processor.py:839} INFO - DAG(s) dict_keys(['example_short_circuit_operator']) retrieved from /home/airflow/.local/lib/python3.8/site-packages/airflow/example_dags/example_short_circuit_operator.py
[2023-12-15T21:27:39.416+0000] {logging_mixin.py:154} INFO - [2023-12-15T21:27:39.394+0000] {dag.py:2941} INFO - Sync 1 DAGs
[2023-12-15T21:27:40.561+0000] {logging_mixin.py:154} INFO - [2023-12-15T21:27:40.560+0000] {dag.py:3722} INFO - Setting next_dagrun for example_short_circuit_operator to 2023-12-14T21:27:40.542594+00:00, run_after=2023-12-15T21:27:40.542594+00:00
[2023-12-15T21:27:41.266+0000] {processor.py:179} INFO - Processing /home/airflow/.local/lib/python3.8/site-packages/airflow/example_dags/example_short_circuit_operator.py took 4.368 seconds
[2023-12-15T21:29:09.482+0000] {processor.py:157} INFO - Started process (PID=139) to work on /home/airflow/.local/lib/python3.8/site-packages/airflow/example_dags/example_short_circuit_operator.py
[2023-12-15T21:29:09.536+0000] {processor.py:829} INFO - Processing file /home/airflow/.local/lib/python3.8/site-packages/airflow/example_dags/example_short_circuit_operator.py for tasks to queue
[2023-12-15T21:29:09.582+0000] {logging_mixin.py:154} INFO - [2023-12-15T21:29:09.581+0000] {dagbag.py:536} INFO - Filling up the DagBag from /home/airflow/.local/lib/python3.8/site-packages/airflow/example_dags/example_short_circuit_operator.py
[2023-12-15T21:29:09.746+0000] {processor.py:839} INFO - DAG(s) dict_keys(['example_short_circuit_operator']) retrieved from /home/airflow/.local/lib/python3.8/site-packages/airflow/example_dags/example_short_circuit_operator.py
[2023-12-15T21:29:10.133+0000] {logging_mixin.py:154} INFO - [2023-12-15T21:29:10.133+0000] {dag.py:2941} INFO - Sync 1 DAGs
[2023-12-15T21:29:10.418+0000] {logging_mixin.py:154} INFO - [2023-12-15T21:29:10.417+0000] {dag.py:3722} INFO - Setting next_dagrun for example_short_circuit_operator to 2023-12-14T21:29:10.416660+00:00, run_after=2023-12-15T21:29:10.416660+00:00
[2023-12-15T21:29:10.621+0000] {processor.py:179} INFO - Processing /home/airflow/.local/lib/python3.8/site-packages/airflow/example_dags/example_short_circuit_operator.py took 1.197 seconds
[2023-12-15T21:29:51.469+0000] {processor.py:157} INFO - Started process (PID=193) to work on /home/airflow/.local/lib/python3.8/site-packages/airflow/example_dags/example_short_circuit_operator.py
[2023-12-15T21:29:51.485+0000] {processor.py:829} INFO - Processing file /home/airflow/.local/lib/python3.8/site-packages/airflow/example_dags/example_short_circuit_operator.py for tasks to queue
[2023-12-15T21:29:51.510+0000] {logging_mixin.py:154} INFO - [2023-12-15T21:29:51.510+0000] {dagbag.py:536} INFO - Filling up the DagBag from /home/airflow/.local/lib/python3.8/site-packages/airflow/example_dags/example_short_circuit_operator.py
[2023-12-15T21:29:51.605+0000] {processor.py:839} INFO - DAG(s) dict_keys(['example_short_circuit_operator']) retrieved from /home/airflow/.local/lib/python3.8/site-packages/airflow/example_dags/example_short_circuit_operator.py
[2023-12-15T21:29:51.875+0000] {logging_mixin.py:154} INFO - [2023-12-15T21:29:51.874+0000] {dag.py:2941} INFO - Sync 1 DAGs
[2023-12-15T21:29:52.191+0000] {logging_mixin.py:154} INFO - [2023-12-15T21:29:52.190+0000] {dag.py:3722} INFO - Setting next_dagrun for example_short_circuit_operator to 2023-12-14T21:29:52.189957+00:00, run_after=2023-12-15T21:29:52.189957+00:00
[2023-12-15T21:29:52.458+0000] {processor.py:179} INFO - Processing /home/airflow/.local/lib/python3.8/site-packages/airflow/example_dags/example_short_circuit_operator.py took 1.052 seconds
[2023-12-15T21:35:17.842+0000] {processor.py:157} INFO - Started process (PID=56) to work on /home/airflow/.local/lib/python3.8/site-packages/airflow/example_dags/example_short_circuit_operator.py
[2023-12-15T21:35:17.849+0000] {processor.py:829} INFO - Processing file /home/airflow/.local/lib/python3.8/site-packages/airflow/example_dags/example_short_circuit_operator.py for tasks to queue
[2023-12-15T21:35:17.885+0000] {logging_mixin.py:154} INFO - [2023-12-15T21:35:17.884+0000] {dagbag.py:536} INFO - Filling up the DagBag from /home/airflow/.local/lib/python3.8/site-packages/airflow/example_dags/example_short_circuit_operator.py
[2023-12-15T21:35:18.053+0000] {processor.py:839} INFO - DAG(s) dict_keys(['example_short_circuit_operator']) retrieved from /home/airflow/.local/lib/python3.8/site-packages/airflow/example_dags/example_short_circuit_operator.py
[2023-12-15T21:35:18.525+0000] {logging_mixin.py:154} INFO - [2023-12-15T21:35:18.525+0000] {dag.py:2941} INFO - Sync 1 DAGs
[2023-12-15T21:35:18.967+0000] {logging_mixin.py:154} INFO - [2023-12-15T21:35:18.967+0000] {dag.py:3722} INFO - Setting next_dagrun for example_short_circuit_operator to 2023-12-14T21:35:18.966750+00:00, run_after=2023-12-15T21:35:18.966750+00:00
[2023-12-15T21:35:19.228+0000] {processor.py:179} INFO - Processing /home/airflow/.local/lib/python3.8/site-packages/airflow/example_dags/example_short_circuit_operator.py took 1.445 seconds
[2023-12-15T21:36:02.342+0000] {processor.py:157} INFO - Started process (PID=116) to work on /home/airflow/.local/lib/python3.8/site-packages/airflow/example_dags/example_short_circuit_operator.py
[2023-12-15T21:36:02.360+0000] {processor.py:829} INFO - Processing file /home/airflow/.local/lib/python3.8/site-packages/airflow/example_dags/example_short_circuit_operator.py for tasks to queue
[2023-12-15T21:36:02.384+0000] {logging_mixin.py:154} INFO - [2023-12-15T21:36:02.383+0000] {dagbag.py:536} INFO - Filling up the DagBag from /home/airflow/.local/lib/python3.8/site-packages/airflow/example_dags/example_short_circuit_operator.py
[2023-12-15T21:36:02.479+0000] {processor.py:839} INFO - DAG(s) dict_keys(['example_short_circuit_operator']) retrieved from /home/airflow/.local/lib/python3.8/site-packages/airflow/example_dags/example_short_circuit_operator.py
[2023-12-15T21:36:02.827+0000] {logging_mixin.py:154} INFO - [2023-12-15T21:36:02.826+0000] {dag.py:2941} INFO - Sync 1 DAGs
[2023-12-15T21:36:03.126+0000] {logging_mixin.py:154} INFO - [2023-12-15T21:36:03.125+0000] {dag.py:3722} INFO - Setting next_dagrun for example_short_circuit_operator to 2023-12-14T21:36:03.125329+00:00, run_after=2023-12-15T21:36:03.125329+00:00
[2023-12-15T21:36:03.321+0000] {processor.py:179} INFO - Processing /home/airflow/.local/lib/python3.8/site-packages/airflow/example_dags/example_short_circuit_operator.py took 1.033 seconds
[2023-12-15T21:36:37.912+0000] {processor.py:157} INFO - Started process (PID=166) to work on /home/airflow/.local/lib/python3.8/site-packages/airflow/example_dags/example_short_circuit_operator.py
[2023-12-15T21:36:37.925+0000] {processor.py:829} INFO - Processing file /home/airflow/.local/lib/python3.8/site-packages/airflow/example_dags/example_short_circuit_operator.py for tasks to queue
[2023-12-15T21:36:37.965+0000] {logging_mixin.py:154} INFO - [2023-12-15T21:36:37.954+0000] {dagbag.py:536} INFO - Filling up the DagBag from /home/airflow/.local/lib/python3.8/site-packages/airflow/example_dags/example_short_circuit_operator.py
[2023-12-15T21:36:38.100+0000] {processor.py:839} INFO - DAG(s) dict_keys(['example_short_circuit_operator']) retrieved from /home/airflow/.local/lib/python3.8/site-packages/airflow/example_dags/example_short_circuit_operator.py
[2023-12-15T21:36:38.833+0000] {logging_mixin.py:154} INFO - [2023-12-15T21:36:38.833+0000] {dag.py:2941} INFO - Sync 1 DAGs
[2023-12-15T21:36:38.952+0000] {logging_mixin.py:154} INFO - [2023-12-15T21:36:38.951+0000] {dag.py:3722} INFO - Setting next_dagrun for example_short_circuit_operator to 2023-12-14T21:36:38.943555+00:00, run_after=2023-12-15T21:36:38.943555+00:00
[2023-12-15T21:36:39.084+0000] {processor.py:179} INFO - Processing /home/airflow/.local/lib/python3.8/site-packages/airflow/example_dags/example_short_circuit_operator.py took 1.222 seconds
[2023-12-15T21:37:09.235+0000] {processor.py:157} INFO - Started process (PID=222) to work on /home/airflow/.local/lib/python3.8/site-packages/airflow/example_dags/example_short_circuit_operator.py
[2023-12-15T21:37:09.239+0000] {processor.py:829} INFO - Processing file /home/airflow/.local/lib/python3.8/site-packages/airflow/example_dags/example_short_circuit_operator.py for tasks to queue
[2023-12-15T21:37:09.246+0000] {logging_mixin.py:154} INFO - [2023-12-15T21:37:09.246+0000] {dagbag.py:536} INFO - Filling up the DagBag from /home/airflow/.local/lib/python3.8/site-packages/airflow/example_dags/example_short_circuit_operator.py
[2023-12-15T21:37:09.267+0000] {processor.py:839} INFO - DAG(s) dict_keys(['example_short_circuit_operator']) retrieved from /home/airflow/.local/lib/python3.8/site-packages/airflow/example_dags/example_short_circuit_operator.py
[2023-12-15T21:37:09.331+0000] {logging_mixin.py:154} INFO - [2023-12-15T21:37:09.330+0000] {dag.py:2941} INFO - Sync 1 DAGs
[2023-12-15T21:37:09.388+0000] {logging_mixin.py:154} INFO - [2023-12-15T21:37:09.388+0000] {dag.py:3722} INFO - Setting next_dagrun for example_short_circuit_operator to 2023-12-14T21:37:09.388045+00:00, run_after=2023-12-15T21:37:09.388045+00:00
[2023-12-15T21:37:09.432+0000] {processor.py:179} INFO - Processing /home/airflow/.local/lib/python3.8/site-packages/airflow/example_dags/example_short_circuit_operator.py took 0.208 seconds
[2023-12-15T21:37:40.240+0000] {processor.py:157} INFO - Started process (PID=277) to work on /home/airflow/.local/lib/python3.8/site-packages/airflow/example_dags/example_short_circuit_operator.py
[2023-12-15T21:37:40.242+0000] {processor.py:829} INFO - Processing file /home/airflow/.local/lib/python3.8/site-packages/airflow/example_dags/example_short_circuit_operator.py for tasks to queue
[2023-12-15T21:37:40.249+0000] {logging_mixin.py:154} INFO - [2023-12-15T21:37:40.248+0000] {dagbag.py:536} INFO - Filling up the DagBag from /home/airflow/.local/lib/python3.8/site-packages/airflow/example_dags/example_short_circuit_operator.py
[2023-12-15T21:37:40.271+0000] {processor.py:839} INFO - DAG(s) dict_keys(['example_short_circuit_operator']) retrieved from /home/airflow/.local/lib/python3.8/site-packages/airflow/example_dags/example_short_circuit_operator.py
[2023-12-15T21:37:40.377+0000] {logging_mixin.py:154} INFO - [2023-12-15T21:37:40.377+0000] {dag.py:2941} INFO - Sync 1 DAGs
[2023-12-15T21:37:40.462+0000] {logging_mixin.py:154} INFO - [2023-12-15T21:37:40.461+0000] {dag.py:3722} INFO - Setting next_dagrun for example_short_circuit_operator to 2023-12-14T21:37:40.460781+00:00, run_after=2023-12-15T21:37:40.460781+00:00
[2023-12-15T21:37:40.521+0000] {processor.py:179} INFO - Processing /home/airflow/.local/lib/python3.8/site-packages/airflow/example_dags/example_short_circuit_operator.py took 0.289 seconds
[2023-12-15T21:38:28.550+0000] {processor.py:157} INFO - Started process (PID=333) to work on /home/airflow/.local/lib/python3.8/site-packages/airflow/example_dags/example_short_circuit_operator.py
[2023-12-15T21:38:28.557+0000] {processor.py:829} INFO - Processing file /home/airflow/.local/lib/python3.8/site-packages/airflow/example_dags/example_short_circuit_operator.py for tasks to queue
[2023-12-15T21:38:28.673+0000] {logging_mixin.py:154} INFO - [2023-12-15T21:38:28.672+0000] {dagbag.py:536} INFO - Filling up the DagBag from /home/airflow/.local/lib/python3.8/site-packages/airflow/example_dags/example_short_circuit_operator.py
[2023-12-15T21:38:28.847+0000] {processor.py:839} INFO - DAG(s) dict_keys(['example_short_circuit_operator']) retrieved from /home/airflow/.local/lib/python3.8/site-packages/airflow/example_dags/example_short_circuit_operator.py
[2023-12-15T21:38:28.993+0000] {logging_mixin.py:154} INFO - [2023-12-15T21:38:28.992+0000] {dag.py:2941} INFO - Sync 1 DAGs
[2023-12-15T21:38:29.334+0000] {logging_mixin.py:154} INFO - [2023-12-15T21:38:29.333+0000] {dag.py:3722} INFO - Setting next_dagrun for example_short_circuit_operator to 2023-12-14T21:38:29.330236+00:00, run_after=2023-12-15T21:38:29.330236+00:00
[2023-12-15T21:38:29.574+0000] {processor.py:179} INFO - Processing /home/airflow/.local/lib/python3.8/site-packages/airflow/example_dags/example_short_circuit_operator.py took 1.239 seconds
[2023-12-15T21:39:32.690+0000] {processor.py:157} INFO - Started process (PID=398) to work on /home/airflow/.local/lib/python3.8/site-packages/airflow/example_dags/example_short_circuit_operator.py
[2023-12-15T21:39:32.694+0000] {processor.py:829} INFO - Processing file /home/airflow/.local/lib/python3.8/site-packages/airflow/example_dags/example_short_circuit_operator.py for tasks to queue
[2023-12-15T21:39:32.703+0000] {logging_mixin.py:154} INFO - [2023-12-15T21:39:32.701+0000] {dagbag.py:536} INFO - Filling up the DagBag from /home/airflow/.local/lib/python3.8/site-packages/airflow/example_dags/example_short_circuit_operator.py
[2023-12-15T21:39:32.729+0000] {processor.py:839} INFO - DAG(s) dict_keys(['example_short_circuit_operator']) retrieved from /home/airflow/.local/lib/python3.8/site-packages/airflow/example_dags/example_short_circuit_operator.py
[2023-12-15T21:39:32.869+0000] {logging_mixin.py:154} INFO - [2023-12-15T21:39:32.868+0000] {dag.py:2941} INFO - Sync 1 DAGs
[2023-12-15T21:39:32.953+0000] {logging_mixin.py:154} INFO - [2023-12-15T21:39:32.953+0000] {dag.py:3722} INFO - Setting next_dagrun for example_short_circuit_operator to 2023-12-14T21:39:32.952529+00:00, run_after=2023-12-15T21:39:32.952529+00:00
[2023-12-15T21:39:33.015+0000] {processor.py:179} INFO - Processing /home/airflow/.local/lib/python3.8/site-packages/airflow/example_dags/example_short_circuit_operator.py took 0.340 seconds
[2023-12-15T21:40:03.886+0000] {processor.py:157} INFO - Started process (PID=454) to work on /home/airflow/.local/lib/python3.8/site-packages/airflow/example_dags/example_short_circuit_operator.py
[2023-12-15T21:40:03.896+0000] {processor.py:829} INFO - Processing file /home/airflow/.local/lib/python3.8/site-packages/airflow/example_dags/example_short_circuit_operator.py for tasks to queue
[2023-12-15T21:40:03.906+0000] {logging_mixin.py:154} INFO - [2023-12-15T21:40:03.905+0000] {dagbag.py:536} INFO - Filling up the DagBag from /home/airflow/.local/lib/python3.8/site-packages/airflow/example_dags/example_short_circuit_operator.py
[2023-12-15T21:40:03.976+0000] {processor.py:839} INFO - DAG(s) dict_keys(['example_short_circuit_operator']) retrieved from /home/airflow/.local/lib/python3.8/site-packages/airflow/example_dags/example_short_circuit_operator.py
[2023-12-15T21:40:04.200+0000] {logging_mixin.py:154} INFO - [2023-12-15T21:40:04.200+0000] {dag.py:2941} INFO - Sync 1 DAGs
[2023-12-15T21:40:04.378+0000] {logging_mixin.py:154} INFO - [2023-12-15T21:40:04.378+0000] {dag.py:3722} INFO - Setting next_dagrun for example_short_circuit_operator to 2023-12-14T21:40:04.377369+00:00, run_after=2023-12-15T21:40:04.377369+00:00
[2023-12-15T21:40:04.540+0000] {processor.py:179} INFO - Processing /home/airflow/.local/lib/python3.8/site-packages/airflow/example_dags/example_short_circuit_operator.py took 0.679 seconds
[2023-12-15T21:45:07.296+0000] {processor.py:157} INFO - Started process (PID=64) to work on /home/airflow/.local/lib/python3.8/site-packages/airflow/example_dags/example_short_circuit_operator.py
[2023-12-15T21:45:07.401+0000] {processor.py:829} INFO - Processing file /home/airflow/.local/lib/python3.8/site-packages/airflow/example_dags/example_short_circuit_operator.py for tasks to queue
[2023-12-15T21:45:07.640+0000] {logging_mixin.py:154} INFO - [2023-12-15T21:45:07.573+0000] {dagbag.py:536} INFO - Filling up the DagBag from /home/airflow/.local/lib/python3.8/site-packages/airflow/example_dags/example_short_circuit_operator.py
[2023-12-15T21:45:08.040+0000] {processor.py:839} INFO - DAG(s) dict_keys(['example_short_circuit_operator']) retrieved from /home/airflow/.local/lib/python3.8/site-packages/airflow/example_dags/example_short_circuit_operator.py
[2023-12-15T21:45:08.613+0000] {logging_mixin.py:154} INFO - [2023-12-15T21:45:08.612+0000] {dag.py:2941} INFO - Sync 1 DAGs
[2023-12-15T21:45:09.048+0000] {logging_mixin.py:154} INFO - [2023-12-15T21:45:09.048+0000] {dag.py:3722} INFO - Setting next_dagrun for example_short_circuit_operator to 2023-12-14T21:45:09.048109+00:00, run_after=2023-12-15T21:45:09.048109+00:00
[2023-12-15T21:45:09.689+0000] {processor.py:179} INFO - Processing /home/airflow/.local/lib/python3.8/site-packages/airflow/example_dags/example_short_circuit_operator.py took 2.533 seconds
[2023-12-15T21:47:06.123+0000] {processor.py:157} INFO - Started process (PID=134) to work on /home/airflow/.local/lib/python3.8/site-packages/airflow/example_dags/example_short_circuit_operator.py
[2023-12-15T21:47:06.154+0000] {processor.py:829} INFO - Processing file /home/airflow/.local/lib/python3.8/site-packages/airflow/example_dags/example_short_circuit_operator.py for tasks to queue
[2023-12-15T21:47:06.210+0000] {logging_mixin.py:154} INFO - [2023-12-15T21:47:06.209+0000] {dagbag.py:536} INFO - Filling up the DagBag from /home/airflow/.local/lib/python3.8/site-packages/airflow/example_dags/example_short_circuit_operator.py
[2023-12-15T21:47:06.524+0000] {processor.py:839} INFO - DAG(s) dict_keys(['example_short_circuit_operator']) retrieved from /home/airflow/.local/lib/python3.8/site-packages/airflow/example_dags/example_short_circuit_operator.py
[2023-12-15T21:47:07.675+0000] {logging_mixin.py:154} INFO - [2023-12-15T21:47:07.675+0000] {dag.py:2941} INFO - Sync 1 DAGs
[2023-12-15T21:47:08.529+0000] {logging_mixin.py:154} INFO - [2023-12-15T21:47:08.528+0000] {dag.py:3722} INFO - Setting next_dagrun for example_short_circuit_operator to 2023-12-14T21:47:08.528039+00:00, run_after=2023-12-15T21:47:08.528039+00:00
[2023-12-15T21:47:09.248+0000] {processor.py:179} INFO - Processing /home/airflow/.local/lib/python3.8/site-packages/airflow/example_dags/example_short_circuit_operator.py took 3.232 seconds
                                                                                                                                                                                                                                                                                                                                                                                                                                                                                                                                                                                                                                                                                                                                                                                                                                                                                                                                                                                                                                                                                                                                                                                                                                                                                                                                                                                                                                                                                                                                                                                                                                                                                                                                                                                                                                                                                                                                                                                                                                                                                                             