[2023-12-15T20:50:24.723+0000] {processor.py:157} INFO - Started process (PID=76) to work on /home/airflow/.local/lib/python3.8/site-packages/airflow/example_dags/example_skip_dag.py
[2023-12-15T20:50:24.724+0000] {processor.py:829} INFO - Processing file /home/airflow/.local/lib/python3.8/site-packages/airflow/example_dags/example_skip_dag.py for tasks to queue
[2023-12-15T20:50:24.733+0000] {logging_mixin.py:154} INFO - [2023-12-15T20:50:24.732+0000] {dagbag.py:536} INFO - Filling up the DagBag from /home/airflow/.local/lib/python3.8/site-packages/airflow/example_dags/example_skip_dag.py
[2023-12-15T20:50:24.781+0000] {processor.py:839} INFO - DAG(s) dict_keys(['example_skip_dag']) retrieved from /home/airflow/.local/lib/python3.8/site-packages/airflow/example_dags/example_skip_dag.py
[2023-12-15T20:50:25.298+0000] {logging_mixin.py:154} INFO - [2023-12-15T20:50:25.298+0000] {manager.py:499} INFO - Created Permission View: %s
[2023-12-15T20:50:25.352+0000] {logging_mixin.py:154} INFO - [2023-12-15T20:50:25.352+0000] {manager.py:499} INFO - Created Permission View: %s
[2023-12-15T20:50:25.373+0000] {logging_mixin.py:154} INFO - [2023-12-15T20:50:25.373+0000] {manager.py:499} INFO - Created Permission View: %s
[2023-12-15T20:50:25.374+0000] {logging_mixin.py:154} INFO - [2023-12-15T20:50:25.373+0000] {dag.py:2941} INFO - Sync 1 DAGs
[2023-12-15T20:50:25.421+0000] {logging_mixin.py:154} INFO - [2023-12-15T20:50:25.421+0000] {dag.py:2963} INFO - Creating ORM DAG for example_skip_dag
[2023-12-15T20:50:25.452+0000] {logging_mixin.py:154} INFO - [2023-12-15T20:50:25.452+0000] {dag.py:3722} INFO - Setting next_dagrun for example_skip_dag to 2023-12-14T20:50:25.452152+00:00, run_after=2023-12-15T20:50:25.452152+00:00
[2023-12-15T20:50:25.497+0000] {processor.py:179} INFO - Processing /home/airflow/.local/lib/python3.8/site-packages/airflow/example_dags/example_skip_dag.py took 0.799 seconds
[2023-12-15T21:11:08.344+0000] {processor.py:157} INFO - Started process (PID=152) to work on /home/airflow/.local/lib/python3.8/site-packages/airflow/example_dags/example_skip_dag.py
[2023-12-15T21:11:08.358+0000] {processor.py:829} INFO - Processing file /home/airflow/.local/lib/python3.8/site-packages/airflow/example_dags/example_skip_dag.py for tasks to queue
[2023-12-15T21:11:08.363+0000] {logging_mixin.py:154} INFO - [2023-12-15T21:11:08.362+0000] {dagbag.py:536} INFO - Filling up the DagBag from /home/airflow/.local/lib/python3.8/site-packages/airflow/example_dags/example_skip_dag.py
[2023-12-15T21:11:08.391+0000] {processor.py:839} INFO - DAG(s) dict_keys(['example_skip_dag']) retrieved from /home/airflow/.local/lib/python3.8/site-packages/airflow/example_dags/example_skip_dag.py
[2023-12-15T21:11:08.478+0000] {logging_mixin.py:154} INFO - [2023-12-15T21:11:08.478+0000] {dag.py:2941} INFO - Sync 1 DAGs
[2023-12-15T21:11:08.570+0000] {logging_mixin.py:154} INFO - [2023-12-15T21:11:08.570+0000] {dag.py:3722} INFO - Setting next_dagrun for example_skip_dag to 2023-12-14T21:11:08.570151+00:00, run_after=2023-12-15T21:11:08.570151+00:00
[2023-12-15T21:11:08.637+0000] {processor.py:179} INFO - Processing /home/airflow/.local/lib/python3.8/site-packages/airflow/example_dags/example_skip_dag.py took 0.349 seconds
[2023-12-15T21:11:41.142+0000] {processor.py:157} INFO - Started process (PID=208) to work on /home/airflow/.local/lib/python3.8/site-packages/airflow/example_dags/example_skip_dag.py
[2023-12-15T21:11:41.154+0000] {processor.py:829} INFO - Processing file /home/airflow/.local/lib/python3.8/site-packages/airflow/example_dags/example_skip_dag.py for tasks to queue
[2023-12-15T21:11:41.186+0000] {logging_mixin.py:154} INFO - [2023-12-15T21:11:41.182+0000] {dagbag.py:536} INFO - Filling up the DagBag from /home/airflow/.local/lib/python3.8/site-packages/airflow/example_dags/example_skip_dag.py
[2023-12-15T21:11:41.224+0000] {processor.py:839} INFO - DAG(s) dict_keys(['example_skip_dag']) retrieved from /home/airflow/.local/lib/python3.8/site-packages/airflow/example_dags/example_skip_dag.py
[2023-12-15T21:11:41.302+0000] {logging_mixin.py:154} INFO - [2023-12-15T21:11:41.302+0000] {dag.py:2941} INFO - Sync 1 DAGs
[2023-12-15T21:11:41.358+0000] {logging_mixin.py:154} INFO - [2023-12-15T21:11:41.358+0000] {dag.py:3722} INFO - Setting next_dagrun for example_skip_dag to 2023-12-14T21:11:41.358042+00:00, run_after=2023-12-15T21:11:41.358042+00:00
[2023-12-15T21:11:41.436+0000] {processor.py:179} INFO - Processing /home/airflow/.local/lib/python3.8/site-packages/airflow/example_dags/example_skip_dag.py took 0.311 seconds
[2023-12-15T21:12:24.959+0000] {processor.py:157} INFO - Started process (PID=275) to work on /home/airflow/.local/lib/python3.8/site-packages/airflow/example_dags/example_skip_dag.py
[2023-12-15T21:12:24.961+0000] {processor.py:829} INFO - Processing file /home/airflow/.local/lib/python3.8/site-packages/airflow/example_dags/example_skip_dag.py for tasks to queue
[2023-12-15T21:12:24.966+0000] {logging_mixin.py:154} INFO - [2023-12-15T21:12:24.965+0000] {dagbag.py:536} INFO - Filling up the DagBag from /home/airflow/.local/lib/python3.8/site-packages/airflow/example_dags/example_skip_dag.py
[2023-12-15T21:12:24.984+0000] {processor.py:839} INFO - DAG(s) dict_keys(['example_skip_dag']) retrieved from /home/airflow/.local/lib/python3.8/site-packages/airflow/example_dags/example_skip_dag.py
[2023-12-15T21:12:25.057+0000] {logging_mixin.py:154} INFO - [2023-12-15T21:12:25.056+0000] {dag.py:2941} INFO - Sync 1 DAGs
[2023-12-15T21:12:25.123+0000] {logging_mixin.py:154} INFO - [2023-12-15T21:12:25.122+0000] {dag.py:3722} INFO - Setting next_dagrun for example_skip_dag to 2023-12-14T21:12:25.122381+00:00, run_after=2023-12-15T21:12:25.122381+00:00
[2023-12-15T21:12:25.172+0000] {processor.py:179} INFO - Processing /home/airflow/.local/lib/python3.8/site-packages/airflow/example_dags/example_skip_dag.py took 0.224 seconds
[2023-12-15T21:12:56.306+0000] {processor.py:157} INFO - Started process (PID=331) to work on /home/airflow/.local/lib/python3.8/site-packages/airflow/example_dags/example_skip_dag.py
[2023-12-15T21:12:56.321+0000] {processor.py:829} INFO - Processing file /home/airflow/.local/lib/python3.8/site-packages/airflow/example_dags/example_skip_dag.py for tasks to queue
[2023-12-15T21:12:56.340+0000] {logging_mixin.py:154} INFO - [2023-12-15T21:12:56.339+0000] {dagbag.py:536} INFO - Filling up the DagBag from /home/airflow/.local/lib/python3.8/site-packages/airflow/example_dags/example_skip_dag.py
[2023-12-15T21:12:56.407+0000] {processor.py:839} INFO - DAG(s) dict_keys(['example_skip_dag']) retrieved from /home/airflow/.local/lib/python3.8/site-packages/airflow/example_dags/example_skip_dag.py
[2023-12-15T21:12:56.496+0000] {logging_mixin.py:154} INFO - [2023-12-15T21:12:56.495+0000] {dag.py:2941} INFO - Sync 1 DAGs
[2023-12-15T21:12:56.660+0000] {logging_mixin.py:154} INFO - [2023-12-15T21:12:56.659+0000] {dag.py:3722} INFO - Setting next_dagrun for example_skip_dag to 2023-12-14T21:12:56.658770+00:00, run_after=2023-12-15T21:12:56.658770+00:00
[2023-12-15T21:12:56.709+0000] {processor.py:179} INFO - Processing /home/airflow/.local/lib/python3.8/site-packages/airflow/example_dags/example_skip_dag.py took 0.437 seconds
[2023-12-15T21:13:28.653+0000] {processor.py:157} INFO - Started process (PID=387) to work on /home/airflow/.local/lib/python3.8/site-packages/airflow/example_dags/example_skip_dag.py
[2023-12-15T21:13:28.654+0000] {processor.py:829} INFO - Processing file /home/airflow/.local/lib/python3.8/site-packages/airflow/example_dags/example_skip_dag.py for tasks to queue
[2023-12-15T21:13:28.682+0000] {logging_mixin.py:154} INFO - [2023-12-15T21:13:28.675+0000] {dagbag.py:536} INFO - Filling up the DagBag from /home/airflow/.local/lib/python3.8/site-packages/airflow/example_dags/example_skip_dag.py
[2023-12-15T21:13:28.762+0000] {processor.py:839} INFO - DAG(s) dict_keys(['example_skip_dag']) retrieved from /home/airflow/.local/lib/python3.8/site-packages/airflow/example_dags/example_skip_dag.py
[2023-12-15T21:13:29.057+0000] {logging_mixin.py:154} INFO - [2023-12-15T21:13:29.057+0000] {dag.py:2941} INFO - Sync 1 DAGs
[2023-12-15T21:13:29.400+0000] {logging_mixin.py:154} INFO - [2023-12-15T21:13:29.400+0000] {dag.py:3722} INFO - Setting next_dagrun for example_skip_dag to 2023-12-14T21:13:29.399976+00:00, run_after=2023-12-15T21:13:29.399976+00:00
[2023-12-15T21:13:29.592+0000] {processor.py:179} INFO - Processing /home/airflow/.local/lib/python3.8/site-packages/airflow/example_dags/example_skip_dag.py took 0.982 seconds
[2023-12-15T21:13:59.903+0000] {processor.py:157} INFO - Started process (PID=443) to work on /home/airflow/.local/lib/python3.8/site-packages/airflow/example_dags/example_skip_dag.py
[2023-12-15T21:13:59.905+0000] {processor.py:829} INFO - Processing file /home/airflow/.local/lib/python3.8/site-packages/airflow/example_dags/example_skip_dag.py for tasks to queue
[2023-12-15T21:13:59.909+0000] {logging_mixin.py:154} INFO - [2023-12-15T21:13:59.909+0000] {dagbag.py:536} INFO - Filling up the DagBag from /home/airflow/.local/lib/python3.8/site-packages/airflow/example_dags/example_skip_dag.py
[2023-12-15T21:13:59.928+0000] {processor.py:839} INFO - DAG(s) dict_keys(['example_skip_dag']) retrieved from /home/airflow/.local/lib/python3.8/site-packages/airflow/example_dags/example_skip_dag.py
[2023-12-15T21:13:59.984+0000] {logging_mixin.py:154} INFO - [2023-12-15T21:13:59.984+0000] {dag.py:2941} INFO - Sync 1 DAGs
[2023-12-15T21:14:00.045+0000] {logging_mixin.py:154} INFO - [2023-12-15T21:14:00.044+0000] {dag.py:3722} INFO - Setting next_dagrun for example_skip_dag to 2023-12-14T21:14:00.044013+00:00, run_after=2023-12-15T21:14:00.044013+00:00
[2023-12-15T21:14:00.093+0000] {processor.py:179} INFO - Processing /home/airflow/.local/lib/python3.8/site-packages/airflow/example_dags/example_skip_dag.py took 0.198 seconds
[2023-12-15T21:14:30.522+0000] {processor.py:157} INFO - Started process (PID=499) to work on /home/airflow/.local/lib/python3.8/site-packages/airflow/example_dags/example_skip_dag.py
[2023-12-15T21:14:30.524+0000] {processor.py:829} INFO - Processing file /home/airflow/.local/lib/python3.8/site-packages/airflow/example_dags/example_skip_dag.py for tasks to queue
[2023-12-15T21:14:30.530+0000] {logging_mixin.py:154} INFO - [2023-12-15T21:14:30.529+0000] {dagbag.py:536} INFO - Filling up the DagBag from /home/airflow/.local/lib/python3.8/site-packages/airflow/example_dags/example_skip_dag.py
[2023-12-15T21:14:30.566+0000] {processor.py:839} INFO - DAG(s) dict_keys(['example_skip_dag']) retrieved from /home/airflow/.local/lib/python3.8/site-packages/airflow/example_dags/example_skip_dag.py
[2023-12-15T21:14:30.692+0000] {logging_mixin.py:154} INFO - [2023-12-15T21:14:30.692+0000] {dag.py:2941} INFO - Sync 1 DAGs
[2023-12-15T21:14:31.081+0000] {logging_mixin.py:154} INFO - [2023-12-15T21:14:31.080+0000] {dag.py:3722} INFO - Setting next_dagrun for example_skip_dag to 2023-12-14T21:14:31.079998+00:00, run_after=2023-12-15T21:14:31.079998+00:00
[2023-12-15T21:14:31.192+0000] {processor.py:179} INFO - Processing /home/airflow/.local/lib/python3.8/site-packages/airflow/example_dags/example_skip_dag.py took 0.683 seconds
[2023-12-15T21:15:04.226+0000] {processor.py:157} INFO - Started process (PID=556) to work on /home/airflow/.local/lib/python3.8/site-packages/airflow/example_dags/example_skip_dag.py
[2023-12-15T21:15:04.229+0000] {processor.py:829} INFO - Processing file /home/airflow/.local/lib/python3.8/site-packages/airflow/example_dags/example_skip_dag.py for tasks to queue
[2023-12-15T21:15:04.234+0000] {logging_mixin.py:154} INFO - [2023-12-15T21:15:04.233+0000] {dagbag.py:536} INFO - Filling up the DagBag from /home/airflow/.local/lib/python3.8/site-packages/airflow/example_dags/example_skip_dag.py
[2023-12-15T21:15:04.253+0000] {processor.py:839} INFO - DAG(s) dict_keys(['example_skip_dag']) retrieved from /home/airflow/.local/lib/python3.8/site-packages/airflow/example_dags/example_skip_dag.py
[2023-12-15T21:15:04.309+0000] {logging_mixin.py:154} INFO - [2023-12-15T21:15:04.309+0000] {dag.py:2941} INFO - Sync 1 DAGs
[2023-12-15T21:15:04.390+0000] {logging_mixin.py:154} INFO - [2023-12-15T21:15:04.389+0000] {dag.py:3722} INFO - Setting next_dagrun for example_skip_dag to 2023-12-14T21:15:04.388598+00:00, run_after=2023-12-15T21:15:04.388598+00:00
[2023-12-15T21:15:04.454+0000] {processor.py:179} INFO - Processing /home/airflow/.local/lib/python3.8/site-packages/airflow/example_dags/example_skip_dag.py took 0.238 seconds
[2023-12-15T21:15:41.591+0000] {processor.py:157} INFO - Started process (PID=613) to work on /home/airflow/.local/lib/python3.8/site-packages/airflow/example_dags/example_skip_dag.py
[2023-12-15T21:15:41.600+0000] {processor.py:829} INFO - Processing file /home/airflow/.local/lib/python3.8/site-packages/airflow/example_dags/example_skip_dag.py for tasks to queue
[2023-12-15T21:15:41.609+0000] {logging_mixin.py:154} INFO - [2023-12-15T21:15:41.608+0000] {dagbag.py:536} INFO - Filling up the DagBag from /home/airflow/.local/lib/python3.8/site-packages/airflow/example_dags/example_skip_dag.py
[2023-12-15T21:15:41.638+0000] {processor.py:839} INFO - DAG(s) dict_keys(['example_skip_dag']) retrieved from /home/airflow/.local/lib/python3.8/site-packages/airflow/example_dags/example_skip_dag.py
[2023-12-15T21:15:41.777+0000] {logging_mixin.py:154} INFO - [2023-12-15T21:15:41.777+0000] {dag.py:2941} INFO - Sync 1 DAGs
[2023-12-15T21:15:41.927+0000] {logging_mixin.py:154} INFO - [2023-12-15T21:15:41.916+0000] {dag.py:3722} INFO - Setting next_dagrun for example_skip_dag to 2023-12-14T21:15:41.915139+00:00, run_after=2023-12-15T21:15:41.915139+00:00
[2023-12-15T21:15:42.118+0000] {processor.py:179} INFO - Processing /home/airflow/.local/lib/python3.8/site-packages/airflow/example_dags/example_skip_dag.py took 0.560 seconds
[2023-12-15T21:16:28.285+0000] {processor.py:157} INFO - Started process (PID=680) to work on /home/airflow/.local/lib/python3.8/site-packages/airflow/example_dags/example_skip_dag.py
[2023-12-15T21:16:28.294+0000] {processor.py:829} INFO - Processing file /home/airflow/.local/lib/python3.8/site-packages/airflow/example_dags/example_skip_dag.py for tasks to queue
[2023-12-15T21:16:28.331+0000] {logging_mixin.py:154} INFO - [2023-12-15T21:16:28.330+0000] {dagbag.py:536} INFO - Filling up the DagBag from /home/airflow/.local/lib/python3.8/site-packages/airflow/example_dags/example_skip_dag.py
[2023-12-15T21:16:28.517+0000] {processor.py:839} INFO - DAG(s) dict_keys(['example_skip_dag']) retrieved from /home/airflow/.local/lib/python3.8/site-packages/airflow/example_dags/example_skip_dag.py
[2023-12-15T21:16:29.278+0000] {logging_mixin.py:154} INFO - [2023-12-15T21:16:29.278+0000] {dag.py:2941} INFO - Sync 1 DAGs
[2023-12-15T21:16:29.888+0000] {logging_mixin.py:154} INFO - [2023-12-15T21:16:29.887+0000] {dag.py:3722} INFO - Setting next_dagrun for example_skip_dag to 2023-12-14T21:16:29.887196+00:00, run_after=2023-12-15T21:16:29.887196+00:00
[2023-12-15T21:16:30.308+0000] {processor.py:179} INFO - Processing /home/airflow/.local/lib/python3.8/site-packages/airflow/example_dags/example_skip_dag.py took 2.122 seconds
[2023-12-15T21:17:12.465+0000] {processor.py:157} INFO - Started process (PID=736) to work on /home/airflow/.local/lib/python3.8/site-packages/airflow/example_dags/example_skip_dag.py
[2023-12-15T21:17:12.484+0000] {processor.py:829} INFO - Processing file /home/airflow/.local/lib/python3.8/site-packages/airflow/example_dags/example_skip_dag.py for tasks to queue
[2023-12-15T21:17:12.508+0000] {logging_mixin.py:154} INFO - [2023-12-15T21:17:12.507+0000] {dagbag.py:536} INFO - Filling up the DagBag from /home/airflow/.local/lib/python3.8/site-packages/airflow/example_dags/example_skip_dag.py
[2023-12-15T21:17:12.557+0000] {processor.py:839} INFO - DAG(s) dict_keys(['example_skip_dag']) retrieved from /home/airflow/.local/lib/python3.8/site-packages/airflow/example_dags/example_skip_dag.py
[2023-12-15T21:17:12.642+0000] {logging_mixin.py:154} INFO - [2023-12-15T21:17:12.641+0000] {dag.py:2941} INFO - Sync 1 DAGs
[2023-12-15T21:17:12.710+0000] {logging_mixin.py:154} INFO - [2023-12-15T21:17:12.709+0000] {dag.py:3722} INFO - Setting next_dagrun for example_skip_dag to 2023-12-14T21:17:12.709369+00:00, run_after=2023-12-15T21:17:12.709369+00:00
[2023-12-15T21:17:12.776+0000] {processor.py:179} INFO - Processing /home/airflow/.local/lib/python3.8/site-packages/airflow/example_dags/example_skip_dag.py took 0.346 seconds
[2023-12-15T21:17:51.656+0000] {processor.py:157} INFO - Started process (PID=794) to work on /home/airflow/.local/lib/python3.8/site-packages/airflow/example_dags/example_skip_dag.py
[2023-12-15T21:17:51.661+0000] {processor.py:829} INFO - Processing file /home/airflow/.local/lib/python3.8/site-packages/airflow/example_dags/example_skip_dag.py for tasks to queue
[2023-12-15T21:17:51.679+0000] {logging_mixin.py:154} INFO - [2023-12-15T21:17:51.670+0000] {dagbag.py:536} INFO - Filling up the DagBag from /home/airflow/.local/lib/python3.8/site-packages/airflow/example_dags/example_skip_dag.py
[2023-12-15T21:17:51.864+0000] {processor.py:839} INFO - DAG(s) dict_keys(['example_skip_dag']) retrieved from /home/airflow/.local/lib/python3.8/site-packages/airflow/example_dags/example_skip_dag.py
[2023-12-15T21:17:52.562+0000] {logging_mixin.py:154} INFO - [2023-12-15T21:17:52.561+0000] {dag.py:2941} INFO - Sync 1 DAGs
[2023-12-15T21:28:27.463+0000] {processor.py:157} INFO - Started process (PID=102) to work on /home/airflow/.local/lib/python3.8/site-packages/airflow/example_dags/example_skip_dag.py
[2023-12-15T21:28:27.473+0000] {processor.py:829} INFO - Processing file /home/airflow/.local/lib/python3.8/site-packages/airflow/example_dags/example_skip_dag.py for tasks to queue
[2023-12-15T21:28:27.485+0000] {logging_mixin.py:154} INFO - [2023-12-15T21:28:27.483+0000] {dagbag.py:536} INFO - Filling up the DagBag from /home/airflow/.local/lib/python3.8/site-packages/airflow/example_dags/example_skip_dag.py
[2023-12-15T21:28:27.535+0000] {processor.py:839} INFO - DAG(s) dict_keys(['example_skip_dag']) retrieved from /home/airflow/.local/lib/python3.8/site-packages/airflow/example_dags/example_skip_dag.py
[2023-12-15T21:28:27.665+0000] {logging_mixin.py:154} INFO - [2023-12-15T21:28:27.665+0000] {dag.py:2941} INFO - Sync 1 DAGs
[2023-12-15T21:28:28.112+0000] {logging_mixin.py:154} INFO - [2023-12-15T21:28:28.112+0000] {dag.py:3722} INFO - Setting next_dagrun for example_skip_dag to 2023-12-14T21:28:28.054457+00:00, run_after=2023-12-15T21:28:28.054457+00:00
[2023-12-15T21:28:28.840+0000] {processor.py:179} INFO - Processing /home/airflow/.local/lib/python3.8/site-packages/airflow/example_dags/example_skip_dag.py took 1.394 seconds
[2023-12-15T21:29:31.033+0000] {processor.py:157} INFO - Started process (PID=165) to work on /home/airflow/.local/lib/python3.8/site-packages/airflow/example_dags/example_skip_dag.py
[2023-12-15T21:29:31.045+0000] {processor.py:829} INFO - Processing file /home/airflow/.local/lib/python3.8/site-packages/airflow/example_dags/example_skip_dag.py for tasks to queue
[2023-12-15T21:29:31.049+0000] {logging_mixin.py:154} INFO - [2023-12-15T21:29:31.049+0000] {dagbag.py:536} INFO - Filling up the DagBag from /home/airflow/.local/lib/python3.8/site-packages/airflow/example_dags/example_skip_dag.py
[2023-12-15T21:29:31.090+0000] {processor.py:839} INFO - DAG(s) dict_keys(['example_skip_dag']) retrieved from /home/airflow/.local/lib/python3.8/site-packages/airflow/example_dags/example_skip_dag.py
[2023-12-15T21:29:31.242+0000] {logging_mixin.py:154} INFO - [2023-12-15T21:29:31.242+0000] {dag.py:2941} INFO - Sync 1 DAGs
[2023-12-15T21:29:31.695+0000] {logging_mixin.py:154} INFO - [2023-12-15T21:29:31.674+0000] {dag.py:3722} INFO - Setting next_dagrun for example_skip_dag to 2023-12-14T21:29:31.672722+00:00, run_after=2023-12-15T21:29:31.672722+00:00
[2023-12-15T21:29:31.810+0000] {processor.py:179} INFO - Processing /home/airflow/.local/lib/python3.8/site-packages/airflow/example_dags/example_skip_dag.py took 0.815 seconds
[2023-12-15T21:30:27.402+0000] {processor.py:157} INFO - Started process (PID=229) to work on /home/airflow/.local/lib/python3.8/site-packages/airflow/example_dags/example_skip_dag.py
[2023-12-15T21:30:27.425+0000] {processor.py:829} INFO - Processing file /home/airflow/.local/lib/python3.8/site-packages/airflow/example_dags/example_skip_dag.py for tasks to queue
[2023-12-15T21:30:27.445+0000] {logging_mixin.py:154} INFO - [2023-12-15T21:30:27.444+0000] {dagbag.py:536} INFO - Filling up the DagBag from /home/airflow/.local/lib/python3.8/site-packages/airflow/example_dags/example_skip_dag.py
[2023-12-15T21:30:27.594+0000] {processor.py:839} INFO - DAG(s) dict_keys(['example_skip_dag']) retrieved from /home/airflow/.local/lib/python3.8/site-packages/airflow/example_dags/example_skip_dag.py
[2023-12-15T21:30:27.881+0000] {logging_mixin.py:154} INFO - [2023-12-15T21:30:27.880+0000] {dag.py:2941} INFO - Sync 1 DAGs
[2023-12-15T21:30:28.540+0000] {logging_mixin.py:154} INFO - [2023-12-15T21:30:28.539+0000] {dag.py:3722} INFO - Setting next_dagrun for example_skip_dag to 2023-12-14T21:30:28.505952+00:00, run_after=2023-12-15T21:30:28.505952+00:00
[2023-12-15T21:30:28.862+0000] {processor.py:179} INFO - Processing /home/airflow/.local/lib/python3.8/site-packages/airflow/example_dags/example_skip_dag.py took 1.529 seconds
[2023-12-15T21:35:46.013+0000] {processor.py:157} INFO - Started process (PID=89) to work on /home/airflow/.local/lib/python3.8/site-packages/airflow/example_dags/example_skip_dag.py
[2023-12-15T21:35:46.021+0000] {processor.py:829} INFO - Processing file /home/airflow/.local/lib/python3.8/site-packages/airflow/example_dags/example_skip_dag.py for tasks to queue
[2023-12-15T21:35:46.055+0000] {logging_mixin.py:154} INFO - [2023-12-15T21:35:46.053+0000] {dagbag.py:536} INFO - Filling up the DagBag from /home/airflow/.local/lib/python3.8/site-packages/airflow/example_dags/example_skip_dag.py
[2023-12-15T21:35:46.221+0000] {processor.py:839} INFO - DAG(s) dict_keys(['example_skip_dag']) retrieved from /home/airflow/.local/lib/python3.8/site-packages/airflow/example_dags/example_skip_dag.py
[2023-12-15T21:35:46.553+0000] {logging_mixin.py:154} INFO - [2023-12-15T21:35:46.552+0000] {dag.py:2941} INFO - Sync 1 DAGs
[2023-12-15T21:35:46.785+0000] {logging_mixin.py:154} INFO - [2023-12-15T21:35:46.785+0000] {dag.py:3722} INFO - Setting next_dagrun for example_skip_dag to 2023-12-14T21:35:46.784584+00:00, run_after=2023-12-15T21:35:46.784584+00:00
[2023-12-15T21:35:46.972+0000] {processor.py:179} INFO - Processing /home/airflow/.local/lib/python3.8/site-packages/airflow/example_dags/example_skip_dag.py took 0.990 seconds
[2023-12-15T21:36:28.176+0000] {processor.py:157} INFO - Started process (PID=151) to work on /home/airflow/.local/lib/python3.8/site-packages/airflow/example_dags/example_skip_dag.py
[2023-12-15T21:36:28.189+0000] {processor.py:829} INFO - Processing file /home/airflow/.local/lib/python3.8/site-packages/airflow/example_dags/example_skip_dag.py for tasks to queue
[2023-12-15T21:36:28.214+0000] {logging_mixin.py:154} INFO - [2023-12-15T21:36:28.213+0000] {dagbag.py:536} INFO - Filling up the DagBag from /home/airflow/.local/lib/python3.8/site-packages/airflow/example_dags/example_skip_dag.py
[2023-12-15T21:36:28.282+0000] {processor.py:839} INFO - DAG(s) dict_keys(['example_skip_dag']) retrieved from /home/airflow/.local/lib/python3.8/site-packages/airflow/example_dags/example_skip_dag.py
[2023-12-15T21:36:28.531+0000] {logging_mixin.py:154} INFO - [2023-12-15T21:36:28.530+0000] {dag.py:2941} INFO - Sync 1 DAGs
[2023-12-15T21:36:28.816+0000] {logging_mixin.py:154} INFO - [2023-12-15T21:36:28.815+0000] {dag.py:3722} INFO - Setting next_dagrun for example_skip_dag to 2023-12-14T21:36:28.809607+00:00, run_after=2023-12-15T21:36:28.809607+00:00
[2023-12-15T21:36:29.013+0000] {processor.py:179} INFO - Processing /home/airflow/.local/lib/python3.8/site-packages/airflow/example_dags/example_skip_dag.py took 0.855 seconds
[2023-12-15T21:36:59.098+0000] {processor.py:157} INFO - Started process (PID=207) to work on /home/airflow/.local/lib/python3.8/site-packages/airflow/example_dags/example_skip_dag.py
[2023-12-15T21:36:59.103+0000] {processor.py:829} INFO - Processing file /home/airflow/.local/lib/python3.8/site-packages/airflow/example_dags/example_skip_dag.py for tasks to queue
[2023-12-15T21:36:59.109+0000] {logging_mixin.py:154} INFO - [2023-12-15T21:36:59.108+0000] {dagbag.py:536} INFO - Filling up the DagBag from /home/airflow/.local/lib/python3.8/site-packages/airflow/example_dags/example_skip_dag.py
[2023-12-15T21:36:59.129+0000] {processor.py:839} INFO - DAG(s) dict_keys(['example_skip_dag']) retrieved from /home/airflow/.local/lib/python3.8/site-packages/airflow/example_dags/example_skip_dag.py
[2023-12-15T21:36:59.173+0000] {logging_mixin.py:154} INFO - [2023-12-15T21:36:59.172+0000] {dag.py:2941} INFO - Sync 1 DAGs
[2023-12-15T21:36:59.229+0000] {logging_mixin.py:154} INFO - [2023-12-15T21:36:59.229+0000] {dag.py:3722} INFO - Setting next_dagrun for example_skip_dag to 2023-12-14T21:36:59.228519+00:00, run_after=2023-12-15T21:36:59.228519+00:00
[2023-12-15T21:36:59.275+0000] {processor.py:179} INFO - Processing /home/airflow/.local/lib/python3.8/site-packages/airflow/example_dags/example_skip_dag.py took 0.188 seconds
[2023-12-15T21:37:30.129+0000] {processor.py:157} INFO - Started process (PID=262) to work on /home/airflow/.local/lib/python3.8/site-packages/airflow/example_dags/example_skip_dag.py
[2023-12-15T21:37:30.133+0000] {processor.py:829} INFO - Processing file /home/airflow/.local/lib/python3.8/site-packages/airflow/example_dags/example_skip_dag.py for tasks to queue
[2023-12-15T21:37:30.142+0000] {logging_mixin.py:154} INFO - [2023-12-15T21:37:30.141+0000] {dagbag.py:536} INFO - Filling up the DagBag from /home/airflow/.local/lib/python3.8/site-packages/airflow/example_dags/example_skip_dag.py
[2023-12-15T21:37:30.166+0000] {processor.py:839} INFO - DAG(s) dict_keys(['example_skip_dag']) retrieved from /home/airflow/.local/lib/python3.8/site-packages/airflow/example_dags/example_skip_dag.py
[2023-12-15T21:37:30.247+0000] {logging_mixin.py:154} INFO - [2023-12-15T21:37:30.246+0000] {dag.py:2941} INFO - Sync 1 DAGs
[2023-12-15T21:37:30.315+0000] {logging_mixin.py:154} INFO - [2023-12-15T21:37:30.315+0000] {dag.py:3722} INFO - Setting next_dagrun for example_skip_dag to 2023-12-14T21:37:30.315124+00:00, run_after=2023-12-15T21:37:30.315124+00:00
[2023-12-15T21:37:30.363+0000] {processor.py:179} INFO - Processing /home/airflow/.local/lib/python3.8/site-packages/airflow/example_dags/example_skip_dag.py took 0.251 seconds
[2023-12-15T21:38:17.425+0000] {processor.py:157} INFO - Started process (PID=311) to work on /home/airflow/.local/lib/python3.8/site-packages/airflow/example_dags/example_skip_dag.py
[2023-12-15T21:38:17.428+0000] {processor.py:829} INFO - Processing file /home/airflow/.local/lib/python3.8/site-packages/airflow/example_dags/example_skip_dag.py for tasks to queue
[2023-12-15T21:38:17.489+0000] {logging_mixin.py:154} INFO - [2023-12-15T21:38:17.488+0000] {dagbag.py:536} INFO - Filling up the DagBag from /home/airflow/.local/lib/python3.8/site-packages/airflow/example_dags/example_skip_dag.py
[2023-12-15T21:38:17.626+0000] {processor.py:839} INFO - DAG(s) dict_keys(['example_skip_dag']) retrieved from /home/airflow/.local/lib/python3.8/site-packages/airflow/example_dags/example_skip_dag.py
[2023-12-15T21:38:18.146+0000] {logging_mixin.py:154} INFO - [2023-12-15T21:38:18.146+0000] {dag.py:2941} INFO - Sync 1 DAGs
[2023-12-15T21:38:18.404+0000] {logging_mixin.py:154} INFO - [2023-12-15T21:38:18.404+0000] {dag.py:3722} INFO - Setting next_dagrun for example_skip_dag to 2023-12-14T21:38:18.403292+00:00, run_after=2023-12-15T21:38:18.403292+00:00
[2023-12-15T21:38:18.517+0000] {processor.py:179} INFO - Processing /home/airflow/.local/lib/python3.8/site-packages/airflow/example_dags/example_skip_dag.py took 1.145 seconds
[2023-12-15T21:39:11.397+0000] {processor.py:157} INFO - Started process (PID=374) to work on /home/airflow/.local/lib/python3.8/site-packages/airflow/example_dags/example_skip_dag.py
[2023-12-15T21:39:11.440+0000] {processor.py:829} INFO - Processing file /home/airflow/.local/lib/python3.8/site-packages/airflow/example_dags/example_skip_dag.py for tasks to queue
[2023-12-15T21:39:11.569+0000] {logging_mixin.py:154} INFO - [2023-12-15T21:39:11.503+0000] {dagbag.py:536} INFO - Filling up the DagBag from /home/airflow/.local/lib/python3.8/site-packages/airflow/example_dags/example_skip_dag.py
[2023-12-15T21:39:11.682+0000] {processor.py:839} INFO - DAG(s) dict_keys(['example_skip_dag']) retrieved from /home/airflow/.local/lib/python3.8/site-packages/airflow/example_dags/example_skip_dag.py
[2023-12-15T21:39:12.181+0000] {logging_mixin.py:154} INFO - [2023-12-15T21:39:12.179+0000] {dag.py:2941} INFO - Sync 1 DAGs
[2023-12-15T21:39:12.958+0000] {logging_mixin.py:154} INFO - [2023-12-15T21:39:12.958+0000] {dag.py:3722} INFO - Setting next_dagrun for example_skip_dag to 2023-12-14T21:39:12.957085+00:00, run_after=2023-12-15T21:39:12.957085+00:00
[2023-12-15T21:39:13.664+0000] {processor.py:179} INFO - Processing /home/airflow/.local/lib/python3.8/site-packages/airflow/example_dags/example_skip_dag.py took 2.345 seconds
[2023-12-15T21:39:45.335+0000] {processor.py:157} INFO - Started process (PID=430) to work on /home/airflow/.local/lib/python3.8/site-packages/airflow/example_dags/example_skip_dag.py
[2023-12-15T21:39:45.342+0000] {processor.py:829} INFO - Processing file /home/airflow/.local/lib/python3.8/site-packages/airflow/example_dags/example_skip_dag.py for tasks to queue
[2023-12-15T21:39:45.432+0000] {logging_mixin.py:154} INFO - [2023-12-15T21:39:45.379+0000] {dagbag.py:536} INFO - Filling up the DagBag from /home/airflow/.local/lib/python3.8/site-packages/airflow/example_dags/example_skip_dag.py
[2023-12-15T21:39:45.525+0000] {processor.py:839} INFO - DAG(s) dict_keys(['example_skip_dag']) retrieved from /home/airflow/.local/lib/python3.8/site-packages/airflow/example_dags/example_skip_dag.py
[2023-12-15T21:39:45.870+0000] {logging_mixin.py:154} INFO - [2023-12-15T21:39:45.870+0000] {dag.py:2941} INFO - Sync 1 DAGs
[2023-12-15T21:39:46.128+0000] {logging_mixin.py:154} INFO - [2023-12-15T21:39:46.119+0000] {dag.py:3722} INFO - Setting next_dagrun for example_skip_dag to 2023-12-14T21:39:46.118470+00:00, run_after=2023-12-15T21:39:46.118470+00:00
[2023-12-15T21:39:46.634+0000] {processor.py:179} INFO - Processing /home/airflow/.local/lib/python3.8/site-packages/airflow/example_dags/example_skip_dag.py took 1.348 seconds
[2023-12-15T21:40:17.585+0000] {processor.py:157} INFO - Started process (PID=486) to work on /home/airflow/.local/lib/python3.8/site-packages/airflow/example_dags/example_skip_dag.py
[2023-12-15T21:40:17.605+0000] {processor.py:829} INFO - Processing file /home/airflow/.local/lib/python3.8/site-packages/airflow/example_dags/example_skip_dag.py for tasks to queue
[2023-12-15T21:40:17.632+0000] {logging_mixin.py:154} INFO - [2023-12-15T21:40:17.631+0000] {dagbag.py:536} INFO - Filling up the DagBag from /home/airflow/.local/lib/python3.8/site-packages/airflow/example_dags/example_skip_dag.py
[2023-12-15T21:40:17.715+0000] {processor.py:839} INFO - DAG(s) dict_keys(['example_skip_dag']) retrieved from /home/airflow/.local/lib/python3.8/site-packages/airflow/example_dags/example_skip_dag.py
[2023-12-15T21:40:18.037+0000] {logging_mixin.py:154} INFO - [2023-12-15T21:40:18.037+0000] {dag.py:2941} INFO - Sync 1 DAGs
[2023-12-15T21:40:18.493+0000] {logging_mixin.py:154} INFO - [2023-12-15T21:40:18.492+0000] {dag.py:3722} INFO - Setting next_dagrun for example_skip_dag to 2023-12-14T21:40:18.491997+00:00, run_after=2023-12-15T21:40:18.491997+00:00
[2023-12-15T21:40:18.655+0000] {processor.py:179} INFO - Processing /home/airflow/.local/lib/python3.8/site-packages/airflow/example_dags/example_skip_dag.py took 1.121 seconds
[2023-12-15T21:46:18.647+0000] {processor.py:157} INFO - Started process (PID=104) to work on /home/airflow/.local/lib/python3.8/site-packages/airflow/example_dags/example_skip_dag.py
[2023-12-15T21:46:18.682+0000] {processor.py:829} INFO - Processing file /home/airflow/.local/lib/python3.8/site-packages/airflow/example_dags/example_skip_dag.py for tasks to queue
[2023-12-15T21:46:18.814+0000] {logging_mixin.py:154} INFO - [2023-12-15T21:46:18.749+0000] {dagbag.py:536} INFO - Filling up the DagBag from /home/airflow/.local/lib/python3.8/site-packages/airflow/example_dags/example_skip_dag.py
[2023-12-15T21:46:19.258+0000] {processor.py:839} INFO - DAG(s) dict_keys(['example_skip_dag']) retrieved from /home/airflow/.local/lib/python3.8/site-packages/airflow/example_dags/example_skip_dag.py
[2023-12-15T21:46:20.505+0000] {logging_mixin.py:154} INFO - [2023-12-15T21:46:20.505+0000] {dag.py:2941} INFO - Sync 1 DAGs
[2023-12-15T21:46:21.298+0000] {logging_mixin.py:154} INFO - [2023-12-15T21:46:21.297+0000] {dag.py:3722} INFO - Setting next_dagrun for example_skip_dag to 2023-12-14T21:46:21.297153+00:00, run_after=2023-12-15T21:46:21.297153+00:00
[2023-12-15T21:46:22.923+0000] {processor.py:179} INFO - Processing /home/airflow/.local/lib/python3.8/site-packages/airflow/example_dags/example_skip_dag.py took 4.378 seconds
