[2023-12-15T20:50:11.573+0000] {processor.py:157} INFO - Started process (PID=57) to work on /home/airflow/.local/lib/python3.8/site-packages/airflow/example_dags/example_datasets.py
[2023-12-15T20:50:11.586+0000] {processor.py:829} INFO - Processing file /home/airflow/.local/lib/python3.8/site-packages/airflow/example_dags/example_datasets.py for tasks to queue
[2023-12-15T20:50:11.589+0000] {logging_mixin.py:154} INFO - [2023-12-15T20:50:11.589+0000] {dagbag.py:536} INFO - Filling up the DagBag from /home/airflow/.local/lib/python3.8/site-packages/airflow/example_dags/example_datasets.py
[2023-12-15T20:50:11.767+0000] {processor.py:839} INFO - DAG(s) dict_keys(['dataset_produces_1', 'dataset_produces_2', 'dataset_consumes_unknown_never_scheduled', 'dataset_consumes_1_never_scheduled', 'dataset_consumes_1_and_2', 'dataset_consumes_1']) retrieved from /home/airflow/.local/lib/python3.8/site-packages/airflow/example_dags/example_datasets.py
[2023-12-15T20:50:12.590+0000] {logging_mixin.py:154} INFO - [2023-12-15T20:50:12.590+0000] {manager.py:499} INFO - Created Permission View: %s
[2023-12-15T20:50:12.710+0000] {logging_mixin.py:154} INFO - [2023-12-15T20:50:12.710+0000] {manager.py:499} INFO - Created Permission View: %s
[2023-12-15T20:50:12.760+0000] {logging_mixin.py:154} INFO - [2023-12-15T20:50:12.759+0000] {manager.py:499} INFO - Created Permission View: %s
[2023-12-15T20:50:12.827+0000] {logging_mixin.py:154} INFO - [2023-12-15T20:50:12.826+0000] {manager.py:499} INFO - Created Permission View: %s
[2023-12-15T20:50:12.886+0000] {logging_mixin.py:154} INFO - [2023-12-15T20:50:12.886+0000] {manager.py:499} INFO - Created Permission View: %s
[2023-12-15T20:50:13.036+0000] {logging_mixin.py:154} INFO - [2023-12-15T20:50:13.036+0000] {manager.py:499} INFO - Created Permission View: %s
[2023-12-15T20:50:13.150+0000] {logging_mixin.py:154} INFO - [2023-12-15T20:50:13.150+0000] {manager.py:499} INFO - Created Permission View: %s
[2023-12-15T20:50:13.195+0000] {logging_mixin.py:154} INFO - [2023-12-15T20:50:13.194+0000] {manager.py:499} INFO - Created Permission View: %s
[2023-12-15T20:50:13.254+0000] {logging_mixin.py:154} INFO - [2023-12-15T20:50:13.253+0000] {manager.py:499} INFO - Created Permission View: %s
[2023-12-15T20:50:13.320+0000] {logging_mixin.py:154} INFO - [2023-12-15T20:50:13.319+0000] {manager.py:499} INFO - Created Permission View: %s
[2023-12-15T20:50:13.361+0000] {logging_mixin.py:154} INFO - [2023-12-15T20:50:13.361+0000] {manager.py:499} INFO - Created Permission View: %s
[2023-12-15T20:50:13.428+0000] {logging_mixin.py:154} INFO - [2023-12-15T20:50:13.428+0000] {manager.py:499} INFO - Created Permission View: %s
[2023-12-15T20:50:13.636+0000] {logging_mixin.py:154} INFO - [2023-12-15T20:50:13.635+0000] {manager.py:499} INFO - Created Permission View: %s
[2023-12-15T20:50:13.698+0000] {logging_mixin.py:154} INFO - [2023-12-15T20:50:13.697+0000] {manager.py:499} INFO - Created Permission View: %s
[2023-12-15T20:50:13.782+0000] {logging_mixin.py:154} INFO - [2023-12-15T20:50:13.782+0000] {manager.py:499} INFO - Created Permission View: %s
[2023-12-15T20:50:13.912+0000] {logging_mixin.py:154} INFO - [2023-12-15T20:50:13.912+0000] {manager.py:499} INFO - Created Permission View: %s
[2023-12-15T20:50:14.028+0000] {logging_mixin.py:154} INFO - [2023-12-15T20:50:14.027+0000] {manager.py:499} INFO - Created Permission View: %s
[2023-12-15T20:50:14.159+0000] {logging_mixin.py:154} INFO - [2023-12-15T20:50:14.158+0000] {manager.py:499} INFO - Created Permission View: %s
[2023-12-15T20:50:14.160+0000] {logging_mixin.py:154} INFO - [2023-12-15T20:50:14.159+0000] {dag.py:2941} INFO - Sync 6 DAGs
[2023-12-15T20:50:14.302+0000] {logging_mixin.py:154} INFO - [2023-12-15T20:50:14.302+0000] {dag.py:2963} INFO - Creating ORM DAG for dataset_consumes_unknown_never_scheduled
[2023-12-15T20:50:14.303+0000] {logging_mixin.py:154} INFO - [2023-12-15T20:50:14.303+0000] {dag.py:2963} INFO - Creating ORM DAG for dataset_consumes_1_never_scheduled
[2023-12-15T20:50:14.303+0000] {logging_mixin.py:154} INFO - [2023-12-15T20:50:14.303+0000] {dag.py:2963} INFO - Creating ORM DAG for dataset_produces_1
[2023-12-15T20:50:14.304+0000] {logging_mixin.py:154} INFO - [2023-12-15T20:50:14.304+0000] {dag.py:2963} INFO - Creating ORM DAG for dataset_produces_2
[2023-12-15T20:50:14.304+0000] {logging_mixin.py:154} INFO - [2023-12-15T20:50:14.304+0000] {dag.py:2963} INFO - Creating ORM DAG for dataset_consumes_1
[2023-12-15T20:50:14.305+0000] {logging_mixin.py:154} INFO - [2023-12-15T20:50:14.305+0000] {dag.py:2963} INFO - Creating ORM DAG for dataset_consumes_1_and_2
[2023-12-15T20:50:14.363+0000] {logging_mixin.py:154} INFO - [2023-12-15T20:50:14.363+0000] {dag.py:3722} INFO - Setting next_dagrun for dataset_consumes_1 to None, run_after=None
[2023-12-15T20:50:14.365+0000] {logging_mixin.py:154} INFO - [2023-12-15T20:50:14.365+0000] {dag.py:3722} INFO - Setting next_dagrun for dataset_consumes_1_and_2 to None, run_after=None
[2023-12-15T20:50:14.366+0000] {logging_mixin.py:154} INFO - [2023-12-15T20:50:14.366+0000] {dag.py:3722} INFO - Setting next_dagrun for dataset_consumes_1_never_scheduled to None, run_after=None
[2023-12-15T20:50:14.367+0000] {logging_mixin.py:154} INFO - [2023-12-15T20:50:14.367+0000] {dag.py:3722} INFO - Setting next_dagrun for dataset_consumes_unknown_never_scheduled to None, run_after=None
[2023-12-15T20:50:14.376+0000] {logging_mixin.py:154} INFO - [2023-12-15T20:50:14.375+0000] {dag.py:3722} INFO - Setting next_dagrun for dataset_produces_1 to 2023-12-14T00:00:00+00:00, run_after=2023-12-15T00:00:00+00:00
[2023-12-15T20:50:14.377+0000] {logging_mixin.py:154} INFO - [2023-12-15T20:50:14.376+0000] {dag.py:3722} INFO - Setting next_dagrun for dataset_produces_2 to None, run_after=None
[2023-12-15T20:50:14.617+0000] {processor.py:179} INFO - Processing /home/airflow/.local/lib/python3.8/site-packages/airflow/example_dags/example_datasets.py took 3.071 seconds
[2023-12-15T21:10:57.059+0000] {processor.py:157} INFO - Started process (PID=133) to work on /home/airflow/.local/lib/python3.8/site-packages/airflow/example_dags/example_datasets.py
[2023-12-15T21:10:57.061+0000] {processor.py:829} INFO - Processing file /home/airflow/.local/lib/python3.8/site-packages/airflow/example_dags/example_datasets.py for tasks to queue
[2023-12-15T21:10:57.065+0000] {logging_mixin.py:154} INFO - [2023-12-15T21:10:57.064+0000] {dagbag.py:536} INFO - Filling up the DagBag from /home/airflow/.local/lib/python3.8/site-packages/airflow/example_dags/example_datasets.py
[2023-12-15T21:10:57.114+0000] {processor.py:839} INFO - DAG(s) dict_keys(['dataset_consumes_1_and_2', 'dataset_consumes_1_never_scheduled', 'dataset_produces_2', 'dataset_consumes_unknown_never_scheduled', 'dataset_produces_1', 'dataset_consumes_1']) retrieved from /home/airflow/.local/lib/python3.8/site-packages/airflow/example_dags/example_datasets.py
[2023-12-15T21:10:57.222+0000] {logging_mixin.py:154} INFO - [2023-12-15T21:10:57.222+0000] {dag.py:2941} INFO - Sync 6 DAGs
[2023-12-15T21:10:57.387+0000] {logging_mixin.py:154} INFO - [2023-12-15T21:10:57.386+0000] {dag.py:3722} INFO - Setting next_dagrun for dataset_consumes_1 to None, run_after=None
[2023-12-15T21:10:57.407+0000] {logging_mixin.py:154} INFO - [2023-12-15T21:10:57.407+0000] {dag.py:3722} INFO - Setting next_dagrun for dataset_consumes_1_and_2 to None, run_after=None
[2023-12-15T21:10:57.412+0000] {logging_mixin.py:154} INFO - [2023-12-15T21:10:57.412+0000] {dag.py:3722} INFO - Setting next_dagrun for dataset_consumes_1_never_scheduled to None, run_after=None
[2023-12-15T21:10:57.419+0000] {logging_mixin.py:154} INFO - [2023-12-15T21:10:57.418+0000] {dag.py:3722} INFO - Setting next_dagrun for dataset_consumes_unknown_never_scheduled to None, run_after=None
[2023-12-15T21:10:57.442+0000] {logging_mixin.py:154} INFO - [2023-12-15T21:10:57.442+0000] {dag.py:3722} INFO - Setting next_dagrun for dataset_produces_1 to 2023-12-14T00:00:00+00:00, run_after=2023-12-15T00:00:00+00:00
[2023-12-15T21:10:57.465+0000] {logging_mixin.py:154} INFO - [2023-12-15T21:10:57.465+0000] {dag.py:3722} INFO - Setting next_dagrun for dataset_produces_2 to None, run_after=None
[2023-12-15T21:10:57.722+0000] {processor.py:179} INFO - Processing /home/airflow/.local/lib/python3.8/site-packages/airflow/example_dags/example_datasets.py took 0.690 seconds
[2023-12-15T21:11:29.662+0000] {processor.py:157} INFO - Started process (PID=189) to work on /home/airflow/.local/lib/python3.8/site-packages/airflow/example_dags/example_datasets.py
[2023-12-15T21:11:29.691+0000] {processor.py:829} INFO - Processing file /home/airflow/.local/lib/python3.8/site-packages/airflow/example_dags/example_datasets.py for tasks to queue
[2023-12-15T21:11:29.780+0000] {logging_mixin.py:154} INFO - [2023-12-15T21:11:29.780+0000] {dagbag.py:536} INFO - Filling up the DagBag from /home/airflow/.local/lib/python3.8/site-packages/airflow/example_dags/example_datasets.py
[2023-12-15T21:11:29.907+0000] {processor.py:839} INFO - DAG(s) dict_keys(['dataset_consumes_1', 'dataset_produces_2', 'dataset_consumes_unknown_never_scheduled', 'dataset_consumes_1_and_2', 'dataset_consumes_1_never_scheduled', 'dataset_produces_1']) retrieved from /home/airflow/.local/lib/python3.8/site-packages/airflow/example_dags/example_datasets.py
[2023-12-15T21:11:30.183+0000] {logging_mixin.py:154} INFO - [2023-12-15T21:11:30.181+0000] {dag.py:2941} INFO - Sync 6 DAGs
[2023-12-15T21:11:30.725+0000] {logging_mixin.py:154} INFO - [2023-12-15T21:11:30.725+0000] {dag.py:3722} INFO - Setting next_dagrun for dataset_consumes_1 to None, run_after=None
[2023-12-15T21:11:30.820+0000] {logging_mixin.py:154} INFO - [2023-12-15T21:11:30.819+0000] {dag.py:3722} INFO - Setting next_dagrun for dataset_consumes_1_and_2 to None, run_after=None
[2023-12-15T21:11:30.833+0000] {logging_mixin.py:154} INFO - [2023-12-15T21:11:30.833+0000] {dag.py:3722} INFO - Setting next_dagrun for dataset_consumes_1_never_scheduled to None, run_after=None
[2023-12-15T21:11:30.848+0000] {logging_mixin.py:154} INFO - [2023-12-15T21:11:30.847+0000] {dag.py:3722} INFO - Setting next_dagrun for dataset_consumes_unknown_never_scheduled to None, run_after=None
[2023-12-15T21:11:30.906+0000] {logging_mixin.py:154} INFO - [2023-12-15T21:11:30.905+0000] {dag.py:3722} INFO - Setting next_dagrun for dataset_produces_1 to 2023-12-14T00:00:00+00:00, run_after=2023-12-15T00:00:00+00:00
[2023-12-15T21:11:30.951+0000] {logging_mixin.py:154} INFO - [2023-12-15T21:11:30.939+0000] {dag.py:3722} INFO - Setting next_dagrun for dataset_produces_2 to None, run_after=None
[2023-12-15T21:11:31.826+0000] {processor.py:179} INFO - Processing /home/airflow/.local/lib/python3.8/site-packages/airflow/example_dags/example_datasets.py took 2.234 seconds
[2023-12-15T21:12:03.478+0000] {processor.py:157} INFO - Started process (PID=245) to work on /home/airflow/.local/lib/python3.8/site-packages/airflow/example_dags/example_datasets.py
[2023-12-15T21:12:03.485+0000] {processor.py:829} INFO - Processing file /home/airflow/.local/lib/python3.8/site-packages/airflow/example_dags/example_datasets.py for tasks to queue
[2023-12-15T21:12:03.503+0000] {logging_mixin.py:154} INFO - [2023-12-15T21:12:03.502+0000] {dagbag.py:536} INFO - Filling up the DagBag from /home/airflow/.local/lib/python3.8/site-packages/airflow/example_dags/example_datasets.py
[2023-12-15T21:12:03.724+0000] {processor.py:839} INFO - DAG(s) dict_keys(['dataset_consumes_unknown_never_scheduled', 'dataset_consumes_1_never_scheduled', 'dataset_consumes_1', 'dataset_produces_1', 'dataset_produces_2', 'dataset_consumes_1_and_2']) retrieved from /home/airflow/.local/lib/python3.8/site-packages/airflow/example_dags/example_datasets.py
[2023-12-15T21:12:05.427+0000] {logging_mixin.py:154} INFO - [2023-12-15T21:12:05.427+0000] {dag.py:2941} INFO - Sync 6 DAGs
[2023-12-15T21:12:05.740+0000] {logging_mixin.py:154} INFO - [2023-12-15T21:12:05.740+0000] {dag.py:3722} INFO - Setting next_dagrun for dataset_consumes_1 to None, run_after=None
[2023-12-15T21:12:05.777+0000] {logging_mixin.py:154} INFO - [2023-12-15T21:12:05.777+0000] {dag.py:3722} INFO - Setting next_dagrun for dataset_consumes_1_and_2 to None, run_after=None
[2023-12-15T21:12:05.798+0000] {logging_mixin.py:154} INFO - [2023-12-15T21:12:05.798+0000] {dag.py:3722} INFO - Setting next_dagrun for dataset_consumes_1_never_scheduled to None, run_after=None
[2023-12-15T21:12:05.821+0000] {logging_mixin.py:154} INFO - [2023-12-15T21:12:05.821+0000] {dag.py:3722} INFO - Setting next_dagrun for dataset_consumes_unknown_never_scheduled to None, run_after=None
[2023-12-15T21:12:05.864+0000] {logging_mixin.py:154} INFO - [2023-12-15T21:12:05.863+0000] {dag.py:3722} INFO - Setting next_dagrun for dataset_produces_1 to 2023-12-14T00:00:00+00:00, run_after=2023-12-15T00:00:00+00:00
[2023-12-15T21:12:05.872+0000] {logging_mixin.py:154} INFO - [2023-12-15T21:12:05.872+0000] {dag.py:3722} INFO - Setting next_dagrun for dataset_produces_2 to None, run_after=None
[2023-12-15T21:12:06.824+0000] {processor.py:179} INFO - Processing /home/airflow/.local/lib/python3.8/site-packages/airflow/example_dags/example_datasets.py took 3.404 seconds
[2023-12-15T21:12:37.010+0000] {processor.py:157} INFO - Started process (PID=301) to work on /home/airflow/.local/lib/python3.8/site-packages/airflow/example_dags/example_datasets.py
[2023-12-15T21:12:37.013+0000] {processor.py:829} INFO - Processing file /home/airflow/.local/lib/python3.8/site-packages/airflow/example_dags/example_datasets.py for tasks to queue
[2023-12-15T21:12:37.018+0000] {logging_mixin.py:154} INFO - [2023-12-15T21:12:37.017+0000] {dagbag.py:536} INFO - Filling up the DagBag from /home/airflow/.local/lib/python3.8/site-packages/airflow/example_dags/example_datasets.py
[2023-12-15T21:12:37.043+0000] {processor.py:839} INFO - DAG(s) dict_keys(['dataset_consumes_1', 'dataset_consumes_1_and_2', 'dataset_produces_1', 'dataset_produces_2', 'dataset_consumes_unknown_never_scheduled', 'dataset_consumes_1_never_scheduled']) retrieved from /home/airflow/.local/lib/python3.8/site-packages/airflow/example_dags/example_datasets.py
[2023-12-15T21:12:37.191+0000] {logging_mixin.py:154} INFO - [2023-12-15T21:12:37.191+0000] {dag.py:2941} INFO - Sync 6 DAGs
[2023-12-15T21:12:37.261+0000] {logging_mixin.py:154} INFO - [2023-12-15T21:12:37.260+0000] {dag.py:3722} INFO - Setting next_dagrun for dataset_consumes_1 to None, run_after=None
[2023-12-15T21:12:37.271+0000] {logging_mixin.py:154} INFO - [2023-12-15T21:12:37.270+0000] {dag.py:3722} INFO - Setting next_dagrun for dataset_consumes_1_and_2 to None, run_after=None
[2023-12-15T21:12:37.274+0000] {logging_mixin.py:154} INFO - [2023-12-15T21:12:37.273+0000] {dag.py:3722} INFO - Setting next_dagrun for dataset_consumes_1_never_scheduled to None, run_after=None
[2023-12-15T21:12:37.282+0000] {logging_mixin.py:154} INFO - [2023-12-15T21:12:37.277+0000] {dag.py:3722} INFO - Setting next_dagrun for dataset_consumes_unknown_never_scheduled to None, run_after=None
[2023-12-15T21:12:37.289+0000] {logging_mixin.py:154} INFO - [2023-12-15T21:12:37.288+0000] {dag.py:3722} INFO - Setting next_dagrun for dataset_produces_1 to 2023-12-14T00:00:00+00:00, run_after=2023-12-15T00:00:00+00:00
[2023-12-15T21:12:37.292+0000] {logging_mixin.py:154} INFO - [2023-12-15T21:12:37.292+0000] {dag.py:3722} INFO - Setting next_dagrun for dataset_produces_2 to None, run_after=None
[2023-12-15T21:12:37.370+0000] {processor.py:179} INFO - Processing /home/airflow/.local/lib/python3.8/site-packages/airflow/example_dags/example_datasets.py took 0.369 seconds
[2023-12-15T21:13:07.549+0000] {processor.py:157} INFO - Started process (PID=356) to work on /home/airflow/.local/lib/python3.8/site-packages/airflow/example_dags/example_datasets.py
[2023-12-15T21:13:07.550+0000] {processor.py:829} INFO - Processing file /home/airflow/.local/lib/python3.8/site-packages/airflow/example_dags/example_datasets.py for tasks to queue
[2023-12-15T21:13:07.556+0000] {logging_mixin.py:154} INFO - [2023-12-15T21:13:07.555+0000] {dagbag.py:536} INFO - Filling up the DagBag from /home/airflow/.local/lib/python3.8/site-packages/airflow/example_dags/example_datasets.py
[2023-12-15T21:13:07.576+0000] {processor.py:839} INFO - DAG(s) dict_keys(['dataset_consumes_1_and_2', 'dataset_consumes_1_never_scheduled', 'dataset_produces_1', 'dataset_produces_2', 'dataset_consumes_1', 'dataset_consumes_unknown_never_scheduled']) retrieved from /home/airflow/.local/lib/python3.8/site-packages/airflow/example_dags/example_datasets.py
[2023-12-15T21:13:07.686+0000] {logging_mixin.py:154} INFO - [2023-12-15T21:13:07.685+0000] {dag.py:2941} INFO - Sync 6 DAGs
[2023-12-15T21:13:07.756+0000] {logging_mixin.py:154} INFO - [2023-12-15T21:13:07.756+0000] {dag.py:3722} INFO - Setting next_dagrun for dataset_consumes_1 to None, run_after=None
[2023-12-15T21:13:07.766+0000] {logging_mixin.py:154} INFO - [2023-12-15T21:13:07.766+0000] {dag.py:3722} INFO - Setting next_dagrun for dataset_consumes_1_and_2 to None, run_after=None
[2023-12-15T21:13:07.770+0000] {logging_mixin.py:154} INFO - [2023-12-15T21:13:07.769+0000] {dag.py:3722} INFO - Setting next_dagrun for dataset_consumes_1_never_scheduled to None, run_after=None
[2023-12-15T21:13:07.773+0000] {logging_mixin.py:154} INFO - [2023-12-15T21:13:07.773+0000] {dag.py:3722} INFO - Setting next_dagrun for dataset_consumes_unknown_never_scheduled to None, run_after=None
[2023-12-15T21:13:07.786+0000] {logging_mixin.py:154} INFO - [2023-12-15T21:13:07.786+0000] {dag.py:3722} INFO - Setting next_dagrun for dataset_produces_1 to 2023-12-14T00:00:00+00:00, run_after=2023-12-15T00:00:00+00:00
[2023-12-15T21:13:07.792+0000] {logging_mixin.py:154} INFO - [2023-12-15T21:13:07.791+0000] {dag.py:3722} INFO - Setting next_dagrun for dataset_produces_2 to None, run_after=None
[2023-12-15T21:13:07.950+0000] {processor.py:179} INFO - Processing /home/airflow/.local/lib/python3.8/site-packages/airflow/example_dags/example_datasets.py took 0.409 seconds
[2023-12-15T21:13:43.832+0000] {processor.py:157} INFO - Started process (PID=413) to work on /home/airflow/.local/lib/python3.8/site-packages/airflow/example_dags/example_datasets.py
[2023-12-15T21:13:43.835+0000] {processor.py:829} INFO - Processing file /home/airflow/.local/lib/python3.8/site-packages/airflow/example_dags/example_datasets.py for tasks to queue
[2023-12-15T21:13:43.844+0000] {logging_mixin.py:154} INFO - [2023-12-15T21:13:43.843+0000] {dagbag.py:536} INFO - Filling up the DagBag from /home/airflow/.local/lib/python3.8/site-packages/airflow/example_dags/example_datasets.py
[2023-12-15T21:13:43.903+0000] {processor.py:839} INFO - DAG(s) dict_keys(['dataset_produces_1', 'dataset_consumes_1_never_scheduled', 'dataset_consumes_unknown_never_scheduled', 'dataset_consumes_1', 'dataset_produces_2', 'dataset_consumes_1_and_2']) retrieved from /home/airflow/.local/lib/python3.8/site-packages/airflow/example_dags/example_datasets.py
[2023-12-15T21:13:44.029+0000] {logging_mixin.py:154} INFO - [2023-12-15T21:13:44.029+0000] {dag.py:2941} INFO - Sync 6 DAGs
[2023-12-15T21:13:44.145+0000] {logging_mixin.py:154} INFO - [2023-12-15T21:13:44.144+0000] {dag.py:3722} INFO - Setting next_dagrun for dataset_consumes_1 to None, run_after=None
[2023-12-15T21:13:44.172+0000] {logging_mixin.py:154} INFO - [2023-12-15T21:13:44.172+0000] {dag.py:3722} INFO - Setting next_dagrun for dataset_consumes_1_and_2 to None, run_after=None
[2023-12-15T21:13:44.175+0000] {logging_mixin.py:154} INFO - [2023-12-15T21:13:44.175+0000] {dag.py:3722} INFO - Setting next_dagrun for dataset_consumes_1_never_scheduled to None, run_after=None
[2023-12-15T21:13:44.178+0000] {logging_mixin.py:154} INFO - [2023-12-15T21:13:44.178+0000] {dag.py:3722} INFO - Setting next_dagrun for dataset_consumes_unknown_never_scheduled to None, run_after=None
[2023-12-15T21:13:44.188+0000] {logging_mixin.py:154} INFO - [2023-12-15T21:13:44.188+0000] {dag.py:3722} INFO - Setting next_dagrun for dataset_produces_1 to 2023-12-14T00:00:00+00:00, run_after=2023-12-15T00:00:00+00:00
[2023-12-15T21:13:44.193+0000] {logging_mixin.py:154} INFO - [2023-12-15T21:13:44.192+0000] {dag.py:3722} INFO - Setting next_dagrun for dataset_produces_2 to None, run_after=None
[2023-12-15T21:13:44.343+0000] {processor.py:179} INFO - Processing /home/airflow/.local/lib/python3.8/site-packages/airflow/example_dags/example_datasets.py took 0.526 seconds
[2023-12-15T21:14:17.108+0000] {processor.py:157} INFO - Started process (PID=464) to work on /home/airflow/.local/lib/python3.8/site-packages/airflow/example_dags/example_datasets.py
[2023-12-15T21:14:17.114+0000] {processor.py:829} INFO - Processing file /home/airflow/.local/lib/python3.8/site-packages/airflow/example_dags/example_datasets.py for tasks to queue
[2023-12-15T21:14:17.122+0000] {logging_mixin.py:154} INFO - [2023-12-15T21:14:17.121+0000] {dagbag.py:536} INFO - Filling up the DagBag from /home/airflow/.local/lib/python3.8/site-packages/airflow/example_dags/example_datasets.py
[2023-12-15T21:14:17.181+0000] {processor.py:839} INFO - DAG(s) dict_keys(['dataset_produces_2', 'dataset_consumes_1_and_2', 'dataset_consumes_1_never_scheduled', 'dataset_consumes_1', 'dataset_consumes_unknown_never_scheduled', 'dataset_produces_1']) retrieved from /home/airflow/.local/lib/python3.8/site-packages/airflow/example_dags/example_datasets.py
[2023-12-15T21:14:17.548+0000] {logging_mixin.py:154} INFO - [2023-12-15T21:14:17.548+0000] {dag.py:2941} INFO - Sync 6 DAGs
[2023-12-15T21:14:17.716+0000] {logging_mixin.py:154} INFO - [2023-12-15T21:14:17.716+0000] {dag.py:3722} INFO - Setting next_dagrun for dataset_consumes_1 to None, run_after=None
[2023-12-15T21:14:17.736+0000] {logging_mixin.py:154} INFO - [2023-12-15T21:14:17.736+0000] {dag.py:3722} INFO - Setting next_dagrun for dataset_consumes_1_and_2 to None, run_after=None
[2023-12-15T21:14:17.748+0000] {logging_mixin.py:154} INFO - [2023-12-15T21:14:17.748+0000] {dag.py:3722} INFO - Setting next_dagrun for dataset_consumes_1_never_scheduled to None, run_after=None
[2023-12-15T21:14:17.751+0000] {logging_mixin.py:154} INFO - [2023-12-15T21:14:17.751+0000] {dag.py:3722} INFO - Setting next_dagrun for dataset_consumes_unknown_never_scheduled to None, run_after=None
[2023-12-15T21:14:17.816+0000] {logging_mixin.py:154} INFO - [2023-12-15T21:14:17.815+0000] {dag.py:3722} INFO - Setting next_dagrun for dataset_produces_1 to 2023-12-14T00:00:00+00:00, run_after=2023-12-15T00:00:00+00:00
[2023-12-15T21:14:17.819+0000] {logging_mixin.py:154} INFO - [2023-12-15T21:14:17.818+0000] {dag.py:3722} INFO - Setting next_dagrun for dataset_produces_2 to None, run_after=None
[2023-12-15T21:14:18.050+0000] {processor.py:179} INFO - Processing /home/airflow/.local/lib/python3.8/site-packages/airflow/example_dags/example_datasets.py took 0.992 seconds
[2023-12-15T21:14:52.073+0000] {processor.py:157} INFO - Started process (PID=527) to work on /home/airflow/.local/lib/python3.8/site-packages/airflow/example_dags/example_datasets.py
[2023-12-15T21:14:52.096+0000] {processor.py:829} INFO - Processing file /home/airflow/.local/lib/python3.8/site-packages/airflow/example_dags/example_datasets.py for tasks to queue
[2023-12-15T21:14:52.126+0000] {logging_mixin.py:154} INFO - [2023-12-15T21:14:52.125+0000] {dagbag.py:536} INFO - Filling up the DagBag from /home/airflow/.local/lib/python3.8/site-packages/airflow/example_dags/example_datasets.py
[2023-12-15T21:14:52.315+0000] {processor.py:839} INFO - DAG(s) dict_keys(['dataset_consumes_1_never_scheduled', 'dataset_consumes_1', 'dataset_produces_2', 'dataset_consumes_1_and_2', 'dataset_consumes_unknown_never_scheduled', 'dataset_produces_1']) retrieved from /home/airflow/.local/lib/python3.8/site-packages/airflow/example_dags/example_datasets.py
[2023-12-15T21:14:52.824+0000] {logging_mixin.py:154} INFO - [2023-12-15T21:14:52.824+0000] {dag.py:2941} INFO - Sync 6 DAGs
[2023-12-15T21:14:53.087+0000] {logging_mixin.py:154} INFO - [2023-12-15T21:14:53.087+0000] {dag.py:3722} INFO - Setting next_dagrun for dataset_consumes_1 to None, run_after=None
[2023-12-15T21:14:53.119+0000] {logging_mixin.py:154} INFO - [2023-12-15T21:14:53.118+0000] {dag.py:3722} INFO - Setting next_dagrun for dataset_consumes_1_and_2 to None, run_after=None
[2023-12-15T21:14:53.122+0000] {logging_mixin.py:154} INFO - [2023-12-15T21:14:53.121+0000] {dag.py:3722} INFO - Setting next_dagrun for dataset_consumes_1_never_scheduled to None, run_after=None
[2023-12-15T21:14:53.150+0000] {logging_mixin.py:154} INFO - [2023-12-15T21:14:53.150+0000] {dag.py:3722} INFO - Setting next_dagrun for dataset_consumes_unknown_never_scheduled to None, run_after=None
[2023-12-15T21:14:53.286+0000] {logging_mixin.py:154} INFO - [2023-12-15T21:14:53.286+0000] {dag.py:3722} INFO - Setting next_dagrun for dataset_produces_1 to 2023-12-14T00:00:00+00:00, run_after=2023-12-15T00:00:00+00:00
[2023-12-15T21:14:53.322+0000] {logging_mixin.py:154} INFO - [2023-12-15T21:14:53.321+0000] {dag.py:3722} INFO - Setting next_dagrun for dataset_produces_2 to None, run_after=None
[2023-12-15T21:14:54.059+0000] {processor.py:179} INFO - Processing /home/airflow/.local/lib/python3.8/site-packages/airflow/example_dags/example_datasets.py took 2.085 seconds
[2023-12-15T21:15:25.171+0000] {processor.py:157} INFO - Started process (PID=583) to work on /home/airflow/.local/lib/python3.8/site-packages/airflow/example_dags/example_datasets.py
[2023-12-15T21:15:25.173+0000] {processor.py:829} INFO - Processing file /home/airflow/.local/lib/python3.8/site-packages/airflow/example_dags/example_datasets.py for tasks to queue
[2023-12-15T21:15:25.179+0000] {logging_mixin.py:154} INFO - [2023-12-15T21:15:25.178+0000] {dagbag.py:536} INFO - Filling up the DagBag from /home/airflow/.local/lib/python3.8/site-packages/airflow/example_dags/example_datasets.py
[2023-12-15T21:15:25.204+0000] {processor.py:839} INFO - DAG(s) dict_keys(['dataset_consumes_1_never_scheduled', 'dataset_produces_1', 'dataset_consumes_1', 'dataset_consumes_unknown_never_scheduled', 'dataset_produces_2', 'dataset_consumes_1_and_2']) retrieved from /home/airflow/.local/lib/python3.8/site-packages/airflow/example_dags/example_datasets.py
[2023-12-15T21:15:25.319+0000] {logging_mixin.py:154} INFO - [2023-12-15T21:15:25.319+0000] {dag.py:2941} INFO - Sync 6 DAGs
[2023-12-15T21:15:25.401+0000] {logging_mixin.py:154} INFO - [2023-12-15T21:15:25.400+0000] {dag.py:3722} INFO - Setting next_dagrun for dataset_consumes_1 to None, run_after=None
[2023-12-15T21:15:25.419+0000] {logging_mixin.py:154} INFO - [2023-12-15T21:15:25.419+0000] {dag.py:3722} INFO - Setting next_dagrun for dataset_consumes_1_and_2 to None, run_after=None
[2023-12-15T21:15:25.429+0000] {logging_mixin.py:154} INFO - [2023-12-15T21:15:25.425+0000] {dag.py:3722} INFO - Setting next_dagrun for dataset_consumes_1_never_scheduled to None, run_after=None
[2023-12-15T21:15:25.439+0000] {logging_mixin.py:154} INFO - [2023-12-15T21:15:25.438+0000] {dag.py:3722} INFO - Setting next_dagrun for dataset_consumes_unknown_never_scheduled to None, run_after=None
[2023-12-15T21:15:25.454+0000] {logging_mixin.py:154} INFO - [2023-12-15T21:15:25.453+0000] {dag.py:3722} INFO - Setting next_dagrun for dataset_produces_1 to 2023-12-14T00:00:00+00:00, run_after=2023-12-15T00:00:00+00:00
[2023-12-15T21:15:25.460+0000] {logging_mixin.py:154} INFO - [2023-12-15T21:15:25.459+0000] {dag.py:3722} INFO - Setting next_dagrun for dataset_produces_2 to None, run_after=None
[2023-12-15T21:15:25.648+0000] {processor.py:179} INFO - Processing /home/airflow/.local/lib/python3.8/site-packages/airflow/example_dags/example_datasets.py took 0.486 seconds
[2023-12-15T21:15:56.387+0000] {processor.py:157} INFO - Started process (PID=638) to work on /home/airflow/.local/lib/python3.8/site-packages/airflow/example_dags/example_datasets.py
[2023-12-15T21:15:56.391+0000] {processor.py:829} INFO - Processing file /home/airflow/.local/lib/python3.8/site-packages/airflow/example_dags/example_datasets.py for tasks to queue
[2023-12-15T21:15:56.397+0000] {logging_mixin.py:154} INFO - [2023-12-15T21:15:56.396+0000] {dagbag.py:536} INFO - Filling up the DagBag from /home/airflow/.local/lib/python3.8/site-packages/airflow/example_dags/example_datasets.py
[2023-12-15T21:15:56.427+0000] {processor.py:839} INFO - DAG(s) dict_keys(['dataset_consumes_1', 'dataset_consumes_1_never_scheduled', 'dataset_consumes_unknown_never_scheduled', 'dataset_produces_1', 'dataset_produces_2', 'dataset_consumes_1_and_2']) retrieved from /home/airflow/.local/lib/python3.8/site-packages/airflow/example_dags/example_datasets.py
[2023-12-15T21:15:56.548+0000] {logging_mixin.py:154} INFO - [2023-12-15T21:15:56.548+0000] {dag.py:2941} INFO - Sync 6 DAGs
[2023-12-15T21:15:56.614+0000] {logging_mixin.py:154} INFO - [2023-12-15T21:15:56.614+0000] {dag.py:3722} INFO - Setting next_dagrun for dataset_consumes_1 to None, run_after=None
[2023-12-15T21:15:56.623+0000] {logging_mixin.py:154} INFO - [2023-12-15T21:15:56.623+0000] {dag.py:3722} INFO - Setting next_dagrun for dataset_consumes_1_and_2 to None, run_after=None
[2023-12-15T21:15:56.628+0000] {logging_mixin.py:154} INFO - [2023-12-15T21:15:56.627+0000] {dag.py:3722} INFO - Setting next_dagrun for dataset_consumes_1_never_scheduled to None, run_after=None
[2023-12-15T21:15:56.632+0000] {logging_mixin.py:154} INFO - [2023-12-15T21:15:56.632+0000] {dag.py:3722} INFO - Setting next_dagrun for dataset_consumes_unknown_never_scheduled to None, run_after=None
[2023-12-15T21:15:56.645+0000] {logging_mixin.py:154} INFO - [2023-12-15T21:15:56.644+0000] {dag.py:3722} INFO - Setting next_dagrun for dataset_produces_1 to 2023-12-14T00:00:00+00:00, run_after=2023-12-15T00:00:00+00:00
[2023-12-15T21:15:56.650+0000] {logging_mixin.py:154} INFO - [2023-12-15T21:15:56.649+0000] {dag.py:3722} INFO - Setting next_dagrun for dataset_produces_2 to None, run_after=None
[2023-12-15T21:15:56.768+0000] {processor.py:179} INFO - Processing /home/airflow/.local/lib/python3.8/site-packages/airflow/example_dags/example_datasets.py took 0.397 seconds
[2023-12-15T21:16:54.750+0000] {processor.py:157} INFO - Started process (PID=701) to work on /home/airflow/.local/lib/python3.8/site-packages/airflow/example_dags/example_datasets.py
[2023-12-15T21:16:54.781+0000] {processor.py:829} INFO - Processing file /home/airflow/.local/lib/python3.8/site-packages/airflow/example_dags/example_datasets.py for tasks to queue
[2023-12-15T21:16:54.882+0000] {logging_mixin.py:154} INFO - [2023-12-15T21:16:54.881+0000] {dagbag.py:536} INFO - Filling up the DagBag from /home/airflow/.local/lib/python3.8/site-packages/airflow/example_dags/example_datasets.py
[2023-12-15T21:16:55.292+0000] {processor.py:839} INFO - DAG(s) dict_keys(['dataset_produces_1', 'dataset_produces_2', 'dataset_consumes_1', 'dataset_consumes_unknown_never_scheduled', 'dataset_consumes_1_and_2', 'dataset_consumes_1_never_scheduled']) retrieved from /home/airflow/.local/lib/python3.8/site-packages/airflow/example_dags/example_datasets.py
[2023-12-15T21:16:56.438+0000] {logging_mixin.py:154} INFO - [2023-12-15T21:16:56.437+0000] {dag.py:2941} INFO - Sync 6 DAGs
[2023-12-15T21:16:56.976+0000] {logging_mixin.py:154} INFO - [2023-12-15T21:16:56.975+0000] {dag.py:3722} INFO - Setting next_dagrun for dataset_consumes_1 to None, run_after=None
[2023-12-15T21:16:57.001+0000] {logging_mixin.py:154} INFO - [2023-12-15T21:16:57.000+0000] {dag.py:3722} INFO - Setting next_dagrun for dataset_consumes_1_and_2 to None, run_after=None
[2023-12-15T21:16:57.020+0000] {logging_mixin.py:154} INFO - [2023-12-15T21:16:57.019+0000] {dag.py:3722} INFO - Setting next_dagrun for dataset_consumes_1_never_scheduled to None, run_after=None
[2023-12-15T21:16:57.033+0000] {logging_mixin.py:154} INFO - [2023-12-15T21:16:57.033+0000] {dag.py:3722} INFO - Setting next_dagrun for dataset_consumes_unknown_never_scheduled to None, run_after=None
[2023-12-15T21:16:57.072+0000] {logging_mixin.py:154} INFO - [2023-12-15T21:16:57.071+0000] {dag.py:3722} INFO - Setting next_dagrun for dataset_produces_1 to 2023-12-14T00:00:00+00:00, run_after=2023-12-15T00:00:00+00:00
[2023-12-15T21:16:57.096+0000] {logging_mixin.py:154} INFO - [2023-12-15T21:16:57.095+0000] {dag.py:3722} INFO - Setting next_dagrun for dataset_produces_2 to None, run_after=None
[2023-12-15T21:16:57.358+0000] {processor.py:179} INFO - Processing /home/airflow/.local/lib/python3.8/site-packages/airflow/example_dags/example_datasets.py took 2.761 seconds
[2023-12-15T21:17:27.827+0000] {processor.py:157} INFO - Started process (PID=757) to work on /home/airflow/.local/lib/python3.8/site-packages/airflow/example_dags/example_datasets.py
[2023-12-15T21:17:27.829+0000] {processor.py:829} INFO - Processing file /home/airflow/.local/lib/python3.8/site-packages/airflow/example_dags/example_datasets.py for tasks to queue
[2023-12-15T21:17:27.839+0000] {logging_mixin.py:154} INFO - [2023-12-15T21:17:27.836+0000] {dagbag.py:536} INFO - Filling up the DagBag from /home/airflow/.local/lib/python3.8/site-packages/airflow/example_dags/example_datasets.py
[2023-12-15T21:17:27.903+0000] {processor.py:839} INFO - DAG(s) dict_keys(['dataset_produces_2', 'dataset_consumes_1_and_2', 'dataset_consumes_1', 'dataset_produces_1', 'dataset_consumes_1_never_scheduled', 'dataset_consumes_unknown_never_scheduled']) retrieved from /home/airflow/.local/lib/python3.8/site-packages/airflow/example_dags/example_datasets.py
[2023-12-15T21:17:28.108+0000] {logging_mixin.py:154} INFO - [2023-12-15T21:17:28.107+0000] {dag.py:2941} INFO - Sync 6 DAGs
[2023-12-15T21:17:28.240+0000] {logging_mixin.py:154} INFO - [2023-12-15T21:17:28.239+0000] {dag.py:3722} INFO - Setting next_dagrun for dataset_consumes_1 to None, run_after=None
[2023-12-15T21:17:28.293+0000] {logging_mixin.py:154} INFO - [2023-12-15T21:17:28.293+0000] {dag.py:3722} INFO - Setting next_dagrun for dataset_consumes_1_and_2 to None, run_after=None
[2023-12-15T21:17:28.298+0000] {logging_mixin.py:154} INFO - [2023-12-15T21:17:28.297+0000] {dag.py:3722} INFO - Setting next_dagrun for dataset_consumes_1_never_scheduled to None, run_after=None
[2023-12-15T21:17:28.322+0000] {logging_mixin.py:154} INFO - [2023-12-15T21:17:28.321+0000] {dag.py:3722} INFO - Setting next_dagrun for dataset_consumes_unknown_never_scheduled to None, run_after=None
[2023-12-15T21:17:28.329+0000] {logging_mixin.py:154} INFO - [2023-12-15T21:17:28.329+0000] {dag.py:3722} INFO - Setting next_dagrun for dataset_produces_1 to 2023-12-14T00:00:00+00:00, run_after=2023-12-15T00:00:00+00:00
[2023-12-15T21:17:28.370+0000] {logging_mixin.py:154} INFO - [2023-12-15T21:17:28.369+0000] {dag.py:3722} INFO - Setting next_dagrun for dataset_produces_2 to None, run_after=None
[2023-12-15T21:17:28.760+0000] {processor.py:179} INFO - Processing /home/airflow/.local/lib/python3.8/site-packages/airflow/example_dags/example_datasets.py took 0.963 seconds
[2023-12-15T21:28:07.793+0000] {processor.py:157} INFO - Started process (PID=83) to work on /home/airflow/.local/lib/python3.8/site-packages/airflow/example_dags/example_datasets.py
[2023-12-15T21:28:07.832+0000] {processor.py:829} INFO - Processing file /home/airflow/.local/lib/python3.8/site-packages/airflow/example_dags/example_datasets.py for tasks to queue
[2023-12-15T21:28:07.867+0000] {logging_mixin.py:154} INFO - [2023-12-15T21:28:07.856+0000] {dagbag.py:536} INFO - Filling up the DagBag from /home/airflow/.local/lib/python3.8/site-packages/airflow/example_dags/example_datasets.py
[2023-12-15T21:28:08.306+0000] {processor.py:839} INFO - DAG(s) dict_keys(['dataset_consumes_1', 'dataset_produces_1', 'dataset_consumes_unknown_never_scheduled', 'dataset_consumes_1_never_scheduled', 'dataset_produces_2', 'dataset_consumes_1_and_2']) retrieved from /home/airflow/.local/lib/python3.8/site-packages/airflow/example_dags/example_datasets.py
[2023-12-15T21:28:09.496+0000] {logging_mixin.py:154} INFO - [2023-12-15T21:28:09.495+0000] {dag.py:2941} INFO - Sync 6 DAGs
[2023-12-15T21:28:09.977+0000] {logging_mixin.py:154} INFO - [2023-12-15T21:28:09.976+0000] {dag.py:3722} INFO - Setting next_dagrun for dataset_consumes_1 to None, run_after=None
[2023-12-15T21:28:10.081+0000] {logging_mixin.py:154} INFO - [2023-12-15T21:28:10.058+0000] {dag.py:3722} INFO - Setting next_dagrun for dataset_consumes_1_and_2 to None, run_after=None
[2023-12-15T21:28:10.168+0000] {logging_mixin.py:154} INFO - [2023-12-15T21:28:10.167+0000] {dag.py:3722} INFO - Setting next_dagrun for dataset_consumes_1_never_scheduled to None, run_after=None
[2023-12-15T21:28:10.257+0000] {logging_mixin.py:154} INFO - [2023-12-15T21:28:10.256+0000] {dag.py:3722} INFO - Setting next_dagrun for dataset_consumes_unknown_never_scheduled to None, run_after=None
[2023-12-15T21:28:10.276+0000] {logging_mixin.py:154} INFO - [2023-12-15T21:28:10.275+0000] {dag.py:3722} INFO - Setting next_dagrun for dataset_produces_1 to 2023-12-14T00:00:00+00:00, run_after=2023-12-15T00:00:00+00:00
[2023-12-15T21:28:10.297+0000] {logging_mixin.py:154} INFO - [2023-12-15T21:28:10.296+0000] {dag.py:3722} INFO - Setting next_dagrun for dataset_produces_2 to None, run_after=None
[2023-12-15T21:28:11.516+0000] {processor.py:179} INFO - Processing /home/airflow/.local/lib/python3.8/site-packages/airflow/example_dags/example_datasets.py took 3.824 seconds
[2023-12-15T21:29:16.049+0000] {processor.py:157} INFO - Started process (PID=146) to work on /home/airflow/.local/lib/python3.8/site-packages/airflow/example_dags/example_datasets.py
[2023-12-15T21:29:16.071+0000] {processor.py:829} INFO - Processing file /home/airflow/.local/lib/python3.8/site-packages/airflow/example_dags/example_datasets.py for tasks to queue
[2023-12-15T21:29:16.089+0000] {logging_mixin.py:154} INFO - [2023-12-15T21:29:16.087+0000] {dagbag.py:536} INFO - Filling up the DagBag from /home/airflow/.local/lib/python3.8/site-packages/airflow/example_dags/example_datasets.py
[2023-12-15T21:29:16.242+0000] {processor.py:839} INFO - DAG(s) dict_keys(['dataset_consumes_1_never_scheduled', 'dataset_consumes_1', 'dataset_produces_1', 'dataset_consumes_1_and_2', 'dataset_produces_2', 'dataset_consumes_unknown_never_scheduled']) retrieved from /home/airflow/.local/lib/python3.8/site-packages/airflow/example_dags/example_datasets.py
[2023-12-15T21:29:16.725+0000] {logging_mixin.py:154} INFO - [2023-12-15T21:29:16.725+0000] {dag.py:2941} INFO - Sync 6 DAGs
[2023-12-15T21:29:17.168+0000] {logging_mixin.py:154} INFO - [2023-12-15T21:29:17.168+0000] {dag.py:3722} INFO - Setting next_dagrun for dataset_consumes_1 to None, run_after=None
[2023-12-15T21:29:17.224+0000] {logging_mixin.py:154} INFO - [2023-12-15T21:29:17.224+0000] {dag.py:3722} INFO - Setting next_dagrun for dataset_consumes_1_and_2 to None, run_after=None
[2023-12-15T21:29:17.251+0000] {logging_mixin.py:154} INFO - [2023-12-15T21:29:17.251+0000] {dag.py:3722} INFO - Setting next_dagrun for dataset_consumes_1_never_scheduled to None, run_after=None
[2023-12-15T21:29:17.269+0000] {logging_mixin.py:154} INFO - [2023-12-15T21:29:17.268+0000] {dag.py:3722} INFO - Setting next_dagrun for dataset_consumes_unknown_never_scheduled to None, run_after=None
[2023-12-15T21:29:17.322+0000] {logging_mixin.py:154} INFO - [2023-12-15T21:29:17.321+0000] {dag.py:3722} INFO - Setting next_dagrun for dataset_produces_1 to 2023-12-14T00:00:00+00:00, run_after=2023-12-15T00:00:00+00:00
[2023-12-15T21:29:17.358+0000] {logging_mixin.py:154} INFO - [2023-12-15T21:29:17.357+0000] {dag.py:3722} INFO - Setting next_dagrun for dataset_produces_2 to None, run_after=None
[2023-12-15T21:29:18.099+0000] {processor.py:179} INFO - Processing /home/airflow/.local/lib/python3.8/site-packages/airflow/example_dags/example_datasets.py took 2.080 seconds
[2023-12-15T21:30:04.095+0000] {processor.py:157} INFO - Started process (PID=202) to work on /home/airflow/.local/lib/python3.8/site-packages/airflow/example_dags/example_datasets.py
[2023-12-15T21:30:04.112+0000] {processor.py:829} INFO - Processing file /home/airflow/.local/lib/python3.8/site-packages/airflow/example_dags/example_datasets.py for tasks to queue
[2023-12-15T21:30:04.127+0000] {logging_mixin.py:154} INFO - [2023-12-15T21:30:04.126+0000] {dagbag.py:536} INFO - Filling up the DagBag from /home/airflow/.local/lib/python3.8/site-packages/airflow/example_dags/example_datasets.py
[2023-12-15T21:30:04.270+0000] {processor.py:839} INFO - DAG(s) dict_keys(['dataset_consumes_1_never_scheduled', 'dataset_produces_1', 'dataset_produces_2', 'dataset_consumes_1', 'dataset_consumes_unknown_never_scheduled', 'dataset_consumes_1_and_2']) retrieved from /home/airflow/.local/lib/python3.8/site-packages/airflow/example_dags/example_datasets.py
[2023-12-15T21:30:05.165+0000] {logging_mixin.py:154} INFO - [2023-12-15T21:30:05.165+0000] {dag.py:2941} INFO - Sync 6 DAGs
[2023-12-15T21:30:05.770+0000] {logging_mixin.py:154} INFO - [2023-12-15T21:30:05.769+0000] {dag.py:3722} INFO - Setting next_dagrun for dataset_consumes_1 to None, run_after=None
[2023-12-15T21:30:05.841+0000] {logging_mixin.py:154} INFO - [2023-12-15T21:30:05.840+0000] {dag.py:3722} INFO - Setting next_dagrun for dataset_consumes_1_and_2 to None, run_after=None
[2023-12-15T21:30:05.852+0000] {logging_mixin.py:154} INFO - [2023-12-15T21:30:05.852+0000] {dag.py:3722} INFO - Setting next_dagrun for dataset_consumes_1_never_scheduled to None, run_after=None
[2023-12-15T21:30:05.856+0000] {logging_mixin.py:154} INFO - [2023-12-15T21:30:05.856+0000] {dag.py:3722} INFO - Setting next_dagrun for dataset_consumes_unknown_never_scheduled to None, run_after=None
[2023-12-15T21:30:05.906+0000] {logging_mixin.py:154} INFO - [2023-12-15T21:30:05.905+0000] {dag.py:3722} INFO - Setting next_dagrun for dataset_produces_1 to 2023-12-14T00:00:00+00:00, run_after=2023-12-15T00:00:00+00:00
[2023-12-15T21:30:05.925+0000] {logging_mixin.py:154} INFO - [2023-12-15T21:30:05.925+0000] {dag.py:3722} INFO - Setting next_dagrun for dataset_produces_2 to None, run_after=None
[2023-12-15T21:30:06.601+0000] {processor.py:179} INFO - Processing /home/airflow/.local/lib/python3.8/site-packages/airflow/example_dags/example_datasets.py took 2.556 seconds
[2023-12-15T21:35:32.582+0000] {processor.py:157} INFO - Started process (PID=70) to work on /home/airflow/.local/lib/python3.8/site-packages/airflow/example_dags/example_datasets.py
[2023-12-15T21:35:32.586+0000] {processor.py:829} INFO - Processing file /home/airflow/.local/lib/python3.8/site-packages/airflow/example_dags/example_datasets.py for tasks to queue
[2023-12-15T21:35:32.620+0000] {logging_mixin.py:154} INFO - [2023-12-15T21:35:32.607+0000] {dagbag.py:536} INFO - Filling up the DagBag from /home/airflow/.local/lib/python3.8/site-packages/airflow/example_dags/example_datasets.py
[2023-12-15T21:35:32.889+0000] {processor.py:839} INFO - DAG(s) dict_keys(['dataset_consumes_1', 'dataset_consumes_1_never_scheduled', 'dataset_consumes_unknown_never_scheduled', 'dataset_produces_1', 'dataset_consumes_1_and_2', 'dataset_produces_2']) retrieved from /home/airflow/.local/lib/python3.8/site-packages/airflow/example_dags/example_datasets.py
[2023-12-15T21:35:33.464+0000] {logging_mixin.py:154} INFO - [2023-12-15T21:35:33.464+0000] {dag.py:2941} INFO - Sync 6 DAGs
[2023-12-15T21:35:33.747+0000] {logging_mixin.py:154} INFO - [2023-12-15T21:35:33.743+0000] {dag.py:3722} INFO - Setting next_dagrun for dataset_consumes_1 to None, run_after=None
[2023-12-15T21:35:33.777+0000] {logging_mixin.py:154} INFO - [2023-12-15T21:35:33.776+0000] {dag.py:3722} INFO - Setting next_dagrun for dataset_consumes_1_and_2 to None, run_after=None
[2023-12-15T21:35:33.797+0000] {logging_mixin.py:154} INFO - [2023-12-15T21:35:33.796+0000] {dag.py:3722} INFO - Setting next_dagrun for dataset_consumes_1_never_scheduled to None, run_after=None
[2023-12-15T21:35:33.807+0000] {logging_mixin.py:154} INFO - [2023-12-15T21:35:33.807+0000] {dag.py:3722} INFO - Setting next_dagrun for dataset_consumes_unknown_never_scheduled to None, run_after=None
[2023-12-15T21:35:33.842+0000] {logging_mixin.py:154} INFO - [2023-12-15T21:35:33.841+0000] {dag.py:3722} INFO - Setting next_dagrun for dataset_produces_1 to 2023-12-14T00:00:00+00:00, run_after=2023-12-15T00:00:00+00:00
[2023-12-15T21:35:33.863+0000] {logging_mixin.py:154} INFO - [2023-12-15T21:35:33.863+0000] {dag.py:3722} INFO - Setting next_dagrun for dataset_produces_2 to None, run_after=None
[2023-12-15T21:35:34.145+0000] {processor.py:179} INFO - Processing /home/airflow/.local/lib/python3.8/site-packages/airflow/example_dags/example_datasets.py took 1.601 seconds
[2023-12-15T21:36:13.946+0000] {processor.py:157} INFO - Started process (PID=125) to work on /home/airflow/.local/lib/python3.8/site-packages/airflow/example_dags/example_datasets.py
[2023-12-15T21:36:13.965+0000] {processor.py:829} INFO - Processing file /home/airflow/.local/lib/python3.8/site-packages/airflow/example_dags/example_datasets.py for tasks to queue
[2023-12-15T21:36:13.981+0000] {logging_mixin.py:154} INFO - [2023-12-15T21:36:13.980+0000] {dagbag.py:536} INFO - Filling up the DagBag from /home/airflow/.local/lib/python3.8/site-packages/airflow/example_dags/example_datasets.py
[2023-12-15T21:36:14.112+0000] {processor.py:839} INFO - DAG(s) dict_keys(['dataset_produces_1', 'dataset_produces_2', 'dataset_consumes_1', 'dataset_consumes_unknown_never_scheduled', 'dataset_consumes_1_and_2', 'dataset_consumes_1_never_scheduled']) retrieved from /home/airflow/.local/lib/python3.8/site-packages/airflow/example_dags/example_datasets.py
[2023-12-15T21:36:14.776+0000] {logging_mixin.py:154} INFO - [2023-12-15T21:36:14.775+0000] {dag.py:2941} INFO - Sync 6 DAGs
[2023-12-15T21:36:15.182+0000] {logging_mixin.py:154} INFO - [2023-12-15T21:36:15.182+0000] {dag.py:3722} INFO - Setting next_dagrun for dataset_consumes_1 to None, run_after=None
[2023-12-15T21:36:15.247+0000] {logging_mixin.py:154} INFO - [2023-12-15T21:36:15.246+0000] {dag.py:3722} INFO - Setting next_dagrun for dataset_consumes_1_and_2 to None, run_after=None
[2023-12-15T21:36:15.256+0000] {logging_mixin.py:154} INFO - [2023-12-15T21:36:15.256+0000] {dag.py:3722} INFO - Setting next_dagrun for dataset_consumes_1_never_scheduled to None, run_after=None
[2023-12-15T21:36:15.265+0000] {logging_mixin.py:154} INFO - [2023-12-15T21:36:15.264+0000] {dag.py:3722} INFO - Setting next_dagrun for dataset_consumes_unknown_never_scheduled to None, run_after=None
[2023-12-15T21:36:15.303+0000] {logging_mixin.py:154} INFO - [2023-12-15T21:36:15.302+0000] {dag.py:3722} INFO - Setting next_dagrun for dataset_produces_1 to 2023-12-14T00:00:00+00:00, run_after=2023-12-15T00:00:00+00:00
[2023-12-15T21:36:15.339+0000] {logging_mixin.py:154} INFO - [2023-12-15T21:36:15.313+0000] {dag.py:3722} INFO - Setting next_dagrun for dataset_produces_2 to None, run_after=None
[2023-12-15T21:36:16.096+0000] {processor.py:179} INFO - Processing /home/airflow/.local/lib/python3.8/site-packages/airflow/example_dags/example_datasets.py took 2.195 seconds
[2023-12-15T21:36:51.517+0000] {processor.py:157} INFO - Started process (PID=181) to work on /home/airflow/.local/lib/python3.8/site-packages/airflow/example_dags/example_datasets.py
[2023-12-15T21:36:51.521+0000] {processor.py:829} INFO - Processing file /home/airflow/.local/lib/python3.8/site-packages/airflow/example_dags/example_datasets.py for tasks to queue
[2023-12-15T21:36:51.528+0000] {logging_mixin.py:154} INFO - [2023-12-15T21:36:51.527+0000] {dagbag.py:536} INFO - Filling up the DagBag from /home/airflow/.local/lib/python3.8/site-packages/airflow/example_dags/example_datasets.py
[2023-12-15T21:36:51.614+0000] {processor.py:839} INFO - DAG(s) dict_keys(['dataset_consumes_1_never_scheduled', 'dataset_consumes_1_and_2', 'dataset_consumes_1', 'dataset_produces_1', 'dataset_consumes_unknown_never_scheduled', 'dataset_produces_2']) retrieved from /home/airflow/.local/lib/python3.8/site-packages/airflow/example_dags/example_datasets.py
[2023-12-15T21:36:51.784+0000] {logging_mixin.py:154} INFO - [2023-12-15T21:36:51.783+0000] {dag.py:2941} INFO - Sync 6 DAGs
[2023-12-15T21:36:51.902+0000] {logging_mixin.py:154} INFO - [2023-12-15T21:36:51.902+0000] {dag.py:3722} INFO - Setting next_dagrun for dataset_consumes_1 to None, run_after=None
[2023-12-15T21:36:51.919+0000] {logging_mixin.py:154} INFO - [2023-12-15T21:36:51.918+0000] {dag.py:3722} INFO - Setting next_dagrun for dataset_consumes_1_and_2 to None, run_after=None
[2023-12-15T21:36:51.923+0000] {logging_mixin.py:154} INFO - [2023-12-15T21:36:51.922+0000] {dag.py:3722} INFO - Setting next_dagrun for dataset_consumes_1_never_scheduled to None, run_after=None
[2023-12-15T21:36:51.927+0000] {logging_mixin.py:154} INFO - [2023-12-15T21:36:51.926+0000] {dag.py:3722} INFO - Setting next_dagrun for dataset_consumes_unknown_never_scheduled to None, run_after=None
[2023-12-15T21:36:51.950+0000] {logging_mixin.py:154} INFO - [2023-12-15T21:36:51.950+0000] {dag.py:3722} INFO - Setting next_dagrun for dataset_produces_1 to 2023-12-14T00:00:00+00:00, run_after=2023-12-15T00:00:00+00:00
[2023-12-15T21:36:51.953+0000] {logging_mixin.py:154} INFO - [2023-12-15T21:36:51.953+0000] {dag.py:3722} INFO - Setting next_dagrun for dataset_produces_2 to None, run_after=None
[2023-12-15T21:36:52.059+0000] {processor.py:179} INFO - Processing /home/airflow/.local/lib/python3.8/site-packages/airflow/example_dags/example_datasets.py took 0.559 seconds
[2023-12-15T21:37:23.041+0000] {processor.py:157} INFO - Started process (PID=237) to work on /home/airflow/.local/lib/python3.8/site-packages/airflow/example_dags/example_datasets.py
[2023-12-15T21:37:23.049+0000] {processor.py:829} INFO - Processing file /home/airflow/.local/lib/python3.8/site-packages/airflow/example_dags/example_datasets.py for tasks to queue
[2023-12-15T21:37:23.071+0000] {logging_mixin.py:154} INFO - [2023-12-15T21:37:23.070+0000] {dagbag.py:536} INFO - Filling up the DagBag from /home/airflow/.local/lib/python3.8/site-packages/airflow/example_dags/example_datasets.py
[2023-12-15T21:37:23.200+0000] {processor.py:839} INFO - DAG(s) dict_keys(['dataset_consumes_1_and_2', 'dataset_consumes_1', 'dataset_consumes_unknown_never_scheduled', 'dataset_produces_1', 'dataset_consumes_1_never_scheduled', 'dataset_produces_2']) retrieved from /home/airflow/.local/lib/python3.8/site-packages/airflow/example_dags/example_datasets.py
[2023-12-15T21:37:23.588+0000] {logging_mixin.py:154} INFO - [2023-12-15T21:37:23.587+0000] {dag.py:2941} INFO - Sync 6 DAGs
[2023-12-15T21:37:23.857+0000] {logging_mixin.py:154} INFO - [2023-12-15T21:37:23.857+0000] {dag.py:3722} INFO - Setting next_dagrun for dataset_consumes_1 to None, run_after=None
[2023-12-15T21:37:23.879+0000] {logging_mixin.py:154} INFO - [2023-12-15T21:37:23.878+0000] {dag.py:3722} INFO - Setting next_dagrun for dataset_consumes_1_and_2 to None, run_after=None
[2023-12-15T21:37:23.892+0000] {logging_mixin.py:154} INFO - [2023-12-15T21:37:23.892+0000] {dag.py:3722} INFO - Setting next_dagrun for dataset_consumes_1_never_scheduled to None, run_after=None
[2023-12-15T21:37:23.896+0000] {logging_mixin.py:154} INFO - [2023-12-15T21:37:23.895+0000] {dag.py:3722} INFO - Setting next_dagrun for dataset_consumes_unknown_never_scheduled to None, run_after=None
[2023-12-15T21:37:23.927+0000] {logging_mixin.py:154} INFO - [2023-12-15T21:37:23.927+0000] {dag.py:3722} INFO - Setting next_dagrun for dataset_produces_1 to 2023-12-14T00:00:00+00:00, run_after=2023-12-15T00:00:00+00:00
[2023-12-15T21:37:23.941+0000] {logging_mixin.py:154} INFO - [2023-12-15T21:37:23.941+0000] {dag.py:3722} INFO - Setting next_dagrun for dataset_produces_2 to None, run_after=None
[2023-12-15T21:37:24.436+0000] {processor.py:179} INFO - Processing /home/airflow/.local/lib/python3.8/site-packages/airflow/example_dags/example_datasets.py took 1.456 seconds
[2023-12-15T21:38:13.242+0000] {processor.py:157} INFO - Started process (PID=292) to work on /home/airflow/.local/lib/python3.8/site-packages/airflow/example_dags/example_datasets.py
[2023-12-15T21:38:13.245+0000] {processor.py:829} INFO - Processing file /home/airflow/.local/lib/python3.8/site-packages/airflow/example_dags/example_datasets.py for tasks to queue
[2023-12-15T21:38:13.254+0000] {logging_mixin.py:154} INFO - [2023-12-15T21:38:13.253+0000] {dagbag.py:536} INFO - Filling up the DagBag from /home/airflow/.local/lib/python3.8/site-packages/airflow/example_dags/example_datasets.py
[2023-12-15T21:38:13.291+0000] {processor.py:839} INFO - DAG(s) dict_keys(['dataset_consumes_unknown_never_scheduled', 'dataset_consumes_1_and_2', 'dataset_produces_1', 'dataset_consumes_1', 'dataset_consumes_1_never_scheduled', 'dataset_produces_2']) retrieved from /home/airflow/.local/lib/python3.8/site-packages/airflow/example_dags/example_datasets.py
[2023-12-15T21:38:13.444+0000] {logging_mixin.py:154} INFO - [2023-12-15T21:38:13.444+0000] {dag.py:2941} INFO - Sync 6 DAGs
[2023-12-15T21:38:13.550+0000] {logging_mixin.py:154} INFO - [2023-12-15T21:38:13.549+0000] {dag.py:3722} INFO - Setting next_dagrun for dataset_consumes_1 to None, run_after=None
[2023-12-15T21:38:13.562+0000] {logging_mixin.py:154} INFO - [2023-12-15T21:38:13.562+0000] {dag.py:3722} INFO - Setting next_dagrun for dataset_consumes_1_and_2 to None, run_after=None
[2023-12-15T21:38:13.566+0000] {logging_mixin.py:154} INFO - [2023-12-15T21:38:13.566+0000] {dag.py:3722} INFO - Setting next_dagrun for dataset_consumes_1_never_scheduled to None, run_after=None
[2023-12-15T21:38:13.570+0000] {logging_mixin.py:154} INFO - [2023-12-15T21:38:13.569+0000] {dag.py:3722} INFO - Setting next_dagrun for dataset_consumes_unknown_never_scheduled to None, run_after=None
[2023-12-15T21:38:13.580+0000] {logging_mixin.py:154} INFO - [2023-12-15T21:38:13.580+0000] {dag.py:3722} INFO - Setting next_dagrun for dataset_produces_1 to 2023-12-14T00:00:00+00:00, run_after=2023-12-15T00:00:00+00:00
[2023-12-15T21:38:13.585+0000] {logging_mixin.py:154} INFO - [2023-12-15T21:38:13.584+0000] {dag.py:3722} INFO - Setting next_dagrun for dataset_produces_2 to None, run_after=None
[2023-12-15T21:38:13.692+0000] {processor.py:179} INFO - Processing /home/airflow/.local/lib/python3.8/site-packages/airflow/example_dags/example_datasets.py took 0.465 seconds
[2023-12-15T21:38:47.726+0000] {processor.py:157} INFO - Started process (PID=348) to work on /home/airflow/.local/lib/python3.8/site-packages/airflow/example_dags/example_datasets.py
[2023-12-15T21:38:47.744+0000] {processor.py:829} INFO - Processing file /home/airflow/.local/lib/python3.8/site-packages/airflow/example_dags/example_datasets.py for tasks to queue
[2023-12-15T21:38:47.747+0000] {logging_mixin.py:154} INFO - [2023-12-15T21:38:47.747+0000] {dagbag.py:536} INFO - Filling up the DagBag from /home/airflow/.local/lib/python3.8/site-packages/airflow/example_dags/example_datasets.py
[2023-12-15T21:38:47.812+0000] {processor.py:839} INFO - DAG(s) dict_keys(['dataset_consumes_1', 'dataset_produces_1', 'dataset_consumes_1_never_scheduled', 'dataset_consumes_unknown_never_scheduled', 'dataset_consumes_1_and_2', 'dataset_produces_2']) retrieved from /home/airflow/.local/lib/python3.8/site-packages/airflow/example_dags/example_datasets.py
[2023-12-15T21:38:48.267+0000] {logging_mixin.py:154} INFO - [2023-12-15T21:38:48.267+0000] {dag.py:2941} INFO - Sync 6 DAGs
[2023-12-15T21:38:48.420+0000] {logging_mixin.py:154} INFO - [2023-12-15T21:38:48.419+0000] {dag.py:3722} INFO - Setting next_dagrun for dataset_consumes_1 to None, run_after=None
[2023-12-15T21:38:48.448+0000] {logging_mixin.py:154} INFO - [2023-12-15T21:38:48.448+0000] {dag.py:3722} INFO - Setting next_dagrun for dataset_consumes_1_and_2 to None, run_after=None
[2023-12-15T21:38:48.462+0000] {logging_mixin.py:154} INFO - [2023-12-15T21:38:48.461+0000] {dag.py:3722} INFO - Setting next_dagrun for dataset_consumes_1_never_scheduled to None, run_after=None
[2023-12-15T21:38:48.469+0000] {logging_mixin.py:154} INFO - [2023-12-15T21:38:48.468+0000] {dag.py:3722} INFO - Setting next_dagrun for dataset_consumes_unknown_never_scheduled to None, run_after=None
[2023-12-15T21:38:48.490+0000] {logging_mixin.py:154} INFO - [2023-12-15T21:38:48.488+0000] {dag.py:3722} INFO - Setting next_dagrun for dataset_produces_1 to 2023-12-14T00:00:00+00:00, run_after=2023-12-15T00:00:00+00:00
[2023-12-15T21:38:48.510+0000] {logging_mixin.py:154} INFO - [2023-12-15T21:38:48.509+0000] {dag.py:3722} INFO - Setting next_dagrun for dataset_produces_2 to None, run_after=None
[2023-12-15T21:38:49.063+0000] {processor.py:179} INFO - Processing /home/airflow/.local/lib/python3.8/site-packages/airflow/example_dags/example_datasets.py took 1.357 seconds
[2023-12-15T21:39:34.559+0000] {processor.py:157} INFO - Started process (PID=405) to work on /home/airflow/.local/lib/python3.8/site-packages/airflow/example_dags/example_datasets.py
[2023-12-15T21:39:34.563+0000] {processor.py:829} INFO - Processing file /home/airflow/.local/lib/python3.8/site-packages/airflow/example_dags/example_datasets.py for tasks to queue
[2023-12-15T21:39:34.571+0000] {logging_mixin.py:154} INFO - [2023-12-15T21:39:34.570+0000] {dagbag.py:536} INFO - Filling up the DagBag from /home/airflow/.local/lib/python3.8/site-packages/airflow/example_dags/example_datasets.py
[2023-12-15T21:39:34.625+0000] {processor.py:839} INFO - DAG(s) dict_keys(['dataset_consumes_1', 'dataset_consumes_1_and_2', 'dataset_produces_2', 'dataset_consumes_1_never_scheduled', 'dataset_produces_1', 'dataset_consumes_unknown_never_scheduled']) retrieved from /home/airflow/.local/lib/python3.8/site-packages/airflow/example_dags/example_datasets.py
[2023-12-15T21:39:34.772+0000] {logging_mixin.py:154} INFO - [2023-12-15T21:39:34.771+0000] {dag.py:2941} INFO - Sync 6 DAGs
[2023-12-15T21:39:34.878+0000] {logging_mixin.py:154} INFO - [2023-12-15T21:39:34.878+0000] {dag.py:3722} INFO - Setting next_dagrun for dataset_consumes_1 to None, run_after=None
[2023-12-15T21:39:34.892+0000] {logging_mixin.py:154} INFO - [2023-12-15T21:39:34.891+0000] {dag.py:3722} INFO - Setting next_dagrun for dataset_consumes_1_and_2 to None, run_after=None
[2023-12-15T21:39:34.897+0000] {logging_mixin.py:154} INFO - [2023-12-15T21:39:34.896+0000] {dag.py:3722} INFO - Setting next_dagrun for dataset_consumes_1_never_scheduled to None, run_after=None
[2023-12-15T21:39:34.902+0000] {logging_mixin.py:154} INFO - [2023-12-15T21:39:34.901+0000] {dag.py:3722} INFO - Setting next_dagrun for dataset_consumes_unknown_never_scheduled to None, run_after=None
[2023-12-15T21:39:34.911+0000] {logging_mixin.py:154} INFO - [2023-12-15T21:39:34.910+0000] {dag.py:3722} INFO - Setting next_dagrun for dataset_produces_1 to 2023-12-14T00:00:00+00:00, run_after=2023-12-15T00:00:00+00:00
[2023-12-15T21:39:34.913+0000] {logging_mixin.py:154} INFO - [2023-12-15T21:39:34.913+0000] {dag.py:3722} INFO - Setting next_dagrun for dataset_produces_2 to None, run_after=None
[2023-12-15T21:39:35.018+0000] {processor.py:179} INFO - Processing /home/airflow/.local/lib/python3.8/site-packages/airflow/example_dags/example_datasets.py took 0.472 seconds
[2023-12-15T21:40:07.670+0000] {processor.py:157} INFO - Started process (PID=461) to work on /home/airflow/.local/lib/python3.8/site-packages/airflow/example_dags/example_datasets.py
[2023-12-15T21:40:07.674+0000] {processor.py:829} INFO - Processing file /home/airflow/.local/lib/python3.8/site-packages/airflow/example_dags/example_datasets.py for tasks to queue
[2023-12-15T21:40:07.692+0000] {logging_mixin.py:154} INFO - [2023-12-15T21:40:07.692+0000] {dagbag.py:536} INFO - Filling up the DagBag from /home/airflow/.local/lib/python3.8/site-packages/airflow/example_dags/example_datasets.py
[2023-12-15T21:40:07.815+0000] {processor.py:839} INFO - DAG(s) dict_keys(['dataset_produces_2', 'dataset_consumes_1_and_2', 'dataset_consumes_1_never_scheduled', 'dataset_consumes_1', 'dataset_produces_1', 'dataset_consumes_unknown_never_scheduled']) retrieved from /home/airflow/.local/lib/python3.8/site-packages/airflow/example_dags/example_datasets.py
[2023-12-15T21:40:08.112+0000] {logging_mixin.py:154} INFO - [2023-12-15T21:40:08.112+0000] {dag.py:2941} INFO - Sync 6 DAGs
[2023-12-15T21:40:08.204+0000] {logging_mixin.py:154} INFO - [2023-12-15T21:40:08.204+0000] {dag.py:3722} INFO - Setting next_dagrun for dataset_consumes_1 to None, run_after=None
[2023-12-15T21:40:08.213+0000] {logging_mixin.py:154} INFO - [2023-12-15T21:40:08.213+0000] {dag.py:3722} INFO - Setting next_dagrun for dataset_consumes_1_and_2 to None, run_after=None
[2023-12-15T21:40:08.217+0000] {logging_mixin.py:154} INFO - [2023-12-15T21:40:08.217+0000] {dag.py:3722} INFO - Setting next_dagrun for dataset_consumes_1_never_scheduled to None, run_after=None
[2023-12-15T21:40:08.220+0000] {logging_mixin.py:154} INFO - [2023-12-15T21:40:08.219+0000] {dag.py:3722} INFO - Setting next_dagrun for dataset_consumes_unknown_never_scheduled to None, run_after=None
[2023-12-15T21:40:08.232+0000] {logging_mixin.py:154} INFO - [2023-12-15T21:40:08.231+0000] {dag.py:3722} INFO - Setting next_dagrun for dataset_produces_1 to 2023-12-14T00:00:00+00:00, run_after=2023-12-15T00:00:00+00:00
[2023-12-15T21:40:08.236+0000] {logging_mixin.py:154} INFO - [2023-12-15T21:40:08.236+0000] {dag.py:3722} INFO - Setting next_dagrun for dataset_produces_2 to None, run_after=None
[2023-12-15T21:40:08.399+0000] {processor.py:179} INFO - Processing /home/airflow/.local/lib/python3.8/site-packages/airflow/example_dags/example_datasets.py took 0.754 seconds
[2023-12-15T21:45:34.106+0000] {processor.py:157} INFO - Started process (PID=71) to work on /home/airflow/.local/lib/python3.8/site-packages/airflow/example_dags/example_datasets.py
[2023-12-15T21:45:34.153+0000] {processor.py:829} INFO - Processing file /home/airflow/.local/lib/python3.8/site-packages/airflow/example_dags/example_datasets.py for tasks to queue
[2023-12-15T21:45:34.338+0000] {logging_mixin.py:154} INFO - [2023-12-15T21:45:34.337+0000] {dagbag.py:536} INFO - Filling up the DagBag from /home/airflow/.local/lib/python3.8/site-packages/airflow/example_dags/example_datasets.py
[2023-12-15T21:45:35.722+0000] {processor.py:839} INFO - DAG(s) dict_keys(['dataset_consumes_unknown_never_scheduled', 'dataset_consumes_1_never_scheduled', 'dataset_consumes_1_and_2', 'dataset_produces_2', 'dataset_consumes_1', 'dataset_produces_1']) retrieved from /home/airflow/.local/lib/python3.8/site-packages/airflow/example_dags/example_datasets.py
[2023-12-15T21:45:38.181+0000] {logging_mixin.py:154} INFO - [2023-12-15T21:45:38.180+0000] {dag.py:2941} INFO - Sync 6 DAGs
[2023-12-15T21:45:39.437+0000] {logging_mixin.py:154} INFO - [2023-12-15T21:45:39.437+0000] {dag.py:3722} INFO - Setting next_dagrun for dataset_consumes_1 to None, run_after=None
[2023-12-15T21:45:39.614+0000] {logging_mixin.py:154} INFO - [2023-12-15T21:45:39.613+0000] {dag.py:3722} INFO - Setting next_dagrun for dataset_consumes_1_and_2 to None, run_after=None
[2023-12-15T21:45:39.669+0000] {logging_mixin.py:154} INFO - [2023-12-15T21:45:39.669+0000] {dag.py:3722} INFO - Setting next_dagrun for dataset_consumes_1_never_scheduled to None, run_after=None
[2023-12-15T21:45:39.767+0000] {logging_mixin.py:154} INFO - [2023-12-15T21:45:39.743+0000] {dag.py:3722} INFO - Setting next_dagrun for dataset_consumes_unknown_never_scheduled to None, run_after=None
[2023-12-15T21:45:39.924+0000] {logging_mixin.py:154} INFO - [2023-12-15T21:45:39.923+0000] {dag.py:3722} INFO - Setting next_dagrun for dataset_produces_1 to 2023-12-14T00:00:00+00:00, run_after=2023-12-15T00:00:00+00:00
[2023-12-15T21:45:39.957+0000] {logging_mixin.py:154} INFO - [2023-12-15T21:45:39.956+0000] {dag.py:3722} INFO - Setting next_dagrun for dataset_produces_2 to None, run_after=None
[2023-12-15T21:45:41.140+0000] {processor.py:179} INFO - Processing /home/airflow/.local/lib/python3.8/site-packages/airflow/example_dags/example_datasets.py took 7.182 seconds
[2023-12-15T21:47:22.505+0000] {processor.py:157} INFO - Started process (PID=148) to work on /home/airflow/.local/lib/python3.8/site-packages/airflow/example_dags/example_datasets.py
[2023-12-15T21:47:22.524+0000] {processor.py:829} INFO - Processing file /home/airflow/.local/lib/python3.8/site-packages/airflow/example_dags/example_datasets.py for tasks to queue
[2023-12-15T21:47:22.543+0000] {logging_mixin.py:154} INFO - [2023-12-15T21:47:22.542+0000] {dagbag.py:536} INFO - Filling up the DagBag from /home/airflow/.local/lib/python3.8/site-packages/airflow/example_dags/example_datasets.py
[2023-12-15T21:47:22.652+0000] {processor.py:839} INFO - DAG(s) dict_keys(['dataset_produces_2', 'dataset_produces_1', 'dataset_consumes_unknown_never_scheduled', 'dataset_consumes_1_never_scheduled', 'dataset_consumes_1_and_2', 'dataset_consumes_1']) retrieved from /home/airflow/.local/lib/python3.8/site-packages/airflow/example_dags/example_datasets.py
[2023-12-15T21:47:23.107+0000] {logging_mixin.py:154} INFO - [2023-12-15T21:47:23.107+0000] {dag.py:2941} INFO - Sync 6 DAGs
[2023-12-15T21:47:23.512+0000] {logging_mixin.py:154} INFO - [2023-12-15T21:47:23.512+0000] {dag.py:3722} INFO - Setting next_dagrun for dataset_consumes_1 to None, run_after=None
[2023-12-15T21:47:23.602+0000] {logging_mixin.py:154} INFO - [2023-12-15T21:47:23.600+0000] {dag.py:3722} INFO - Setting next_dagrun for dataset_consumes_1_and_2 to None, run_after=None
[2023-12-15T21:47:23.662+0000] {logging_mixin.py:154} INFO - [2023-12-15T21:47:23.661+0000] {dag.py:3722} INFO - Setting next_dagrun for dataset_consumes_1_never_scheduled to None, run_after=None
[2023-12-15T21:47:23.697+0000] {logging_mixin.py:154} INFO - [2023-12-15T21:47:23.696+0000] {dag.py:3722} INFO - Setting next_dagrun for dataset_consumes_unknown_never_scheduled to None, run_after=None
[2023-12-15T21:47:23.782+0000] {logging_mixin.py:154} INFO - [2023-12-15T21:47:23.772+0000] {dag.py:3722} INFO - Setting next_dagrun for dataset_produces_1 to 2023-12-14T00:00:00+00:00, run_after=2023-12-15T00:00:00+00:00
[2023-12-15T21:47:23.806+0000] {logging_mixin.py:154} INFO - [2023-12-15T21:47:23.805+0000] {dag.py:3722} INFO - Setting next_dagrun for dataset_produces_2 to None, run_after=None
[2023-12-15T21:47:24.320+0000] {processor.py:179} INFO - Processing /home/airflow/.local/lib/python3.8/site-packages/airflow/example_dags/example_datasets.py took 1.864 seconds
