[2023-12-15T20:50:02.648+0000] {processor.py:157} INFO - Started process (PID=49) to work on /home/airflow/.local/lib/python3.8/site-packages/airflow/example_dags/example_latest_only_with_trigger.py
[2023-12-15T20:50:02.662+0000] {processor.py:829} INFO - Processing file /home/airflow/.local/lib/python3.8/site-packages/airflow/example_dags/example_latest_only_with_trigger.py for tasks to queue
[2023-12-15T20:50:02.678+0000] {logging_mixin.py:154} INFO - [2023-12-15T20:50:02.675+0000] {dagbag.py:536} INFO - Filling up the DagBag from /home/airflow/.local/lib/python3.8/site-packages/airflow/example_dags/example_latest_only_with_trigger.py
[2023-12-15T20:50:02.717+0000] {processor.py:839} INFO - DAG(s) dict_keys(['latest_only_with_trigger']) retrieved from /home/airflow/.local/lib/python3.8/site-packages/airflow/example_dags/example_latest_only_with_trigger.py
[2023-12-15T20:50:03.333+0000] {logging_mixin.py:154} INFO - [2023-12-15T20:50:03.332+0000] {manager.py:499} INFO - Created Permission View: %s
[2023-12-15T20:50:03.357+0000] {logging_mixin.py:154} INFO - [2023-12-15T20:50:03.357+0000] {manager.py:499} INFO - Created Permission View: %s
[2023-12-15T20:50:03.384+0000] {logging_mixin.py:154} INFO - [2023-12-15T20:50:03.383+0000] {manager.py:499} INFO - Created Permission View: %s
[2023-12-15T20:50:03.385+0000] {logging_mixin.py:154} INFO - [2023-12-15T20:50:03.385+0000] {dag.py:2941} INFO - Sync 1 DAGs
[2023-12-15T20:50:03.520+0000] {logging_mixin.py:154} INFO - [2023-12-15T20:50:03.520+0000] {dag.py:2963} INFO - Creating ORM DAG for latest_only_with_trigger
[2023-12-15T20:50:03.729+0000] {logging_mixin.py:154} INFO - [2023-12-15T20:50:03.721+0000] {dag.py:3722} INFO - Setting next_dagrun for latest_only_with_trigger to 2023-12-15T16:50:03.708448+00:00, run_after=2023-12-15T20:50:03.708448+00:00
[2023-12-15T20:50:04.007+0000] {processor.py:179} INFO - Processing /home/airflow/.local/lib/python3.8/site-packages/airflow/example_dags/example_latest_only_with_trigger.py took 1.365 seconds
[2023-12-15T20:50:34.530+0000] {processor.py:157} INFO - Started process (PID=103) to work on /home/airflow/.local/lib/python3.8/site-packages/airflow/example_dags/example_latest_only_with_trigger.py
[2023-12-15T20:50:34.532+0000] {processor.py:829} INFO - Processing file /home/airflow/.local/lib/python3.8/site-packages/airflow/example_dags/example_latest_only_with_trigger.py for tasks to queue
[2023-12-15T20:50:34.537+0000] {logging_mixin.py:154} INFO - [2023-12-15T20:50:34.537+0000] {dagbag.py:536} INFO - Filling up the DagBag from /home/airflow/.local/lib/python3.8/site-packages/airflow/example_dags/example_latest_only_with_trigger.py
[2023-12-15T20:50:34.546+0000] {processor.py:839} INFO - DAG(s) dict_keys(['latest_only_with_trigger']) retrieved from /home/airflow/.local/lib/python3.8/site-packages/airflow/example_dags/example_latest_only_with_trigger.py
[2023-12-15T20:50:34.581+0000] {logging_mixin.py:154} INFO - [2023-12-15T20:50:34.580+0000] {dag.py:2941} INFO - Sync 1 DAGs
[2023-12-15T20:50:34.615+0000] {logging_mixin.py:154} INFO - [2023-12-15T20:50:34.615+0000] {dag.py:3722} INFO - Setting next_dagrun for latest_only_with_trigger to 2023-12-15T16:50:34.614792+00:00, run_after=2023-12-15T20:50:34.614792+00:00
[2023-12-15T20:50:34.667+0000] {processor.py:179} INFO - Processing /home/airflow/.local/lib/python3.8/site-packages/airflow/example_dags/example_latest_only_with_trigger.py took 0.145 seconds
[2023-12-15T21:10:46.040+0000] {processor.py:157} INFO - Started process (PID=126) to work on /home/airflow/.local/lib/python3.8/site-packages/airflow/example_dags/example_latest_only_with_trigger.py
[2023-12-15T21:10:46.049+0000] {processor.py:829} INFO - Processing file /home/airflow/.local/lib/python3.8/site-packages/airflow/example_dags/example_latest_only_with_trigger.py for tasks to queue
[2023-12-15T21:10:46.064+0000] {logging_mixin.py:154} INFO - [2023-12-15T21:10:46.063+0000] {dagbag.py:536} INFO - Filling up the DagBag from /home/airflow/.local/lib/python3.8/site-packages/airflow/example_dags/example_latest_only_with_trigger.py
[2023-12-15T21:10:46.124+0000] {processor.py:839} INFO - DAG(s) dict_keys(['latest_only_with_trigger']) retrieved from /home/airflow/.local/lib/python3.8/site-packages/airflow/example_dags/example_latest_only_with_trigger.py
[2023-12-15T21:10:46.397+0000] {logging_mixin.py:154} INFO - [2023-12-15T21:10:46.397+0000] {dag.py:2941} INFO - Sync 1 DAGs
[2023-12-15T21:10:46.534+0000] {logging_mixin.py:154} INFO - [2023-12-15T21:10:46.534+0000] {dag.py:3722} INFO - Setting next_dagrun for latest_only_with_trigger to 2023-12-15T17:10:46.533568+00:00, run_after=2023-12-15T21:10:46.533568+00:00
[2023-12-15T21:10:46.619+0000] {processor.py:179} INFO - Processing /home/airflow/.local/lib/python3.8/site-packages/airflow/example_dags/example_latest_only_with_trigger.py took 0.634 seconds
[2023-12-15T21:11:17.226+0000] {processor.py:157} INFO - Started process (PID=180) to work on /home/airflow/.local/lib/python3.8/site-packages/airflow/example_dags/example_latest_only_with_trigger.py
[2023-12-15T21:11:17.233+0000] {processor.py:829} INFO - Processing file /home/airflow/.local/lib/python3.8/site-packages/airflow/example_dags/example_latest_only_with_trigger.py for tasks to queue
[2023-12-15T21:11:17.248+0000] {logging_mixin.py:154} INFO - [2023-12-15T21:11:17.247+0000] {dagbag.py:536} INFO - Filling up the DagBag from /home/airflow/.local/lib/python3.8/site-packages/airflow/example_dags/example_latest_only_with_trigger.py
[2023-12-15T21:11:17.263+0000] {processor.py:839} INFO - DAG(s) dict_keys(['latest_only_with_trigger']) retrieved from /home/airflow/.local/lib/python3.8/site-packages/airflow/example_dags/example_latest_only_with_trigger.py
[2023-12-15T21:11:17.322+0000] {logging_mixin.py:154} INFO - [2023-12-15T21:11:17.321+0000] {dag.py:2941} INFO - Sync 1 DAGs
[2023-12-15T21:11:17.417+0000] {logging_mixin.py:154} INFO - [2023-12-15T21:11:17.417+0000] {dag.py:3722} INFO - Setting next_dagrun for latest_only_with_trigger to 2023-12-15T17:11:17.416904+00:00, run_after=2023-12-15T21:11:17.416904+00:00
[2023-12-15T21:11:17.512+0000] {processor.py:179} INFO - Processing /home/airflow/.local/lib/python3.8/site-packages/airflow/example_dags/example_latest_only_with_trigger.py took 0.324 seconds
[2023-12-15T21:11:48.313+0000] {processor.py:157} INFO - Started process (PID=236) to work on /home/airflow/.local/lib/python3.8/site-packages/airflow/example_dags/example_latest_only_with_trigger.py
[2023-12-15T21:11:48.315+0000] {processor.py:829} INFO - Processing file /home/airflow/.local/lib/python3.8/site-packages/airflow/example_dags/example_latest_only_with_trigger.py for tasks to queue
[2023-12-15T21:11:48.321+0000] {logging_mixin.py:154} INFO - [2023-12-15T21:11:48.321+0000] {dagbag.py:536} INFO - Filling up the DagBag from /home/airflow/.local/lib/python3.8/site-packages/airflow/example_dags/example_latest_only_with_trigger.py
[2023-12-15T21:11:48.369+0000] {processor.py:839} INFO - DAG(s) dict_keys(['latest_only_with_trigger']) retrieved from /home/airflow/.local/lib/python3.8/site-packages/airflow/example_dags/example_latest_only_with_trigger.py
[2023-12-15T21:11:48.481+0000] {logging_mixin.py:154} INFO - [2023-12-15T21:11:48.480+0000] {dag.py:2941} INFO - Sync 1 DAGs
[2023-12-15T21:11:48.623+0000] {logging_mixin.py:154} INFO - [2023-12-15T21:11:48.623+0000] {dag.py:3722} INFO - Setting next_dagrun for latest_only_with_trigger to 2023-12-15T17:11:48.622612+00:00, run_after=2023-12-15T21:11:48.622612+00:00
[2023-12-15T21:11:48.681+0000] {processor.py:179} INFO - Processing /home/airflow/.local/lib/python3.8/site-packages/airflow/example_dags/example_latest_only_with_trigger.py took 0.380 seconds
[2023-12-15T21:12:27.802+0000] {processor.py:157} INFO - Started process (PID=292) to work on /home/airflow/.local/lib/python3.8/site-packages/airflow/example_dags/example_latest_only_with_trigger.py
[2023-12-15T21:12:27.837+0000] {processor.py:829} INFO - Processing file /home/airflow/.local/lib/python3.8/site-packages/airflow/example_dags/example_latest_only_with_trigger.py for tasks to queue
[2023-12-15T21:12:27.844+0000] {logging_mixin.py:154} INFO - [2023-12-15T21:12:27.843+0000] {dagbag.py:536} INFO - Filling up the DagBag from /home/airflow/.local/lib/python3.8/site-packages/airflow/example_dags/example_latest_only_with_trigger.py
[2023-12-15T21:12:27.858+0000] {processor.py:839} INFO - DAG(s) dict_keys(['latest_only_with_trigger']) retrieved from /home/airflow/.local/lib/python3.8/site-packages/airflow/example_dags/example_latest_only_with_trigger.py
[2023-12-15T21:12:27.953+0000] {logging_mixin.py:154} INFO - [2023-12-15T21:12:27.953+0000] {dag.py:2941} INFO - Sync 1 DAGs
[2023-12-15T21:12:28.065+0000] {logging_mixin.py:154} INFO - [2023-12-15T21:12:28.065+0000] {dag.py:3722} INFO - Setting next_dagrun for latest_only_with_trigger to 2023-12-15T17:12:28.063957+00:00, run_after=2023-12-15T21:12:28.063957+00:00
[2023-12-15T21:12:28.147+0000] {processor.py:179} INFO - Processing /home/airflow/.local/lib/python3.8/site-packages/airflow/example_dags/example_latest_only_with_trigger.py took 0.376 seconds
[2023-12-15T21:13:00.793+0000] {processor.py:157} INFO - Started process (PID=345) to work on /home/airflow/.local/lib/python3.8/site-packages/airflow/example_dags/example_latest_only_with_trigger.py
[2023-12-15T21:13:00.795+0000] {processor.py:829} INFO - Processing file /home/airflow/.local/lib/python3.8/site-packages/airflow/example_dags/example_latest_only_with_trigger.py for tasks to queue
[2023-12-15T21:13:00.802+0000] {logging_mixin.py:154} INFO - [2023-12-15T21:13:00.801+0000] {dagbag.py:536} INFO - Filling up the DagBag from /home/airflow/.local/lib/python3.8/site-packages/airflow/example_dags/example_latest_only_with_trigger.py
[2023-12-15T21:13:00.833+0000] {processor.py:839} INFO - DAG(s) dict_keys(['latest_only_with_trigger']) retrieved from /home/airflow/.local/lib/python3.8/site-packages/airflow/example_dags/example_latest_only_with_trigger.py
[2023-12-15T21:13:00.911+0000] {logging_mixin.py:154} INFO - [2023-12-15T21:13:00.910+0000] {dag.py:2941} INFO - Sync 1 DAGs
[2023-12-15T21:13:00.996+0000] {logging_mixin.py:154} INFO - [2023-12-15T21:13:00.995+0000] {dag.py:3722} INFO - Setting next_dagrun for latest_only_with_trigger to 2023-12-15T17:13:00.995088+00:00, run_after=2023-12-15T21:13:00.995088+00:00
[2023-12-15T21:13:01.081+0000] {processor.py:179} INFO - Processing /home/airflow/.local/lib/python3.8/site-packages/airflow/example_dags/example_latest_only_with_trigger.py took 0.299 seconds
[2023-12-15T21:13:37.658+0000] {processor.py:157} INFO - Started process (PID=401) to work on /home/airflow/.local/lib/python3.8/site-packages/airflow/example_dags/example_latest_only_with_trigger.py
[2023-12-15T21:13:37.671+0000] {processor.py:829} INFO - Processing file /home/airflow/.local/lib/python3.8/site-packages/airflow/example_dags/example_latest_only_with_trigger.py for tasks to queue
[2023-12-15T21:13:37.685+0000] {logging_mixin.py:154} INFO - [2023-12-15T21:13:37.684+0000] {dagbag.py:536} INFO - Filling up the DagBag from /home/airflow/.local/lib/python3.8/site-packages/airflow/example_dags/example_latest_only_with_trigger.py
[2023-12-15T21:13:37.767+0000] {processor.py:839} INFO - DAG(s) dict_keys(['latest_only_with_trigger']) retrieved from /home/airflow/.local/lib/python3.8/site-packages/airflow/example_dags/example_latest_only_with_trigger.py
[2023-12-15T21:13:38.088+0000] {logging_mixin.py:154} INFO - [2023-12-15T21:13:38.069+0000] {dag.py:2941} INFO - Sync 1 DAGs
[2023-12-15T21:13:38.483+0000] {logging_mixin.py:154} INFO - [2023-12-15T21:13:38.483+0000] {dag.py:3722} INFO - Setting next_dagrun for latest_only_with_trigger to 2023-12-15T17:13:38.474520+00:00, run_after=2023-12-15T21:13:38.474520+00:00
[2023-12-15T21:13:38.575+0000] {processor.py:179} INFO - Processing /home/airflow/.local/lib/python3.8/site-packages/airflow/example_dags/example_latest_only_with_trigger.py took 1.029 seconds
[2023-12-15T21:14:09.345+0000] {processor.py:157} INFO - Started process (PID=455) to work on /home/airflow/.local/lib/python3.8/site-packages/airflow/example_dags/example_latest_only_with_trigger.py
[2023-12-15T21:14:09.356+0000] {processor.py:829} INFO - Processing file /home/airflow/.local/lib/python3.8/site-packages/airflow/example_dags/example_latest_only_with_trigger.py for tasks to queue
[2023-12-15T21:14:09.361+0000] {logging_mixin.py:154} INFO - [2023-12-15T21:14:09.361+0000] {dagbag.py:536} INFO - Filling up the DagBag from /home/airflow/.local/lib/python3.8/site-packages/airflow/example_dags/example_latest_only_with_trigger.py
[2023-12-15T21:14:09.392+0000] {processor.py:839} INFO - DAG(s) dict_keys(['latest_only_with_trigger']) retrieved from /home/airflow/.local/lib/python3.8/site-packages/airflow/example_dags/example_latest_only_with_trigger.py
[2023-12-15T21:14:09.688+0000] {logging_mixin.py:154} INFO - [2023-12-15T21:14:09.688+0000] {dag.py:2941} INFO - Sync 1 DAGs
[2023-12-15T21:14:10.010+0000] {logging_mixin.py:154} INFO - [2023-12-15T21:14:10.009+0000] {dag.py:3722} INFO - Setting next_dagrun for latest_only_with_trigger to 2023-12-15T17:14:10.008407+00:00, run_after=2023-12-15T21:14:10.008407+00:00
[2023-12-15T21:14:10.214+0000] {processor.py:179} INFO - Processing /home/airflow/.local/lib/python3.8/site-packages/airflow/example_dags/example_latest_only_with_trigger.py took 0.975 seconds
[2023-12-15T21:14:40.433+0000] {processor.py:157} INFO - Started process (PID=511) to work on /home/airflow/.local/lib/python3.8/site-packages/airflow/example_dags/example_latest_only_with_trigger.py
[2023-12-15T21:14:40.439+0000] {processor.py:829} INFO - Processing file /home/airflow/.local/lib/python3.8/site-packages/airflow/example_dags/example_latest_only_with_trigger.py for tasks to queue
[2023-12-15T21:14:40.447+0000] {logging_mixin.py:154} INFO - [2023-12-15T21:14:40.446+0000] {dagbag.py:536} INFO - Filling up the DagBag from /home/airflow/.local/lib/python3.8/site-packages/airflow/example_dags/example_latest_only_with_trigger.py
[2023-12-15T21:14:40.461+0000] {processor.py:839} INFO - DAG(s) dict_keys(['latest_only_with_trigger']) retrieved from /home/airflow/.local/lib/python3.8/site-packages/airflow/example_dags/example_latest_only_with_trigger.py
[2023-12-15T21:14:40.602+0000] {logging_mixin.py:154} INFO - [2023-12-15T21:14:40.602+0000] {dag.py:2941} INFO - Sync 1 DAGs
[2023-12-15T21:14:40.678+0000] {logging_mixin.py:154} INFO - [2023-12-15T21:14:40.677+0000] {dag.py:3722} INFO - Setting next_dagrun for latest_only_with_trigger to 2023-12-15T17:14:40.676888+00:00, run_after=2023-12-15T21:14:40.676888+00:00
[2023-12-15T21:14:41.405+0000] {processor.py:179} INFO - Processing /home/airflow/.local/lib/python3.8/site-packages/airflow/example_dags/example_latest_only_with_trigger.py took 0.983 seconds
[2023-12-15T21:15:11.829+0000] {processor.py:157} INFO - Started process (PID=568) to work on /home/airflow/.local/lib/python3.8/site-packages/airflow/example_dags/example_latest_only_with_trigger.py
[2023-12-15T21:15:11.831+0000] {processor.py:829} INFO - Processing file /home/airflow/.local/lib/python3.8/site-packages/airflow/example_dags/example_latest_only_with_trigger.py for tasks to queue
[2023-12-15T21:15:11.836+0000] {logging_mixin.py:154} INFO - [2023-12-15T21:15:11.835+0000] {dagbag.py:536} INFO - Filling up the DagBag from /home/airflow/.local/lib/python3.8/site-packages/airflow/example_dags/example_latest_only_with_trigger.py
[2023-12-15T21:15:11.855+0000] {processor.py:839} INFO - DAG(s) dict_keys(['latest_only_with_trigger']) retrieved from /home/airflow/.local/lib/python3.8/site-packages/airflow/example_dags/example_latest_only_with_trigger.py
[2023-12-15T21:15:11.928+0000] {logging_mixin.py:154} INFO - [2023-12-15T21:15:11.927+0000] {dag.py:2941} INFO - Sync 1 DAGs
[2023-12-15T21:15:12.009+0000] {logging_mixin.py:154} INFO - [2023-12-15T21:15:12.009+0000] {dag.py:3722} INFO - Setting next_dagrun for latest_only_with_trigger to 2023-12-15T17:15:12.008320+00:00, run_after=2023-12-15T21:15:12.008320+00:00
[2023-12-15T21:15:12.061+0000] {processor.py:179} INFO - Processing /home/airflow/.local/lib/python3.8/site-packages/airflow/example_dags/example_latest_only_with_trigger.py took 0.241 seconds
[2023-12-15T21:15:43.407+0000] {processor.py:157} INFO - Started process (PID=617) to work on /home/airflow/.local/lib/python3.8/site-packages/airflow/example_dags/example_latest_only_with_trigger.py
[2023-12-15T21:15:43.438+0000] {processor.py:829} INFO - Processing file /home/airflow/.local/lib/python3.8/site-packages/airflow/example_dags/example_latest_only_with_trigger.py for tasks to queue
[2023-12-15T21:15:43.475+0000] {logging_mixin.py:154} INFO - [2023-12-15T21:15:43.473+0000] {dagbag.py:536} INFO - Filling up the DagBag from /home/airflow/.local/lib/python3.8/site-packages/airflow/example_dags/example_latest_only_with_trigger.py
[2023-12-15T21:15:43.561+0000] {processor.py:839} INFO - DAG(s) dict_keys(['latest_only_with_trigger']) retrieved from /home/airflow/.local/lib/python3.8/site-packages/airflow/example_dags/example_latest_only_with_trigger.py
[2023-12-15T21:15:43.688+0000] {logging_mixin.py:154} INFO - [2023-12-15T21:15:43.688+0000] {dag.py:2941} INFO - Sync 1 DAGs
[2023-12-15T21:15:43.830+0000] {logging_mixin.py:154} INFO - [2023-12-15T21:15:43.830+0000] {dag.py:3722} INFO - Setting next_dagrun for latest_only_with_trigger to 2023-12-15T17:15:43.829722+00:00, run_after=2023-12-15T21:15:43.829722+00:00
[2023-12-15T21:15:43.926+0000] {processor.py:179} INFO - Processing /home/airflow/.local/lib/python3.8/site-packages/airflow/example_dags/example_latest_only_with_trigger.py took 0.542 seconds
[2023-12-15T21:16:18.385+0000] {processor.py:157} INFO - Started process (PID=668) to work on /home/airflow/.local/lib/python3.8/site-packages/airflow/example_dags/example_latest_only_with_trigger.py
[2023-12-15T21:16:18.416+0000] {processor.py:829} INFO - Processing file /home/airflow/.local/lib/python3.8/site-packages/airflow/example_dags/example_latest_only_with_trigger.py for tasks to queue
[2023-12-15T21:16:18.463+0000] {logging_mixin.py:154} INFO - [2023-12-15T21:16:18.462+0000] {dagbag.py:536} INFO - Filling up the DagBag from /home/airflow/.local/lib/python3.8/site-packages/airflow/example_dags/example_latest_only_with_trigger.py
[2023-12-15T21:16:18.852+0000] {processor.py:839} INFO - DAG(s) dict_keys(['latest_only_with_trigger']) retrieved from /home/airflow/.local/lib/python3.8/site-packages/airflow/example_dags/example_latest_only_with_trigger.py
[2023-12-15T21:16:19.788+0000] {logging_mixin.py:154} INFO - [2023-12-15T21:16:19.788+0000] {dag.py:2941} INFO - Sync 1 DAGs
[2023-12-15T21:16:20.901+0000] {logging_mixin.py:154} INFO - [2023-12-15T21:16:20.901+0000] {dag.py:3722} INFO - Setting next_dagrun for latest_only_with_trigger to 2023-12-15T17:16:20.849894+00:00, run_after=2023-12-15T21:16:20.849894+00:00
[2023-12-15T21:16:21.636+0000] {processor.py:179} INFO - Processing /home/airflow/.local/lib/python3.8/site-packages/airflow/example_dags/example_latest_only_with_trigger.py took 3.367 seconds
[2023-12-15T21:17:08.264+0000] {processor.py:157} INFO - Started process (PID=725) to work on /home/airflow/.local/lib/python3.8/site-packages/airflow/example_dags/example_latest_only_with_trigger.py
[2023-12-15T21:17:08.278+0000] {processor.py:829} INFO - Processing file /home/airflow/.local/lib/python3.8/site-packages/airflow/example_dags/example_latest_only_with_trigger.py for tasks to queue
[2023-12-15T21:17:08.286+0000] {logging_mixin.py:154} INFO - [2023-12-15T21:17:08.286+0000] {dagbag.py:536} INFO - Filling up the DagBag from /home/airflow/.local/lib/python3.8/site-packages/airflow/example_dags/example_latest_only_with_trigger.py
[2023-12-15T21:17:08.329+0000] {processor.py:839} INFO - DAG(s) dict_keys(['latest_only_with_trigger']) retrieved from /home/airflow/.local/lib/python3.8/site-packages/airflow/example_dags/example_latest_only_with_trigger.py
[2023-12-15T21:17:08.561+0000] {logging_mixin.py:154} INFO - [2023-12-15T21:17:08.561+0000] {dag.py:2941} INFO - Sync 1 DAGs
[2023-12-15T21:17:08.760+0000] {logging_mixin.py:154} INFO - [2023-12-15T21:17:08.759+0000] {dag.py:3722} INFO - Setting next_dagrun for latest_only_with_trigger to 2023-12-15T17:17:08.758361+00:00, run_after=2023-12-15T21:17:08.758361+00:00
[2023-12-15T21:17:08.834+0000] {processor.py:179} INFO - Processing /home/airflow/.local/lib/python3.8/site-packages/airflow/example_dags/example_latest_only_with_trigger.py took 0.625 seconds
[2023-12-15T21:17:39.420+0000] {processor.py:157} INFO - Started process (PID=779) to work on /home/airflow/.local/lib/python3.8/site-packages/airflow/example_dags/example_latest_only_with_trigger.py
[2023-12-15T21:17:39.424+0000] {processor.py:829} INFO - Processing file /home/airflow/.local/lib/python3.8/site-packages/airflow/example_dags/example_latest_only_with_trigger.py for tasks to queue
[2023-12-15T21:17:39.431+0000] {logging_mixin.py:154} INFO - [2023-12-15T21:17:39.430+0000] {dagbag.py:536} INFO - Filling up the DagBag from /home/airflow/.local/lib/python3.8/site-packages/airflow/example_dags/example_latest_only_with_trigger.py
[2023-12-15T21:17:39.506+0000] {processor.py:839} INFO - DAG(s) dict_keys(['latest_only_with_trigger']) retrieved from /home/airflow/.local/lib/python3.8/site-packages/airflow/example_dags/example_latest_only_with_trigger.py
[2023-12-15T21:17:39.678+0000] {logging_mixin.py:154} INFO - [2023-12-15T21:17:39.678+0000] {dag.py:2941} INFO - Sync 1 DAGs
[2023-12-15T21:17:39.819+0000] {logging_mixin.py:154} INFO - [2023-12-15T21:17:39.812+0000] {dag.py:3722} INFO - Setting next_dagrun for latest_only_with_trigger to 2023-12-15T17:17:39.811873+00:00, run_after=2023-12-15T21:17:39.811873+00:00
[2023-12-15T21:17:39.949+0000] {processor.py:179} INFO - Processing /home/airflow/.local/lib/python3.8/site-packages/airflow/example_dags/example_latest_only_with_trigger.py took 0.554 seconds
[2023-12-15T21:22:50.962+0000] {processor.py:157} INFO - Started process (PID=70) to work on /home/airflow/.local/lib/python3.8/site-packages/airflow/example_dags/example_latest_only_with_trigger.py
[2023-12-15T21:22:50.969+0000] {processor.py:829} INFO - Processing file /home/airflow/.local/lib/python3.8/site-packages/airflow/example_dags/example_latest_only_with_trigger.py for tasks to queue
[2023-12-15T21:22:50.996+0000] {logging_mixin.py:154} INFO - [2023-12-15T21:22:50.995+0000] {dagbag.py:536} INFO - Filling up the DagBag from /home/airflow/.local/lib/python3.8/site-packages/airflow/example_dags/example_latest_only_with_trigger.py
[2023-12-15T21:22:51.117+0000] {processor.py:839} INFO - DAG(s) dict_keys(['latest_only_with_trigger']) retrieved from /home/airflow/.local/lib/python3.8/site-packages/airflow/example_dags/example_latest_only_with_trigger.py
[2023-12-15T21:22:51.692+0000] {logging_mixin.py:154} INFO - [2023-12-15T21:22:51.691+0000] {dag.py:2941} INFO - Sync 1 DAGs
[2023-12-15T21:22:51.996+0000] {logging_mixin.py:154} INFO - [2023-12-15T21:22:51.996+0000] {dag.py:3722} INFO - Setting next_dagrun for latest_only_with_trigger to 2023-12-15T17:22:51.995598+00:00, run_after=2023-12-15T21:22:51.995598+00:00
[2023-12-15T21:22:52.213+0000] {processor.py:179} INFO - Processing /home/airflow/.local/lib/python3.8/site-packages/airflow/example_dags/example_latest_only_with_trigger.py took 1.308 seconds
[2023-12-15T21:27:33.405+0000] {processor.py:157} INFO - Started process (PID=68) to work on /home/airflow/.local/lib/python3.8/site-packages/airflow/example_dags/example_latest_only_with_trigger.py
[2023-12-15T21:27:33.476+0000] {processor.py:829} INFO - Processing file /home/airflow/.local/lib/python3.8/site-packages/airflow/example_dags/example_latest_only_with_trigger.py for tasks to queue
[2023-12-15T21:27:33.522+0000] {logging_mixin.py:154} INFO - [2023-12-15T21:27:33.521+0000] {dagbag.py:536} INFO - Filling up the DagBag from /home/airflow/.local/lib/python3.8/site-packages/airflow/example_dags/example_latest_only_with_trigger.py
[2023-12-15T21:27:33.867+0000] {processor.py:839} INFO - DAG(s) dict_keys(['latest_only_with_trigger']) retrieved from /home/airflow/.local/lib/python3.8/site-packages/airflow/example_dags/example_latest_only_with_trigger.py
[2023-12-15T21:27:34.868+0000] {logging_mixin.py:154} INFO - [2023-12-15T21:27:34.868+0000] {dag.py:2941} INFO - Sync 1 DAGs
[2023-12-15T21:27:35.450+0000] {logging_mixin.py:154} INFO - [2023-12-15T21:27:35.449+0000] {dag.py:3722} INFO - Setting next_dagrun for latest_only_with_trigger to 2023-12-15T17:27:35.448986+00:00, run_after=2023-12-15T21:27:35.448986+00:00
[2023-12-15T21:27:36.353+0000] {processor.py:179} INFO - Processing /home/airflow/.local/lib/python3.8/site-packages/airflow/example_dags/example_latest_only_with_trigger.py took 3.086 seconds
[2023-12-15T21:29:08.940+0000] {processor.py:157} INFO - Started process (PID=138) to work on /home/airflow/.local/lib/python3.8/site-packages/airflow/example_dags/example_latest_only_with_trigger.py
[2023-12-15T21:29:08.949+0000] {processor.py:829} INFO - Processing file /home/airflow/.local/lib/python3.8/site-packages/airflow/example_dags/example_latest_only_with_trigger.py for tasks to queue
[2023-12-15T21:29:08.978+0000] {logging_mixin.py:154} INFO - [2023-12-15T21:29:08.977+0000] {dagbag.py:536} INFO - Filling up the DagBag from /home/airflow/.local/lib/python3.8/site-packages/airflow/example_dags/example_latest_only_with_trigger.py
[2023-12-15T21:29:09.041+0000] {processor.py:839} INFO - DAG(s) dict_keys(['latest_only_with_trigger']) retrieved from /home/airflow/.local/lib/python3.8/site-packages/airflow/example_dags/example_latest_only_with_trigger.py
[2023-12-15T21:29:09.520+0000] {logging_mixin.py:154} INFO - [2023-12-15T21:29:09.520+0000] {dag.py:2941} INFO - Sync 1 DAGs
[2023-12-15T21:29:10.015+0000] {logging_mixin.py:154} INFO - [2023-12-15T21:29:10.014+0000] {dag.py:3722} INFO - Setting next_dagrun for latest_only_with_trigger to 2023-12-15T17:29:10.013537+00:00, run_after=2023-12-15T21:29:10.013537+00:00
[2023-12-15T21:29:10.198+0000] {processor.py:179} INFO - Processing /home/airflow/.local/lib/python3.8/site-packages/airflow/example_dags/example_latest_only_with_trigger.py took 1.306 seconds
[2023-12-15T21:29:49.523+0000] {processor.py:157} INFO - Started process (PID=192) to work on /home/airflow/.local/lib/python3.8/site-packages/airflow/example_dags/example_latest_only_with_trigger.py
[2023-12-15T21:29:49.549+0000] {processor.py:829} INFO - Processing file /home/airflow/.local/lib/python3.8/site-packages/airflow/example_dags/example_latest_only_with_trigger.py for tasks to queue
[2023-12-15T21:29:49.637+0000] {logging_mixin.py:154} INFO - [2023-12-15T21:29:49.636+0000] {dagbag.py:536} INFO - Filling up the DagBag from /home/airflow/.local/lib/python3.8/site-packages/airflow/example_dags/example_latest_only_with_trigger.py
[2023-12-15T21:29:50.052+0000] {processor.py:839} INFO - DAG(s) dict_keys(['latest_only_with_trigger']) retrieved from /home/airflow/.local/lib/python3.8/site-packages/airflow/example_dags/example_latest_only_with_trigger.py
[2023-12-15T21:29:50.247+0000] {logging_mixin.py:154} INFO - [2023-12-15T21:29:50.247+0000] {dag.py:2941} INFO - Sync 1 DAGs
[2023-12-15T21:29:50.673+0000] {logging_mixin.py:154} INFO - [2023-12-15T21:29:50.672+0000] {dag.py:3722} INFO - Setting next_dagrun for latest_only_with_trigger to 2023-12-15T17:29:50.669284+00:00, run_after=2023-12-15T21:29:50.669284+00:00
[2023-12-15T21:29:51.096+0000] {processor.py:179} INFO - Processing /home/airflow/.local/lib/python3.8/site-packages/airflow/example_dags/example_latest_only_with_trigger.py took 1.662 seconds
[2023-12-15T21:35:16.272+0000] {processor.py:157} INFO - Started process (PID=55) to work on /home/airflow/.local/lib/python3.8/site-packages/airflow/example_dags/example_latest_only_with_trigger.py
[2023-12-15T21:35:16.289+0000] {processor.py:829} INFO - Processing file /home/airflow/.local/lib/python3.8/site-packages/airflow/example_dags/example_latest_only_with_trigger.py for tasks to queue
[2023-12-15T21:35:16.331+0000] {logging_mixin.py:154} INFO - [2023-12-15T21:35:16.330+0000] {dagbag.py:536} INFO - Filling up the DagBag from /home/airflow/.local/lib/python3.8/site-packages/airflow/example_dags/example_latest_only_with_trigger.py
[2023-12-15T21:35:16.483+0000] {processor.py:839} INFO - DAG(s) dict_keys(['latest_only_with_trigger']) retrieved from /home/airflow/.local/lib/python3.8/site-packages/airflow/example_dags/example_latest_only_with_trigger.py
[2023-12-15T21:35:16.856+0000] {logging_mixin.py:154} INFO - [2023-12-15T21:35:16.855+0000] {dag.py:2941} INFO - Sync 1 DAGs
[2023-12-15T21:35:17.126+0000] {logging_mixin.py:154} INFO - [2023-12-15T21:35:17.125+0000] {dag.py:3722} INFO - Setting next_dagrun for latest_only_with_trigger to 2023-12-15T17:35:17.125022+00:00, run_after=2023-12-15T21:35:17.125022+00:00
[2023-12-15T21:35:17.384+0000] {processor.py:179} INFO - Processing /home/airflow/.local/lib/python3.8/site-packages/airflow/example_dags/example_latest_only_with_trigger.py took 1.176 seconds
[2023-12-15T21:36:01.608+0000] {processor.py:157} INFO - Started process (PID=115) to work on /home/airflow/.local/lib/python3.8/site-packages/airflow/example_dags/example_latest_only_with_trigger.py
[2023-12-15T21:36:01.620+0000] {processor.py:829} INFO - Processing file /home/airflow/.local/lib/python3.8/site-packages/airflow/example_dags/example_latest_only_with_trigger.py for tasks to queue
[2023-12-15T21:36:01.630+0000] {logging_mixin.py:154} INFO - [2023-12-15T21:36:01.629+0000] {dagbag.py:536} INFO - Filling up the DagBag from /home/airflow/.local/lib/python3.8/site-packages/airflow/example_dags/example_latest_only_with_trigger.py
[2023-12-15T21:36:01.687+0000] {processor.py:839} INFO - DAG(s) dict_keys(['latest_only_with_trigger']) retrieved from /home/airflow/.local/lib/python3.8/site-packages/airflow/example_dags/example_latest_only_with_trigger.py
[2023-12-15T21:36:01.953+0000] {logging_mixin.py:154} INFO - [2023-12-15T21:36:01.952+0000] {dag.py:2941} INFO - Sync 1 DAGs
[2023-12-15T21:36:02.218+0000] {logging_mixin.py:154} INFO - [2023-12-15T21:36:02.217+0000] {dag.py:3722} INFO - Setting next_dagrun for latest_only_with_trigger to 2023-12-15T17:36:02.217051+00:00, run_after=2023-12-15T21:36:02.217051+00:00
[2023-12-15T21:36:02.461+0000] {processor.py:179} INFO - Processing /home/airflow/.local/lib/python3.8/site-packages/airflow/example_dags/example_latest_only_with_trigger.py took 0.900 seconds
[2023-12-15T21:36:37.825+0000] {processor.py:157} INFO - Started process (PID=165) to work on /home/airflow/.local/lib/python3.8/site-packages/airflow/example_dags/example_latest_only_with_trigger.py
[2023-12-15T21:36:37.840+0000] {processor.py:829} INFO - Processing file /home/airflow/.local/lib/python3.8/site-packages/airflow/example_dags/example_latest_only_with_trigger.py for tasks to queue
[2023-12-15T21:36:37.854+0000] {logging_mixin.py:154} INFO - [2023-12-15T21:36:37.852+0000] {dagbag.py:536} INFO - Filling up the DagBag from /home/airflow/.local/lib/python3.8/site-packages/airflow/example_dags/example_latest_only_with_trigger.py
[2023-12-15T21:36:37.910+0000] {processor.py:839} INFO - DAG(s) dict_keys(['latest_only_with_trigger']) retrieved from /home/airflow/.local/lib/python3.8/site-packages/airflow/example_dags/example_latest_only_with_trigger.py
[2023-12-15T21:36:38.561+0000] {logging_mixin.py:154} INFO - [2023-12-15T21:36:38.560+0000] {dag.py:2941} INFO - Sync 1 DAGs
[2023-12-15T21:36:38.681+0000] {logging_mixin.py:154} INFO - [2023-12-15T21:36:38.681+0000] {dag.py:3722} INFO - Setting next_dagrun for latest_only_with_trigger to 2023-12-15T17:36:38.680415+00:00, run_after=2023-12-15T21:36:38.680415+00:00
[2023-12-15T21:36:38.747+0000] {processor.py:179} INFO - Processing /home/airflow/.local/lib/python3.8/site-packages/airflow/example_dags/example_latest_only_with_trigger.py took 1.003 seconds
[2023-12-15T21:37:08.984+0000] {processor.py:157} INFO - Started process (PID=221) to work on /home/airflow/.local/lib/python3.8/site-packages/airflow/example_dags/example_latest_only_with_trigger.py
[2023-12-15T21:37:08.988+0000] {processor.py:829} INFO - Processing file /home/airflow/.local/lib/python3.8/site-packages/airflow/example_dags/example_latest_only_with_trigger.py for tasks to queue
[2023-12-15T21:37:08.994+0000] {logging_mixin.py:154} INFO - [2023-12-15T21:37:08.993+0000] {dagbag.py:536} INFO - Filling up the DagBag from /home/airflow/.local/lib/python3.8/site-packages/airflow/example_dags/example_latest_only_with_trigger.py
[2023-12-15T21:37:09.013+0000] {processor.py:839} INFO - DAG(s) dict_keys(['latest_only_with_trigger']) retrieved from /home/airflow/.local/lib/python3.8/site-packages/airflow/example_dags/example_latest_only_with_trigger.py
[2023-12-15T21:37:09.088+0000] {logging_mixin.py:154} INFO - [2023-12-15T21:37:09.088+0000] {dag.py:2941} INFO - Sync 1 DAGs
[2023-12-15T21:37:09.137+0000] {logging_mixin.py:154} INFO - [2023-12-15T21:37:09.137+0000] {dag.py:3722} INFO - Setting next_dagrun for latest_only_with_trigger to 2023-12-15T17:37:09.136459+00:00, run_after=2023-12-15T21:37:09.136459+00:00
[2023-12-15T21:37:09.179+0000] {processor.py:179} INFO - Processing /home/airflow/.local/lib/python3.8/site-packages/airflow/example_dags/example_latest_only_with_trigger.py took 0.216 seconds
[2023-12-15T21:37:40.207+0000] {processor.py:157} INFO - Started process (PID=276) to work on /home/airflow/.local/lib/python3.8/site-packages/airflow/example_dags/example_latest_only_with_trigger.py
[2023-12-15T21:37:40.210+0000] {processor.py:829} INFO - Processing file /home/airflow/.local/lib/python3.8/site-packages/airflow/example_dags/example_latest_only_with_trigger.py for tasks to queue
[2023-12-15T21:37:40.229+0000] {logging_mixin.py:154} INFO - [2023-12-15T21:37:40.228+0000] {dagbag.py:536} INFO - Filling up the DagBag from /home/airflow/.local/lib/python3.8/site-packages/airflow/example_dags/example_latest_only_with_trigger.py
[2023-12-15T21:37:40.248+0000] {processor.py:839} INFO - DAG(s) dict_keys(['latest_only_with_trigger']) retrieved from /home/airflow/.local/lib/python3.8/site-packages/airflow/example_dags/example_latest_only_with_trigger.py
[2023-12-15T21:37:40.322+0000] {logging_mixin.py:154} INFO - [2023-12-15T21:37:40.319+0000] {dag.py:2941} INFO - Sync 1 DAGs
[2023-12-15T21:37:40.398+0000] {logging_mixin.py:154} INFO - [2023-12-15T21:37:40.398+0000] {dag.py:3722} INFO - Setting next_dagrun for latest_only_with_trigger to 2023-12-15T17:37:40.397057+00:00, run_after=2023-12-15T21:37:40.397057+00:00
[2023-12-15T21:37:40.449+0000] {processor.py:179} INFO - Processing /home/airflow/.local/lib/python3.8/site-packages/airflow/example_dags/example_latest_only_with_trigger.py took 0.256 seconds
[2023-12-15T21:38:27.049+0000] {processor.py:157} INFO - Started process (PID=332) to work on /home/airflow/.local/lib/python3.8/site-packages/airflow/example_dags/example_latest_only_with_trigger.py
[2023-12-15T21:38:27.052+0000] {processor.py:829} INFO - Processing file /home/airflow/.local/lib/python3.8/site-packages/airflow/example_dags/example_latest_only_with_trigger.py for tasks to queue
[2023-12-15T21:38:27.095+0000] {logging_mixin.py:154} INFO - [2023-12-15T21:38:27.094+0000] {dagbag.py:536} INFO - Filling up the DagBag from /home/airflow/.local/lib/python3.8/site-packages/airflow/example_dags/example_latest_only_with_trigger.py
[2023-12-15T21:38:27.152+0000] {processor.py:839} INFO - DAG(s) dict_keys(['latest_only_with_trigger']) retrieved from /home/airflow/.local/lib/python3.8/site-packages/airflow/example_dags/example_latest_only_with_trigger.py
[2023-12-15T21:38:27.468+0000] {logging_mixin.py:154} INFO - [2023-12-15T21:38:27.467+0000] {dag.py:2941} INFO - Sync 1 DAGs
[2023-12-15T21:38:27.842+0000] {logging_mixin.py:154} INFO - [2023-12-15T21:38:27.842+0000] {dag.py:3722} INFO - Setting next_dagrun for latest_only_with_trigger to 2023-12-15T17:38:27.839206+00:00, run_after=2023-12-15T21:38:27.839206+00:00
[2023-12-15T21:38:28.120+0000] {processor.py:179} INFO - Processing /home/airflow/.local/lib/python3.8/site-packages/airflow/example_dags/example_latest_only_with_trigger.py took 1.108 seconds
[2023-12-15T21:39:31.924+0000] {processor.py:157} INFO - Started process (PID=397) to work on /home/airflow/.local/lib/python3.8/site-packages/airflow/example_dags/example_latest_only_with_trigger.py
[2023-12-15T21:39:31.938+0000] {processor.py:829} INFO - Processing file /home/airflow/.local/lib/python3.8/site-packages/airflow/example_dags/example_latest_only_with_trigger.py for tasks to queue
[2023-12-15T21:39:31.964+0000] {logging_mixin.py:154} INFO - [2023-12-15T21:39:31.963+0000] {dagbag.py:536} INFO - Filling up the DagBag from /home/airflow/.local/lib/python3.8/site-packages/airflow/example_dags/example_latest_only_with_trigger.py
[2023-12-15T21:39:32.050+0000] {processor.py:839} INFO - DAG(s) dict_keys(['latest_only_with_trigger']) retrieved from /home/airflow/.local/lib/python3.8/site-packages/airflow/example_dags/example_latest_only_with_trigger.py
[2023-12-15T21:39:32.306+0000] {logging_mixin.py:154} INFO - [2023-12-15T21:39:32.305+0000] {dag.py:2941} INFO - Sync 1 DAGs
[2023-12-15T21:39:32.482+0000] {logging_mixin.py:154} INFO - [2023-12-15T21:39:32.481+0000] {dag.py:3722} INFO - Setting next_dagrun for latest_only_with_trigger to 2023-12-15T17:39:32.481077+00:00, run_after=2023-12-15T21:39:32.481077+00:00
[2023-12-15T21:39:32.611+0000] {processor.py:179} INFO - Processing /home/airflow/.local/lib/python3.8/site-packages/airflow/example_dags/example_latest_only_with_trigger.py took 0.737 seconds
[2023-12-15T21:40:03.167+0000] {processor.py:157} INFO - Started process (PID=452) to work on /home/airflow/.local/lib/python3.8/site-packages/airflow/example_dags/example_latest_only_with_trigger.py
[2023-12-15T21:40:03.177+0000] {processor.py:829} INFO - Processing file /home/airflow/.local/lib/python3.8/site-packages/airflow/example_dags/example_latest_only_with_trigger.py for tasks to queue
[2023-12-15T21:40:03.194+0000] {logging_mixin.py:154} INFO - [2023-12-15T21:40:03.194+0000] {dagbag.py:536} INFO - Filling up the DagBag from /home/airflow/.local/lib/python3.8/site-packages/airflow/example_dags/example_latest_only_with_trigger.py
[2023-12-15T21:40:03.210+0000] {processor.py:839} INFO - DAG(s) dict_keys(['latest_only_with_trigger']) retrieved from /home/airflow/.local/lib/python3.8/site-packages/airflow/example_dags/example_latest_only_with_trigger.py
[2023-12-15T21:40:03.306+0000] {logging_mixin.py:154} INFO - [2023-12-15T21:40:03.305+0000] {dag.py:2941} INFO - Sync 1 DAGs
[2023-12-15T21:40:03.560+0000] {logging_mixin.py:154} INFO - [2023-12-15T21:40:03.559+0000] {dag.py:3722} INFO - Setting next_dagrun for latest_only_with_trigger to 2023-12-15T17:40:03.558382+00:00, run_after=2023-12-15T21:40:03.558382+00:00
[2023-12-15T21:40:03.683+0000] {processor.py:179} INFO - Processing /home/airflow/.local/lib/python3.8/site-packages/airflow/example_dags/example_latest_only_with_trigger.py took 0.550 seconds
[2023-12-15T21:45:04.904+0000] {processor.py:157} INFO - Started process (PID=63) to work on /home/airflow/.local/lib/python3.8/site-packages/airflow/example_dags/example_latest_only_with_trigger.py
[2023-12-15T21:45:04.917+0000] {processor.py:829} INFO - Processing file /home/airflow/.local/lib/python3.8/site-packages/airflow/example_dags/example_latest_only_with_trigger.py for tasks to queue
[2023-12-15T21:45:04.949+0000] {logging_mixin.py:154} INFO - [2023-12-15T21:45:04.948+0000] {dagbag.py:536} INFO - Filling up the DagBag from /home/airflow/.local/lib/python3.8/site-packages/airflow/example_dags/example_latest_only_with_trigger.py
[2023-12-15T21:45:05.442+0000] {processor.py:839} INFO - DAG(s) dict_keys(['latest_only_with_trigger']) retrieved from /home/airflow/.local/lib/python3.8/site-packages/airflow/example_dags/example_latest_only_with_trigger.py
[2023-12-15T21:45:05.997+0000] {logging_mixin.py:154} INFO - [2023-12-15T21:45:05.997+0000] {dag.py:2941} INFO - Sync 1 DAGs
[2023-12-15T21:45:06.598+0000] {logging_mixin.py:154} INFO - [2023-12-15T21:45:06.597+0000] {dag.py:3722} INFO - Setting next_dagrun for latest_only_with_trigger to 2023-12-15T17:45:06.596482+00:00, run_after=2023-12-15T21:45:06.596482+00:00
[2023-12-15T21:45:06.816+0000] {processor.py:179} INFO - Processing /home/airflow/.local/lib/python3.8/site-packages/airflow/example_dags/example_latest_only_with_trigger.py took 1.985 seconds
[2023-12-15T21:47:05.486+0000] {processor.py:157} INFO - Started process (PID=133) to work on /home/airflow/.local/lib/python3.8/site-packages/airflow/example_dags/example_latest_only_with_trigger.py
[2023-12-15T21:47:05.505+0000] {processor.py:829} INFO - Processing file /home/airflow/.local/lib/python3.8/site-packages/airflow/example_dags/example_latest_only_with_trigger.py for tasks to queue
[2023-12-15T21:47:05.582+0000] {logging_mixin.py:154} INFO - [2023-12-15T21:47:05.567+0000] {dagbag.py:536} INFO - Filling up the DagBag from /home/airflow/.local/lib/python3.8/site-packages/airflow/example_dags/example_latest_only_with_trigger.py
[2023-12-15T21:47:05.824+0000] {processor.py:839} INFO - DAG(s) dict_keys(['latest_only_with_trigger']) retrieved from /home/airflow/.local/lib/python3.8/site-packages/airflow/example_dags/example_latest_only_with_trigger.py
[2023-12-15T21:47:06.352+0000] {logging_mixin.py:154} INFO - [2023-12-15T21:47:06.352+0000] {dag.py:2941} INFO - Sync 1 DAGs
[2023-12-15T21:47:07.197+0000] {logging_mixin.py:154} INFO - [2023-12-15T21:47:07.196+0000] {dag.py:3722} INFO - Setting next_dagrun for latest_only_with_trigger to 2023-12-15T17:47:07.170277+00:00, run_after=2023-12-15T21:47:07.170277+00:00
[2023-12-15T21:47:07.808+0000] {processor.py:179} INFO - Processing /home/airflow/.local/lib/python3.8/site-packages/airflow/example_dags/example_latest_only_with_trigger.py took 2.392 seconds
[2023-12-15T21:53:57.566+0000] {processor.py:157} INFO - Started process (PID=70) to work on /home/airflow/.local/lib/python3.8/site-packages/airflow/example_dags/example_latest_only_with_trigger.py
[2023-12-15T21:53:57.644+0000] {processor.py:829} INFO - Processing file /home/airflow/.local/lib/python3.8/site-packages/airflow/example_dags/example_latest_only_with_trigger.py for tasks to queue
[2023-12-15T21:53:57.771+0000] {logging_mixin.py:154} INFO - [2023-12-15T21:53:57.769+0000] {dagbag.py:536} INFO - Filling up the DagBag from /home/airflow/.local/lib/python3.8/site-packages/airflow/example_dags/example_latest_only_with_trigger.py
[2023-12-15T21:53:58.598+0000] {processor.py:839} INFO - DAG(s) dict_keys(['latest_only_with_trigger']) retrieved from /home/airflow/.local/lib/python3.8/site-packages/airflow/example_dags/example_latest_only_with_trigger.py
[2023-12-15T21:53:58.976+0000] {logging_mixin.py:154} INFO - [2023-12-15T21:53:58.976+0000] {dag.py:2941} INFO - Sync 1 DAGs
[2023-12-15T21:54:00.090+0000] {logging_mixin.py:154} INFO - [2023-12-15T21:54:00.090+0000] {dag.py:3722} INFO - Setting next_dagrun for latest_only_with_trigger to 2023-12-15T17:54:00.089530+00:00, run_after=2023-12-15T21:54:00.089530+00:00
[2023-12-15T21:54:00.760+0000] {processor.py:179} INFO - Processing /home/airflow/.local/lib/python3.8/site-packages/airflow/example_dags/example_latest_only_with_trigger.py took 3.331 seconds
                                                                                                                                                                                                                                                                                                                                                                                                                                                                                                                                                                                                                                                                                                                                                                                                                                                                                                                                                                                                                                                                                                                                                                                                                                                                                                                                                                                                                                                                                                                                                                                                     