[2023-12-15T20:50:18.918+0000] {processor.py:157} INFO - Started process (PID=65) to work on /home/airflow/.local/lib/python3.8/site-packages/airflow/example_dags/example_branch_datetime_operator.py
[2023-12-15T20:50:18.920+0000] {processor.py:829} INFO - Processing file /home/airflow/.local/lib/python3.8/site-packages/airflow/example_dags/example_branch_datetime_operator.py for tasks to queue
[2023-12-15T20:50:18.945+0000] {logging_mixin.py:154} INFO - [2023-12-15T20:50:18.944+0000] {dagbag.py:536} INFO - Filling up the DagBag from /home/airflow/.local/lib/python3.8/site-packages/airflow/example_dags/example_branch_datetime_operator.py
[2023-12-15T20:50:19.120+0000] {processor.py:839} INFO - DAG(s) dict_keys(['example_branch_datetime_operator_2', 'example_branch_datetime_operator_3', 'example_branch_datetime_operator']) retrieved from /home/airflow/.local/lib/python3.8/site-packages/airflow/example_dags/example_branch_datetime_operator.py
[2023-12-15T20:50:19.990+0000] {logging_mixin.py:154} INFO - [2023-12-15T20:50:19.989+0000] {manager.py:499} INFO - Created Permission View: %s
[2023-12-15T20:50:20.073+0000] {logging_mixin.py:154} INFO - [2023-12-15T20:50:20.073+0000] {manager.py:499} INFO - Created Permission View: %s
[2023-12-15T20:50:20.103+0000] {logging_mixin.py:154} INFO - [2023-12-15T20:50:20.102+0000] {manager.py:499} INFO - Created Permission View: %s
[2023-12-15T20:50:20.152+0000] {logging_mixin.py:154} INFO - [2023-12-15T20:50:20.152+0000] {manager.py:499} INFO - Created Permission View: %s
[2023-12-15T20:50:20.176+0000] {logging_mixin.py:154} INFO - [2023-12-15T20:50:20.176+0000] {manager.py:499} INFO - Created Permission View: %s
[2023-12-15T20:50:20.198+0000] {logging_mixin.py:154} INFO - [2023-12-15T20:50:20.198+0000] {manager.py:499} INFO - Created Permission View: %s
[2023-12-15T20:50:20.251+0000] {logging_mixin.py:154} INFO - [2023-12-15T20:50:20.250+0000] {manager.py:499} INFO - Created Permission View: %s
[2023-12-15T20:50:20.315+0000] {logging_mixin.py:154} INFO - [2023-12-15T20:50:20.315+0000] {manager.py:499} INFO - Created Permission View: %s
[2023-12-15T20:50:20.351+0000] {logging_mixin.py:154} INFO - [2023-12-15T20:50:20.350+0000] {manager.py:499} INFO - Created Permission View: %s
[2023-12-15T20:50:20.352+0000] {logging_mixin.py:154} INFO - [2023-12-15T20:50:20.351+0000] {dag.py:2941} INFO - Sync 3 DAGs
[2023-12-15T20:50:20.429+0000] {logging_mixin.py:154} INFO - [2023-12-15T20:50:20.428+0000] {dag.py:2963} INFO - Creating ORM DAG for example_branch_datetime_operator
[2023-12-15T20:50:20.436+0000] {logging_mixin.py:154} INFO - [2023-12-15T20:50:20.436+0000] {dag.py:2963} INFO - Creating ORM DAG for example_branch_datetime_operator_3
[2023-12-15T20:50:20.437+0000] {logging_mixin.py:154} INFO - [2023-12-15T20:50:20.437+0000] {dag.py:2963} INFO - Creating ORM DAG for example_branch_datetime_operator_2
[2023-12-15T20:50:20.496+0000] {logging_mixin.py:154} INFO - [2023-12-15T20:50:20.495+0000] {dag.py:3722} INFO - Setting next_dagrun for example_branch_datetime_operator to 2023-12-14T00:00:00+00:00, run_after=2023-12-15T00:00:00+00:00
[2023-12-15T20:50:20.508+0000] {logging_mixin.py:154} INFO - [2023-12-15T20:50:20.508+0000] {dag.py:3722} INFO - Setting next_dagrun for example_branch_datetime_operator_2 to 2023-12-14T00:00:00+00:00, run_after=2023-12-15T00:00:00+00:00
[2023-12-15T20:50:20.520+0000] {logging_mixin.py:154} INFO - [2023-12-15T20:50:20.520+0000] {dag.py:3722} INFO - Setting next_dagrun for example_branch_datetime_operator_3 to 2023-12-14T00:00:00+00:00, run_after=2023-12-15T00:00:00+00:00
[2023-12-15T20:50:20.631+0000] {processor.py:179} INFO - Processing /home/airflow/.local/lib/python3.8/site-packages/airflow/example_dags/example_branch_datetime_operator.py took 1.750 seconds
[2023-12-15T21:11:02.335+0000] {processor.py:157} INFO - Started process (PID=141) to work on /home/airflow/.local/lib/python3.8/site-packages/airflow/example_dags/example_branch_datetime_operator.py
[2023-12-15T21:11:02.372+0000] {processor.py:829} INFO - Processing file /home/airflow/.local/lib/python3.8/site-packages/airflow/example_dags/example_branch_datetime_operator.py for tasks to queue
[2023-12-15T21:11:02.397+0000] {logging_mixin.py:154} INFO - [2023-12-15T21:11:02.397+0000] {dagbag.py:536} INFO - Filling up the DagBag from /home/airflow/.local/lib/python3.8/site-packages/airflow/example_dags/example_branch_datetime_operator.py
[2023-12-15T21:11:02.444+0000] {processor.py:839} INFO - DAG(s) dict_keys(['example_branch_datetime_operator_3', 'example_branch_datetime_operator', 'example_branch_datetime_operator_2']) retrieved from /home/airflow/.local/lib/python3.8/site-packages/airflow/example_dags/example_branch_datetime_operator.py
[2023-12-15T21:11:02.528+0000] {logging_mixin.py:154} INFO - [2023-12-15T21:11:02.528+0000] {dag.py:2941} INFO - Sync 3 DAGs
[2023-12-15T21:11:02.603+0000] {logging_mixin.py:154} INFO - [2023-12-15T21:11:02.603+0000] {dag.py:3722} INFO - Setting next_dagrun for example_branch_datetime_operator to 2023-12-14T00:00:00+00:00, run_after=2023-12-15T00:00:00+00:00
[2023-12-15T21:11:02.613+0000] {logging_mixin.py:154} INFO - [2023-12-15T21:11:02.613+0000] {dag.py:3722} INFO - Setting next_dagrun for example_branch_datetime_operator_2 to 2023-12-14T00:00:00+00:00, run_after=2023-12-15T00:00:00+00:00
[2023-12-15T21:11:02.622+0000] {logging_mixin.py:154} INFO - [2023-12-15T21:11:02.622+0000] {dag.py:3722} INFO - Setting next_dagrun for example_branch_datetime_operator_3 to 2023-12-14T00:00:00+00:00, run_after=2023-12-15T00:00:00+00:00
[2023-12-15T21:11:02.673+0000] {processor.py:179} INFO - Processing /home/airflow/.local/lib/python3.8/site-packages/airflow/example_dags/example_branch_datetime_operator.py took 0.353 seconds
[2023-12-15T21:11:36.810+0000] {processor.py:157} INFO - Started process (PID=197) to work on /home/airflow/.local/lib/python3.8/site-packages/airflow/example_dags/example_branch_datetime_operator.py
[2023-12-15T21:11:36.830+0000] {processor.py:829} INFO - Processing file /home/airflow/.local/lib/python3.8/site-packages/airflow/example_dags/example_branch_datetime_operator.py for tasks to queue
[2023-12-15T21:11:36.848+0000] {logging_mixin.py:154} INFO - [2023-12-15T21:11:36.847+0000] {dagbag.py:536} INFO - Filling up the DagBag from /home/airflow/.local/lib/python3.8/site-packages/airflow/example_dags/example_branch_datetime_operator.py
[2023-12-15T21:11:36.931+0000] {processor.py:839} INFO - DAG(s) dict_keys(['example_branch_datetime_operator', 'example_branch_datetime_operator_3', 'example_branch_datetime_operator_2']) retrieved from /home/airflow/.local/lib/python3.8/site-packages/airflow/example_dags/example_branch_datetime_operator.py
[2023-12-15T21:11:37.090+0000] {logging_mixin.py:154} INFO - [2023-12-15T21:11:37.089+0000] {dag.py:2941} INFO - Sync 3 DAGs
[2023-12-15T21:11:37.201+0000] {logging_mixin.py:154} INFO - [2023-12-15T21:11:37.201+0000] {dag.py:3722} INFO - Setting next_dagrun for example_branch_datetime_operator to 2023-12-14T00:00:00+00:00, run_after=2023-12-15T00:00:00+00:00
[2023-12-15T21:11:37.215+0000] {logging_mixin.py:154} INFO - [2023-12-15T21:11:37.214+0000] {dag.py:3722} INFO - Setting next_dagrun for example_branch_datetime_operator_2 to 2023-12-14T00:00:00+00:00, run_after=2023-12-15T00:00:00+00:00
[2023-12-15T21:11:37.220+0000] {logging_mixin.py:154} INFO - [2023-12-15T21:11:37.219+0000] {dag.py:3722} INFO - Setting next_dagrun for example_branch_datetime_operator_3 to 2023-12-14T00:00:00+00:00, run_after=2023-12-15T00:00:00+00:00
[2023-12-15T21:11:37.277+0000] {processor.py:179} INFO - Processing /home/airflow/.local/lib/python3.8/site-packages/airflow/example_dags/example_branch_datetime_operator.py took 0.495 seconds
[2023-12-15T21:12:13.104+0000] {processor.py:157} INFO - Started process (PID=253) to work on /home/airflow/.local/lib/python3.8/site-packages/airflow/example_dags/example_branch_datetime_operator.py
[2023-12-15T21:12:13.120+0000] {processor.py:829} INFO - Processing file /home/airflow/.local/lib/python3.8/site-packages/airflow/example_dags/example_branch_datetime_operator.py for tasks to queue
[2023-12-15T21:12:13.129+0000] {logging_mixin.py:154} INFO - [2023-12-15T21:12:13.128+0000] {dagbag.py:536} INFO - Filling up the DagBag from /home/airflow/.local/lib/python3.8/site-packages/airflow/example_dags/example_branch_datetime_operator.py
[2023-12-15T21:12:13.894+0000] {processor.py:839} INFO - DAG(s) dict_keys(['example_branch_datetime_operator', 'example_branch_datetime_operator_2', 'example_branch_datetime_operator_3']) retrieved from /home/airflow/.local/lib/python3.8/site-packages/airflow/example_dags/example_branch_datetime_operator.py
[2023-12-15T21:12:15.067+0000] {logging_mixin.py:154} INFO - [2023-12-15T21:12:15.066+0000] {dag.py:2941} INFO - Sync 3 DAGs
[2023-12-15T21:12:17.058+0000] {logging_mixin.py:154} INFO - [2023-12-15T21:12:17.045+0000] {dag.py:3722} INFO - Setting next_dagrun for example_branch_datetime_operator to 2023-12-14T00:00:00+00:00, run_after=2023-12-15T00:00:00+00:00
[2023-12-15T21:12:17.221+0000] {logging_mixin.py:154} INFO - [2023-12-15T21:12:17.221+0000] {dag.py:3722} INFO - Setting next_dagrun for example_branch_datetime_operator_2 to 2023-12-14T00:00:00+00:00, run_after=2023-12-15T00:00:00+00:00
[2023-12-15T21:12:17.258+0000] {logging_mixin.py:154} INFO - [2023-12-15T21:12:17.257+0000] {dag.py:3722} INFO - Setting next_dagrun for example_branch_datetime_operator_3 to 2023-12-14T00:00:00+00:00, run_after=2023-12-15T00:00:00+00:00
[2023-12-15T21:12:17.447+0000] {processor.py:179} INFO - Processing /home/airflow/.local/lib/python3.8/site-packages/airflow/example_dags/example_branch_datetime_operator.py took 4.404 seconds
[2023-12-15T21:12:47.990+0000] {processor.py:157} INFO - Started process (PID=315) to work on /home/airflow/.local/lib/python3.8/site-packages/airflow/example_dags/example_branch_datetime_operator.py
[2023-12-15T21:12:47.994+0000] {processor.py:829} INFO - Processing file /home/airflow/.local/lib/python3.8/site-packages/airflow/example_dags/example_branch_datetime_operator.py for tasks to queue
[2023-12-15T21:12:48.048+0000] {logging_mixin.py:154} INFO - [2023-12-15T21:12:48.048+0000] {dagbag.py:536} INFO - Filling up the DagBag from /home/airflow/.local/lib/python3.8/site-packages/airflow/example_dags/example_branch_datetime_operator.py
[2023-12-15T21:12:48.103+0000] {processor.py:839} INFO - DAG(s) dict_keys(['example_branch_datetime_operator', 'example_branch_datetime_operator_3', 'example_branch_datetime_operator_2']) retrieved from /home/airflow/.local/lib/python3.8/site-packages/airflow/example_dags/example_branch_datetime_operator.py
[2023-12-15T21:12:48.404+0000] {logging_mixin.py:154} INFO - [2023-12-15T21:12:48.404+0000] {dag.py:2941} INFO - Sync 3 DAGs
[2023-12-15T21:12:48.761+0000] {logging_mixin.py:154} INFO - [2023-12-15T21:12:48.761+0000] {dag.py:3722} INFO - Setting next_dagrun for example_branch_datetime_operator to 2023-12-14T00:00:00+00:00, run_after=2023-12-15T00:00:00+00:00
[2023-12-15T21:12:48.845+0000] {logging_mixin.py:154} INFO - [2023-12-15T21:12:48.845+0000] {dag.py:3722} INFO - Setting next_dagrun for example_branch_datetime_operator_2 to 2023-12-14T00:00:00+00:00, run_after=2023-12-15T00:00:00+00:00
[2023-12-15T21:12:48.874+0000] {logging_mixin.py:154} INFO - [2023-12-15T21:12:48.872+0000] {dag.py:3722} INFO - Setting next_dagrun for example_branch_datetime_operator_3 to 2023-12-14T00:00:00+00:00, run_after=2023-12-15T00:00:00+00:00
[2023-12-15T21:12:49.031+0000] {processor.py:179} INFO - Processing /home/airflow/.local/lib/python3.8/site-packages/airflow/example_dags/example_branch_datetime_operator.py took 1.061 seconds
[2023-12-15T21:13:19.998+0000] {processor.py:157} INFO - Started process (PID=372) to work on /home/airflow/.local/lib/python3.8/site-packages/airflow/example_dags/example_branch_datetime_operator.py
[2023-12-15T21:13:20.002+0000] {processor.py:829} INFO - Processing file /home/airflow/.local/lib/python3.8/site-packages/airflow/example_dags/example_branch_datetime_operator.py for tasks to queue
[2023-12-15T21:13:20.014+0000] {logging_mixin.py:154} INFO - [2023-12-15T21:13:20.013+0000] {dagbag.py:536} INFO - Filling up the DagBag from /home/airflow/.local/lib/python3.8/site-packages/airflow/example_dags/example_branch_datetime_operator.py
[2023-12-15T21:13:20.058+0000] {processor.py:839} INFO - DAG(s) dict_keys(['example_branch_datetime_operator', 'example_branch_datetime_operator_3', 'example_branch_datetime_operator_2']) retrieved from /home/airflow/.local/lib/python3.8/site-packages/airflow/example_dags/example_branch_datetime_operator.py
[2023-12-15T21:13:20.207+0000] {logging_mixin.py:154} INFO - [2023-12-15T21:13:20.206+0000] {dag.py:2941} INFO - Sync 3 DAGs
[2023-12-15T21:13:20.292+0000] {logging_mixin.py:154} INFO - [2023-12-15T21:13:20.291+0000] {dag.py:3722} INFO - Setting next_dagrun for example_branch_datetime_operator to 2023-12-14T00:00:00+00:00, run_after=2023-12-15T00:00:00+00:00
[2023-12-15T21:13:20.311+0000] {logging_mixin.py:154} INFO - [2023-12-15T21:13:20.310+0000] {dag.py:3722} INFO - Setting next_dagrun for example_branch_datetime_operator_2 to 2023-12-14T00:00:00+00:00, run_after=2023-12-15T00:00:00+00:00
[2023-12-15T21:13:20.323+0000] {logging_mixin.py:154} INFO - [2023-12-15T21:13:20.322+0000] {dag.py:3722} INFO - Setting next_dagrun for example_branch_datetime_operator_3 to 2023-12-14T00:00:00+00:00, run_after=2023-12-15T00:00:00+00:00
[2023-12-15T21:13:20.388+0000] {processor.py:179} INFO - Processing /home/airflow/.local/lib/python3.8/site-packages/airflow/example_dags/example_branch_datetime_operator.py took 0.409 seconds
[2023-12-15T21:13:50.817+0000] {processor.py:157} INFO - Started process (PID=429) to work on /home/airflow/.local/lib/python3.8/site-packages/airflow/example_dags/example_branch_datetime_operator.py
[2023-12-15T21:13:50.821+0000] {processor.py:829} INFO - Processing file /home/airflow/.local/lib/python3.8/site-packages/airflow/example_dags/example_branch_datetime_operator.py for tasks to queue
[2023-12-15T21:13:50.831+0000] {logging_mixin.py:154} INFO - [2023-12-15T21:13:50.830+0000] {dagbag.py:536} INFO - Filling up the DagBag from /home/airflow/.local/lib/python3.8/site-packages/airflow/example_dags/example_branch_datetime_operator.py
[2023-12-15T21:13:50.885+0000] {processor.py:839} INFO - DAG(s) dict_keys(['example_branch_datetime_operator_2', 'example_branch_datetime_operator', 'example_branch_datetime_operator_3']) retrieved from /home/airflow/.local/lib/python3.8/site-packages/airflow/example_dags/example_branch_datetime_operator.py
[2023-12-15T21:13:50.993+0000] {logging_mixin.py:154} INFO - [2023-12-15T21:13:50.992+0000] {dag.py:2941} INFO - Sync 3 DAGs
[2023-12-15T21:13:51.118+0000] {logging_mixin.py:154} INFO - [2023-12-15T21:13:51.117+0000] {dag.py:3722} INFO - Setting next_dagrun for example_branch_datetime_operator to 2023-12-14T00:00:00+00:00, run_after=2023-12-15T00:00:00+00:00
[2023-12-15T21:13:51.140+0000] {logging_mixin.py:154} INFO - [2023-12-15T21:13:51.139+0000] {dag.py:3722} INFO - Setting next_dagrun for example_branch_datetime_operator_2 to 2023-12-14T00:00:00+00:00, run_after=2023-12-15T00:00:00+00:00
[2023-12-15T21:13:51.153+0000] {logging_mixin.py:154} INFO - [2023-12-15T21:13:51.153+0000] {dag.py:3722} INFO - Setting next_dagrun for example_branch_datetime_operator_3 to 2023-12-14T00:00:00+00:00, run_after=2023-12-15T00:00:00+00:00
[2023-12-15T21:13:51.213+0000] {processor.py:179} INFO - Processing /home/airflow/.local/lib/python3.8/site-packages/airflow/example_dags/example_branch_datetime_operator.py took 0.428 seconds
[2023-12-15T21:14:26.819+0000] {processor.py:157} INFO - Started process (PID=488) to work on /home/airflow/.local/lib/python3.8/site-packages/airflow/example_dags/example_branch_datetime_operator.py
[2023-12-15T21:14:26.824+0000] {processor.py:829} INFO - Processing file /home/airflow/.local/lib/python3.8/site-packages/airflow/example_dags/example_branch_datetime_operator.py for tasks to queue
[2023-12-15T21:14:26.833+0000] {logging_mixin.py:154} INFO - [2023-12-15T21:14:26.832+0000] {dagbag.py:536} INFO - Filling up the DagBag from /home/airflow/.local/lib/python3.8/site-packages/airflow/example_dags/example_branch_datetime_operator.py
[2023-12-15T21:14:26.870+0000] {processor.py:839} INFO - DAG(s) dict_keys(['example_branch_datetime_operator_2', 'example_branch_datetime_operator_3', 'example_branch_datetime_operator']) retrieved from /home/airflow/.local/lib/python3.8/site-packages/airflow/example_dags/example_branch_datetime_operator.py
[2023-12-15T21:14:27.044+0000] {logging_mixin.py:154} INFO - [2023-12-15T21:14:27.044+0000] {dag.py:2941} INFO - Sync 3 DAGs
[2023-12-15T21:14:27.168+0000] {logging_mixin.py:154} INFO - [2023-12-15T21:14:27.164+0000] {dag.py:3722} INFO - Setting next_dagrun for example_branch_datetime_operator to 2023-12-14T00:00:00+00:00, run_after=2023-12-15T00:00:00+00:00
[2023-12-15T21:14:27.222+0000] {logging_mixin.py:154} INFO - [2023-12-15T21:14:27.221+0000] {dag.py:3722} INFO - Setting next_dagrun for example_branch_datetime_operator_2 to 2023-12-14T00:00:00+00:00, run_after=2023-12-15T00:00:00+00:00
[2023-12-15T21:14:27.236+0000] {logging_mixin.py:154} INFO - [2023-12-15T21:14:27.236+0000] {dag.py:3722} INFO - Setting next_dagrun for example_branch_datetime_operator_3 to 2023-12-14T00:00:00+00:00, run_after=2023-12-15T00:00:00+00:00
[2023-12-15T21:14:27.302+0000] {processor.py:179} INFO - Processing /home/airflow/.local/lib/python3.8/site-packages/airflow/example_dags/example_branch_datetime_operator.py took 0.500 seconds
[2023-12-15T21:15:01.058+0000] {processor.py:157} INFO - Started process (PID=545) to work on /home/airflow/.local/lib/python3.8/site-packages/airflow/example_dags/example_branch_datetime_operator.py
[2023-12-15T21:15:01.068+0000] {processor.py:829} INFO - Processing file /home/airflow/.local/lib/python3.8/site-packages/airflow/example_dags/example_branch_datetime_operator.py for tasks to queue
[2023-12-15T21:15:01.073+0000] {logging_mixin.py:154} INFO - [2023-12-15T21:15:01.073+0000] {dagbag.py:536} INFO - Filling up the DagBag from /home/airflow/.local/lib/python3.8/site-packages/airflow/example_dags/example_branch_datetime_operator.py
[2023-12-15T21:15:01.107+0000] {processor.py:839} INFO - DAG(s) dict_keys(['example_branch_datetime_operator_3', 'example_branch_datetime_operator_2', 'example_branch_datetime_operator']) retrieved from /home/airflow/.local/lib/python3.8/site-packages/airflow/example_dags/example_branch_datetime_operator.py
[2023-12-15T21:15:01.205+0000] {logging_mixin.py:154} INFO - [2023-12-15T21:15:01.205+0000] {dag.py:2941} INFO - Sync 3 DAGs
[2023-12-15T21:15:01.378+0000] {logging_mixin.py:154} INFO - [2023-12-15T21:15:01.374+0000] {dag.py:3722} INFO - Setting next_dagrun for example_branch_datetime_operator to 2023-12-14T00:00:00+00:00, run_after=2023-12-15T00:00:00+00:00
[2023-12-15T21:15:01.411+0000] {logging_mixin.py:154} INFO - [2023-12-15T21:15:01.402+0000] {dag.py:3722} INFO - Setting next_dagrun for example_branch_datetime_operator_2 to 2023-12-14T00:00:00+00:00, run_after=2023-12-15T00:00:00+00:00
[2023-12-15T21:15:01.426+0000] {logging_mixin.py:154} INFO - [2023-12-15T21:15:01.425+0000] {dag.py:3722} INFO - Setting next_dagrun for example_branch_datetime_operator_3 to 2023-12-14T00:00:00+00:00, run_after=2023-12-15T00:00:00+00:00
[2023-12-15T21:15:01.530+0000] {processor.py:179} INFO - Processing /home/airflow/.local/lib/python3.8/site-packages/airflow/example_dags/example_branch_datetime_operator.py took 0.493 seconds
[2023-12-15T21:15:34.038+0000] {processor.py:157} INFO - Started process (PID=601) to work on /home/airflow/.local/lib/python3.8/site-packages/airflow/example_dags/example_branch_datetime_operator.py
[2023-12-15T21:15:34.042+0000] {processor.py:829} INFO - Processing file /home/airflow/.local/lib/python3.8/site-packages/airflow/example_dags/example_branch_datetime_operator.py for tasks to queue
[2023-12-15T21:15:34.053+0000] {logging_mixin.py:154} INFO - [2023-12-15T21:15:34.051+0000] {dagbag.py:536} INFO - Filling up the DagBag from /home/airflow/.local/lib/python3.8/site-packages/airflow/example_dags/example_branch_datetime_operator.py
[2023-12-15T21:15:34.097+0000] {processor.py:839} INFO - DAG(s) dict_keys(['example_branch_datetime_operator_3', 'example_branch_datetime_operator', 'example_branch_datetime_operator_2']) retrieved from /home/airflow/.local/lib/python3.8/site-packages/airflow/example_dags/example_branch_datetime_operator.py
[2023-12-15T21:15:34.344+0000] {logging_mixin.py:154} INFO - [2023-12-15T21:15:34.343+0000] {dag.py:2941} INFO - Sync 3 DAGs
[2023-12-15T21:15:34.693+0000] {logging_mixin.py:154} INFO - [2023-12-15T21:15:34.678+0000] {dag.py:3722} INFO - Setting next_dagrun for example_branch_datetime_operator to 2023-12-14T00:00:00+00:00, run_after=2023-12-15T00:00:00+00:00
[2023-12-15T21:15:34.750+0000] {logging_mixin.py:154} INFO - [2023-12-15T21:15:34.750+0000] {dag.py:3722} INFO - Setting next_dagrun for example_branch_datetime_operator_2 to 2023-12-14T00:00:00+00:00, run_after=2023-12-15T00:00:00+00:00
[2023-12-15T21:15:34.789+0000] {logging_mixin.py:154} INFO - [2023-12-15T21:15:34.788+0000] {dag.py:3722} INFO - Setting next_dagrun for example_branch_datetime_operator_3 to 2023-12-14T00:00:00+00:00, run_after=2023-12-15T00:00:00+00:00
[2023-12-15T21:15:34.927+0000] {processor.py:179} INFO - Processing /home/airflow/.local/lib/python3.8/site-packages/airflow/example_dags/example_branch_datetime_operator.py took 0.927 seconds
[2023-12-15T21:16:05.318+0000] {processor.py:157} INFO - Started process (PID=655) to work on /home/airflow/.local/lib/python3.8/site-packages/airflow/example_dags/example_branch_datetime_operator.py
[2023-12-15T21:16:05.320+0000] {processor.py:829} INFO - Processing file /home/airflow/.local/lib/python3.8/site-packages/airflow/example_dags/example_branch_datetime_operator.py for tasks to queue
[2023-12-15T21:16:05.325+0000] {logging_mixin.py:154} INFO - [2023-12-15T21:16:05.325+0000] {dagbag.py:536} INFO - Filling up the DagBag from /home/airflow/.local/lib/python3.8/site-packages/airflow/example_dags/example_branch_datetime_operator.py
[2023-12-15T21:16:05.365+0000] {processor.py:839} INFO - DAG(s) dict_keys(['example_branch_datetime_operator_3', 'example_branch_datetime_operator_2', 'example_branch_datetime_operator']) retrieved from /home/airflow/.local/lib/python3.8/site-packages/airflow/example_dags/example_branch_datetime_operator.py
[2023-12-15T21:16:05.451+0000] {logging_mixin.py:154} INFO - [2023-12-15T21:16:05.451+0000] {dag.py:2941} INFO - Sync 3 DAGs
[2023-12-15T21:16:05.500+0000] {logging_mixin.py:154} INFO - [2023-12-15T21:16:05.500+0000] {dag.py:3722} INFO - Setting next_dagrun for example_branch_datetime_operator to 2023-12-14T00:00:00+00:00, run_after=2023-12-15T00:00:00+00:00
[2023-12-15T21:16:05.532+0000] {logging_mixin.py:154} INFO - [2023-12-15T21:16:05.531+0000] {dag.py:3722} INFO - Setting next_dagrun for example_branch_datetime_operator_2 to 2023-12-14T00:00:00+00:00, run_after=2023-12-15T00:00:00+00:00
[2023-12-15T21:16:05.546+0000] {logging_mixin.py:154} INFO - [2023-12-15T21:16:05.544+0000] {dag.py:3722} INFO - Setting next_dagrun for example_branch_datetime_operator_3 to 2023-12-14T00:00:00+00:00, run_after=2023-12-15T00:00:00+00:00
[2023-12-15T21:16:05.598+0000] {processor.py:179} INFO - Processing /home/airflow/.local/lib/python3.8/site-packages/airflow/example_dags/example_branch_datetime_operator.py took 0.289 seconds
[2023-12-15T21:17:03.568+0000] {processor.py:157} INFO - Started process (PID=716) to work on /home/airflow/.local/lib/python3.8/site-packages/airflow/example_dags/example_branch_datetime_operator.py
[2023-12-15T21:17:03.575+0000] {processor.py:829} INFO - Processing file /home/airflow/.local/lib/python3.8/site-packages/airflow/example_dags/example_branch_datetime_operator.py for tasks to queue
[2023-12-15T21:17:03.645+0000] {logging_mixin.py:154} INFO - [2023-12-15T21:17:03.644+0000] {dagbag.py:536} INFO - Filling up the DagBag from /home/airflow/.local/lib/python3.8/site-packages/airflow/example_dags/example_branch_datetime_operator.py
[2023-12-15T21:17:03.762+0000] {processor.py:839} INFO - DAG(s) dict_keys(['example_branch_datetime_operator_2', 'example_branch_datetime_operator', 'example_branch_datetime_operator_3']) retrieved from /home/airflow/.local/lib/python3.8/site-packages/airflow/example_dags/example_branch_datetime_operator.py
[2023-12-15T21:17:03.858+0000] {logging_mixin.py:154} INFO - [2023-12-15T21:17:03.857+0000] {dag.py:2941} INFO - Sync 3 DAGs
[2023-12-15T21:17:04.097+0000] {logging_mixin.py:154} INFO - [2023-12-15T21:17:04.097+0000] {dag.py:3722} INFO - Setting next_dagrun for example_branch_datetime_operator to 2023-12-14T00:00:00+00:00, run_after=2023-12-15T00:00:00+00:00
[2023-12-15T21:17:04.210+0000] {logging_mixin.py:154} INFO - [2023-12-15T21:17:04.210+0000] {dag.py:3722} INFO - Setting next_dagrun for example_branch_datetime_operator_2 to 2023-12-14T00:00:00+00:00, run_after=2023-12-15T00:00:00+00:00
[2023-12-15T21:17:04.296+0000] {logging_mixin.py:154} INFO - [2023-12-15T21:17:04.287+0000] {dag.py:3722} INFO - Setting next_dagrun for example_branch_datetime_operator_3 to 2023-12-14T00:00:00+00:00, run_after=2023-12-15T00:00:00+00:00
[2023-12-15T21:17:04.437+0000] {processor.py:179} INFO - Processing /home/airflow/.local/lib/python3.8/site-packages/airflow/example_dags/example_branch_datetime_operator.py took 1.006 seconds
[2023-12-15T21:17:35.640+0000] {processor.py:157} INFO - Started process (PID=772) to work on /home/airflow/.local/lib/python3.8/site-packages/airflow/example_dags/example_branch_datetime_operator.py
[2023-12-15T21:17:35.643+0000] {processor.py:829} INFO - Processing file /home/airflow/.local/lib/python3.8/site-packages/airflow/example_dags/example_branch_datetime_operator.py for tasks to queue
[2023-12-15T21:17:35.648+0000] {logging_mixin.py:154} INFO - [2023-12-15T21:17:35.647+0000] {dagbag.py:536} INFO - Filling up the DagBag from /home/airflow/.local/lib/python3.8/site-packages/airflow/example_dags/example_branch_datetime_operator.py
[2023-12-15T21:17:35.685+0000] {processor.py:839} INFO - DAG(s) dict_keys(['example_branch_datetime_operator', 'example_branch_datetime_operator_3', 'example_branch_datetime_operator_2']) retrieved from /home/airflow/.local/lib/python3.8/site-packages/airflow/example_dags/example_branch_datetime_operator.py
[2023-12-15T21:17:36.138+0000] {logging_mixin.py:154} INFO - [2023-12-15T21:17:36.137+0000] {dag.py:2941} INFO - Sync 3 DAGs
[2023-12-15T21:17:36.578+0000] {logging_mixin.py:154} INFO - [2023-12-15T21:17:36.578+0000] {dag.py:3722} INFO - Setting next_dagrun for example_branch_datetime_operator to 2023-12-14T00:00:00+00:00, run_after=2023-12-15T00:00:00+00:00
[2023-12-15T21:17:36.717+0000] {logging_mixin.py:154} INFO - [2023-12-15T21:17:36.716+0000] {dag.py:3722} INFO - Setting next_dagrun for example_branch_datetime_operator_2 to 2023-12-14T00:00:00+00:00, run_after=2023-12-15T00:00:00+00:00
[2023-12-15T21:17:36.762+0000] {logging_mixin.py:154} INFO - [2023-12-15T21:17:36.761+0000] {dag.py:3722} INFO - Setting next_dagrun for example_branch_datetime_operator_3 to 2023-12-14T00:00:00+00:00, run_after=2023-12-15T00:00:00+00:00
[2023-12-15T21:17:37.063+0000] {processor.py:179} INFO - Processing /home/airflow/.local/lib/python3.8/site-packages/airflow/example_dags/example_branch_datetime_operator.py took 1.445 seconds
[2023-12-15T21:28:18.329+0000] {processor.py:157} INFO - Started process (PID=91) to work on /home/airflow/.local/lib/python3.8/site-packages/airflow/example_dags/example_branch_datetime_operator.py
[2023-12-15T21:28:18.346+0000] {processor.py:829} INFO - Processing file /home/airflow/.local/lib/python3.8/site-packages/airflow/example_dags/example_branch_datetime_operator.py for tasks to queue
[2023-12-15T21:28:18.365+0000] {logging_mixin.py:154} INFO - [2023-12-15T21:28:18.364+0000] {dagbag.py:536} INFO - Filling up the DagBag from /home/airflow/.local/lib/python3.8/site-packages/airflow/example_dags/example_branch_datetime_operator.py
[2023-12-15T21:28:18.595+0000] {processor.py:839} INFO - DAG(s) dict_keys(['example_branch_datetime_operator_2', 'example_branch_datetime_operator', 'example_branch_datetime_operator_3']) retrieved from /home/airflow/.local/lib/python3.8/site-packages/airflow/example_dags/example_branch_datetime_operator.py
[2023-12-15T21:28:19.012+0000] {logging_mixin.py:154} INFO - [2023-12-15T21:28:19.012+0000] {dag.py:2941} INFO - Sync 3 DAGs
[2023-12-15T21:28:19.509+0000] {logging_mixin.py:154} INFO - [2023-12-15T21:28:19.509+0000] {dag.py:3722} INFO - Setting next_dagrun for example_branch_datetime_operator to 2023-12-14T00:00:00+00:00, run_after=2023-12-15T00:00:00+00:00
[2023-12-15T21:28:19.562+0000] {logging_mixin.py:154} INFO - [2023-12-15T21:28:19.562+0000] {dag.py:3722} INFO - Setting next_dagrun for example_branch_datetime_operator_2 to 2023-12-14T00:00:00+00:00, run_after=2023-12-15T00:00:00+00:00
[2023-12-15T21:28:19.603+0000] {logging_mixin.py:154} INFO - [2023-12-15T21:28:19.595+0000] {dag.py:3722} INFO - Setting next_dagrun for example_branch_datetime_operator_3 to 2023-12-14T00:00:00+00:00, run_after=2023-12-15T00:00:00+00:00
[2023-12-15T21:28:19.773+0000] {processor.py:179} INFO - Processing /home/airflow/.local/lib/python3.8/site-packages/airflow/example_dags/example_branch_datetime_operator.py took 1.497 seconds
[2023-12-15T21:29:22.903+0000] {processor.py:157} INFO - Started process (PID=154) to work on /home/airflow/.local/lib/python3.8/site-packages/airflow/example_dags/example_branch_datetime_operator.py
[2023-12-15T21:29:22.920+0000] {processor.py:829} INFO - Processing file /home/airflow/.local/lib/python3.8/site-packages/airflow/example_dags/example_branch_datetime_operator.py for tasks to queue
[2023-12-15T21:29:23.055+0000] {logging_mixin.py:154} INFO - [2023-12-15T21:29:23.054+0000] {dagbag.py:536} INFO - Filling up the DagBag from /home/airflow/.local/lib/python3.8/site-packages/airflow/example_dags/example_branch_datetime_operator.py
[2023-12-15T21:29:23.431+0000] {processor.py:839} INFO - DAG(s) dict_keys(['example_branch_datetime_operator', 'example_branch_datetime_operator_3', 'example_branch_datetime_operator_2']) retrieved from /home/airflow/.local/lib/python3.8/site-packages/airflow/example_dags/example_branch_datetime_operator.py
[2023-12-15T21:29:23.787+0000] {logging_mixin.py:154} INFO - [2023-12-15T21:29:23.786+0000] {dag.py:2941} INFO - Sync 3 DAGs
[2023-12-15T21:29:24.118+0000] {logging_mixin.py:154} INFO - [2023-12-15T21:29:24.117+0000] {dag.py:3722} INFO - Setting next_dagrun for example_branch_datetime_operator to 2023-12-14T00:00:00+00:00, run_after=2023-12-15T00:00:00+00:00
[2023-12-15T21:29:24.234+0000] {logging_mixin.py:154} INFO - [2023-12-15T21:29:24.207+0000] {dag.py:3722} INFO - Setting next_dagrun for example_branch_datetime_operator_2 to 2023-12-14T00:00:00+00:00, run_after=2023-12-15T00:00:00+00:00
[2023-12-15T21:29:24.271+0000] {logging_mixin.py:154} INFO - [2023-12-15T21:29:24.271+0000] {dag.py:3722} INFO - Setting next_dagrun for example_branch_datetime_operator_3 to 2023-12-14T00:00:00+00:00, run_after=2023-12-15T00:00:00+00:00
[2023-12-15T21:29:24.470+0000] {processor.py:179} INFO - Processing /home/airflow/.local/lib/python3.8/site-packages/airflow/example_dags/example_branch_datetime_operator.py took 1.587 seconds
[2023-12-15T21:30:13.878+0000] {processor.py:157} INFO - Started process (PID=218) to work on /home/airflow/.local/lib/python3.8/site-packages/airflow/example_dags/example_branch_datetime_operator.py
[2023-12-15T21:30:13.885+0000] {processor.py:829} INFO - Processing file /home/airflow/.local/lib/python3.8/site-packages/airflow/example_dags/example_branch_datetime_operator.py for tasks to queue
[2023-12-15T21:30:13.929+0000] {logging_mixin.py:154} INFO - [2023-12-15T21:30:13.928+0000] {dagbag.py:536} INFO - Filling up the DagBag from /home/airflow/.local/lib/python3.8/site-packages/airflow/example_dags/example_branch_datetime_operator.py
[2023-12-15T21:30:14.270+0000] {processor.py:839} INFO - DAG(s) dict_keys(['example_branch_datetime_operator_2', 'example_branch_datetime_operator', 'example_branch_datetime_operator_3']) retrieved from /home/airflow/.local/lib/python3.8/site-packages/airflow/example_dags/example_branch_datetime_operator.py
[2023-12-15T21:30:15.196+0000] {logging_mixin.py:154} INFO - [2023-12-15T21:30:15.196+0000] {dag.py:2941} INFO - Sync 3 DAGs
[2023-12-15T21:30:16.246+0000] {logging_mixin.py:154} INFO - [2023-12-15T21:30:16.246+0000] {dag.py:3722} INFO - Setting next_dagrun for example_branch_datetime_operator to 2023-12-14T00:00:00+00:00, run_after=2023-12-15T00:00:00+00:00
[2023-12-15T21:30:16.496+0000] {logging_mixin.py:154} INFO - [2023-12-15T21:30:16.482+0000] {dag.py:3722} INFO - Setting next_dagrun for example_branch_datetime_operator_2 to 2023-12-14T00:00:00+00:00, run_after=2023-12-15T00:00:00+00:00
[2023-12-15T21:30:16.534+0000] {logging_mixin.py:154} INFO - [2023-12-15T21:30:16.533+0000] {dag.py:3722} INFO - Setting next_dagrun for example_branch_datetime_operator_3 to 2023-12-14T00:00:00+00:00, run_after=2023-12-15T00:00:00+00:00
[2023-12-15T21:30:16.895+0000] {processor.py:179} INFO - Processing /home/airflow/.local/lib/python3.8/site-packages/airflow/example_dags/example_branch_datetime_operator.py took 3.065 seconds
[2023-12-15T21:35:38.317+0000] {processor.py:157} INFO - Started process (PID=78) to work on /home/airflow/.local/lib/python3.8/site-packages/airflow/example_dags/example_branch_datetime_operator.py
[2023-12-15T21:35:38.335+0000] {processor.py:829} INFO - Processing file /home/airflow/.local/lib/python3.8/site-packages/airflow/example_dags/example_branch_datetime_operator.py for tasks to queue
[2023-12-15T21:35:38.339+0000] {logging_mixin.py:154} INFO - [2023-12-15T21:35:38.339+0000] {dagbag.py:536} INFO - Filling up the DagBag from /home/airflow/.local/lib/python3.8/site-packages/airflow/example_dags/example_branch_datetime_operator.py
[2023-12-15T21:35:38.401+0000] {processor.py:839} INFO - DAG(s) dict_keys(['example_branch_datetime_operator_2', 'example_branch_datetime_operator_3', 'example_branch_datetime_operator']) retrieved from /home/airflow/.local/lib/python3.8/site-packages/airflow/example_dags/example_branch_datetime_operator.py
[2023-12-15T21:35:38.761+0000] {logging_mixin.py:154} INFO - [2023-12-15T21:35:38.761+0000] {dag.py:2941} INFO - Sync 3 DAGs
[2023-12-15T21:35:39.178+0000] {logging_mixin.py:154} INFO - [2023-12-15T21:35:39.177+0000] {dag.py:3722} INFO - Setting next_dagrun for example_branch_datetime_operator to 2023-12-14T00:00:00+00:00, run_after=2023-12-15T00:00:00+00:00
[2023-12-15T21:35:39.270+0000] {logging_mixin.py:154} INFO - [2023-12-15T21:35:39.269+0000] {dag.py:3722} INFO - Setting next_dagrun for example_branch_datetime_operator_2 to 2023-12-14T00:00:00+00:00, run_after=2023-12-15T00:00:00+00:00
[2023-12-15T21:35:39.377+0000] {logging_mixin.py:154} INFO - [2023-12-15T21:35:39.377+0000] {dag.py:3722} INFO - Setting next_dagrun for example_branch_datetime_operator_3 to 2023-12-14T00:00:00+00:00, run_after=2023-12-15T00:00:00+00:00
[2023-12-15T21:35:39.537+0000] {processor.py:179} INFO - Processing /home/airflow/.local/lib/python3.8/site-packages/airflow/example_dags/example_branch_datetime_operator.py took 1.241 seconds
[2023-12-15T21:36:19.306+0000] {processor.py:157} INFO - Started process (PID=133) to work on /home/airflow/.local/lib/python3.8/site-packages/airflow/example_dags/example_branch_datetime_operator.py
[2023-12-15T21:36:19.322+0000] {processor.py:829} INFO - Processing file /home/airflow/.local/lib/python3.8/site-packages/airflow/example_dags/example_branch_datetime_operator.py for tasks to queue
[2023-12-15T21:36:19.347+0000] {logging_mixin.py:154} INFO - [2023-12-15T21:36:19.345+0000] {dagbag.py:536} INFO - Filling up the DagBag from /home/airflow/.local/lib/python3.8/site-packages/airflow/example_dags/example_branch_datetime_operator.py
[2023-12-15T21:36:19.508+0000] {processor.py:839} INFO - DAG(s) dict_keys(['example_branch_datetime_operator_3', 'example_branch_datetime_operator_2', 'example_branch_datetime_operator']) retrieved from /home/airflow/.local/lib/python3.8/site-packages/airflow/example_dags/example_branch_datetime_operator.py
[2023-12-15T21:36:19.786+0000] {logging_mixin.py:154} INFO - [2023-12-15T21:36:19.785+0000] {dag.py:2941} INFO - Sync 3 DAGs
[2023-12-15T21:36:19.954+0000] {logging_mixin.py:154} INFO - [2023-12-15T21:36:19.954+0000] {dag.py:3722} INFO - Setting next_dagrun for example_branch_datetime_operator to 2023-12-14T00:00:00+00:00, run_after=2023-12-15T00:00:00+00:00
[2023-12-15T21:36:20.039+0000] {logging_mixin.py:154} INFO - [2023-12-15T21:36:20.027+0000] {dag.py:3722} INFO - Setting next_dagrun for example_branch_datetime_operator_2 to 2023-12-14T00:00:00+00:00, run_after=2023-12-15T00:00:00+00:00
[2023-12-15T21:36:20.062+0000] {logging_mixin.py:154} INFO - [2023-12-15T21:36:20.062+0000] {dag.py:3722} INFO - Setting next_dagrun for example_branch_datetime_operator_3 to 2023-12-14T00:00:00+00:00, run_after=2023-12-15T00:00:00+00:00
[2023-12-15T21:36:20.281+0000] {processor.py:179} INFO - Processing /home/airflow/.local/lib/python3.8/site-packages/airflow/example_dags/example_branch_datetime_operator.py took 1.006 seconds
[2023-12-15T21:36:53.433+0000] {processor.py:157} INFO - Started process (PID=189) to work on /home/airflow/.local/lib/python3.8/site-packages/airflow/example_dags/example_branch_datetime_operator.py
[2023-12-15T21:36:53.436+0000] {processor.py:829} INFO - Processing file /home/airflow/.local/lib/python3.8/site-packages/airflow/example_dags/example_branch_datetime_operator.py for tasks to queue
[2023-12-15T21:36:53.445+0000] {logging_mixin.py:154} INFO - [2023-12-15T21:36:53.443+0000] {dagbag.py:536} INFO - Filling up the DagBag from /home/airflow/.local/lib/python3.8/site-packages/airflow/example_dags/example_branch_datetime_operator.py
[2023-12-15T21:36:53.480+0000] {processor.py:839} INFO - DAG(s) dict_keys(['example_branch_datetime_operator', 'example_branch_datetime_operator_3', 'example_branch_datetime_operator_2']) retrieved from /home/airflow/.local/lib/python3.8/site-packages/airflow/example_dags/example_branch_datetime_operator.py
[2023-12-15T21:36:53.569+0000] {logging_mixin.py:154} INFO - [2023-12-15T21:36:53.569+0000] {dag.py:2941} INFO - Sync 3 DAGs
[2023-12-15T21:36:53.662+0000] {logging_mixin.py:154} INFO - [2023-12-15T21:36:53.659+0000] {dag.py:3722} INFO - Setting next_dagrun for example_branch_datetime_operator to 2023-12-14T00:00:00+00:00, run_after=2023-12-15T00:00:00+00:00
[2023-12-15T21:36:53.685+0000] {logging_mixin.py:154} INFO - [2023-12-15T21:36:53.684+0000] {dag.py:3722} INFO - Setting next_dagrun for example_branch_datetime_operator_2 to 2023-12-14T00:00:00+00:00, run_after=2023-12-15T00:00:00+00:00
[2023-12-15T21:36:53.700+0000] {logging_mixin.py:154} INFO - [2023-12-15T21:36:53.699+0000] {dag.py:3722} INFO - Setting next_dagrun for example_branch_datetime_operator_3 to 2023-12-14T00:00:00+00:00, run_after=2023-12-15T00:00:00+00:00
[2023-12-15T21:36:53.785+0000] {processor.py:179} INFO - Processing /home/airflow/.local/lib/python3.8/site-packages/airflow/example_dags/example_branch_datetime_operator.py took 0.361 seconds
[2023-12-15T21:37:27.160+0000] {processor.py:157} INFO - Started process (PID=245) to work on /home/airflow/.local/lib/python3.8/site-packages/airflow/example_dags/example_branch_datetime_operator.py
[2023-12-15T21:37:27.164+0000] {processor.py:829} INFO - Processing file /home/airflow/.local/lib/python3.8/site-packages/airflow/example_dags/example_branch_datetime_operator.py for tasks to queue
[2023-12-15T21:37:27.175+0000] {logging_mixin.py:154} INFO - [2023-12-15T21:37:27.174+0000] {dagbag.py:536} INFO - Filling up the DagBag from /home/airflow/.local/lib/python3.8/site-packages/airflow/example_dags/example_branch_datetime_operator.py
[2023-12-15T21:37:27.217+0000] {processor.py:839} INFO - DAG(s) dict_keys(['example_branch_datetime_operator', 'example_branch_datetime_operator_3', 'example_branch_datetime_operator_2']) retrieved from /home/airflow/.local/lib/python3.8/site-packages/airflow/example_dags/example_branch_datetime_operator.py
[2023-12-15T21:37:27.325+0000] {logging_mixin.py:154} INFO - [2023-12-15T21:37:27.325+0000] {dag.py:2941} INFO - Sync 3 DAGs
[2023-12-15T21:37:27.419+0000] {logging_mixin.py:154} INFO - [2023-12-15T21:37:27.418+0000] {dag.py:3722} INFO - Setting next_dagrun for example_branch_datetime_operator to 2023-12-14T00:00:00+00:00, run_after=2023-12-15T00:00:00+00:00
[2023-12-15T21:37:27.431+0000] {logging_mixin.py:154} INFO - [2023-12-15T21:37:27.430+0000] {dag.py:3722} INFO - Setting next_dagrun for example_branch_datetime_operator_2 to 2023-12-14T00:00:00+00:00, run_after=2023-12-15T00:00:00+00:00
[2023-12-15T21:37:27.442+0000] {logging_mixin.py:154} INFO - [2023-12-15T21:37:27.442+0000] {dag.py:3722} INFO - Setting next_dagrun for example_branch_datetime_operator_3 to 2023-12-14T00:00:00+00:00, run_after=2023-12-15T00:00:00+00:00
[2023-12-15T21:37:27.505+0000] {processor.py:179} INFO - Processing /home/airflow/.local/lib/python3.8/site-packages/airflow/example_dags/example_branch_datetime_operator.py took 0.355 seconds
[2023-12-15T21:38:14.958+0000] {processor.py:157} INFO - Started process (PID=300) to work on /home/airflow/.local/lib/python3.8/site-packages/airflow/example_dags/example_branch_datetime_operator.py
[2023-12-15T21:38:14.963+0000] {processor.py:829} INFO - Processing file /home/airflow/.local/lib/python3.8/site-packages/airflow/example_dags/example_branch_datetime_operator.py for tasks to queue
[2023-12-15T21:38:14.971+0000] {logging_mixin.py:154} INFO - [2023-12-15T21:38:14.970+0000] {dagbag.py:536} INFO - Filling up the DagBag from /home/airflow/.local/lib/python3.8/site-packages/airflow/example_dags/example_branch_datetime_operator.py
[2023-12-15T21:38:15.016+0000] {processor.py:839} INFO - DAG(s) dict_keys(['example_branch_datetime_operator_2', 'example_branch_datetime_operator', 'example_branch_datetime_operator_3']) retrieved from /home/airflow/.local/lib/python3.8/site-packages/airflow/example_dags/example_branch_datetime_operator.py
[2023-12-15T21:38:15.119+0000] {logging_mixin.py:154} INFO - [2023-12-15T21:38:15.119+0000] {dag.py:2941} INFO - Sync 3 DAGs
[2023-12-15T21:38:15.198+0000] {logging_mixin.py:154} INFO - [2023-12-15T21:38:15.197+0000] {dag.py:3722} INFO - Setting next_dagrun for example_branch_datetime_operator to 2023-12-14T00:00:00+00:00, run_after=2023-12-15T00:00:00+00:00
[2023-12-15T21:38:15.216+0000] {logging_mixin.py:154} INFO - [2023-12-15T21:38:15.215+0000] {dag.py:3722} INFO - Setting next_dagrun for example_branch_datetime_operator_2 to 2023-12-14T00:00:00+00:00, run_after=2023-12-15T00:00:00+00:00
[2023-12-15T21:38:15.229+0000] {logging_mixin.py:154} INFO - [2023-12-15T21:38:15.229+0000] {dag.py:3722} INFO - Setting next_dagrun for example_branch_datetime_operator_3 to 2023-12-14T00:00:00+00:00, run_after=2023-12-15T00:00:00+00:00
[2023-12-15T21:38:15.281+0000] {processor.py:179} INFO - Processing /home/airflow/.local/lib/python3.8/site-packages/airflow/example_dags/example_branch_datetime_operator.py took 0.340 seconds
[2023-12-15T21:38:54.900+0000] {processor.py:157} INFO - Started process (PID=363) to work on /home/airflow/.local/lib/python3.8/site-packages/airflow/example_dags/example_branch_datetime_operator.py
[2023-12-15T21:38:54.917+0000] {processor.py:829} INFO - Processing file /home/airflow/.local/lib/python3.8/site-packages/airflow/example_dags/example_branch_datetime_operator.py for tasks to queue
[2023-12-15T21:38:54.937+0000] {logging_mixin.py:154} INFO - [2023-12-15T21:38:54.936+0000] {dagbag.py:536} INFO - Filling up the DagBag from /home/airflow/.local/lib/python3.8/site-packages/airflow/example_dags/example_branch_datetime_operator.py
[2023-12-15T21:38:55.046+0000] {processor.py:839} INFO - DAG(s) dict_keys(['example_branch_datetime_operator', 'example_branch_datetime_operator_3', 'example_branch_datetime_operator_2']) retrieved from /home/airflow/.local/lib/python3.8/site-packages/airflow/example_dags/example_branch_datetime_operator.py
[2023-12-15T21:38:55.540+0000] {logging_mixin.py:154} INFO - [2023-12-15T21:38:55.540+0000] {dag.py:2941} INFO - Sync 3 DAGs
[2023-12-15T21:38:55.922+0000] {logging_mixin.py:154} INFO - [2023-12-15T21:38:55.921+0000] {dag.py:3722} INFO - Setting next_dagrun for example_branch_datetime_operator to 2023-12-14T00:00:00+00:00, run_after=2023-12-15T00:00:00+00:00
[2023-12-15T21:38:55.936+0000] {logging_mixin.py:154} INFO - [2023-12-15T21:38:55.935+0000] {dag.py:3722} INFO - Setting next_dagrun for example_branch_datetime_operator_2 to 2023-12-14T00:00:00+00:00, run_after=2023-12-15T00:00:00+00:00
[2023-12-15T21:38:55.947+0000] {logging_mixin.py:154} INFO - [2023-12-15T21:38:55.947+0000] {dag.py:3722} INFO - Setting next_dagrun for example_branch_datetime_operator_3 to 2023-12-14T00:00:00+00:00, run_after=2023-12-15T00:00:00+00:00
[2023-12-15T21:38:56.072+0000] {processor.py:179} INFO - Processing /home/airflow/.local/lib/python3.8/site-packages/airflow/example_dags/example_branch_datetime_operator.py took 1.232 seconds
[2023-12-15T21:39:38.906+0000] {processor.py:157} INFO - Started process (PID=419) to work on /home/airflow/.local/lib/python3.8/site-packages/airflow/example_dags/example_branch_datetime_operator.py
[2023-12-15T21:39:38.909+0000] {processor.py:829} INFO - Processing file /home/airflow/.local/lib/python3.8/site-packages/airflow/example_dags/example_branch_datetime_operator.py for tasks to queue
[2023-12-15T21:39:38.916+0000] {logging_mixin.py:154} INFO - [2023-12-15T21:39:38.915+0000] {dagbag.py:536} INFO - Filling up the DagBag from /home/airflow/.local/lib/python3.8/site-packages/airflow/example_dags/example_branch_datetime_operator.py
[2023-12-15T21:39:38.984+0000] {processor.py:839} INFO - DAG(s) dict_keys(['example_branch_datetime_operator', 'example_branch_datetime_operator_3', 'example_branch_datetime_operator_2']) retrieved from /home/airflow/.local/lib/python3.8/site-packages/airflow/example_dags/example_branch_datetime_operator.py
[2023-12-15T21:39:39.350+0000] {logging_mixin.py:154} INFO - [2023-12-15T21:39:39.349+0000] {dag.py:2941} INFO - Sync 3 DAGs
[2023-12-15T21:39:39.683+0000] {logging_mixin.py:154} INFO - [2023-12-15T21:39:39.682+0000] {dag.py:3722} INFO - Setting next_dagrun for example_branch_datetime_operator to 2023-12-14T00:00:00+00:00, run_after=2023-12-15T00:00:00+00:00
[2023-12-15T21:39:39.734+0000] {logging_mixin.py:154} INFO - [2023-12-15T21:39:39.733+0000] {dag.py:3722} INFO - Setting next_dagrun for example_branch_datetime_operator_2 to 2023-12-14T00:00:00+00:00, run_after=2023-12-15T00:00:00+00:00
[2023-12-15T21:39:39.759+0000] {logging_mixin.py:154} INFO - [2023-12-15T21:39:39.758+0000] {dag.py:3722} INFO - Setting next_dagrun for example_branch_datetime_operator_3 to 2023-12-14T00:00:00+00:00, run_after=2023-12-15T00:00:00+00:00
[2023-12-15T21:39:39.990+0000] {processor.py:179} INFO - Processing /home/airflow/.local/lib/python3.8/site-packages/airflow/example_dags/example_branch_datetime_operator.py took 1.097 seconds
[2023-12-15T21:40:11.346+0000] {processor.py:157} INFO - Started process (PID=475) to work on /home/airflow/.local/lib/python3.8/site-packages/airflow/example_dags/example_branch_datetime_operator.py
[2023-12-15T21:40:11.349+0000] {processor.py:829} INFO - Processing file /home/airflow/.local/lib/python3.8/site-packages/airflow/example_dags/example_branch_datetime_operator.py for tasks to queue
[2023-12-15T21:40:11.356+0000] {logging_mixin.py:154} INFO - [2023-12-15T21:40:11.355+0000] {dagbag.py:536} INFO - Filling up the DagBag from /home/airflow/.local/lib/python3.8/site-packages/airflow/example_dags/example_branch_datetime_operator.py
[2023-12-15T21:40:11.396+0000] {processor.py:839} INFO - DAG(s) dict_keys(['example_branch_datetime_operator_3', 'example_branch_datetime_operator_2', 'example_branch_datetime_operator']) retrieved from /home/airflow/.local/lib/python3.8/site-packages/airflow/example_dags/example_branch_datetime_operator.py
[2023-12-15T21:40:11.499+0000] {logging_mixin.py:154} INFO - [2023-12-15T21:40:11.499+0000] {dag.py:2941} INFO - Sync 3 DAGs
[2023-12-15T21:40:11.595+0000] {logging_mixin.py:154} INFO - [2023-12-15T21:40:11.595+0000] {dag.py:3722} INFO - Setting next_dagrun for example_branch_datetime_operator to 2023-12-14T00:00:00+00:00, run_after=2023-12-15T00:00:00+00:00
[2023-12-15T21:40:11.613+0000] {logging_mixin.py:154} INFO - [2023-12-15T21:40:11.612+0000] {dag.py:3722} INFO - Setting next_dagrun for example_branch_datetime_operator_2 to 2023-12-14T00:00:00+00:00, run_after=2023-12-15T00:00:00+00:00
[2023-12-15T21:40:11.623+0000] {logging_mixin.py:154} INFO - [2023-12-15T21:40:11.623+0000] {dag.py:3722} INFO - Setting next_dagrun for example_branch_datetime_operator_3 to 2023-12-14T00:00:00+00:00, run_after=2023-12-15T00:00:00+00:00
[2023-12-15T21:40:11.675+0000] {processor.py:179} INFO - Processing /home/airflow/.local/lib/python3.8/site-packages/airflow/example_dags/example_branch_datetime_operator.py took 0.338 seconds
[2023-12-15T21:45:55.131+0000] {processor.py:157} INFO - Started process (PID=86) to work on /home/airflow/.local/lib/python3.8/site-packages/airflow/example_dags/example_branch_datetime_operator.py
[2023-12-15T21:45:55.228+0000] {processor.py:829} INFO - Processing file /home/airflow/.local/lib/python3.8/site-packages/airflow/example_dags/example_branch_datetime_operator.py for tasks to queue
[2023-12-15T21:45:55.273+0000] {logging_mixin.py:154} INFO - [2023-12-15T21:45:55.272+0000] {dagbag.py:536} INFO - Filling up the DagBag from /home/airflow/.local/lib/python3.8/site-packages/airflow/example_dags/example_branch_datetime_operator.py
[2023-12-15T21:45:55.918+0000] {processor.py:839} INFO - DAG(s) dict_keys(['example_branch_datetime_operator_2', 'example_branch_datetime_operator_3', 'example_branch_datetime_operator']) retrieved from /home/airflow/.local/lib/python3.8/site-packages/airflow/example_dags/example_branch_datetime_operator.py
[2023-12-15T21:45:58.511+0000] {logging_mixin.py:154} INFO - [2023-12-15T21:45:58.511+0000] {dag.py:2941} INFO - Sync 3 DAGs
[2023-12-15T21:45:59.385+0000] {logging_mixin.py:154} INFO - [2023-12-15T21:45:59.385+0000] {dag.py:3722} INFO - Setting next_dagrun for example_branch_datetime_operator to 2023-12-14T00:00:00+00:00, run_after=2023-12-15T00:00:00+00:00
[2023-12-15T21:45:59.764+0000] {logging_mixin.py:154} INFO - [2023-12-15T21:45:59.683+0000] {dag.py:3722} INFO - Setting next_dagrun for example_branch_datetime_operator_2 to 2023-12-14T00:00:00+00:00, run_after=2023-12-15T00:00:00+00:00
[2023-12-15T21:45:59.891+0000] {logging_mixin.py:154} INFO - [2023-12-15T21:45:59.890+0000] {dag.py:3722} INFO - Setting next_dagrun for example_branch_datetime_operator_3 to 2023-12-14T00:00:00+00:00, run_after=2023-12-15T00:00:00+00:00
[2023-12-15T21:46:00.169+0000] {processor.py:179} INFO - Processing /home/airflow/.local/lib/python3.8/site-packages/airflow/example_dags/example_branch_datetime_operator.py took 5.106 seconds
[2023-12-15T21:47:32.931+0000] {processor.py:157} INFO - Started process (PID=156) to work on /home/airflow/.local/lib/python3.8/site-packages/airflow/example_dags/example_branch_datetime_operator.py
[2023-12-15T21:47:32.961+0000] {processor.py:829} INFO - Processing file /home/airflow/.local/lib/python3.8/site-packages/airflow/example_dags/example_branch_datetime_operator.py for tasks to queue
[2023-12-15T21:47:33.009+0000] {logging_mixin.py:154} INFO - [2023-12-15T21:47:32.991+0000] {dagbag.py:536} INFO - Filling up the DagBag from /home/airflow/.local/lib/python3.8/site-packages/airflow/example_dags/example_branch_datetime_operator.py
[2023-12-15T21:47:33.329+0000] {processor.py:839} INFO - DAG(s) dict_keys(['example_branch_datetime_operator', 'example_branch_datetime_operator_2', 'example_branch_datetime_operator_3']) retrieved from /home/airflow/.local/lib/python3.8/site-packages/airflow/example_dags/example_branch_datetime_operator.py
[2023-12-15T21:47:33.799+0000] {logging_mixin.py:154} INFO - [2023-12-15T21:47:33.798+0000] {dag.py:2941} INFO - Sync 3 DAGs
[2023-12-15T21:47:34.155+0000] {logging_mixin.py:154} INFO - [2023-12-15T21:47:34.151+0000] {dag.py:3722} INFO - Setting next_dagrun for example_branch_datetime_operator to 2023-12-14T00:00:00+00:00, run_after=2023-12-15T00:00:00+00:00
[2023-12-15T21:47:34.241+0000] {logging_mixin.py:154} INFO - [2023-12-15T21:47:34.240+0000] {dag.py:3722} INFO - Setting next_dagrun for example_branch_datetime_operator_2 to 2023-12-14T00:00:00+00:00, run_after=2023-12-15T00:00:00+00:00
[2023-12-15T21:47:34.278+0000] {logging_mixin.py:154} INFO - [2023-12-15T21:47:34.278+0000] {dag.py:3722} INFO - Setting next_dagrun for example_branch_datetime_operator_3 to 2023-12-14T00:00:00+00:00, run_after=2023-12-15T00:00:00+00:00
[2023-12-15T21:47:34.528+0000] {processor.py:179} INFO - Processing /home/airflow/.local/lib/python3.8/site-packages/airflow/example_dags/example_branch_datetime_operator.py took 1.645 seconds
