[2023-12-15T20:50:14.514+0000] {processor.py:157} INFO - Started process (PID=59) to work on /home/airflow/.local/lib/python3.8/site-packages/airflow/example_dags/example_trigger_target_dag.py
[2023-12-15T20:50:14.516+0000] {processor.py:829} INFO - Processing file /home/airflow/.local/lib/python3.8/site-packages/airflow/example_dags/example_trigger_target_dag.py for tasks to queue
[2023-12-15T20:50:14.531+0000] {logging_mixin.py:154} INFO - [2023-12-15T20:50:14.528+0000] {dagbag.py:536} INFO - Filling up the DagBag from /home/airflow/.local/lib/python3.8/site-packages/airflow/example_dags/example_trigger_target_dag.py
[2023-12-15T20:50:14.628+0000] {processor.py:839} INFO - DAG(s) dict_keys(['example_trigger_target_dag']) retrieved from /home/airflow/.local/lib/python3.8/site-packages/airflow/example_dags/example_trigger_target_dag.py
[2023-12-15T20:50:15.219+0000] {logging_mixin.py:154} INFO - [2023-12-15T20:50:15.219+0000] {manager.py:499} INFO - Created Permission View: %s
[2023-12-15T20:50:15.265+0000] {logging_mixin.py:154} INFO - [2023-12-15T20:50:15.265+0000] {manager.py:499} INFO - Created Permission View: %s
[2023-12-15T20:50:15.278+0000] {logging_mixin.py:154} INFO - [2023-12-15T20:50:15.277+0000] {manager.py:499} INFO - Created Permission View: %s
[2023-12-15T20:50:15.278+0000] {logging_mixin.py:154} INFO - [2023-12-15T20:50:15.278+0000] {dag.py:2941} INFO - Sync 1 DAGs
[2023-12-15T20:50:15.312+0000] {logging_mixin.py:154} INFO - [2023-12-15T20:50:15.312+0000] {dag.py:2963} INFO - Creating ORM DAG for example_trigger_target_dag
[2023-12-15T20:50:15.331+0000] {logging_mixin.py:154} INFO - [2023-12-15T20:50:15.313+0000] {dag.py:3722} INFO - Setting next_dagrun for example_trigger_target_dag to None, run_after=None
[2023-12-15T20:50:15.698+0000] {processor.py:179} INFO - Processing /home/airflow/.local/lib/python3.8/site-packages/airflow/example_dags/example_trigger_target_dag.py took 1.229 seconds
[2023-12-15T21:10:57.795+0000] {processor.py:157} INFO - Started process (PID=135) to work on /home/airflow/.local/lib/python3.8/site-packages/airflow/example_dags/example_trigger_target_dag.py
[2023-12-15T21:10:57.811+0000] {processor.py:829} INFO - Processing file /home/airflow/.local/lib/python3.8/site-packages/airflow/example_dags/example_trigger_target_dag.py for tasks to queue
[2023-12-15T21:10:57.826+0000] {logging_mixin.py:154} INFO - [2023-12-15T21:10:57.825+0000] {dagbag.py:536} INFO - Filling up the DagBag from /home/airflow/.local/lib/python3.8/site-packages/airflow/example_dags/example_trigger_target_dag.py
[2023-12-15T21:10:57.852+0000] {processor.py:839} INFO - DAG(s) dict_keys(['example_trigger_target_dag']) retrieved from /home/airflow/.local/lib/python3.8/site-packages/airflow/example_dags/example_trigger_target_dag.py
[2023-12-15T21:10:57.941+0000] {logging_mixin.py:154} INFO - [2023-12-15T21:10:57.940+0000] {dag.py:2941} INFO - Sync 1 DAGs
[2023-12-15T21:10:58.038+0000] {logging_mixin.py:154} INFO - [2023-12-15T21:10:58.037+0000] {dag.py:3722} INFO - Setting next_dagrun for example_trigger_target_dag to None, run_after=None
[2023-12-15T21:10:58.896+0000] {processor.py:179} INFO - Processing /home/airflow/.local/lib/python3.8/site-packages/airflow/example_dags/example_trigger_target_dag.py took 1.118 seconds
[2023-12-15T21:11:32.171+0000] {processor.py:157} INFO - Started process (PID=191) to work on /home/airflow/.local/lib/python3.8/site-packages/airflow/example_dags/example_trigger_target_dag.py
[2023-12-15T21:11:32.200+0000] {processor.py:829} INFO - Processing file /home/airflow/.local/lib/python3.8/site-packages/airflow/example_dags/example_trigger_target_dag.py for tasks to queue
[2023-12-15T21:11:32.205+0000] {logging_mixin.py:154} INFO - [2023-12-15T21:11:32.204+0000] {dagbag.py:536} INFO - Filling up the DagBag from /home/airflow/.local/lib/python3.8/site-packages/airflow/example_dags/example_trigger_target_dag.py
[2023-12-15T21:11:32.350+0000] {processor.py:839} INFO - DAG(s) dict_keys(['example_trigger_target_dag']) retrieved from /home/airflow/.local/lib/python3.8/site-packages/airflow/example_dags/example_trigger_target_dag.py
[2023-12-15T21:11:32.608+0000] {logging_mixin.py:154} INFO - [2023-12-15T21:11:32.607+0000] {dag.py:2941} INFO - Sync 1 DAGs
[2023-12-15T21:11:32.781+0000] {logging_mixin.py:154} INFO - [2023-12-15T21:11:32.780+0000] {dag.py:3722} INFO - Setting next_dagrun for example_trigger_target_dag to None, run_after=None
[2023-12-15T21:11:33.043+0000] {processor.py:179} INFO - Processing /home/airflow/.local/lib/python3.8/site-packages/airflow/example_dags/example_trigger_target_dag.py took 0.915 seconds
[2023-12-15T21:12:07.112+0000] {processor.py:157} INFO - Started process (PID=247) to work on /home/airflow/.local/lib/python3.8/site-packages/airflow/example_dags/example_trigger_target_dag.py
[2023-12-15T21:12:07.119+0000] {processor.py:829} INFO - Processing file /home/airflow/.local/lib/python3.8/site-packages/airflow/example_dags/example_trigger_target_dag.py for tasks to queue
[2023-12-15T21:12:07.132+0000] {logging_mixin.py:154} INFO - [2023-12-15T21:12:07.131+0000] {dagbag.py:536} INFO - Filling up the DagBag from /home/airflow/.local/lib/python3.8/site-packages/airflow/example_dags/example_trigger_target_dag.py
[2023-12-15T21:12:07.188+0000] {processor.py:839} INFO - DAG(s) dict_keys(['example_trigger_target_dag']) retrieved from /home/airflow/.local/lib/python3.8/site-packages/airflow/example_dags/example_trigger_target_dag.py
[2023-12-15T21:12:07.324+0000] {logging_mixin.py:154} INFO - [2023-12-15T21:12:07.324+0000] {dag.py:2941} INFO - Sync 1 DAGs
[2023-12-15T21:12:07.415+0000] {logging_mixin.py:154} INFO - [2023-12-15T21:12:07.406+0000] {dag.py:3722} INFO - Setting next_dagrun for example_trigger_target_dag to None, run_after=None
[2023-12-15T21:12:07.653+0000] {processor.py:179} INFO - Processing /home/airflow/.local/lib/python3.8/site-packages/airflow/example_dags/example_trigger_target_dag.py took 0.575 seconds
[2023-12-15T21:12:37.959+0000] {processor.py:157} INFO - Started process (PID=303) to work on /home/airflow/.local/lib/python3.8/site-packages/airflow/example_dags/example_trigger_target_dag.py
[2023-12-15T21:12:37.963+0000] {processor.py:829} INFO - Processing file /home/airflow/.local/lib/python3.8/site-packages/airflow/example_dags/example_trigger_target_dag.py for tasks to queue
[2023-12-15T21:12:37.972+0000] {logging_mixin.py:154} INFO - [2023-12-15T21:12:37.971+0000] {dagbag.py:536} INFO - Filling up the DagBag from /home/airflow/.local/lib/python3.8/site-packages/airflow/example_dags/example_trigger_target_dag.py
[2023-12-15T21:12:38.010+0000] {processor.py:839} INFO - DAG(s) dict_keys(['example_trigger_target_dag']) retrieved from /home/airflow/.local/lib/python3.8/site-packages/airflow/example_dags/example_trigger_target_dag.py
[2023-12-15T21:12:38.127+0000] {logging_mixin.py:154} INFO - [2023-12-15T21:12:38.127+0000] {dag.py:2941} INFO - Sync 1 DAGs
[2023-12-15T21:12:38.217+0000] {logging_mixin.py:154} INFO - [2023-12-15T21:12:38.216+0000] {dag.py:3722} INFO - Setting next_dagrun for example_trigger_target_dag to None, run_after=None
[2023-12-15T21:12:38.314+0000] {processor.py:179} INFO - Processing /home/airflow/.local/lib/python3.8/site-packages/airflow/example_dags/example_trigger_target_dag.py took 0.373 seconds
[2023-12-15T21:13:08.851+0000] {processor.py:157} INFO - Started process (PID=359) to work on /home/airflow/.local/lib/python3.8/site-packages/airflow/example_dags/example_trigger_target_dag.py
[2023-12-15T21:13:08.857+0000] {processor.py:829} INFO - Processing file /home/airflow/.local/lib/python3.8/site-packages/airflow/example_dags/example_trigger_target_dag.py for tasks to queue
[2023-12-15T21:13:08.862+0000] {logging_mixin.py:154} INFO - [2023-12-15T21:13:08.861+0000] {dagbag.py:536} INFO - Filling up the DagBag from /home/airflow/.local/lib/python3.8/site-packages/airflow/example_dags/example_trigger_target_dag.py
[2023-12-15T21:13:08.878+0000] {processor.py:839} INFO - DAG(s) dict_keys(['example_trigger_target_dag']) retrieved from /home/airflow/.local/lib/python3.8/site-packages/airflow/example_dags/example_trigger_target_dag.py
[2023-12-15T21:13:08.934+0000] {logging_mixin.py:154} INFO - [2023-12-15T21:13:08.934+0000] {dag.py:2941} INFO - Sync 1 DAGs
[2023-12-15T21:13:08.989+0000] {logging_mixin.py:154} INFO - [2023-12-15T21:13:08.989+0000] {dag.py:3722} INFO - Setting next_dagrun for example_trigger_target_dag to None, run_after=None
[2023-12-15T21:13:09.058+0000] {processor.py:179} INFO - Processing /home/airflow/.local/lib/python3.8/site-packages/airflow/example_dags/example_trigger_target_dag.py took 0.238 seconds
[2023-12-15T21:13:44.296+0000] {processor.py:157} INFO - Started process (PID=415) to work on /home/airflow/.local/lib/python3.8/site-packages/airflow/example_dags/example_trigger_target_dag.py
[2023-12-15T21:13:44.300+0000] {processor.py:829} INFO - Processing file /home/airflow/.local/lib/python3.8/site-packages/airflow/example_dags/example_trigger_target_dag.py for tasks to queue
[2023-12-15T21:13:44.310+0000] {logging_mixin.py:154} INFO - [2023-12-15T21:13:44.309+0000] {dagbag.py:536} INFO - Filling up the DagBag from /home/airflow/.local/lib/python3.8/site-packages/airflow/example_dags/example_trigger_target_dag.py
[2023-12-15T21:13:44.329+0000] {processor.py:839} INFO - DAG(s) dict_keys(['example_trigger_target_dag']) retrieved from /home/airflow/.local/lib/python3.8/site-packages/airflow/example_dags/example_trigger_target_dag.py
[2023-12-15T21:13:44.420+0000] {logging_mixin.py:154} INFO - [2023-12-15T21:13:44.420+0000] {dag.py:2941} INFO - Sync 1 DAGs
[2023-12-15T21:13:44.469+0000] {logging_mixin.py:154} INFO - [2023-12-15T21:13:44.469+0000] {dag.py:3722} INFO - Setting next_dagrun for example_trigger_target_dag to None, run_after=None
[2023-12-15T21:13:44.554+0000] {processor.py:179} INFO - Processing /home/airflow/.local/lib/python3.8/site-packages/airflow/example_dags/example_trigger_target_dag.py took 0.277 seconds
[2023-12-15T21:14:18.203+0000] {processor.py:157} INFO - Started process (PID=466) to work on /home/airflow/.local/lib/python3.8/site-packages/airflow/example_dags/example_trigger_target_dag.py
[2023-12-15T21:14:18.206+0000] {processor.py:829} INFO - Processing file /home/airflow/.local/lib/python3.8/site-packages/airflow/example_dags/example_trigger_target_dag.py for tasks to queue
[2023-12-15T21:14:18.216+0000] {logging_mixin.py:154} INFO - [2023-12-15T21:14:18.215+0000] {dagbag.py:536} INFO - Filling up the DagBag from /home/airflow/.local/lib/python3.8/site-packages/airflow/example_dags/example_trigger_target_dag.py
[2023-12-15T21:14:18.240+0000] {processor.py:839} INFO - DAG(s) dict_keys(['example_trigger_target_dag']) retrieved from /home/airflow/.local/lib/python3.8/site-packages/airflow/example_dags/example_trigger_target_dag.py
[2023-12-15T21:14:18.396+0000] {logging_mixin.py:154} INFO - [2023-12-15T21:14:18.395+0000] {dag.py:2941} INFO - Sync 1 DAGs
[2023-12-15T21:14:18.483+0000] {logging_mixin.py:154} INFO - [2023-12-15T21:14:18.483+0000] {dag.py:3722} INFO - Setting next_dagrun for example_trigger_target_dag to None, run_after=None
[2023-12-15T21:14:18.635+0000] {processor.py:179} INFO - Processing /home/airflow/.local/lib/python3.8/site-packages/airflow/example_dags/example_trigger_target_dag.py took 0.442 seconds
[2023-12-15T21:14:54.850+0000] {processor.py:157} INFO - Started process (PID=530) to work on /home/airflow/.local/lib/python3.8/site-packages/airflow/example_dags/example_trigger_target_dag.py
[2023-12-15T21:14:54.864+0000] {processor.py:829} INFO - Processing file /home/airflow/.local/lib/python3.8/site-packages/airflow/example_dags/example_trigger_target_dag.py for tasks to queue
[2023-12-15T21:14:54.870+0000] {logging_mixin.py:154} INFO - [2023-12-15T21:14:54.870+0000] {dagbag.py:536} INFO - Filling up the DagBag from /home/airflow/.local/lib/python3.8/site-packages/airflow/example_dags/example_trigger_target_dag.py
[2023-12-15T21:14:54.920+0000] {processor.py:839} INFO - DAG(s) dict_keys(['example_trigger_target_dag']) retrieved from /home/airflow/.local/lib/python3.8/site-packages/airflow/example_dags/example_trigger_target_dag.py
[2023-12-15T21:14:55.075+0000] {logging_mixin.py:154} INFO - [2023-12-15T21:14:55.074+0000] {dag.py:2941} INFO - Sync 1 DAGs
[2023-12-15T21:14:55.210+0000] {logging_mixin.py:154} INFO - [2023-12-15T21:14:55.209+0000] {dag.py:3722} INFO - Setting next_dagrun for example_trigger_target_dag to None, run_after=None
[2023-12-15T21:14:55.371+0000] {processor.py:179} INFO - Processing /home/airflow/.local/lib/python3.8/site-packages/airflow/example_dags/example_trigger_target_dag.py took 0.546 seconds
[2023-12-15T21:15:26.142+0000] {processor.py:157} INFO - Started process (PID=586) to work on /home/airflow/.local/lib/python3.8/site-packages/airflow/example_dags/example_trigger_target_dag.py
[2023-12-15T21:15:26.145+0000] {processor.py:829} INFO - Processing file /home/airflow/.local/lib/python3.8/site-packages/airflow/example_dags/example_trigger_target_dag.py for tasks to queue
[2023-12-15T21:15:26.152+0000] {logging_mixin.py:154} INFO - [2023-12-15T21:15:26.151+0000] {dagbag.py:536} INFO - Filling up the DagBag from /home/airflow/.local/lib/python3.8/site-packages/airflow/example_dags/example_trigger_target_dag.py
[2023-12-15T21:15:26.170+0000] {processor.py:839} INFO - DAG(s) dict_keys(['example_trigger_target_dag']) retrieved from /home/airflow/.local/lib/python3.8/site-packages/airflow/example_dags/example_trigger_target_dag.py
[2023-12-15T21:15:26.392+0000] {logging_mixin.py:154} INFO - [2023-12-15T21:15:26.392+0000] {dag.py:2941} INFO - Sync 1 DAGs
[2023-12-15T21:15:26.452+0000] {logging_mixin.py:154} INFO - [2023-12-15T21:15:26.452+0000] {dag.py:3722} INFO - Setting next_dagrun for example_trigger_target_dag to None, run_after=None
[2023-12-15T21:15:26.627+0000] {processor.py:179} INFO - Processing /home/airflow/.local/lib/python3.8/site-packages/airflow/example_dags/example_trigger_target_dag.py took 0.498 seconds
[2023-12-15T21:15:56.751+0000] {processor.py:157} INFO - Started process (PID=640) to work on /home/airflow/.local/lib/python3.8/site-packages/airflow/example_dags/example_trigger_target_dag.py
[2023-12-15T21:15:56.755+0000] {processor.py:829} INFO - Processing file /home/airflow/.local/lib/python3.8/site-packages/airflow/example_dags/example_trigger_target_dag.py for tasks to queue
[2023-12-15T21:15:56.763+0000] {logging_mixin.py:154} INFO - [2023-12-15T21:15:56.762+0000] {dagbag.py:536} INFO - Filling up the DagBag from /home/airflow/.local/lib/python3.8/site-packages/airflow/example_dags/example_trigger_target_dag.py
[2023-12-15T21:15:56.786+0000] {processor.py:839} INFO - DAG(s) dict_keys(['example_trigger_target_dag']) retrieved from /home/airflow/.local/lib/python3.8/site-packages/airflow/example_dags/example_trigger_target_dag.py
[2023-12-15T21:15:56.885+0000] {logging_mixin.py:154} INFO - [2023-12-15T21:15:56.884+0000] {dag.py:2941} INFO - Sync 1 DAGs
[2023-12-15T21:15:56.910+0000] {logging_mixin.py:154} INFO - [2023-12-15T21:15:56.910+0000] {dag.py:3722} INFO - Setting next_dagrun for example_trigger_target_dag to None, run_after=None
[2023-12-15T21:15:56.955+0000] {processor.py:179} INFO - Processing /home/airflow/.local/lib/python3.8/site-packages/airflow/example_dags/example_trigger_target_dag.py took 0.218 seconds
[2023-12-15T21:16:57.706+0000] {processor.py:157} INFO - Started process (PID=703) to work on /home/airflow/.local/lib/python3.8/site-packages/airflow/example_dags/example_trigger_target_dag.py
[2023-12-15T21:16:57.767+0000] {processor.py:829} INFO - Processing file /home/airflow/.local/lib/python3.8/site-packages/airflow/example_dags/example_trigger_target_dag.py for tasks to queue
[2023-12-15T21:16:57.812+0000] {logging_mixin.py:154} INFO - [2023-12-15T21:16:57.811+0000] {dagbag.py:536} INFO - Filling up the DagBag from /home/airflow/.local/lib/python3.8/site-packages/airflow/example_dags/example_trigger_target_dag.py
[2023-12-15T21:16:58.046+0000] {processor.py:839} INFO - DAG(s) dict_keys(['example_trigger_target_dag']) retrieved from /home/airflow/.local/lib/python3.8/site-packages/airflow/example_dags/example_trigger_target_dag.py
[2023-12-15T21:16:58.443+0000] {logging_mixin.py:154} INFO - [2023-12-15T21:16:58.442+0000] {dag.py:2941} INFO - Sync 1 DAGs
[2023-12-15T21:16:58.605+0000] {logging_mixin.py:154} INFO - [2023-12-15T21:16:58.604+0000] {dag.py:3722} INFO - Setting next_dagrun for example_trigger_target_dag to None, run_after=None
[2023-12-15T21:16:58.816+0000] {processor.py:179} INFO - Processing /home/airflow/.local/lib/python3.8/site-packages/airflow/example_dags/example_trigger_target_dag.py took 1.162 seconds
[2023-12-15T21:17:29.565+0000] {processor.py:157} INFO - Started process (PID=766) to work on /home/airflow/.local/lib/python3.8/site-packages/airflow/example_dags/example_trigger_target_dag.py
[2023-12-15T21:17:29.576+0000] {processor.py:829} INFO - Processing file /home/airflow/.local/lib/python3.8/site-packages/airflow/example_dags/example_trigger_target_dag.py for tasks to queue
[2023-12-15T21:17:29.587+0000] {logging_mixin.py:154} INFO - [2023-12-15T21:17:29.586+0000] {dagbag.py:536} INFO - Filling up the DagBag from /home/airflow/.local/lib/python3.8/site-packages/airflow/example_dags/example_trigger_target_dag.py
[2023-12-15T21:17:29.625+0000] {processor.py:839} INFO - DAG(s) dict_keys(['example_trigger_target_dag']) retrieved from /home/airflow/.local/lib/python3.8/site-packages/airflow/example_dags/example_trigger_target_dag.py
[2023-12-15T21:17:29.694+0000] {logging_mixin.py:154} INFO - [2023-12-15T21:17:29.694+0000] {dag.py:2941} INFO - Sync 1 DAGs
[2023-12-15T21:17:29.772+0000] {logging_mixin.py:154} INFO - [2023-12-15T21:17:29.772+0000] {dag.py:3722} INFO - Setting next_dagrun for example_trigger_target_dag to None, run_after=None
[2023-12-15T21:17:29.864+0000] {processor.py:179} INFO - Processing /home/airflow/.local/lib/python3.8/site-packages/airflow/example_dags/example_trigger_target_dag.py took 0.324 seconds
[2023-12-15T21:28:11.144+0000] {processor.py:157} INFO - Started process (PID=85) to work on /home/airflow/.local/lib/python3.8/site-packages/airflow/example_dags/example_trigger_target_dag.py
[2023-12-15T21:28:11.164+0000] {processor.py:829} INFO - Processing file /home/airflow/.local/lib/python3.8/site-packages/airflow/example_dags/example_trigger_target_dag.py for tasks to queue
[2023-12-15T21:28:11.197+0000] {logging_mixin.py:154} INFO - [2023-12-15T21:28:11.196+0000] {dagbag.py:536} INFO - Filling up the DagBag from /home/airflow/.local/lib/python3.8/site-packages/airflow/example_dags/example_trigger_target_dag.py
[2023-12-15T21:28:11.443+0000] {processor.py:839} INFO - DAG(s) dict_keys(['example_trigger_target_dag']) retrieved from /home/airflow/.local/lib/python3.8/site-packages/airflow/example_dags/example_trigger_target_dag.py
[2023-12-15T21:28:11.953+0000] {logging_mixin.py:154} INFO - [2023-12-15T21:28:11.952+0000] {dag.py:2941} INFO - Sync 1 DAGs
[2023-12-15T21:28:12.337+0000] {logging_mixin.py:154} INFO - [2023-12-15T21:28:12.336+0000] {dag.py:3722} INFO - Setting next_dagrun for example_trigger_target_dag to None, run_after=None
[2023-12-15T21:28:12.710+0000] {processor.py:179} INFO - Processing /home/airflow/.local/lib/python3.8/site-packages/airflow/example_dags/example_trigger_target_dag.py took 1.782 seconds
[2023-12-15T21:29:18.419+0000] {processor.py:157} INFO - Started process (PID=148) to work on /home/airflow/.local/lib/python3.8/site-packages/airflow/example_dags/example_trigger_target_dag.py
[2023-12-15T21:29:18.424+0000] {processor.py:829} INFO - Processing file /home/airflow/.local/lib/python3.8/site-packages/airflow/example_dags/example_trigger_target_dag.py for tasks to queue
[2023-12-15T21:29:18.430+0000] {logging_mixin.py:154} INFO - [2023-12-15T21:29:18.429+0000] {dagbag.py:536} INFO - Filling up the DagBag from /home/airflow/.local/lib/python3.8/site-packages/airflow/example_dags/example_trigger_target_dag.py
[2023-12-15T21:29:18.469+0000] {processor.py:839} INFO - DAG(s) dict_keys(['example_trigger_target_dag']) retrieved from /home/airflow/.local/lib/python3.8/site-packages/airflow/example_dags/example_trigger_target_dag.py
[2023-12-15T21:29:18.626+0000] {logging_mixin.py:154} INFO - [2023-12-15T21:29:18.626+0000] {dag.py:2941} INFO - Sync 1 DAGs
[2023-12-15T21:29:18.740+0000] {logging_mixin.py:154} INFO - [2023-12-15T21:29:18.739+0000] {dag.py:3722} INFO - Setting next_dagrun for example_trigger_target_dag to None, run_after=None
[2023-12-15T21:29:18.904+0000] {processor.py:179} INFO - Processing /home/airflow/.local/lib/python3.8/site-packages/airflow/example_dags/example_trigger_target_dag.py took 0.502 seconds
[2023-12-15T21:30:06.767+0000] {processor.py:157} INFO - Started process (PID=204) to work on /home/airflow/.local/lib/python3.8/site-packages/airflow/example_dags/example_trigger_target_dag.py
[2023-12-15T21:30:06.780+0000] {processor.py:829} INFO - Processing file /home/airflow/.local/lib/python3.8/site-packages/airflow/example_dags/example_trigger_target_dag.py for tasks to queue
[2023-12-15T21:30:06.790+0000] {logging_mixin.py:154} INFO - [2023-12-15T21:30:06.790+0000] {dagbag.py:536} INFO - Filling up the DagBag from /home/airflow/.local/lib/python3.8/site-packages/airflow/example_dags/example_trigger_target_dag.py
[2023-12-15T21:30:07.006+0000] {processor.py:839} INFO - DAG(s) dict_keys(['example_trigger_target_dag']) retrieved from /home/airflow/.local/lib/python3.8/site-packages/airflow/example_dags/example_trigger_target_dag.py
[2023-12-15T21:30:07.650+0000] {logging_mixin.py:154} INFO - [2023-12-15T21:30:07.650+0000] {dag.py:2941} INFO - Sync 1 DAGs
[2023-12-15T21:30:07.840+0000] {logging_mixin.py:154} INFO - [2023-12-15T21:30:07.840+0000] {dag.py:3722} INFO - Setting next_dagrun for example_trigger_target_dag to None, run_after=None
[2023-12-15T21:30:08.054+0000] {processor.py:179} INFO - Processing /home/airflow/.local/lib/python3.8/site-packages/airflow/example_dags/example_trigger_target_dag.py took 1.337 seconds
[2023-12-15T21:35:34.176+0000] {processor.py:157} INFO - Started process (PID=72) to work on /home/airflow/.local/lib/python3.8/site-packages/airflow/example_dags/example_trigger_target_dag.py
[2023-12-15T21:35:34.188+0000] {processor.py:829} INFO - Processing file /home/airflow/.local/lib/python3.8/site-packages/airflow/example_dags/example_trigger_target_dag.py for tasks to queue
[2023-12-15T21:35:34.193+0000] {logging_mixin.py:154} INFO - [2023-12-15T21:35:34.192+0000] {dagbag.py:536} INFO - Filling up the DagBag from /home/airflow/.local/lib/python3.8/site-packages/airflow/example_dags/example_trigger_target_dag.py
[2023-12-15T21:35:34.637+0000] {processor.py:839} INFO - DAG(s) dict_keys(['example_trigger_target_dag']) retrieved from /home/airflow/.local/lib/python3.8/site-packages/airflow/example_dags/example_trigger_target_dag.py
[2023-12-15T21:35:35.286+0000] {logging_mixin.py:154} INFO - [2023-12-15T21:35:35.285+0000] {dag.py:2941} INFO - Sync 1 DAGs
[2023-12-15T21:35:35.377+0000] {logging_mixin.py:154} INFO - [2023-12-15T21:35:35.377+0000] {dag.py:3722} INFO - Setting next_dagrun for example_trigger_target_dag to None, run_after=None
[2023-12-15T21:35:35.508+0000] {processor.py:179} INFO - Processing /home/airflow/.local/lib/python3.8/site-packages/airflow/example_dags/example_trigger_target_dag.py took 1.360 seconds
[2023-12-15T21:36:16.042+0000] {processor.py:157} INFO - Started process (PID=127) to work on /home/airflow/.local/lib/python3.8/site-packages/airflow/example_dags/example_trigger_target_dag.py
[2023-12-15T21:36:16.054+0000] {processor.py:829} INFO - Processing file /home/airflow/.local/lib/python3.8/site-packages/airflow/example_dags/example_trigger_target_dag.py for tasks to queue
[2023-12-15T21:36:16.077+0000] {logging_mixin.py:154} INFO - [2023-12-15T21:36:16.076+0000] {dagbag.py:536} INFO - Filling up the DagBag from /home/airflow/.local/lib/python3.8/site-packages/airflow/example_dags/example_trigger_target_dag.py
[2023-12-15T21:36:16.164+0000] {processor.py:839} INFO - DAG(s) dict_keys(['example_trigger_target_dag']) retrieved from /home/airflow/.local/lib/python3.8/site-packages/airflow/example_dags/example_trigger_target_dag.py
[2023-12-15T21:36:16.383+0000] {logging_mixin.py:154} INFO - [2023-12-15T21:36:16.383+0000] {dag.py:2941} INFO - Sync 1 DAGs
[2023-12-15T21:36:16.545+0000] {logging_mixin.py:154} INFO - [2023-12-15T21:36:16.545+0000] {dag.py:3722} INFO - Setting next_dagrun for example_trigger_target_dag to None, run_after=None
[2023-12-15T21:36:16.722+0000] {processor.py:179} INFO - Processing /home/airflow/.local/lib/python3.8/site-packages/airflow/example_dags/example_trigger_target_dag.py took 0.772 seconds
[2023-12-15T21:36:52.160+0000] {processor.py:157} INFO - Started process (PID=183) to work on /home/airflow/.local/lib/python3.8/site-packages/airflow/example_dags/example_trigger_target_dag.py
[2023-12-15T21:36:52.162+0000] {processor.py:829} INFO - Processing file /home/airflow/.local/lib/python3.8/site-packages/airflow/example_dags/example_trigger_target_dag.py for tasks to queue
[2023-12-15T21:36:52.170+0000] {logging_mixin.py:154} INFO - [2023-12-15T21:36:52.169+0000] {dagbag.py:536} INFO - Filling up the DagBag from /home/airflow/.local/lib/python3.8/site-packages/airflow/example_dags/example_trigger_target_dag.py
[2023-12-15T21:36:52.194+0000] {processor.py:839} INFO - DAG(s) dict_keys(['example_trigger_target_dag']) retrieved from /home/airflow/.local/lib/python3.8/site-packages/airflow/example_dags/example_trigger_target_dag.py
[2023-12-15T21:36:52.261+0000] {logging_mixin.py:154} INFO - [2023-12-15T21:36:52.261+0000] {dag.py:2941} INFO - Sync 1 DAGs
[2023-12-15T21:36:52.309+0000] {logging_mixin.py:154} INFO - [2023-12-15T21:36:52.309+0000] {dag.py:3722} INFO - Setting next_dagrun for example_trigger_target_dag to None, run_after=None
[2023-12-15T21:36:52.370+0000] {processor.py:179} INFO - Processing /home/airflow/.local/lib/python3.8/site-packages/airflow/example_dags/example_trigger_target_dag.py took 0.222 seconds
[2023-12-15T21:37:25.413+0000] {processor.py:157} INFO - Started process (PID=239) to work on /home/airflow/.local/lib/python3.8/site-packages/airflow/example_dags/example_trigger_target_dag.py
[2023-12-15T21:37:25.416+0000] {processor.py:829} INFO - Processing file /home/airflow/.local/lib/python3.8/site-packages/airflow/example_dags/example_trigger_target_dag.py for tasks to queue
[2023-12-15T21:37:25.432+0000] {logging_mixin.py:154} INFO - [2023-12-15T21:37:25.432+0000] {dagbag.py:536} INFO - Filling up the DagBag from /home/airflow/.local/lib/python3.8/site-packages/airflow/example_dags/example_trigger_target_dag.py
[2023-12-15T21:37:25.493+0000] {processor.py:839} INFO - DAG(s) dict_keys(['example_trigger_target_dag']) retrieved from /home/airflow/.local/lib/python3.8/site-packages/airflow/example_dags/example_trigger_target_dag.py
[2023-12-15T21:37:25.685+0000] {logging_mixin.py:154} INFO - [2023-12-15T21:37:25.685+0000] {dag.py:2941} INFO - Sync 1 DAGs
[2023-12-15T21:37:25.744+0000] {logging_mixin.py:154} INFO - [2023-12-15T21:37:25.743+0000] {dag.py:3722} INFO - Setting next_dagrun for example_trigger_target_dag to None, run_after=None
[2023-12-15T21:37:25.848+0000] {processor.py:179} INFO - Processing /home/airflow/.local/lib/python3.8/site-packages/airflow/example_dags/example_trigger_target_dag.py took 0.464 seconds
[2023-12-15T21:38:13.763+0000] {processor.py:157} INFO - Started process (PID=294) to work on /home/airflow/.local/lib/python3.8/site-packages/airflow/example_dags/example_trigger_target_dag.py
[2023-12-15T21:38:13.767+0000] {processor.py:829} INFO - Processing file /home/airflow/.local/lib/python3.8/site-packages/airflow/example_dags/example_trigger_target_dag.py for tasks to queue
[2023-12-15T21:38:13.772+0000] {logging_mixin.py:154} INFO - [2023-12-15T21:38:13.771+0000] {dagbag.py:536} INFO - Filling up the DagBag from /home/airflow/.local/lib/python3.8/site-packages/airflow/example_dags/example_trigger_target_dag.py
[2023-12-15T21:38:13.787+0000] {processor.py:839} INFO - DAG(s) dict_keys(['example_trigger_target_dag']) retrieved from /home/airflow/.local/lib/python3.8/site-packages/airflow/example_dags/example_trigger_target_dag.py
[2023-12-15T21:38:13.845+0000] {logging_mixin.py:154} INFO - [2023-12-15T21:38:13.844+0000] {dag.py:2941} INFO - Sync 1 DAGs
[2023-12-15T21:38:13.898+0000] {logging_mixin.py:154} INFO - [2023-12-15T21:38:13.898+0000] {dag.py:3722} INFO - Setting next_dagrun for example_trigger_target_dag to None, run_after=None
[2023-12-15T21:38:13.948+0000] {processor.py:179} INFO - Processing /home/airflow/.local/lib/python3.8/site-packages/airflow/example_dags/example_trigger_target_dag.py took 0.197 seconds
[2023-12-15T21:38:49.662+0000] {processor.py:157} INFO - Started process (PID=350) to work on /home/airflow/.local/lib/python3.8/site-packages/airflow/example_dags/example_trigger_target_dag.py
[2023-12-15T21:38:49.679+0000] {processor.py:829} INFO - Processing file /home/airflow/.local/lib/python3.8/site-packages/airflow/example_dags/example_trigger_target_dag.py for tasks to queue
[2023-12-15T21:38:49.768+0000] {logging_mixin.py:154} INFO - [2023-12-15T21:38:49.734+0000] {dagbag.py:536} INFO - Filling up the DagBag from /home/airflow/.local/lib/python3.8/site-packages/airflow/example_dags/example_trigger_target_dag.py
[2023-12-15T21:38:49.854+0000] {processor.py:839} INFO - DAG(s) dict_keys(['example_trigger_target_dag']) retrieved from /home/airflow/.local/lib/python3.8/site-packages/airflow/example_dags/example_trigger_target_dag.py
[2023-12-15T21:38:50.408+0000] {logging_mixin.py:154} INFO - [2023-12-15T21:38:50.407+0000] {dag.py:2941} INFO - Sync 1 DAGs
[2023-12-15T21:38:50.674+0000] {logging_mixin.py:154} INFO - [2023-12-15T21:38:50.674+0000] {dag.py:3722} INFO - Setting next_dagrun for example_trigger_target_dag to None, run_after=None
[2023-12-15T21:38:50.854+0000] {processor.py:179} INFO - Processing /home/airflow/.local/lib/python3.8/site-packages/airflow/example_dags/example_trigger_target_dag.py took 1.263 seconds
[2023-12-15T21:39:35.063+0000] {processor.py:157} INFO - Started process (PID=407) to work on /home/airflow/.local/lib/python3.8/site-packages/airflow/example_dags/example_trigger_target_dag.py
[2023-12-15T21:39:35.064+0000] {processor.py:829} INFO - Processing file /home/airflow/.local/lib/python3.8/site-packages/airflow/example_dags/example_trigger_target_dag.py for tasks to queue
[2023-12-15T21:39:35.069+0000] {logging_mixin.py:154} INFO - [2023-12-15T21:39:35.068+0000] {dagbag.py:536} INFO - Filling up the DagBag from /home/airflow/.local/lib/python3.8/site-packages/airflow/example_dags/example_trigger_target_dag.py
[2023-12-15T21:39:35.086+0000] {processor.py:839} INFO - DAG(s) dict_keys(['example_trigger_target_dag']) retrieved from /home/airflow/.local/lib/python3.8/site-packages/airflow/example_dags/example_trigger_target_dag.py
[2023-12-15T21:39:35.190+0000] {logging_mixin.py:154} INFO - [2023-12-15T21:39:35.190+0000] {dag.py:2941} INFO - Sync 1 DAGs
[2023-12-15T21:39:35.225+0000] {logging_mixin.py:154} INFO - [2023-12-15T21:39:35.224+0000] {dag.py:3722} INFO - Setting next_dagrun for example_trigger_target_dag to None, run_after=None
[2023-12-15T21:39:35.275+0000] {processor.py:179} INFO - Processing /home/airflow/.local/lib/python3.8/site-packages/airflow/example_dags/example_trigger_target_dag.py took 0.219 seconds
[2023-12-15T21:40:08.654+0000] {processor.py:157} INFO - Started process (PID=463) to work on /home/airflow/.local/lib/python3.8/site-packages/airflow/example_dags/example_trigger_target_dag.py
[2023-12-15T21:40:08.658+0000] {processor.py:829} INFO - Processing file /home/airflow/.local/lib/python3.8/site-packages/airflow/example_dags/example_trigger_target_dag.py for tasks to queue
[2023-12-15T21:40:08.665+0000] {logging_mixin.py:154} INFO - [2023-12-15T21:40:08.664+0000] {dagbag.py:536} INFO - Filling up the DagBag from /home/airflow/.local/lib/python3.8/site-packages/airflow/example_dags/example_trigger_target_dag.py
[2023-12-15T21:40:08.683+0000] {processor.py:839} INFO - DAG(s) dict_keys(['example_trigger_target_dag']) retrieved from /home/airflow/.local/lib/python3.8/site-packages/airflow/example_dags/example_trigger_target_dag.py
[2023-12-15T21:40:08.743+0000] {logging_mixin.py:154} INFO - [2023-12-15T21:40:08.743+0000] {dag.py:2941} INFO - Sync 1 DAGs
[2023-12-15T21:40:08.802+0000] {logging_mixin.py:154} INFO - [2023-12-15T21:40:08.795+0000] {dag.py:3722} INFO - Setting next_dagrun for example_trigger_target_dag to None, run_after=None
[2023-12-15T21:40:08.855+0000] {processor.py:179} INFO - Processing /home/airflow/.local/lib/python3.8/site-packages/airflow/example_dags/example_trigger_target_dag.py took 0.213 seconds
[2023-12-15T21:45:41.556+0000] {processor.py:157} INFO - Started process (PID=80) to work on /home/airflow/.local/lib/python3.8/site-packages/airflow/example_dags/example_trigger_target_dag.py
[2023-12-15T21:45:41.574+0000] {processor.py:829} INFO - Processing file /home/airflow/.local/lib/python3.8/site-packages/airflow/example_dags/example_trigger_target_dag.py for tasks to queue
[2023-12-15T21:45:41.741+0000] {logging_mixin.py:154} INFO - [2023-12-15T21:45:41.740+0000] {dagbag.py:536} INFO - Filling up the DagBag from /home/airflow/.local/lib/python3.8/site-packages/airflow/example_dags/example_trigger_target_dag.py
[2023-12-15T21:45:42.015+0000] {processor.py:839} INFO - DAG(s) dict_keys(['example_trigger_target_dag']) retrieved from /home/airflow/.local/lib/python3.8/site-packages/airflow/example_dags/example_trigger_target_dag.py
[2023-12-15T21:45:42.997+0000] {logging_mixin.py:154} INFO - [2023-12-15T21:45:42.967+0000] {dag.py:2941} INFO - Sync 1 DAGs
[2023-12-15T21:45:44.098+0000] {logging_mixin.py:154} INFO - [2023-12-15T21:45:44.097+0000] {dag.py:3722} INFO - Setting next_dagrun for example_trigger_target_dag to None, run_after=None
[2023-12-15T21:45:44.969+0000] {processor.py:179} INFO - Processing /home/airflow/.local/lib/python3.8/site-packages/airflow/example_dags/example_trigger_target_dag.py took 3.564 seconds
[2023-12-15T21:47:24.897+0000] {processor.py:157} INFO - Started process (PID=150) to work on /home/airflow/.local/lib/python3.8/site-packages/airflow/example_dags/example_trigger_target_dag.py
[2023-12-15T21:47:24.962+0000] {processor.py:829} INFO - Processing file /home/airflow/.local/lib/python3.8/site-packages/airflow/example_dags/example_trigger_target_dag.py for tasks to queue
[2023-12-15T21:47:25.069+0000] {logging_mixin.py:154} INFO - [2023-12-15T21:47:25.068+0000] {dagbag.py:536} INFO - Filling up the DagBag from /home/airflow/.local/lib/python3.8/site-packages/airflow/example_dags/example_trigger_target_dag.py
[2023-12-15T21:47:25.246+0000] {processor.py:839} INFO - DAG(s) dict_keys(['example_trigger_target_dag']) retrieved from /home/airflow/.local/lib/python3.8/site-packages/airflow/example_dags/example_trigger_target_dag.py
[2023-12-15T21:47:25.796+0000] {logging_mixin.py:154} INFO - [2023-12-15T21:47:25.775+0000] {dag.py:2941} INFO - Sync 1 DAGs
[2023-12-15T21:47:26.298+0000] {logging_mixin.py:154} INFO - [2023-12-15T21:47:26.297+0000] {dag.py:3722} INFO - Setting next_dagrun for example_trigger_target_dag to None, run_after=None
[2023-12-15T21:47:26.706+0000] {processor.py:179} INFO - Processing /home/airflow/.local/lib/python3.8/site-packages/airflow/example_dags/example_trigger_target_dag.py took 1.967 seconds
