[2023-12-15T20:50:28.221+0000] {processor.py:157} INFO - Started process (PID=91) to work on /home/airflow/.local/lib/python3.8/site-packages/airflow/example_dags/example_branch_operator.py
[2023-12-15T20:50:28.223+0000] {processor.py:829} INFO - Processing file /home/airflow/.local/lib/python3.8/site-packages/airflow/example_dags/example_branch_operator.py for tasks to queue
[2023-12-15T20:50:28.227+0000] {logging_mixin.py:154} INFO - [2023-12-15T20:50:28.226+0000] {dagbag.py:536} INFO - Filling up the DagBag from /home/airflow/.local/lib/python3.8/site-packages/airflow/example_dags/example_branch_operator.py
[2023-12-15T20:50:28.276+0000] {processor.py:839} INFO - DAG(s) dict_keys(['example_branch_operator']) retrieved from /home/airflow/.local/lib/python3.8/site-packages/airflow/example_dags/example_branch_operator.py
[2023-12-15T20:50:28.755+0000] {logging_mixin.py:154} INFO - [2023-12-15T20:50:28.754+0000] {manager.py:499} INFO - Created Permission View: %s
[2023-12-15T20:50:28.779+0000] {logging_mixin.py:154} INFO - [2023-12-15T20:50:28.779+0000] {manager.py:499} INFO - Created Permission View: %s
[2023-12-15T20:50:28.806+0000] {logging_mixin.py:154} INFO - [2023-12-15T20:50:28.806+0000] {manager.py:499} INFO - Created Permission View: %s
[2023-12-15T20:50:28.813+0000] {logging_mixin.py:154} INFO - [2023-12-15T20:50:28.806+0000] {dag.py:2941} INFO - Sync 1 DAGs
[2023-12-15T20:50:28.863+0000] {logging_mixin.py:154} INFO - [2023-12-15T20:50:28.862+0000] {dag.py:2963} INFO - Creating ORM DAG for example_branch_operator
[2023-12-15T20:50:28.886+0000] {logging_mixin.py:154} INFO - [2023-12-15T20:50:28.886+0000] {dag.py:3722} INFO - Setting next_dagrun for example_branch_operator to 2023-12-14T00:00:00+00:00, run_after=2023-12-15T00:00:00+00:00
[2023-12-15T20:50:29.404+0000] {processor.py:179} INFO - Processing /home/airflow/.local/lib/python3.8/site-packages/airflow/example_dags/example_branch_operator.py took 1.189 seconds
[2023-12-15T21:11:10.638+0000] {processor.py:157} INFO - Started process (PID=160) to work on /home/airflow/.local/lib/python3.8/site-packages/airflow/example_dags/example_branch_operator.py
[2023-12-15T21:11:10.658+0000] {processor.py:829} INFO - Processing file /home/airflow/.local/lib/python3.8/site-packages/airflow/example_dags/example_branch_operator.py for tasks to queue
[2023-12-15T21:11:10.662+0000] {logging_mixin.py:154} INFO - [2023-12-15T21:11:10.662+0000] {dagbag.py:536} INFO - Filling up the DagBag from /home/airflow/.local/lib/python3.8/site-packages/airflow/example_dags/example_branch_operator.py
[2023-12-15T21:11:10.699+0000] {processor.py:839} INFO - DAG(s) dict_keys(['example_branch_operator']) retrieved from /home/airflow/.local/lib/python3.8/site-packages/airflow/example_dags/example_branch_operator.py
[2023-12-15T21:11:10.814+0000] {logging_mixin.py:154} INFO - [2023-12-15T21:11:10.814+0000] {dag.py:2941} INFO - Sync 1 DAGs
[2023-12-15T21:11:10.897+0000] {logging_mixin.py:154} INFO - [2023-12-15T21:11:10.897+0000] {dag.py:3722} INFO - Setting next_dagrun for example_branch_operator to 2023-12-14T00:00:00+00:00, run_after=2023-12-15T00:00:00+00:00
[2023-12-15T21:11:10.965+0000] {processor.py:179} INFO - Processing /home/airflow/.local/lib/python3.8/site-packages/airflow/example_dags/example_branch_operator.py took 0.349 seconds
[2023-12-15T21:11:43.084+0000] {processor.py:157} INFO - Started process (PID=217) to work on /home/airflow/.local/lib/python3.8/site-packages/airflow/example_dags/example_branch_operator.py
[2023-12-15T21:11:43.087+0000] {processor.py:829} INFO - Processing file /home/airflow/.local/lib/python3.8/site-packages/airflow/example_dags/example_branch_operator.py for tasks to queue
[2023-12-15T21:11:43.095+0000] {logging_mixin.py:154} INFO - [2023-12-15T21:11:43.095+0000] {dagbag.py:536} INFO - Filling up the DagBag from /home/airflow/.local/lib/python3.8/site-packages/airflow/example_dags/example_branch_operator.py
[2023-12-15T21:11:43.124+0000] {processor.py:839} INFO - DAG(s) dict_keys(['example_branch_operator']) retrieved from /home/airflow/.local/lib/python3.8/site-packages/airflow/example_dags/example_branch_operator.py
[2023-12-15T21:11:43.222+0000] {logging_mixin.py:154} INFO - [2023-12-15T21:11:43.221+0000] {dag.py:2941} INFO - Sync 1 DAGs
[2023-12-15T21:11:43.498+0000] {logging_mixin.py:154} INFO - [2023-12-15T21:11:43.496+0000] {dag.py:3722} INFO - Setting next_dagrun for example_branch_operator to 2023-12-14T00:00:00+00:00, run_after=2023-12-15T00:00:00+00:00
[2023-12-15T21:11:43.558+0000] {processor.py:179} INFO - Processing /home/airflow/.local/lib/python3.8/site-packages/airflow/example_dags/example_branch_operator.py took 0.486 seconds
[2023-12-15T21:12:26.536+0000] {processor.py:157} INFO - Started process (PID=283) to work on /home/airflow/.local/lib/python3.8/site-packages/airflow/example_dags/example_branch_operator.py
[2023-12-15T21:12:26.538+0000] {processor.py:829} INFO - Processing file /home/airflow/.local/lib/python3.8/site-packages/airflow/example_dags/example_branch_operator.py for tasks to queue
[2023-12-15T21:12:26.545+0000] {logging_mixin.py:154} INFO - [2023-12-15T21:12:26.545+0000] {dagbag.py:536} INFO - Filling up the DagBag from /home/airflow/.local/lib/python3.8/site-packages/airflow/example_dags/example_branch_operator.py
[2023-12-15T21:12:26.564+0000] {processor.py:839} INFO - DAG(s) dict_keys(['example_branch_operator']) retrieved from /home/airflow/.local/lib/python3.8/site-packages/airflow/example_dags/example_branch_operator.py
[2023-12-15T21:12:26.616+0000] {logging_mixin.py:154} INFO - [2023-12-15T21:12:26.616+0000] {dag.py:2941} INFO - Sync 1 DAGs
[2023-12-15T21:12:26.687+0000] {logging_mixin.py:154} INFO - [2023-12-15T21:12:26.686+0000] {dag.py:3722} INFO - Setting next_dagrun for example_branch_operator to 2023-12-14T00:00:00+00:00, run_after=2023-12-15T00:00:00+00:00
[2023-12-15T21:12:26.769+0000] {processor.py:179} INFO - Processing /home/airflow/.local/lib/python3.8/site-packages/airflow/example_dags/example_branch_operator.py took 0.243 seconds
[2023-12-15T21:12:59.478+0000] {processor.py:157} INFO - Started process (PID=339) to work on /home/airflow/.local/lib/python3.8/site-packages/airflow/example_dags/example_branch_operator.py
[2023-12-15T21:12:59.490+0000] {processor.py:829} INFO - Processing file /home/airflow/.local/lib/python3.8/site-packages/airflow/example_dags/example_branch_operator.py for tasks to queue
[2023-12-15T21:12:59.505+0000] {logging_mixin.py:154} INFO - [2023-12-15T21:12:59.504+0000] {dagbag.py:536} INFO - Filling up the DagBag from /home/airflow/.local/lib/python3.8/site-packages/airflow/example_dags/example_branch_operator.py
[2023-12-15T21:12:59.557+0000] {processor.py:839} INFO - DAG(s) dict_keys(['example_branch_operator']) retrieved from /home/airflow/.local/lib/python3.8/site-packages/airflow/example_dags/example_branch_operator.py
[2023-12-15T21:12:59.627+0000] {logging_mixin.py:154} INFO - [2023-12-15T21:12:59.627+0000] {dag.py:2941} INFO - Sync 1 DAGs
[2023-12-15T21:12:59.754+0000] {logging_mixin.py:154} INFO - [2023-12-15T21:12:59.754+0000] {dag.py:3722} INFO - Setting next_dagrun for example_branch_operator to 2023-12-14T00:00:00+00:00, run_after=2023-12-15T00:00:00+00:00
[2023-12-15T21:12:59.875+0000] {processor.py:179} INFO - Processing /home/airflow/.local/lib/python3.8/site-packages/airflow/example_dags/example_branch_operator.py took 0.437 seconds
[2023-12-15T21:13:34.574+0000] {processor.py:157} INFO - Started process (PID=396) to work on /home/airflow/.local/lib/python3.8/site-packages/airflow/example_dags/example_branch_operator.py
[2023-12-15T21:13:34.588+0000] {processor.py:829} INFO - Processing file /home/airflow/.local/lib/python3.8/site-packages/airflow/example_dags/example_branch_operator.py for tasks to queue
[2023-12-15T21:13:34.621+0000] {logging_mixin.py:154} INFO - [2023-12-15T21:13:34.620+0000] {dagbag.py:536} INFO - Filling up the DagBag from /home/airflow/.local/lib/python3.8/site-packages/airflow/example_dags/example_branch_operator.py
[2023-12-15T21:13:34.731+0000] {processor.py:839} INFO - DAG(s) dict_keys(['example_branch_operator']) retrieved from /home/airflow/.local/lib/python3.8/site-packages/airflow/example_dags/example_branch_operator.py
[2023-12-15T21:13:35.014+0000] {logging_mixin.py:154} INFO - [2023-12-15T21:13:35.014+0000] {dag.py:2941} INFO - Sync 1 DAGs
[2023-12-15T21:13:35.286+0000] {logging_mixin.py:154} INFO - [2023-12-15T21:13:35.286+0000] {dag.py:3722} INFO - Setting next_dagrun for example_branch_operator to 2023-12-14T00:00:00+00:00, run_after=2023-12-15T00:00:00+00:00
[2023-12-15T21:13:35.488+0000] {processor.py:179} INFO - Processing /home/airflow/.local/lib/python3.8/site-packages/airflow/example_dags/example_branch_operator.py took 0.971 seconds
[2023-12-15T21:14:05.639+0000] {processor.py:157} INFO - Started process (PID=452) to work on /home/airflow/.local/lib/python3.8/site-packages/airflow/example_dags/example_branch_operator.py
[2023-12-15T21:14:05.643+0000] {processor.py:829} INFO - Processing file /home/airflow/.local/lib/python3.8/site-packages/airflow/example_dags/example_branch_operator.py for tasks to queue
[2023-12-15T21:14:05.651+0000] {logging_mixin.py:154} INFO - [2023-12-15T21:14:05.650+0000] {dagbag.py:536} INFO - Filling up the DagBag from /home/airflow/.local/lib/python3.8/site-packages/airflow/example_dags/example_branch_operator.py
[2023-12-15T21:14:05.686+0000] {processor.py:839} INFO - DAG(s) dict_keys(['example_branch_operator']) retrieved from /home/airflow/.local/lib/python3.8/site-packages/airflow/example_dags/example_branch_operator.py
[2023-12-15T21:14:05.766+0000] {logging_mixin.py:154} INFO - [2023-12-15T21:14:05.764+0000] {dag.py:2941} INFO - Sync 1 DAGs
[2023-12-15T21:14:05.877+0000] {logging_mixin.py:154} INFO - [2023-12-15T21:14:05.876+0000] {dag.py:3722} INFO - Setting next_dagrun for example_branch_operator to 2023-12-14T00:00:00+00:00, run_after=2023-12-15T00:00:00+00:00
[2023-12-15T21:14:05.925+0000] {processor.py:179} INFO - Processing /home/airflow/.local/lib/python3.8/site-packages/airflow/example_dags/example_branch_operator.py took 0.301 seconds
[2023-12-15T21:14:36.240+0000] {processor.py:157} INFO - Started process (PID=508) to work on /home/airflow/.local/lib/python3.8/site-packages/airflow/example_dags/example_branch_operator.py
[2023-12-15T21:14:36.243+0000] {processor.py:829} INFO - Processing file /home/airflow/.local/lib/python3.8/site-packages/airflow/example_dags/example_branch_operator.py for tasks to queue
[2023-12-15T21:14:36.249+0000] {logging_mixin.py:154} INFO - [2023-12-15T21:14:36.248+0000] {dagbag.py:536} INFO - Filling up the DagBag from /home/airflow/.local/lib/python3.8/site-packages/airflow/example_dags/example_branch_operator.py
[2023-12-15T21:14:36.279+0000] {processor.py:839} INFO - DAG(s) dict_keys(['example_branch_operator']) retrieved from /home/airflow/.local/lib/python3.8/site-packages/airflow/example_dags/example_branch_operator.py
[2023-12-15T21:14:36.368+0000] {logging_mixin.py:154} INFO - [2023-12-15T21:14:36.368+0000] {dag.py:2941} INFO - Sync 1 DAGs
[2023-12-15T21:14:36.485+0000] {logging_mixin.py:154} INFO - [2023-12-15T21:14:36.485+0000] {dag.py:3722} INFO - Setting next_dagrun for example_branch_operator to 2023-12-14T00:00:00+00:00, run_after=2023-12-15T00:00:00+00:00
[2023-12-15T21:14:36.538+0000] {processor.py:179} INFO - Processing /home/airflow/.local/lib/python3.8/site-packages/airflow/example_dags/example_branch_operator.py took 0.310 seconds
[2023-12-15T21:15:07.247+0000] {processor.py:157} INFO - Started process (PID=565) to work on /home/airflow/.local/lib/python3.8/site-packages/airflow/example_dags/example_branch_operator.py
[2023-12-15T21:15:07.249+0000] {processor.py:829} INFO - Processing file /home/airflow/.local/lib/python3.8/site-packages/airflow/example_dags/example_branch_operator.py for tasks to queue
[2023-12-15T21:15:07.254+0000] {logging_mixin.py:154} INFO - [2023-12-15T21:15:07.254+0000] {dagbag.py:536} INFO - Filling up the DagBag from /home/airflow/.local/lib/python3.8/site-packages/airflow/example_dags/example_branch_operator.py
[2023-12-15T21:15:07.507+0000] {processor.py:839} INFO - DAG(s) dict_keys(['example_branch_operator']) retrieved from /home/airflow/.local/lib/python3.8/site-packages/airflow/example_dags/example_branch_operator.py
[2023-12-15T21:15:08.628+0000] {logging_mixin.py:154} INFO - [2023-12-15T21:15:08.627+0000] {dag.py:2941} INFO - Sync 1 DAGs
[2023-12-15T21:15:08.897+0000] {logging_mixin.py:154} INFO - [2023-12-15T21:15:08.897+0000] {dag.py:3722} INFO - Setting next_dagrun for example_branch_operator to 2023-12-14T00:00:00+00:00, run_after=2023-12-15T00:00:00+00:00
[2023-12-15T21:15:09.567+0000] {processor.py:179} INFO - Processing /home/airflow/.local/lib/python3.8/site-packages/airflow/example_dags/example_branch_operator.py took 2.333 seconds
[2023-12-15T21:15:45.348+0000] {processor.py:157} INFO - Started process (PID=622) to work on /home/airflow/.local/lib/python3.8/site-packages/airflow/example_dags/example_branch_operator.py
[2023-12-15T21:15:45.379+0000] {processor.py:829} INFO - Processing file /home/airflow/.local/lib/python3.8/site-packages/airflow/example_dags/example_branch_operator.py for tasks to queue
[2023-12-15T21:15:45.398+0000] {logging_mixin.py:154} INFO - [2023-12-15T21:15:45.397+0000] {dagbag.py:536} INFO - Filling up the DagBag from /home/airflow/.local/lib/python3.8/site-packages/airflow/example_dags/example_branch_operator.py
[2023-12-15T21:15:45.693+0000] {processor.py:839} INFO - DAG(s) dict_keys(['example_branch_operator']) retrieved from /home/airflow/.local/lib/python3.8/site-packages/airflow/example_dags/example_branch_operator.py
[2023-12-15T21:15:46.372+0000] {logging_mixin.py:154} INFO - [2023-12-15T21:15:46.372+0000] {dag.py:2941} INFO - Sync 1 DAGs
[2023-12-15T21:15:46.514+0000] {logging_mixin.py:154} INFO - [2023-12-15T21:15:46.513+0000] {dag.py:3722} INFO - Setting next_dagrun for example_branch_operator to 2023-12-14T00:00:00+00:00, run_after=2023-12-15T00:00:00+00:00
[2023-12-15T21:15:46.660+0000] {processor.py:179} INFO - Processing /home/airflow/.local/lib/python3.8/site-packages/airflow/example_dags/example_branch_operator.py took 1.325 seconds
[2023-12-15T21:16:37.585+0000] {processor.py:157} INFO - Started process (PID=688) to work on /home/airflow/.local/lib/python3.8/site-packages/airflow/example_dags/example_branch_operator.py
[2023-12-15T21:16:37.717+0000] {processor.py:829} INFO - Processing file /home/airflow/.local/lib/python3.8/site-packages/airflow/example_dags/example_branch_operator.py for tasks to queue
[2023-12-15T21:16:37.899+0000] {logging_mixin.py:154} INFO - [2023-12-15T21:16:37.890+0000] {dagbag.py:536} INFO - Filling up the DagBag from /home/airflow/.local/lib/python3.8/site-packages/airflow/example_dags/example_branch_operator.py
[2023-12-15T21:16:38.452+0000] {processor.py:839} INFO - DAG(s) dict_keys(['example_branch_operator']) retrieved from /home/airflow/.local/lib/python3.8/site-packages/airflow/example_dags/example_branch_operator.py
[2023-12-15T21:16:38.984+0000] {logging_mixin.py:154} INFO - [2023-12-15T21:16:38.984+0000] {dag.py:2941} INFO - Sync 1 DAGs
[2023-12-15T21:16:39.934+0000] {logging_mixin.py:154} INFO - [2023-12-15T21:16:39.927+0000] {dag.py:3722} INFO - Setting next_dagrun for example_branch_operator to 2023-12-14T00:00:00+00:00, run_after=2023-12-15T00:00:00+00:00
[2023-12-15T21:16:40.242+0000] {processor.py:179} INFO - Processing /home/airflow/.local/lib/python3.8/site-packages/airflow/example_dags/example_branch_operator.py took 2.912 seconds
[2023-12-15T21:17:14.376+0000] {processor.py:157} INFO - Started process (PID=745) to work on /home/airflow/.local/lib/python3.8/site-packages/airflow/example_dags/example_branch_operator.py
[2023-12-15T21:17:14.378+0000] {processor.py:829} INFO - Processing file /home/airflow/.local/lib/python3.8/site-packages/airflow/example_dags/example_branch_operator.py for tasks to queue
[2023-12-15T21:17:14.384+0000] {logging_mixin.py:154} INFO - [2023-12-15T21:17:14.384+0000] {dagbag.py:536} INFO - Filling up the DagBag from /home/airflow/.local/lib/python3.8/site-packages/airflow/example_dags/example_branch_operator.py
[2023-12-15T21:17:14.420+0000] {processor.py:839} INFO - DAG(s) dict_keys(['example_branch_operator']) retrieved from /home/airflow/.local/lib/python3.8/site-packages/airflow/example_dags/example_branch_operator.py
[2023-12-15T21:17:14.511+0000] {logging_mixin.py:154} INFO - [2023-12-15T21:17:14.510+0000] {dag.py:2941} INFO - Sync 1 DAGs
[2023-12-15T21:17:14.593+0000] {logging_mixin.py:154} INFO - [2023-12-15T21:17:14.592+0000] {dag.py:3722} INFO - Setting next_dagrun for example_branch_operator to 2023-12-14T00:00:00+00:00, run_after=2023-12-15T00:00:00+00:00
[2023-12-15T21:17:14.661+0000] {processor.py:179} INFO - Processing /home/airflow/.local/lib/python3.8/site-packages/airflow/example_dags/example_branch_operator.py took 0.313 seconds
[2023-12-15T21:28:33.847+0000] {processor.py:157} INFO - Started process (PID=110) to work on /home/airflow/.local/lib/python3.8/site-packages/airflow/example_dags/example_branch_operator.py
[2023-12-15T21:28:33.862+0000] {processor.py:829} INFO - Processing file /home/airflow/.local/lib/python3.8/site-packages/airflow/example_dags/example_branch_operator.py for tasks to queue
[2023-12-15T21:28:33.908+0000] {logging_mixin.py:154} INFO - [2023-12-15T21:28:33.907+0000] {dagbag.py:536} INFO - Filling up the DagBag from /home/airflow/.local/lib/python3.8/site-packages/airflow/example_dags/example_branch_operator.py
[2023-12-15T21:28:34.188+0000] {processor.py:839} INFO - DAG(s) dict_keys(['example_branch_operator']) retrieved from /home/airflow/.local/lib/python3.8/site-packages/airflow/example_dags/example_branch_operator.py
[2023-12-15T21:28:35.093+0000] {logging_mixin.py:154} INFO - [2023-12-15T21:28:35.092+0000] {dag.py:2941} INFO - Sync 1 DAGs
[2023-12-15T21:28:36.098+0000] {logging_mixin.py:154} INFO - [2023-12-15T21:28:36.091+0000] {dag.py:3722} INFO - Setting next_dagrun for example_branch_operator to 2023-12-14T00:00:00+00:00, run_after=2023-12-15T00:00:00+00:00
[2023-12-15T21:28:37.243+0000] {processor.py:179} INFO - Processing /home/airflow/.local/lib/python3.8/site-packages/airflow/example_dags/example_branch_operator.py took 3.451 seconds
[2023-12-15T21:29:38.782+0000] {processor.py:157} INFO - Started process (PID=179) to work on /home/airflow/.local/lib/python3.8/site-packages/airflow/example_dags/example_branch_operator.py
[2023-12-15T21:29:38.812+0000] {processor.py:829} INFO - Processing file /home/airflow/.local/lib/python3.8/site-packages/airflow/example_dags/example_branch_operator.py for tasks to queue
[2023-12-15T21:29:38.888+0000] {logging_mixin.py:154} INFO - [2023-12-15T21:29:38.887+0000] {dagbag.py:536} INFO - Filling up the DagBag from /home/airflow/.local/lib/python3.8/site-packages/airflow/example_dags/example_branch_operator.py
[2023-12-15T21:29:39.072+0000] {processor.py:839} INFO - DAG(s) dict_keys(['example_branch_operator']) retrieved from /home/airflow/.local/lib/python3.8/site-packages/airflow/example_dags/example_branch_operator.py
[2023-12-15T21:29:39.562+0000] {logging_mixin.py:154} INFO - [2023-12-15T21:29:39.562+0000] {dag.py:2941} INFO - Sync 1 DAGs
[2023-12-15T21:29:39.981+0000] {logging_mixin.py:154} INFO - [2023-12-15T21:29:39.980+0000] {dag.py:3722} INFO - Setting next_dagrun for example_branch_operator to 2023-12-14T00:00:00+00:00, run_after=2023-12-15T00:00:00+00:00
[2023-12-15T21:29:40.336+0000] {processor.py:179} INFO - Processing /home/airflow/.local/lib/python3.8/site-packages/airflow/example_dags/example_branch_operator.py took 1.650 seconds
[2023-12-15T21:35:50.452+0000] {processor.py:157} INFO - Started process (PID=97) to work on /home/airflow/.local/lib/python3.8/site-packages/airflow/example_dags/example_branch_operator.py
[2023-12-15T21:35:50.465+0000] {processor.py:829} INFO - Processing file /home/airflow/.local/lib/python3.8/site-packages/airflow/example_dags/example_branch_operator.py for tasks to queue
[2023-12-15T21:35:50.483+0000] {logging_mixin.py:154} INFO - [2023-12-15T21:35:50.478+0000] {dagbag.py:536} INFO - Filling up the DagBag from /home/airflow/.local/lib/python3.8/site-packages/airflow/example_dags/example_branch_operator.py
[2023-12-15T21:35:50.592+0000] {processor.py:839} INFO - DAG(s) dict_keys(['example_branch_operator']) retrieved from /home/airflow/.local/lib/python3.8/site-packages/airflow/example_dags/example_branch_operator.py
[2023-12-15T21:35:50.881+0000] {logging_mixin.py:154} INFO - [2023-12-15T21:35:50.881+0000] {dag.py:2941} INFO - Sync 1 DAGs
[2023-12-15T21:35:51.184+0000] {logging_mixin.py:154} INFO - [2023-12-15T21:35:51.184+0000] {dag.py:3722} INFO - Setting next_dagrun for example_branch_operator to 2023-12-14T00:00:00+00:00, run_after=2023-12-15T00:00:00+00:00
[2023-12-15T21:35:51.357+0000] {processor.py:179} INFO - Processing /home/airflow/.local/lib/python3.8/site-packages/airflow/example_dags/example_branch_operator.py took 0.932 seconds
[2023-12-15T21:36:32.520+0000] {processor.py:157} INFO - Started process (PID=159) to work on /home/airflow/.local/lib/python3.8/site-packages/airflow/example_dags/example_branch_operator.py
[2023-12-15T21:36:32.546+0000] {processor.py:829} INFO - Processing file /home/airflow/.local/lib/python3.8/site-packages/airflow/example_dags/example_branch_operator.py for tasks to queue
[2023-12-15T21:36:32.609+0000] {logging_mixin.py:154} INFO - [2023-12-15T21:36:32.607+0000] {dagbag.py:536} INFO - Filling up the DagBag from /home/airflow/.local/lib/python3.8/site-packages/airflow/example_dags/example_branch_operator.py
[2023-12-15T21:36:32.793+0000] {processor.py:839} INFO - DAG(s) dict_keys(['example_branch_operator']) retrieved from /home/airflow/.local/lib/python3.8/site-packages/airflow/example_dags/example_branch_operator.py
[2023-12-15T21:36:33.200+0000] {logging_mixin.py:154} INFO - [2023-12-15T21:36:33.189+0000] {dag.py:2941} INFO - Sync 1 DAGs
[2023-12-15T21:36:33.736+0000] {logging_mixin.py:154} INFO - [2023-12-15T21:36:33.734+0000] {dag.py:3722} INFO - Setting next_dagrun for example_branch_operator to 2023-12-14T00:00:00+00:00, run_after=2023-12-15T00:00:00+00:00
[2023-12-15T21:36:34.044+0000] {processor.py:179} INFO - Processing /home/airflow/.local/lib/python3.8/site-packages/airflow/example_dags/example_branch_operator.py took 1.593 seconds
[2023-12-15T21:37:04.440+0000] {processor.py:157} INFO - Started process (PID=215) to work on /home/airflow/.local/lib/python3.8/site-packages/airflow/example_dags/example_branch_operator.py
[2023-12-15T21:37:04.443+0000] {processor.py:829} INFO - Processing file /home/airflow/.local/lib/python3.8/site-packages/airflow/example_dags/example_branch_operator.py for tasks to queue
[2023-12-15T21:37:04.450+0000] {logging_mixin.py:154} INFO - [2023-12-15T21:37:04.449+0000] {dagbag.py:536} INFO - Filling up the DagBag from /home/airflow/.local/lib/python3.8/site-packages/airflow/example_dags/example_branch_operator.py
[2023-12-15T21:37:04.476+0000] {processor.py:839} INFO - DAG(s) dict_keys(['example_branch_operator']) retrieved from /home/airflow/.local/lib/python3.8/site-packages/airflow/example_dags/example_branch_operator.py
[2023-12-15T21:37:04.534+0000] {logging_mixin.py:154} INFO - [2023-12-15T21:37:04.533+0000] {dag.py:2941} INFO - Sync 1 DAGs
[2023-12-15T21:37:04.593+0000] {logging_mixin.py:154} INFO - [2023-12-15T21:37:04.593+0000] {dag.py:3722} INFO - Setting next_dagrun for example_branch_operator to 2023-12-14T00:00:00+00:00, run_after=2023-12-15T00:00:00+00:00
[2023-12-15T21:37:04.634+0000] {processor.py:179} INFO - Processing /home/airflow/.local/lib/python3.8/site-packages/airflow/example_dags/example_branch_operator.py took 0.206 seconds
[2023-12-15T21:37:34.958+0000] {processor.py:157} INFO - Started process (PID=270) to work on /home/airflow/.local/lib/python3.8/site-packages/airflow/example_dags/example_branch_operator.py
[2023-12-15T21:37:34.961+0000] {processor.py:829} INFO - Processing file /home/airflow/.local/lib/python3.8/site-packages/airflow/example_dags/example_branch_operator.py for tasks to queue
[2023-12-15T21:37:34.967+0000] {logging_mixin.py:154} INFO - [2023-12-15T21:37:34.965+0000] {dagbag.py:536} INFO - Filling up the DagBag from /home/airflow/.local/lib/python3.8/site-packages/airflow/example_dags/example_branch_operator.py
[2023-12-15T21:37:35.026+0000] {processor.py:839} INFO - DAG(s) dict_keys(['example_branch_operator']) retrieved from /home/airflow/.local/lib/python3.8/site-packages/airflow/example_dags/example_branch_operator.py
[2023-12-15T21:37:35.102+0000] {logging_mixin.py:154} INFO - [2023-12-15T21:37:35.101+0000] {dag.py:2941} INFO - Sync 1 DAGs
[2023-12-15T21:37:35.158+0000] {logging_mixin.py:154} INFO - [2023-12-15T21:37:35.158+0000] {dag.py:3722} INFO - Setting next_dagrun for example_branch_operator to 2023-12-14T00:00:00+00:00, run_after=2023-12-15T00:00:00+00:00
[2023-12-15T21:37:35.202+0000] {processor.py:179} INFO - Processing /home/airflow/.local/lib/python3.8/site-packages/airflow/example_dags/example_branch_operator.py took 0.257 seconds
[2023-12-15T21:38:21.804+0000] {processor.py:157} INFO - Started process (PID=325) to work on /home/airflow/.local/lib/python3.8/site-packages/airflow/example_dags/example_branch_operator.py
[2023-12-15T21:38:21.806+0000] {processor.py:829} INFO - Processing file /home/airflow/.local/lib/python3.8/site-packages/airflow/example_dags/example_branch_operator.py for tasks to queue
[2023-12-15T21:38:21.819+0000] {logging_mixin.py:154} INFO - [2023-12-15T21:38:21.818+0000] {dagbag.py:536} INFO - Filling up the DagBag from /home/airflow/.local/lib/python3.8/site-packages/airflow/example_dags/example_branch_operator.py
[2023-12-15T21:38:22.083+0000] {processor.py:839} INFO - DAG(s) dict_keys(['example_branch_operator']) retrieved from /home/airflow/.local/lib/python3.8/site-packages/airflow/example_dags/example_branch_operator.py
[2023-12-15T21:38:22.357+0000] {logging_mixin.py:154} INFO - [2023-12-15T21:38:22.356+0000] {dag.py:2941} INFO - Sync 1 DAGs
[2023-12-15T21:38:22.718+0000] {logging_mixin.py:154} INFO - [2023-12-15T21:38:22.718+0000] {dag.py:3722} INFO - Setting next_dagrun for example_branch_operator to 2023-12-14T00:00:00+00:00, run_after=2023-12-15T00:00:00+00:00
[2023-12-15T21:38:23.034+0000] {processor.py:179} INFO - Processing /home/airflow/.local/lib/python3.8/site-packages/airflow/example_dags/example_branch_operator.py took 1.272 seconds
[2023-12-15T21:39:21.925+0000] {processor.py:157} INFO - Started process (PID=382) to work on /home/airflow/.local/lib/python3.8/site-packages/airflow/example_dags/example_branch_operator.py
[2023-12-15T21:39:21.929+0000] {processor.py:829} INFO - Processing file /home/airflow/.local/lib/python3.8/site-packages/airflow/example_dags/example_branch_operator.py for tasks to queue
[2023-12-15T21:39:21.939+0000] {logging_mixin.py:154} INFO - [2023-12-15T21:39:21.937+0000] {dagbag.py:536} INFO - Filling up the DagBag from /home/airflow/.local/lib/python3.8/site-packages/airflow/example_dags/example_branch_operator.py
[2023-12-15T21:39:22.061+0000] {processor.py:839} INFO - DAG(s) dict_keys(['example_branch_operator']) retrieved from /home/airflow/.local/lib/python3.8/site-packages/airflow/example_dags/example_branch_operator.py
[2023-12-15T21:39:22.208+0000] {logging_mixin.py:154} INFO - [2023-12-15T21:39:22.208+0000] {dag.py:2941} INFO - Sync 1 DAGs
[2023-12-15T21:39:22.429+0000] {logging_mixin.py:154} INFO - [2023-12-15T21:39:22.426+0000] {dag.py:3722} INFO - Setting next_dagrun for example_branch_operator to 2023-12-14T00:00:00+00:00, run_after=2023-12-15T00:00:00+00:00
[2023-12-15T21:39:22.576+0000] {processor.py:179} INFO - Processing /home/airflow/.local/lib/python3.8/site-packages/airflow/example_dags/example_branch_operator.py took 0.700 seconds
[2023-12-15T21:39:53.459+0000] {processor.py:157} INFO - Started process (PID=438) to work on /home/airflow/.local/lib/python3.8/site-packages/airflow/example_dags/example_branch_operator.py
[2023-12-15T21:39:53.463+0000] {processor.py:829} INFO - Processing file /home/airflow/.local/lib/python3.8/site-packages/airflow/example_dags/example_branch_operator.py for tasks to queue
[2023-12-15T21:39:53.470+0000] {logging_mixin.py:154} INFO - [2023-12-15T21:39:53.469+0000] {dagbag.py:536} INFO - Filling up the DagBag from /home/airflow/.local/lib/python3.8/site-packages/airflow/example_dags/example_branch_operator.py
[2023-12-15T21:39:53.539+0000] {processor.py:839} INFO - DAG(s) dict_keys(['example_branch_operator']) retrieved from /home/airflow/.local/lib/python3.8/site-packages/airflow/example_dags/example_branch_operator.py
[2023-12-15T21:39:53.737+0000] {logging_mixin.py:154} INFO - [2023-12-15T21:39:53.736+0000] {dag.py:2941} INFO - Sync 1 DAGs
[2023-12-15T21:39:53.866+0000] {logging_mixin.py:154} INFO - [2023-12-15T21:39:53.865+0000] {dag.py:3722} INFO - Setting next_dagrun for example_branch_operator to 2023-12-14T00:00:00+00:00, run_after=2023-12-15T00:00:00+00:00
[2023-12-15T21:39:54.115+0000] {processor.py:179} INFO - Processing /home/airflow/.local/lib/python3.8/site-packages/airflow/example_dags/example_branch_operator.py took 0.678 seconds
[2023-12-15T21:40:25.325+0000] {processor.py:157} INFO - Started process (PID=494) to work on /home/airflow/.local/lib/python3.8/site-packages/airflow/example_dags/example_branch_operator.py
[2023-12-15T21:40:25.663+0000] {processor.py:829} INFO - Processing file /home/airflow/.local/lib/python3.8/site-packages/airflow/example_dags/example_branch_operator.py for tasks to queue
[2023-12-15T21:40:25.759+0000] {logging_mixin.py:154} INFO - [2023-12-15T21:40:25.758+0000] {dagbag.py:536} INFO - Filling up the DagBag from /home/airflow/.local/lib/python3.8/site-packages/airflow/example_dags/example_branch_operator.py
[2023-12-15T21:40:26.070+0000] {processor.py:839} INFO - DAG(s) dict_keys(['example_branch_operator']) retrieved from /home/airflow/.local/lib/python3.8/site-packages/airflow/example_dags/example_branch_operator.py
[2023-12-15T21:40:26.719+0000] {logging_mixin.py:154} INFO - [2023-12-15T21:40:26.718+0000] {dag.py:2941} INFO - Sync 1 DAGs
[2023-12-15T21:40:27.399+0000] {logging_mixin.py:154} INFO - [2023-12-15T21:40:27.399+0000] {dag.py:3722} INFO - Setting next_dagrun for example_branch_operator to 2023-12-14T00:00:00+00:00, run_after=2023-12-15T00:00:00+00:00
[2023-12-15T21:40:27.781+0000] {processor.py:179} INFO - Processing /home/airflow/.local/lib/python3.8/site-packages/airflow/example_dags/example_branch_operator.py took 2.837 seconds
[2023-12-15T21:46:33.011+0000] {processor.py:157} INFO - Started process (PID=112) to work on /home/airflow/.local/lib/python3.8/site-packages/airflow/example_dags/example_branch_operator.py
[2023-12-15T21:46:33.046+0000] {processor.py:829} INFO - Processing file /home/airflow/.local/lib/python3.8/site-packages/airflow/example_dags/example_branch_operator.py for tasks to queue
[2023-12-15T21:46:33.103+0000] {logging_mixin.py:154} INFO - [2023-12-15T21:46:33.102+0000] {dagbag.py:536} INFO - Filling up the DagBag from /home/airflow/.local/lib/python3.8/site-packages/airflow/example_dags/example_branch_operator.py
[2023-12-15T21:46:33.462+0000] {processor.py:839} INFO - DAG(s) dict_keys(['example_branch_operator']) retrieved from /home/airflow/.local/lib/python3.8/site-packages/airflow/example_dags/example_branch_operator.py
[2023-12-15T21:46:34.424+0000] {logging_mixin.py:154} INFO - [2023-12-15T21:46:34.424+0000] {dag.py:2941} INFO - Sync 1 DAGs
[2023-12-15T21:46:35.301+0000] {logging_mixin.py:154} INFO - [2023-12-15T21:46:35.301+0000] {dag.py:3722} INFO - Setting next_dagrun for example_branch_operator to 2023-12-14T00:00:00+00:00, run_after=2023-12-15T00:00:00+00:00
[2023-12-15T21:46:35.832+0000] {processor.py:179} INFO - Processing /home/airflow/.local/lib/python3.8/site-packages/airflow/example_dags/example_branch_operator.py took 2.915 seconds
