[2023-12-15T20:49:58.138+0000] {processor.py:157} INFO - Started process (PID=46) to work on /home/airflow/.local/lib/python3.8/site-packages/airflow/example_dags/example_sensor_decorator.py
[2023-12-15T20:49:58.140+0000] {processor.py:829} INFO - Processing file /home/airflow/.local/lib/python3.8/site-packages/airflow/example_dags/example_sensor_decorator.py for tasks to queue
[2023-12-15T20:49:58.156+0000] {logging_mixin.py:154} INFO - [2023-12-15T20:49:58.156+0000] {dagbag.py:536} INFO - Filling up the DagBag from /home/airflow/.local/lib/python3.8/site-packages/airflow/example_dags/example_sensor_decorator.py
[2023-12-15T20:49:58.257+0000] {processor.py:839} INFO - DAG(s) dict_keys(['example_sensor_decorator']) retrieved from /home/airflow/.local/lib/python3.8/site-packages/airflow/example_dags/example_sensor_decorator.py
[2023-12-15T20:49:59.144+0000] {logging_mixin.py:154} INFO - [2023-12-15T20:49:59.144+0000] {manager.py:499} INFO - Created Permission View: %s
[2023-12-15T20:49:59.208+0000] {logging_mixin.py:154} INFO - [2023-12-15T20:49:59.208+0000] {manager.py:499} INFO - Created Permission View: %s
[2023-12-15T20:49:59.287+0000] {logging_mixin.py:154} INFO - [2023-12-15T20:49:59.286+0000] {manager.py:499} INFO - Created Permission View: %s
[2023-12-15T20:49:59.287+0000] {logging_mixin.py:154} INFO - [2023-12-15T20:49:59.287+0000] {dag.py:2941} INFO - Sync 1 DAGs
[2023-12-15T20:49:59.541+0000] {logging_mixin.py:154} INFO - [2023-12-15T20:49:59.540+0000] {dag.py:2963} INFO - Creating ORM DAG for example_sensor_decorator
[2023-12-15T20:49:59.542+0000] {logging_mixin.py:154} INFO - [2023-12-15T20:49:59.542+0000] {dag.py:3722} INFO - Setting next_dagrun for example_sensor_decorator to None, run_after=None
[2023-12-15T20:49:59.714+0000] {processor.py:179} INFO - Processing /home/airflow/.local/lib/python3.8/site-packages/airflow/example_dags/example_sensor_decorator.py took 1.617 seconds
[2023-12-15T20:50:30.980+0000] {processor.py:157} INFO - Started process (PID=100) to work on /home/airflow/.local/lib/python3.8/site-packages/airflow/example_dags/example_sensor_decorator.py
[2023-12-15T20:50:30.982+0000] {processor.py:829} INFO - Processing file /home/airflow/.local/lib/python3.8/site-packages/airflow/example_dags/example_sensor_decorator.py for tasks to queue
[2023-12-15T20:50:30.987+0000] {logging_mixin.py:154} INFO - [2023-12-15T20:50:30.987+0000] {dagbag.py:536} INFO - Filling up the DagBag from /home/airflow/.local/lib/python3.8/site-packages/airflow/example_dags/example_sensor_decorator.py
[2023-12-15T20:50:30.997+0000] {processor.py:839} INFO - DAG(s) dict_keys(['example_sensor_decorator']) retrieved from /home/airflow/.local/lib/python3.8/site-packages/airflow/example_dags/example_sensor_decorator.py
[2023-12-15T20:50:31.033+0000] {logging_mixin.py:154} INFO - [2023-12-15T20:50:31.033+0000] {dag.py:2941} INFO - Sync 1 DAGs
[2023-12-15T20:50:31.061+0000] {logging_mixin.py:154} INFO - [2023-12-15T20:50:31.061+0000] {dag.py:3722} INFO - Setting next_dagrun for example_sensor_decorator to None, run_after=None
[2023-12-15T20:50:31.116+0000] {processor.py:179} INFO - Processing /home/airflow/.local/lib/python3.8/site-packages/airflow/example_dags/example_sensor_decorator.py took 0.142 seconds
[2023-12-15T21:10:43.870+0000] {processor.py:157} INFO - Started process (PID=116) to work on /home/airflow/.local/lib/python3.8/site-packages/airflow/example_dags/example_sensor_decorator.py
[2023-12-15T21:10:43.904+0000] {processor.py:829} INFO - Processing file /home/airflow/.local/lib/python3.8/site-packages/airflow/example_dags/example_sensor_decorator.py for tasks to queue
[2023-12-15T21:10:43.956+0000] {logging_mixin.py:154} INFO - [2023-12-15T21:10:43.955+0000] {dagbag.py:536} INFO - Filling up the DagBag from /home/airflow/.local/lib/python3.8/site-packages/airflow/example_dags/example_sensor_decorator.py
[2023-12-15T21:10:44.126+0000] {processor.py:839} INFO - DAG(s) dict_keys(['example_sensor_decorator']) retrieved from /home/airflow/.local/lib/python3.8/site-packages/airflow/example_dags/example_sensor_decorator.py
[2023-12-15T21:10:44.402+0000] {logging_mixin.py:154} INFO - [2023-12-15T21:10:44.401+0000] {dag.py:2941} INFO - Sync 1 DAGs
[2023-12-15T21:10:44.522+0000] {logging_mixin.py:154} INFO - [2023-12-15T21:10:44.522+0000] {dag.py:3722} INFO - Setting next_dagrun for example_sensor_decorator to None, run_after=None
[2023-12-15T21:10:44.628+0000] {processor.py:179} INFO - Processing /home/airflow/.local/lib/python3.8/site-packages/airflow/example_dags/example_sensor_decorator.py took 0.863 seconds
[2023-12-15T21:11:14.966+0000] {processor.py:157} INFO - Started process (PID=177) to work on /home/airflow/.local/lib/python3.8/site-packages/airflow/example_dags/example_sensor_decorator.py
[2023-12-15T21:11:14.968+0000] {processor.py:829} INFO - Processing file /home/airflow/.local/lib/python3.8/site-packages/airflow/example_dags/example_sensor_decorator.py for tasks to queue
[2023-12-15T21:11:14.974+0000] {logging_mixin.py:154} INFO - [2023-12-15T21:11:14.973+0000] {dagbag.py:536} INFO - Filling up the DagBag from /home/airflow/.local/lib/python3.8/site-packages/airflow/example_dags/example_sensor_decorator.py
[2023-12-15T21:11:14.995+0000] {processor.py:839} INFO - DAG(s) dict_keys(['example_sensor_decorator']) retrieved from /home/airflow/.local/lib/python3.8/site-packages/airflow/example_dags/example_sensor_decorator.py
[2023-12-15T21:11:15.057+0000] {logging_mixin.py:154} INFO - [2023-12-15T21:11:15.056+0000] {dag.py:2941} INFO - Sync 1 DAGs
[2023-12-15T21:11:15.109+0000] {logging_mixin.py:154} INFO - [2023-12-15T21:11:15.106+0000] {dag.py:3722} INFO - Setting next_dagrun for example_sensor_decorator to None, run_after=None
[2023-12-15T21:11:15.170+0000] {processor.py:179} INFO - Processing /home/airflow/.local/lib/python3.8/site-packages/airflow/example_dags/example_sensor_decorator.py took 0.217 seconds
[2023-12-15T21:11:45.600+0000] {processor.py:157} INFO - Started process (PID=231) to work on /home/airflow/.local/lib/python3.8/site-packages/airflow/example_dags/example_sensor_decorator.py
[2023-12-15T21:11:45.602+0000] {processor.py:829} INFO - Processing file /home/airflow/.local/lib/python3.8/site-packages/airflow/example_dags/example_sensor_decorator.py for tasks to queue
[2023-12-15T21:11:45.609+0000] {logging_mixin.py:154} INFO - [2023-12-15T21:11:45.608+0000] {dagbag.py:536} INFO - Filling up the DagBag from /home/airflow/.local/lib/python3.8/site-packages/airflow/example_dags/example_sensor_decorator.py
[2023-12-15T21:11:45.631+0000] {processor.py:839} INFO - DAG(s) dict_keys(['example_sensor_decorator']) retrieved from /home/airflow/.local/lib/python3.8/site-packages/airflow/example_dags/example_sensor_decorator.py
[2023-12-15T21:11:45.687+0000] {logging_mixin.py:154} INFO - [2023-12-15T21:11:45.687+0000] {dag.py:2941} INFO - Sync 1 DAGs
[2023-12-15T21:11:45.724+0000] {logging_mixin.py:154} INFO - [2023-12-15T21:11:45.723+0000] {dag.py:3722} INFO - Setting next_dagrun for example_sensor_decorator to None, run_after=None
[2023-12-15T21:11:45.796+0000] {processor.py:179} INFO - Processing /home/airflow/.local/lib/python3.8/site-packages/airflow/example_dags/example_sensor_decorator.py took 0.204 seconds
[2023-12-15T21:12:18.034+0000] {processor.py:157} INFO - Started process (PID=263) to work on /home/airflow/.local/lib/python3.8/site-packages/airflow/example_dags/example_sensor_decorator.py
[2023-12-15T21:12:18.041+0000] {processor.py:829} INFO - Processing file /home/airflow/.local/lib/python3.8/site-packages/airflow/example_dags/example_sensor_decorator.py for tasks to queue
[2023-12-15T21:12:18.060+0000] {logging_mixin.py:154} INFO - [2023-12-15T21:12:18.059+0000] {dagbag.py:536} INFO - Filling up the DagBag from /home/airflow/.local/lib/python3.8/site-packages/airflow/example_dags/example_sensor_decorator.py
[2023-12-15T21:12:18.123+0000] {processor.py:839} INFO - DAG(s) dict_keys(['example_sensor_decorator']) retrieved from /home/airflow/.local/lib/python3.8/site-packages/airflow/example_dags/example_sensor_decorator.py
[2023-12-15T21:12:18.385+0000] {logging_mixin.py:154} INFO - [2023-12-15T21:12:18.384+0000] {dag.py:2941} INFO - Sync 1 DAGs
[2023-12-15T21:12:18.516+0000] {logging_mixin.py:154} INFO - [2023-12-15T21:12:18.516+0000] {dag.py:3722} INFO - Setting next_dagrun for example_sensor_decorator to None, run_after=None
[2023-12-15T21:12:18.708+0000] {processor.py:179} INFO - Processing /home/airflow/.local/lib/python3.8/site-packages/airflow/example_dags/example_sensor_decorator.py took 0.702 seconds
[2023-12-15T21:12:49.416+0000] {processor.py:157} INFO - Started process (PID=319) to work on /home/airflow/.local/lib/python3.8/site-packages/airflow/example_dags/example_sensor_decorator.py
[2023-12-15T21:12:49.433+0000] {processor.py:829} INFO - Processing file /home/airflow/.local/lib/python3.8/site-packages/airflow/example_dags/example_sensor_decorator.py for tasks to queue
[2023-12-15T21:12:49.462+0000] {logging_mixin.py:154} INFO - [2023-12-15T21:12:49.460+0000] {dagbag.py:536} INFO - Filling up the DagBag from /home/airflow/.local/lib/python3.8/site-packages/airflow/example_dags/example_sensor_decorator.py
[2023-12-15T21:12:49.542+0000] {processor.py:839} INFO - DAG(s) dict_keys(['example_sensor_decorator']) retrieved from /home/airflow/.local/lib/python3.8/site-packages/airflow/example_dags/example_sensor_decorator.py
[2023-12-15T21:12:49.766+0000] {logging_mixin.py:154} INFO - [2023-12-15T21:12:49.766+0000] {dag.py:2941} INFO - Sync 1 DAGs
[2023-12-15T21:12:49.890+0000] {logging_mixin.py:154} INFO - [2023-12-15T21:12:49.890+0000] {dag.py:3722} INFO - Setting next_dagrun for example_sensor_decorator to None, run_after=None
[2023-12-15T21:12:50.089+0000] {processor.py:179} INFO - Processing /home/airflow/.local/lib/python3.8/site-packages/airflow/example_dags/example_sensor_decorator.py took 0.717 seconds
[2023-12-15T21:13:20.461+0000] {processor.py:157} INFO - Started process (PID=375) to work on /home/airflow/.local/lib/python3.8/site-packages/airflow/example_dags/example_sensor_decorator.py
[2023-12-15T21:13:20.464+0000] {processor.py:829} INFO - Processing file /home/airflow/.local/lib/python3.8/site-packages/airflow/example_dags/example_sensor_decorator.py for tasks to queue
[2023-12-15T21:13:20.474+0000] {logging_mixin.py:154} INFO - [2023-12-15T21:13:20.473+0000] {dagbag.py:536} INFO - Filling up the DagBag from /home/airflow/.local/lib/python3.8/site-packages/airflow/example_dags/example_sensor_decorator.py
[2023-12-15T21:13:20.497+0000] {processor.py:839} INFO - DAG(s) dict_keys(['example_sensor_decorator']) retrieved from /home/airflow/.local/lib/python3.8/site-packages/airflow/example_dags/example_sensor_decorator.py
[2023-12-15T21:13:20.572+0000] {logging_mixin.py:154} INFO - [2023-12-15T21:13:20.572+0000] {dag.py:2941} INFO - Sync 1 DAGs
[2023-12-15T21:13:20.636+0000] {logging_mixin.py:154} INFO - [2023-12-15T21:13:20.636+0000] {dag.py:3722} INFO - Setting next_dagrun for example_sensor_decorator to None, run_after=None
[2023-12-15T21:13:20.685+0000] {processor.py:179} INFO - Processing /home/airflow/.local/lib/python3.8/site-packages/airflow/example_dags/example_sensor_decorator.py took 0.238 seconds
[2023-12-15T21:13:51.537+0000] {processor.py:157} INFO - Started process (PID=431) to work on /home/airflow/.local/lib/python3.8/site-packages/airflow/example_dags/example_sensor_decorator.py
[2023-12-15T21:13:51.541+0000] {processor.py:829} INFO - Processing file /home/airflow/.local/lib/python3.8/site-packages/airflow/example_dags/example_sensor_decorator.py for tasks to queue
[2023-12-15T21:13:51.548+0000] {logging_mixin.py:154} INFO - [2023-12-15T21:13:51.547+0000] {dagbag.py:536} INFO - Filling up the DagBag from /home/airflow/.local/lib/python3.8/site-packages/airflow/example_dags/example_sensor_decorator.py
[2023-12-15T21:13:51.567+0000] {processor.py:839} INFO - DAG(s) dict_keys(['example_sensor_decorator']) retrieved from /home/airflow/.local/lib/python3.8/site-packages/airflow/example_dags/example_sensor_decorator.py
[2023-12-15T21:13:51.628+0000] {logging_mixin.py:154} INFO - [2023-12-15T21:13:51.628+0000] {dag.py:2941} INFO - Sync 1 DAGs
[2023-12-15T21:13:51.660+0000] {logging_mixin.py:154} INFO - [2023-12-15T21:13:51.660+0000] {dag.py:3722} INFO - Setting next_dagrun for example_sensor_decorator to None, run_after=None
[2023-12-15T21:13:51.708+0000] {processor.py:179} INFO - Processing /home/airflow/.local/lib/python3.8/site-packages/airflow/example_dags/example_sensor_decorator.py took 0.179 seconds
[2023-12-15T21:14:25.130+0000] {processor.py:157} INFO - Started process (PID=485) to work on /home/airflow/.local/lib/python3.8/site-packages/airflow/example_dags/example_sensor_decorator.py
[2023-12-15T21:14:25.136+0000] {processor.py:829} INFO - Processing file /home/airflow/.local/lib/python3.8/site-packages/airflow/example_dags/example_sensor_decorator.py for tasks to queue
[2023-12-15T21:14:25.145+0000] {logging_mixin.py:154} INFO - [2023-12-15T21:14:25.144+0000] {dagbag.py:536} INFO - Filling up the DagBag from /home/airflow/.local/lib/python3.8/site-packages/airflow/example_dags/example_sensor_decorator.py
[2023-12-15T21:14:25.184+0000] {processor.py:839} INFO - DAG(s) dict_keys(['example_sensor_decorator']) retrieved from /home/airflow/.local/lib/python3.8/site-packages/airflow/example_dags/example_sensor_decorator.py
[2023-12-15T21:14:25.379+0000] {logging_mixin.py:154} INFO - [2023-12-15T21:14:25.378+0000] {dag.py:2941} INFO - Sync 1 DAGs
[2023-12-15T21:14:25.472+0000] {logging_mixin.py:154} INFO - [2023-12-15T21:14:25.472+0000] {dag.py:3722} INFO - Setting next_dagrun for example_sensor_decorator to None, run_after=None
[2023-12-15T21:14:25.526+0000] {processor.py:179} INFO - Processing /home/airflow/.local/lib/python3.8/site-packages/airflow/example_dags/example_sensor_decorator.py took 0.421 seconds
[2023-12-15T21:14:59.878+0000] {processor.py:157} INFO - Started process (PID=542) to work on /home/airflow/.local/lib/python3.8/site-packages/airflow/example_dags/example_sensor_decorator.py
[2023-12-15T21:14:59.892+0000] {processor.py:829} INFO - Processing file /home/airflow/.local/lib/python3.8/site-packages/airflow/example_dags/example_sensor_decorator.py for tasks to queue
[2023-12-15T21:14:59.906+0000] {logging_mixin.py:154} INFO - [2023-12-15T21:14:59.905+0000] {dagbag.py:536} INFO - Filling up the DagBag from /home/airflow/.local/lib/python3.8/site-packages/airflow/example_dags/example_sensor_decorator.py
[2023-12-15T21:14:59.952+0000] {processor.py:839} INFO - DAG(s) dict_keys(['example_sensor_decorator']) retrieved from /home/airflow/.local/lib/python3.8/site-packages/airflow/example_dags/example_sensor_decorator.py
[2023-12-15T21:15:00.100+0000] {logging_mixin.py:154} INFO - [2023-12-15T21:15:00.100+0000] {dag.py:2941} INFO - Sync 1 DAGs
[2023-12-15T21:15:00.202+0000] {logging_mixin.py:154} INFO - [2023-12-15T21:15:00.201+0000] {dag.py:3722} INFO - Setting next_dagrun for example_sensor_decorator to None, run_after=None
[2023-12-15T21:15:00.282+0000] {processor.py:179} INFO - Processing /home/airflow/.local/lib/python3.8/site-packages/airflow/example_dags/example_sensor_decorator.py took 0.416 seconds
[2023-12-15T21:15:30.773+0000] {processor.py:157} INFO - Started process (PID=596) to work on /home/airflow/.local/lib/python3.8/site-packages/airflow/example_dags/example_sensor_decorator.py
[2023-12-15T21:15:30.776+0000] {processor.py:829} INFO - Processing file /home/airflow/.local/lib/python3.8/site-packages/airflow/example_dags/example_sensor_decorator.py for tasks to queue
[2023-12-15T21:15:30.781+0000] {logging_mixin.py:154} INFO - [2023-12-15T21:15:30.781+0000] {dagbag.py:536} INFO - Filling up the DagBag from /home/airflow/.local/lib/python3.8/site-packages/airflow/example_dags/example_sensor_decorator.py
[2023-12-15T21:15:30.798+0000] {processor.py:839} INFO - DAG(s) dict_keys(['example_sensor_decorator']) retrieved from /home/airflow/.local/lib/python3.8/site-packages/airflow/example_dags/example_sensor_decorator.py
[2023-12-15T21:15:30.948+0000] {logging_mixin.py:154} INFO - [2023-12-15T21:15:30.948+0000] {dag.py:2941} INFO - Sync 1 DAGs
[2023-12-15T21:15:31.092+0000] {logging_mixin.py:154} INFO - [2023-12-15T21:15:31.092+0000] {dag.py:3722} INFO - Setting next_dagrun for example_sensor_decorator to None, run_after=None
[2023-12-15T21:15:31.203+0000] {processor.py:179} INFO - Processing /home/airflow/.local/lib/python3.8/site-packages/airflow/example_dags/example_sensor_decorator.py took 0.442 seconds
[2023-12-15T21:16:01.756+0000] {processor.py:157} INFO - Started process (PID=652) to work on /home/airflow/.local/lib/python3.8/site-packages/airflow/example_dags/example_sensor_decorator.py
[2023-12-15T21:16:01.763+0000] {processor.py:829} INFO - Processing file /home/airflow/.local/lib/python3.8/site-packages/airflow/example_dags/example_sensor_decorator.py for tasks to queue
[2023-12-15T21:16:01.772+0000] {logging_mixin.py:154} INFO - [2023-12-15T21:16:01.771+0000] {dagbag.py:536} INFO - Filling up the DagBag from /home/airflow/.local/lib/python3.8/site-packages/airflow/example_dags/example_sensor_decorator.py
[2023-12-15T21:16:01.807+0000] {processor.py:839} INFO - DAG(s) dict_keys(['example_sensor_decorator']) retrieved from /home/airflow/.local/lib/python3.8/site-packages/airflow/example_dags/example_sensor_decorator.py
[2023-12-15T21:16:01.895+0000] {logging_mixin.py:154} INFO - [2023-12-15T21:16:01.894+0000] {dag.py:2941} INFO - Sync 1 DAGs
[2023-12-15T21:16:01.954+0000] {logging_mixin.py:154} INFO - [2023-12-15T21:16:01.953+0000] {dag.py:3722} INFO - Setting next_dagrun for example_sensor_decorator to None, run_after=None
[2023-12-15T21:16:02.018+0000] {processor.py:179} INFO - Processing /home/airflow/.local/lib/python3.8/site-packages/airflow/example_dags/example_sensor_decorator.py took 0.279 seconds
[2023-12-15T21:16:44.167+0000] {processor.py:157} INFO - Started process (PID=694) to work on /home/airflow/.local/lib/python3.8/site-packages/airflow/example_dags/example_sensor_decorator.py
[2023-12-15T21:16:44.189+0000] {processor.py:829} INFO - Processing file /home/airflow/.local/lib/python3.8/site-packages/airflow/example_dags/example_sensor_decorator.py for tasks to queue
[2023-12-15T21:16:44.262+0000] {logging_mixin.py:154} INFO - [2023-12-15T21:16:44.261+0000] {dagbag.py:536} INFO - Filling up the DagBag from /home/airflow/.local/lib/python3.8/site-packages/airflow/example_dags/example_sensor_decorator.py
[2023-12-15T21:16:44.467+0000] {processor.py:839} INFO - DAG(s) dict_keys(['example_sensor_decorator']) retrieved from /home/airflow/.local/lib/python3.8/site-packages/airflow/example_dags/example_sensor_decorator.py
[2023-12-15T21:16:45.016+0000] {logging_mixin.py:154} INFO - [2023-12-15T21:16:45.016+0000] {dag.py:2941} INFO - Sync 1 DAGs
[2023-12-15T21:16:45.207+0000] {logging_mixin.py:154} INFO - [2023-12-15T21:16:45.206+0000] {dag.py:3722} INFO - Setting next_dagrun for example_sensor_decorator to None, run_after=None
[2023-12-15T21:16:45.426+0000] {processor.py:179} INFO - Processing /home/airflow/.local/lib/python3.8/site-packages/airflow/example_dags/example_sensor_decorator.py took 1.335 seconds
[2023-12-15T21:17:15.759+0000] {processor.py:157} INFO - Started process (PID=748) to work on /home/airflow/.local/lib/python3.8/site-packages/airflow/example_dags/example_sensor_decorator.py
[2023-12-15T21:17:15.762+0000] {processor.py:829} INFO - Processing file /home/airflow/.local/lib/python3.8/site-packages/airflow/example_dags/example_sensor_decorator.py for tasks to queue
[2023-12-15T21:17:15.769+0000] {logging_mixin.py:154} INFO - [2023-12-15T21:17:15.768+0000] {dagbag.py:536} INFO - Filling up the DagBag from /home/airflow/.local/lib/python3.8/site-packages/airflow/example_dags/example_sensor_decorator.py
[2023-12-15T21:17:15.788+0000] {processor.py:839} INFO - DAG(s) dict_keys(['example_sensor_decorator']) retrieved from /home/airflow/.local/lib/python3.8/site-packages/airflow/example_dags/example_sensor_decorator.py
[2023-12-15T21:17:15.850+0000] {logging_mixin.py:154} INFO - [2023-12-15T21:17:15.849+0000] {dag.py:2941} INFO - Sync 1 DAGs
[2023-12-15T21:17:15.881+0000] {logging_mixin.py:154} INFO - [2023-12-15T21:17:15.881+0000] {dag.py:3722} INFO - Setting next_dagrun for example_sensor_decorator to None, run_after=None
[2023-12-15T21:17:15.931+0000] {processor.py:179} INFO - Processing /home/airflow/.local/lib/python3.8/site-packages/airflow/example_dags/example_sensor_decorator.py took 0.182 seconds
[2023-12-15T21:17:47.530+0000] {processor.py:157} INFO - Started process (PID=788) to work on /home/airflow/.local/lib/python3.8/site-packages/airflow/example_dags/example_sensor_decorator.py
[2023-12-15T21:17:47.548+0000] {processor.py:829} INFO - Processing file /home/airflow/.local/lib/python3.8/site-packages/airflow/example_dags/example_sensor_decorator.py for tasks to queue
[2023-12-15T21:17:47.577+0000] {logging_mixin.py:154} INFO - [2023-12-15T21:17:47.572+0000] {dagbag.py:536} INFO - Filling up the DagBag from /home/airflow/.local/lib/python3.8/site-packages/airflow/example_dags/example_sensor_decorator.py
[2023-12-15T21:17:47.658+0000] {processor.py:839} INFO - DAG(s) dict_keys(['example_sensor_decorator']) retrieved from /home/airflow/.local/lib/python3.8/site-packages/airflow/example_dags/example_sensor_decorator.py
[2023-12-15T21:17:47.981+0000] {logging_mixin.py:154} INFO - [2023-12-15T21:17:47.981+0000] {dag.py:2941} INFO - Sync 1 DAGs
[2023-12-15T21:17:48.126+0000] {logging_mixin.py:154} INFO - [2023-12-15T21:17:48.126+0000] {dag.py:3722} INFO - Setting next_dagrun for example_sensor_decorator to None, run_after=None
[2023-12-15T21:17:48.362+0000] {processor.py:179} INFO - Processing /home/airflow/.local/lib/python3.8/site-packages/airflow/example_dags/example_sensor_decorator.py took 0.854 seconds
[2023-12-15T21:22:45.344+0000] {processor.py:157} INFO - Started process (PID=60) to work on /home/airflow/.local/lib/python3.8/site-packages/airflow/example_dags/example_sensor_decorator.py
[2023-12-15T21:22:45.360+0000] {processor.py:829} INFO - Processing file /home/airflow/.local/lib/python3.8/site-packages/airflow/example_dags/example_sensor_decorator.py for tasks to queue
[2023-12-15T21:22:45.391+0000] {logging_mixin.py:154} INFO - [2023-12-15T21:22:45.378+0000] {dagbag.py:536} INFO - Filling up the DagBag from /home/airflow/.local/lib/python3.8/site-packages/airflow/example_dags/example_sensor_decorator.py
[2023-12-15T21:22:45.548+0000] {processor.py:839} INFO - DAG(s) dict_keys(['example_sensor_decorator']) retrieved from /home/airflow/.local/lib/python3.8/site-packages/airflow/example_dags/example_sensor_decorator.py
[2023-12-15T21:22:45.861+0000] {logging_mixin.py:154} INFO - [2023-12-15T21:22:45.860+0000] {dag.py:2941} INFO - Sync 1 DAGs
[2023-12-15T21:22:46.035+0000] {logging_mixin.py:154} INFO - [2023-12-15T21:22:46.035+0000] {dag.py:3722} INFO - Setting next_dagrun for example_sensor_decorator to None, run_after=None
[2023-12-15T21:22:46.381+0000] {processor.py:179} INFO - Processing /home/airflow/.local/lib/python3.8/site-packages/airflow/example_dags/example_sensor_decorator.py took 1.105 seconds
[2023-12-15T21:27:26.601+0000] {processor.py:157} INFO - Started process (PID=57) to work on /home/airflow/.local/lib/python3.8/site-packages/airflow/example_dags/example_sensor_decorator.py
[2023-12-15T21:27:26.627+0000] {processor.py:829} INFO - Processing file /home/airflow/.local/lib/python3.8/site-packages/airflow/example_dags/example_sensor_decorator.py for tasks to queue
[2023-12-15T21:27:26.675+0000] {logging_mixin.py:154} INFO - [2023-12-15T21:27:26.664+0000] {dagbag.py:536} INFO - Filling up the DagBag from /home/airflow/.local/lib/python3.8/site-packages/airflow/example_dags/example_sensor_decorator.py
[2023-12-15T21:27:26.801+0000] {processor.py:839} INFO - DAG(s) dict_keys(['example_sensor_decorator']) retrieved from /home/airflow/.local/lib/python3.8/site-packages/airflow/example_dags/example_sensor_decorator.py
[2023-12-15T21:27:27.169+0000] {logging_mixin.py:154} INFO - [2023-12-15T21:27:27.169+0000] {dag.py:2941} INFO - Sync 1 DAGs
[2023-12-15T21:27:27.397+0000] {logging_mixin.py:154} INFO - [2023-12-15T21:27:27.397+0000] {dag.py:3722} INFO - Setting next_dagrun for example_sensor_decorator to None, run_after=None
[2023-12-15T21:27:27.698+0000] {processor.py:179} INFO - Processing /home/airflow/.local/lib/python3.8/site-packages/airflow/example_dags/example_sensor_decorator.py took 1.148 seconds
[2023-12-15T21:29:05.971+0000] {processor.py:157} INFO - Started process (PID=128) to work on /home/airflow/.local/lib/python3.8/site-packages/airflow/example_dags/example_sensor_decorator.py
[2023-12-15T21:29:05.988+0000] {processor.py:829} INFO - Processing file /home/airflow/.local/lib/python3.8/site-packages/airflow/example_dags/example_sensor_decorator.py for tasks to queue
[2023-12-15T21:29:06.005+0000] {logging_mixin.py:154} INFO - [2023-12-15T21:29:06.004+0000] {dagbag.py:536} INFO - Filling up the DagBag from /home/airflow/.local/lib/python3.8/site-packages/airflow/example_dags/example_sensor_decorator.py
[2023-12-15T21:29:06.064+0000] {processor.py:839} INFO - DAG(s) dict_keys(['example_sensor_decorator']) retrieved from /home/airflow/.local/lib/python3.8/site-packages/airflow/example_dags/example_sensor_decorator.py
[2023-12-15T21:29:06.826+0000] {logging_mixin.py:154} INFO - [2023-12-15T21:29:06.825+0000] {dag.py:2941} INFO - Sync 1 DAGs
[2023-12-15T21:29:07.526+0000] {logging_mixin.py:154} INFO - [2023-12-15T21:29:07.526+0000] {dag.py:3722} INFO - Setting next_dagrun for example_sensor_decorator to None, run_after=None
[2023-12-15T21:29:07.882+0000] {processor.py:179} INFO - Processing /home/airflow/.local/lib/python3.8/site-packages/airflow/example_dags/example_sensor_decorator.py took 1.960 seconds
[2023-12-15T21:29:45.394+0000] {processor.py:157} INFO - Started process (PID=189) to work on /home/airflow/.local/lib/python3.8/site-packages/airflow/example_dags/example_sensor_decorator.py
[2023-12-15T21:29:45.408+0000] {processor.py:829} INFO - Processing file /home/airflow/.local/lib/python3.8/site-packages/airflow/example_dags/example_sensor_decorator.py for tasks to queue
[2023-12-15T21:29:45.413+0000] {logging_mixin.py:154} INFO - [2023-12-15T21:29:45.413+0000] {dagbag.py:536} INFO - Filling up the DagBag from /home/airflow/.local/lib/python3.8/site-packages/airflow/example_dags/example_sensor_decorator.py
[2023-12-15T21:29:45.497+0000] {processor.py:839} INFO - DAG(s) dict_keys(['example_sensor_decorator']) retrieved from /home/airflow/.local/lib/python3.8/site-packages/airflow/example_dags/example_sensor_decorator.py
[2023-12-15T21:29:45.749+0000] {logging_mixin.py:154} INFO - [2023-12-15T21:29:45.748+0000] {dag.py:2941} INFO - Sync 1 DAGs
[2023-12-15T21:29:45.871+0000] {logging_mixin.py:154} INFO - [2023-12-15T21:29:45.871+0000] {dag.py:3722} INFO - Setting next_dagrun for example_sensor_decorator to None, run_after=None
[2023-12-15T21:29:46.194+0000] {processor.py:179} INFO - Processing /home/airflow/.local/lib/python3.8/site-packages/airflow/example_dags/example_sensor_decorator.py took 0.818 seconds
[2023-12-15T21:35:11.247+0000] {processor.py:157} INFO - Started process (PID=52) to work on /home/airflow/.local/lib/python3.8/site-packages/airflow/example_dags/example_sensor_decorator.py
[2023-12-15T21:35:11.260+0000] {processor.py:829} INFO - Processing file /home/airflow/.local/lib/python3.8/site-packages/airflow/example_dags/example_sensor_decorator.py for tasks to queue
[2023-12-15T21:35:11.276+0000] {logging_mixin.py:154} INFO - [2023-12-15T21:35:11.271+0000] {dagbag.py:536} INFO - Filling up the DagBag from /home/airflow/.local/lib/python3.8/site-packages/airflow/example_dags/example_sensor_decorator.py
[2023-12-15T21:35:11.449+0000] {processor.py:839} INFO - DAG(s) dict_keys(['example_sensor_decorator']) retrieved from /home/airflow/.local/lib/python3.8/site-packages/airflow/example_dags/example_sensor_decorator.py
[2023-12-15T21:35:11.671+0000] {logging_mixin.py:154} INFO - [2023-12-15T21:35:11.671+0000] {dag.py:2941} INFO - Sync 1 DAGs
[2023-12-15T21:35:11.822+0000] {logging_mixin.py:154} INFO - [2023-12-15T21:35:11.821+0000] {dag.py:3722} INFO - Setting next_dagrun for example_sensor_decorator to None, run_after=None
[2023-12-15T21:35:12.216+0000] {processor.py:179} INFO - Processing /home/airflow/.local/lib/python3.8/site-packages/airflow/example_dags/example_sensor_decorator.py took 1.001 seconds
[2023-12-15T21:36:00.014+0000] {processor.py:157} INFO - Started process (PID=112) to work on /home/airflow/.local/lib/python3.8/site-packages/airflow/example_dags/example_sensor_decorator.py
[2023-12-15T21:36:00.046+0000] {processor.py:829} INFO - Processing file /home/airflow/.local/lib/python3.8/site-packages/airflow/example_dags/example_sensor_decorator.py for tasks to queue
[2023-12-15T21:36:00.073+0000] {logging_mixin.py:154} INFO - [2023-12-15T21:36:00.072+0000] {dagbag.py:536} INFO - Filling up the DagBag from /home/airflow/.local/lib/python3.8/site-packages/airflow/example_dags/example_sensor_decorator.py
[2023-12-15T21:36:00.177+0000] {processor.py:839} INFO - DAG(s) dict_keys(['example_sensor_decorator']) retrieved from /home/airflow/.local/lib/python3.8/site-packages/airflow/example_dags/example_sensor_decorator.py
[2023-12-15T21:36:00.542+0000] {logging_mixin.py:154} INFO - [2023-12-15T21:36:00.542+0000] {dag.py:2941} INFO - Sync 1 DAGs
[2023-12-15T21:36:00.729+0000] {logging_mixin.py:154} INFO - [2023-12-15T21:36:00.729+0000] {dag.py:3722} INFO - Setting next_dagrun for example_sensor_decorator to None, run_after=None
[2023-12-15T21:36:00.972+0000] {processor.py:179} INFO - Processing /home/airflow/.local/lib/python3.8/site-packages/airflow/example_dags/example_sensor_decorator.py took 0.997 seconds
[2023-12-15T21:36:35.486+0000] {processor.py:157} INFO - Started process (PID=162) to work on /home/airflow/.local/lib/python3.8/site-packages/airflow/example_dags/example_sensor_decorator.py
[2023-12-15T21:36:35.505+0000] {processor.py:829} INFO - Processing file /home/airflow/.local/lib/python3.8/site-packages/airflow/example_dags/example_sensor_decorator.py for tasks to queue
[2023-12-15T21:36:35.517+0000] {logging_mixin.py:154} INFO - [2023-12-15T21:36:35.516+0000] {dagbag.py:536} INFO - Filling up the DagBag from /home/airflow/.local/lib/python3.8/site-packages/airflow/example_dags/example_sensor_decorator.py
[2023-12-15T21:36:35.603+0000] {processor.py:839} INFO - DAG(s) dict_keys(['example_sensor_decorator']) retrieved from /home/airflow/.local/lib/python3.8/site-packages/airflow/example_dags/example_sensor_decorator.py
[2023-12-15T21:36:35.879+0000] {logging_mixin.py:154} INFO - [2023-12-15T21:36:35.878+0000] {dag.py:2941} INFO - Sync 1 DAGs
[2023-12-15T21:36:36.107+0000] {logging_mixin.py:154} INFO - [2023-12-15T21:36:36.106+0000] {dag.py:3722} INFO - Setting next_dagrun for example_sensor_decorator to None, run_after=None
[2023-12-15T21:36:36.345+0000] {processor.py:179} INFO - Processing /home/airflow/.local/lib/python3.8/site-packages/airflow/example_dags/example_sensor_decorator.py took 0.978 seconds
[2023-12-15T21:37:06.600+0000] {processor.py:157} INFO - Started process (PID=218) to work on /home/airflow/.local/lib/python3.8/site-packages/airflow/example_dags/example_sensor_decorator.py
[2023-12-15T21:37:06.604+0000] {processor.py:829} INFO - Processing file /home/airflow/.local/lib/python3.8/site-packages/airflow/example_dags/example_sensor_decorator.py for tasks to queue
[2023-12-15T21:37:06.615+0000] {logging_mixin.py:154} INFO - [2023-12-15T21:37:06.614+0000] {dagbag.py:536} INFO - Filling up the DagBag from /home/airflow/.local/lib/python3.8/site-packages/airflow/example_dags/example_sensor_decorator.py
[2023-12-15T21:37:06.657+0000] {processor.py:839} INFO - DAG(s) dict_keys(['example_sensor_decorator']) retrieved from /home/airflow/.local/lib/python3.8/site-packages/airflow/example_dags/example_sensor_decorator.py
[2023-12-15T21:37:06.732+0000] {logging_mixin.py:154} INFO - [2023-12-15T21:37:06.732+0000] {dag.py:2941} INFO - Sync 1 DAGs
[2023-12-15T21:37:06.785+0000] {logging_mixin.py:154} INFO - [2023-12-15T21:37:06.784+0000] {dag.py:3722} INFO - Setting next_dagrun for example_sensor_decorator to None, run_after=None
[2023-12-15T21:37:06.858+0000] {processor.py:179} INFO - Processing /home/airflow/.local/lib/python3.8/site-packages/airflow/example_dags/example_sensor_decorator.py took 0.276 seconds
[2023-12-15T21:37:37.382+0000] {processor.py:157} INFO - Started process (PID=273) to work on /home/airflow/.local/lib/python3.8/site-packages/airflow/example_dags/example_sensor_decorator.py
[2023-12-15T21:37:37.386+0000] {processor.py:829} INFO - Processing file /home/airflow/.local/lib/python3.8/site-packages/airflow/example_dags/example_sensor_decorator.py for tasks to queue
[2023-12-15T21:37:37.393+0000] {logging_mixin.py:154} INFO - [2023-12-15T21:37:37.392+0000] {dagbag.py:536} INFO - Filling up the DagBag from /home/airflow/.local/lib/python3.8/site-packages/airflow/example_dags/example_sensor_decorator.py
[2023-12-15T21:37:37.419+0000] {processor.py:839} INFO - DAG(s) dict_keys(['example_sensor_decorator']) retrieved from /home/airflow/.local/lib/python3.8/site-packages/airflow/example_dags/example_sensor_decorator.py
[2023-12-15T21:37:37.485+0000] {logging_mixin.py:154} INFO - [2023-12-15T21:37:37.484+0000] {dag.py:2941} INFO - Sync 1 DAGs
[2023-12-15T21:37:37.521+0000] {logging_mixin.py:154} INFO - [2023-12-15T21:37:37.520+0000] {dag.py:3722} INFO - Setting next_dagrun for example_sensor_decorator to None, run_after=None
[2023-12-15T21:37:37.579+0000] {processor.py:179} INFO - Processing /home/airflow/.local/lib/python3.8/site-packages/airflow/example_dags/example_sensor_decorator.py took 0.214 seconds
[2023-12-15T21:38:10.097+0000] {processor.py:157} INFO - Started process (PID=286) to work on /home/airflow/.local/lib/python3.8/site-packages/airflow/example_dags/example_sensor_decorator.py
[2023-12-15T21:38:10.100+0000] {processor.py:829} INFO - Processing file /home/airflow/.local/lib/python3.8/site-packages/airflow/example_dags/example_sensor_decorator.py for tasks to queue
[2023-12-15T21:38:10.110+0000] {logging_mixin.py:154} INFO - [2023-12-15T21:38:10.108+0000] {dagbag.py:536} INFO - Filling up the DagBag from /home/airflow/.local/lib/python3.8/site-packages/airflow/example_dags/example_sensor_decorator.py
[2023-12-15T21:38:10.133+0000] {processor.py:839} INFO - DAG(s) dict_keys(['example_sensor_decorator']) retrieved from /home/airflow/.local/lib/python3.8/site-packages/airflow/example_dags/example_sensor_decorator.py
[2023-12-15T21:38:10.221+0000] {logging_mixin.py:154} INFO - [2023-12-15T21:38:10.221+0000] {dag.py:2941} INFO - Sync 1 DAGs
[2023-12-15T21:38:10.324+0000] {logging_mixin.py:154} INFO - [2023-12-15T21:38:10.323+0000] {dag.py:3722} INFO - Setting next_dagrun for example_sensor_decorator to None, run_after=None
[2023-12-15T21:38:10.452+0000] {processor.py:179} INFO - Processing /home/airflow/.local/lib/python3.8/site-packages/airflow/example_dags/example_sensor_decorator.py took 0.367 seconds
[2023-12-15T21:38:41.108+0000] {processor.py:157} INFO - Started process (PID=340) to work on /home/airflow/.local/lib/python3.8/site-packages/airflow/example_dags/example_sensor_decorator.py
[2023-12-15T21:38:41.114+0000] {processor.py:829} INFO - Processing file /home/airflow/.local/lib/python3.8/site-packages/airflow/example_dags/example_sensor_decorator.py for tasks to queue
[2023-12-15T21:38:41.128+0000] {logging_mixin.py:154} INFO - [2023-12-15T21:38:41.123+0000] {dagbag.py:536} INFO - Filling up the DagBag from /home/airflow/.local/lib/python3.8/site-packages/airflow/example_dags/example_sensor_decorator.py
[2023-12-15T21:38:41.212+0000] {processor.py:839} INFO - DAG(s) dict_keys(['example_sensor_decorator']) retrieved from /home/airflow/.local/lib/python3.8/site-packages/airflow/example_dags/example_sensor_decorator.py
[2023-12-15T21:38:41.388+0000] {logging_mixin.py:154} INFO - [2023-12-15T21:38:41.388+0000] {dag.py:2941} INFO - Sync 1 DAGs
[2023-12-15T21:38:41.532+0000] {logging_mixin.py:154} INFO - [2023-12-15T21:38:41.532+0000] {dag.py:3722} INFO - Setting next_dagrun for example_sensor_decorator to None, run_after=None
[2023-12-15T21:38:41.647+0000] {processor.py:179} INFO - Processing /home/airflow/.local/lib/python3.8/site-packages/airflow/example_dags/example_sensor_decorator.py took 0.632 seconds
[2023-12-15T21:39:25.523+0000] {processor.py:157} INFO - Started process (PID=394) to work on /home/airflow/.local/lib/python3.8/site-packages/airflow/example_dags/example_sensor_decorator.py
[2023-12-15T21:39:25.602+0000] {processor.py:829} INFO - Processing file /home/airflow/.local/lib/python3.8/site-packages/airflow/example_dags/example_sensor_decorator.py for tasks to queue
[2023-12-15T21:39:25.627+0000] {logging_mixin.py:154} INFO - [2023-12-15T21:39:25.626+0000] {dagbag.py:536} INFO - Filling up the DagBag from /home/airflow/.local/lib/python3.8/site-packages/airflow/example_dags/example_sensor_decorator.py
[2023-12-15T21:39:25.834+0000] {processor.py:839} INFO - DAG(s) dict_keys(['example_sensor_decorator']) retrieved from /home/airflow/.local/lib/python3.8/site-packages/airflow/example_dags/example_sensor_decorator.py
[2023-12-15T21:39:26.262+0000] {logging_mixin.py:154} INFO - [2023-12-15T21:39:26.262+0000] {dag.py:2941} INFO - Sync 1 DAGs
[2023-12-15T21:39:26.553+0000] {logging_mixin.py:154} INFO - [2023-12-15T21:39:26.551+0000] {dag.py:3722} INFO - Setting next_dagrun for example_sensor_decorator to None, run_after=None
[2023-12-15T21:39:27.019+0000] {processor.py:179} INFO - Processing /home/airflow/.local/lib/python3.8/site-packages/airflow/example_dags/example_sensor_decorator.py took 1.567 seconds
[2023-12-15T21:39:57.586+0000] {processor.py:157} INFO - Started process (PID=448) to work on /home/airflow/.local/lib/python3.8/site-packages/airflow/example_dags/example_sensor_decorator.py
[2023-12-15T21:39:57.588+0000] {processor.py:829} INFO - Processing file /home/airflow/.local/lib/python3.8/site-packages/airflow/example_dags/example_sensor_decorator.py for tasks to queue
[2023-12-15T21:39:57.593+0000] {logging_mixin.py:154} INFO - [2023-12-15T21:39:57.593+0000] {dagbag.py:536} INFO - Filling up the DagBag from /home/airflow/.local/lib/python3.8/site-packages/airflow/example_dags/example_sensor_decorator.py
[2023-12-15T21:39:57.613+0000] {processor.py:839} INFO - DAG(s) dict_keys(['example_sensor_decorator']) retrieved from /home/airflow/.local/lib/python3.8/site-packages/airflow/example_dags/example_sensor_decorator.py
[2023-12-15T21:39:57.713+0000] {logging_mixin.py:154} INFO - [2023-12-15T21:39:57.711+0000] {dag.py:2941} INFO - Sync 1 DAGs
[2023-12-15T21:39:57.808+0000] {logging_mixin.py:154} INFO - [2023-12-15T21:39:57.808+0000] {dag.py:3722} INFO - Setting next_dagrun for example_sensor_decorator to None, run_after=None
[2023-12-15T21:39:57.869+0000] {processor.py:179} INFO - Processing /home/airflow/.local/lib/python3.8/site-packages/airflow/example_dags/example_sensor_decorator.py took 0.301 seconds
[2023-12-15T21:40:32.421+0000] {processor.py:157} INFO - Started process (PID=505) to work on /home/airflow/.local/lib/python3.8/site-packages/airflow/example_dags/example_sensor_decorator.py
[2023-12-15T21:40:32.470+0000] {processor.py:829} INFO - Processing file /home/airflow/.local/lib/python3.8/site-packages/airflow/example_dags/example_sensor_decorator.py for tasks to queue
[2023-12-15T21:40:32.693+0000] {logging_mixin.py:154} INFO - [2023-12-15T21:40:32.678+0000] {dagbag.py:536} INFO - Filling up the DagBag from /home/airflow/.local/lib/python3.8/site-packages/airflow/example_dags/example_sensor_decorator.py
[2023-12-15T21:40:33.249+0000] {processor.py:839} INFO - DAG(s) dict_keys(['example_sensor_decorator']) retrieved from /home/airflow/.local/lib/python3.8/site-packages/airflow/example_dags/example_sensor_decorator.py
[2023-12-15T21:40:34.302+0000] {logging_mixin.py:154} INFO - [2023-12-15T21:40:34.301+0000] {dag.py:2941} INFO - Sync 1 DAGs
[2023-12-15T21:40:35.019+0000] {logging_mixin.py:154} INFO - [2023-12-15T21:40:35.018+0000] {dag.py:3722} INFO - Setting next_dagrun for example_sensor_decorator to None, run_after=None
[2023-12-15T21:44:59.126+0000] {processor.py:157} INFO - Started process (PID=53) to work on /home/airflow/.local/lib/python3.8/site-packages/airflow/example_dags/example_sensor_decorator.py
[2023-12-15T21:44:59.138+0000] {processor.py:829} INFO - Processing file /home/airflow/.local/lib/python3.8/site-packages/airflow/example_dags/example_sensor_decorator.py for tasks to queue
[2023-12-15T21:44:59.176+0000] {logging_mixin.py:154} INFO - [2023-12-15T21:44:59.143+0000] {dagbag.py:536} INFO - Filling up the DagBag from /home/airflow/.local/lib/python3.8/site-packages/airflow/example_dags/example_sensor_decorator.py
[2023-12-15T21:44:59.292+0000] {processor.py:839} INFO - DAG(s) dict_keys(['example_sensor_decorator']) retrieved from /home/airflow/.local/lib/python3.8/site-packages/airflow/example_dags/example_sensor_decorator.py
[2023-12-15T21:44:59.977+0000] {logging_mixin.py:154} INFO - [2023-12-15T21:44:59.977+0000] {dag.py:2941} INFO - Sync 1 DAGs
[2023-12-15T21:45:00.194+0000] {logging_mixin.py:154} INFO - [2023-12-15T21:45:00.194+0000] {dag.py:3722} INFO - Setting next_dagrun for example_sensor_decorator to None, run_after=None
[2023-12-15T21:45:00.352+0000] {processor.py:179} INFO - Processing /home/airflow/.local/lib/python3.8/site-packages/airflow/example_dags/example_sensor_decorator.py took 1.362 seconds
[2023-12-15T21:46:59.906+0000] {processor.py:157} INFO - Started process (PID=130) to work on /home/airflow/.local/lib/python3.8/site-packages/airflow/example_dags/example_sensor_decorator.py
[2023-12-15T21:46:59.928+0000] {processor.py:829} INFO - Processing file /home/airflow/.local/lib/python3.8/site-packages/airflow/example_dags/example_sensor_decorator.py for tasks to queue
[2023-12-15T21:46:59.950+0000] {logging_mixin.py:154} INFO - [2023-12-15T21:46:59.949+0000] {dagbag.py:536} INFO - Filling up the DagBag from /home/airflow/.local/lib/python3.8/site-packages/airflow/example_dags/example_sensor_decorator.py
[2023-12-15T21:47:00.146+0000] {processor.py:839} INFO - DAG(s) dict_keys(['example_sensor_decorator']) retrieved from /home/airflow/.local/lib/python3.8/site-packages/airflow/example_dags/example_sensor_decorator.py
[2023-12-15T21:47:00.828+0000] {logging_mixin.py:154} INFO - [2023-12-15T21:47:00.807+0000] {dag.py:2941} INFO - Sync 1 DAGs
[2023-12-15T21:47:01.408+0000] {logging_mixin.py:154} INFO - [2023-12-15T21:47:01.407+0000] {dag.py:3722} INFO - Setting next_dagrun for example_sensor_decorator to None, run_after=None
[2023-12-15T21:47:02.183+0000] {processor.py:179} INFO - Processing /home/airflow/.local/lib/python3.8/site-packages/airflow/example_dags/example_sensor_decorator.py took 2.373 seconds
[2023-12-15T21:47:41.187+0000] {processor.py:157} INFO - Started process (PID=166) to work on /home/airflow/.local/lib/python3.8/site-packages/airflow/example_dags/example_sensor_decorator.py
[2023-12-15T21:47:41.197+0000] {processor.py:829} INFO - Processing file /home/airflow/.local/lib/python3.8/site-packages/airflow/example_dags/example_sensor_decorator.py for tasks to queue
[2023-12-15T21:47:41.264+0000] {logging_mixin.py:154} INFO - [2023-12-15T21:47:41.263+0000] {dagbag.py:536} INFO - Filling up the DagBag from /home/airflow/.local/lib/python3.8/site-packages/airflow/example_dags/example_sensor_decorator.py
[2023-12-15T21:47:41.417+0000] {processor.py:839} INFO - DAG(s) dict_keys(['example_sensor_decorator']) retrieved from /home/airflow/.local/lib/python3.8/site-packages/airflow/example_dags/example_sensor_decorator.py
[2023-12-15T21:47:41.694+0000] {logging_mixin.py:154} INFO - [2023-12-15T21:47:41.693+0000] {dag.py:2941} INFO - Sync 1 DAGs
[2023-12-15T21:47:41.877+0000] {logging_mixin.py:154} INFO - [2023-12-15T21:47:41.877+0000] {dag.py:3722} INFO - Setting next_dagrun for example_sensor_decorator to None, run_after=None
[2023-12-15T21:47:42.227+0000] {processor.py:179} INFO - Processing /home/airflow/.local/lib/python3.8/site-packages/airflow/example_dags/example_sensor_decorator.py took 1.130 seconds
[2023-12-15T21:53:48.641+0000] {processor.py:157} INFO - Started process (PID=67) to work on /home/airflow/.local/lib/python3.8/site-packages/airflow/example_dags/example_sensor_decorator.py
[2023-12-15T21:53:48.664+0000] {processor.py:829} INFO - Processing file /home/airflow/.local/lib/python3.8/site-packages/airflow/example_dags/example_sensor_decorator.py for tasks to queue
[2023-12-15T21:53:48.717+0000] {logging_mixin.py:154} INFO - [2023-12-15T21:53:48.716+0000] {dagbag.py:536} INFO - Filling up the DagBag from /home/airflow/.local/lib/python3.8/site-packages/airflow/example_dags/example_sensor_decorator.py
[2023-12-15T21:53:49.099+0000] {processor.py:839} INFO - DAG(s) dict_keys(['example_sensor_decorator']) retrieved from /home/airflow/.local/lib/python3.8/site-packages/airflow/example_dags/example_sensor_decorator.py
[2023-12-15T21:53:49.635+0000] {logging_mixin.py:154} INFO - [2023-12-15T21:53:49.635+0000] {dag.py:2941} INFO - Sync 1 DAGs
[2023-12-15T21:53:50.137+0000] {logging_mixin.py:154} INFO - [2023-12-15T21:53:50.137+0000] {dag.py:3722} INFO - Setting next_dagrun for example_sensor_decorator to None, run_after=None
[2023-12-15T21:53:50.758+0000] {processor.py:179} INFO - Processing /home/airflow/.local/lib/python3.8/site-packages/airflow/example_dags/example_sensor_decorator.py took 2.261 seconds
                                                                                                                                                                                                                                                                                                                                                                                                                                                                                                                                                                                                                                                                                                                                                                                                                                                                                                                                                                                                                                                                                                                                                                                                                                                                                                                                                                                                                                                                                                                                                                                                                                                                                                                                                                                                                                                                                                                                                                                                     