[2023-12-15T20:50:27.987+0000] {processor.py:157} INFO - Started process (PID=90) to work on /home/airflow/.local/lib/python3.8/site-packages/airflow/example_dags/example_sensors.py
[2023-12-15T20:50:27.989+0000] {processor.py:829} INFO - Processing file /home/airflow/.local/lib/python3.8/site-packages/airflow/example_dags/example_sensors.py for tasks to queue
[2023-12-15T20:50:28.015+0000] {logging_mixin.py:154} INFO - [2023-12-15T20:50:28.014+0000] {dagbag.py:536} INFO - Filling up the DagBag from /home/airflow/.local/lib/python3.8/site-packages/airflow/example_dags/example_sensors.py
[2023-12-15T20:50:28.049+0000] {processor.py:839} INFO - DAG(s) dict_keys(['example_sensors']) retrieved from /home/airflow/.local/lib/python3.8/site-packages/airflow/example_dags/example_sensors.py
[2023-12-15T20:50:28.591+0000] {logging_mixin.py:154} INFO - [2023-12-15T20:50:28.590+0000] {manager.py:499} INFO - Created Permission View: %s
[2023-12-15T20:50:28.612+0000] {logging_mixin.py:154} INFO - [2023-12-15T20:50:28.611+0000] {manager.py:499} INFO - Created Permission View: %s
[2023-12-15T20:50:28.630+0000] {logging_mixin.py:154} INFO - [2023-12-15T20:50:28.630+0000] {manager.py:499} INFO - Created Permission View: %s
[2023-12-15T20:50:28.631+0000] {logging_mixin.py:154} INFO - [2023-12-15T20:50:28.631+0000] {dag.py:2941} INFO - Sync 1 DAGs
[2023-12-15T20:50:28.665+0000] {logging_mixin.py:154} INFO - [2023-12-15T20:50:28.664+0000] {dag.py:2963} INFO - Creating ORM DAG for example_sensors
[2023-12-15T20:50:28.665+0000] {logging_mixin.py:154} INFO - [2023-12-15T20:50:28.665+0000] {dag.py:3722} INFO - Setting next_dagrun for example_sensors to None, run_after=None
[2023-12-15T20:50:28.716+0000] {processor.py:179} INFO - Processing /home/airflow/.local/lib/python3.8/site-packages/airflow/example_dags/example_sensors.py took 0.748 seconds
[2023-12-15T21:11:10.126+0000] {processor.py:157} INFO - Started process (PID=159) to work on /home/airflow/.local/lib/python3.8/site-packages/airflow/example_dags/example_sensors.py
[2023-12-15T21:11:10.131+0000] {processor.py:829} INFO - Processing file /home/airflow/.local/lib/python3.8/site-packages/airflow/example_dags/example_sensors.py for tasks to queue
[2023-12-15T21:11:10.142+0000] {logging_mixin.py:154} INFO - [2023-12-15T21:11:10.135+0000] {dagbag.py:536} INFO - Filling up the DagBag from /home/airflow/.local/lib/python3.8/site-packages/airflow/example_dags/example_sensors.py
[2023-12-15T21:11:10.217+0000] {processor.py:839} INFO - DAG(s) dict_keys(['example_sensors']) retrieved from /home/airflow/.local/lib/python3.8/site-packages/airflow/example_dags/example_sensors.py
[2023-12-15T21:11:10.644+0000] {logging_mixin.py:154} INFO - [2023-12-15T21:11:10.644+0000] {dag.py:2941} INFO - Sync 1 DAGs
[2023-12-15T21:11:10.687+0000] {logging_mixin.py:154} INFO - [2023-12-15T21:11:10.687+0000] {dag.py:3722} INFO - Setting next_dagrun for example_sensors to None, run_after=None
[2023-12-15T21:11:10.753+0000] {processor.py:179} INFO - Processing /home/airflow/.local/lib/python3.8/site-packages/airflow/example_dags/example_sensors.py took 0.639 seconds
[2023-12-15T21:11:42.896+0000] {processor.py:157} INFO - Started process (PID=216) to work on /home/airflow/.local/lib/python3.8/site-packages/airflow/example_dags/example_sensors.py
[2023-12-15T21:11:42.899+0000] {processor.py:829} INFO - Processing file /home/airflow/.local/lib/python3.8/site-packages/airflow/example_dags/example_sensors.py for tasks to queue
[2023-12-15T21:11:42.903+0000] {logging_mixin.py:154} INFO - [2023-12-15T21:11:42.903+0000] {dagbag.py:536} INFO - Filling up the DagBag from /home/airflow/.local/lib/python3.8/site-packages/airflow/example_dags/example_sensors.py
[2023-12-15T21:11:42.958+0000] {processor.py:839} INFO - DAG(s) dict_keys(['example_sensors']) retrieved from /home/airflow/.local/lib/python3.8/site-packages/airflow/example_dags/example_sensors.py
[2023-12-15T21:11:43.066+0000] {logging_mixin.py:154} INFO - [2023-12-15T21:11:43.065+0000] {dag.py:2941} INFO - Sync 1 DAGs
[2023-12-15T21:11:43.102+0000] {logging_mixin.py:154} INFO - [2023-12-15T21:11:43.101+0000] {dag.py:3722} INFO - Setting next_dagrun for example_sensors to None, run_after=None
[2023-12-15T21:11:43.182+0000] {processor.py:179} INFO - Processing /home/airflow/.local/lib/python3.8/site-packages/airflow/example_dags/example_sensors.py took 0.297 seconds
[2023-12-15T21:12:26.316+0000] {processor.py:157} INFO - Started process (PID=282) to work on /home/airflow/.local/lib/python3.8/site-packages/airflow/example_dags/example_sensors.py
[2023-12-15T21:12:26.319+0000] {processor.py:829} INFO - Processing file /home/airflow/.local/lib/python3.8/site-packages/airflow/example_dags/example_sensors.py for tasks to queue
[2023-12-15T21:12:26.328+0000] {logging_mixin.py:154} INFO - [2023-12-15T21:12:26.325+0000] {dagbag.py:536} INFO - Filling up the DagBag from /home/airflow/.local/lib/python3.8/site-packages/airflow/example_dags/example_sensors.py
[2023-12-15T21:12:26.363+0000] {processor.py:839} INFO - DAG(s) dict_keys(['example_sensors']) retrieved from /home/airflow/.local/lib/python3.8/site-packages/airflow/example_dags/example_sensors.py
[2023-12-15T21:12:26.434+0000] {logging_mixin.py:154} INFO - [2023-12-15T21:12:26.434+0000] {dag.py:2941} INFO - Sync 1 DAGs
[2023-12-15T21:12:26.477+0000] {logging_mixin.py:154} INFO - [2023-12-15T21:12:26.476+0000] {dag.py:3722} INFO - Setting next_dagrun for example_sensors to None, run_after=None
[2023-12-15T21:12:26.519+0000] {processor.py:179} INFO - Processing /home/airflow/.local/lib/python3.8/site-packages/airflow/example_dags/example_sensors.py took 0.217 seconds
[2023-12-15T21:12:59.097+0000] {processor.py:157} INFO - Started process (PID=338) to work on /home/airflow/.local/lib/python3.8/site-packages/airflow/example_dags/example_sensors.py
[2023-12-15T21:12:59.100+0000] {processor.py:829} INFO - Processing file /home/airflow/.local/lib/python3.8/site-packages/airflow/example_dags/example_sensors.py for tasks to queue
[2023-12-15T21:12:59.106+0000] {logging_mixin.py:154} INFO - [2023-12-15T21:12:59.106+0000] {dagbag.py:536} INFO - Filling up the DagBag from /home/airflow/.local/lib/python3.8/site-packages/airflow/example_dags/example_sensors.py
[2023-12-15T21:12:59.135+0000] {processor.py:839} INFO - DAG(s) dict_keys(['example_sensors']) retrieved from /home/airflow/.local/lib/python3.8/site-packages/airflow/example_dags/example_sensors.py
[2023-12-15T21:12:59.217+0000] {logging_mixin.py:154} INFO - [2023-12-15T21:12:59.216+0000] {dag.py:2941} INFO - Sync 1 DAGs
[2023-12-15T21:12:59.275+0000] {logging_mixin.py:154} INFO - [2023-12-15T21:12:59.274+0000] {dag.py:3722} INFO - Setting next_dagrun for example_sensors to None, run_after=None
[2023-12-15T21:12:59.344+0000] {processor.py:179} INFO - Processing /home/airflow/.local/lib/python3.8/site-packages/airflow/example_dags/example_sensors.py took 0.257 seconds
[2023-12-15T21:13:34.197+0000] {processor.py:157} INFO - Started process (PID=395) to work on /home/airflow/.local/lib/python3.8/site-packages/airflow/example_dags/example_sensors.py
[2023-12-15T21:13:34.213+0000] {processor.py:829} INFO - Processing file /home/airflow/.local/lib/python3.8/site-packages/airflow/example_dags/example_sensors.py for tasks to queue
[2023-12-15T21:13:34.240+0000] {logging_mixin.py:154} INFO - [2023-12-15T21:13:34.234+0000] {dagbag.py:536} INFO - Filling up the DagBag from /home/airflow/.local/lib/python3.8/site-packages/airflow/example_dags/example_sensors.py
[2023-12-15T21:13:34.389+0000] {processor.py:839} INFO - DAG(s) dict_keys(['example_sensors']) retrieved from /home/airflow/.local/lib/python3.8/site-packages/airflow/example_dags/example_sensors.py
[2023-12-15T21:13:34.757+0000] {logging_mixin.py:154} INFO - [2023-12-15T21:13:34.756+0000] {dag.py:2941} INFO - Sync 1 DAGs
[2023-12-15T21:13:34.935+0000] {logging_mixin.py:154} INFO - [2023-12-15T21:13:34.934+0000] {dag.py:3722} INFO - Setting next_dagrun for example_sensors to None, run_after=None
[2023-12-15T21:13:35.145+0000] {processor.py:179} INFO - Processing /home/airflow/.local/lib/python3.8/site-packages/airflow/example_dags/example_sensors.py took 1.007 seconds
[2023-12-15T21:14:05.284+0000] {processor.py:157} INFO - Started process (PID=451) to work on /home/airflow/.local/lib/python3.8/site-packages/airflow/example_dags/example_sensors.py
[2023-12-15T21:14:05.287+0000] {processor.py:829} INFO - Processing file /home/airflow/.local/lib/python3.8/site-packages/airflow/example_dags/example_sensors.py for tasks to queue
[2023-12-15T21:14:05.296+0000] {logging_mixin.py:154} INFO - [2023-12-15T21:14:05.294+0000] {dagbag.py:536} INFO - Filling up the DagBag from /home/airflow/.local/lib/python3.8/site-packages/airflow/example_dags/example_sensors.py
[2023-12-15T21:14:05.326+0000] {processor.py:839} INFO - DAG(s) dict_keys(['example_sensors']) retrieved from /home/airflow/.local/lib/python3.8/site-packages/airflow/example_dags/example_sensors.py
[2023-12-15T21:14:05.420+0000] {logging_mixin.py:154} INFO - [2023-12-15T21:14:05.418+0000] {dag.py:2941} INFO - Sync 1 DAGs
[2023-12-15T21:14:05.470+0000] {logging_mixin.py:154} INFO - [2023-12-15T21:14:05.470+0000] {dag.py:3722} INFO - Setting next_dagrun for example_sensors to None, run_after=None
[2023-12-15T21:14:05.533+0000] {processor.py:179} INFO - Processing /home/airflow/.local/lib/python3.8/site-packages/airflow/example_dags/example_sensors.py took 0.271 seconds
[2023-12-15T21:14:35.862+0000] {processor.py:157} INFO - Started process (PID=507) to work on /home/airflow/.local/lib/python3.8/site-packages/airflow/example_dags/example_sensors.py
[2023-12-15T21:14:35.864+0000] {processor.py:829} INFO - Processing file /home/airflow/.local/lib/python3.8/site-packages/airflow/example_dags/example_sensors.py for tasks to queue
[2023-12-15T21:14:35.872+0000] {logging_mixin.py:154} INFO - [2023-12-15T21:14:35.871+0000] {dagbag.py:536} INFO - Filling up the DagBag from /home/airflow/.local/lib/python3.8/site-packages/airflow/example_dags/example_sensors.py
[2023-12-15T21:14:35.892+0000] {processor.py:839} INFO - DAG(s) dict_keys(['example_sensors']) retrieved from /home/airflow/.local/lib/python3.8/site-packages/airflow/example_dags/example_sensors.py
[2023-12-15T21:14:36.021+0000] {logging_mixin.py:154} INFO - [2023-12-15T21:14:36.020+0000] {dag.py:2941} INFO - Sync 1 DAGs
[2023-12-15T21:14:36.065+0000] {logging_mixin.py:154} INFO - [2023-12-15T21:14:36.065+0000] {dag.py:3722} INFO - Setting next_dagrun for example_sensors to None, run_after=None
[2023-12-15T21:14:36.131+0000] {processor.py:179} INFO - Processing /home/airflow/.local/lib/python3.8/site-packages/airflow/example_dags/example_sensors.py took 0.286 seconds
[2023-12-15T21:15:06.389+0000] {processor.py:157} INFO - Started process (PID=564) to work on /home/airflow/.local/lib/python3.8/site-packages/airflow/example_dags/example_sensors.py
[2023-12-15T21:15:06.393+0000] {processor.py:829} INFO - Processing file /home/airflow/.local/lib/python3.8/site-packages/airflow/example_dags/example_sensors.py for tasks to queue
[2023-12-15T21:15:06.403+0000] {logging_mixin.py:154} INFO - [2023-12-15T21:15:06.402+0000] {dagbag.py:536} INFO - Filling up the DagBag from /home/airflow/.local/lib/python3.8/site-packages/airflow/example_dags/example_sensors.py
[2023-12-15T21:15:06.429+0000] {processor.py:839} INFO - DAG(s) dict_keys(['example_sensors']) retrieved from /home/airflow/.local/lib/python3.8/site-packages/airflow/example_dags/example_sensors.py
[2023-12-15T21:15:06.518+0000] {logging_mixin.py:154} INFO - [2023-12-15T21:15:06.517+0000] {dag.py:2941} INFO - Sync 1 DAGs
[2023-12-15T21:15:06.685+0000] {logging_mixin.py:154} INFO - [2023-12-15T21:15:06.685+0000] {dag.py:3722} INFO - Setting next_dagrun for example_sensors to None, run_after=None
[2023-12-15T21:15:06.905+0000] {processor.py:179} INFO - Processing /home/airflow/.local/lib/python3.8/site-packages/airflow/example_dags/example_sensors.py took 0.532 seconds
[2023-12-15T21:15:45.097+0000] {processor.py:157} INFO - Started process (PID=621) to work on /home/airflow/.local/lib/python3.8/site-packages/airflow/example_dags/example_sensors.py
[2023-12-15T21:15:45.134+0000] {processor.py:829} INFO - Processing file /home/airflow/.local/lib/python3.8/site-packages/airflow/example_dags/example_sensors.py for tasks to queue
[2023-12-15T21:15:45.167+0000] {logging_mixin.py:154} INFO - [2023-12-15T21:15:45.151+0000] {dagbag.py:536} INFO - Filling up the DagBag from /home/airflow/.local/lib/python3.8/site-packages/airflow/example_dags/example_sensors.py
[2023-12-15T21:15:45.246+0000] {processor.py:839} INFO - DAG(s) dict_keys(['example_sensors']) retrieved from /home/airflow/.local/lib/python3.8/site-packages/airflow/example_dags/example_sensors.py
[2023-12-15T21:15:45.804+0000] {logging_mixin.py:154} INFO - [2023-12-15T21:15:45.803+0000] {dag.py:2941} INFO - Sync 1 DAGs
[2023-12-15T21:15:45.941+0000] {logging_mixin.py:154} INFO - [2023-12-15T21:15:45.941+0000] {dag.py:3722} INFO - Setting next_dagrun for example_sensors to None, run_after=None
[2023-12-15T21:15:46.440+0000] {processor.py:179} INFO - Processing /home/airflow/.local/lib/python3.8/site-packages/airflow/example_dags/example_sensors.py took 1.371 seconds
[2023-12-15T21:16:36.902+0000] {processor.py:157} INFO - Started process (PID=687) to work on /home/airflow/.local/lib/python3.8/site-packages/airflow/example_dags/example_sensors.py
[2023-12-15T21:16:36.915+0000] {processor.py:829} INFO - Processing file /home/airflow/.local/lib/python3.8/site-packages/airflow/example_dags/example_sensors.py for tasks to queue
[2023-12-15T21:16:36.943+0000] {logging_mixin.py:154} INFO - [2023-12-15T21:16:36.942+0000] {dagbag.py:536} INFO - Filling up the DagBag from /home/airflow/.local/lib/python3.8/site-packages/airflow/example_dags/example_sensors.py
[2023-12-15T21:16:37.154+0000] {processor.py:839} INFO - DAG(s) dict_keys(['example_sensors']) retrieved from /home/airflow/.local/lib/python3.8/site-packages/airflow/example_dags/example_sensors.py
[2023-12-15T21:16:38.449+0000] {logging_mixin.py:154} INFO - [2023-12-15T21:16:38.448+0000] {dag.py:2941} INFO - Sync 1 DAGs
[2023-12-15T21:16:38.674+0000] {logging_mixin.py:154} INFO - [2023-12-15T21:16:38.673+0000] {dag.py:3722} INFO - Setting next_dagrun for example_sensors to None, run_after=None
[2023-12-15T21:16:38.799+0000] {processor.py:179} INFO - Processing /home/airflow/.local/lib/python3.8/site-packages/airflow/example_dags/example_sensors.py took 2.000 seconds
[2023-12-15T21:17:14.058+0000] {processor.py:157} INFO - Started process (PID=744) to work on /home/airflow/.local/lib/python3.8/site-packages/airflow/example_dags/example_sensors.py
[2023-12-15T21:17:14.070+0000] {processor.py:829} INFO - Processing file /home/airflow/.local/lib/python3.8/site-packages/airflow/example_dags/example_sensors.py for tasks to queue
[2023-12-15T21:17:14.094+0000] {logging_mixin.py:154} INFO - [2023-12-15T21:17:14.093+0000] {dagbag.py:536} INFO - Filling up the DagBag from /home/airflow/.local/lib/python3.8/site-packages/airflow/example_dags/example_sensors.py
[2023-12-15T21:17:14.123+0000] {processor.py:839} INFO - DAG(s) dict_keys(['example_sensors']) retrieved from /home/airflow/.local/lib/python3.8/site-packages/airflow/example_dags/example_sensors.py
[2023-12-15T21:17:14.211+0000] {logging_mixin.py:154} INFO - [2023-12-15T21:17:14.210+0000] {dag.py:2941} INFO - Sync 1 DAGs
[2023-12-15T21:17:14.261+0000] {logging_mixin.py:154} INFO - [2023-12-15T21:17:14.260+0000] {dag.py:3722} INFO - Setting next_dagrun for example_sensors to None, run_after=None
[2023-12-15T21:17:14.328+0000] {processor.py:179} INFO - Processing /home/airflow/.local/lib/python3.8/site-packages/airflow/example_dags/example_sensors.py took 0.293 seconds
[2023-12-15T21:28:33.064+0000] {processor.py:157} INFO - Started process (PID=109) to work on /home/airflow/.local/lib/python3.8/site-packages/airflow/example_dags/example_sensors.py
[2023-12-15T21:28:33.102+0000] {processor.py:829} INFO - Processing file /home/airflow/.local/lib/python3.8/site-packages/airflow/example_dags/example_sensors.py for tasks to queue
[2023-12-15T21:28:33.151+0000] {logging_mixin.py:154} INFO - [2023-12-15T21:28:33.138+0000] {dagbag.py:536} INFO - Filling up the DagBag from /home/airflow/.local/lib/python3.8/site-packages/airflow/example_dags/example_sensors.py
[2023-12-15T21:28:33.321+0000] {processor.py:839} INFO - DAG(s) dict_keys(['example_sensors']) retrieved from /home/airflow/.local/lib/python3.8/site-packages/airflow/example_dags/example_sensors.py
[2023-12-15T21:28:33.717+0000] {logging_mixin.py:154} INFO - [2023-12-15T21:28:33.717+0000] {dag.py:2941} INFO - Sync 1 DAGs
[2023-12-15T21:28:33.917+0000] {logging_mixin.py:154} INFO - [2023-12-15T21:28:33.916+0000] {dag.py:3722} INFO - Setting next_dagrun for example_sensors to None, run_after=None
[2023-12-15T21:28:34.281+0000] {processor.py:179} INFO - Processing /home/airflow/.local/lib/python3.8/site-packages/airflow/example_dags/example_sensors.py took 1.305 seconds
[2023-12-15T21:29:38.029+0000] {processor.py:157} INFO - Started process (PID=172) to work on /home/airflow/.local/lib/python3.8/site-packages/airflow/example_dags/example_sensors.py
[2023-12-15T21:29:38.066+0000] {processor.py:829} INFO - Processing file /home/airflow/.local/lib/python3.8/site-packages/airflow/example_dags/example_sensors.py for tasks to queue
[2023-12-15T21:29:38.137+0000] {logging_mixin.py:154} INFO - [2023-12-15T21:29:38.136+0000] {dagbag.py:536} INFO - Filling up the DagBag from /home/airflow/.local/lib/python3.8/site-packages/airflow/example_dags/example_sensors.py
[2023-12-15T21:29:38.628+0000] {processor.py:839} INFO - DAG(s) dict_keys(['example_sensors']) retrieved from /home/airflow/.local/lib/python3.8/site-packages/airflow/example_dags/example_sensors.py
[2023-12-15T21:29:39.417+0000] {logging_mixin.py:154} INFO - [2023-12-15T21:29:39.417+0000] {dag.py:2941} INFO - Sync 1 DAGs
[2023-12-15T21:29:39.610+0000] {logging_mixin.py:154} INFO - [2023-12-15T21:29:39.610+0000] {dag.py:3722} INFO - Setting next_dagrun for example_sensors to None, run_after=None
[2023-12-15T21:29:39.896+0000] {processor.py:179} INFO - Processing /home/airflow/.local/lib/python3.8/site-packages/airflow/example_dags/example_sensors.py took 2.090 seconds
[2023-12-15T21:35:50.055+0000] {processor.py:157} INFO - Started process (PID=96) to work on /home/airflow/.local/lib/python3.8/site-packages/airflow/example_dags/example_sensors.py
[2023-12-15T21:35:50.069+0000] {processor.py:829} INFO - Processing file /home/airflow/.local/lib/python3.8/site-packages/airflow/example_dags/example_sensors.py for tasks to queue
[2023-12-15T21:35:50.087+0000] {logging_mixin.py:154} INFO - [2023-12-15T21:35:50.074+0000] {dagbag.py:536} INFO - Filling up the DagBag from /home/airflow/.local/lib/python3.8/site-packages/airflow/example_dags/example_sensors.py
[2023-12-15T21:35:50.192+0000] {processor.py:839} INFO - DAG(s) dict_keys(['example_sensors']) retrieved from /home/airflow/.local/lib/python3.8/site-packages/airflow/example_dags/example_sensors.py
[2023-12-15T21:35:50.501+0000] {logging_mixin.py:154} INFO - [2023-12-15T21:35:50.501+0000] {dag.py:2941} INFO - Sync 1 DAGs
[2023-12-15T21:35:50.599+0000] {logging_mixin.py:154} INFO - [2023-12-15T21:35:50.598+0000] {dag.py:3722} INFO - Setting next_dagrun for example_sensors to None, run_after=None
[2023-12-15T21:35:50.838+0000] {processor.py:179} INFO - Processing /home/airflow/.local/lib/python3.8/site-packages/airflow/example_dags/example_sensors.py took 0.817 seconds
[2023-12-15T21:36:32.238+0000] {processor.py:157} INFO - Started process (PID=158) to work on /home/airflow/.local/lib/python3.8/site-packages/airflow/example_dags/example_sensors.py
[2023-12-15T21:36:32.250+0000] {processor.py:829} INFO - Processing file /home/airflow/.local/lib/python3.8/site-packages/airflow/example_dags/example_sensors.py for tasks to queue
[2023-12-15T21:36:32.263+0000] {logging_mixin.py:154} INFO - [2023-12-15T21:36:32.262+0000] {dagbag.py:536} INFO - Filling up the DagBag from /home/airflow/.local/lib/python3.8/site-packages/airflow/example_dags/example_sensors.py
[2023-12-15T21:36:32.361+0000] {processor.py:839} INFO - DAG(s) dict_keys(['example_sensors']) retrieved from /home/airflow/.local/lib/python3.8/site-packages/airflow/example_dags/example_sensors.py
[2023-12-15T21:36:32.702+0000] {logging_mixin.py:154} INFO - [2023-12-15T21:36:32.702+0000] {dag.py:2941} INFO - Sync 1 DAGs
[2023-12-15T21:36:32.873+0000] {logging_mixin.py:154} INFO - [2023-12-15T21:36:32.873+0000] {dag.py:3722} INFO - Setting next_dagrun for example_sensors to None, run_after=None
[2023-12-15T21:36:33.038+0000] {processor.py:179} INFO - Processing /home/airflow/.local/lib/python3.8/site-packages/airflow/example_dags/example_sensors.py took 0.823 seconds
[2023-12-15T21:37:03.418+0000] {processor.py:157} INFO - Started process (PID=214) to work on /home/airflow/.local/lib/python3.8/site-packages/airflow/example_dags/example_sensors.py
[2023-12-15T21:37:03.420+0000] {processor.py:829} INFO - Processing file /home/airflow/.local/lib/python3.8/site-packages/airflow/example_dags/example_sensors.py for tasks to queue
[2023-12-15T21:37:03.428+0000] {logging_mixin.py:154} INFO - [2023-12-15T21:37:03.428+0000] {dagbag.py:536} INFO - Filling up the DagBag from /home/airflow/.local/lib/python3.8/site-packages/airflow/example_dags/example_sensors.py
[2023-12-15T21:37:03.464+0000] {processor.py:839} INFO - DAG(s) dict_keys(['example_sensors']) retrieved from /home/airflow/.local/lib/python3.8/site-packages/airflow/example_dags/example_sensors.py
[2023-12-15T21:37:03.558+0000] {logging_mixin.py:154} INFO - [2023-12-15T21:37:03.558+0000] {dag.py:2941} INFO - Sync 1 DAGs
[2023-12-15T21:37:03.585+0000] {logging_mixin.py:154} INFO - [2023-12-15T21:37:03.585+0000] {dag.py:3722} INFO - Setting next_dagrun for example_sensors to None, run_after=None
[2023-12-15T21:37:03.625+0000] {processor.py:179} INFO - Processing /home/airflow/.local/lib/python3.8/site-packages/airflow/example_dags/example_sensors.py took 0.222 seconds
[2023-12-15T21:37:33.918+0000] {processor.py:157} INFO - Started process (PID=269) to work on /home/airflow/.local/lib/python3.8/site-packages/airflow/example_dags/example_sensors.py
[2023-12-15T21:37:33.921+0000] {processor.py:829} INFO - Processing file /home/airflow/.local/lib/python3.8/site-packages/airflow/example_dags/example_sensors.py for tasks to queue
[2023-12-15T21:37:33.928+0000] {logging_mixin.py:154} INFO - [2023-12-15T21:37:33.928+0000] {dagbag.py:536} INFO - Filling up the DagBag from /home/airflow/.local/lib/python3.8/site-packages/airflow/example_dags/example_sensors.py
[2023-12-15T21:37:33.951+0000] {processor.py:839} INFO - DAG(s) dict_keys(['example_sensors']) retrieved from /home/airflow/.local/lib/python3.8/site-packages/airflow/example_dags/example_sensors.py
[2023-12-15T21:37:34.021+0000] {logging_mixin.py:154} INFO - [2023-12-15T21:37:34.021+0000] {dag.py:2941} INFO - Sync 1 DAGs
[2023-12-15T21:37:34.054+0000] {logging_mixin.py:154} INFO - [2023-12-15T21:37:34.054+0000] {dag.py:3722} INFO - Setting next_dagrun for example_sensors to None, run_after=None
[2023-12-15T21:37:34.104+0000] {processor.py:179} INFO - Processing /home/airflow/.local/lib/python3.8/site-packages/airflow/example_dags/example_sensors.py took 0.197 seconds
[2023-12-15T21:38:21.744+0000] {processor.py:157} INFO - Started process (PID=324) to work on /home/airflow/.local/lib/python3.8/site-packages/airflow/example_dags/example_sensors.py
[2023-12-15T21:38:21.746+0000] {processor.py:829} INFO - Processing file /home/airflow/.local/lib/python3.8/site-packages/airflow/example_dags/example_sensors.py for tasks to queue
[2023-12-15T21:38:21.795+0000] {logging_mixin.py:154} INFO - [2023-12-15T21:38:21.783+0000] {dagbag.py:536} INFO - Filling up the DagBag from /home/airflow/.local/lib/python3.8/site-packages/airflow/example_dags/example_sensors.py
[2023-12-15T21:38:21.935+0000] {processor.py:839} INFO - DAG(s) dict_keys(['example_sensors']) retrieved from /home/airflow/.local/lib/python3.8/site-packages/airflow/example_dags/example_sensors.py
[2023-12-15T21:38:22.300+0000] {logging_mixin.py:154} INFO - [2023-12-15T21:38:22.300+0000] {dag.py:2941} INFO - Sync 1 DAGs
[2023-12-15T21:38:22.393+0000] {logging_mixin.py:154} INFO - [2023-12-15T21:38:22.392+0000] {dag.py:3722} INFO - Setting next_dagrun for example_sensors to None, run_after=None
[2023-12-15T21:38:22.701+0000] {processor.py:179} INFO - Processing /home/airflow/.local/lib/python3.8/site-packages/airflow/example_dags/example_sensors.py took 1.016 seconds
[2023-12-15T21:39:20.352+0000] {processor.py:157} INFO - Started process (PID=381) to work on /home/airflow/.local/lib/python3.8/site-packages/airflow/example_dags/example_sensors.py
[2023-12-15T21:39:20.368+0000] {processor.py:829} INFO - Processing file /home/airflow/.local/lib/python3.8/site-packages/airflow/example_dags/example_sensors.py for tasks to queue
[2023-12-15T21:39:20.409+0000] {logging_mixin.py:154} INFO - [2023-12-15T21:39:20.386+0000] {dagbag.py:536} INFO - Filling up the DagBag from /home/airflow/.local/lib/python3.8/site-packages/airflow/example_dags/example_sensors.py
[2023-12-15T21:39:21.008+0000] {processor.py:839} INFO - DAG(s) dict_keys(['example_sensors']) retrieved from /home/airflow/.local/lib/python3.8/site-packages/airflow/example_dags/example_sensors.py
[2023-12-15T21:39:21.597+0000] {logging_mixin.py:154} INFO - [2023-12-15T21:39:21.597+0000] {dag.py:2941} INFO - Sync 1 DAGs
[2023-12-15T21:39:21.755+0000] {logging_mixin.py:154} INFO - [2023-12-15T21:39:21.754+0000] {dag.py:3722} INFO - Setting next_dagrun for example_sensors to None, run_after=None
[2023-12-15T21:39:21.906+0000] {processor.py:179} INFO - Processing /home/airflow/.local/lib/python3.8/site-packages/airflow/example_dags/example_sensors.py took 1.574 seconds
[2023-12-15T21:39:52.799+0000] {processor.py:157} INFO - Started process (PID=437) to work on /home/airflow/.local/lib/python3.8/site-packages/airflow/example_dags/example_sensors.py
[2023-12-15T21:39:52.811+0000] {processor.py:829} INFO - Processing file /home/airflow/.local/lib/python3.8/site-packages/airflow/example_dags/example_sensors.py for tasks to queue
[2023-12-15T21:39:52.835+0000] {logging_mixin.py:154} INFO - [2023-12-15T21:39:52.834+0000] {dagbag.py:536} INFO - Filling up the DagBag from /home/airflow/.local/lib/python3.8/site-packages/airflow/example_dags/example_sensors.py
[2023-12-15T21:39:53.018+0000] {processor.py:839} INFO - DAG(s) dict_keys(['example_sensors']) retrieved from /home/airflow/.local/lib/python3.8/site-packages/airflow/example_dags/example_sensors.py
[2023-12-15T21:39:53.213+0000] {logging_mixin.py:154} INFO - [2023-12-15T21:39:53.212+0000] {dag.py:2941} INFO - Sync 1 DAGs
[2023-12-15T21:39:53.316+0000] {logging_mixin.py:154} INFO - [2023-12-15T21:39:53.315+0000] {dag.py:3722} INFO - Setting next_dagrun for example_sensors to None, run_after=None
[2023-12-15T21:39:53.371+0000] {processor.py:179} INFO - Processing /home/airflow/.local/lib/python3.8/site-packages/airflow/example_dags/example_sensors.py took 0.644 seconds
[2023-12-15T21:40:24.591+0000] {processor.py:157} INFO - Started process (PID=493) to work on /home/airflow/.local/lib/python3.8/site-packages/airflow/example_dags/example_sensors.py
[2023-12-15T21:40:24.735+0000] {processor.py:829} INFO - Processing file /home/airflow/.local/lib/python3.8/site-packages/airflow/example_dags/example_sensors.py for tasks to queue
[2023-12-15T21:40:24.883+0000] {logging_mixin.py:154} INFO - [2023-12-15T21:40:24.882+0000] {dagbag.py:536} INFO - Filling up the DagBag from /home/airflow/.local/lib/python3.8/site-packages/airflow/example_dags/example_sensors.py
[2023-12-15T21:40:25.894+0000] {processor.py:839} INFO - DAG(s) dict_keys(['example_sensors']) retrieved from /home/airflow/.local/lib/python3.8/site-packages/airflow/example_dags/example_sensors.py
[2023-12-15T21:40:26.638+0000] {logging_mixin.py:154} INFO - [2023-12-15T21:40:26.638+0000] {dag.py:2941} INFO - Sync 1 DAGs
[2023-12-15T21:40:27.022+0000] {logging_mixin.py:154} INFO - [2023-12-15T21:40:27.022+0000] {dag.py:3722} INFO - Setting next_dagrun for example_sensors to None, run_after=None
[2023-12-15T21:40:27.424+0000] {processor.py:179} INFO - Processing /home/airflow/.local/lib/python3.8/site-packages/airflow/example_dags/example_sensors.py took 2.894 seconds
[2023-12-15T21:46:32.736+0000] {processor.py:157} INFO - Started process (PID=111) to work on /home/airflow/.local/lib/python3.8/site-packages/airflow/example_dags/example_sensors.py
[2023-12-15T21:46:32.746+0000] {processor.py:829} INFO - Processing file /home/airflow/.local/lib/python3.8/site-packages/airflow/example_dags/example_sensors.py for tasks to queue
[2023-12-15T21:46:32.775+0000] {logging_mixin.py:154} INFO - [2023-12-15T21:46:32.774+0000] {dagbag.py:536} INFO - Filling up the DagBag from /home/airflow/.local/lib/python3.8/site-packages/airflow/example_dags/example_sensors.py
[2023-12-15T21:46:32.997+0000] {processor.py:839} INFO - DAG(s) dict_keys(['example_sensors']) retrieved from /home/airflow/.local/lib/python3.8/site-packages/airflow/example_dags/example_sensors.py
[2023-12-15T21:46:33.870+0000] {logging_mixin.py:154} INFO - [2023-12-15T21:46:33.870+0000] {dag.py:2941} INFO - Sync 1 DAGs
[2023-12-15T21:46:34.410+0000] {logging_mixin.py:154} INFO - [2023-12-15T21:46:34.409+0000] {dag.py:3722} INFO - Setting next_dagrun for example_sensors to None, run_after=None
[2023-12-15T21:46:35.032+0000] {processor.py:179} INFO - Processing /home/airflow/.local/lib/python3.8/site-packages/airflow/example_dags/example_sensors.py took 2.382 seconds
