[2023-12-15T20:50:28.790+0000] {processor.py:157} INFO - Started process (PID=92) to work on /home/airflow/.local/lib/python3.8/site-packages/airflow/example_dags/example_python_operator.py
[2023-12-15T20:50:28.791+0000] {processor.py:829} INFO - Processing file /home/airflow/.local/lib/python3.8/site-packages/airflow/example_dags/example_python_operator.py for tasks to queue
[2023-12-15T20:50:28.796+0000] {logging_mixin.py:154} INFO - [2023-12-15T20:50:28.795+0000] {dagbag.py:536} INFO - Filling up the DagBag from /home/airflow/.local/lib/python3.8/site-packages/airflow/example_dags/example_python_operator.py
[2023-12-15T20:50:28.816+0000] {processor.py:839} INFO - DAG(s) dict_keys(['example_python_operator']) retrieved from /home/airflow/.local/lib/python3.8/site-packages/airflow/example_dags/example_python_operator.py
[2023-12-15T20:50:29.463+0000] {logging_mixin.py:154} INFO - [2023-12-15T20:50:29.463+0000] {manager.py:499} INFO - Created Permission View: %s
[2023-12-15T20:50:29.481+0000] {logging_mixin.py:154} INFO - [2023-12-15T20:50:29.480+0000] {manager.py:499} INFO - Created Permission View: %s
[2023-12-15T20:50:29.493+0000] {logging_mixin.py:154} INFO - [2023-12-15T20:50:29.492+0000] {manager.py:499} INFO - Created Permission View: %s
[2023-12-15T20:50:29.502+0000] {logging_mixin.py:154} INFO - [2023-12-15T20:50:29.493+0000] {dag.py:2941} INFO - Sync 1 DAGs
[2023-12-15T20:50:29.574+0000] {logging_mixin.py:154} INFO - [2023-12-15T20:50:29.574+0000] {dag.py:2963} INFO - Creating ORM DAG for example_python_operator
[2023-12-15T20:50:29.575+0000] {logging_mixin.py:154} INFO - [2023-12-15T20:50:29.575+0000] {dag.py:3722} INFO - Setting next_dagrun for example_python_operator to None, run_after=None
[2023-12-15T20:50:29.632+0000] {processor.py:179} INFO - Processing /home/airflow/.local/lib/python3.8/site-packages/airflow/example_dags/example_python_operator.py took 0.852 seconds
[2023-12-15T21:11:10.836+0000] {processor.py:157} INFO - Started process (PID=161) to work on /home/airflow/.local/lib/python3.8/site-packages/airflow/example_dags/example_python_operator.py
[2023-12-15T21:11:10.849+0000] {processor.py:829} INFO - Processing file /home/airflow/.local/lib/python3.8/site-packages/airflow/example_dags/example_python_operator.py for tasks to queue
[2023-12-15T21:11:10.856+0000] {logging_mixin.py:154} INFO - [2023-12-15T21:11:10.855+0000] {dagbag.py:536} INFO - Filling up the DagBag from /home/airflow/.local/lib/python3.8/site-packages/airflow/example_dags/example_python_operator.py
[2023-12-15T21:11:10.910+0000] {processor.py:839} INFO - DAG(s) dict_keys(['example_python_operator']) retrieved from /home/airflow/.local/lib/python3.8/site-packages/airflow/example_dags/example_python_operator.py
[2023-12-15T21:11:11.025+0000] {logging_mixin.py:154} INFO - [2023-12-15T21:11:11.025+0000] {dag.py:2941} INFO - Sync 1 DAGs
[2023-12-15T21:11:11.069+0000] {logging_mixin.py:154} INFO - [2023-12-15T21:11:11.068+0000] {dag.py:3722} INFO - Setting next_dagrun for example_python_operator to None, run_after=None
[2023-12-15T21:11:11.129+0000] {processor.py:179} INFO - Processing /home/airflow/.local/lib/python3.8/site-packages/airflow/example_dags/example_python_operator.py took 0.302 seconds
[2023-12-15T21:11:43.287+0000] {processor.py:157} INFO - Started process (PID=218) to work on /home/airflow/.local/lib/python3.8/site-packages/airflow/example_dags/example_python_operator.py
[2023-12-15T21:11:43.290+0000] {processor.py:829} INFO - Processing file /home/airflow/.local/lib/python3.8/site-packages/airflow/example_dags/example_python_operator.py for tasks to queue
[2023-12-15T21:11:43.295+0000] {logging_mixin.py:154} INFO - [2023-12-15T21:11:43.295+0000] {dagbag.py:536} INFO - Filling up the DagBag from /home/airflow/.local/lib/python3.8/site-packages/airflow/example_dags/example_python_operator.py
[2023-12-15T21:11:43.350+0000] {processor.py:839} INFO - DAG(s) dict_keys(['example_python_operator']) retrieved from /home/airflow/.local/lib/python3.8/site-packages/airflow/example_dags/example_python_operator.py
[2023-12-15T21:11:43.575+0000] {logging_mixin.py:154} INFO - [2023-12-15T21:11:43.574+0000] {dag.py:2941} INFO - Sync 1 DAGs
[2023-12-15T21:11:43.781+0000] {logging_mixin.py:154} INFO - [2023-12-15T21:11:43.780+0000] {dag.py:3722} INFO - Setting next_dagrun for example_python_operator to None, run_after=None
[2023-12-15T21:11:43.957+0000] {processor.py:179} INFO - Processing /home/airflow/.local/lib/python3.8/site-packages/airflow/example_dags/example_python_operator.py took 0.684 seconds
[2023-12-15T21:12:26.580+0000] {processor.py:157} INFO - Started process (PID=284) to work on /home/airflow/.local/lib/python3.8/site-packages/airflow/example_dags/example_python_operator.py
[2023-12-15T21:12:26.582+0000] {processor.py:829} INFO - Processing file /home/airflow/.local/lib/python3.8/site-packages/airflow/example_dags/example_python_operator.py for tasks to queue
[2023-12-15T21:12:26.588+0000] {logging_mixin.py:154} INFO - [2023-12-15T21:12:26.587+0000] {dagbag.py:536} INFO - Filling up the DagBag from /home/airflow/.local/lib/python3.8/site-packages/airflow/example_dags/example_python_operator.py
[2023-12-15T21:12:26.613+0000] {processor.py:839} INFO - DAG(s) dict_keys(['example_python_operator']) retrieved from /home/airflow/.local/lib/python3.8/site-packages/airflow/example_dags/example_python_operator.py
[2023-12-15T21:12:26.672+0000] {logging_mixin.py:154} INFO - [2023-12-15T21:12:26.671+0000] {dag.py:2941} INFO - Sync 1 DAGs
[2023-12-15T21:12:26.701+0000] {logging_mixin.py:154} INFO - [2023-12-15T21:12:26.701+0000] {dag.py:3722} INFO - Setting next_dagrun for example_python_operator to None, run_after=None
[2023-12-15T21:12:26.782+0000] {processor.py:179} INFO - Processing /home/airflow/.local/lib/python3.8/site-packages/airflow/example_dags/example_python_operator.py took 0.213 seconds
[2023-12-15T21:12:59.593+0000] {processor.py:157} INFO - Started process (PID=340) to work on /home/airflow/.local/lib/python3.8/site-packages/airflow/example_dags/example_python_operator.py
[2023-12-15T21:12:59.607+0000] {processor.py:829} INFO - Processing file /home/airflow/.local/lib/python3.8/site-packages/airflow/example_dags/example_python_operator.py for tasks to queue
[2023-12-15T21:12:59.625+0000] {logging_mixin.py:154} INFO - [2023-12-15T21:12:59.624+0000] {dagbag.py:536} INFO - Filling up the DagBag from /home/airflow/.local/lib/python3.8/site-packages/airflow/example_dags/example_python_operator.py
[2023-12-15T21:12:59.759+0000] {processor.py:839} INFO - DAG(s) dict_keys(['example_python_operator']) retrieved from /home/airflow/.local/lib/python3.8/site-packages/airflow/example_dags/example_python_operator.py
[2023-12-15T21:12:59.950+0000] {logging_mixin.py:154} INFO - [2023-12-15T21:12:59.950+0000] {dag.py:2941} INFO - Sync 1 DAGs
[2023-12-15T21:13:00.063+0000] {logging_mixin.py:154} INFO - [2023-12-15T21:13:00.059+0000] {dag.py:3722} INFO - Setting next_dagrun for example_python_operator to None, run_after=None
[2023-12-15T21:13:00.198+0000] {processor.py:179} INFO - Processing /home/airflow/.local/lib/python3.8/site-packages/airflow/example_dags/example_python_operator.py took 0.661 seconds
[2023-12-15T21:13:35.339+0000] {processor.py:157} INFO - Started process (PID=397) to work on /home/airflow/.local/lib/python3.8/site-packages/airflow/example_dags/example_python_operator.py
[2023-12-15T21:13:35.347+0000] {processor.py:829} INFO - Processing file /home/airflow/.local/lib/python3.8/site-packages/airflow/example_dags/example_python_operator.py for tasks to queue
[2023-12-15T21:13:35.364+0000] {logging_mixin.py:154} INFO - [2023-12-15T21:13:35.363+0000] {dagbag.py:536} INFO - Filling up the DagBag from /home/airflow/.local/lib/python3.8/site-packages/airflow/example_dags/example_python_operator.py
[2023-12-15T21:13:35.500+0000] {processor.py:839} INFO - DAG(s) dict_keys(['example_python_operator']) retrieved from /home/airflow/.local/lib/python3.8/site-packages/airflow/example_dags/example_python_operator.py
[2023-12-15T21:13:35.723+0000] {logging_mixin.py:154} INFO - [2023-12-15T21:13:35.722+0000] {dag.py:2941} INFO - Sync 1 DAGs
[2023-12-15T21:13:35.975+0000] {logging_mixin.py:154} INFO - [2023-12-15T21:13:35.975+0000] {dag.py:3722} INFO - Setting next_dagrun for example_python_operator to None, run_after=None
[2023-12-15T21:13:36.205+0000] {processor.py:179} INFO - Processing /home/airflow/.local/lib/python3.8/site-packages/airflow/example_dags/example_python_operator.py took 0.908 seconds
[2023-12-15T21:14:06.724+0000] {processor.py:157} INFO - Started process (PID=453) to work on /home/airflow/.local/lib/python3.8/site-packages/airflow/example_dags/example_python_operator.py
[2023-12-15T21:14:06.734+0000] {processor.py:829} INFO - Processing file /home/airflow/.local/lib/python3.8/site-packages/airflow/example_dags/example_python_operator.py for tasks to queue
[2023-12-15T21:14:06.741+0000] {logging_mixin.py:154} INFO - [2023-12-15T21:14:06.740+0000] {dagbag.py:536} INFO - Filling up the DagBag from /home/airflow/.local/lib/python3.8/site-packages/airflow/example_dags/example_python_operator.py
[2023-12-15T21:14:06.775+0000] {processor.py:839} INFO - DAG(s) dict_keys(['example_python_operator']) retrieved from /home/airflow/.local/lib/python3.8/site-packages/airflow/example_dags/example_python_operator.py
[2023-12-15T21:14:06.903+0000] {logging_mixin.py:154} INFO - [2023-12-15T21:14:06.902+0000] {dag.py:2941} INFO - Sync 1 DAGs
[2023-12-15T21:14:06.953+0000] {logging_mixin.py:154} INFO - [2023-12-15T21:14:06.953+0000] {dag.py:3722} INFO - Setting next_dagrun for example_python_operator to None, run_after=None
[2023-12-15T21:14:07.015+0000] {processor.py:179} INFO - Processing /home/airflow/.local/lib/python3.8/site-packages/airflow/example_dags/example_python_operator.py took 0.307 seconds
[2023-12-15T21:14:37.368+0000] {processor.py:157} INFO - Started process (PID=509) to work on /home/airflow/.local/lib/python3.8/site-packages/airflow/example_dags/example_python_operator.py
[2023-12-15T21:14:37.371+0000] {processor.py:829} INFO - Processing file /home/airflow/.local/lib/python3.8/site-packages/airflow/example_dags/example_python_operator.py for tasks to queue
[2023-12-15T21:14:37.376+0000] {logging_mixin.py:154} INFO - [2023-12-15T21:14:37.375+0000] {dagbag.py:536} INFO - Filling up the DagBag from /home/airflow/.local/lib/python3.8/site-packages/airflow/example_dags/example_python_operator.py
[2023-12-15T21:14:37.465+0000] {processor.py:839} INFO - DAG(s) dict_keys(['example_python_operator']) retrieved from /home/airflow/.local/lib/python3.8/site-packages/airflow/example_dags/example_python_operator.py
[2023-12-15T21:14:37.546+0000] {logging_mixin.py:154} INFO - [2023-12-15T21:14:37.545+0000] {dag.py:2941} INFO - Sync 1 DAGs
[2023-12-15T21:14:37.644+0000] {logging_mixin.py:154} INFO - [2023-12-15T21:14:37.643+0000] {dag.py:3722} INFO - Setting next_dagrun for example_python_operator to None, run_after=None
[2023-12-15T21:14:38.292+0000] {processor.py:179} INFO - Processing /home/airflow/.local/lib/python3.8/site-packages/airflow/example_dags/example_python_operator.py took 0.932 seconds
[2023-12-15T21:15:08.550+0000] {processor.py:157} INFO - Started process (PID=566) to work on /home/airflow/.local/lib/python3.8/site-packages/airflow/example_dags/example_python_operator.py
[2023-12-15T21:15:08.561+0000] {processor.py:829} INFO - Processing file /home/airflow/.local/lib/python3.8/site-packages/airflow/example_dags/example_python_operator.py for tasks to queue
[2023-12-15T21:15:08.621+0000] {logging_mixin.py:154} INFO - [2023-12-15T21:15:08.569+0000] {dagbag.py:536} INFO - Filling up the DagBag from /home/airflow/.local/lib/python3.8/site-packages/airflow/example_dags/example_python_operator.py
[2023-12-15T21:15:08.935+0000] {processor.py:839} INFO - DAG(s) dict_keys(['example_python_operator']) retrieved from /home/airflow/.local/lib/python3.8/site-packages/airflow/example_dags/example_python_operator.py
[2023-12-15T21:15:09.595+0000] {logging_mixin.py:154} INFO - [2023-12-15T21:15:09.594+0000] {dag.py:2941} INFO - Sync 1 DAGs
[2023-12-15T21:15:09.641+0000] {logging_mixin.py:154} INFO - [2023-12-15T21:15:09.640+0000] {dag.py:3722} INFO - Setting next_dagrun for example_python_operator to None, run_after=None
[2023-12-15T21:15:09.716+0000] {processor.py:179} INFO - Processing /home/airflow/.local/lib/python3.8/site-packages/airflow/example_dags/example_python_operator.py took 1.182 seconds
[2023-12-15T21:15:46.530+0000] {processor.py:157} INFO - Started process (PID=623) to work on /home/airflow/.local/lib/python3.8/site-packages/airflow/example_dags/example_python_operator.py
[2023-12-15T21:15:46.532+0000] {processor.py:829} INFO - Processing file /home/airflow/.local/lib/python3.8/site-packages/airflow/example_dags/example_python_operator.py for tasks to queue
[2023-12-15T21:15:46.538+0000] {logging_mixin.py:154} INFO - [2023-12-15T21:15:46.537+0000] {dagbag.py:536} INFO - Filling up the DagBag from /home/airflow/.local/lib/python3.8/site-packages/airflow/example_dags/example_python_operator.py
[2023-12-15T21:15:46.640+0000] {processor.py:839} INFO - DAG(s) dict_keys(['example_python_operator']) retrieved from /home/airflow/.local/lib/python3.8/site-packages/airflow/example_dags/example_python_operator.py
[2023-12-15T21:15:46.776+0000] {logging_mixin.py:154} INFO - [2023-12-15T21:15:46.775+0000] {dag.py:2941} INFO - Sync 1 DAGs
[2023-12-15T21:15:46.947+0000] {logging_mixin.py:154} INFO - [2023-12-15T21:15:46.934+0000] {dag.py:3722} INFO - Setting next_dagrun for example_python_operator to None, run_after=None
[2023-12-15T21:15:47.085+0000] {processor.py:179} INFO - Processing /home/airflow/.local/lib/python3.8/site-packages/airflow/example_dags/example_python_operator.py took 0.571 seconds
[2023-12-15T21:16:39.160+0000] {processor.py:157} INFO - Started process (PID=689) to work on /home/airflow/.local/lib/python3.8/site-packages/airflow/example_dags/example_python_operator.py
[2023-12-15T21:16:39.207+0000] {processor.py:829} INFO - Processing file /home/airflow/.local/lib/python3.8/site-packages/airflow/example_dags/example_python_operator.py for tasks to queue
[2023-12-15T21:16:39.314+0000] {logging_mixin.py:154} INFO - [2023-12-15T21:16:39.282+0000] {dagbag.py:536} INFO - Filling up the DagBag from /home/airflow/.local/lib/python3.8/site-packages/airflow/example_dags/example_python_operator.py
[2023-12-15T21:16:39.846+0000] {processor.py:839} INFO - DAG(s) dict_keys(['example_python_operator']) retrieved from /home/airflow/.local/lib/python3.8/site-packages/airflow/example_dags/example_python_operator.py
[2023-12-15T21:16:40.242+0000] {logging_mixin.py:154} INFO - [2023-12-15T21:16:40.241+0000] {dag.py:2941} INFO - Sync 1 DAGs
[2023-12-15T21:16:40.493+0000] {logging_mixin.py:154} INFO - [2023-12-15T21:16:40.493+0000] {dag.py:3722} INFO - Setting next_dagrun for example_python_operator to None, run_after=None
[2023-12-15T21:16:40.944+0000] {processor.py:179} INFO - Processing /home/airflow/.local/lib/python3.8/site-packages/airflow/example_dags/example_python_operator.py took 1.900 seconds
[2023-12-15T21:17:14.412+0000] {processor.py:157} INFO - Started process (PID=746) to work on /home/airflow/.local/lib/python3.8/site-packages/airflow/example_dags/example_python_operator.py
[2023-12-15T21:17:14.416+0000] {processor.py:829} INFO - Processing file /home/airflow/.local/lib/python3.8/site-packages/airflow/example_dags/example_python_operator.py for tasks to queue
[2023-12-15T21:17:14.425+0000] {logging_mixin.py:154} INFO - [2023-12-15T21:17:14.424+0000] {dagbag.py:536} INFO - Filling up the DagBag from /home/airflow/.local/lib/python3.8/site-packages/airflow/example_dags/example_python_operator.py
[2023-12-15T21:17:14.466+0000] {processor.py:839} INFO - DAG(s) dict_keys(['example_python_operator']) retrieved from /home/airflow/.local/lib/python3.8/site-packages/airflow/example_dags/example_python_operator.py
[2023-12-15T21:17:14.561+0000] {logging_mixin.py:154} INFO - [2023-12-15T21:17:14.560+0000] {dag.py:2941} INFO - Sync 1 DAGs
[2023-12-15T21:17:14.593+0000] {logging_mixin.py:154} INFO - [2023-12-15T21:17:14.593+0000] {dag.py:3722} INFO - Setting next_dagrun for example_python_operator to None, run_after=None
[2023-12-15T21:17:14.649+0000] {processor.py:179} INFO - Processing /home/airflow/.local/lib/python3.8/site-packages/airflow/example_dags/example_python_operator.py took 0.251 seconds
[2023-12-15T21:28:35.017+0000] {processor.py:157} INFO - Started process (PID=112) to work on /home/airflow/.local/lib/python3.8/site-packages/airflow/example_dags/example_python_operator.py
[2023-12-15T21:28:35.027+0000] {processor.py:829} INFO - Processing file /home/airflow/.local/lib/python3.8/site-packages/airflow/example_dags/example_python_operator.py for tasks to queue
[2023-12-15T21:28:35.056+0000] {logging_mixin.py:154} INFO - [2023-12-15T21:28:35.055+0000] {dagbag.py:536} INFO - Filling up the DagBag from /home/airflow/.local/lib/python3.8/site-packages/airflow/example_dags/example_python_operator.py
[2023-12-15T21:28:35.156+0000] {processor.py:839} INFO - DAG(s) dict_keys(['example_python_operator']) retrieved from /home/airflow/.local/lib/python3.8/site-packages/airflow/example_dags/example_python_operator.py
[2023-12-15T21:28:45.071+0000] {logging_mixin.py:154} INFO - [2023-12-15T21:28:45.064+0000] {dag.py:2941} INFO - Sync 1 DAGs
[2023-12-15T21:28:45.662+0000] {logging_mixin.py:154} INFO - [2023-12-15T21:28:45.662+0000] {dag.py:3722} INFO - Setting next_dagrun for example_python_operator to None, run_after=None
[2023-12-15T21:28:47.338+0000] {processor.py:179} INFO - Processing /home/airflow/.local/lib/python3.8/site-packages/airflow/example_dags/example_python_operator.py took 12.473 seconds
[2023-12-15T21:29:40.352+0000] {processor.py:157} INFO - Started process (PID=181) to work on /home/airflow/.local/lib/python3.8/site-packages/airflow/example_dags/example_python_operator.py
[2023-12-15T21:29:40.365+0000] {processor.py:829} INFO - Processing file /home/airflow/.local/lib/python3.8/site-packages/airflow/example_dags/example_python_operator.py for tasks to queue
[2023-12-15T21:29:40.401+0000] {logging_mixin.py:154} INFO - [2023-12-15T21:29:40.400+0000] {dagbag.py:536} INFO - Filling up the DagBag from /home/airflow/.local/lib/python3.8/site-packages/airflow/example_dags/example_python_operator.py
[2023-12-15T21:29:40.584+0000] {processor.py:839} INFO - DAG(s) dict_keys(['example_python_operator']) retrieved from /home/airflow/.local/lib/python3.8/site-packages/airflow/example_dags/example_python_operator.py
[2023-12-15T21:29:41.117+0000] {logging_mixin.py:154} INFO - [2023-12-15T21:29:41.117+0000] {dag.py:2941} INFO - Sync 1 DAGs
[2023-12-15T21:29:41.493+0000] {logging_mixin.py:154} INFO - [2023-12-15T21:29:41.493+0000] {dag.py:3722} INFO - Setting next_dagrun for example_python_operator to None, run_after=None
[2023-12-15T21:29:41.735+0000] {processor.py:179} INFO - Processing /home/airflow/.local/lib/python3.8/site-packages/airflow/example_dags/example_python_operator.py took 1.474 seconds
[2023-12-15T21:35:51.093+0000] {processor.py:157} INFO - Started process (PID=98) to work on /home/airflow/.local/lib/python3.8/site-packages/airflow/example_dags/example_python_operator.py
[2023-12-15T21:35:51.107+0000] {processor.py:829} INFO - Processing file /home/airflow/.local/lib/python3.8/site-packages/airflow/example_dags/example_python_operator.py for tasks to queue
[2023-12-15T21:35:51.132+0000] {logging_mixin.py:154} INFO - [2023-12-15T21:35:51.129+0000] {dagbag.py:536} INFO - Filling up the DagBag from /home/airflow/.local/lib/python3.8/site-packages/airflow/example_dags/example_python_operator.py
[2023-12-15T21:35:51.285+0000] {processor.py:839} INFO - DAG(s) dict_keys(['example_python_operator']) retrieved from /home/airflow/.local/lib/python3.8/site-packages/airflow/example_dags/example_python_operator.py
[2023-12-15T21:35:51.921+0000] {logging_mixin.py:154} INFO - [2023-12-15T21:35:51.921+0000] {dag.py:2941} INFO - Sync 1 DAGs
[2023-12-15T21:35:51.976+0000] {logging_mixin.py:154} INFO - [2023-12-15T21:35:51.975+0000] {dag.py:3722} INFO - Setting next_dagrun for example_python_operator to None, run_after=None
[2023-12-15T21:35:52.178+0000] {processor.py:179} INFO - Processing /home/airflow/.local/lib/python3.8/site-packages/airflow/example_dags/example_python_operator.py took 1.129 seconds
[2023-12-15T21:36:33.614+0000] {processor.py:157} INFO - Started process (PID=160) to work on /home/airflow/.local/lib/python3.8/site-packages/airflow/example_dags/example_python_operator.py
[2023-12-15T21:36:33.620+0000] {processor.py:829} INFO - Processing file /home/airflow/.local/lib/python3.8/site-packages/airflow/example_dags/example_python_operator.py for tasks to queue
[2023-12-15T21:36:33.636+0000] {logging_mixin.py:154} INFO - [2023-12-15T21:36:33.631+0000] {dagbag.py:536} INFO - Filling up the DagBag from /home/airflow/.local/lib/python3.8/site-packages/airflow/example_dags/example_python_operator.py
[2023-12-15T21:36:33.888+0000] {processor.py:839} INFO - DAG(s) dict_keys(['example_python_operator']) retrieved from /home/airflow/.local/lib/python3.8/site-packages/airflow/example_dags/example_python_operator.py
[2023-12-15T21:36:34.565+0000] {logging_mixin.py:154} INFO - [2023-12-15T21:36:34.565+0000] {dag.py:2941} INFO - Sync 1 DAGs
[2023-12-15T21:36:34.938+0000] {logging_mixin.py:154} INFO - [2023-12-15T21:36:34.938+0000] {dag.py:3722} INFO - Setting next_dagrun for example_python_operator to None, run_after=None
[2023-12-15T21:36:35.045+0000] {processor.py:179} INFO - Processing /home/airflow/.local/lib/python3.8/site-packages/airflow/example_dags/example_python_operator.py took 1.516 seconds
[2023-12-15T21:37:05.477+0000] {processor.py:157} INFO - Started process (PID=216) to work on /home/airflow/.local/lib/python3.8/site-packages/airflow/example_dags/example_python_operator.py
[2023-12-15T21:37:05.480+0000] {processor.py:829} INFO - Processing file /home/airflow/.local/lib/python3.8/site-packages/airflow/example_dags/example_python_operator.py for tasks to queue
[2023-12-15T21:37:05.486+0000] {logging_mixin.py:154} INFO - [2023-12-15T21:37:05.485+0000] {dagbag.py:536} INFO - Filling up the DagBag from /home/airflow/.local/lib/python3.8/site-packages/airflow/example_dags/example_python_operator.py
[2023-12-15T21:37:05.508+0000] {processor.py:839} INFO - DAG(s) dict_keys(['example_python_operator']) retrieved from /home/airflow/.local/lib/python3.8/site-packages/airflow/example_dags/example_python_operator.py
[2023-12-15T21:37:05.563+0000] {logging_mixin.py:154} INFO - [2023-12-15T21:37:05.563+0000] {dag.py:2941} INFO - Sync 1 DAGs
[2023-12-15T21:37:05.600+0000] {logging_mixin.py:154} INFO - [2023-12-15T21:37:05.600+0000] {dag.py:3722} INFO - Setting next_dagrun for example_python_operator to None, run_after=None
[2023-12-15T21:37:05.642+0000] {processor.py:179} INFO - Processing /home/airflow/.local/lib/python3.8/site-packages/airflow/example_dags/example_python_operator.py took 0.176 seconds
[2023-12-15T21:37:36.235+0000] {processor.py:157} INFO - Started process (PID=271) to work on /home/airflow/.local/lib/python3.8/site-packages/airflow/example_dags/example_python_operator.py
[2023-12-15T21:37:36.241+0000] {processor.py:829} INFO - Processing file /home/airflow/.local/lib/python3.8/site-packages/airflow/example_dags/example_python_operator.py for tasks to queue
[2023-12-15T21:37:36.264+0000] {logging_mixin.py:154} INFO - [2023-12-15T21:37:36.258+0000] {dagbag.py:536} INFO - Filling up the DagBag from /home/airflow/.local/lib/python3.8/site-packages/airflow/example_dags/example_python_operator.py
[2023-12-15T21:37:36.312+0000] {processor.py:839} INFO - DAG(s) dict_keys(['example_python_operator']) retrieved from /home/airflow/.local/lib/python3.8/site-packages/airflow/example_dags/example_python_operator.py
[2023-12-15T21:37:36.420+0000] {logging_mixin.py:154} INFO - [2023-12-15T21:37:36.419+0000] {dag.py:2941} INFO - Sync 1 DAGs
[2023-12-15T21:37:36.460+0000] {logging_mixin.py:154} INFO - [2023-12-15T21:37:36.460+0000] {dag.py:3722} INFO - Setting next_dagrun for example_python_operator to None, run_after=None
[2023-12-15T21:37:36.516+0000] {processor.py:179} INFO - Processing /home/airflow/.local/lib/python3.8/site-packages/airflow/example_dags/example_python_operator.py took 0.303 seconds
[2023-12-15T21:38:23.126+0000] {processor.py:157} INFO - Started process (PID=327) to work on /home/airflow/.local/lib/python3.8/site-packages/airflow/example_dags/example_python_operator.py
[2023-12-15T21:38:23.129+0000] {processor.py:829} INFO - Processing file /home/airflow/.local/lib/python3.8/site-packages/airflow/example_dags/example_python_operator.py for tasks to queue
[2023-12-15T21:38:23.156+0000] {logging_mixin.py:154} INFO - [2023-12-15T21:38:23.156+0000] {dagbag.py:536} INFO - Filling up the DagBag from /home/airflow/.local/lib/python3.8/site-packages/airflow/example_dags/example_python_operator.py
[2023-12-15T21:38:23.279+0000] {processor.py:839} INFO - DAG(s) dict_keys(['example_python_operator']) retrieved from /home/airflow/.local/lib/python3.8/site-packages/airflow/example_dags/example_python_operator.py
[2023-12-15T21:38:23.518+0000] {logging_mixin.py:154} INFO - [2023-12-15T21:38:23.518+0000] {dag.py:2941} INFO - Sync 1 DAGs
[2023-12-15T21:38:23.630+0000] {logging_mixin.py:154} INFO - [2023-12-15T21:38:23.629+0000] {dag.py:3722} INFO - Setting next_dagrun for example_python_operator to None, run_after=None
[2023-12-15T21:38:23.800+0000] {processor.py:179} INFO - Processing /home/airflow/.local/lib/python3.8/site-packages/airflow/example_dags/example_python_operator.py took 0.723 seconds
[2023-12-15T21:39:22.116+0000] {processor.py:157} INFO - Started process (PID=383) to work on /home/airflow/.local/lib/python3.8/site-packages/airflow/example_dags/example_python_operator.py
[2023-12-15T21:39:22.128+0000] {processor.py:829} INFO - Processing file /home/airflow/.local/lib/python3.8/site-packages/airflow/example_dags/example_python_operator.py for tasks to queue
[2023-12-15T21:39:22.139+0000] {logging_mixin.py:154} INFO - [2023-12-15T21:39:22.138+0000] {dagbag.py:536} INFO - Filling up the DagBag from /home/airflow/.local/lib/python3.8/site-packages/airflow/example_dags/example_python_operator.py
[2023-12-15T21:39:22.225+0000] {processor.py:839} INFO - DAG(s) dict_keys(['example_python_operator']) retrieved from /home/airflow/.local/lib/python3.8/site-packages/airflow/example_dags/example_python_operator.py
[2023-12-15T21:39:22.551+0000] {logging_mixin.py:154} INFO - [2023-12-15T21:39:22.548+0000] {dag.py:2941} INFO - Sync 1 DAGs
[2023-12-15T21:39:22.653+0000] {logging_mixin.py:154} INFO - [2023-12-15T21:39:22.653+0000] {dag.py:3722} INFO - Setting next_dagrun for example_python_operator to None, run_after=None
[2023-12-15T21:39:22.849+0000] {processor.py:179} INFO - Processing /home/airflow/.local/lib/python3.8/site-packages/airflow/example_dags/example_python_operator.py took 0.772 seconds
[2023-12-15T21:39:54.031+0000] {processor.py:157} INFO - Started process (PID=439) to work on /home/airflow/.local/lib/python3.8/site-packages/airflow/example_dags/example_python_operator.py
[2023-12-15T21:39:54.049+0000] {processor.py:829} INFO - Processing file /home/airflow/.local/lib/python3.8/site-packages/airflow/example_dags/example_python_operator.py for tasks to queue
[2023-12-15T21:39:54.059+0000] {logging_mixin.py:154} INFO - [2023-12-15T21:39:54.057+0000] {dagbag.py:536} INFO - Filling up the DagBag from /home/airflow/.local/lib/python3.8/site-packages/airflow/example_dags/example_python_operator.py
[2023-12-15T21:39:54.152+0000] {processor.py:839} INFO - DAG(s) dict_keys(['example_python_operator']) retrieved from /home/airflow/.local/lib/python3.8/site-packages/airflow/example_dags/example_python_operator.py
[2023-12-15T21:39:54.309+0000] {logging_mixin.py:154} INFO - [2023-12-15T21:39:54.308+0000] {dag.py:2941} INFO - Sync 1 DAGs
[2023-12-15T21:39:54.344+0000] {logging_mixin.py:154} INFO - [2023-12-15T21:39:54.344+0000] {dag.py:3722} INFO - Setting next_dagrun for example_python_operator to None, run_after=None
[2023-12-15T21:39:54.390+0000] {processor.py:179} INFO - Processing /home/airflow/.local/lib/python3.8/site-packages/airflow/example_dags/example_python_operator.py took 0.505 seconds
[2023-12-15T21:40:27.944+0000] {processor.py:157} INFO - Started process (PID=503) to work on /home/airflow/.local/lib/python3.8/site-packages/airflow/example_dags/example_python_operator.py
[2023-12-15T21:40:27.972+0000] {processor.py:829} INFO - Processing file /home/airflow/.local/lib/python3.8/site-packages/airflow/example_dags/example_python_operator.py for tasks to queue
[2023-12-15T21:40:28.003+0000] {logging_mixin.py:154} INFO - [2023-12-15T21:40:28.002+0000] {dagbag.py:536} INFO - Filling up the DagBag from /home/airflow/.local/lib/python3.8/site-packages/airflow/example_dags/example_python_operator.py
[2023-12-15T21:40:28.297+0000] {processor.py:839} INFO - DAG(s) dict_keys(['example_python_operator']) retrieved from /home/airflow/.local/lib/python3.8/site-packages/airflow/example_dags/example_python_operator.py
[2023-12-15T21:40:29.573+0000] {logging_mixin.py:154} INFO - [2023-12-15T21:40:29.572+0000] {dag.py:2941} INFO - Sync 1 DAGs
[2023-12-15T21:40:30.492+0000] {logging_mixin.py:154} INFO - [2023-12-15T21:40:30.492+0000] {dag.py:3722} INFO - Setting next_dagrun for example_python_operator to None, run_after=None
[2023-12-15T21:40:31.293+0000] {processor.py:179} INFO - Processing /home/airflow/.local/lib/python3.8/site-packages/airflow/example_dags/example_python_operator.py took 3.524 seconds
[2023-12-15T21:46:35.736+0000] {processor.py:157} INFO - Started process (PID=113) to work on /home/airflow/.local/lib/python3.8/site-packages/airflow/example_dags/example_python_operator.py
[2023-12-15T21:46:35.769+0000] {processor.py:829} INFO - Processing file /home/airflow/.local/lib/python3.8/site-packages/airflow/example_dags/example_python_operator.py for tasks to queue
[2023-12-15T21:46:35.872+0000] {logging_mixin.py:154} INFO - [2023-12-15T21:46:35.818+0000] {dagbag.py:536} INFO - Filling up the DagBag from /home/airflow/.local/lib/python3.8/site-packages/airflow/example_dags/example_python_operator.py
[2023-12-15T21:46:36.175+0000] {processor.py:839} INFO - DAG(s) dict_keys(['example_python_operator']) retrieved from /home/airflow/.local/lib/python3.8/site-packages/airflow/example_dags/example_python_operator.py
[2023-12-15T21:46:39.747+0000] {logging_mixin.py:154} INFO - [2023-12-15T21:46:39.746+0000] {dag.py:2941} INFO - Sync 1 DAGs
[2023-12-15T21:46:40.108+0000] {logging_mixin.py:154} INFO - [2023-12-15T21:46:40.058+0000] {dag.py:3722} INFO - Setting next_dagrun for example_python_operator to None, run_after=None
[2023-12-15T21:46:40.987+0000] {processor.py:179} INFO - Processing /home/airflow/.local/lib/python3.8/site-packages/airflow/example_dags/example_python_operator.py took 5.347 seconds
