[2023-12-15T20:50:21.851+0000] {processor.py:157} INFO - Started process (PID=68) to work on /home/airflow/.local/lib/python3.8/site-packages/airflow/example_dags/example_dynamic_task_mapping_with_no_taskflow_operators.py
[2023-12-15T20:50:21.853+0000] {processor.py:829} INFO - Processing file /home/airflow/.local/lib/python3.8/site-packages/airflow/example_dags/example_dynamic_task_mapping_with_no_taskflow_operators.py for tasks to queue
[2023-12-15T20:50:21.856+0000] {logging_mixin.py:154} INFO - [2023-12-15T20:50:21.856+0000] {dagbag.py:536} INFO - Filling up the DagBag from /home/airflow/.local/lib/python3.8/site-packages/airflow/example_dags/example_dynamic_task_mapping_with_no_taskflow_operators.py
[2023-12-15T20:50:21.927+0000] {processor.py:839} INFO - DAG(s) dict_keys(['example_dynamic_task_mapping_with_no_taskflow_operators']) retrieved from /home/airflow/.local/lib/python3.8/site-packages/airflow/example_dags/example_dynamic_task_mapping_with_no_taskflow_operators.py
[2023-12-15T20:50:22.446+0000] {logging_mixin.py:154} INFO - [2023-12-15T20:50:22.445+0000] {manager.py:499} INFO - Created Permission View: %s
[2023-12-15T20:50:22.512+0000] {logging_mixin.py:154} INFO - [2023-12-15T20:50:22.511+0000] {manager.py:499} INFO - Created Permission View: %s
[2023-12-15T20:50:22.555+0000] {logging_mixin.py:154} INFO - [2023-12-15T20:50:22.555+0000] {manager.py:499} INFO - Created Permission View: %s
[2023-12-15T20:50:22.556+0000] {logging_mixin.py:154} INFO - [2023-12-15T20:50:22.555+0000] {dag.py:2941} INFO - Sync 1 DAGs
[2023-12-15T20:50:22.599+0000] {logging_mixin.py:154} INFO - [2023-12-15T20:50:22.599+0000] {dag.py:2963} INFO - Creating ORM DAG for example_dynamic_task_mapping_with_no_taskflow_operators
[2023-12-15T20:50:22.661+0000] {logging_mixin.py:154} INFO - [2023-12-15T20:50:22.661+0000] {dag.py:3722} INFO - Setting next_dagrun for example_dynamic_task_mapping_with_no_taskflow_operators to 2023-12-14T20:50:22.660872+00:00, run_after=2023-12-15T20:50:22.660872+00:00
[2023-12-15T20:50:22.729+0000] {processor.py:179} INFO - Processing /home/airflow/.local/lib/python3.8/site-packages/airflow/example_dags/example_dynamic_task_mapping_with_no_taskflow_operators.py took 0.904 seconds
[2023-12-15T21:11:02.894+0000] {processor.py:157} INFO - Started process (PID=144) to work on /home/airflow/.local/lib/python3.8/site-packages/airflow/example_dags/example_dynamic_task_mapping_with_no_taskflow_operators.py
[2023-12-15T21:11:02.900+0000] {processor.py:829} INFO - Processing file /home/airflow/.local/lib/python3.8/site-packages/airflow/example_dags/example_dynamic_task_mapping_with_no_taskflow_operators.py for tasks to queue
[2023-12-15T21:11:02.911+0000] {logging_mixin.py:154} INFO - [2023-12-15T21:11:02.910+0000] {dagbag.py:536} INFO - Filling up the DagBag from /home/airflow/.local/lib/python3.8/site-packages/airflow/example_dags/example_dynamic_task_mapping_with_no_taskflow_operators.py
[2023-12-15T21:11:03.012+0000] {processor.py:839} INFO - DAG(s) dict_keys(['example_dynamic_task_mapping_with_no_taskflow_operators']) retrieved from /home/airflow/.local/lib/python3.8/site-packages/airflow/example_dags/example_dynamic_task_mapping_with_no_taskflow_operators.py
[2023-12-15T21:11:03.255+0000] {logging_mixin.py:154} INFO - [2023-12-15T21:11:03.254+0000] {dag.py:2941} INFO - Sync 1 DAGs
[2023-12-15T21:11:03.491+0000] {logging_mixin.py:154} INFO - [2023-12-15T21:11:03.491+0000] {dag.py:3722} INFO - Setting next_dagrun for example_dynamic_task_mapping_with_no_taskflow_operators to 2023-12-14T21:11:03.491041+00:00, run_after=2023-12-15T21:11:03.491041+00:00
[2023-12-15T21:11:03.551+0000] {processor.py:179} INFO - Processing /home/airflow/.local/lib/python3.8/site-packages/airflow/example_dags/example_dynamic_task_mapping_with_no_taskflow_operators.py took 0.677 seconds
[2023-12-15T21:11:37.723+0000] {processor.py:157} INFO - Started process (PID=200) to work on /home/airflow/.local/lib/python3.8/site-packages/airflow/example_dags/example_dynamic_task_mapping_with_no_taskflow_operators.py
[2023-12-15T21:11:37.732+0000] {processor.py:829} INFO - Processing file /home/airflow/.local/lib/python3.8/site-packages/airflow/example_dags/example_dynamic_task_mapping_with_no_taskflow_operators.py for tasks to queue
[2023-12-15T21:11:37.746+0000] {logging_mixin.py:154} INFO - [2023-12-15T21:11:37.745+0000] {dagbag.py:536} INFO - Filling up the DagBag from /home/airflow/.local/lib/python3.8/site-packages/airflow/example_dags/example_dynamic_task_mapping_with_no_taskflow_operators.py
[2023-12-15T21:11:37.799+0000] {processor.py:839} INFO - DAG(s) dict_keys(['example_dynamic_task_mapping_with_no_taskflow_operators']) retrieved from /home/airflow/.local/lib/python3.8/site-packages/airflow/example_dags/example_dynamic_task_mapping_with_no_taskflow_operators.py
[2023-12-15T21:11:37.843+0000] {logging_mixin.py:154} INFO - [2023-12-15T21:11:37.843+0000] {dag.py:2941} INFO - Sync 1 DAGs
[2023-12-15T21:11:37.943+0000] {logging_mixin.py:154} INFO - [2023-12-15T21:11:37.943+0000] {dag.py:3722} INFO - Setting next_dagrun for example_dynamic_task_mapping_with_no_taskflow_operators to 2023-12-14T21:11:37.941978+00:00, run_after=2023-12-15T21:11:37.941978+00:00
[2023-12-15T21:11:37.989+0000] {processor.py:179} INFO - Processing /home/airflow/.local/lib/python3.8/site-packages/airflow/example_dags/example_dynamic_task_mapping_with_no_taskflow_operators.py took 0.295 seconds
[2023-12-15T21:12:20.525+0000] {processor.py:157} INFO - Started process (PID=267) to work on /home/airflow/.local/lib/python3.8/site-packages/airflow/example_dags/example_dynamic_task_mapping_with_no_taskflow_operators.py
[2023-12-15T21:12:20.541+0000] {processor.py:829} INFO - Processing file /home/airflow/.local/lib/python3.8/site-packages/airflow/example_dags/example_dynamic_task_mapping_with_no_taskflow_operators.py for tasks to queue
[2023-12-15T21:12:20.556+0000] {logging_mixin.py:154} INFO - [2023-12-15T21:12:20.555+0000] {dagbag.py:536} INFO - Filling up the DagBag from /home/airflow/.local/lib/python3.8/site-packages/airflow/example_dags/example_dynamic_task_mapping_with_no_taskflow_operators.py
[2023-12-15T21:12:20.604+0000] {processor.py:839} INFO - DAG(s) dict_keys(['example_dynamic_task_mapping_with_no_taskflow_operators']) retrieved from /home/airflow/.local/lib/python3.8/site-packages/airflow/example_dags/example_dynamic_task_mapping_with_no_taskflow_operators.py
[2023-12-15T21:12:20.785+0000] {logging_mixin.py:154} INFO - [2023-12-15T21:12:20.785+0000] {dag.py:2941} INFO - Sync 1 DAGs
[2023-12-15T21:12:20.989+0000] {logging_mixin.py:154} INFO - [2023-12-15T21:12:20.989+0000] {dag.py:3722} INFO - Setting next_dagrun for example_dynamic_task_mapping_with_no_taskflow_operators to 2023-12-14T21:12:20.988122+00:00, run_after=2023-12-15T21:12:20.988122+00:00
[2023-12-15T21:12:21.162+0000] {processor.py:179} INFO - Processing /home/airflow/.local/lib/python3.8/site-packages/airflow/example_dags/example_dynamic_task_mapping_with_no_taskflow_operators.py took 0.677 seconds
[2023-12-15T21:12:51.860+0000] {processor.py:157} INFO - Started process (PID=323) to work on /home/airflow/.local/lib/python3.8/site-packages/airflow/example_dags/example_dynamic_task_mapping_with_no_taskflow_operators.py
[2023-12-15T21:12:51.867+0000] {processor.py:829} INFO - Processing file /home/airflow/.local/lib/python3.8/site-packages/airflow/example_dags/example_dynamic_task_mapping_with_no_taskflow_operators.py for tasks to queue
[2023-12-15T21:12:51.877+0000] {logging_mixin.py:154} INFO - [2023-12-15T21:12:51.876+0000] {dagbag.py:536} INFO - Filling up the DagBag from /home/airflow/.local/lib/python3.8/site-packages/airflow/example_dags/example_dynamic_task_mapping_with_no_taskflow_operators.py
[2023-12-15T21:12:51.954+0000] {processor.py:839} INFO - DAG(s) dict_keys(['example_dynamic_task_mapping_with_no_taskflow_operators']) retrieved from /home/airflow/.local/lib/python3.8/site-packages/airflow/example_dags/example_dynamic_task_mapping_with_no_taskflow_operators.py
[2023-12-15T21:12:52.173+0000] {logging_mixin.py:154} INFO - [2023-12-15T21:12:52.172+0000] {dag.py:2941} INFO - Sync 1 DAGs
[2023-12-15T21:12:52.357+0000] {logging_mixin.py:154} INFO - [2023-12-15T21:12:52.356+0000] {dag.py:3722} INFO - Setting next_dagrun for example_dynamic_task_mapping_with_no_taskflow_operators to 2023-12-14T21:12:52.355872+00:00, run_after=2023-12-15T21:12:52.355872+00:00
[2023-12-15T21:12:52.541+0000] {processor.py:179} INFO - Processing /home/airflow/.local/lib/python3.8/site-packages/airflow/example_dags/example_dynamic_task_mapping_with_no_taskflow_operators.py took 0.738 seconds
[2023-12-15T21:13:23.285+0000] {processor.py:157} INFO - Started process (PID=379) to work on /home/airflow/.local/lib/python3.8/site-packages/airflow/example_dags/example_dynamic_task_mapping_with_no_taskflow_operators.py
[2023-12-15T21:13:23.287+0000] {processor.py:829} INFO - Processing file /home/airflow/.local/lib/python3.8/site-packages/airflow/example_dags/example_dynamic_task_mapping_with_no_taskflow_operators.py for tasks to queue
[2023-12-15T21:13:23.296+0000] {logging_mixin.py:154} INFO - [2023-12-15T21:13:23.295+0000] {dagbag.py:536} INFO - Filling up the DagBag from /home/airflow/.local/lib/python3.8/site-packages/airflow/example_dags/example_dynamic_task_mapping_with_no_taskflow_operators.py
[2023-12-15T21:13:23.337+0000] {processor.py:839} INFO - DAG(s) dict_keys(['example_dynamic_task_mapping_with_no_taskflow_operators']) retrieved from /home/airflow/.local/lib/python3.8/site-packages/airflow/example_dags/example_dynamic_task_mapping_with_no_taskflow_operators.py
[2023-12-15T21:13:23.395+0000] {logging_mixin.py:154} INFO - [2023-12-15T21:13:23.395+0000] {dag.py:2941} INFO - Sync 1 DAGs
[2023-12-15T21:13:23.488+0000] {logging_mixin.py:154} INFO - [2023-12-15T21:13:23.488+0000] {dag.py:3722} INFO - Setting next_dagrun for example_dynamic_task_mapping_with_no_taskflow_operators to 2023-12-14T21:13:23.485571+00:00, run_after=2023-12-15T21:13:23.485571+00:00
[2023-12-15T21:13:23.544+0000] {processor.py:179} INFO - Processing /home/airflow/.local/lib/python3.8/site-packages/airflow/example_dags/example_dynamic_task_mapping_with_no_taskflow_operators.py took 0.276 seconds
[2023-12-15T21:13:54.143+0000] {processor.py:157} INFO - Started process (PID=435) to work on /home/airflow/.local/lib/python3.8/site-packages/airflow/example_dags/example_dynamic_task_mapping_with_no_taskflow_operators.py
[2023-12-15T21:13:54.150+0000] {processor.py:829} INFO - Processing file /home/airflow/.local/lib/python3.8/site-packages/airflow/example_dags/example_dynamic_task_mapping_with_no_taskflow_operators.py for tasks to queue
[2023-12-15T21:13:54.159+0000] {logging_mixin.py:154} INFO - [2023-12-15T21:13:54.158+0000] {dagbag.py:536} INFO - Filling up the DagBag from /home/airflow/.local/lib/python3.8/site-packages/airflow/example_dags/example_dynamic_task_mapping_with_no_taskflow_operators.py
[2023-12-15T21:13:54.187+0000] {processor.py:839} INFO - DAG(s) dict_keys(['example_dynamic_task_mapping_with_no_taskflow_operators']) retrieved from /home/airflow/.local/lib/python3.8/site-packages/airflow/example_dags/example_dynamic_task_mapping_with_no_taskflow_operators.py
[2023-12-15T21:13:54.308+0000] {logging_mixin.py:154} INFO - [2023-12-15T21:13:54.307+0000] {dag.py:2941} INFO - Sync 1 DAGs
[2023-12-15T21:13:54.398+0000] {logging_mixin.py:154} INFO - [2023-12-15T21:13:54.398+0000] {dag.py:3722} INFO - Setting next_dagrun for example_dynamic_task_mapping_with_no_taskflow_operators to 2023-12-14T21:13:54.397667+00:00, run_after=2023-12-15T21:13:54.397667+00:00
[2023-12-15T21:13:54.465+0000] {processor.py:179} INFO - Processing /home/airflow/.local/lib/python3.8/site-packages/airflow/example_dags/example_dynamic_task_mapping_with_no_taskflow_operators.py took 0.357 seconds
[2023-12-15T21:14:27.502+0000] {processor.py:157} INFO - Started process (PID=491) to work on /home/airflow/.local/lib/python3.8/site-packages/airflow/example_dags/example_dynamic_task_mapping_with_no_taskflow_operators.py
[2023-12-15T21:14:27.505+0000] {processor.py:829} INFO - Processing file /home/airflow/.local/lib/python3.8/site-packages/airflow/example_dags/example_dynamic_task_mapping_with_no_taskflow_operators.py for tasks to queue
[2023-12-15T21:14:27.520+0000] {logging_mixin.py:154} INFO - [2023-12-15T21:14:27.519+0000] {dagbag.py:536} INFO - Filling up the DagBag from /home/airflow/.local/lib/python3.8/site-packages/airflow/example_dags/example_dynamic_task_mapping_with_no_taskflow_operators.py
[2023-12-15T21:14:27.572+0000] {processor.py:839} INFO - DAG(s) dict_keys(['example_dynamic_task_mapping_with_no_taskflow_operators']) retrieved from /home/airflow/.local/lib/python3.8/site-packages/airflow/example_dags/example_dynamic_task_mapping_with_no_taskflow_operators.py
[2023-12-15T21:14:27.665+0000] {logging_mixin.py:154} INFO - [2023-12-15T21:14:27.664+0000] {dag.py:2941} INFO - Sync 1 DAGs
[2023-12-15T21:14:27.818+0000] {logging_mixin.py:154} INFO - [2023-12-15T21:14:27.814+0000] {dag.py:3722} INFO - Setting next_dagrun for example_dynamic_task_mapping_with_no_taskflow_operators to 2023-12-14T21:14:27.813678+00:00, run_after=2023-12-15T21:14:27.813678+00:00
[2023-12-15T21:14:27.969+0000] {processor.py:179} INFO - Processing /home/airflow/.local/lib/python3.8/site-packages/airflow/example_dags/example_dynamic_task_mapping_with_no_taskflow_operators.py took 0.484 seconds
[2023-12-15T21:15:01.992+0000] {processor.py:157} INFO - Started process (PID=548) to work on /home/airflow/.local/lib/python3.8/site-packages/airflow/example_dags/example_dynamic_task_mapping_with_no_taskflow_operators.py
[2023-12-15T21:15:01.999+0000] {processor.py:829} INFO - Processing file /home/airflow/.local/lib/python3.8/site-packages/airflow/example_dags/example_dynamic_task_mapping_with_no_taskflow_operators.py for tasks to queue
[2023-12-15T21:15:02.014+0000] {logging_mixin.py:154} INFO - [2023-12-15T21:15:02.013+0000] {dagbag.py:536} INFO - Filling up the DagBag from /home/airflow/.local/lib/python3.8/site-packages/airflow/example_dags/example_dynamic_task_mapping_with_no_taskflow_operators.py
[2023-12-15T21:15:02.062+0000] {processor.py:839} INFO - DAG(s) dict_keys(['example_dynamic_task_mapping_with_no_taskflow_operators']) retrieved from /home/airflow/.local/lib/python3.8/site-packages/airflow/example_dags/example_dynamic_task_mapping_with_no_taskflow_operators.py
[2023-12-15T21:15:02.201+0000] {logging_mixin.py:154} INFO - [2023-12-15T21:15:02.201+0000] {dag.py:2941} INFO - Sync 1 DAGs
[2023-12-15T21:15:02.263+0000] {logging_mixin.py:154} INFO - [2023-12-15T21:15:02.262+0000] {dag.py:3722} INFO - Setting next_dagrun for example_dynamic_task_mapping_with_no_taskflow_operators to 2023-12-14T21:15:02.261999+00:00, run_after=2023-12-15T21:15:02.261999+00:00
[2023-12-15T21:15:02.302+0000] {processor.py:179} INFO - Processing /home/airflow/.local/lib/python3.8/site-packages/airflow/example_dags/example_dynamic_task_mapping_with_no_taskflow_operators.py took 0.327 seconds
[2023-12-15T21:15:38.121+0000] {processor.py:157} INFO - Started process (PID=605) to work on /home/airflow/.local/lib/python3.8/site-packages/airflow/example_dags/example_dynamic_task_mapping_with_no_taskflow_operators.py
[2023-12-15T21:15:38.138+0000] {processor.py:829} INFO - Processing file /home/airflow/.local/lib/python3.8/site-packages/airflow/example_dags/example_dynamic_task_mapping_with_no_taskflow_operators.py for tasks to queue
[2023-12-15T21:15:38.166+0000] {logging_mixin.py:154} INFO - [2023-12-15T21:15:38.165+0000] {dagbag.py:536} INFO - Filling up the DagBag from /home/airflow/.local/lib/python3.8/site-packages/airflow/example_dags/example_dynamic_task_mapping_with_no_taskflow_operators.py
[2023-12-15T21:15:38.263+0000] {processor.py:839} INFO - DAG(s) dict_keys(['example_dynamic_task_mapping_with_no_taskflow_operators']) retrieved from /home/airflow/.local/lib/python3.8/site-packages/airflow/example_dags/example_dynamic_task_mapping_with_no_taskflow_operators.py
[2023-12-15T21:15:38.475+0000] {logging_mixin.py:154} INFO - [2023-12-15T21:15:38.472+0000] {dag.py:2941} INFO - Sync 1 DAGs
[2023-12-15T21:15:38.734+0000] {logging_mixin.py:154} INFO - [2023-12-15T21:15:38.733+0000] {dag.py:3722} INFO - Setting next_dagrun for example_dynamic_task_mapping_with_no_taskflow_operators to 2023-12-14T21:15:38.732567+00:00, run_after=2023-12-15T21:15:38.732567+00:00
[2023-12-15T21:15:38.916+0000] {processor.py:179} INFO - Processing /home/airflow/.local/lib/python3.8/site-packages/airflow/example_dags/example_dynamic_task_mapping_with_no_taskflow_operators.py took 0.876 seconds
[2023-12-15T21:16:09.847+0000] {processor.py:157} INFO - Started process (PID=661) to work on /home/airflow/.local/lib/python3.8/site-packages/airflow/example_dags/example_dynamic_task_mapping_with_no_taskflow_operators.py
[2023-12-15T21:16:09.857+0000] {processor.py:829} INFO - Processing file /home/airflow/.local/lib/python3.8/site-packages/airflow/example_dags/example_dynamic_task_mapping_with_no_taskflow_operators.py for tasks to queue
[2023-12-15T21:16:09.862+0000] {logging_mixin.py:154} INFO - [2023-12-15T21:16:09.862+0000] {dagbag.py:536} INFO - Filling up the DagBag from /home/airflow/.local/lib/python3.8/site-packages/airflow/example_dags/example_dynamic_task_mapping_with_no_taskflow_operators.py
[2023-12-15T21:16:09.909+0000] {processor.py:839} INFO - DAG(s) dict_keys(['example_dynamic_task_mapping_with_no_taskflow_operators']) retrieved from /home/airflow/.local/lib/python3.8/site-packages/airflow/example_dags/example_dynamic_task_mapping_with_no_taskflow_operators.py
[2023-12-15T21:16:10.197+0000] {logging_mixin.py:154} INFO - [2023-12-15T21:16:10.196+0000] {dag.py:2941} INFO - Sync 1 DAGs
[2023-12-15T21:16:10.505+0000] {logging_mixin.py:154} INFO - [2023-12-15T21:16:10.505+0000] {dag.py:3722} INFO - Setting next_dagrun for example_dynamic_task_mapping_with_no_taskflow_operators to 2023-12-14T21:16:10.504894+00:00, run_after=2023-12-15T21:16:10.504894+00:00
[2023-12-15T21:16:10.742+0000] {processor.py:179} INFO - Processing /home/airflow/.local/lib/python3.8/site-packages/airflow/example_dags/example_dynamic_task_mapping_with_no_taskflow_operators.py took 0.922 seconds
[2023-12-15T21:17:05.266+0000] {processor.py:157} INFO - Started process (PID=719) to work on /home/airflow/.local/lib/python3.8/site-packages/airflow/example_dags/example_dynamic_task_mapping_with_no_taskflow_operators.py
[2023-12-15T21:17:05.288+0000] {processor.py:829} INFO - Processing file /home/airflow/.local/lib/python3.8/site-packages/airflow/example_dags/example_dynamic_task_mapping_with_no_taskflow_operators.py for tasks to queue
[2023-12-15T21:17:05.306+0000] {logging_mixin.py:154} INFO - [2023-12-15T21:17:05.305+0000] {dagbag.py:536} INFO - Filling up the DagBag from /home/airflow/.local/lib/python3.8/site-packages/airflow/example_dags/example_dynamic_task_mapping_with_no_taskflow_operators.py
[2023-12-15T21:17:05.423+0000] {processor.py:839} INFO - DAG(s) dict_keys(['example_dynamic_task_mapping_with_no_taskflow_operators']) retrieved from /home/airflow/.local/lib/python3.8/site-packages/airflow/example_dags/example_dynamic_task_mapping_with_no_taskflow_operators.py
[2023-12-15T21:17:05.697+0000] {logging_mixin.py:154} INFO - [2023-12-15T21:17:05.697+0000] {dag.py:2941} INFO - Sync 1 DAGs
[2023-12-15T21:17:05.947+0000] {logging_mixin.py:154} INFO - [2023-12-15T21:17:05.946+0000] {dag.py:3722} INFO - Setting next_dagrun for example_dynamic_task_mapping_with_no_taskflow_operators to 2023-12-14T21:17:05.945713+00:00, run_after=2023-12-15T21:17:05.945713+00:00
[2023-12-15T21:17:06.488+0000] {processor.py:179} INFO - Processing /home/airflow/.local/lib/python3.8/site-packages/airflow/example_dags/example_dynamic_task_mapping_with_no_taskflow_operators.py took 1.232 seconds
[2023-12-15T21:17:37.349+0000] {processor.py:157} INFO - Started process (PID=775) to work on /home/airflow/.local/lib/python3.8/site-packages/airflow/example_dags/example_dynamic_task_mapping_with_no_taskflow_operators.py
[2023-12-15T21:17:37.359+0000] {processor.py:829} INFO - Processing file /home/airflow/.local/lib/python3.8/site-packages/airflow/example_dags/example_dynamic_task_mapping_with_no_taskflow_operators.py for tasks to queue
[2023-12-15T21:17:37.385+0000] {logging_mixin.py:154} INFO - [2023-12-15T21:17:37.384+0000] {dagbag.py:536} INFO - Filling up the DagBag from /home/airflow/.local/lib/python3.8/site-packages/airflow/example_dags/example_dynamic_task_mapping_with_no_taskflow_operators.py
[2023-12-15T21:17:37.415+0000] {processor.py:839} INFO - DAG(s) dict_keys(['example_dynamic_task_mapping_with_no_taskflow_operators']) retrieved from /home/airflow/.local/lib/python3.8/site-packages/airflow/example_dags/example_dynamic_task_mapping_with_no_taskflow_operators.py
[2023-12-15T21:17:37.608+0000] {logging_mixin.py:154} INFO - [2023-12-15T21:17:37.607+0000] {dag.py:2941} INFO - Sync 1 DAGs
[2023-12-15T21:17:37.855+0000] {logging_mixin.py:154} INFO - [2023-12-15T21:17:37.845+0000] {dag.py:3722} INFO - Setting next_dagrun for example_dynamic_task_mapping_with_no_taskflow_operators to 2023-12-14T21:17:37.844172+00:00, run_after=2023-12-15T21:17:37.844172+00:00
[2023-12-15T21:17:38.048+0000] {processor.py:179} INFO - Processing /home/airflow/.local/lib/python3.8/site-packages/airflow/example_dags/example_dynamic_task_mapping_with_no_taskflow_operators.py took 0.747 seconds
[2023-12-15T21:28:20.695+0000] {processor.py:157} INFO - Started process (PID=94) to work on /home/airflow/.local/lib/python3.8/site-packages/airflow/example_dags/example_dynamic_task_mapping_with_no_taskflow_operators.py
[2023-12-15T21:28:20.717+0000] {processor.py:829} INFO - Processing file /home/airflow/.local/lib/python3.8/site-packages/airflow/example_dags/example_dynamic_task_mapping_with_no_taskflow_operators.py for tasks to queue
[2023-12-15T21:28:20.745+0000] {logging_mixin.py:154} INFO - [2023-12-15T21:28:20.744+0000] {dagbag.py:536} INFO - Filling up the DagBag from /home/airflow/.local/lib/python3.8/site-packages/airflow/example_dags/example_dynamic_task_mapping_with_no_taskflow_operators.py
[2023-12-15T21:28:20.841+0000] {processor.py:839} INFO - DAG(s) dict_keys(['example_dynamic_task_mapping_with_no_taskflow_operators']) retrieved from /home/airflow/.local/lib/python3.8/site-packages/airflow/example_dags/example_dynamic_task_mapping_with_no_taskflow_operators.py
[2023-12-15T21:28:21.265+0000] {logging_mixin.py:154} INFO - [2023-12-15T21:28:21.265+0000] {dag.py:2941} INFO - Sync 1 DAGs
[2023-12-15T21:28:21.631+0000] {logging_mixin.py:154} INFO - [2023-12-15T21:28:21.629+0000] {dag.py:3722} INFO - Setting next_dagrun for example_dynamic_task_mapping_with_no_taskflow_operators to 2023-12-14T21:28:21.628999+00:00, run_after=2023-12-15T21:28:21.628999+00:00
[2023-12-15T21:28:21.842+0000] {processor.py:179} INFO - Processing /home/airflow/.local/lib/python3.8/site-packages/airflow/example_dags/example_dynamic_task_mapping_with_no_taskflow_operators.py took 1.189 seconds
[2023-12-15T21:29:25.444+0000] {processor.py:157} INFO - Started process (PID=157) to work on /home/airflow/.local/lib/python3.8/site-packages/airflow/example_dags/example_dynamic_task_mapping_with_no_taskflow_operators.py
[2023-12-15T21:29:25.480+0000] {processor.py:829} INFO - Processing file /home/airflow/.local/lib/python3.8/site-packages/airflow/example_dags/example_dynamic_task_mapping_with_no_taskflow_operators.py for tasks to queue
[2023-12-15T21:29:25.497+0000] {logging_mixin.py:154} INFO - [2023-12-15T21:29:25.497+0000] {dagbag.py:536} INFO - Filling up the DagBag from /home/airflow/.local/lib/python3.8/site-packages/airflow/example_dags/example_dynamic_task_mapping_with_no_taskflow_operators.py
[2023-12-15T21:29:25.562+0000] {processor.py:839} INFO - DAG(s) dict_keys(['example_dynamic_task_mapping_with_no_taskflow_operators']) retrieved from /home/airflow/.local/lib/python3.8/site-packages/airflow/example_dags/example_dynamic_task_mapping_with_no_taskflow_operators.py
[2023-12-15T21:29:25.746+0000] {logging_mixin.py:154} INFO - [2023-12-15T21:29:25.746+0000] {dag.py:2941} INFO - Sync 1 DAGs
[2023-12-15T21:29:26.137+0000] {logging_mixin.py:154} INFO - [2023-12-15T21:29:26.136+0000] {dag.py:3722} INFO - Setting next_dagrun for example_dynamic_task_mapping_with_no_taskflow_operators to 2023-12-14T21:29:26.136108+00:00, run_after=2023-12-15T21:29:26.136108+00:00
[2023-12-15T21:29:26.329+0000] {processor.py:179} INFO - Processing /home/airflow/.local/lib/python3.8/site-packages/airflow/example_dags/example_dynamic_task_mapping_with_no_taskflow_operators.py took 0.990 seconds
[2023-12-15T21:30:18.163+0000] {processor.py:157} INFO - Started process (PID=221) to work on /home/airflow/.local/lib/python3.8/site-packages/airflow/example_dags/example_dynamic_task_mapping_with_no_taskflow_operators.py
[2023-12-15T21:30:18.169+0000] {processor.py:829} INFO - Processing file /home/airflow/.local/lib/python3.8/site-packages/airflow/example_dags/example_dynamic_task_mapping_with_no_taskflow_operators.py for tasks to queue
[2023-12-15T21:30:18.253+0000] {logging_mixin.py:154} INFO - [2023-12-15T21:30:18.238+0000] {dagbag.py:536} INFO - Filling up the DagBag from /home/airflow/.local/lib/python3.8/site-packages/airflow/example_dags/example_dynamic_task_mapping_with_no_taskflow_operators.py
[2023-12-15T21:30:18.688+0000] {processor.py:839} INFO - DAG(s) dict_keys(['example_dynamic_task_mapping_with_no_taskflow_operators']) retrieved from /home/airflow/.local/lib/python3.8/site-packages/airflow/example_dags/example_dynamic_task_mapping_with_no_taskflow_operators.py
[2023-12-15T21:30:19.617+0000] {logging_mixin.py:154} INFO - [2023-12-15T21:30:19.617+0000] {dag.py:2941} INFO - Sync 1 DAGs
[2023-12-15T21:30:20.363+0000] {logging_mixin.py:154} INFO - [2023-12-15T21:30:20.354+0000] {dag.py:3722} INFO - Setting next_dagrun for example_dynamic_task_mapping_with_no_taskflow_operators to 2023-12-14T21:30:20.341482+00:00, run_after=2023-12-15T21:30:20.341482+00:00
[2023-12-15T21:30:20.765+0000] {processor.py:179} INFO - Processing /home/airflow/.local/lib/python3.8/site-packages/airflow/example_dags/example_dynamic_task_mapping_with_no_taskflow_operators.py took 2.629 seconds
[2023-12-15T21:35:39.978+0000] {processor.py:157} INFO - Started process (PID=81) to work on /home/airflow/.local/lib/python3.8/site-packages/airflow/example_dags/example_dynamic_task_mapping_with_no_taskflow_operators.py
[2023-12-15T21:35:39.993+0000] {processor.py:829} INFO - Processing file /home/airflow/.local/lib/python3.8/site-packages/airflow/example_dags/example_dynamic_task_mapping_with_no_taskflow_operators.py for tasks to queue
[2023-12-15T21:35:40.005+0000] {logging_mixin.py:154} INFO - [2023-12-15T21:35:40.004+0000] {dagbag.py:536} INFO - Filling up the DagBag from /home/airflow/.local/lib/python3.8/site-packages/airflow/example_dags/example_dynamic_task_mapping_with_no_taskflow_operators.py
[2023-12-15T21:35:40.107+0000] {processor.py:839} INFO - DAG(s) dict_keys(['example_dynamic_task_mapping_with_no_taskflow_operators']) retrieved from /home/airflow/.local/lib/python3.8/site-packages/airflow/example_dags/example_dynamic_task_mapping_with_no_taskflow_operators.py
[2023-12-15T21:35:40.229+0000] {logging_mixin.py:154} INFO - [2023-12-15T21:35:40.229+0000] {dag.py:2941} INFO - Sync 1 DAGs
[2023-12-15T21:35:40.394+0000] {logging_mixin.py:154} INFO - [2023-12-15T21:35:40.394+0000] {dag.py:3722} INFO - Setting next_dagrun for example_dynamic_task_mapping_with_no_taskflow_operators to 2023-12-14T21:35:40.393576+00:00, run_after=2023-12-15T21:35:40.393576+00:00
[2023-12-15T21:35:40.558+0000] {processor.py:179} INFO - Processing /home/airflow/.local/lib/python3.8/site-packages/airflow/example_dags/example_dynamic_task_mapping_with_no_taskflow_operators.py took 0.650 seconds
[2023-12-15T21:36:21.460+0000] {processor.py:157} INFO - Started process (PID=136) to work on /home/airflow/.local/lib/python3.8/site-packages/airflow/example_dags/example_dynamic_task_mapping_with_no_taskflow_operators.py
[2023-12-15T21:36:21.469+0000] {processor.py:829} INFO - Processing file /home/airflow/.local/lib/python3.8/site-packages/airflow/example_dags/example_dynamic_task_mapping_with_no_taskflow_operators.py for tasks to queue
[2023-12-15T21:36:21.489+0000] {logging_mixin.py:154} INFO - [2023-12-15T21:36:21.488+0000] {dagbag.py:536} INFO - Filling up the DagBag from /home/airflow/.local/lib/python3.8/site-packages/airflow/example_dags/example_dynamic_task_mapping_with_no_taskflow_operators.py
[2023-12-15T21:36:21.592+0000] {processor.py:839} INFO - DAG(s) dict_keys(['example_dynamic_task_mapping_with_no_taskflow_operators']) retrieved from /home/airflow/.local/lib/python3.8/site-packages/airflow/example_dags/example_dynamic_task_mapping_with_no_taskflow_operators.py
[2023-12-15T21:36:21.758+0000] {logging_mixin.py:154} INFO - [2023-12-15T21:36:21.757+0000] {dag.py:2941} INFO - Sync 1 DAGs
[2023-12-15T21:36:21.893+0000] {logging_mixin.py:154} INFO - [2023-12-15T21:36:21.892+0000] {dag.py:3722} INFO - Setting next_dagrun for example_dynamic_task_mapping_with_no_taskflow_operators to 2023-12-14T21:36:21.892357+00:00, run_after=2023-12-15T21:36:21.892357+00:00
[2023-12-15T21:36:22.022+0000] {processor.py:179} INFO - Processing /home/airflow/.local/lib/python3.8/site-packages/airflow/example_dags/example_dynamic_task_mapping_with_no_taskflow_operators.py took 0.618 seconds
[2023-12-15T21:36:54.180+0000] {processor.py:157} INFO - Started process (PID=192) to work on /home/airflow/.local/lib/python3.8/site-packages/airflow/example_dags/example_dynamic_task_mapping_with_no_taskflow_operators.py
[2023-12-15T21:36:54.183+0000] {processor.py:829} INFO - Processing file /home/airflow/.local/lib/python3.8/site-packages/airflow/example_dags/example_dynamic_task_mapping_with_no_taskflow_operators.py for tasks to queue
[2023-12-15T21:36:54.191+0000] {logging_mixin.py:154} INFO - [2023-12-15T21:36:54.190+0000] {dagbag.py:536} INFO - Filling up the DagBag from /home/airflow/.local/lib/python3.8/site-packages/airflow/example_dags/example_dynamic_task_mapping_with_no_taskflow_operators.py
[2023-12-15T21:36:54.214+0000] {processor.py:839} INFO - DAG(s) dict_keys(['example_dynamic_task_mapping_with_no_taskflow_operators']) retrieved from /home/airflow/.local/lib/python3.8/site-packages/airflow/example_dags/example_dynamic_task_mapping_with_no_taskflow_operators.py
[2023-12-15T21:36:54.295+0000] {logging_mixin.py:154} INFO - [2023-12-15T21:36:54.294+0000] {dag.py:2941} INFO - Sync 1 DAGs
[2023-12-15T21:36:54.388+0000] {logging_mixin.py:154} INFO - [2023-12-15T21:36:54.387+0000] {dag.py:3722} INFO - Setting next_dagrun for example_dynamic_task_mapping_with_no_taskflow_operators to 2023-12-14T21:36:54.386637+00:00, run_after=2023-12-15T21:36:54.386637+00:00
[2023-12-15T21:36:54.443+0000] {processor.py:179} INFO - Processing /home/airflow/.local/lib/python3.8/site-packages/airflow/example_dags/example_dynamic_task_mapping_with_no_taskflow_operators.py took 0.277 seconds
[2023-12-15T21:37:27.799+0000] {processor.py:157} INFO - Started process (PID=248) to work on /home/airflow/.local/lib/python3.8/site-packages/airflow/example_dags/example_dynamic_task_mapping_with_no_taskflow_operators.py
[2023-12-15T21:37:27.803+0000] {processor.py:829} INFO - Processing file /home/airflow/.local/lib/python3.8/site-packages/airflow/example_dags/example_dynamic_task_mapping_with_no_taskflow_operators.py for tasks to queue
[2023-12-15T21:37:27.811+0000] {logging_mixin.py:154} INFO - [2023-12-15T21:37:27.810+0000] {dagbag.py:536} INFO - Filling up the DagBag from /home/airflow/.local/lib/python3.8/site-packages/airflow/example_dags/example_dynamic_task_mapping_with_no_taskflow_operators.py
[2023-12-15T21:37:27.841+0000] {processor.py:839} INFO - DAG(s) dict_keys(['example_dynamic_task_mapping_with_no_taskflow_operators']) retrieved from /home/airflow/.local/lib/python3.8/site-packages/airflow/example_dags/example_dynamic_task_mapping_with_no_taskflow_operators.py
[2023-12-15T21:37:27.939+0000] {logging_mixin.py:154} INFO - [2023-12-15T21:37:27.939+0000] {dag.py:2941} INFO - Sync 1 DAGs
[2023-12-15T21:37:28.036+0000] {logging_mixin.py:154} INFO - [2023-12-15T21:37:28.036+0000] {dag.py:3722} INFO - Setting next_dagrun for example_dynamic_task_mapping_with_no_taskflow_operators to 2023-12-14T21:37:28.035449+00:00, run_after=2023-12-15T21:37:28.035449+00:00
[2023-12-15T21:37:28.105+0000] {processor.py:179} INFO - Processing /home/airflow/.local/lib/python3.8/site-packages/airflow/example_dags/example_dynamic_task_mapping_with_no_taskflow_operators.py took 0.324 seconds
[2023-12-15T21:38:15.376+0000] {processor.py:157} INFO - Started process (PID=303) to work on /home/airflow/.local/lib/python3.8/site-packages/airflow/example_dags/example_dynamic_task_mapping_with_no_taskflow_operators.py
[2023-12-15T21:38:15.379+0000] {processor.py:829} INFO - Processing file /home/airflow/.local/lib/python3.8/site-packages/airflow/example_dags/example_dynamic_task_mapping_with_no_taskflow_operators.py for tasks to queue
[2023-12-15T21:38:15.386+0000] {logging_mixin.py:154} INFO - [2023-12-15T21:38:15.386+0000] {dagbag.py:536} INFO - Filling up the DagBag from /home/airflow/.local/lib/python3.8/site-packages/airflow/example_dags/example_dynamic_task_mapping_with_no_taskflow_operators.py
[2023-12-15T21:38:15.412+0000] {processor.py:839} INFO - DAG(s) dict_keys(['example_dynamic_task_mapping_with_no_taskflow_operators']) retrieved from /home/airflow/.local/lib/python3.8/site-packages/airflow/example_dags/example_dynamic_task_mapping_with_no_taskflow_operators.py
[2023-12-15T21:38:15.476+0000] {logging_mixin.py:154} INFO - [2023-12-15T21:38:15.475+0000] {dag.py:2941} INFO - Sync 1 DAGs
[2023-12-15T21:38:15.548+0000] {logging_mixin.py:154} INFO - [2023-12-15T21:38:15.547+0000] {dag.py:3722} INFO - Setting next_dagrun for example_dynamic_task_mapping_with_no_taskflow_operators to 2023-12-14T21:38:15.546748+00:00, run_after=2023-12-15T21:38:15.546748+00:00
[2023-12-15T21:38:15.628+0000] {processor.py:179} INFO - Processing /home/airflow/.local/lib/python3.8/site-packages/airflow/example_dags/example_dynamic_task_mapping_with_no_taskflow_operators.py took 0.266 seconds
[2023-12-15T21:38:57.020+0000] {processor.py:157} INFO - Started process (PID=366) to work on /home/airflow/.local/lib/python3.8/site-packages/airflow/example_dags/example_dynamic_task_mapping_with_no_taskflow_operators.py
[2023-12-15T21:38:57.034+0000] {processor.py:829} INFO - Processing file /home/airflow/.local/lib/python3.8/site-packages/airflow/example_dags/example_dynamic_task_mapping_with_no_taskflow_operators.py for tasks to queue
[2023-12-15T21:38:57.072+0000] {logging_mixin.py:154} INFO - [2023-12-15T21:38:57.071+0000] {dagbag.py:536} INFO - Filling up the DagBag from /home/airflow/.local/lib/python3.8/site-packages/airflow/example_dags/example_dynamic_task_mapping_with_no_taskflow_operators.py
[2023-12-15T21:38:57.190+0000] {processor.py:839} INFO - DAG(s) dict_keys(['example_dynamic_task_mapping_with_no_taskflow_operators']) retrieved from /home/airflow/.local/lib/python3.8/site-packages/airflow/example_dags/example_dynamic_task_mapping_with_no_taskflow_operators.py
[2023-12-15T21:38:57.578+0000] {logging_mixin.py:154} INFO - [2023-12-15T21:38:57.578+0000] {dag.py:2941} INFO - Sync 1 DAGs
[2023-12-15T21:38:57.923+0000] {logging_mixin.py:154} INFO - [2023-12-15T21:38:57.922+0000] {dag.py:3722} INFO - Setting next_dagrun for example_dynamic_task_mapping_with_no_taskflow_operators to 2023-12-14T21:38:57.920955+00:00, run_after=2023-12-15T21:38:57.920955+00:00
[2023-12-15T21:38:58.374+0000] {processor.py:179} INFO - Processing /home/airflow/.local/lib/python3.8/site-packages/airflow/example_dags/example_dynamic_task_mapping_with_no_taskflow_operators.py took 1.447 seconds
[2023-12-15T21:39:40.976+0000] {processor.py:157} INFO - Started process (PID=422) to work on /home/airflow/.local/lib/python3.8/site-packages/airflow/example_dags/example_dynamic_task_mapping_with_no_taskflow_operators.py
[2023-12-15T21:39:40.982+0000] {processor.py:829} INFO - Processing file /home/airflow/.local/lib/python3.8/site-packages/airflow/example_dags/example_dynamic_task_mapping_with_no_taskflow_operators.py for tasks to queue
[2023-12-15T21:39:41.005+0000] {logging_mixin.py:154} INFO - [2023-12-15T21:39:41.005+0000] {dagbag.py:536} INFO - Filling up the DagBag from /home/airflow/.local/lib/python3.8/site-packages/airflow/example_dags/example_dynamic_task_mapping_with_no_taskflow_operators.py
[2023-12-15T21:39:41.056+0000] {processor.py:839} INFO - DAG(s) dict_keys(['example_dynamic_task_mapping_with_no_taskflow_operators']) retrieved from /home/airflow/.local/lib/python3.8/site-packages/airflow/example_dags/example_dynamic_task_mapping_with_no_taskflow_operators.py
[2023-12-15T21:39:41.197+0000] {logging_mixin.py:154} INFO - [2023-12-15T21:39:41.196+0000] {dag.py:2941} INFO - Sync 1 DAGs
[2023-12-15T21:39:41.395+0000] {logging_mixin.py:154} INFO - [2023-12-15T21:39:41.394+0000] {dag.py:3722} INFO - Setting next_dagrun for example_dynamic_task_mapping_with_no_taskflow_operators to 2023-12-14T21:39:41.393685+00:00, run_after=2023-12-15T21:39:41.393685+00:00
[2023-12-15T21:39:41.570+0000] {processor.py:179} INFO - Processing /home/airflow/.local/lib/python3.8/site-packages/airflow/example_dags/example_dynamic_task_mapping_with_no_taskflow_operators.py took 0.640 seconds
[2023-12-15T21:40:12.257+0000] {processor.py:157} INFO - Started process (PID=478) to work on /home/airflow/.local/lib/python3.8/site-packages/airflow/example_dags/example_dynamic_task_mapping_with_no_taskflow_operators.py
[2023-12-15T21:40:12.260+0000] {processor.py:829} INFO - Processing file /home/airflow/.local/lib/python3.8/site-packages/airflow/example_dags/example_dynamic_task_mapping_with_no_taskflow_operators.py for tasks to queue
[2023-12-15T21:40:12.280+0000] {logging_mixin.py:154} INFO - [2023-12-15T21:40:12.278+0000] {dagbag.py:536} INFO - Filling up the DagBag from /home/airflow/.local/lib/python3.8/site-packages/airflow/example_dags/example_dynamic_task_mapping_with_no_taskflow_operators.py
[2023-12-15T21:40:12.324+0000] {processor.py:839} INFO - DAG(s) dict_keys(['example_dynamic_task_mapping_with_no_taskflow_operators']) retrieved from /home/airflow/.local/lib/python3.8/site-packages/airflow/example_dags/example_dynamic_task_mapping_with_no_taskflow_operators.py
[2023-12-15T21:40:12.393+0000] {logging_mixin.py:154} INFO - [2023-12-15T21:40:12.393+0000] {dag.py:2941} INFO - Sync 1 DAGs
[2023-12-15T21:40:12.466+0000] {logging_mixin.py:154} INFO - [2023-12-15T21:40:12.466+0000] {dag.py:3722} INFO - Setting next_dagrun for example_dynamic_task_mapping_with_no_taskflow_operators to 2023-12-14T21:40:12.465537+00:00, run_after=2023-12-15T21:40:12.465537+00:00
[2023-12-15T21:40:12.608+0000] {processor.py:179} INFO - Processing /home/airflow/.local/lib/python3.8/site-packages/airflow/example_dags/example_dynamic_task_mapping_with_no_taskflow_operators.py took 0.366 seconds
[2023-12-15T21:46:02.827+0000] {processor.py:157} INFO - Started process (PID=89) to work on /home/airflow/.local/lib/python3.8/site-packages/airflow/example_dags/example_dynamic_task_mapping_with_no_taskflow_operators.py
[2023-12-15T21:46:02.858+0000] {processor.py:829} INFO - Processing file /home/airflow/.local/lib/python3.8/site-packages/airflow/example_dags/example_dynamic_task_mapping_with_no_taskflow_operators.py for tasks to queue
[2023-12-15T21:46:02.929+0000] {logging_mixin.py:154} INFO - [2023-12-15T21:46:02.903+0000] {dagbag.py:536} INFO - Filling up the DagBag from /home/airflow/.local/lib/python3.8/site-packages/airflow/example_dags/example_dynamic_task_mapping_with_no_taskflow_operators.py
[2023-12-15T21:46:03.316+0000] {processor.py:839} INFO - DAG(s) dict_keys(['example_dynamic_task_mapping_with_no_taskflow_operators']) retrieved from /home/airflow/.local/lib/python3.8/site-packages/airflow/example_dags/example_dynamic_task_mapping_with_no_taskflow_operators.py
[2023-12-15T21:46:03.976+0000] {logging_mixin.py:154} INFO - [2023-12-15T21:46:03.975+0000] {dag.py:2941} INFO - Sync 1 DAGs
[2023-12-15T21:46:04.480+0000] {logging_mixin.py:154} INFO - [2023-12-15T21:46:04.480+0000] {dag.py:3722} INFO - Setting next_dagrun for example_dynamic_task_mapping_with_no_taskflow_operators to 2023-12-14T21:46:04.459422+00:00, run_after=2023-12-15T21:46:04.459422+00:00
[2023-12-15T21:46:05.298+0000] {processor.py:179} INFO - Processing /home/airflow/.local/lib/python3.8/site-packages/airflow/example_dags/example_dynamic_task_mapping_with_no_taskflow_operators.py took 2.560 seconds
[2023-12-15T21:47:35.136+0000] {processor.py:157} INFO - Started process (PID=159) to work on /home/airflow/.local/lib/python3.8/site-packages/airflow/example_dags/example_dynamic_task_mapping_with_no_taskflow_operators.py
[2023-12-15T21:47:35.145+0000] {processor.py:829} INFO - Processing file /home/airflow/.local/lib/python3.8/site-packages/airflow/example_dags/example_dynamic_task_mapping_with_no_taskflow_operators.py for tasks to queue
[2023-12-15T21:47:35.213+0000] {logging_mixin.py:154} INFO - [2023-12-15T21:47:35.212+0000] {dagbag.py:536} INFO - Filling up the DagBag from /home/airflow/.local/lib/python3.8/site-packages/airflow/example_dags/example_dynamic_task_mapping_with_no_taskflow_operators.py
[2023-12-15T21:47:35.343+0000] {processor.py:839} INFO - DAG(s) dict_keys(['example_dynamic_task_mapping_with_no_taskflow_operators']) retrieved from /home/airflow/.local/lib/python3.8/site-packages/airflow/example_dags/example_dynamic_task_mapping_with_no_taskflow_operators.py
[2023-12-15T21:47:35.717+0000] {logging_mixin.py:154} INFO - [2023-12-15T21:47:35.717+0000] {dag.py:2941} INFO - Sync 1 DAGs
[2023-12-15T21:47:35.949+0000] {logging_mixin.py:154} INFO - [2023-12-15T21:47:35.949+0000] {dag.py:3722} INFO - Setting next_dagrun for example_dynamic_task_mapping_with_no_taskflow_operators to 2023-12-14T21:47:35.947200+00:00, run_after=2023-12-15T21:47:35.947200+00:00
[2023-12-15T21:47:36.087+0000] {processor.py:179} INFO - Processing /home/airflow/.local/lib/python3.8/site-packages/airflow/example_dags/example_dynamic_task_mapping_with_no_taskflow_operators.py took 1.013 seconds
