[2023-12-15T20:50:26.407+0000] {processor.py:157} INFO - Started process (PID=86) to work on /home/airflow/.local/lib/python3.8/site-packages/airflow/example_dags/example_subdag_operator.py
[2023-12-15T20:50:26.409+0000] {processor.py:829} INFO - Processing file /home/airflow/.local/lib/python3.8/site-packages/airflow/example_dags/example_subdag_operator.py for tasks to queue
[2023-12-15T20:50:26.414+0000] {logging_mixin.py:154} INFO - [2023-12-15T20:50:26.413+0000] {dagbag.py:536} INFO - Filling up the DagBag from /home/airflow/.local/lib/python3.8/site-packages/airflow/example_dags/example_subdag_operator.py
[2023-12-15T20:50:26.696+0000] {processor.py:839} INFO - DAG(s) dict_keys(['example_subdag_operator.section-1', 'example_subdag_operator.section-2', 'example_subdag_operator']) retrieved from /home/airflow/.local/lib/python3.8/site-packages/airflow/example_dags/example_subdag_operator.py
[2023-12-15T20:50:27.214+0000] {logging_mixin.py:154} INFO - [2023-12-15T20:50:27.214+0000] {manager.py:499} INFO - Created Permission View: %s
[2023-12-15T20:50:27.238+0000] {logging_mixin.py:154} INFO - [2023-12-15T20:50:27.238+0000] {manager.py:499} INFO - Created Permission View: %s
[2023-12-15T20:50:27.250+0000] {logging_mixin.py:154} INFO - [2023-12-15T20:50:27.250+0000] {manager.py:499} INFO - Created Permission View: %s
[2023-12-15T20:50:27.251+0000] {logging_mixin.py:154} INFO - [2023-12-15T20:50:27.251+0000] {dag.py:2941} INFO - Sync 3 DAGs
[2023-12-15T20:50:27.275+0000] {logging_mixin.py:154} INFO - [2023-12-15T20:50:27.274+0000] {dag.py:2963} INFO - Creating ORM DAG for example_subdag_operator
[2023-12-15T20:50:27.276+0000] {logging_mixin.py:154} INFO - [2023-12-15T20:50:27.276+0000] {dag.py:2963} INFO - Creating ORM DAG for example_subdag_operator.section-2
[2023-12-15T20:50:27.277+0000] {logging_mixin.py:154} INFO - [2023-12-15T20:50:27.277+0000] {dag.py:2963} INFO - Creating ORM DAG for example_subdag_operator.section-1
[2023-12-15T20:50:27.292+0000] {logging_mixin.py:154} INFO - [2023-12-15T20:50:27.291+0000] {dag.py:3722} INFO - Setting next_dagrun for example_subdag_operator to 2022-01-01T00:00:00+00:00, run_after=2022-01-01T00:00:00+00:00
[2023-12-15T20:50:27.292+0000] {logging_mixin.py:154} INFO - [2023-12-15T20:50:27.292+0000] {dag.py:3722} INFO - Setting next_dagrun for example_subdag_operator.section-1 to None, run_after=None
[2023-12-15T20:50:27.293+0000] {logging_mixin.py:154} INFO - [2023-12-15T20:50:27.293+0000] {dag.py:3722} INFO - Setting next_dagrun for example_subdag_operator.section-2 to None, run_after=None
[2023-12-15T20:50:27.306+0000] {logging_mixin.py:154} INFO - [2023-12-15T20:50:27.306+0000] {dag.py:2941} INFO - Sync 2 DAGs
[2023-12-15T20:50:27.338+0000] {logging_mixin.py:154} INFO - [2023-12-15T20:50:27.338+0000] {dag.py:3722} INFO - Setting next_dagrun for example_subdag_operator.section-1 to None, run_after=None
[2023-12-15T20:50:27.348+0000] {logging_mixin.py:154} INFO - [2023-12-15T20:50:27.348+0000] {dag.py:3722} INFO - Setting next_dagrun for example_subdag_operator.section-2 to None, run_after=None
[2023-12-15T20:50:27.399+0000] {processor.py:179} INFO - Processing /home/airflow/.local/lib/python3.8/site-packages/airflow/example_dags/example_subdag_operator.py took 1.001 seconds
[2023-12-15T21:11:09.229+0000] {processor.py:157} INFO - Started process (PID=155) to work on /home/airflow/.local/lib/python3.8/site-packages/airflow/example_dags/example_subdag_operator.py
[2023-12-15T21:11:09.233+0000] {processor.py:829} INFO - Processing file /home/airflow/.local/lib/python3.8/site-packages/airflow/example_dags/example_subdag_operator.py for tasks to queue
[2023-12-15T21:11:09.241+0000] {logging_mixin.py:154} INFO - [2023-12-15T21:11:09.240+0000] {dagbag.py:536} INFO - Filling up the DagBag from /home/airflow/.local/lib/python3.8/site-packages/airflow/example_dags/example_subdag_operator.py
[2023-12-15T21:11:09.330+0000] {processor.py:839} INFO - DAG(s) dict_keys(['example_subdag_operator.section-1', 'example_subdag_operator.section-2', 'example_subdag_operator']) retrieved from /home/airflow/.local/lib/python3.8/site-packages/airflow/example_dags/example_subdag_operator.py
[2023-12-15T21:11:09.378+0000] {logging_mixin.py:154} INFO - [2023-12-15T21:11:09.378+0000] {dag.py:2941} INFO - Sync 3 DAGs
[2023-12-15T21:11:09.451+0000] {logging_mixin.py:154} INFO - [2023-12-15T21:11:09.450+0000] {dag.py:3722} INFO - Setting next_dagrun for example_subdag_operator to 2022-01-01T00:00:00+00:00, run_after=2022-01-01T00:00:00+00:00
[2023-12-15T21:11:09.459+0000] {logging_mixin.py:154} INFO - [2023-12-15T21:11:09.459+0000] {dag.py:3722} INFO - Setting next_dagrun for example_subdag_operator.section-1 to None, run_after=None
[2023-12-15T21:11:09.464+0000] {logging_mixin.py:154} INFO - [2023-12-15T21:11:09.464+0000] {dag.py:3722} INFO - Setting next_dagrun for example_subdag_operator.section-2 to None, run_after=None
[2023-12-15T21:11:09.485+0000] {logging_mixin.py:154} INFO - [2023-12-15T21:11:09.485+0000] {dag.py:2941} INFO - Sync 2 DAGs
[2023-12-15T21:11:09.531+0000] {logging_mixin.py:154} INFO - [2023-12-15T21:11:09.530+0000] {dag.py:3722} INFO - Setting next_dagrun for example_subdag_operator.section-1 to None, run_after=None
[2023-12-15T21:11:09.531+0000] {logging_mixin.py:154} INFO - [2023-12-15T21:11:09.531+0000] {dag.py:3722} INFO - Setting next_dagrun for example_subdag_operator.section-2 to None, run_after=None
[2023-12-15T21:11:09.569+0000] {processor.py:179} INFO - Processing /home/airflow/.local/lib/python3.8/site-packages/airflow/example_dags/example_subdag_operator.py took 0.353 seconds
[2023-12-15T21:11:41.812+0000] {processor.py:157} INFO - Started process (PID=211) to work on /home/airflow/.local/lib/python3.8/site-packages/airflow/example_dags/example_subdag_operator.py
[2023-12-15T21:11:41.814+0000] {processor.py:829} INFO - Processing file /home/airflow/.local/lib/python3.8/site-packages/airflow/example_dags/example_subdag_operator.py for tasks to queue
[2023-12-15T21:11:41.824+0000] {logging_mixin.py:154} INFO - [2023-12-15T21:11:41.823+0000] {dagbag.py:536} INFO - Filling up the DagBag from /home/airflow/.local/lib/python3.8/site-packages/airflow/example_dags/example_subdag_operator.py
[2023-12-15T21:11:41.892+0000] {processor.py:839} INFO - DAG(s) dict_keys(['example_subdag_operator.section-1', 'example_subdag_operator.section-2', 'example_subdag_operator']) retrieved from /home/airflow/.local/lib/python3.8/site-packages/airflow/example_dags/example_subdag_operator.py
[2023-12-15T21:11:41.949+0000] {logging_mixin.py:154} INFO - [2023-12-15T21:11:41.949+0000] {dag.py:2941} INFO - Sync 3 DAGs
[2023-12-15T21:11:42.024+0000] {logging_mixin.py:154} INFO - [2023-12-15T21:11:42.023+0000] {dag.py:3722} INFO - Setting next_dagrun for example_subdag_operator to 2022-01-01T00:00:00+00:00, run_after=2022-01-01T00:00:00+00:00
[2023-12-15T21:11:42.033+0000] {logging_mixin.py:154} INFO - [2023-12-15T21:11:42.033+0000] {dag.py:3722} INFO - Setting next_dagrun for example_subdag_operator.section-1 to None, run_after=None
[2023-12-15T21:11:42.037+0000] {logging_mixin.py:154} INFO - [2023-12-15T21:11:42.036+0000] {dag.py:3722} INFO - Setting next_dagrun for example_subdag_operator.section-2 to None, run_after=None
[2023-12-15T21:11:42.058+0000] {logging_mixin.py:154} INFO - [2023-12-15T21:11:42.058+0000] {dag.py:2941} INFO - Sync 2 DAGs
[2023-12-15T21:11:42.072+0000] {logging_mixin.py:154} INFO - [2023-12-15T21:11:42.071+0000] {dag.py:3722} INFO - Setting next_dagrun for example_subdag_operator.section-1 to None, run_after=None
[2023-12-15T21:11:42.073+0000] {logging_mixin.py:154} INFO - [2023-12-15T21:11:42.072+0000] {dag.py:3722} INFO - Setting next_dagrun for example_subdag_operator.section-2 to None, run_after=None
[2023-12-15T21:11:42.095+0000] {processor.py:179} INFO - Processing /home/airflow/.local/lib/python3.8/site-packages/airflow/example_dags/example_subdag_operator.py took 0.293 seconds
[2023-12-15T21:12:25.460+0000] {processor.py:157} INFO - Started process (PID=278) to work on /home/airflow/.local/lib/python3.8/site-packages/airflow/example_dags/example_subdag_operator.py
[2023-12-15T21:12:25.462+0000] {processor.py:829} INFO - Processing file /home/airflow/.local/lib/python3.8/site-packages/airflow/example_dags/example_subdag_operator.py for tasks to queue
[2023-12-15T21:12:25.468+0000] {logging_mixin.py:154} INFO - [2023-12-15T21:12:25.467+0000] {dagbag.py:536} INFO - Filling up the DagBag from /home/airflow/.local/lib/python3.8/site-packages/airflow/example_dags/example_subdag_operator.py
[2023-12-15T21:12:25.551+0000] {processor.py:839} INFO - DAG(s) dict_keys(['example_subdag_operator.section-1', 'example_subdag_operator.section-2', 'example_subdag_operator']) retrieved from /home/airflow/.local/lib/python3.8/site-packages/airflow/example_dags/example_subdag_operator.py
[2023-12-15T21:12:25.610+0000] {logging_mixin.py:154} INFO - [2023-12-15T21:12:25.610+0000] {dag.py:2941} INFO - Sync 3 DAGs
[2023-12-15T21:12:25.708+0000] {logging_mixin.py:154} INFO - [2023-12-15T21:12:25.708+0000] {dag.py:3722} INFO - Setting next_dagrun for example_subdag_operator to 2022-01-01T00:00:00+00:00, run_after=2022-01-01T00:00:00+00:00
[2023-12-15T21:12:25.717+0000] {logging_mixin.py:154} INFO - [2023-12-15T21:12:25.716+0000] {dag.py:3722} INFO - Setting next_dagrun for example_subdag_operator.section-1 to None, run_after=None
[2023-12-15T21:12:25.719+0000] {logging_mixin.py:154} INFO - [2023-12-15T21:12:25.719+0000] {dag.py:3722} INFO - Setting next_dagrun for example_subdag_operator.section-2 to None, run_after=None
[2023-12-15T21:12:25.735+0000] {logging_mixin.py:154} INFO - [2023-12-15T21:12:25.734+0000] {dag.py:2941} INFO - Sync 2 DAGs
[2023-12-15T21:12:25.749+0000] {logging_mixin.py:154} INFO - [2023-12-15T21:12:25.748+0000] {dag.py:3722} INFO - Setting next_dagrun for example_subdag_operator.section-1 to None, run_after=None
[2023-12-15T21:12:25.749+0000] {logging_mixin.py:154} INFO - [2023-12-15T21:12:25.749+0000] {dag.py:3722} INFO - Setting next_dagrun for example_subdag_operator.section-2 to None, run_after=None
[2023-12-15T21:12:25.770+0000] {processor.py:179} INFO - Processing /home/airflow/.local/lib/python3.8/site-packages/airflow/example_dags/example_subdag_operator.py took 0.318 seconds
[2023-12-15T21:12:57.309+0000] {processor.py:157} INFO - Started process (PID=334) to work on /home/airflow/.local/lib/python3.8/site-packages/airflow/example_dags/example_subdag_operator.py
[2023-12-15T21:12:57.335+0000] {processor.py:829} INFO - Processing file /home/airflow/.local/lib/python3.8/site-packages/airflow/example_dags/example_subdag_operator.py for tasks to queue
[2023-12-15T21:12:57.418+0000] {logging_mixin.py:154} INFO - [2023-12-15T21:12:57.394+0000] {dagbag.py:536} INFO - Filling up the DagBag from /home/airflow/.local/lib/python3.8/site-packages/airflow/example_dags/example_subdag_operator.py
[2023-12-15T21:12:57.815+0000] {processor.py:839} INFO - DAG(s) dict_keys(['example_subdag_operator.section-1', 'example_subdag_operator.section-2', 'example_subdag_operator']) retrieved from /home/airflow/.local/lib/python3.8/site-packages/airflow/example_dags/example_subdag_operator.py
[2023-12-15T21:12:57.939+0000] {logging_mixin.py:154} INFO - [2023-12-15T21:12:57.938+0000] {dag.py:2941} INFO - Sync 3 DAGs
[2023-12-15T21:12:58.132+0000] {logging_mixin.py:154} INFO - [2023-12-15T21:12:58.131+0000] {dag.py:3722} INFO - Setting next_dagrun for example_subdag_operator to 2022-01-01T00:00:00+00:00, run_after=2022-01-01T00:00:00+00:00
[2023-12-15T21:12:58.169+0000] {logging_mixin.py:154} INFO - [2023-12-15T21:12:58.168+0000] {dag.py:3722} INFO - Setting next_dagrun for example_subdag_operator.section-1 to None, run_after=None
[2023-12-15T21:12:58.172+0000] {logging_mixin.py:154} INFO - [2023-12-15T21:12:58.172+0000] {dag.py:3722} INFO - Setting next_dagrun for example_subdag_operator.section-2 to None, run_after=None
[2023-12-15T21:12:58.225+0000] {logging_mixin.py:154} INFO - [2023-12-15T21:12:58.224+0000] {dag.py:2941} INFO - Sync 2 DAGs
[2023-12-15T21:12:58.249+0000] {logging_mixin.py:154} INFO - [2023-12-15T21:12:58.249+0000] {dag.py:3722} INFO - Setting next_dagrun for example_subdag_operator.section-1 to None, run_after=None
[2023-12-15T21:12:58.251+0000] {logging_mixin.py:154} INFO - [2023-12-15T21:12:58.250+0000] {dag.py:3722} INFO - Setting next_dagrun for example_subdag_operator.section-2 to None, run_after=None
[2023-12-15T21:12:58.345+0000] {processor.py:179} INFO - Processing /home/airflow/.local/lib/python3.8/site-packages/airflow/example_dags/example_subdag_operator.py took 1.177 seconds
[2023-12-15T21:13:30.940+0000] {processor.py:157} INFO - Started process (PID=390) to work on /home/airflow/.local/lib/python3.8/site-packages/airflow/example_dags/example_subdag_operator.py
[2023-12-15T21:13:30.948+0000] {processor.py:829} INFO - Processing file /home/airflow/.local/lib/python3.8/site-packages/airflow/example_dags/example_subdag_operator.py for tasks to queue
[2023-12-15T21:13:30.967+0000] {logging_mixin.py:154} INFO - [2023-12-15T21:13:30.955+0000] {dagbag.py:536} INFO - Filling up the DagBag from /home/airflow/.local/lib/python3.8/site-packages/airflow/example_dags/example_subdag_operator.py
[2023-12-15T21:13:31.357+0000] {processor.py:839} INFO - DAG(s) dict_keys(['example_subdag_operator.section-1', 'example_subdag_operator.section-2', 'example_subdag_operator']) retrieved from /home/airflow/.local/lib/python3.8/site-packages/airflow/example_dags/example_subdag_operator.py
[2023-12-15T21:13:31.510+0000] {logging_mixin.py:154} INFO - [2023-12-15T21:13:31.510+0000] {dag.py:2941} INFO - Sync 3 DAGs
[2023-12-15T21:13:31.975+0000] {logging_mixin.py:154} INFO - [2023-12-15T21:13:31.974+0000] {dag.py:3722} INFO - Setting next_dagrun for example_subdag_operator to 2022-01-01T00:00:00+00:00, run_after=2022-01-01T00:00:00+00:00
[2023-12-15T21:13:32.049+0000] {logging_mixin.py:154} INFO - [2023-12-15T21:13:32.048+0000] {dag.py:3722} INFO - Setting next_dagrun for example_subdag_operator.section-1 to None, run_after=None
[2023-12-15T21:13:32.060+0000] {logging_mixin.py:154} INFO - [2023-12-15T21:13:32.059+0000] {dag.py:3722} INFO - Setting next_dagrun for example_subdag_operator.section-2 to None, run_after=None
[2023-12-15T21:13:32.123+0000] {logging_mixin.py:154} INFO - [2023-12-15T21:13:32.122+0000] {dag.py:2941} INFO - Sync 2 DAGs
[2023-12-15T21:13:32.156+0000] {logging_mixin.py:154} INFO - [2023-12-15T21:13:32.155+0000] {dag.py:3722} INFO - Setting next_dagrun for example_subdag_operator.section-1 to None, run_after=None
[2023-12-15T21:13:32.157+0000] {logging_mixin.py:154} INFO - [2023-12-15T21:13:32.157+0000] {dag.py:3722} INFO - Setting next_dagrun for example_subdag_operator.section-2 to None, run_after=None
[2023-12-15T21:13:32.240+0000] {processor.py:179} INFO - Processing /home/airflow/.local/lib/python3.8/site-packages/airflow/example_dags/example_subdag_operator.py took 1.343 seconds
[2023-12-15T21:14:02.625+0000] {processor.py:157} INFO - Started process (PID=447) to work on /home/airflow/.local/lib/python3.8/site-packages/airflow/example_dags/example_subdag_operator.py
[2023-12-15T21:14:02.629+0000] {processor.py:829} INFO - Processing file /home/airflow/.local/lib/python3.8/site-packages/airflow/example_dags/example_subdag_operator.py for tasks to queue
[2023-12-15T21:14:02.638+0000] {logging_mixin.py:154} INFO - [2023-12-15T21:14:02.637+0000] {dagbag.py:536} INFO - Filling up the DagBag from /home/airflow/.local/lib/python3.8/site-packages/airflow/example_dags/example_subdag_operator.py
[2023-12-15T21:14:02.712+0000] {processor.py:839} INFO - DAG(s) dict_keys(['example_subdag_operator.section-1', 'example_subdag_operator.section-2', 'example_subdag_operator']) retrieved from /home/airflow/.local/lib/python3.8/site-packages/airflow/example_dags/example_subdag_operator.py
[2023-12-15T21:14:02.769+0000] {logging_mixin.py:154} INFO - [2023-12-15T21:14:02.768+0000] {dag.py:2941} INFO - Sync 3 DAGs
[2023-12-15T21:14:02.874+0000] {logging_mixin.py:154} INFO - [2023-12-15T21:14:02.874+0000] {dag.py:3722} INFO - Setting next_dagrun for example_subdag_operator to 2022-01-01T00:00:00+00:00, run_after=2022-01-01T00:00:00+00:00
[2023-12-15T21:14:02.887+0000] {logging_mixin.py:154} INFO - [2023-12-15T21:14:02.887+0000] {dag.py:3722} INFO - Setting next_dagrun for example_subdag_operator.section-1 to None, run_after=None
[2023-12-15T21:14:02.890+0000] {logging_mixin.py:154} INFO - [2023-12-15T21:14:02.890+0000] {dag.py:3722} INFO - Setting next_dagrun for example_subdag_operator.section-2 to None, run_after=None
[2023-12-15T21:14:02.910+0000] {logging_mixin.py:154} INFO - [2023-12-15T21:14:02.910+0000] {dag.py:2941} INFO - Sync 2 DAGs
[2023-12-15T21:14:02.931+0000] {logging_mixin.py:154} INFO - [2023-12-15T21:14:02.930+0000] {dag.py:3722} INFO - Setting next_dagrun for example_subdag_operator.section-1 to None, run_after=None
[2023-12-15T21:14:02.933+0000] {logging_mixin.py:154} INFO - [2023-12-15T21:14:02.932+0000] {dag.py:3722} INFO - Setting next_dagrun for example_subdag_operator.section-2 to None, run_after=None
[2023-12-15T21:14:02.974+0000] {processor.py:179} INFO - Processing /home/airflow/.local/lib/python3.8/site-packages/airflow/example_dags/example_subdag_operator.py took 0.362 seconds
[2023-12-15T21:14:34.046+0000] {processor.py:157} INFO - Started process (PID=503) to work on /home/airflow/.local/lib/python3.8/site-packages/airflow/example_dags/example_subdag_operator.py
[2023-12-15T21:14:34.049+0000] {processor.py:829} INFO - Processing file /home/airflow/.local/lib/python3.8/site-packages/airflow/example_dags/example_subdag_operator.py for tasks to queue
[2023-12-15T21:14:34.065+0000] {logging_mixin.py:154} INFO - [2023-12-15T21:14:34.064+0000] {dagbag.py:536} INFO - Filling up the DagBag from /home/airflow/.local/lib/python3.8/site-packages/airflow/example_dags/example_subdag_operator.py
[2023-12-15T21:14:34.240+0000] {processor.py:839} INFO - DAG(s) dict_keys(['example_subdag_operator.section-1', 'example_subdag_operator.section-2', 'example_subdag_operator']) retrieved from /home/airflow/.local/lib/python3.8/site-packages/airflow/example_dags/example_subdag_operator.py
[2023-12-15T21:14:34.330+0000] {logging_mixin.py:154} INFO - [2023-12-15T21:14:34.329+0000] {dag.py:2941} INFO - Sync 3 DAGs
[2023-12-15T21:14:34.392+0000] {logging_mixin.py:154} INFO - [2023-12-15T21:14:34.392+0000] {dag.py:3722} INFO - Setting next_dagrun for example_subdag_operator to 2022-01-01T00:00:00+00:00, run_after=2022-01-01T00:00:00+00:00
[2023-12-15T21:14:34.399+0000] {logging_mixin.py:154} INFO - [2023-12-15T21:14:34.399+0000] {dag.py:3722} INFO - Setting next_dagrun for example_subdag_operator.section-1 to None, run_after=None
[2023-12-15T21:14:34.401+0000] {logging_mixin.py:154} INFO - [2023-12-15T21:14:34.401+0000] {dag.py:3722} INFO - Setting next_dagrun for example_subdag_operator.section-2 to None, run_after=None
[2023-12-15T21:14:34.417+0000] {logging_mixin.py:154} INFO - [2023-12-15T21:14:34.417+0000] {dag.py:2941} INFO - Sync 2 DAGs
[2023-12-15T21:14:34.485+0000] {logging_mixin.py:154} INFO - [2023-12-15T21:14:34.485+0000] {dag.py:3722} INFO - Setting next_dagrun for example_subdag_operator.section-1 to None, run_after=None
[2023-12-15T21:14:34.486+0000] {logging_mixin.py:154} INFO - [2023-12-15T21:14:34.486+0000] {dag.py:3722} INFO - Setting next_dagrun for example_subdag_operator.section-2 to None, run_after=None
[2023-12-15T21:14:34.519+0000] {processor.py:179} INFO - Processing /home/airflow/.local/lib/python3.8/site-packages/airflow/example_dags/example_subdag_operator.py took 0.500 seconds
[2023-12-15T21:15:05.039+0000] {processor.py:157} INFO - Started process (PID=560) to work on /home/airflow/.local/lib/python3.8/site-packages/airflow/example_dags/example_subdag_operator.py
[2023-12-15T21:15:05.041+0000] {processor.py:829} INFO - Processing file /home/airflow/.local/lib/python3.8/site-packages/airflow/example_dags/example_subdag_operator.py for tasks to queue
[2023-12-15T21:15:05.046+0000] {logging_mixin.py:154} INFO - [2023-12-15T21:15:05.046+0000] {dagbag.py:536} INFO - Filling up the DagBag from /home/airflow/.local/lib/python3.8/site-packages/airflow/example_dags/example_subdag_operator.py
[2023-12-15T21:15:05.154+0000] {processor.py:839} INFO - DAG(s) dict_keys(['example_subdag_operator.section-1', 'example_subdag_operator.section-2', 'example_subdag_operator']) retrieved from /home/airflow/.local/lib/python3.8/site-packages/airflow/example_dags/example_subdag_operator.py
[2023-12-15T21:15:05.220+0000] {logging_mixin.py:154} INFO - [2023-12-15T21:15:05.219+0000] {dag.py:2941} INFO - Sync 3 DAGs
[2023-12-15T21:15:05.300+0000] {logging_mixin.py:154} INFO - [2023-12-15T21:15:05.300+0000] {dag.py:3722} INFO - Setting next_dagrun for example_subdag_operator to 2022-01-01T00:00:00+00:00, run_after=2022-01-01T00:00:00+00:00
[2023-12-15T21:15:05.313+0000] {logging_mixin.py:154} INFO - [2023-12-15T21:15:05.313+0000] {dag.py:3722} INFO - Setting next_dagrun for example_subdag_operator.section-1 to None, run_after=None
[2023-12-15T21:15:05.316+0000] {logging_mixin.py:154} INFO - [2023-12-15T21:15:05.316+0000] {dag.py:3722} INFO - Setting next_dagrun for example_subdag_operator.section-2 to None, run_after=None
[2023-12-15T21:15:05.332+0000] {logging_mixin.py:154} INFO - [2023-12-15T21:15:05.331+0000] {dag.py:2941} INFO - Sync 2 DAGs
[2023-12-15T21:15:05.348+0000] {logging_mixin.py:154} INFO - [2023-12-15T21:15:05.347+0000] {dag.py:3722} INFO - Setting next_dagrun for example_subdag_operator.section-1 to None, run_after=None
[2023-12-15T21:15:05.348+0000] {logging_mixin.py:154} INFO - [2023-12-15T21:15:05.348+0000] {dag.py:3722} INFO - Setting next_dagrun for example_subdag_operator.section-2 to None, run_after=None
[2023-12-15T21:15:05.423+0000] {processor.py:179} INFO - Processing /home/airflow/.local/lib/python3.8/site-packages/airflow/example_dags/example_subdag_operator.py took 0.399 seconds
[2023-12-15T21:15:42.628+0000] {processor.py:157} INFO - Started process (PID=616) to work on /home/airflow/.local/lib/python3.8/site-packages/airflow/example_dags/example_subdag_operator.py
[2023-12-15T21:15:42.683+0000] {processor.py:829} INFO - Processing file /home/airflow/.local/lib/python3.8/site-packages/airflow/example_dags/example_subdag_operator.py for tasks to queue
[2023-12-15T21:15:42.698+0000] {logging_mixin.py:154} INFO - [2023-12-15T21:15:42.697+0000] {dagbag.py:536} INFO - Filling up the DagBag from /home/airflow/.local/lib/python3.8/site-packages/airflow/example_dags/example_subdag_operator.py
[2023-12-15T21:15:42.976+0000] {processor.py:839} INFO - DAG(s) dict_keys(['example_subdag_operator.section-1', 'example_subdag_operator.section-2', 'example_subdag_operator']) retrieved from /home/airflow/.local/lib/python3.8/site-packages/airflow/example_dags/example_subdag_operator.py
[2023-12-15T21:15:43.082+0000] {logging_mixin.py:154} INFO - [2023-12-15T21:15:43.081+0000] {dag.py:2941} INFO - Sync 3 DAGs
[2023-12-15T21:15:43.336+0000] {logging_mixin.py:154} INFO - [2023-12-15T21:15:43.335+0000] {dag.py:3722} INFO - Setting next_dagrun for example_subdag_operator to 2022-01-01T00:00:00+00:00, run_after=2022-01-01T00:00:00+00:00
[2023-12-15T21:15:43.359+0000] {logging_mixin.py:154} INFO - [2023-12-15T21:15:43.358+0000] {dag.py:3722} INFO - Setting next_dagrun for example_subdag_operator.section-1 to None, run_after=None
[2023-12-15T21:15:43.363+0000] {logging_mixin.py:154} INFO - [2023-12-15T21:15:43.363+0000] {dag.py:3722} INFO - Setting next_dagrun for example_subdag_operator.section-2 to None, run_after=None
[2023-12-15T21:15:43.410+0000] {logging_mixin.py:154} INFO - [2023-12-15T21:15:43.402+0000] {dag.py:2941} INFO - Sync 2 DAGs
[2023-12-15T21:15:43.427+0000] {logging_mixin.py:154} INFO - [2023-12-15T21:15:43.426+0000] {dag.py:3722} INFO - Setting next_dagrun for example_subdag_operator.section-1 to None, run_after=None
[2023-12-15T21:15:43.433+0000] {logging_mixin.py:154} INFO - [2023-12-15T21:15:43.432+0000] {dag.py:3722} INFO - Setting next_dagrun for example_subdag_operator.section-2 to None, run_after=None
[2023-12-15T21:15:43.481+0000] {processor.py:179} INFO - Processing /home/airflow/.local/lib/python3.8/site-packages/airflow/example_dags/example_subdag_operator.py took 0.968 seconds
[2023-12-15T21:16:32.967+0000] {processor.py:157} INFO - Started process (PID=683) to work on /home/airflow/.local/lib/python3.8/site-packages/airflow/example_dags/example_subdag_operator.py
[2023-12-15T21:16:32.979+0000] {processor.py:829} INFO - Processing file /home/airflow/.local/lib/python3.8/site-packages/airflow/example_dags/example_subdag_operator.py for tasks to queue
[2023-12-15T21:16:32.993+0000] {logging_mixin.py:154} INFO - [2023-12-15T21:16:32.987+0000] {dagbag.py:536} INFO - Filling up the DagBag from /home/airflow/.local/lib/python3.8/site-packages/airflow/example_dags/example_subdag_operator.py
[2023-12-15T21:16:33.198+0000] {processor.py:839} INFO - DAG(s) dict_keys(['example_subdag_operator.section-1', 'example_subdag_operator.section-2', 'example_subdag_operator']) retrieved from /home/airflow/.local/lib/python3.8/site-packages/airflow/example_dags/example_subdag_operator.py
[2023-12-15T21:16:33.392+0000] {logging_mixin.py:154} INFO - [2023-12-15T21:16:33.391+0000] {dag.py:2941} INFO - Sync 3 DAGs
[2023-12-15T21:16:33.649+0000] {logging_mixin.py:154} INFO - [2023-12-15T21:16:33.648+0000] {dag.py:3722} INFO - Setting next_dagrun for example_subdag_operator to 2022-01-01T00:00:00+00:00, run_after=2022-01-01T00:00:00+00:00
[2023-12-15T21:16:33.671+0000] {logging_mixin.py:154} INFO - [2023-12-15T21:16:33.668+0000] {dag.py:3722} INFO - Setting next_dagrun for example_subdag_operator.section-1 to None, run_after=None
[2023-12-15T21:16:33.680+0000] {logging_mixin.py:154} INFO - [2023-12-15T21:16:33.680+0000] {dag.py:3722} INFO - Setting next_dagrun for example_subdag_operator.section-2 to None, run_after=None
[2023-12-15T21:16:33.716+0000] {logging_mixin.py:154} INFO - [2023-12-15T21:16:33.715+0000] {dag.py:2941} INFO - Sync 2 DAGs
[2023-12-15T21:16:33.745+0000] {logging_mixin.py:154} INFO - [2023-12-15T21:16:33.745+0000] {dag.py:3722} INFO - Setting next_dagrun for example_subdag_operator.section-1 to None, run_after=None
[2023-12-15T21:16:33.746+0000] {logging_mixin.py:154} INFO - [2023-12-15T21:16:33.746+0000] {dag.py:3722} INFO - Setting next_dagrun for example_subdag_operator.section-2 to None, run_after=None
[2023-12-15T21:16:33.829+0000] {processor.py:179} INFO - Processing /home/airflow/.local/lib/python3.8/site-packages/airflow/example_dags/example_subdag_operator.py took 0.905 seconds
[2023-12-15T21:17:13.074+0000] {processor.py:157} INFO - Started process (PID=739) to work on /home/airflow/.local/lib/python3.8/site-packages/airflow/example_dags/example_subdag_operator.py
[2023-12-15T21:17:13.080+0000] {processor.py:829} INFO - Processing file /home/airflow/.local/lib/python3.8/site-packages/airflow/example_dags/example_subdag_operator.py for tasks to queue
[2023-12-15T21:17:13.089+0000] {logging_mixin.py:154} INFO - [2023-12-15T21:17:13.088+0000] {dagbag.py:536} INFO - Filling up the DagBag from /home/airflow/.local/lib/python3.8/site-packages/airflow/example_dags/example_subdag_operator.py
[2023-12-15T21:17:13.182+0000] {processor.py:839} INFO - DAG(s) dict_keys(['example_subdag_operator.section-1', 'example_subdag_operator.section-2', 'example_subdag_operator']) retrieved from /home/airflow/.local/lib/python3.8/site-packages/airflow/example_dags/example_subdag_operator.py
[2023-12-15T21:17:13.246+0000] {logging_mixin.py:154} INFO - [2023-12-15T21:17:13.245+0000] {dag.py:2941} INFO - Sync 3 DAGs
[2023-12-15T21:17:13.310+0000] {logging_mixin.py:154} INFO - [2023-12-15T21:17:13.309+0000] {dag.py:3722} INFO - Setting next_dagrun for example_subdag_operator to 2022-01-01T00:00:00+00:00, run_after=2022-01-01T00:00:00+00:00
[2023-12-15T21:17:13.317+0000] {logging_mixin.py:154} INFO - [2023-12-15T21:17:13.317+0000] {dag.py:3722} INFO - Setting next_dagrun for example_subdag_operator.section-1 to None, run_after=None
[2023-12-15T21:17:13.322+0000] {logging_mixin.py:154} INFO - [2023-12-15T21:17:13.321+0000] {dag.py:3722} INFO - Setting next_dagrun for example_subdag_operator.section-2 to None, run_after=None
[2023-12-15T21:17:13.339+0000] {logging_mixin.py:154} INFO - [2023-12-15T21:17:13.339+0000] {dag.py:2941} INFO - Sync 2 DAGs
[2023-12-15T21:17:13.352+0000] {logging_mixin.py:154} INFO - [2023-12-15T21:17:13.351+0000] {dag.py:3722} INFO - Setting next_dagrun for example_subdag_operator.section-1 to None, run_after=None
[2023-12-15T21:17:13.353+0000] {logging_mixin.py:154} INFO - [2023-12-15T21:17:13.352+0000] {dag.py:3722} INFO - Setting next_dagrun for example_subdag_operator.section-2 to None, run_after=None
[2023-12-15T21:17:13.378+0000] {processor.py:179} INFO - Processing /home/airflow/.local/lib/python3.8/site-packages/airflow/example_dags/example_subdag_operator.py took 0.338 seconds
[2023-12-15T21:28:30.121+0000] {processor.py:157} INFO - Started process (PID=105) to work on /home/airflow/.local/lib/python3.8/site-packages/airflow/example_dags/example_subdag_operator.py
[2023-12-15T21:28:30.149+0000] {processor.py:829} INFO - Processing file /home/airflow/.local/lib/python3.8/site-packages/airflow/example_dags/example_subdag_operator.py for tasks to queue
[2023-12-15T21:28:30.184+0000] {logging_mixin.py:154} INFO - [2023-12-15T21:28:30.183+0000] {dagbag.py:536} INFO - Filling up the DagBag from /home/airflow/.local/lib/python3.8/site-packages/airflow/example_dags/example_subdag_operator.py
[2023-12-15T21:28:30.455+0000] {processor.py:839} INFO - DAG(s) dict_keys(['example_subdag_operator.section-1', 'example_subdag_operator.section-2', 'example_subdag_operator']) retrieved from /home/airflow/.local/lib/python3.8/site-packages/airflow/example_dags/example_subdag_operator.py
[2023-12-15T21:28:30.749+0000] {logging_mixin.py:154} INFO - [2023-12-15T21:28:30.748+0000] {dag.py:2941} INFO - Sync 3 DAGs
[2023-12-15T21:28:31.039+0000] {logging_mixin.py:154} INFO - [2023-12-15T21:28:31.038+0000] {dag.py:3722} INFO - Setting next_dagrun for example_subdag_operator to 2022-01-01T00:00:00+00:00, run_after=2022-01-01T00:00:00+00:00
[2023-12-15T21:28:31.082+0000] {logging_mixin.py:154} INFO - [2023-12-15T21:28:31.081+0000] {dag.py:3722} INFO - Setting next_dagrun for example_subdag_operator.section-1 to None, run_after=None
[2023-12-15T21:28:31.101+0000] {logging_mixin.py:154} INFO - [2023-12-15T21:28:31.101+0000] {dag.py:3722} INFO - Setting next_dagrun for example_subdag_operator.section-2 to None, run_after=None
[2023-12-15T21:28:31.194+0000] {logging_mixin.py:154} INFO - [2023-12-15T21:28:31.194+0000] {dag.py:2941} INFO - Sync 2 DAGs
[2023-12-15T21:28:31.243+0000] {logging_mixin.py:154} INFO - [2023-12-15T21:28:31.243+0000] {dag.py:3722} INFO - Setting next_dagrun for example_subdag_operator.section-1 to None, run_after=None
[2023-12-15T21:28:31.247+0000] {logging_mixin.py:154} INFO - [2023-12-15T21:28:31.247+0000] {dag.py:3722} INFO - Setting next_dagrun for example_subdag_operator.section-2 to None, run_after=None
[2023-12-15T21:28:31.348+0000] {processor.py:179} INFO - Processing /home/airflow/.local/lib/python3.8/site-packages/airflow/example_dags/example_subdag_operator.py took 1.313 seconds
[2023-12-15T21:29:33.324+0000] {processor.py:157} INFO - Started process (PID=168) to work on /home/airflow/.local/lib/python3.8/site-packages/airflow/example_dags/example_subdag_operator.py
[2023-12-15T21:29:33.337+0000] {processor.py:829} INFO - Processing file /home/airflow/.local/lib/python3.8/site-packages/airflow/example_dags/example_subdag_operator.py for tasks to queue
[2023-12-15T21:29:33.369+0000] {logging_mixin.py:154} INFO - [2023-12-15T21:29:33.349+0000] {dagbag.py:536} INFO - Filling up the DagBag from /home/airflow/.local/lib/python3.8/site-packages/airflow/example_dags/example_subdag_operator.py
[2023-12-15T21:29:33.938+0000] {processor.py:839} INFO - DAG(s) dict_keys(['example_subdag_operator.section-1', 'example_subdag_operator.section-2', 'example_subdag_operator']) retrieved from /home/airflow/.local/lib/python3.8/site-packages/airflow/example_dags/example_subdag_operator.py
[2023-12-15T21:29:34.116+0000] {logging_mixin.py:154} INFO - [2023-12-15T21:29:34.116+0000] {dag.py:2941} INFO - Sync 3 DAGs
[2023-12-15T21:29:34.385+0000] {logging_mixin.py:154} INFO - [2023-12-15T21:29:34.385+0000] {dag.py:3722} INFO - Setting next_dagrun for example_subdag_operator to 2022-01-01T00:00:00+00:00, run_after=2022-01-01T00:00:00+00:00
[2023-12-15T21:29:34.432+0000] {logging_mixin.py:154} INFO - [2023-12-15T21:29:34.431+0000] {dag.py:3722} INFO - Setting next_dagrun for example_subdag_operator.section-1 to None, run_after=None
[2023-12-15T21:29:34.450+0000] {logging_mixin.py:154} INFO - [2023-12-15T21:29:34.449+0000] {dag.py:3722} INFO - Setting next_dagrun for example_subdag_operator.section-2 to None, run_after=None
[2023-12-15T21:29:34.524+0000] {logging_mixin.py:154} INFO - [2023-12-15T21:29:34.523+0000] {dag.py:2941} INFO - Sync 2 DAGs
[2023-12-15T21:29:34.609+0000] {logging_mixin.py:154} INFO - [2023-12-15T21:29:34.607+0000] {dag.py:3722} INFO - Setting next_dagrun for example_subdag_operator.section-1 to None, run_after=None
[2023-12-15T21:29:34.611+0000] {logging_mixin.py:154} INFO - [2023-12-15T21:29:34.611+0000] {dag.py:3722} INFO - Setting next_dagrun for example_subdag_operator.section-2 to None, run_after=None
[2023-12-15T21:29:34.790+0000] {processor.py:179} INFO - Processing /home/airflow/.local/lib/python3.8/site-packages/airflow/example_dags/example_subdag_operator.py took 1.496 seconds
[2023-12-15T21:30:31.131+0000] {processor.py:157} INFO - Started process (PID=232) to work on /home/airflow/.local/lib/python3.8/site-packages/airflow/example_dags/example_subdag_operator.py
[2023-12-15T21:30:31.171+0000] {processor.py:829} INFO - Processing file /home/airflow/.local/lib/python3.8/site-packages/airflow/example_dags/example_subdag_operator.py for tasks to queue
[2023-12-15T21:30:31.207+0000] {logging_mixin.py:154} INFO - [2023-12-15T21:30:31.206+0000] {dagbag.py:536} INFO - Filling up the DagBag from /home/airflow/.local/lib/python3.8/site-packages/airflow/example_dags/example_subdag_operator.py
[2023-12-15T21:30:31.471+0000] {processor.py:839} INFO - DAG(s) dict_keys(['example_subdag_operator.section-1', 'example_subdag_operator.section-2', 'example_subdag_operator']) retrieved from /home/airflow/.local/lib/python3.8/site-packages/airflow/example_dags/example_subdag_operator.py
[2023-12-15T21:30:31.693+0000] {logging_mixin.py:154} INFO - [2023-12-15T21:30:31.692+0000] {dag.py:2941} INFO - Sync 3 DAGs
[2023-12-15T21:30:37.189+0000] {logging_mixin.py:154} INFO - [2023-12-15T21:30:37.189+0000] {process_utils.py:259} INFO - Waiting up to 5 seconds for processes to exit...
[2023-12-15T21:35:47.382+0000] {processor.py:157} INFO - Started process (PID=92) to work on /home/airflow/.local/lib/python3.8/site-packages/airflow/example_dags/example_subdag_operator.py
[2023-12-15T21:35:47.405+0000] {processor.py:829} INFO - Processing file /home/airflow/.local/lib/python3.8/site-packages/airflow/example_dags/example_subdag_operator.py for tasks to queue
[2023-12-15T21:35:47.424+0000] {logging_mixin.py:154} INFO - [2023-12-15T21:35:47.411+0000] {dagbag.py:536} INFO - Filling up the DagBag from /home/airflow/.local/lib/python3.8/site-packages/airflow/example_dags/example_subdag_operator.py
[2023-12-15T21:35:47.569+0000] {processor.py:839} INFO - DAG(s) dict_keys(['example_subdag_operator.section-1', 'example_subdag_operator.section-2', 'example_subdag_operator']) retrieved from /home/airflow/.local/lib/python3.8/site-packages/airflow/example_dags/example_subdag_operator.py
[2023-12-15T21:35:47.921+0000] {logging_mixin.py:154} INFO - [2023-12-15T21:35:47.921+0000] {dag.py:2941} INFO - Sync 3 DAGs
[2023-12-15T21:35:48.249+0000] {logging_mixin.py:154} INFO - [2023-12-15T21:35:48.248+0000] {dag.py:3722} INFO - Setting next_dagrun for example_subdag_operator to 2022-01-01T00:00:00+00:00, run_after=2022-01-01T00:00:00+00:00
[2023-12-15T21:35:48.338+0000] {logging_mixin.py:154} INFO - [2023-12-15T21:35:48.337+0000] {dag.py:3722} INFO - Setting next_dagrun for example_subdag_operator.section-1 to None, run_after=None
[2023-12-15T21:35:48.347+0000] {logging_mixin.py:154} INFO - [2023-12-15T21:35:48.346+0000] {dag.py:3722} INFO - Setting next_dagrun for example_subdag_operator.section-2 to None, run_after=None
[2023-12-15T21:35:48.427+0000] {logging_mixin.py:154} INFO - [2023-12-15T21:35:48.419+0000] {dag.py:2941} INFO - Sync 2 DAGs
[2023-12-15T21:35:48.460+0000] {logging_mixin.py:154} INFO - [2023-12-15T21:35:48.460+0000] {dag.py:3722} INFO - Setting next_dagrun for example_subdag_operator.section-1 to None, run_after=None
[2023-12-15T21:35:48.462+0000] {logging_mixin.py:154} INFO - [2023-12-15T21:35:48.461+0000] {dag.py:3722} INFO - Setting next_dagrun for example_subdag_operator.section-2 to None, run_after=None
[2023-12-15T21:35:48.564+0000] {processor.py:179} INFO - Processing /home/airflow/.local/lib/python3.8/site-packages/airflow/example_dags/example_subdag_operator.py took 1.217 seconds
[2023-12-15T21:36:29.642+0000] {processor.py:157} INFO - Started process (PID=154) to work on /home/airflow/.local/lib/python3.8/site-packages/airflow/example_dags/example_subdag_operator.py
[2023-12-15T21:36:29.657+0000] {processor.py:829} INFO - Processing file /home/airflow/.local/lib/python3.8/site-packages/airflow/example_dags/example_subdag_operator.py for tasks to queue
[2023-12-15T21:36:29.721+0000] {logging_mixin.py:154} INFO - [2023-12-15T21:36:29.710+0000] {dagbag.py:536} INFO - Filling up the DagBag from /home/airflow/.local/lib/python3.8/site-packages/airflow/example_dags/example_subdag_operator.py
[2023-12-15T21:36:30.065+0000] {processor.py:839} INFO - DAG(s) dict_keys(['example_subdag_operator.section-1', 'example_subdag_operator.section-2', 'example_subdag_operator']) retrieved from /home/airflow/.local/lib/python3.8/site-packages/airflow/example_dags/example_subdag_operator.py
[2023-12-15T21:36:30.261+0000] {logging_mixin.py:154} INFO - [2023-12-15T21:36:30.261+0000] {dag.py:2941} INFO - Sync 3 DAGs
[2023-12-15T21:36:30.469+0000] {logging_mixin.py:154} INFO - [2023-12-15T21:36:30.468+0000] {dag.py:3722} INFO - Setting next_dagrun for example_subdag_operator to 2022-01-01T00:00:00+00:00, run_after=2022-01-01T00:00:00+00:00
[2023-12-15T21:36:30.481+0000] {logging_mixin.py:154} INFO - [2023-12-15T21:36:30.481+0000] {dag.py:3722} INFO - Setting next_dagrun for example_subdag_operator.section-1 to None, run_after=None
[2023-12-15T21:36:30.486+0000] {logging_mixin.py:154} INFO - [2023-12-15T21:36:30.485+0000] {dag.py:3722} INFO - Setting next_dagrun for example_subdag_operator.section-2 to None, run_after=None
[2023-12-15T21:36:30.514+0000] {logging_mixin.py:154} INFO - [2023-12-15T21:36:30.514+0000] {dag.py:2941} INFO - Sync 2 DAGs
[2023-12-15T21:36:30.552+0000] {logging_mixin.py:154} INFO - [2023-12-15T21:36:30.551+0000] {dag.py:3722} INFO - Setting next_dagrun for example_subdag_operator.section-1 to None, run_after=None
[2023-12-15T21:36:30.553+0000] {logging_mixin.py:154} INFO - [2023-12-15T21:36:30.553+0000] {dag.py:3722} INFO - Setting next_dagrun for example_subdag_operator.section-2 to None, run_after=None
[2023-12-15T21:36:30.588+0000] {processor.py:179} INFO - Processing /home/airflow/.local/lib/python3.8/site-packages/airflow/example_dags/example_subdag_operator.py took 0.968 seconds
[2023-12-15T21:37:01.457+0000] {processor.py:157} INFO - Started process (PID=210) to work on /home/airflow/.local/lib/python3.8/site-packages/airflow/example_dags/example_subdag_operator.py
[2023-12-15T21:37:01.461+0000] {processor.py:829} INFO - Processing file /home/airflow/.local/lib/python3.8/site-packages/airflow/example_dags/example_subdag_operator.py for tasks to queue
[2023-12-15T21:37:01.468+0000] {logging_mixin.py:154} INFO - [2023-12-15T21:37:01.467+0000] {dagbag.py:536} INFO - Filling up the DagBag from /home/airflow/.local/lib/python3.8/site-packages/airflow/example_dags/example_subdag_operator.py
[2023-12-15T21:37:01.569+0000] {processor.py:839} INFO - DAG(s) dict_keys(['example_subdag_operator.section-1', 'example_subdag_operator.section-2', 'example_subdag_operator']) retrieved from /home/airflow/.local/lib/python3.8/site-packages/airflow/example_dags/example_subdag_operator.py
[2023-12-15T21:37:01.616+0000] {logging_mixin.py:154} INFO - [2023-12-15T21:37:01.616+0000] {dag.py:2941} INFO - Sync 3 DAGs
[2023-12-15T21:37:01.686+0000] {logging_mixin.py:154} INFO - [2023-12-15T21:37:01.686+0000] {dag.py:3722} INFO - Setting next_dagrun for example_subdag_operator to 2022-01-01T00:00:00+00:00, run_after=2022-01-01T00:00:00+00:00
[2023-12-15T21:37:01.702+0000] {logging_mixin.py:154} INFO - [2023-12-15T21:37:01.702+0000] {dag.py:3722} INFO - Setting next_dagrun for example_subdag_operator.section-1 to None, run_after=None
[2023-12-15T21:37:01.707+0000] {logging_mixin.py:154} INFO - [2023-12-15T21:37:01.706+0000] {dag.py:3722} INFO - Setting next_dagrun for example_subdag_operator.section-2 to None, run_after=None
[2023-12-15T21:37:01.737+0000] {logging_mixin.py:154} INFO - [2023-12-15T21:37:01.737+0000] {dag.py:2941} INFO - Sync 2 DAGs
[2023-12-15T21:37:01.750+0000] {logging_mixin.py:154} INFO - [2023-12-15T21:37:01.750+0000] {dag.py:3722} INFO - Setting next_dagrun for example_subdag_operator.section-1 to None, run_after=None
[2023-12-15T21:37:01.751+0000] {logging_mixin.py:154} INFO - [2023-12-15T21:37:01.751+0000] {dag.py:3722} INFO - Setting next_dagrun for example_subdag_operator.section-2 to None, run_after=None
[2023-12-15T21:37:01.774+0000] {processor.py:179} INFO - Processing /home/airflow/.local/lib/python3.8/site-packages/airflow/example_dags/example_subdag_operator.py took 0.334 seconds
[2023-12-15T21:37:31.970+0000] {processor.py:157} INFO - Started process (PID=265) to work on /home/airflow/.local/lib/python3.8/site-packages/airflow/example_dags/example_subdag_operator.py
[2023-12-15T21:37:31.973+0000] {processor.py:829} INFO - Processing file /home/airflow/.local/lib/python3.8/site-packages/airflow/example_dags/example_subdag_operator.py for tasks to queue
[2023-12-15T21:37:31.982+0000] {logging_mixin.py:154} INFO - [2023-12-15T21:37:31.981+0000] {dagbag.py:536} INFO - Filling up the DagBag from /home/airflow/.local/lib/python3.8/site-packages/airflow/example_dags/example_subdag_operator.py
[2023-12-15T21:37:32.067+0000] {processor.py:839} INFO - DAG(s) dict_keys(['example_subdag_operator.section-1', 'example_subdag_operator.section-2', 'example_subdag_operator']) retrieved from /home/airflow/.local/lib/python3.8/site-packages/airflow/example_dags/example_subdag_operator.py
[2023-12-15T21:37:32.111+0000] {logging_mixin.py:154} INFO - [2023-12-15T21:37:32.110+0000] {dag.py:2941} INFO - Sync 3 DAGs
[2023-12-15T21:37:32.189+0000] {logging_mixin.py:154} INFO - [2023-12-15T21:37:32.189+0000] {dag.py:3722} INFO - Setting next_dagrun for example_subdag_operator to 2022-01-01T00:00:00+00:00, run_after=2022-01-01T00:00:00+00:00
[2023-12-15T21:37:32.203+0000] {logging_mixin.py:154} INFO - [2023-12-15T21:37:32.202+0000] {dag.py:3722} INFO - Setting next_dagrun for example_subdag_operator.section-1 to None, run_after=None
[2023-12-15T21:37:32.207+0000] {logging_mixin.py:154} INFO - [2023-12-15T21:37:32.206+0000] {dag.py:3722} INFO - Setting next_dagrun for example_subdag_operator.section-2 to None, run_after=None
[2023-12-15T21:37:32.228+0000] {logging_mixin.py:154} INFO - [2023-12-15T21:37:32.228+0000] {dag.py:2941} INFO - Sync 2 DAGs
[2023-12-15T21:37:32.247+0000] {logging_mixin.py:154} INFO - [2023-12-15T21:37:32.246+0000] {dag.py:3722} INFO - Setting next_dagrun for example_subdag_operator.section-1 to None, run_after=None
[2023-12-15T21:37:32.249+0000] {logging_mixin.py:154} INFO - [2023-12-15T21:37:32.248+0000] {dag.py:3722} INFO - Setting next_dagrun for example_subdag_operator.section-2 to None, run_after=None
[2023-12-15T21:37:32.299+0000] {processor.py:179} INFO - Processing /home/airflow/.local/lib/python3.8/site-packages/airflow/example_dags/example_subdag_operator.py took 0.343 seconds
[2023-12-15T21:38:19.112+0000] {processor.py:157} INFO - Started process (PID=314) to work on /home/airflow/.local/lib/python3.8/site-packages/airflow/example_dags/example_subdag_operator.py
[2023-12-15T21:38:19.115+0000] {processor.py:829} INFO - Processing file /home/airflow/.local/lib/python3.8/site-packages/airflow/example_dags/example_subdag_operator.py for tasks to queue
[2023-12-15T21:38:19.124+0000] {logging_mixin.py:154} INFO - [2023-12-15T21:38:19.123+0000] {dagbag.py:536} INFO - Filling up the DagBag from /home/airflow/.local/lib/python3.8/site-packages/airflow/example_dags/example_subdag_operator.py
[2023-12-15T21:38:19.246+0000] {processor.py:839} INFO - DAG(s) dict_keys(['example_subdag_operator.section-1', 'example_subdag_operator.section-2', 'example_subdag_operator']) retrieved from /home/airflow/.local/lib/python3.8/site-packages/airflow/example_dags/example_subdag_operator.py
[2023-12-15T21:38:19.389+0000] {logging_mixin.py:154} INFO - [2023-12-15T21:38:19.388+0000] {dag.py:2941} INFO - Sync 3 DAGs
[2023-12-15T21:38:19.560+0000] {logging_mixin.py:154} INFO - [2023-12-15T21:38:19.560+0000] {dag.py:3722} INFO - Setting next_dagrun for example_subdag_operator to 2022-01-01T00:00:00+00:00, run_after=2022-01-01T00:00:00+00:00
[2023-12-15T21:38:19.589+0000] {logging_mixin.py:154} INFO - [2023-12-15T21:38:19.589+0000] {dag.py:3722} INFO - Setting next_dagrun for example_subdag_operator.section-1 to None, run_after=None
[2023-12-15T21:38:19.597+0000] {logging_mixin.py:154} INFO - [2023-12-15T21:38:19.596+0000] {dag.py:3722} INFO - Setting next_dagrun for example_subdag_operator.section-2 to None, run_after=None
[2023-12-15T21:38:19.664+0000] {logging_mixin.py:154} INFO - [2023-12-15T21:38:19.663+0000] {dag.py:2941} INFO - Sync 2 DAGs
[2023-12-15T21:38:19.697+0000] {logging_mixin.py:154} INFO - [2023-12-15T21:38:19.697+0000] {dag.py:3722} INFO - Setting next_dagrun for example_subdag_operator.section-1 to None, run_after=None
[2023-12-15T21:38:19.698+0000] {logging_mixin.py:154} INFO - [2023-12-15T21:38:19.698+0000] {dag.py:3722} INFO - Setting next_dagrun for example_subdag_operator.section-2 to None, run_after=None
[2023-12-15T21:38:19.769+0000] {processor.py:179} INFO - Processing /home/airflow/.local/lib/python3.8/site-packages/airflow/example_dags/example_subdag_operator.py took 0.675 seconds
[2023-12-15T21:39:14.495+0000] {processor.py:157} INFO - Started process (PID=377) to work on /home/airflow/.local/lib/python3.8/site-packages/airflow/example_dags/example_subdag_operator.py
[2023-12-15T21:39:14.699+0000] {processor.py:829} INFO - Processing file /home/airflow/.local/lib/python3.8/site-packages/airflow/example_dags/example_subdag_operator.py for tasks to queue
[2023-12-15T21:39:14.815+0000] {logging_mixin.py:154} INFO - [2023-12-15T21:39:14.814+0000] {dagbag.py:536} INFO - Filling up the DagBag from /home/airflow/.local/lib/python3.8/site-packages/airflow/example_dags/example_subdag_operator.py
[2023-12-15T21:39:15.355+0000] {processor.py:839} INFO - DAG(s) dict_keys(['example_subdag_operator.section-1', 'example_subdag_operator.section-2', 'example_subdag_operator']) retrieved from /home/airflow/.local/lib/python3.8/site-packages/airflow/example_dags/example_subdag_operator.py
[2023-12-15T21:39:15.745+0000] {logging_mixin.py:154} INFO - [2023-12-15T21:39:15.745+0000] {dag.py:2941} INFO - Sync 3 DAGs
[2023-12-15T21:39:16.699+0000] {logging_mixin.py:154} INFO - [2023-12-15T21:39:16.682+0000] {dag.py:3722} INFO - Setting next_dagrun for example_subdag_operator to 2022-01-01T00:00:00+00:00, run_after=2022-01-01T00:00:00+00:00
[2023-12-15T21:39:16.873+0000] {logging_mixin.py:154} INFO - [2023-12-15T21:39:16.872+0000] {dag.py:3722} INFO - Setting next_dagrun for example_subdag_operator.section-1 to None, run_after=None
[2023-12-15T21:39:16.877+0000] {logging_mixin.py:154} INFO - [2023-12-15T21:39:16.877+0000] {dag.py:3722} INFO - Setting next_dagrun for example_subdag_operator.section-2 to None, run_after=None
[2023-12-15T21:39:17.060+0000] {logging_mixin.py:154} INFO - [2023-12-15T21:39:17.059+0000] {dag.py:2941} INFO - Sync 2 DAGs
[2023-12-15T21:39:17.205+0000] {logging_mixin.py:154} INFO - [2023-12-15T21:39:17.205+0000] {dag.py:3722} INFO - Setting next_dagrun for example_subdag_operator.section-1 to None, run_after=None
[2023-12-15T21:39:17.206+0000] {logging_mixin.py:154} INFO - [2023-12-15T21:39:17.206+0000] {dag.py:3722} INFO - Setting next_dagrun for example_subdag_operator.section-2 to None, run_after=None
[2023-12-15T21:39:17.474+0000] {processor.py:179} INFO - Processing /home/airflow/.local/lib/python3.8/site-packages/airflow/example_dags/example_subdag_operator.py took 3.057 seconds
[2023-12-15T21:39:48.006+0000] {processor.py:157} INFO - Started process (PID=433) to work on /home/airflow/.local/lib/python3.8/site-packages/airflow/example_dags/example_subdag_operator.py
[2023-12-15T21:39:48.011+0000] {processor.py:829} INFO - Processing file /home/airflow/.local/lib/python3.8/site-packages/airflow/example_dags/example_subdag_operator.py for tasks to queue
[2023-12-15T21:39:48.022+0000] {logging_mixin.py:154} INFO - [2023-12-15T21:39:48.020+0000] {dagbag.py:536} INFO - Filling up the DagBag from /home/airflow/.local/lib/python3.8/site-packages/airflow/example_dags/example_subdag_operator.py
[2023-12-15T21:39:48.134+0000] {processor.py:839} INFO - DAG(s) dict_keys(['example_subdag_operator.section-1', 'example_subdag_operator.section-2', 'example_subdag_operator']) retrieved from /home/airflow/.local/lib/python3.8/site-packages/airflow/example_dags/example_subdag_operator.py
[2023-12-15T21:39:48.213+0000] {logging_mixin.py:154} INFO - [2023-12-15T21:39:48.212+0000] {dag.py:2941} INFO - Sync 3 DAGs
[2023-12-15T21:39:48.337+0000] {logging_mixin.py:154} INFO - [2023-12-15T21:39:48.336+0000] {dag.py:3722} INFO - Setting next_dagrun for example_subdag_operator to 2022-01-01T00:00:00+00:00, run_after=2022-01-01T00:00:00+00:00
[2023-12-15T21:39:48.402+0000] {logging_mixin.py:154} INFO - [2023-12-15T21:39:48.402+0000] {dag.py:3722} INFO - Setting next_dagrun for example_subdag_operator.section-1 to None, run_after=None
[2023-12-15T21:39:48.469+0000] {logging_mixin.py:154} INFO - [2023-12-15T21:39:48.469+0000] {dag.py:3722} INFO - Setting next_dagrun for example_subdag_operator.section-2 to None, run_after=None
[2023-12-15T21:39:48.578+0000] {logging_mixin.py:154} INFO - [2023-12-15T21:39:48.578+0000] {dag.py:2941} INFO - Sync 2 DAGs
[2023-12-15T21:39:48.632+0000] {logging_mixin.py:154} INFO - [2023-12-15T21:39:48.626+0000] {dag.py:3722} INFO - Setting next_dagrun for example_subdag_operator.section-1 to None, run_after=None
[2023-12-15T21:39:48.640+0000] {logging_mixin.py:154} INFO - [2023-12-15T21:39:48.639+0000] {dag.py:3722} INFO - Setting next_dagrun for example_subdag_operator.section-2 to None, run_after=None
[2023-12-15T21:39:48.728+0000] {processor.py:179} INFO - Processing /home/airflow/.local/lib/python3.8/site-packages/airflow/example_dags/example_subdag_operator.py took 0.735 seconds
[2023-12-15T21:40:19.050+0000] {processor.py:157} INFO - Started process (PID=489) to work on /home/airflow/.local/lib/python3.8/site-packages/airflow/example_dags/example_subdag_operator.py
[2023-12-15T21:40:19.082+0000] {processor.py:829} INFO - Processing file /home/airflow/.local/lib/python3.8/site-packages/airflow/example_dags/example_subdag_operator.py for tasks to queue
[2023-12-15T21:40:19.097+0000] {logging_mixin.py:154} INFO - [2023-12-15T21:40:19.096+0000] {dagbag.py:536} INFO - Filling up the DagBag from /home/airflow/.local/lib/python3.8/site-packages/airflow/example_dags/example_subdag_operator.py
[2023-12-15T21:40:19.224+0000] {processor.py:839} INFO - DAG(s) dict_keys(['example_subdag_operator.section-1', 'example_subdag_operator.section-2', 'example_subdag_operator']) retrieved from /home/airflow/.local/lib/python3.8/site-packages/airflow/example_dags/example_subdag_operator.py
[2023-12-15T21:40:19.358+0000] {logging_mixin.py:154} INFO - [2023-12-15T21:40:19.357+0000] {dag.py:2941} INFO - Sync 3 DAGs
[2023-12-15T21:40:19.456+0000] {logging_mixin.py:154} INFO - [2023-12-15T21:40:19.455+0000] {dag.py:3722} INFO - Setting next_dagrun for example_subdag_operator to 2022-01-01T00:00:00+00:00, run_after=2022-01-01T00:00:00+00:00
[2023-12-15T21:40:19.469+0000] {logging_mixin.py:154} INFO - [2023-12-15T21:40:19.469+0000] {dag.py:3722} INFO - Setting next_dagrun for example_subdag_operator.section-1 to None, run_after=None
[2023-12-15T21:40:19.473+0000] {logging_mixin.py:154} INFO - [2023-12-15T21:40:19.472+0000] {dag.py:3722} INFO - Setting next_dagrun for example_subdag_operator.section-2 to None, run_after=None
[2023-12-15T21:40:19.528+0000] {logging_mixin.py:154} INFO - [2023-12-15T21:40:19.528+0000] {dag.py:2941} INFO - Sync 2 DAGs
[2023-12-15T21:40:19.557+0000] {logging_mixin.py:154} INFO - [2023-12-15T21:40:19.557+0000] {dag.py:3722} INFO - Setting next_dagrun for example_subdag_operator.section-1 to None, run_after=None
[2023-12-15T21:40:19.558+0000] {logging_mixin.py:154} INFO - [2023-12-15T21:40:19.557+0000] {dag.py:3722} INFO - Setting next_dagrun for example_subdag_operator.section-2 to None, run_after=None
[2023-12-15T21:40:19.668+0000] {processor.py:179} INFO - Processing /home/airflow/.local/lib/python3.8/site-packages/airflow/example_dags/example_subdag_operator.py took 0.655 seconds
[2023-12-15T21:46:24.873+0000] {processor.py:157} INFO - Started process (PID=107) to work on /home/airflow/.local/lib/python3.8/site-packages/airflow/example_dags/example_subdag_operator.py
[2023-12-15T21:46:24.926+0000] {processor.py:829} INFO - Processing file /home/airflow/.local/lib/python3.8/site-packages/airflow/example_dags/example_subdag_operator.py for tasks to queue
[2023-12-15T21:46:24.979+0000] {logging_mixin.py:154} INFO - [2023-12-15T21:46:24.977+0000] {dagbag.py:536} INFO - Filling up the DagBag from /home/airflow/.local/lib/python3.8/site-packages/airflow/example_dags/example_subdag_operator.py
[2023-12-15T21:46:26.241+0000] {processor.py:839} INFO - DAG(s) dict_keys(['example_subdag_operator.section-1', 'example_subdag_operator.section-2', 'example_subdag_operator']) retrieved from /home/airflow/.local/lib/python3.8/site-packages/airflow/example_dags/example_subdag_operator.py
[2023-12-15T21:46:26.917+0000] {logging_mixin.py:154} INFO - [2023-12-15T21:46:26.916+0000] {dag.py:2941} INFO - Sync 3 DAGs
[2023-12-15T21:46:27.752+0000] {logging_mixin.py:154} INFO - [2023-12-15T21:46:27.752+0000] {dag.py:3722} INFO - Setting next_dagrun for example_subdag_operator to 2022-01-01T00:00:00+00:00, run_after=2022-01-01T00:00:00+00:00
[2023-12-15T21:46:28.048+0000] {logging_mixin.py:154} INFO - [2023-12-15T21:46:28.034+0000] {dag.py:3722} INFO - Setting next_dagrun for example_subdag_operator.section-1 to None, run_after=None
[2023-12-15T21:46:28.119+0000] {logging_mixin.py:154} INFO - [2023-12-15T21:46:28.118+0000] {dag.py:3722} INFO - Setting next_dagrun for example_subdag_operator.section-2 to None, run_after=None
[2023-12-15T21:46:28.431+0000] {logging_mixin.py:154} INFO - [2023-12-15T21:46:28.430+0000] {dag.py:2941} INFO - Sync 2 DAGs
[2023-12-15T21:46:28.564+0000] {logging_mixin.py:154} INFO - [2023-12-15T21:46:28.564+0000] {dag.py:3722} INFO - Setting next_dagrun for example_subdag_operator.section-1 to None, run_after=None
[2023-12-15T21:46:28.565+0000] {logging_mixin.py:154} INFO - [2023-12-15T21:46:28.565+0000] {dag.py:3722} INFO - Setting next_dagrun for example_subdag_operator.section-2 to None, run_after=None
[2023-12-15T21:46:28.809+0000] {processor.py:179} INFO - Processing /home/airflow/.local/lib/python3.8/site-packages/airflow/example_dags/example_subdag_operator.py took 4.088 seconds
