[2023-12-15T20:50:27.261+0000] {processor.py:157} INFO - Started process (PID=88) to work on /home/airflow/.local/lib/python3.8/site-packages/airflow/example_dags/example_task_group_decorator.py
[2023-12-15T20:50:27.274+0000] {processor.py:829} INFO - Processing file /home/airflow/.local/lib/python3.8/site-packages/airflow/example_dags/example_task_group_decorator.py for tasks to queue
[2023-12-15T20:50:27.292+0000] {logging_mixin.py:154} INFO - [2023-12-15T20:50:27.291+0000] {dagbag.py:536} INFO - Filling up the DagBag from /home/airflow/.local/lib/python3.8/site-packages/airflow/example_dags/example_task_group_decorator.py
[2023-12-15T20:50:27.356+0000] {processor.py:839} INFO - DAG(s) dict_keys(['example_task_group_decorator']) retrieved from /home/airflow/.local/lib/python3.8/site-packages/airflow/example_dags/example_task_group_decorator.py
[2023-12-15T20:50:27.666+0000] {logging_mixin.py:154} INFO - [2023-12-15T20:50:27.665+0000] {manager.py:499} INFO - Created Permission View: %s
[2023-12-15T20:50:27.710+0000] {logging_mixin.py:154} INFO - [2023-12-15T20:50:27.709+0000] {manager.py:499} INFO - Created Permission View: %s
[2023-12-15T20:50:27.722+0000] {logging_mixin.py:154} INFO - [2023-12-15T20:50:27.722+0000] {manager.py:499} INFO - Created Permission View: %s
[2023-12-15T20:50:27.723+0000] {logging_mixin.py:154} INFO - [2023-12-15T20:50:27.723+0000] {dag.py:2941} INFO - Sync 1 DAGs
[2023-12-15T20:50:27.774+0000] {logging_mixin.py:154} INFO - [2023-12-15T20:50:27.774+0000] {dag.py:2963} INFO - Creating ORM DAG for example_task_group_decorator
[2023-12-15T20:50:27.802+0000] {logging_mixin.py:154} INFO - [2023-12-15T20:50:27.802+0000] {dag.py:3722} INFO - Setting next_dagrun for example_task_group_decorator to 2023-12-14T20:50:27.801602+00:00, run_after=2023-12-15T20:50:27.801602+00:00
[2023-12-15T20:50:27.877+0000] {processor.py:179} INFO - Processing /home/airflow/.local/lib/python3.8/site-packages/airflow/example_dags/example_task_group_decorator.py took 0.638 seconds
[2023-12-15T21:11:09.675+0000] {processor.py:157} INFO - Started process (PID=157) to work on /home/airflow/.local/lib/python3.8/site-packages/airflow/example_dags/example_task_group_decorator.py
[2023-12-15T21:11:09.677+0000] {processor.py:829} INFO - Processing file /home/airflow/.local/lib/python3.8/site-packages/airflow/example_dags/example_task_group_decorator.py for tasks to queue
[2023-12-15T21:11:09.684+0000] {logging_mixin.py:154} INFO - [2023-12-15T21:11:09.683+0000] {dagbag.py:536} INFO - Filling up the DagBag from /home/airflow/.local/lib/python3.8/site-packages/airflow/example_dags/example_task_group_decorator.py
[2023-12-15T21:11:09.761+0000] {processor.py:839} INFO - DAG(s) dict_keys(['example_task_group_decorator']) retrieved from /home/airflow/.local/lib/python3.8/site-packages/airflow/example_dags/example_task_group_decorator.py
[2023-12-15T21:11:09.832+0000] {logging_mixin.py:154} INFO - [2023-12-15T21:11:09.832+0000] {dag.py:2941} INFO - Sync 1 DAGs
[2023-12-15T21:11:09.942+0000] {logging_mixin.py:154} INFO - [2023-12-15T21:11:09.942+0000] {dag.py:3722} INFO - Setting next_dagrun for example_task_group_decorator to 2023-12-14T21:11:09.941778+00:00, run_after=2023-12-15T21:11:09.941778+00:00
[2023-12-15T21:11:10.017+0000] {processor.py:179} INFO - Processing /home/airflow/.local/lib/python3.8/site-packages/airflow/example_dags/example_task_group_decorator.py took 0.365 seconds
[2023-12-15T21:11:42.189+0000] {processor.py:157} INFO - Started process (PID=213) to work on /home/airflow/.local/lib/python3.8/site-packages/airflow/example_dags/example_task_group_decorator.py
[2023-12-15T21:11:42.193+0000] {processor.py:829} INFO - Processing file /home/airflow/.local/lib/python3.8/site-packages/airflow/example_dags/example_task_group_decorator.py for tasks to queue
[2023-12-15T21:11:42.199+0000] {logging_mixin.py:154} INFO - [2023-12-15T21:11:42.199+0000] {dagbag.py:536} INFO - Filling up the DagBag from /home/airflow/.local/lib/python3.8/site-packages/airflow/example_dags/example_task_group_decorator.py
[2023-12-15T21:11:42.270+0000] {processor.py:839} INFO - DAG(s) dict_keys(['example_task_group_decorator']) retrieved from /home/airflow/.local/lib/python3.8/site-packages/airflow/example_dags/example_task_group_decorator.py
[2023-12-15T21:11:42.392+0000] {logging_mixin.py:154} INFO - [2023-12-15T21:11:42.391+0000] {dag.py:2941} INFO - Sync 1 DAGs
[2023-12-15T21:11:42.477+0000] {logging_mixin.py:154} INFO - [2023-12-15T21:11:42.476+0000] {dag.py:3722} INFO - Setting next_dagrun for example_task_group_decorator to 2023-12-14T21:11:42.474918+00:00, run_after=2023-12-15T21:11:42.474918+00:00
[2023-12-15T21:11:42.541+0000] {processor.py:179} INFO - Processing /home/airflow/.local/lib/python3.8/site-packages/airflow/example_dags/example_task_group_decorator.py took 0.360 seconds
[2023-12-15T21:12:25.830+0000] {processor.py:157} INFO - Started process (PID=280) to work on /home/airflow/.local/lib/python3.8/site-packages/airflow/example_dags/example_task_group_decorator.py
[2023-12-15T21:12:25.831+0000] {processor.py:829} INFO - Processing file /home/airflow/.local/lib/python3.8/site-packages/airflow/example_dags/example_task_group_decorator.py for tasks to queue
[2023-12-15T21:12:25.835+0000] {logging_mixin.py:154} INFO - [2023-12-15T21:12:25.834+0000] {dagbag.py:536} INFO - Filling up the DagBag from /home/airflow/.local/lib/python3.8/site-packages/airflow/example_dags/example_task_group_decorator.py
[2023-12-15T21:12:25.974+0000] {processor.py:839} INFO - DAG(s) dict_keys(['example_task_group_decorator']) retrieved from /home/airflow/.local/lib/python3.8/site-packages/airflow/example_dags/example_task_group_decorator.py
[2023-12-15T21:12:26.105+0000] {logging_mixin.py:154} INFO - [2023-12-15T21:12:26.104+0000] {dag.py:2941} INFO - Sync 1 DAGs
[2023-12-15T21:12:26.179+0000] {logging_mixin.py:154} INFO - [2023-12-15T21:12:26.178+0000] {dag.py:3722} INFO - Setting next_dagrun for example_task_group_decorator to 2023-12-14T21:12:26.178201+00:00, run_after=2023-12-15T21:12:26.178201+00:00
[2023-12-15T21:12:26.232+0000] {processor.py:179} INFO - Processing /home/airflow/.local/lib/python3.8/site-packages/airflow/example_dags/example_task_group_decorator.py took 0.411 seconds
[2023-12-15T21:12:58.493+0000] {processor.py:157} INFO - Started process (PID=336) to work on /home/airflow/.local/lib/python3.8/site-packages/airflow/example_dags/example_task_group_decorator.py
[2023-12-15T21:12:58.508+0000] {processor.py:829} INFO - Processing file /home/airflow/.local/lib/python3.8/site-packages/airflow/example_dags/example_task_group_decorator.py for tasks to queue
[2023-12-15T21:12:58.518+0000] {logging_mixin.py:154} INFO - [2023-12-15T21:12:58.518+0000] {dagbag.py:536} INFO - Filling up the DagBag from /home/airflow/.local/lib/python3.8/site-packages/airflow/example_dags/example_task_group_decorator.py
[2023-12-15T21:12:58.611+0000] {processor.py:839} INFO - DAG(s) dict_keys(['example_task_group_decorator']) retrieved from /home/airflow/.local/lib/python3.8/site-packages/airflow/example_dags/example_task_group_decorator.py
[2023-12-15T21:12:58.716+0000] {logging_mixin.py:154} INFO - [2023-12-15T21:12:58.715+0000] {dag.py:2941} INFO - Sync 1 DAGs
[2023-12-15T21:12:58.867+0000] {logging_mixin.py:154} INFO - [2023-12-15T21:12:58.867+0000] {dag.py:3722} INFO - Setting next_dagrun for example_task_group_decorator to 2023-12-14T21:12:58.864520+00:00, run_after=2023-12-15T21:12:58.864520+00:00
[2023-12-15T21:12:59.003+0000] {processor.py:179} INFO - Processing /home/airflow/.local/lib/python3.8/site-packages/airflow/example_dags/example_task_group_decorator.py took 0.545 seconds
[2023-12-15T21:13:32.622+0000] {processor.py:157} INFO - Started process (PID=393) to work on /home/airflow/.local/lib/python3.8/site-packages/airflow/example_dags/example_task_group_decorator.py
[2023-12-15T21:13:32.636+0000] {processor.py:829} INFO - Processing file /home/airflow/.local/lib/python3.8/site-packages/airflow/example_dags/example_task_group_decorator.py for tasks to queue
[2023-12-15T21:13:32.818+0000] {logging_mixin.py:154} INFO - [2023-12-15T21:13:32.817+0000] {dagbag.py:536} INFO - Filling up the DagBag from /home/airflow/.local/lib/python3.8/site-packages/airflow/example_dags/example_task_group_decorator.py
[2023-12-15T21:13:33.020+0000] {processor.py:839} INFO - DAG(s) dict_keys(['example_task_group_decorator']) retrieved from /home/airflow/.local/lib/python3.8/site-packages/airflow/example_dags/example_task_group_decorator.py
[2023-12-15T21:13:33.452+0000] {logging_mixin.py:154} INFO - [2023-12-15T21:13:33.452+0000] {dag.py:2941} INFO - Sync 1 DAGs
[2023-12-15T21:13:33.699+0000] {logging_mixin.py:154} INFO - [2023-12-15T21:13:33.699+0000] {dag.py:3722} INFO - Setting next_dagrun for example_task_group_decorator to 2023-12-14T21:13:33.698158+00:00, run_after=2023-12-15T21:13:33.698158+00:00
[2023-12-15T21:13:33.916+0000] {processor.py:179} INFO - Processing /home/airflow/.local/lib/python3.8/site-packages/airflow/example_dags/example_task_group_decorator.py took 1.338 seconds
[2023-12-15T21:14:04.075+0000] {processor.py:157} INFO - Started process (PID=449) to work on /home/airflow/.local/lib/python3.8/site-packages/airflow/example_dags/example_task_group_decorator.py
[2023-12-15T21:14:04.077+0000] {processor.py:829} INFO - Processing file /home/airflow/.local/lib/python3.8/site-packages/airflow/example_dags/example_task_group_decorator.py for tasks to queue
[2023-12-15T21:14:04.084+0000] {logging_mixin.py:154} INFO - [2023-12-15T21:14:04.083+0000] {dagbag.py:536} INFO - Filling up the DagBag from /home/airflow/.local/lib/python3.8/site-packages/airflow/example_dags/example_task_group_decorator.py
[2023-12-15T21:14:04.371+0000] {processor.py:839} INFO - DAG(s) dict_keys(['example_task_group_decorator']) retrieved from /home/airflow/.local/lib/python3.8/site-packages/airflow/example_dags/example_task_group_decorator.py
[2023-12-15T21:14:04.599+0000] {logging_mixin.py:154} INFO - [2023-12-15T21:14:04.599+0000] {dag.py:2941} INFO - Sync 1 DAGs
[2023-12-15T21:14:04.767+0000] {logging_mixin.py:154} INFO - [2023-12-15T21:14:04.767+0000] {dag.py:3722} INFO - Setting next_dagrun for example_task_group_decorator to 2023-12-14T21:14:04.766039+00:00, run_after=2023-12-15T21:14:04.766039+00:00
[2023-12-15T21:14:04.897+0000] {processor.py:179} INFO - Processing /home/airflow/.local/lib/python3.8/site-packages/airflow/example_dags/example_task_group_decorator.py took 0.843 seconds
[2023-12-15T21:14:35.096+0000] {processor.py:157} INFO - Started process (PID=505) to work on /home/airflow/.local/lib/python3.8/site-packages/airflow/example_dags/example_task_group_decorator.py
[2023-12-15T21:14:35.099+0000] {processor.py:829} INFO - Processing file /home/airflow/.local/lib/python3.8/site-packages/airflow/example_dags/example_task_group_decorator.py for tasks to queue
[2023-12-15T21:14:35.105+0000] {logging_mixin.py:154} INFO - [2023-12-15T21:14:35.105+0000] {dagbag.py:536} INFO - Filling up the DagBag from /home/airflow/.local/lib/python3.8/site-packages/airflow/example_dags/example_task_group_decorator.py
[2023-12-15T21:14:35.166+0000] {processor.py:839} INFO - DAG(s) dict_keys(['example_task_group_decorator']) retrieved from /home/airflow/.local/lib/python3.8/site-packages/airflow/example_dags/example_task_group_decorator.py
[2023-12-15T21:14:35.271+0000] {logging_mixin.py:154} INFO - [2023-12-15T21:14:35.271+0000] {dag.py:2941} INFO - Sync 1 DAGs
[2023-12-15T21:14:35.373+0000] {logging_mixin.py:154} INFO - [2023-12-15T21:14:35.373+0000] {dag.py:3722} INFO - Setting next_dagrun for example_task_group_decorator to 2023-12-14T21:14:35.372524+00:00, run_after=2023-12-15T21:14:35.372524+00:00
[2023-12-15T21:14:35.501+0000] {processor.py:179} INFO - Processing /home/airflow/.local/lib/python3.8/site-packages/airflow/example_dags/example_task_group_decorator.py took 0.420 seconds
[2023-12-15T21:15:05.791+0000] {processor.py:157} INFO - Started process (PID=562) to work on /home/airflow/.local/lib/python3.8/site-packages/airflow/example_dags/example_task_group_decorator.py
[2023-12-15T21:15:05.794+0000] {processor.py:829} INFO - Processing file /home/airflow/.local/lib/python3.8/site-packages/airflow/example_dags/example_task_group_decorator.py for tasks to queue
[2023-12-15T21:15:05.803+0000] {logging_mixin.py:154} INFO - [2023-12-15T21:15:05.802+0000] {dagbag.py:536} INFO - Filling up the DagBag from /home/airflow/.local/lib/python3.8/site-packages/airflow/example_dags/example_task_group_decorator.py
[2023-12-15T21:15:05.869+0000] {processor.py:839} INFO - DAG(s) dict_keys(['example_task_group_decorator']) retrieved from /home/airflow/.local/lib/python3.8/site-packages/airflow/example_dags/example_task_group_decorator.py
[2023-12-15T21:15:05.937+0000] {logging_mixin.py:154} INFO - [2023-12-15T21:15:05.937+0000] {dag.py:2941} INFO - Sync 1 DAGs
[2023-12-15T21:15:06.000+0000] {logging_mixin.py:154} INFO - [2023-12-15T21:15:05.999+0000] {dag.py:3722} INFO - Setting next_dagrun for example_task_group_decorator to 2023-12-14T21:15:05.999484+00:00, run_after=2023-12-15T21:15:05.999484+00:00
[2023-12-15T21:15:06.050+0000] {processor.py:179} INFO - Processing /home/airflow/.local/lib/python3.8/site-packages/airflow/example_dags/example_task_group_decorator.py took 0.272 seconds
[2023-12-15T21:15:44.160+0000] {processor.py:157} INFO - Started process (PID=619) to work on /home/airflow/.local/lib/python3.8/site-packages/airflow/example_dags/example_task_group_decorator.py
[2023-12-15T21:15:44.163+0000] {processor.py:829} INFO - Processing file /home/airflow/.local/lib/python3.8/site-packages/airflow/example_dags/example_task_group_decorator.py for tasks to queue
[2023-12-15T21:15:44.170+0000] {logging_mixin.py:154} INFO - [2023-12-15T21:15:44.169+0000] {dagbag.py:536} INFO - Filling up the DagBag from /home/airflow/.local/lib/python3.8/site-packages/airflow/example_dags/example_task_group_decorator.py
[2023-12-15T21:15:44.279+0000] {processor.py:839} INFO - DAG(s) dict_keys(['example_task_group_decorator']) retrieved from /home/airflow/.local/lib/python3.8/site-packages/airflow/example_dags/example_task_group_decorator.py
[2023-12-15T21:15:44.583+0000] {logging_mixin.py:154} INFO - [2023-12-15T21:15:44.583+0000] {dag.py:2941} INFO - Sync 1 DAGs
[2023-12-15T21:15:44.806+0000] {logging_mixin.py:154} INFO - [2023-12-15T21:15:44.804+0000] {dag.py:3722} INFO - Setting next_dagrun for example_task_group_decorator to 2023-12-14T21:15:44.802828+00:00, run_after=2023-12-15T21:15:44.802828+00:00
[2023-12-15T21:15:44.970+0000] {processor.py:179} INFO - Processing /home/airflow/.local/lib/python3.8/site-packages/airflow/example_dags/example_task_group_decorator.py took 0.821 seconds
[2023-12-15T21:16:34.720+0000] {processor.py:157} INFO - Started process (PID=685) to work on /home/airflow/.local/lib/python3.8/site-packages/airflow/example_dags/example_task_group_decorator.py
[2023-12-15T21:16:34.734+0000] {processor.py:829} INFO - Processing file /home/airflow/.local/lib/python3.8/site-packages/airflow/example_dags/example_task_group_decorator.py for tasks to queue
[2023-12-15T21:16:34.753+0000] {logging_mixin.py:154} INFO - [2023-12-15T21:16:34.752+0000] {dagbag.py:536} INFO - Filling up the DagBag from /home/airflow/.local/lib/python3.8/site-packages/airflow/example_dags/example_task_group_decorator.py
[2023-12-15T21:16:34.969+0000] {processor.py:839} INFO - DAG(s) dict_keys(['example_task_group_decorator']) retrieved from /home/airflow/.local/lib/python3.8/site-packages/airflow/example_dags/example_task_group_decorator.py
[2023-12-15T21:16:35.885+0000] {logging_mixin.py:154} INFO - [2023-12-15T21:16:35.884+0000] {dag.py:2941} INFO - Sync 1 DAGs
[2023-12-15T21:16:36.401+0000] {logging_mixin.py:154} INFO - [2023-12-15T21:16:36.400+0000] {dag.py:3722} INFO - Setting next_dagrun for example_task_group_decorator to 2023-12-14T21:16:36.399955+00:00, run_after=2023-12-15T21:16:36.399955+00:00
[2023-12-15T21:16:36.928+0000] {processor.py:179} INFO - Processing /home/airflow/.local/lib/python3.8/site-packages/airflow/example_dags/example_task_group_decorator.py took 2.268 seconds
[2023-12-15T21:17:13.432+0000] {processor.py:157} INFO - Started process (PID=741) to work on /home/airflow/.local/lib/python3.8/site-packages/airflow/example_dags/example_task_group_decorator.py
[2023-12-15T21:17:13.434+0000] {processor.py:829} INFO - Processing file /home/airflow/.local/lib/python3.8/site-packages/airflow/example_dags/example_task_group_decorator.py for tasks to queue
[2023-12-15T21:17:13.441+0000] {logging_mixin.py:154} INFO - [2023-12-15T21:17:13.440+0000] {dagbag.py:536} INFO - Filling up the DagBag from /home/airflow/.local/lib/python3.8/site-packages/airflow/example_dags/example_task_group_decorator.py
[2023-12-15T21:17:13.479+0000] {processor.py:839} INFO - DAG(s) dict_keys(['example_task_group_decorator']) retrieved from /home/airflow/.local/lib/python3.8/site-packages/airflow/example_dags/example_task_group_decorator.py
[2023-12-15T21:17:13.547+0000] {logging_mixin.py:154} INFO - [2023-12-15T21:17:13.547+0000] {dag.py:2941} INFO - Sync 1 DAGs
[2023-12-15T21:17:13.605+0000] {logging_mixin.py:154} INFO - [2023-12-15T21:17:13.605+0000] {dag.py:3722} INFO - Setting next_dagrun for example_task_group_decorator to 2023-12-14T21:17:13.604865+00:00, run_after=2023-12-15T21:17:13.604865+00:00
[2023-12-15T21:17:13.666+0000] {processor.py:179} INFO - Processing /home/airflow/.local/lib/python3.8/site-packages/airflow/example_dags/example_task_group_decorator.py took 0.242 seconds
[2023-12-15T21:28:31.716+0000] {processor.py:157} INFO - Started process (PID=107) to work on /home/airflow/.local/lib/python3.8/site-packages/airflow/example_dags/example_task_group_decorator.py
[2023-12-15T21:28:31.737+0000] {processor.py:829} INFO - Processing file /home/airflow/.local/lib/python3.8/site-packages/airflow/example_dags/example_task_group_decorator.py for tasks to queue
[2023-12-15T21:28:31.761+0000] {logging_mixin.py:154} INFO - [2023-12-15T21:28:31.761+0000] {dagbag.py:536} INFO - Filling up the DagBag from /home/airflow/.local/lib/python3.8/site-packages/airflow/example_dags/example_task_group_decorator.py
[2023-12-15T21:28:31.994+0000] {processor.py:839} INFO - DAG(s) dict_keys(['example_task_group_decorator']) retrieved from /home/airflow/.local/lib/python3.8/site-packages/airflow/example_dags/example_task_group_decorator.py
[2023-12-15T21:28:32.304+0000] {logging_mixin.py:154} INFO - [2023-12-15T21:28:32.291+0000] {dag.py:2941} INFO - Sync 1 DAGs
[2023-12-15T21:28:32.530+0000] {logging_mixin.py:154} INFO - [2023-12-15T21:28:32.529+0000] {dag.py:3722} INFO - Setting next_dagrun for example_task_group_decorator to 2023-12-14T21:28:32.528849+00:00, run_after=2023-12-15T21:28:32.528849+00:00
[2023-12-15T21:28:32.741+0000] {processor.py:179} INFO - Processing /home/airflow/.local/lib/python3.8/site-packages/airflow/example_dags/example_task_group_decorator.py took 1.086 seconds
[2023-12-15T21:29:35.424+0000] {processor.py:157} INFO - Started process (PID=170) to work on /home/airflow/.local/lib/python3.8/site-packages/airflow/example_dags/example_task_group_decorator.py
[2023-12-15T21:29:35.505+0000] {processor.py:829} INFO - Processing file /home/airflow/.local/lib/python3.8/site-packages/airflow/example_dags/example_task_group_decorator.py for tasks to queue
[2023-12-15T21:29:35.518+0000] {logging_mixin.py:154} INFO - [2023-12-15T21:29:35.517+0000] {dagbag.py:536} INFO - Filling up the DagBag from /home/airflow/.local/lib/python3.8/site-packages/airflow/example_dags/example_task_group_decorator.py
[2023-12-15T21:29:36.010+0000] {processor.py:839} INFO - DAG(s) dict_keys(['example_task_group_decorator']) retrieved from /home/airflow/.local/lib/python3.8/site-packages/airflow/example_dags/example_task_group_decorator.py
[2023-12-15T21:29:36.978+0000] {logging_mixin.py:154} INFO - [2023-12-15T21:29:36.977+0000] {dag.py:2941} INFO - Sync 1 DAGs
[2023-12-15T21:29:37.317+0000] {logging_mixin.py:154} INFO - [2023-12-15T21:29:37.316+0000] {dag.py:3722} INFO - Setting next_dagrun for example_task_group_decorator to 2023-12-14T21:29:37.316198+00:00, run_after=2023-12-15T21:29:37.316198+00:00
[2023-12-15T21:29:37.978+0000] {processor.py:179} INFO - Processing /home/airflow/.local/lib/python3.8/site-packages/airflow/example_dags/example_task_group_decorator.py took 2.670 seconds
[2023-12-15T21:35:48.884+0000] {processor.py:157} INFO - Started process (PID=94) to work on /home/airflow/.local/lib/python3.8/site-packages/airflow/example_dags/example_task_group_decorator.py
[2023-12-15T21:35:48.890+0000] {processor.py:829} INFO - Processing file /home/airflow/.local/lib/python3.8/site-packages/airflow/example_dags/example_task_group_decorator.py for tasks to queue
[2023-12-15T21:35:48.909+0000] {logging_mixin.py:154} INFO - [2023-12-15T21:35:48.908+0000] {dagbag.py:536} INFO - Filling up the DagBag from /home/airflow/.local/lib/python3.8/site-packages/airflow/example_dags/example_task_group_decorator.py
[2023-12-15T21:35:49.082+0000] {processor.py:839} INFO - DAG(s) dict_keys(['example_task_group_decorator']) retrieved from /home/airflow/.local/lib/python3.8/site-packages/airflow/example_dags/example_task_group_decorator.py
[2023-12-15T21:35:49.331+0000] {logging_mixin.py:154} INFO - [2023-12-15T21:35:49.331+0000] {dag.py:2941} INFO - Sync 1 DAGs
[2023-12-15T21:35:49.564+0000] {logging_mixin.py:154} INFO - [2023-12-15T21:35:49.564+0000] {dag.py:3722} INFO - Setting next_dagrun for example_task_group_decorator to 2023-12-14T21:35:49.563368+00:00, run_after=2023-12-15T21:35:49.563368+00:00
[2023-12-15T21:35:49.732+0000] {processor.py:179} INFO - Processing /home/airflow/.local/lib/python3.8/site-packages/airflow/example_dags/example_task_group_decorator.py took 0.913 seconds
[2023-12-15T21:36:30.933+0000] {processor.py:157} INFO - Started process (PID=156) to work on /home/airflow/.local/lib/python3.8/site-packages/airflow/example_dags/example_task_group_decorator.py
[2023-12-15T21:36:30.938+0000] {processor.py:829} INFO - Processing file /home/airflow/.local/lib/python3.8/site-packages/airflow/example_dags/example_task_group_decorator.py for tasks to queue
[2023-12-15T21:36:30.963+0000] {logging_mixin.py:154} INFO - [2023-12-15T21:36:30.955+0000] {dagbag.py:536} INFO - Filling up the DagBag from /home/airflow/.local/lib/python3.8/site-packages/airflow/example_dags/example_task_group_decorator.py
[2023-12-15T21:36:31.261+0000] {processor.py:839} INFO - DAG(s) dict_keys(['example_task_group_decorator']) retrieved from /home/airflow/.local/lib/python3.8/site-packages/airflow/example_dags/example_task_group_decorator.py
[2023-12-15T21:36:31.678+0000] {logging_mixin.py:154} INFO - [2023-12-15T21:36:31.662+0000] {dag.py:2941} INFO - Sync 1 DAGs
[2023-12-15T21:36:31.909+0000] {logging_mixin.py:154} INFO - [2023-12-15T21:36:31.909+0000] {dag.py:3722} INFO - Setting next_dagrun for example_task_group_decorator to 2023-12-14T21:36:31.898920+00:00, run_after=2023-12-15T21:36:31.898920+00:00
[2023-12-15T21:36:32.070+0000] {processor.py:179} INFO - Processing /home/airflow/.local/lib/python3.8/site-packages/airflow/example_dags/example_task_group_decorator.py took 1.163 seconds
[2023-12-15T21:37:02.807+0000] {processor.py:157} INFO - Started process (PID=212) to work on /home/airflow/.local/lib/python3.8/site-packages/airflow/example_dags/example_task_group_decorator.py
[2023-12-15T21:37:02.811+0000] {processor.py:829} INFO - Processing file /home/airflow/.local/lib/python3.8/site-packages/airflow/example_dags/example_task_group_decorator.py for tasks to queue
[2023-12-15T21:37:02.818+0000] {logging_mixin.py:154} INFO - [2023-12-15T21:37:02.817+0000] {dagbag.py:536} INFO - Filling up the DagBag from /home/airflow/.local/lib/python3.8/site-packages/airflow/example_dags/example_task_group_decorator.py
[2023-12-15T21:37:02.868+0000] {processor.py:839} INFO - DAG(s) dict_keys(['example_task_group_decorator']) retrieved from /home/airflow/.local/lib/python3.8/site-packages/airflow/example_dags/example_task_group_decorator.py
[2023-12-15T21:37:02.949+0000] {logging_mixin.py:154} INFO - [2023-12-15T21:37:02.949+0000] {dag.py:2941} INFO - Sync 1 DAGs
[2023-12-15T21:37:03.032+0000] {logging_mixin.py:154} INFO - [2023-12-15T21:37:03.032+0000] {dag.py:3722} INFO - Setting next_dagrun for example_task_group_decorator to 2023-12-14T21:37:03.031634+00:00, run_after=2023-12-15T21:37:03.031634+00:00
[2023-12-15T21:37:03.290+0000] {processor.py:179} INFO - Processing /home/airflow/.local/lib/python3.8/site-packages/airflow/example_dags/example_task_group_decorator.py took 0.496 seconds
[2023-12-15T21:37:33.596+0000] {processor.py:157} INFO - Started process (PID=268) to work on /home/airflow/.local/lib/python3.8/site-packages/airflow/example_dags/example_task_group_decorator.py
[2023-12-15T21:37:33.598+0000] {processor.py:829} INFO - Processing file /home/airflow/.local/lib/python3.8/site-packages/airflow/example_dags/example_task_group_decorator.py for tasks to queue
[2023-12-15T21:37:33.603+0000] {logging_mixin.py:154} INFO - [2023-12-15T21:37:33.602+0000] {dagbag.py:536} INFO - Filling up the DagBag from /home/airflow/.local/lib/python3.8/site-packages/airflow/example_dags/example_task_group_decorator.py
[2023-12-15T21:37:33.655+0000] {processor.py:839} INFO - DAG(s) dict_keys(['example_task_group_decorator']) retrieved from /home/airflow/.local/lib/python3.8/site-packages/airflow/example_dags/example_task_group_decorator.py
[2023-12-15T21:37:33.737+0000] {logging_mixin.py:154} INFO - [2023-12-15T21:37:33.736+0000] {dag.py:2941} INFO - Sync 1 DAGs
[2023-12-15T21:37:33.810+0000] {logging_mixin.py:154} INFO - [2023-12-15T21:37:33.810+0000] {dag.py:3722} INFO - Setting next_dagrun for example_task_group_decorator to 2023-12-14T21:37:33.810077+00:00, run_after=2023-12-15T21:37:33.810077+00:00
[2023-12-15T21:37:33.854+0000] {processor.py:179} INFO - Processing /home/airflow/.local/lib/python3.8/site-packages/airflow/example_dags/example_task_group_decorator.py took 0.265 seconds
[2023-12-15T21:38:19.986+0000] {processor.py:157} INFO - Started process (PID=316) to work on /home/airflow/.local/lib/python3.8/site-packages/airflow/example_dags/example_task_group_decorator.py
[2023-12-15T21:38:19.988+0000] {processor.py:829} INFO - Processing file /home/airflow/.local/lib/python3.8/site-packages/airflow/example_dags/example_task_group_decorator.py for tasks to queue
[2023-12-15T21:38:20.018+0000] {logging_mixin.py:154} INFO - [2023-12-15T21:38:20.003+0000] {dagbag.py:536} INFO - Filling up the DagBag from /home/airflow/.local/lib/python3.8/site-packages/airflow/example_dags/example_task_group_decorator.py
[2023-12-15T21:38:20.231+0000] {processor.py:839} INFO - DAG(s) dict_keys(['example_task_group_decorator']) retrieved from /home/airflow/.local/lib/python3.8/site-packages/airflow/example_dags/example_task_group_decorator.py
[2023-12-15T21:38:20.521+0000] {logging_mixin.py:154} INFO - [2023-12-15T21:38:20.521+0000] {dag.py:2941} INFO - Sync 1 DAGs
[2023-12-15T21:38:20.775+0000] {logging_mixin.py:154} INFO - [2023-12-15T21:38:20.775+0000] {dag.py:3722} INFO - Setting next_dagrun for example_task_group_decorator to 2023-12-14T21:38:20.774162+00:00, run_after=2023-12-15T21:38:20.774162+00:00
[2023-12-15T21:38:21.163+0000] {processor.py:179} INFO - Processing /home/airflow/.local/lib/python3.8/site-packages/airflow/example_dags/example_task_group_decorator.py took 1.209 seconds
[2023-12-15T21:39:17.915+0000] {processor.py:157} INFO - Started process (PID=379) to work on /home/airflow/.local/lib/python3.8/site-packages/airflow/example_dags/example_task_group_decorator.py
[2023-12-15T21:39:17.921+0000] {processor.py:829} INFO - Processing file /home/airflow/.local/lib/python3.8/site-packages/airflow/example_dags/example_task_group_decorator.py for tasks to queue
[2023-12-15T21:39:17.948+0000] {logging_mixin.py:154} INFO - [2023-12-15T21:39:17.947+0000] {dagbag.py:536} INFO - Filling up the DagBag from /home/airflow/.local/lib/python3.8/site-packages/airflow/example_dags/example_task_group_decorator.py
[2023-12-15T21:39:18.285+0000] {processor.py:839} INFO - DAG(s) dict_keys(['example_task_group_decorator']) retrieved from /home/airflow/.local/lib/python3.8/site-packages/airflow/example_dags/example_task_group_decorator.py
[2023-12-15T21:39:19.306+0000] {logging_mixin.py:154} INFO - [2023-12-15T21:39:19.305+0000] {dag.py:2941} INFO - Sync 1 DAGs
[2023-12-15T21:39:19.658+0000] {logging_mixin.py:154} INFO - [2023-12-15T21:39:19.658+0000] {dag.py:3722} INFO - Setting next_dagrun for example_task_group_decorator to 2023-12-14T21:39:19.657222+00:00, run_after=2023-12-15T21:39:19.657222+00:00
[2023-12-15T21:39:20.132+0000] {processor.py:179} INFO - Processing /home/airflow/.local/lib/python3.8/site-packages/airflow/example_dags/example_task_group_decorator.py took 2.303 seconds
[2023-12-15T21:39:50.497+0000] {processor.py:157} INFO - Started process (PID=435) to work on /home/airflow/.local/lib/python3.8/site-packages/airflow/example_dags/example_task_group_decorator.py
[2023-12-15T21:39:50.513+0000] {processor.py:829} INFO - Processing file /home/airflow/.local/lib/python3.8/site-packages/airflow/example_dags/example_task_group_decorator.py for tasks to queue
[2023-12-15T21:39:50.548+0000] {logging_mixin.py:154} INFO - [2023-12-15T21:39:50.533+0000] {dagbag.py:536} INFO - Filling up the DagBag from /home/airflow/.local/lib/python3.8/site-packages/airflow/example_dags/example_task_group_decorator.py
[2023-12-15T21:39:50.783+0000] {processor.py:839} INFO - DAG(s) dict_keys(['example_task_group_decorator']) retrieved from /home/airflow/.local/lib/python3.8/site-packages/airflow/example_dags/example_task_group_decorator.py
[2023-12-15T21:39:50.985+0000] {logging_mixin.py:154} INFO - [2023-12-15T21:39:50.984+0000] {dag.py:2941} INFO - Sync 1 DAGs
[2023-12-15T21:39:51.277+0000] {logging_mixin.py:154} INFO - [2023-12-15T21:39:51.276+0000] {dag.py:3722} INFO - Setting next_dagrun for example_task_group_decorator to 2023-12-14T21:39:51.275740+00:00, run_after=2023-12-15T21:39:51.275740+00:00
[2023-12-15T21:39:51.456+0000] {processor.py:179} INFO - Processing /home/airflow/.local/lib/python3.8/site-packages/airflow/example_dags/example_task_group_decorator.py took 0.980 seconds
[2023-12-15T21:40:21.933+0000] {processor.py:157} INFO - Started process (PID=491) to work on /home/airflow/.local/lib/python3.8/site-packages/airflow/example_dags/example_task_group_decorator.py
[2023-12-15T21:40:21.951+0000] {processor.py:829} INFO - Processing file /home/airflow/.local/lib/python3.8/site-packages/airflow/example_dags/example_task_group_decorator.py for tasks to queue
[2023-12-15T21:40:21.960+0000] {logging_mixin.py:154} INFO - [2023-12-15T21:40:21.959+0000] {dagbag.py:536} INFO - Filling up the DagBag from /home/airflow/.local/lib/python3.8/site-packages/airflow/example_dags/example_task_group_decorator.py
[2023-12-15T21:40:22.021+0000] {processor.py:839} INFO - DAG(s) dict_keys(['example_task_group_decorator']) retrieved from /home/airflow/.local/lib/python3.8/site-packages/airflow/example_dags/example_task_group_decorator.py
[2023-12-15T21:40:22.122+0000] {logging_mixin.py:154} INFO - [2023-12-15T21:40:22.122+0000] {dag.py:2941} INFO - Sync 1 DAGs
[2023-12-15T21:40:22.238+0000] {logging_mixin.py:154} INFO - [2023-12-15T21:40:22.238+0000] {dag.py:3722} INFO - Setting next_dagrun for example_task_group_decorator to 2023-12-14T21:40:22.237230+00:00, run_after=2023-12-15T21:40:22.237230+00:00
[2023-12-15T21:40:22.356+0000] {processor.py:179} INFO - Processing /home/airflow/.local/lib/python3.8/site-packages/airflow/example_dags/example_task_group_decorator.py took 0.459 seconds
[2023-12-15T21:46:29.372+0000] {processor.py:157} INFO - Started process (PID=109) to work on /home/airflow/.local/lib/python3.8/site-packages/airflow/example_dags/example_task_group_decorator.py
[2023-12-15T21:46:29.408+0000] {processor.py:829} INFO - Processing file /home/airflow/.local/lib/python3.8/site-packages/airflow/example_dags/example_task_group_decorator.py for tasks to queue
[2023-12-15T21:46:29.484+0000] {logging_mixin.py:154} INFO - [2023-12-15T21:46:29.455+0000] {dagbag.py:536} INFO - Filling up the DagBag from /home/airflow/.local/lib/python3.8/site-packages/airflow/example_dags/example_task_group_decorator.py
[2023-12-15T21:46:30.053+0000] {processor.py:839} INFO - DAG(s) dict_keys(['example_task_group_decorator']) retrieved from /home/airflow/.local/lib/python3.8/site-packages/airflow/example_dags/example_task_group_decorator.py
[2023-12-15T21:46:30.698+0000] {logging_mixin.py:154} INFO - [2023-12-15T21:46:30.698+0000] {dag.py:2941} INFO - Sync 1 DAGs
[2023-12-15T21:46:31.282+0000] {logging_mixin.py:154} INFO - [2023-12-15T21:46:31.281+0000] {dag.py:3722} INFO - Setting next_dagrun for example_task_group_decorator to 2023-12-14T21:46:31.281016+00:00, run_after=2023-12-15T21:46:31.281016+00:00
[2023-12-15T21:46:31.722+0000] {processor.py:179} INFO - Processing /home/airflow/.local/lib/python3.8/site-packages/airflow/example_dags/example_task_group_decorator.py took 2.506 seconds
