[2023-12-15T20:50:20.248+0000] {processor.py:157} INFO - Started process (PID=66) to work on /home/airflow/.local/lib/python3.8/site-packages/airflow/example_dags/example_trigger_controller_dag.py
[2023-12-15T20:50:20.262+0000] {processor.py:829} INFO - Processing file /home/airflow/.local/lib/python3.8/site-packages/airflow/example_dags/example_trigger_controller_dag.py for tasks to queue
[2023-12-15T20:50:20.315+0000] {logging_mixin.py:154} INFO - [2023-12-15T20:50:20.315+0000] {dagbag.py:536} INFO - Filling up the DagBag from /home/airflow/.local/lib/python3.8/site-packages/airflow/example_dags/example_trigger_controller_dag.py
[2023-12-15T20:50:20.380+0000] {processor.py:839} INFO - DAG(s) dict_keys(['example_trigger_controller_dag']) retrieved from /home/airflow/.local/lib/python3.8/site-packages/airflow/example_dags/example_trigger_controller_dag.py
[2023-12-15T20:50:21.442+0000] {logging_mixin.py:154} INFO - [2023-12-15T20:50:21.442+0000] {manager.py:499} INFO - Created Permission View: %s
[2023-12-15T20:50:21.514+0000] {logging_mixin.py:154} INFO - [2023-12-15T20:50:21.513+0000] {manager.py:499} INFO - Created Permission View: %s
[2023-12-15T20:50:21.599+0000] {logging_mixin.py:154} INFO - [2023-12-15T20:50:21.599+0000] {manager.py:499} INFO - Created Permission View: %s
[2023-12-15T20:50:21.600+0000] {logging_mixin.py:154} INFO - [2023-12-15T20:50:21.600+0000] {dag.py:2941} INFO - Sync 1 DAGs
[2023-12-15T20:50:21.655+0000] {logging_mixin.py:154} INFO - [2023-12-15T20:50:21.655+0000] {dag.py:2963} INFO - Creating ORM DAG for example_trigger_controller_dag
[2023-12-15T20:50:21.671+0000] {logging_mixin.py:154} INFO - [2023-12-15T20:50:21.670+0000] {dag.py:3722} INFO - Setting next_dagrun for example_trigger_controller_dag to 2021-01-01T00:00:00+00:00, run_after=2021-01-01T00:00:00+00:00
[2023-12-15T20:50:21.710+0000] {processor.py:179} INFO - Processing /home/airflow/.local/lib/python3.8/site-packages/airflow/example_dags/example_trigger_controller_dag.py took 1.492 seconds
[2023-12-15T21:11:02.584+0000] {processor.py:157} INFO - Started process (PID=142) to work on /home/airflow/.local/lib/python3.8/site-packages/airflow/example_dags/example_trigger_controller_dag.py
[2023-12-15T21:11:02.591+0000] {processor.py:829} INFO - Processing file /home/airflow/.local/lib/python3.8/site-packages/airflow/example_dags/example_trigger_controller_dag.py for tasks to queue
[2023-12-15T21:11:02.596+0000] {logging_mixin.py:154} INFO - [2023-12-15T21:11:02.595+0000] {dagbag.py:536} INFO - Filling up the DagBag from /home/airflow/.local/lib/python3.8/site-packages/airflow/example_dags/example_trigger_controller_dag.py
[2023-12-15T21:11:02.608+0000] {processor.py:839} INFO - DAG(s) dict_keys(['example_trigger_controller_dag']) retrieved from /home/airflow/.local/lib/python3.8/site-packages/airflow/example_dags/example_trigger_controller_dag.py
[2023-12-15T21:11:02.677+0000] {logging_mixin.py:154} INFO - [2023-12-15T21:11:02.676+0000] {dag.py:2941} INFO - Sync 1 DAGs
[2023-12-15T21:11:02.741+0000] {logging_mixin.py:154} INFO - [2023-12-15T21:11:02.740+0000] {dag.py:3722} INFO - Setting next_dagrun for example_trigger_controller_dag to 2021-01-01T00:00:00+00:00, run_after=2021-01-01T00:00:00+00:00
[2023-12-15T21:11:02.807+0000] {processor.py:179} INFO - Processing /home/airflow/.local/lib/python3.8/site-packages/airflow/example_dags/example_trigger_controller_dag.py took 0.235 seconds
[2023-12-15T21:11:37.040+0000] {processor.py:157} INFO - Started process (PID=198) to work on /home/airflow/.local/lib/python3.8/site-packages/airflow/example_dags/example_trigger_controller_dag.py
[2023-12-15T21:11:37.052+0000] {processor.py:829} INFO - Processing file /home/airflow/.local/lib/python3.8/site-packages/airflow/example_dags/example_trigger_controller_dag.py for tasks to queue
[2023-12-15T21:11:37.059+0000] {logging_mixin.py:154} INFO - [2023-12-15T21:11:37.058+0000] {dagbag.py:536} INFO - Filling up the DagBag from /home/airflow/.local/lib/python3.8/site-packages/airflow/example_dags/example_trigger_controller_dag.py
[2023-12-15T21:11:37.124+0000] {processor.py:839} INFO - DAG(s) dict_keys(['example_trigger_controller_dag']) retrieved from /home/airflow/.local/lib/python3.8/site-packages/airflow/example_dags/example_trigger_controller_dag.py
[2023-12-15T21:11:37.300+0000] {logging_mixin.py:154} INFO - [2023-12-15T21:11:37.300+0000] {dag.py:2941} INFO - Sync 1 DAGs
[2023-12-15T21:11:37.428+0000] {logging_mixin.py:154} INFO - [2023-12-15T21:11:37.427+0000] {dag.py:3722} INFO - Setting next_dagrun for example_trigger_controller_dag to 2021-01-01T00:00:00+00:00, run_after=2021-01-01T00:00:00+00:00
[2023-12-15T21:11:37.572+0000] {processor.py:179} INFO - Processing /home/airflow/.local/lib/python3.8/site-packages/airflow/example_dags/example_trigger_controller_dag.py took 0.602 seconds
[2023-12-15T21:12:16.263+0000] {processor.py:157} INFO - Started process (PID=254) to work on /home/airflow/.local/lib/python3.8/site-packages/airflow/example_dags/example_trigger_controller_dag.py
[2023-12-15T21:12:16.387+0000] {processor.py:829} INFO - Processing file /home/airflow/.local/lib/python3.8/site-packages/airflow/example_dags/example_trigger_controller_dag.py for tasks to queue
[2023-12-15T21:12:16.769+0000] {logging_mixin.py:154} INFO - [2023-12-15T21:12:16.491+0000] {dagbag.py:536} INFO - Filling up the DagBag from /home/airflow/.local/lib/python3.8/site-packages/airflow/example_dags/example_trigger_controller_dag.py
[2023-12-15T21:12:17.082+0000] {processor.py:839} INFO - DAG(s) dict_keys(['example_trigger_controller_dag']) retrieved from /home/airflow/.local/lib/python3.8/site-packages/airflow/example_dags/example_trigger_controller_dag.py
[2023-12-15T21:12:17.356+0000] {logging_mixin.py:154} INFO - [2023-12-15T21:12:17.356+0000] {dag.py:2941} INFO - Sync 1 DAGs
[2023-12-15T21:12:17.522+0000] {logging_mixin.py:154} INFO - [2023-12-15T21:12:17.522+0000] {dag.py:3722} INFO - Setting next_dagrun for example_trigger_controller_dag to 2021-01-01T00:00:00+00:00, run_after=2021-01-01T00:00:00+00:00
[2023-12-15T21:12:17.871+0000] {processor.py:179} INFO - Processing /home/airflow/.local/lib/python3.8/site-packages/airflow/example_dags/example_trigger_controller_dag.py took 1.755 seconds
[2023-12-15T21:12:48.363+0000] {processor.py:157} INFO - Started process (PID=317) to work on /home/airflow/.local/lib/python3.8/site-packages/airflow/example_dags/example_trigger_controller_dag.py
[2023-12-15T21:12:48.365+0000] {processor.py:829} INFO - Processing file /home/airflow/.local/lib/python3.8/site-packages/airflow/example_dags/example_trigger_controller_dag.py for tasks to queue
[2023-12-15T21:12:48.380+0000] {logging_mixin.py:154} INFO - [2023-12-15T21:12:48.378+0000] {dagbag.py:536} INFO - Filling up the DagBag from /home/airflow/.local/lib/python3.8/site-packages/airflow/example_dags/example_trigger_controller_dag.py
[2023-12-15T21:12:48.459+0000] {processor.py:839} INFO - DAG(s) dict_keys(['example_trigger_controller_dag']) retrieved from /home/airflow/.local/lib/python3.8/site-packages/airflow/example_dags/example_trigger_controller_dag.py
[2023-12-15T21:12:48.709+0000] {logging_mixin.py:154} INFO - [2023-12-15T21:12:48.708+0000] {dag.py:2941} INFO - Sync 1 DAGs
[2023-12-15T21:12:48.954+0000] {logging_mixin.py:154} INFO - [2023-12-15T21:12:48.944+0000] {dag.py:3722} INFO - Setting next_dagrun for example_trigger_controller_dag to 2021-01-01T00:00:00+00:00, run_after=2021-01-01T00:00:00+00:00
[2023-12-15T21:12:49.223+0000] {processor.py:179} INFO - Processing /home/airflow/.local/lib/python3.8/site-packages/airflow/example_dags/example_trigger_controller_dag.py took 0.888 seconds
[2023-12-15T21:13:20.056+0000] {processor.py:157} INFO - Started process (PID=373) to work on /home/airflow/.local/lib/python3.8/site-packages/airflow/example_dags/example_trigger_controller_dag.py
[2023-12-15T21:13:20.062+0000] {processor.py:829} INFO - Processing file /home/airflow/.local/lib/python3.8/site-packages/airflow/example_dags/example_trigger_controller_dag.py for tasks to queue
[2023-12-15T21:13:20.072+0000] {logging_mixin.py:154} INFO - [2023-12-15T21:13:20.069+0000] {dagbag.py:536} INFO - Filling up the DagBag from /home/airflow/.local/lib/python3.8/site-packages/airflow/example_dags/example_trigger_controller_dag.py
[2023-12-15T21:13:20.087+0000] {processor.py:839} INFO - DAG(s) dict_keys(['example_trigger_controller_dag']) retrieved from /home/airflow/.local/lib/python3.8/site-packages/airflow/example_dags/example_trigger_controller_dag.py
[2023-12-15T21:13:20.176+0000] {logging_mixin.py:154} INFO - [2023-12-15T21:13:20.175+0000] {dag.py:2941} INFO - Sync 1 DAGs
[2023-12-15T21:13:20.269+0000] {logging_mixin.py:154} INFO - [2023-12-15T21:13:20.268+0000] {dag.py:3722} INFO - Setting next_dagrun for example_trigger_controller_dag to 2021-01-01T00:00:00+00:00, run_after=2021-01-01T00:00:00+00:00
[2023-12-15T21:13:20.331+0000] {processor.py:179} INFO - Processing /home/airflow/.local/lib/python3.8/site-packages/airflow/example_dags/example_trigger_controller_dag.py took 0.297 seconds
[2023-12-15T21:13:50.465+0000] {processor.py:157} INFO - Started process (PID=428) to work on /home/airflow/.local/lib/python3.8/site-packages/airflow/example_dags/example_trigger_controller_dag.py
[2023-12-15T21:13:50.468+0000] {processor.py:829} INFO - Processing file /home/airflow/.local/lib/python3.8/site-packages/airflow/example_dags/example_trigger_controller_dag.py for tasks to queue
[2023-12-15T21:13:50.474+0000] {logging_mixin.py:154} INFO - [2023-12-15T21:13:50.474+0000] {dagbag.py:536} INFO - Filling up the DagBag from /home/airflow/.local/lib/python3.8/site-packages/airflow/example_dags/example_trigger_controller_dag.py
[2023-12-15T21:13:50.595+0000] {processor.py:839} INFO - DAG(s) dict_keys(['example_trigger_controller_dag']) retrieved from /home/airflow/.local/lib/python3.8/site-packages/airflow/example_dags/example_trigger_controller_dag.py
[2023-12-15T21:13:50.921+0000] {logging_mixin.py:154} INFO - [2023-12-15T21:13:50.920+0000] {dag.py:2941} INFO - Sync 1 DAGs
[2023-12-15T21:13:51.092+0000] {logging_mixin.py:154} INFO - [2023-12-15T21:13:51.091+0000] {dag.py:3722} INFO - Setting next_dagrun for example_trigger_controller_dag to 2021-01-01T00:00:00+00:00, run_after=2021-01-01T00:00:00+00:00
[2023-12-15T21:13:51.160+0000] {processor.py:179} INFO - Processing /home/airflow/.local/lib/python3.8/site-packages/airflow/example_dags/example_trigger_controller_dag.py took 0.716 seconds
[2023-12-15T21:14:27.032+0000] {processor.py:157} INFO - Started process (PID=489) to work on /home/airflow/.local/lib/python3.8/site-packages/airflow/example_dags/example_trigger_controller_dag.py
[2023-12-15T21:14:27.035+0000] {processor.py:829} INFO - Processing file /home/airflow/.local/lib/python3.8/site-packages/airflow/example_dags/example_trigger_controller_dag.py for tasks to queue
[2023-12-15T21:14:27.043+0000] {logging_mixin.py:154} INFO - [2023-12-15T21:14:27.042+0000] {dagbag.py:536} INFO - Filling up the DagBag from /home/airflow/.local/lib/python3.8/site-packages/airflow/example_dags/example_trigger_controller_dag.py
[2023-12-15T21:14:27.054+0000] {processor.py:839} INFO - DAG(s) dict_keys(['example_trigger_controller_dag']) retrieved from /home/airflow/.local/lib/python3.8/site-packages/airflow/example_dags/example_trigger_controller_dag.py
[2023-12-15T21:14:27.129+0000] {logging_mixin.py:154} INFO - [2023-12-15T21:14:27.128+0000] {dag.py:2941} INFO - Sync 1 DAGs
[2023-12-15T21:14:27.285+0000] {logging_mixin.py:154} INFO - [2023-12-15T21:14:27.284+0000] {dag.py:3722} INFO - Setting next_dagrun for example_trigger_controller_dag to 2021-01-01T00:00:00+00:00, run_after=2021-01-01T00:00:00+00:00
[2023-12-15T21:14:27.350+0000] {processor.py:179} INFO - Processing /home/airflow/.local/lib/python3.8/site-packages/airflow/example_dags/example_trigger_controller_dag.py took 0.329 seconds
[2023-12-15T21:15:01.601+0000] {processor.py:157} INFO - Started process (PID=546) to work on /home/airflow/.local/lib/python3.8/site-packages/airflow/example_dags/example_trigger_controller_dag.py
[2023-12-15T21:15:01.603+0000] {processor.py:829} INFO - Processing file /home/airflow/.local/lib/python3.8/site-packages/airflow/example_dags/example_trigger_controller_dag.py for tasks to queue
[2023-12-15T21:15:01.609+0000] {logging_mixin.py:154} INFO - [2023-12-15T21:15:01.608+0000] {dagbag.py:536} INFO - Filling up the DagBag from /home/airflow/.local/lib/python3.8/site-packages/airflow/example_dags/example_trigger_controller_dag.py
[2023-12-15T21:15:01.628+0000] {processor.py:839} INFO - DAG(s) dict_keys(['example_trigger_controller_dag']) retrieved from /home/airflow/.local/lib/python3.8/site-packages/airflow/example_dags/example_trigger_controller_dag.py
[2023-12-15T21:15:01.702+0000] {logging_mixin.py:154} INFO - [2023-12-15T21:15:01.702+0000] {dag.py:2941} INFO - Sync 1 DAGs
[2023-12-15T21:15:01.770+0000] {logging_mixin.py:154} INFO - [2023-12-15T21:15:01.769+0000] {dag.py:3722} INFO - Setting next_dagrun for example_trigger_controller_dag to 2021-01-01T00:00:00+00:00, run_after=2021-01-01T00:00:00+00:00
[2023-12-15T21:15:01.828+0000] {processor.py:179} INFO - Processing /home/airflow/.local/lib/python3.8/site-packages/airflow/example_dags/example_trigger_controller_dag.py took 0.235 seconds
[2023-12-15T21:15:35.134+0000] {processor.py:157} INFO - Started process (PID=602) to work on /home/airflow/.local/lib/python3.8/site-packages/airflow/example_dags/example_trigger_controller_dag.py
[2023-12-15T21:15:35.147+0000] {processor.py:829} INFO - Processing file /home/airflow/.local/lib/python3.8/site-packages/airflow/example_dags/example_trigger_controller_dag.py for tasks to queue
[2023-12-15T21:15:35.161+0000] {logging_mixin.py:154} INFO - [2023-12-15T21:15:35.160+0000] {dagbag.py:536} INFO - Filling up the DagBag from /home/airflow/.local/lib/python3.8/site-packages/airflow/example_dags/example_trigger_controller_dag.py
[2023-12-15T21:15:35.239+0000] {processor.py:839} INFO - DAG(s) dict_keys(['example_trigger_controller_dag']) retrieved from /home/airflow/.local/lib/python3.8/site-packages/airflow/example_dags/example_trigger_controller_dag.py
[2023-12-15T21:15:35.546+0000] {logging_mixin.py:154} INFO - [2023-12-15T21:15:35.546+0000] {dag.py:2941} INFO - Sync 1 DAGs
[2023-12-15T21:15:35.793+0000] {logging_mixin.py:154} INFO - [2023-12-15T21:15:35.793+0000] {dag.py:3722} INFO - Setting next_dagrun for example_trigger_controller_dag to 2021-01-01T00:00:00+00:00, run_after=2021-01-01T00:00:00+00:00
[2023-12-15T21:15:35.929+0000] {processor.py:179} INFO - Processing /home/airflow/.local/lib/python3.8/site-packages/airflow/example_dags/example_trigger_controller_dag.py took 0.845 seconds
[2023-12-15T21:16:06.670+0000] {processor.py:157} INFO - Started process (PID=656) to work on /home/airflow/.local/lib/python3.8/site-packages/airflow/example_dags/example_trigger_controller_dag.py
[2023-12-15T21:16:06.672+0000] {processor.py:829} INFO - Processing file /home/airflow/.local/lib/python3.8/site-packages/airflow/example_dags/example_trigger_controller_dag.py for tasks to queue
[2023-12-15T21:16:06.683+0000] {logging_mixin.py:154} INFO - [2023-12-15T21:16:06.678+0000] {dagbag.py:536} INFO - Filling up the DagBag from /home/airflow/.local/lib/python3.8/site-packages/airflow/example_dags/example_trigger_controller_dag.py
[2023-12-15T21:16:06.704+0000] {processor.py:839} INFO - DAG(s) dict_keys(['example_trigger_controller_dag']) retrieved from /home/airflow/.local/lib/python3.8/site-packages/airflow/example_dags/example_trigger_controller_dag.py
[2023-12-15T21:16:06.832+0000] {logging_mixin.py:154} INFO - [2023-12-15T21:16:06.832+0000] {dag.py:2941} INFO - Sync 1 DAGs
[2023-12-15T21:16:06.933+0000] {logging_mixin.py:154} INFO - [2023-12-15T21:16:06.932+0000] {dag.py:3722} INFO - Setting next_dagrun for example_trigger_controller_dag to 2021-01-01T00:00:00+00:00, run_after=2021-01-01T00:00:00+00:00
[2023-12-15T21:16:07.079+0000] {processor.py:179} INFO - Processing /home/airflow/.local/lib/python3.8/site-packages/airflow/example_dags/example_trigger_controller_dag.py took 0.421 seconds
[2023-12-15T21:17:04.395+0000] {processor.py:157} INFO - Started process (PID=717) to work on /home/airflow/.local/lib/python3.8/site-packages/airflow/example_dags/example_trigger_controller_dag.py
[2023-12-15T21:17:04.423+0000] {processor.py:829} INFO - Processing file /home/airflow/.local/lib/python3.8/site-packages/airflow/example_dags/example_trigger_controller_dag.py for tasks to queue
[2023-12-15T21:17:04.470+0000] {logging_mixin.py:154} INFO - [2023-12-15T21:17:04.469+0000] {dagbag.py:536} INFO - Filling up the DagBag from /home/airflow/.local/lib/python3.8/site-packages/airflow/example_dags/example_trigger_controller_dag.py
[2023-12-15T21:17:04.513+0000] {processor.py:839} INFO - DAG(s) dict_keys(['example_trigger_controller_dag']) retrieved from /home/airflow/.local/lib/python3.8/site-packages/airflow/example_dags/example_trigger_controller_dag.py
[2023-12-15T21:17:04.652+0000] {logging_mixin.py:154} INFO - [2023-12-15T21:17:04.652+0000] {dag.py:2941} INFO - Sync 1 DAGs
[2023-12-15T21:17:04.904+0000] {logging_mixin.py:154} INFO - [2023-12-15T21:17:04.903+0000] {dag.py:3722} INFO - Setting next_dagrun for example_trigger_controller_dag to 2021-01-01T00:00:00+00:00, run_after=2021-01-01T00:00:00+00:00
[2023-12-15T21:17:05.137+0000] {processor.py:179} INFO - Processing /home/airflow/.local/lib/python3.8/site-packages/airflow/example_dags/example_trigger_controller_dag.py took 0.801 seconds
[2023-12-15T21:17:35.951+0000] {processor.py:157} INFO - Started process (PID=773) to work on /home/airflow/.local/lib/python3.8/site-packages/airflow/example_dags/example_trigger_controller_dag.py
[2023-12-15T21:17:35.953+0000] {processor.py:829} INFO - Processing file /home/airflow/.local/lib/python3.8/site-packages/airflow/example_dags/example_trigger_controller_dag.py for tasks to queue
[2023-12-15T21:17:35.970+0000] {logging_mixin.py:154} INFO - [2023-12-15T21:17:35.969+0000] {dagbag.py:536} INFO - Filling up the DagBag from /home/airflow/.local/lib/python3.8/site-packages/airflow/example_dags/example_trigger_controller_dag.py
[2023-12-15T21:17:36.045+0000] {processor.py:839} INFO - DAG(s) dict_keys(['example_trigger_controller_dag']) retrieved from /home/airflow/.local/lib/python3.8/site-packages/airflow/example_dags/example_trigger_controller_dag.py
[2023-12-15T21:17:36.409+0000] {logging_mixin.py:154} INFO - [2023-12-15T21:17:36.408+0000] {dag.py:2941} INFO - Sync 1 DAGs
[2023-12-15T21:17:36.836+0000] {logging_mixin.py:154} INFO - [2023-12-15T21:17:36.822+0000] {dag.py:3722} INFO - Setting next_dagrun for example_trigger_controller_dag to 2021-01-01T00:00:00+00:00, run_after=2021-01-01T00:00:00+00:00
[2023-12-15T21:17:36.988+0000] {processor.py:179} INFO - Processing /home/airflow/.local/lib/python3.8/site-packages/airflow/example_dags/example_trigger_controller_dag.py took 1.136 seconds
[2023-12-15T21:28:18.627+0000] {processor.py:157} INFO - Started process (PID=92) to work on /home/airflow/.local/lib/python3.8/site-packages/airflow/example_dags/example_trigger_controller_dag.py
[2023-12-15T21:28:18.652+0000] {processor.py:829} INFO - Processing file /home/airflow/.local/lib/python3.8/site-packages/airflow/example_dags/example_trigger_controller_dag.py for tasks to queue
[2023-12-15T21:28:18.672+0000] {logging_mixin.py:154} INFO - [2023-12-15T21:28:18.662+0000] {dagbag.py:536} INFO - Filling up the DagBag from /home/airflow/.local/lib/python3.8/site-packages/airflow/example_dags/example_trigger_controller_dag.py
[2023-12-15T21:28:18.797+0000] {processor.py:839} INFO - DAG(s) dict_keys(['example_trigger_controller_dag']) retrieved from /home/airflow/.local/lib/python3.8/site-packages/airflow/example_dags/example_trigger_controller_dag.py
[2023-12-15T21:28:19.028+0000] {logging_mixin.py:154} INFO - [2023-12-15T21:28:19.028+0000] {dag.py:2941} INFO - Sync 1 DAGs
[2023-12-15T21:28:19.484+0000] {logging_mixin.py:154} INFO - [2023-12-15T21:28:19.484+0000] {dag.py:3722} INFO - Setting next_dagrun for example_trigger_controller_dag to 2021-01-01T00:00:00+00:00, run_after=2021-01-01T00:00:00+00:00
[2023-12-15T21:28:19.738+0000] {processor.py:179} INFO - Processing /home/airflow/.local/lib/python3.8/site-packages/airflow/example_dags/example_trigger_controller_dag.py took 1.154 seconds
[2023-12-15T21:29:24.036+0000] {processor.py:157} INFO - Started process (PID=155) to work on /home/airflow/.local/lib/python3.8/site-packages/airflow/example_dags/example_trigger_controller_dag.py
[2023-12-15T21:29:24.054+0000] {processor.py:829} INFO - Processing file /home/airflow/.local/lib/python3.8/site-packages/airflow/example_dags/example_trigger_controller_dag.py for tasks to queue
[2023-12-15T21:29:24.173+0000] {logging_mixin.py:154} INFO - [2023-12-15T21:29:24.172+0000] {dagbag.py:536} INFO - Filling up the DagBag from /home/airflow/.local/lib/python3.8/site-packages/airflow/example_dags/example_trigger_controller_dag.py
[2023-12-15T21:29:24.322+0000] {processor.py:839} INFO - DAG(s) dict_keys(['example_trigger_controller_dag']) retrieved from /home/airflow/.local/lib/python3.8/site-packages/airflow/example_dags/example_trigger_controller_dag.py
[2023-12-15T21:29:24.544+0000] {logging_mixin.py:154} INFO - [2023-12-15T21:29:24.543+0000] {dag.py:2941} INFO - Sync 1 DAGs
[2023-12-15T21:29:24.918+0000] {logging_mixin.py:154} INFO - [2023-12-15T21:29:24.918+0000] {dag.py:3722} INFO - Setting next_dagrun for example_trigger_controller_dag to 2021-01-01T00:00:00+00:00, run_after=2021-01-01T00:00:00+00:00
[2023-12-15T21:29:25.141+0000] {processor.py:179} INFO - Processing /home/airflow/.local/lib/python3.8/site-packages/airflow/example_dags/example_trigger_controller_dag.py took 1.148 seconds
[2023-12-15T21:30:15.174+0000] {processor.py:157} INFO - Started process (PID=219) to work on /home/airflow/.local/lib/python3.8/site-packages/airflow/example_dags/example_trigger_controller_dag.py
[2023-12-15T21:30:15.193+0000] {processor.py:829} INFO - Processing file /home/airflow/.local/lib/python3.8/site-packages/airflow/example_dags/example_trigger_controller_dag.py for tasks to queue
[2023-12-15T21:30:15.216+0000] {logging_mixin.py:154} INFO - [2023-12-15T21:30:15.215+0000] {dagbag.py:536} INFO - Filling up the DagBag from /home/airflow/.local/lib/python3.8/site-packages/airflow/example_dags/example_trigger_controller_dag.py
[2023-12-15T21:30:15.637+0000] {processor.py:839} INFO - DAG(s) dict_keys(['example_trigger_controller_dag']) retrieved from /home/airflow/.local/lib/python3.8/site-packages/airflow/example_dags/example_trigger_controller_dag.py
[2023-12-15T21:30:16.445+0000] {logging_mixin.py:154} INFO - [2023-12-15T21:30:16.444+0000] {dag.py:2941} INFO - Sync 1 DAGs
[2023-12-15T21:30:17.043+0000] {logging_mixin.py:154} INFO - [2023-12-15T21:30:17.042+0000] {dag.py:3722} INFO - Setting next_dagrun for example_trigger_controller_dag to 2021-01-01T00:00:00+00:00, run_after=2021-01-01T00:00:00+00:00
[2023-12-15T21:30:17.378+0000] {processor.py:179} INFO - Processing /home/airflow/.local/lib/python3.8/site-packages/airflow/example_dags/example_trigger_controller_dag.py took 2.247 seconds
[2023-12-15T21:35:38.639+0000] {processor.py:157} INFO - Started process (PID=79) to work on /home/airflow/.local/lib/python3.8/site-packages/airflow/example_dags/example_trigger_controller_dag.py
[2023-12-15T21:35:38.659+0000] {processor.py:829} INFO - Processing file /home/airflow/.local/lib/python3.8/site-packages/airflow/example_dags/example_trigger_controller_dag.py for tasks to queue
[2023-12-15T21:35:38.689+0000] {logging_mixin.py:154} INFO - [2023-12-15T21:35:38.689+0000] {dagbag.py:536} INFO - Filling up the DagBag from /home/airflow/.local/lib/python3.8/site-packages/airflow/example_dags/example_trigger_controller_dag.py
[2023-12-15T21:35:38.772+0000] {processor.py:839} INFO - DAG(s) dict_keys(['example_trigger_controller_dag']) retrieved from /home/airflow/.local/lib/python3.8/site-packages/airflow/example_dags/example_trigger_controller_dag.py
[2023-12-15T21:35:39.069+0000] {logging_mixin.py:154} INFO - [2023-12-15T21:35:39.068+0000] {dag.py:2941} INFO - Sync 1 DAGs
[2023-12-15T21:35:39.525+0000] {logging_mixin.py:154} INFO - [2023-12-15T21:35:39.525+0000] {dag.py:3722} INFO - Setting next_dagrun for example_trigger_controller_dag to 2021-01-01T00:00:00+00:00, run_after=2021-01-01T00:00:00+00:00
[2023-12-15T21:35:39.696+0000] {processor.py:179} INFO - Processing /home/airflow/.local/lib/python3.8/site-packages/airflow/example_dags/example_trigger_controller_dag.py took 1.091 seconds
[2023-12-15T21:36:20.275+0000] {processor.py:157} INFO - Started process (PID=134) to work on /home/airflow/.local/lib/python3.8/site-packages/airflow/example_dags/example_trigger_controller_dag.py
[2023-12-15T21:36:20.321+0000] {processor.py:829} INFO - Processing file /home/airflow/.local/lib/python3.8/site-packages/airflow/example_dags/example_trigger_controller_dag.py for tasks to queue
[2023-12-15T21:36:20.350+0000] {logging_mixin.py:154} INFO - [2023-12-15T21:36:20.349+0000] {dagbag.py:536} INFO - Filling up the DagBag from /home/airflow/.local/lib/python3.8/site-packages/airflow/example_dags/example_trigger_controller_dag.py
[2023-12-15T21:36:20.463+0000] {processor.py:839} INFO - DAG(s) dict_keys(['example_trigger_controller_dag']) retrieved from /home/airflow/.local/lib/python3.8/site-packages/airflow/example_dags/example_trigger_controller_dag.py
[2023-12-15T21:36:20.785+0000] {logging_mixin.py:154} INFO - [2023-12-15T21:36:20.784+0000] {dag.py:2941} INFO - Sync 1 DAGs
[2023-12-15T21:36:21.009+0000] {logging_mixin.py:154} INFO - [2023-12-15T21:36:21.009+0000] {dag.py:3722} INFO - Setting next_dagrun for example_trigger_controller_dag to 2021-01-01T00:00:00+00:00, run_after=2021-01-01T00:00:00+00:00
[2023-12-15T21:36:21.182+0000] {processor.py:179} INFO - Processing /home/airflow/.local/lib/python3.8/site-packages/airflow/example_dags/example_trigger_controller_dag.py took 0.986 seconds
[2023-12-15T21:36:53.796+0000] {processor.py:157} INFO - Started process (PID=190) to work on /home/airflow/.local/lib/python3.8/site-packages/airflow/example_dags/example_trigger_controller_dag.py
[2023-12-15T21:36:53.802+0000] {processor.py:829} INFO - Processing file /home/airflow/.local/lib/python3.8/site-packages/airflow/example_dags/example_trigger_controller_dag.py for tasks to queue
[2023-12-15T21:36:53.810+0000] {logging_mixin.py:154} INFO - [2023-12-15T21:36:53.809+0000] {dagbag.py:536} INFO - Filling up the DagBag from /home/airflow/.local/lib/python3.8/site-packages/airflow/example_dags/example_trigger_controller_dag.py
[2023-12-15T21:36:53.835+0000] {processor.py:839} INFO - DAG(s) dict_keys(['example_trigger_controller_dag']) retrieved from /home/airflow/.local/lib/python3.8/site-packages/airflow/example_dags/example_trigger_controller_dag.py
[2023-12-15T21:36:53.900+0000] {logging_mixin.py:154} INFO - [2023-12-15T21:36:53.899+0000] {dag.py:2941} INFO - Sync 1 DAGs
[2023-12-15T21:36:54.009+0000] {logging_mixin.py:154} INFO - [2023-12-15T21:36:54.008+0000] {dag.py:3722} INFO - Setting next_dagrun for example_trigger_controller_dag to 2021-01-01T00:00:00+00:00, run_after=2021-01-01T00:00:00+00:00
[2023-12-15T21:36:54.079+0000] {processor.py:179} INFO - Processing /home/airflow/.local/lib/python3.8/site-packages/airflow/example_dags/example_trigger_controller_dag.py took 0.301 seconds
[2023-12-15T21:37:27.510+0000] {processor.py:157} INFO - Started process (PID=246) to work on /home/airflow/.local/lib/python3.8/site-packages/airflow/example_dags/example_trigger_controller_dag.py
[2023-12-15T21:37:27.513+0000] {processor.py:829} INFO - Processing file /home/airflow/.local/lib/python3.8/site-packages/airflow/example_dags/example_trigger_controller_dag.py for tasks to queue
[2023-12-15T21:37:27.522+0000] {logging_mixin.py:154} INFO - [2023-12-15T21:37:27.522+0000] {dagbag.py:536} INFO - Filling up the DagBag from /home/airflow/.local/lib/python3.8/site-packages/airflow/example_dags/example_trigger_controller_dag.py
[2023-12-15T21:37:27.540+0000] {processor.py:839} INFO - DAG(s) dict_keys(['example_trigger_controller_dag']) retrieved from /home/airflow/.local/lib/python3.8/site-packages/airflow/example_dags/example_trigger_controller_dag.py
[2023-12-15T21:37:27.590+0000] {logging_mixin.py:154} INFO - [2023-12-15T21:37:27.590+0000] {dag.py:2941} INFO - Sync 1 DAGs
[2023-12-15T21:37:27.666+0000] {logging_mixin.py:154} INFO - [2023-12-15T21:37:27.666+0000] {dag.py:3722} INFO - Setting next_dagrun for example_trigger_controller_dag to 2021-01-01T00:00:00+00:00, run_after=2021-01-01T00:00:00+00:00
[2023-12-15T21:37:27.717+0000] {processor.py:179} INFO - Processing /home/airflow/.local/lib/python3.8/site-packages/airflow/example_dags/example_trigger_controller_dag.py took 0.221 seconds
[2023-12-15T21:38:14.986+0000] {processor.py:157} INFO - Started process (PID=301) to work on /home/airflow/.local/lib/python3.8/site-packages/airflow/example_dags/example_trigger_controller_dag.py
[2023-12-15T21:38:14.989+0000] {processor.py:829} INFO - Processing file /home/airflow/.local/lib/python3.8/site-packages/airflow/example_dags/example_trigger_controller_dag.py for tasks to queue
[2023-12-15T21:38:14.997+0000] {logging_mixin.py:154} INFO - [2023-12-15T21:38:14.996+0000] {dagbag.py:536} INFO - Filling up the DagBag from /home/airflow/.local/lib/python3.8/site-packages/airflow/example_dags/example_trigger_controller_dag.py
[2023-12-15T21:38:15.016+0000] {processor.py:839} INFO - DAG(s) dict_keys(['example_trigger_controller_dag']) retrieved from /home/airflow/.local/lib/python3.8/site-packages/airflow/example_dags/example_trigger_controller_dag.py
[2023-12-15T21:38:15.088+0000] {logging_mixin.py:154} INFO - [2023-12-15T21:38:15.087+0000] {dag.py:2941} INFO - Sync 1 DAGs
[2023-12-15T21:38:15.158+0000] {logging_mixin.py:154} INFO - [2023-12-15T21:38:15.157+0000] {dag.py:3722} INFO - Setting next_dagrun for example_trigger_controller_dag to 2021-01-01T00:00:00+00:00, run_after=2021-01-01T00:00:00+00:00
[2023-12-15T21:38:15.211+0000] {processor.py:179} INFO - Processing /home/airflow/.local/lib/python3.8/site-packages/airflow/example_dags/example_trigger_controller_dag.py took 0.238 seconds
[2023-12-15T21:38:55.700+0000] {processor.py:157} INFO - Started process (PID=364) to work on /home/airflow/.local/lib/python3.8/site-packages/airflow/example_dags/example_trigger_controller_dag.py
[2023-12-15T21:38:55.735+0000] {processor.py:829} INFO - Processing file /home/airflow/.local/lib/python3.8/site-packages/airflow/example_dags/example_trigger_controller_dag.py for tasks to queue
[2023-12-15T21:38:55.841+0000] {logging_mixin.py:154} INFO - [2023-12-15T21:38:55.840+0000] {dagbag.py:536} INFO - Filling up the DagBag from /home/airflow/.local/lib/python3.8/site-packages/airflow/example_dags/example_trigger_controller_dag.py
[2023-12-15T21:38:55.973+0000] {processor.py:839} INFO - DAG(s) dict_keys(['example_trigger_controller_dag']) retrieved from /home/airflow/.local/lib/python3.8/site-packages/airflow/example_dags/example_trigger_controller_dag.py
[2023-12-15T21:38:56.217+0000] {logging_mixin.py:154} INFO - [2023-12-15T21:38:56.217+0000] {dag.py:2941} INFO - Sync 1 DAGs
[2023-12-15T21:38:56.370+0000] {logging_mixin.py:154} INFO - [2023-12-15T21:38:56.369+0000] {dag.py:3722} INFO - Setting next_dagrun for example_trigger_controller_dag to 2021-01-01T00:00:00+00:00, run_after=2021-01-01T00:00:00+00:00
[2023-12-15T21:38:56.565+0000] {processor.py:179} INFO - Processing /home/airflow/.local/lib/python3.8/site-packages/airflow/example_dags/example_trigger_controller_dag.py took 0.914 seconds
[2023-12-15T21:39:39.886+0000] {processor.py:157} INFO - Started process (PID=420) to work on /home/airflow/.local/lib/python3.8/site-packages/airflow/example_dags/example_trigger_controller_dag.py
[2023-12-15T21:39:39.893+0000] {processor.py:829} INFO - Processing file /home/airflow/.local/lib/python3.8/site-packages/airflow/example_dags/example_trigger_controller_dag.py for tasks to queue
[2023-12-15T21:39:39.909+0000] {logging_mixin.py:154} INFO - [2023-12-15T21:39:39.908+0000] {dagbag.py:536} INFO - Filling up the DagBag from /home/airflow/.local/lib/python3.8/site-packages/airflow/example_dags/example_trigger_controller_dag.py
[2023-12-15T21:39:39.949+0000] {processor.py:839} INFO - DAG(s) dict_keys(['example_trigger_controller_dag']) retrieved from /home/airflow/.local/lib/python3.8/site-packages/airflow/example_dags/example_trigger_controller_dag.py
[2023-12-15T21:39:40.193+0000] {logging_mixin.py:154} INFO - [2023-12-15T21:39:40.193+0000] {dag.py:2941} INFO - Sync 1 DAGs
[2023-12-15T21:39:40.481+0000] {logging_mixin.py:154} INFO - [2023-12-15T21:39:40.480+0000] {dag.py:3722} INFO - Setting next_dagrun for example_trigger_controller_dag to 2021-01-01T00:00:00+00:00, run_after=2021-01-01T00:00:00+00:00
[2023-12-15T21:39:40.712+0000] {processor.py:179} INFO - Processing /home/airflow/.local/lib/python3.8/site-packages/airflow/example_dags/example_trigger_controller_dag.py took 0.875 seconds
[2023-12-15T21:40:11.770+0000] {processor.py:157} INFO - Started process (PID=476) to work on /home/airflow/.local/lib/python3.8/site-packages/airflow/example_dags/example_trigger_controller_dag.py
[2023-12-15T21:40:11.813+0000] {processor.py:829} INFO - Processing file /home/airflow/.local/lib/python3.8/site-packages/airflow/example_dags/example_trigger_controller_dag.py for tasks to queue
[2023-12-15T21:40:11.819+0000] {logging_mixin.py:154} INFO - [2023-12-15T21:40:11.818+0000] {dagbag.py:536} INFO - Filling up the DagBag from /home/airflow/.local/lib/python3.8/site-packages/airflow/example_dags/example_trigger_controller_dag.py
[2023-12-15T21:40:11.840+0000] {processor.py:839} INFO - DAG(s) dict_keys(['example_trigger_controller_dag']) retrieved from /home/airflow/.local/lib/python3.8/site-packages/airflow/example_dags/example_trigger_controller_dag.py
[2023-12-15T21:40:11.895+0000] {logging_mixin.py:154} INFO - [2023-12-15T21:40:11.894+0000] {dag.py:2941} INFO - Sync 1 DAGs
[2023-12-15T21:40:12.012+0000] {logging_mixin.py:154} INFO - [2023-12-15T21:40:12.012+0000] {dag.py:3722} INFO - Setting next_dagrun for example_trigger_controller_dag to 2021-01-01T00:00:00+00:00, run_after=2021-01-01T00:00:00+00:00
[2023-12-15T21:40:12.106+0000] {processor.py:179} INFO - Processing /home/airflow/.local/lib/python3.8/site-packages/airflow/example_dags/example_trigger_controller_dag.py took 0.349 seconds
[2023-12-15T21:46:00.418+0000] {processor.py:157} INFO - Started process (PID=87) to work on /home/airflow/.local/lib/python3.8/site-packages/airflow/example_dags/example_trigger_controller_dag.py
[2023-12-15T21:46:00.440+0000] {processor.py:829} INFO - Processing file /home/airflow/.local/lib/python3.8/site-packages/airflow/example_dags/example_trigger_controller_dag.py for tasks to queue
[2023-12-15T21:46:00.479+0000] {logging_mixin.py:154} INFO - [2023-12-15T21:46:00.470+0000] {dagbag.py:536} INFO - Filling up the DagBag from /home/airflow/.local/lib/python3.8/site-packages/airflow/example_dags/example_trigger_controller_dag.py
[2023-12-15T21:46:00.670+0000] {processor.py:839} INFO - DAG(s) dict_keys(['example_trigger_controller_dag']) retrieved from /home/airflow/.local/lib/python3.8/site-packages/airflow/example_dags/example_trigger_controller_dag.py
[2023-12-15T21:46:01.185+0000] {logging_mixin.py:154} INFO - [2023-12-15T21:46:01.185+0000] {dag.py:2941} INFO - Sync 1 DAGs
[2023-12-15T21:46:01.885+0000] {logging_mixin.py:154} INFO - [2023-12-15T21:46:01.885+0000] {dag.py:3722} INFO - Setting next_dagrun for example_trigger_controller_dag to 2021-01-01T00:00:00+00:00, run_after=2021-01-01T00:00:00+00:00
[2023-12-15T21:46:02.329+0000] {processor.py:179} INFO - Processing /home/airflow/.local/lib/python3.8/site-packages/airflow/example_dags/example_trigger_controller_dag.py took 2.080 seconds
[2023-12-15T21:47:33.721+0000] {processor.py:157} INFO - Started process (PID=157) to work on /home/airflow/.local/lib/python3.8/site-packages/airflow/example_dags/example_trigger_controller_dag.py
[2023-12-15T21:47:33.746+0000] {processor.py:829} INFO - Processing file /home/airflow/.local/lib/python3.8/site-packages/airflow/example_dags/example_trigger_controller_dag.py for tasks to queue
[2023-12-15T21:47:33.785+0000] {logging_mixin.py:154} INFO - [2023-12-15T21:47:33.784+0000] {dagbag.py:536} INFO - Filling up the DagBag from /home/airflow/.local/lib/python3.8/site-packages/airflow/example_dags/example_trigger_controller_dag.py
[2023-12-15T21:47:33.874+0000] {processor.py:839} INFO - DAG(s) dict_keys(['example_trigger_controller_dag']) retrieved from /home/airflow/.local/lib/python3.8/site-packages/airflow/example_dags/example_trigger_controller_dag.py
[2023-12-15T21:47:34.158+0000] {logging_mixin.py:154} INFO - [2023-12-15T21:47:34.157+0000] {dag.py:2941} INFO - Sync 1 DAGs
[2023-12-15T21:47:34.501+0000] {logging_mixin.py:154} INFO - [2023-12-15T21:47:34.500+0000] {dag.py:3722} INFO - Setting next_dagrun for example_trigger_controller_dag to 2021-01-01T00:00:00+00:00, run_after=2021-01-01T00:00:00+00:00
[2023-12-15T21:47:34.761+0000] {processor.py:179} INFO - Processing /home/airflow/.local/lib/python3.8/site-packages/airflow/example_dags/example_trigger_controller_dag.py took 1.151 seconds
