[2023-12-15T20:50:29.528+0000] {processor.py:157} INFO - Started process (PID=93) to work on /home/airflow/.local/lib/python3.8/site-packages/airflow/example_dags/example_xcomargs.py
[2023-12-15T20:50:29.535+0000] {processor.py:829} INFO - Processing file /home/airflow/.local/lib/python3.8/site-packages/airflow/example_dags/example_xcomargs.py for tasks to queue
[2023-12-15T20:50:29.548+0000] {logging_mixin.py:154} INFO - [2023-12-15T20:50:29.547+0000] {dagbag.py:536} INFO - Filling up the DagBag from /home/airflow/.local/lib/python3.8/site-packages/airflow/example_dags/example_xcomargs.py
[2023-12-15T20:50:29.621+0000] {processor.py:839} INFO - DAG(s) dict_keys(['example_xcom_args', 'example_xcom_args_with_operators']) retrieved from /home/airflow/.local/lib/python3.8/site-packages/airflow/example_dags/example_xcomargs.py
[2023-12-15T20:50:30.054+0000] {logging_mixin.py:154} INFO - [2023-12-15T20:50:30.053+0000] {manager.py:499} INFO - Created Permission View: %s
[2023-12-15T20:50:30.121+0000] {logging_mixin.py:154} INFO - [2023-12-15T20:50:30.121+0000] {manager.py:499} INFO - Created Permission View: %s
[2023-12-15T20:50:30.146+0000] {logging_mixin.py:154} INFO - [2023-12-15T20:50:30.146+0000] {manager.py:499} INFO - Created Permission View: %s
[2023-12-15T20:50:30.210+0000] {logging_mixin.py:154} INFO - [2023-12-15T20:50:30.210+0000] {manager.py:499} INFO - Created Permission View: %s
[2023-12-15T20:50:30.227+0000] {logging_mixin.py:154} INFO - [2023-12-15T20:50:30.227+0000] {manager.py:499} INFO - Created Permission View: %s
[2023-12-15T20:50:30.240+0000] {logging_mixin.py:154} INFO - [2023-12-15T20:50:30.239+0000] {manager.py:499} INFO - Created Permission View: %s
[2023-12-15T20:50:30.240+0000] {logging_mixin.py:154} INFO - [2023-12-15T20:50:30.240+0000] {dag.py:2941} INFO - Sync 2 DAGs
[2023-12-15T20:50:30.256+0000] {logging_mixin.py:154} INFO - [2023-12-15T20:50:30.256+0000] {dag.py:2963} INFO - Creating ORM DAG for example_xcom_args
[2023-12-15T20:50:30.257+0000] {logging_mixin.py:154} INFO - [2023-12-15T20:50:30.257+0000] {dag.py:2963} INFO - Creating ORM DAG for example_xcom_args_with_operators
[2023-12-15T20:50:30.257+0000] {logging_mixin.py:154} INFO - [2023-12-15T20:50:30.257+0000] {dag.py:3722} INFO - Setting next_dagrun for example_xcom_args to None, run_after=None
[2023-12-15T20:50:30.258+0000] {logging_mixin.py:154} INFO - [2023-12-15T20:50:30.258+0000] {dag.py:3722} INFO - Setting next_dagrun for example_xcom_args_with_operators to None, run_after=None
[2023-12-15T20:50:30.286+0000] {processor.py:179} INFO - Processing /home/airflow/.local/lib/python3.8/site-packages/airflow/example_dags/example_xcomargs.py took 0.770 seconds
[2023-12-15T21:11:11.071+0000] {processor.py:157} INFO - Started process (PID=162) to work on /home/airflow/.local/lib/python3.8/site-packages/airflow/example_dags/example_xcomargs.py
[2023-12-15T21:11:11.077+0000] {processor.py:829} INFO - Processing file /home/airflow/.local/lib/python3.8/site-packages/airflow/example_dags/example_xcomargs.py for tasks to queue
[2023-12-15T21:11:11.084+0000] {logging_mixin.py:154} INFO - [2023-12-15T21:11:11.083+0000] {dagbag.py:536} INFO - Filling up the DagBag from /home/airflow/.local/lib/python3.8/site-packages/airflow/example_dags/example_xcomargs.py
[2023-12-15T21:11:11.113+0000] {processor.py:839} INFO - DAG(s) dict_keys(['example_xcom_args', 'example_xcom_args_with_operators']) retrieved from /home/airflow/.local/lib/python3.8/site-packages/airflow/example_dags/example_xcomargs.py
[2023-12-15T21:11:11.489+0000] {logging_mixin.py:154} INFO - [2023-12-15T21:11:11.488+0000] {dag.py:2941} INFO - Sync 2 DAGs
[2023-12-15T21:11:11.553+0000] {logging_mixin.py:154} INFO - [2023-12-15T21:11:11.553+0000] {dag.py:3722} INFO - Setting next_dagrun for example_xcom_args to None, run_after=None
[2023-12-15T21:11:11.577+0000] {logging_mixin.py:154} INFO - [2023-12-15T21:11:11.576+0000] {dag.py:3722} INFO - Setting next_dagrun for example_xcom_args_with_operators to None, run_after=None
[2023-12-15T21:11:11.624+0000] {processor.py:179} INFO - Processing /home/airflow/.local/lib/python3.8/site-packages/airflow/example_dags/example_xcomargs.py took 0.569 seconds
[2023-12-15T21:11:43.754+0000] {processor.py:157} INFO - Started process (PID=219) to work on /home/airflow/.local/lib/python3.8/site-packages/airflow/example_dags/example_xcomargs.py
[2023-12-15T21:11:43.759+0000] {processor.py:829} INFO - Processing file /home/airflow/.local/lib/python3.8/site-packages/airflow/example_dags/example_xcomargs.py for tasks to queue
[2023-12-15T21:11:43.764+0000] {logging_mixin.py:154} INFO - [2023-12-15T21:11:43.764+0000] {dagbag.py:536} INFO - Filling up the DagBag from /home/airflow/.local/lib/python3.8/site-packages/airflow/example_dags/example_xcomargs.py
[2023-12-15T21:11:43.880+0000] {processor.py:839} INFO - DAG(s) dict_keys(['example_xcom_args_with_operators', 'example_xcom_args']) retrieved from /home/airflow/.local/lib/python3.8/site-packages/airflow/example_dags/example_xcomargs.py
[2023-12-15T21:11:44.038+0000] {logging_mixin.py:154} INFO - [2023-12-15T21:11:44.038+0000] {dag.py:2941} INFO - Sync 2 DAGs
[2023-12-15T21:11:44.084+0000] {logging_mixin.py:154} INFO - [2023-12-15T21:11:44.084+0000] {dag.py:3722} INFO - Setting next_dagrun for example_xcom_args to None, run_after=None
[2023-12-15T21:11:44.110+0000] {logging_mixin.py:154} INFO - [2023-12-15T21:11:44.110+0000] {dag.py:3722} INFO - Setting next_dagrun for example_xcom_args_with_operators to None, run_after=None
[2023-12-15T21:11:44.233+0000] {processor.py:179} INFO - Processing /home/airflow/.local/lib/python3.8/site-packages/airflow/example_dags/example_xcomargs.py took 0.505 seconds
[2023-12-15T21:12:26.823+0000] {processor.py:157} INFO - Started process (PID=285) to work on /home/airflow/.local/lib/python3.8/site-packages/airflow/example_dags/example_xcomargs.py
[2023-12-15T21:12:26.825+0000] {processor.py:829} INFO - Processing file /home/airflow/.local/lib/python3.8/site-packages/airflow/example_dags/example_xcomargs.py for tasks to queue
[2023-12-15T21:12:26.830+0000] {logging_mixin.py:154} INFO - [2023-12-15T21:12:26.829+0000] {dagbag.py:536} INFO - Filling up the DagBag from /home/airflow/.local/lib/python3.8/site-packages/airflow/example_dags/example_xcomargs.py
[2023-12-15T21:12:26.854+0000] {processor.py:839} INFO - DAG(s) dict_keys(['example_xcom_args_with_operators', 'example_xcom_args']) retrieved from /home/airflow/.local/lib/python3.8/site-packages/airflow/example_dags/example_xcomargs.py
[2023-12-15T21:12:26.908+0000] {logging_mixin.py:154} INFO - [2023-12-15T21:12:26.908+0000] {dag.py:2941} INFO - Sync 2 DAGs
[2023-12-15T21:12:26.949+0000] {logging_mixin.py:154} INFO - [2023-12-15T21:12:26.948+0000] {dag.py:3722} INFO - Setting next_dagrun for example_xcom_args to None, run_after=None
[2023-12-15T21:12:26.955+0000] {logging_mixin.py:154} INFO - [2023-12-15T21:12:26.955+0000] {dag.py:3722} INFO - Setting next_dagrun for example_xcom_args_with_operators to None, run_after=None
[2023-12-15T21:12:26.990+0000] {processor.py:179} INFO - Processing /home/airflow/.local/lib/python3.8/site-packages/airflow/example_dags/example_xcomargs.py took 0.176 seconds
[2023-12-15T21:13:00.053+0000] {processor.py:157} INFO - Started process (PID=341) to work on /home/airflow/.local/lib/python3.8/site-packages/airflow/example_dags/example_xcomargs.py
[2023-12-15T21:13:00.060+0000] {processor.py:829} INFO - Processing file /home/airflow/.local/lib/python3.8/site-packages/airflow/example_dags/example_xcomargs.py for tasks to queue
[2023-12-15T21:13:00.080+0000] {logging_mixin.py:154} INFO - [2023-12-15T21:13:00.079+0000] {dagbag.py:536} INFO - Filling up the DagBag from /home/airflow/.local/lib/python3.8/site-packages/airflow/example_dags/example_xcomargs.py
[2023-12-15T21:13:00.125+0000] {processor.py:839} INFO - DAG(s) dict_keys(['example_xcom_args_with_operators', 'example_xcom_args']) retrieved from /home/airflow/.local/lib/python3.8/site-packages/airflow/example_dags/example_xcomargs.py
[2023-12-15T21:13:00.197+0000] {logging_mixin.py:154} INFO - [2023-12-15T21:13:00.196+0000] {dag.py:2941} INFO - Sync 2 DAGs
[2023-12-15T21:13:00.237+0000] {logging_mixin.py:154} INFO - [2023-12-15T21:13:00.237+0000] {dag.py:3722} INFO - Setting next_dagrun for example_xcom_args to None, run_after=None
[2023-12-15T21:13:00.248+0000] {logging_mixin.py:154} INFO - [2023-12-15T21:13:00.248+0000] {dag.py:3722} INFO - Setting next_dagrun for example_xcom_args_with_operators to None, run_after=None
[2023-12-15T21:13:00.291+0000] {processor.py:179} INFO - Processing /home/airflow/.local/lib/python3.8/site-packages/airflow/example_dags/example_xcomargs.py took 0.301 seconds
[2023-12-15T21:13:35.718+0000] {processor.py:157} INFO - Started process (PID=398) to work on /home/airflow/.local/lib/python3.8/site-packages/airflow/example_dags/example_xcomargs.py
[2023-12-15T21:13:35.736+0000] {processor.py:829} INFO - Processing file /home/airflow/.local/lib/python3.8/site-packages/airflow/example_dags/example_xcomargs.py for tasks to queue
[2023-12-15T21:13:35.780+0000] {logging_mixin.py:154} INFO - [2023-12-15T21:13:35.765+0000] {dagbag.py:536} INFO - Filling up the DagBag from /home/airflow/.local/lib/python3.8/site-packages/airflow/example_dags/example_xcomargs.py
[2023-12-15T21:13:35.929+0000] {processor.py:839} INFO - DAG(s) dict_keys(['example_xcom_args', 'example_xcom_args_with_operators']) retrieved from /home/airflow/.local/lib/python3.8/site-packages/airflow/example_dags/example_xcomargs.py
[2023-12-15T21:13:36.197+0000] {logging_mixin.py:154} INFO - [2023-12-15T21:13:36.195+0000] {dag.py:2941} INFO - Sync 2 DAGs
[2023-12-15T21:13:36.366+0000] {logging_mixin.py:154} INFO - [2023-12-15T21:13:36.365+0000] {dag.py:3722} INFO - Setting next_dagrun for example_xcom_args to None, run_after=None
[2023-12-15T21:13:36.397+0000] {logging_mixin.py:154} INFO - [2023-12-15T21:13:36.397+0000] {dag.py:3722} INFO - Setting next_dagrun for example_xcom_args_with_operators to None, run_after=None
[2023-12-15T21:13:36.594+0000] {processor.py:179} INFO - Processing /home/airflow/.local/lib/python3.8/site-packages/airflow/example_dags/example_xcomargs.py took 0.936 seconds
[2023-12-15T21:14:07.065+0000] {processor.py:157} INFO - Started process (PID=454) to work on /home/airflow/.local/lib/python3.8/site-packages/airflow/example_dags/example_xcomargs.py
[2023-12-15T21:14:07.069+0000] {processor.py:829} INFO - Processing file /home/airflow/.local/lib/python3.8/site-packages/airflow/example_dags/example_xcomargs.py for tasks to queue
[2023-12-15T21:14:07.074+0000] {logging_mixin.py:154} INFO - [2023-12-15T21:14:07.074+0000] {dagbag.py:536} INFO - Filling up the DagBag from /home/airflow/.local/lib/python3.8/site-packages/airflow/example_dags/example_xcomargs.py
[2023-12-15T21:14:07.095+0000] {processor.py:839} INFO - DAG(s) dict_keys(['example_xcom_args', 'example_xcom_args_with_operators']) retrieved from /home/airflow/.local/lib/python3.8/site-packages/airflow/example_dags/example_xcomargs.py
[2023-12-15T21:14:07.175+0000] {logging_mixin.py:154} INFO - [2023-12-15T21:14:07.174+0000] {dag.py:2941} INFO - Sync 2 DAGs
[2023-12-15T21:14:07.252+0000] {logging_mixin.py:154} INFO - [2023-12-15T21:14:07.252+0000] {dag.py:3722} INFO - Setting next_dagrun for example_xcom_args to None, run_after=None
[2023-12-15T21:14:07.284+0000] {logging_mixin.py:154} INFO - [2023-12-15T21:14:07.284+0000] {dag.py:3722} INFO - Setting next_dagrun for example_xcom_args_with_operators to None, run_after=None
[2023-12-15T21:14:07.345+0000] {processor.py:179} INFO - Processing /home/airflow/.local/lib/python3.8/site-packages/airflow/example_dags/example_xcomargs.py took 0.291 seconds
[2023-12-15T21:14:37.676+0000] {processor.py:157} INFO - Started process (PID=510) to work on /home/airflow/.local/lib/python3.8/site-packages/airflow/example_dags/example_xcomargs.py
[2023-12-15T21:14:37.682+0000] {processor.py:829} INFO - Processing file /home/airflow/.local/lib/python3.8/site-packages/airflow/example_dags/example_xcomargs.py for tasks to queue
[2023-12-15T21:14:37.689+0000] {logging_mixin.py:154} INFO - [2023-12-15T21:14:37.688+0000] {dagbag.py:536} INFO - Filling up the DagBag from /home/airflow/.local/lib/python3.8/site-packages/airflow/example_dags/example_xcomargs.py
[2023-12-15T21:14:37.977+0000] {processor.py:839} INFO - DAG(s) dict_keys(['example_xcom_args', 'example_xcom_args_with_operators']) retrieved from /home/airflow/.local/lib/python3.8/site-packages/airflow/example_dags/example_xcomargs.py
[2023-12-15T21:14:38.434+0000] {logging_mixin.py:154} INFO - [2023-12-15T21:14:38.434+0000] {dag.py:2941} INFO - Sync 2 DAGs
[2023-12-15T21:14:38.529+0000] {logging_mixin.py:154} INFO - [2023-12-15T21:14:38.529+0000] {dag.py:3722} INFO - Setting next_dagrun for example_xcom_args to None, run_after=None
[2023-12-15T21:14:38.540+0000] {logging_mixin.py:154} INFO - [2023-12-15T21:14:38.538+0000] {dag.py:3722} INFO - Setting next_dagrun for example_xcom_args_with_operators to None, run_after=None
[2023-12-15T21:14:38.581+0000] {processor.py:179} INFO - Processing /home/airflow/.local/lib/python3.8/site-packages/airflow/example_dags/example_xcomargs.py took 0.926 seconds
[2023-12-15T21:15:09.648+0000] {processor.py:157} INFO - Started process (PID=567) to work on /home/airflow/.local/lib/python3.8/site-packages/airflow/example_dags/example_xcomargs.py
[2023-12-15T21:15:09.651+0000] {processor.py:829} INFO - Processing file /home/airflow/.local/lib/python3.8/site-packages/airflow/example_dags/example_xcomargs.py for tasks to queue
[2023-12-15T21:15:09.663+0000] {logging_mixin.py:154} INFO - [2023-12-15T21:15:09.662+0000] {dagbag.py:536} INFO - Filling up the DagBag from /home/airflow/.local/lib/python3.8/site-packages/airflow/example_dags/example_xcomargs.py
[2023-12-15T21:15:09.716+0000] {processor.py:839} INFO - DAG(s) dict_keys(['example_xcom_args_with_operators', 'example_xcom_args']) retrieved from /home/airflow/.local/lib/python3.8/site-packages/airflow/example_dags/example_xcomargs.py
[2023-12-15T21:15:09.811+0000] {logging_mixin.py:154} INFO - [2023-12-15T21:15:09.810+0000] {dag.py:2941} INFO - Sync 2 DAGs
[2023-12-15T21:15:09.852+0000] {logging_mixin.py:154} INFO - [2023-12-15T21:15:09.851+0000] {dag.py:3722} INFO - Setting next_dagrun for example_xcom_args to None, run_after=None
[2023-12-15T21:15:09.860+0000] {logging_mixin.py:154} INFO - [2023-12-15T21:15:09.860+0000] {dag.py:3722} INFO - Setting next_dagrun for example_xcom_args_with_operators to None, run_after=None
[2023-12-15T21:15:09.907+0000] {processor.py:179} INFO - Processing /home/airflow/.local/lib/python3.8/site-packages/airflow/example_dags/example_xcomargs.py took 0.269 seconds
[2023-12-15T21:15:46.849+0000] {processor.py:157} INFO - Started process (PID=624) to work on /home/airflow/.local/lib/python3.8/site-packages/airflow/example_dags/example_xcomargs.py
[2023-12-15T21:15:46.886+0000] {processor.py:829} INFO - Processing file /home/airflow/.local/lib/python3.8/site-packages/airflow/example_dags/example_xcomargs.py for tasks to queue
[2023-12-15T21:15:46.894+0000] {logging_mixin.py:154} INFO - [2023-12-15T21:15:46.890+0000] {dagbag.py:536} INFO - Filling up the DagBag from /home/airflow/.local/lib/python3.8/site-packages/airflow/example_dags/example_xcomargs.py
[2023-12-15T21:15:46.933+0000] {processor.py:839} INFO - DAG(s) dict_keys(['example_xcom_args_with_operators', 'example_xcom_args']) retrieved from /home/airflow/.local/lib/python3.8/site-packages/airflow/example_dags/example_xcomargs.py
[2023-12-15T21:15:47.087+0000] {logging_mixin.py:154} INFO - [2023-12-15T21:15:47.087+0000] {dag.py:2941} INFO - Sync 2 DAGs
[2023-12-15T21:15:47.132+0000] {logging_mixin.py:154} INFO - [2023-12-15T21:15:47.132+0000] {dag.py:3722} INFO - Setting next_dagrun for example_xcom_args to None, run_after=None
[2023-12-15T21:15:47.138+0000] {logging_mixin.py:154} INFO - [2023-12-15T21:15:47.138+0000] {dag.py:3722} INFO - Setting next_dagrun for example_xcom_args_with_operators to None, run_after=None
[2023-12-15T21:15:47.171+0000] {processor.py:179} INFO - Processing /home/airflow/.local/lib/python3.8/site-packages/airflow/example_dags/example_xcomargs.py took 0.332 seconds
[2023-12-15T21:16:40.554+0000] {processor.py:157} INFO - Started process (PID=690) to work on /home/airflow/.local/lib/python3.8/site-packages/airflow/example_dags/example_xcomargs.py
[2023-12-15T21:16:40.564+0000] {processor.py:829} INFO - Processing file /home/airflow/.local/lib/python3.8/site-packages/airflow/example_dags/example_xcomargs.py for tasks to queue
[2023-12-15T21:16:40.569+0000] {logging_mixin.py:154} INFO - [2023-12-15T21:16:40.568+0000] {dagbag.py:536} INFO - Filling up the DagBag from /home/airflow/.local/lib/python3.8/site-packages/airflow/example_dags/example_xcomargs.py
[2023-12-15T21:16:40.662+0000] {processor.py:839} INFO - DAG(s) dict_keys(['example_xcom_args_with_operators', 'example_xcom_args']) retrieved from /home/airflow/.local/lib/python3.8/site-packages/airflow/example_dags/example_xcomargs.py
[2023-12-15T21:16:41.717+0000] {logging_mixin.py:154} INFO - [2023-12-15T21:16:41.717+0000] {dag.py:2941} INFO - Sync 2 DAGs
[2023-12-15T21:16:41.993+0000] {logging_mixin.py:154} INFO - [2023-12-15T21:16:41.966+0000] {dag.py:3722} INFO - Setting next_dagrun for example_xcom_args to None, run_after=None
[2023-12-15T21:16:42.026+0000] {logging_mixin.py:154} INFO - [2023-12-15T21:16:42.026+0000] {dag.py:3722} INFO - Setting next_dagrun for example_xcom_args_with_operators to None, run_after=None
[2023-12-15T21:16:42.436+0000] {processor.py:179} INFO - Processing /home/airflow/.local/lib/python3.8/site-packages/airflow/example_dags/example_xcomargs.py took 1.895 seconds
[2023-12-15T21:17:14.709+0000] {processor.py:157} INFO - Started process (PID=747) to work on /home/airflow/.local/lib/python3.8/site-packages/airflow/example_dags/example_xcomargs.py
[2023-12-15T21:17:14.712+0000] {processor.py:829} INFO - Processing file /home/airflow/.local/lib/python3.8/site-packages/airflow/example_dags/example_xcomargs.py for tasks to queue
[2023-12-15T21:17:14.719+0000] {logging_mixin.py:154} INFO - [2023-12-15T21:17:14.718+0000] {dagbag.py:536} INFO - Filling up the DagBag from /home/airflow/.local/lib/python3.8/site-packages/airflow/example_dags/example_xcomargs.py
[2023-12-15T21:17:14.745+0000] {processor.py:839} INFO - DAG(s) dict_keys(['example_xcom_args_with_operators', 'example_xcom_args']) retrieved from /home/airflow/.local/lib/python3.8/site-packages/airflow/example_dags/example_xcomargs.py
[2023-12-15T21:17:14.805+0000] {logging_mixin.py:154} INFO - [2023-12-15T21:17:14.804+0000] {dag.py:2941} INFO - Sync 2 DAGs
[2023-12-15T21:17:14.838+0000] {logging_mixin.py:154} INFO - [2023-12-15T21:17:14.837+0000] {dag.py:3722} INFO - Setting next_dagrun for example_xcom_args to None, run_after=None
[2023-12-15T21:17:14.856+0000] {logging_mixin.py:154} INFO - [2023-12-15T21:17:14.855+0000] {dag.py:3722} INFO - Setting next_dagrun for example_xcom_args_with_operators to None, run_after=None
[2023-12-15T21:17:14.917+0000] {processor.py:179} INFO - Processing /home/airflow/.local/lib/python3.8/site-packages/airflow/example_dags/example_xcomargs.py took 0.219 seconds
[2023-12-15T21:28:39.437+0000] {processor.py:157} INFO - Started process (PID=119) to work on /home/airflow/.local/lib/python3.8/site-packages/airflow/example_dags/example_xcomargs.py
[2023-12-15T21:28:39.652+0000] {processor.py:829} INFO - Processing file /home/airflow/.local/lib/python3.8/site-packages/airflow/example_dags/example_xcomargs.py for tasks to queue
[2023-12-15T21:28:39.760+0000] {logging_mixin.py:154} INFO - [2023-12-15T21:28:39.747+0000] {dagbag.py:536} INFO - Filling up the DagBag from /home/airflow/.local/lib/python3.8/site-packages/airflow/example_dags/example_xcomargs.py
[2023-12-15T21:28:43.846+0000] {processor.py:839} INFO - DAG(s) dict_keys(['example_xcom_args', 'example_xcom_args_with_operators']) retrieved from /home/airflow/.local/lib/python3.8/site-packages/airflow/example_dags/example_xcomargs.py
[2023-12-15T21:28:47.037+0000] {logging_mixin.py:154} INFO - [2023-12-15T21:28:47.036+0000] {dag.py:2941} INFO - Sync 2 DAGs
[2023-12-15T21:28:47.467+0000] {logging_mixin.py:154} INFO - [2023-12-15T21:28:47.466+0000] {dag.py:3722} INFO - Setting next_dagrun for example_xcom_args to None, run_after=None
[2023-12-15T21:28:47.529+0000] {logging_mixin.py:154} INFO - [2023-12-15T21:28:47.529+0000] {dag.py:3722} INFO - Setting next_dagrun for example_xcom_args_with_operators to None, run_after=None
[2023-12-15T21:28:48.709+0000] {processor.py:179} INFO - Processing /home/airflow/.local/lib/python3.8/site-packages/airflow/example_dags/example_xcomargs.py took 9.371 seconds
[2023-12-15T21:29:40.850+0000] {processor.py:157} INFO - Started process (PID=182) to work on /home/airflow/.local/lib/python3.8/site-packages/airflow/example_dags/example_xcomargs.py
[2023-12-15T21:29:40.885+0000] {processor.py:829} INFO - Processing file /home/airflow/.local/lib/python3.8/site-packages/airflow/example_dags/example_xcomargs.py for tasks to queue
[2023-12-15T21:29:40.930+0000] {logging_mixin.py:154} INFO - [2023-12-15T21:29:40.929+0000] {dagbag.py:536} INFO - Filling up the DagBag from /home/airflow/.local/lib/python3.8/site-packages/airflow/example_dags/example_xcomargs.py
[2023-12-15T21:29:41.305+0000] {processor.py:839} INFO - DAG(s) dict_keys(['example_xcom_args', 'example_xcom_args_with_operators']) retrieved from /home/airflow/.local/lib/python3.8/site-packages/airflow/example_dags/example_xcomargs.py
[2023-12-15T21:29:41.660+0000] {logging_mixin.py:154} INFO - [2023-12-15T21:29:41.660+0000] {dag.py:2941} INFO - Sync 2 DAGs
[2023-12-15T21:29:41.816+0000] {logging_mixin.py:154} INFO - [2023-12-15T21:29:41.816+0000] {dag.py:3722} INFO - Setting next_dagrun for example_xcom_args to None, run_after=None
[2023-12-15T21:29:41.851+0000] {logging_mixin.py:154} INFO - [2023-12-15T21:29:41.850+0000] {dag.py:3722} INFO - Setting next_dagrun for example_xcom_args_with_operators to None, run_after=None
[2023-12-15T21:29:42.058+0000] {processor.py:179} INFO - Processing /home/airflow/.local/lib/python3.8/site-packages/airflow/example_dags/example_xcomargs.py took 1.330 seconds
[2023-12-15T21:35:52.136+0000] {processor.py:157} INFO - Started process (PID=99) to work on /home/airflow/.local/lib/python3.8/site-packages/airflow/example_dags/example_xcomargs.py
[2023-12-15T21:35:52.143+0000] {processor.py:829} INFO - Processing file /home/airflow/.local/lib/python3.8/site-packages/airflow/example_dags/example_xcomargs.py for tasks to queue
[2023-12-15T21:35:52.192+0000] {logging_mixin.py:154} INFO - [2023-12-15T21:35:52.180+0000] {dagbag.py:536} INFO - Filling up the DagBag from /home/airflow/.local/lib/python3.8/site-packages/airflow/example_dags/example_xcomargs.py
[2023-12-15T21:35:52.348+0000] {processor.py:839} INFO - DAG(s) dict_keys(['example_xcom_args_with_operators', 'example_xcom_args']) retrieved from /home/airflow/.local/lib/python3.8/site-packages/airflow/example_dags/example_xcomargs.py
[2023-12-15T21:35:52.977+0000] {logging_mixin.py:154} INFO - [2023-12-15T21:35:52.976+0000] {dag.py:2941} INFO - Sync 2 DAGs
[2023-12-15T21:35:53.091+0000] {logging_mixin.py:154} INFO - [2023-12-15T21:35:53.090+0000] {dag.py:3722} INFO - Setting next_dagrun for example_xcom_args to None, run_after=None
[2023-12-15T21:35:53.153+0000] {logging_mixin.py:154} INFO - [2023-12-15T21:35:53.152+0000] {dag.py:3722} INFO - Setting next_dagrun for example_xcom_args_with_operators to None, run_after=None
[2023-12-15T21:35:53.351+0000] {processor.py:179} INFO - Processing /home/airflow/.local/lib/python3.8/site-packages/airflow/example_dags/example_xcomargs.py took 1.247 seconds
[2023-12-15T21:36:38.804+0000] {processor.py:157} INFO - Started process (PID=167) to work on /home/airflow/.local/lib/python3.8/site-packages/airflow/example_dags/example_xcomargs.py
[2023-12-15T21:36:38.806+0000] {processor.py:829} INFO - Processing file /home/airflow/.local/lib/python3.8/site-packages/airflow/example_dags/example_xcomargs.py for tasks to queue
[2023-12-15T21:36:38.813+0000] {logging_mixin.py:154} INFO - [2023-12-15T21:36:38.812+0000] {dagbag.py:536} INFO - Filling up the DagBag from /home/airflow/.local/lib/python3.8/site-packages/airflow/example_dags/example_xcomargs.py
[2023-12-15T21:36:38.841+0000] {processor.py:839} INFO - DAG(s) dict_keys(['example_xcom_args', 'example_xcom_args_with_operators']) retrieved from /home/airflow/.local/lib/python3.8/site-packages/airflow/example_dags/example_xcomargs.py
[2023-12-15T21:36:38.970+0000] {logging_mixin.py:154} INFO - [2023-12-15T21:36:38.969+0000] {dag.py:2941} INFO - Sync 2 DAGs
[2023-12-15T21:36:39.085+0000] {logging_mixin.py:154} INFO - [2023-12-15T21:36:39.085+0000] {dag.py:3722} INFO - Setting next_dagrun for example_xcom_args to None, run_after=None
[2023-12-15T21:36:39.130+0000] {logging_mixin.py:154} INFO - [2023-12-15T21:36:39.129+0000] {dag.py:3722} INFO - Setting next_dagrun for example_xcom_args_with_operators to None, run_after=None
[2023-12-15T21:36:39.288+0000] {processor.py:179} INFO - Processing /home/airflow/.local/lib/python3.8/site-packages/airflow/example_dags/example_xcomargs.py took 0.493 seconds
[2023-12-15T21:37:09.496+0000] {processor.py:157} INFO - Started process (PID=223) to work on /home/airflow/.local/lib/python3.8/site-packages/airflow/example_dags/example_xcomargs.py
[2023-12-15T21:37:09.498+0000] {processor.py:829} INFO - Processing file /home/airflow/.local/lib/python3.8/site-packages/airflow/example_dags/example_xcomargs.py for tasks to queue
[2023-12-15T21:37:09.506+0000] {logging_mixin.py:154} INFO - [2023-12-15T21:37:09.505+0000] {dagbag.py:536} INFO - Filling up the DagBag from /home/airflow/.local/lib/python3.8/site-packages/airflow/example_dags/example_xcomargs.py
[2023-12-15T21:37:09.530+0000] {processor.py:839} INFO - DAG(s) dict_keys(['example_xcom_args_with_operators', 'example_xcom_args']) retrieved from /home/airflow/.local/lib/python3.8/site-packages/airflow/example_dags/example_xcomargs.py
[2023-12-15T21:37:09.596+0000] {logging_mixin.py:154} INFO - [2023-12-15T21:37:09.596+0000] {dag.py:2941} INFO - Sync 2 DAGs
[2023-12-15T21:37:09.625+0000] {logging_mixin.py:154} INFO - [2023-12-15T21:37:09.625+0000] {dag.py:3722} INFO - Setting next_dagrun for example_xcom_args to None, run_after=None
[2023-12-15T21:37:09.634+0000] {logging_mixin.py:154} INFO - [2023-12-15T21:37:09.634+0000] {dag.py:3722} INFO - Setting next_dagrun for example_xcom_args_with_operators to None, run_after=None
[2023-12-15T21:37:09.692+0000] {processor.py:179} INFO - Processing /home/airflow/.local/lib/python3.8/site-packages/airflow/example_dags/example_xcomargs.py took 0.205 seconds
[2023-12-15T21:37:40.524+0000] {processor.py:157} INFO - Started process (PID=278) to work on /home/airflow/.local/lib/python3.8/site-packages/airflow/example_dags/example_xcomargs.py
[2023-12-15T21:37:40.528+0000] {processor.py:829} INFO - Processing file /home/airflow/.local/lib/python3.8/site-packages/airflow/example_dags/example_xcomargs.py for tasks to queue
[2023-12-15T21:37:40.539+0000] {logging_mixin.py:154} INFO - [2023-12-15T21:37:40.538+0000] {dagbag.py:536} INFO - Filling up the DagBag from /home/airflow/.local/lib/python3.8/site-packages/airflow/example_dags/example_xcomargs.py
[2023-12-15T21:37:40.572+0000] {processor.py:839} INFO - DAG(s) dict_keys(['example_xcom_args_with_operators', 'example_xcom_args']) retrieved from /home/airflow/.local/lib/python3.8/site-packages/airflow/example_dags/example_xcomargs.py
[2023-12-15T21:37:40.636+0000] {logging_mixin.py:154} INFO - [2023-12-15T21:37:40.636+0000] {dag.py:2941} INFO - Sync 2 DAGs
[2023-12-15T21:37:40.682+0000] {logging_mixin.py:154} INFO - [2023-12-15T21:37:40.682+0000] {dag.py:3722} INFO - Setting next_dagrun for example_xcom_args to None, run_after=None
[2023-12-15T21:37:40.695+0000] {logging_mixin.py:154} INFO - [2023-12-15T21:37:40.694+0000] {dag.py:3722} INFO - Setting next_dagrun for example_xcom_args_with_operators to None, run_after=None
[2023-12-15T21:37:40.742+0000] {processor.py:179} INFO - Processing /home/airflow/.local/lib/python3.8/site-packages/airflow/example_dags/example_xcomargs.py took 0.232 seconds
[2023-12-15T21:38:30.281+0000] {processor.py:157} INFO - Started process (PID=335) to work on /home/airflow/.local/lib/python3.8/site-packages/airflow/example_dags/example_xcomargs.py
[2023-12-15T21:38:30.297+0000] {processor.py:829} INFO - Processing file /home/airflow/.local/lib/python3.8/site-packages/airflow/example_dags/example_xcomargs.py for tasks to queue
[2023-12-15T21:38:30.318+0000] {logging_mixin.py:154} INFO - [2023-12-15T21:38:30.317+0000] {dagbag.py:536} INFO - Filling up the DagBag from /home/airflow/.local/lib/python3.8/site-packages/airflow/example_dags/example_xcomargs.py
[2023-12-15T21:38:30.434+0000] {processor.py:839} INFO - DAG(s) dict_keys(['example_xcom_args_with_operators', 'example_xcom_args']) retrieved from /home/airflow/.local/lib/python3.8/site-packages/airflow/example_dags/example_xcomargs.py
[2023-12-15T21:38:30.655+0000] {logging_mixin.py:154} INFO - [2023-12-15T21:38:30.654+0000] {dag.py:2941} INFO - Sync 2 DAGs
[2023-12-15T21:38:30.764+0000] {logging_mixin.py:154} INFO - [2023-12-15T21:38:30.763+0000] {dag.py:3722} INFO - Setting next_dagrun for example_xcom_args to None, run_after=None
[2023-12-15T21:38:30.803+0000] {logging_mixin.py:154} INFO - [2023-12-15T21:38:30.803+0000] {dag.py:3722} INFO - Setting next_dagrun for example_xcom_args_with_operators to None, run_after=None
[2023-12-15T21:38:30.957+0000] {processor.py:179} INFO - Processing /home/airflow/.local/lib/python3.8/site-packages/airflow/example_dags/example_xcomargs.py took 0.727 seconds
[2023-12-15T21:39:35.397+0000] {processor.py:157} INFO - Started process (PID=409) to work on /home/airflow/.local/lib/python3.8/site-packages/airflow/example_dags/example_xcomargs.py
[2023-12-15T21:39:35.400+0000] {processor.py:829} INFO - Processing file /home/airflow/.local/lib/python3.8/site-packages/airflow/example_dags/example_xcomargs.py for tasks to queue
[2023-12-15T21:39:35.406+0000] {logging_mixin.py:154} INFO - [2023-12-15T21:39:35.406+0000] {dagbag.py:536} INFO - Filling up the DagBag from /home/airflow/.local/lib/python3.8/site-packages/airflow/example_dags/example_xcomargs.py
[2023-12-15T21:39:35.443+0000] {processor.py:839} INFO - DAG(s) dict_keys(['example_xcom_args', 'example_xcom_args_with_operators']) retrieved from /home/airflow/.local/lib/python3.8/site-packages/airflow/example_dags/example_xcomargs.py
[2023-12-15T21:39:35.523+0000] {logging_mixin.py:154} INFO - [2023-12-15T21:39:35.522+0000] {dag.py:2941} INFO - Sync 2 DAGs
[2023-12-15T21:39:35.576+0000] {logging_mixin.py:154} INFO - [2023-12-15T21:39:35.576+0000] {dag.py:3722} INFO - Setting next_dagrun for example_xcom_args to None, run_after=None
[2023-12-15T21:39:35.587+0000] {logging_mixin.py:154} INFO - [2023-12-15T21:39:35.586+0000] {dag.py:3722} INFO - Setting next_dagrun for example_xcom_args_with_operators to None, run_after=None
[2023-12-15T21:39:35.660+0000] {processor.py:179} INFO - Processing /home/airflow/.local/lib/python3.8/site-packages/airflow/example_dags/example_xcomargs.py took 0.275 seconds
[2023-12-15T21:40:09.982+0000] {processor.py:157} INFO - Started process (PID=468) to work on /home/airflow/.local/lib/python3.8/site-packages/airflow/example_dags/example_xcomargs.py
[2023-12-15T21:40:09.986+0000] {processor.py:829} INFO - Processing file /home/airflow/.local/lib/python3.8/site-packages/airflow/example_dags/example_xcomargs.py for tasks to queue
[2023-12-15T21:40:09.992+0000] {logging_mixin.py:154} INFO - [2023-12-15T21:40:09.991+0000] {dagbag.py:536} INFO - Filling up the DagBag from /home/airflow/.local/lib/python3.8/site-packages/airflow/example_dags/example_xcomargs.py
[2023-12-15T21:40:10.050+0000] {processor.py:839} INFO - DAG(s) dict_keys(['example_xcom_args_with_operators', 'example_xcom_args']) retrieved from /home/airflow/.local/lib/python3.8/site-packages/airflow/example_dags/example_xcomargs.py
[2023-12-15T21:40:10.137+0000] {logging_mixin.py:154} INFO - [2023-12-15T21:40:10.136+0000] {dag.py:2941} INFO - Sync 2 DAGs
[2023-12-15T21:40:10.190+0000] {logging_mixin.py:154} INFO - [2023-12-15T21:40:10.189+0000] {dag.py:3722} INFO - Setting next_dagrun for example_xcom_args to None, run_after=None
[2023-12-15T21:40:10.206+0000] {logging_mixin.py:154} INFO - [2023-12-15T21:40:10.206+0000] {dag.py:3722} INFO - Setting next_dagrun for example_xcom_args_with_operators to None, run_after=None
[2023-12-15T21:40:10.263+0000] {processor.py:179} INFO - Processing /home/airflow/.local/lib/python3.8/site-packages/airflow/example_dags/example_xcomargs.py took 0.301 seconds
[2023-12-15T21:46:36.361+0000] {processor.py:157} INFO - Started process (PID=114) to work on /home/airflow/.local/lib/python3.8/site-packages/airflow/example_dags/example_xcomargs.py
[2023-12-15T21:46:36.368+0000] {processor.py:829} INFO - Processing file /home/airflow/.local/lib/python3.8/site-packages/airflow/example_dags/example_xcomargs.py for tasks to queue
[2023-12-15T21:46:36.386+0000] {logging_mixin.py:154} INFO - [2023-12-15T21:46:36.386+0000] {dagbag.py:536} INFO - Filling up the DagBag from /home/airflow/.local/lib/python3.8/site-packages/airflow/example_dags/example_xcomargs.py
[2023-12-15T21:46:36.867+0000] {processor.py:839} INFO - DAG(s) dict_keys(['example_xcom_args', 'example_xcom_args_with_operators']) retrieved from /home/airflow/.local/lib/python3.8/site-packages/airflow/example_dags/example_xcomargs.py
[2023-12-15T21:46:37.457+0000] {logging_mixin.py:154} INFO - [2023-12-15T21:46:37.456+0000] {dag.py:2941} INFO - Sync 2 DAGs
[2023-12-15T21:46:37.776+0000] {logging_mixin.py:154} INFO - [2023-12-15T21:46:37.776+0000] {dag.py:3722} INFO - Setting next_dagrun for example_xcom_args to None, run_after=None
[2023-12-15T21:46:37.834+0000] {logging_mixin.py:154} INFO - [2023-12-15T21:46:37.834+0000] {dag.py:3722} INFO - Setting next_dagrun for example_xcom_args_with_operators to None, run_after=None
[2023-12-15T21:46:38.320+0000] {processor.py:179} INFO - Processing /home/airflow/.local/lib/python3.8/site-packages/airflow/example_dags/example_xcomargs.py took 2.082 seconds
