[2023-12-15T20:50:20.738+0000] {processor.py:157} INFO - Started process (PID=67) to work on /home/airflow/.local/lib/python3.8/site-packages/airflow/example_dags/example_branch_labels.py
[2023-12-15T20:50:20.746+0000] {processor.py:829} INFO - Processing file /home/airflow/.local/lib/python3.8/site-packages/airflow/example_dags/example_branch_labels.py for tasks to queue
[2023-12-15T20:50:20.777+0000] {logging_mixin.py:154} INFO - [2023-12-15T20:50:20.774+0000] {dagbag.py:536} INFO - Filling up the DagBag from /home/airflow/.local/lib/python3.8/site-packages/airflow/example_dags/example_branch_labels.py
[2023-12-15T20:50:20.854+0000] {processor.py:839} INFO - DAG(s) dict_keys(['example_branch_labels']) retrieved from /home/airflow/.local/lib/python3.8/site-packages/airflow/example_dags/example_branch_labels.py
[2023-12-15T20:50:21.697+0000] {logging_mixin.py:154} INFO - [2023-12-15T20:50:21.697+0000] {manager.py:499} INFO - Created Permission View: %s
[2023-12-15T20:50:21.735+0000] {logging_mixin.py:154} INFO - [2023-12-15T20:50:21.735+0000] {manager.py:499} INFO - Created Permission View: %s
[2023-12-15T20:50:21.773+0000] {logging_mixin.py:154} INFO - [2023-12-15T20:50:21.773+0000] {manager.py:499} INFO - Created Permission View: %s
[2023-12-15T20:50:21.773+0000] {logging_mixin.py:154} INFO - [2023-12-15T20:50:21.773+0000] {dag.py:2941} INFO - Sync 1 DAGs
[2023-12-15T20:50:21.895+0000] {logging_mixin.py:154} INFO - [2023-12-15T20:50:21.895+0000] {dag.py:2963} INFO - Creating ORM DAG for example_branch_labels
[2023-12-15T20:50:21.965+0000] {logging_mixin.py:154} INFO - [2023-12-15T20:50:21.964+0000] {dag.py:3722} INFO - Setting next_dagrun for example_branch_labels to 2023-12-14T00:00:00+00:00, run_after=2023-12-15T00:00:00+00:00
[2023-12-15T20:50:22.019+0000] {processor.py:179} INFO - Processing /home/airflow/.local/lib/python3.8/site-packages/airflow/example_dags/example_branch_labels.py took 1.291 seconds
[2023-12-15T21:11:02.745+0000] {processor.py:157} INFO - Started process (PID=143) to work on /home/airflow/.local/lib/python3.8/site-packages/airflow/example_dags/example_branch_labels.py
[2023-12-15T21:11:02.748+0000] {processor.py:829} INFO - Processing file /home/airflow/.local/lib/python3.8/site-packages/airflow/example_dags/example_branch_labels.py for tasks to queue
[2023-12-15T21:11:02.756+0000] {logging_mixin.py:154} INFO - [2023-12-15T21:11:02.755+0000] {dagbag.py:536} INFO - Filling up the DagBag from /home/airflow/.local/lib/python3.8/site-packages/airflow/example_dags/example_branch_labels.py
[2023-12-15T21:11:02.782+0000] {processor.py:839} INFO - DAG(s) dict_keys(['example_branch_labels']) retrieved from /home/airflow/.local/lib/python3.8/site-packages/airflow/example_dags/example_branch_labels.py
[2023-12-15T21:11:02.924+0000] {logging_mixin.py:154} INFO - [2023-12-15T21:11:02.923+0000] {dag.py:2941} INFO - Sync 1 DAGs
[2023-12-15T21:11:03.177+0000] {logging_mixin.py:154} INFO - [2023-12-15T21:11:03.176+0000] {dag.py:3722} INFO - Setting next_dagrun for example_branch_labels to 2023-12-14T00:00:00+00:00, run_after=2023-12-15T00:00:00+00:00
[2023-12-15T21:11:03.441+0000] {processor.py:179} INFO - Processing /home/airflow/.local/lib/python3.8/site-packages/airflow/example_dags/example_branch_labels.py took 0.705 seconds
[2023-12-15T21:11:37.463+0000] {processor.py:157} INFO - Started process (PID=199) to work on /home/airflow/.local/lib/python3.8/site-packages/airflow/example_dags/example_branch_labels.py
[2023-12-15T21:11:37.471+0000] {processor.py:829} INFO - Processing file /home/airflow/.local/lib/python3.8/site-packages/airflow/example_dags/example_branch_labels.py for tasks to queue
[2023-12-15T21:11:37.484+0000] {logging_mixin.py:154} INFO - [2023-12-15T21:11:37.483+0000] {dagbag.py:536} INFO - Filling up the DagBag from /home/airflow/.local/lib/python3.8/site-packages/airflow/example_dags/example_branch_labels.py
[2023-12-15T21:11:37.584+0000] {processor.py:839} INFO - DAG(s) dict_keys(['example_branch_labels']) retrieved from /home/airflow/.local/lib/python3.8/site-packages/airflow/example_dags/example_branch_labels.py
[2023-12-15T21:11:37.707+0000] {logging_mixin.py:154} INFO - [2023-12-15T21:11:37.707+0000] {dag.py:2941} INFO - Sync 1 DAGs
[2023-12-15T21:11:37.799+0000] {logging_mixin.py:154} INFO - [2023-12-15T21:11:37.799+0000] {dag.py:3722} INFO - Setting next_dagrun for example_branch_labels to 2023-12-14T00:00:00+00:00, run_after=2023-12-15T00:00:00+00:00
[2023-12-15T21:11:37.837+0000] {processor.py:179} INFO - Processing /home/airflow/.local/lib/python3.8/site-packages/airflow/example_dags/example_branch_labels.py took 0.401 seconds
[2023-12-15T21:12:19.326+0000] {processor.py:157} INFO - Started process (PID=266) to work on /home/airflow/.local/lib/python3.8/site-packages/airflow/example_dags/example_branch_labels.py
[2023-12-15T21:12:19.329+0000] {processor.py:829} INFO - Processing file /home/airflow/.local/lib/python3.8/site-packages/airflow/example_dags/example_branch_labels.py for tasks to queue
[2023-12-15T21:12:19.388+0000] {logging_mixin.py:154} INFO - [2023-12-15T21:12:19.388+0000] {dagbag.py:536} INFO - Filling up the DagBag from /home/airflow/.local/lib/python3.8/site-packages/airflow/example_dags/example_branch_labels.py
[2023-12-15T21:12:19.534+0000] {processor.py:839} INFO - DAG(s) dict_keys(['example_branch_labels']) retrieved from /home/airflow/.local/lib/python3.8/site-packages/airflow/example_dags/example_branch_labels.py
[2023-12-15T21:12:19.760+0000] {logging_mixin.py:154} INFO - [2023-12-15T21:12:19.759+0000] {dag.py:2941} INFO - Sync 1 DAGs
[2023-12-15T21:12:20.120+0000] {logging_mixin.py:154} INFO - [2023-12-15T21:12:20.119+0000] {dag.py:3722} INFO - Setting next_dagrun for example_branch_labels to 2023-12-14T00:00:00+00:00, run_after=2023-12-15T00:00:00+00:00
[2023-12-15T21:12:20.262+0000] {processor.py:179} INFO - Processing /home/airflow/.local/lib/python3.8/site-packages/airflow/example_dags/example_branch_labels.py took 0.969 seconds
[2023-12-15T21:12:50.525+0000] {processor.py:157} INFO - Started process (PID=321) to work on /home/airflow/.local/lib/python3.8/site-packages/airflow/example_dags/example_branch_labels.py
[2023-12-15T21:12:50.546+0000] {processor.py:829} INFO - Processing file /home/airflow/.local/lib/python3.8/site-packages/airflow/example_dags/example_branch_labels.py for tasks to queue
[2023-12-15T21:12:50.583+0000] {logging_mixin.py:154} INFO - [2023-12-15T21:12:50.566+0000] {dagbag.py:536} INFO - Filling up the DagBag from /home/airflow/.local/lib/python3.8/site-packages/airflow/example_dags/example_branch_labels.py
[2023-12-15T21:12:50.675+0000] {processor.py:839} INFO - DAG(s) dict_keys(['example_branch_labels']) retrieved from /home/airflow/.local/lib/python3.8/site-packages/airflow/example_dags/example_branch_labels.py
[2023-12-15T21:12:50.909+0000] {logging_mixin.py:154} INFO - [2023-12-15T21:12:50.909+0000] {dag.py:2941} INFO - Sync 1 DAGs
[2023-12-15T21:12:51.347+0000] {logging_mixin.py:154} INFO - [2023-12-15T21:12:51.338+0000] {dag.py:3722} INFO - Setting next_dagrun for example_branch_labels to 2023-12-14T00:00:00+00:00, run_after=2023-12-15T00:00:00+00:00
[2023-12-15T21:12:51.532+0000] {processor.py:179} INFO - Processing /home/airflow/.local/lib/python3.8/site-packages/airflow/example_dags/example_branch_labels.py took 1.029 seconds
[2023-12-15T21:13:21.878+0000] {processor.py:157} INFO - Started process (PID=377) to work on /home/airflow/.local/lib/python3.8/site-packages/airflow/example_dags/example_branch_labels.py
[2023-12-15T21:13:21.881+0000] {processor.py:829} INFO - Processing file /home/airflow/.local/lib/python3.8/site-packages/airflow/example_dags/example_branch_labels.py for tasks to queue
[2023-12-15T21:13:21.910+0000] {logging_mixin.py:154} INFO - [2023-12-15T21:13:21.909+0000] {dagbag.py:536} INFO - Filling up the DagBag from /home/airflow/.local/lib/python3.8/site-packages/airflow/example_dags/example_branch_labels.py
[2023-12-15T21:13:21.984+0000] {processor.py:839} INFO - DAG(s) dict_keys(['example_branch_labels']) retrieved from /home/airflow/.local/lib/python3.8/site-packages/airflow/example_dags/example_branch_labels.py
[2023-12-15T21:13:22.068+0000] {logging_mixin.py:154} INFO - [2023-12-15T21:13:22.068+0000] {dag.py:2941} INFO - Sync 1 DAGs
[2023-12-15T21:13:22.142+0000] {logging_mixin.py:154} INFO - [2023-12-15T21:13:22.142+0000] {dag.py:3722} INFO - Setting next_dagrun for example_branch_labels to 2023-12-14T00:00:00+00:00, run_after=2023-12-15T00:00:00+00:00
[2023-12-15T21:13:22.272+0000] {processor.py:179} INFO - Processing /home/airflow/.local/lib/python3.8/site-packages/airflow/example_dags/example_branch_labels.py took 0.411 seconds
[2023-12-15T21:13:52.662+0000] {processor.py:157} INFO - Started process (PID=433) to work on /home/airflow/.local/lib/python3.8/site-packages/airflow/example_dags/example_branch_labels.py
[2023-12-15T21:13:52.664+0000] {processor.py:829} INFO - Processing file /home/airflow/.local/lib/python3.8/site-packages/airflow/example_dags/example_branch_labels.py for tasks to queue
[2023-12-15T21:13:52.671+0000] {logging_mixin.py:154} INFO - [2023-12-15T21:13:52.670+0000] {dagbag.py:536} INFO - Filling up the DagBag from /home/airflow/.local/lib/python3.8/site-packages/airflow/example_dags/example_branch_labels.py
[2023-12-15T21:13:52.699+0000] {processor.py:839} INFO - DAG(s) dict_keys(['example_branch_labels']) retrieved from /home/airflow/.local/lib/python3.8/site-packages/airflow/example_dags/example_branch_labels.py
[2023-12-15T21:13:52.821+0000] {logging_mixin.py:154} INFO - [2023-12-15T21:13:52.819+0000] {dag.py:2941} INFO - Sync 1 DAGs
[2023-12-15T21:13:52.918+0000] {logging_mixin.py:154} INFO - [2023-12-15T21:13:52.918+0000] {dag.py:3722} INFO - Setting next_dagrun for example_branch_labels to 2023-12-14T00:00:00+00:00, run_after=2023-12-15T00:00:00+00:00
[2023-12-15T21:13:52.986+0000] {processor.py:179} INFO - Processing /home/airflow/.local/lib/python3.8/site-packages/airflow/example_dags/example_branch_labels.py took 0.336 seconds
[2023-12-15T21:14:27.428+0000] {processor.py:157} INFO - Started process (PID=490) to work on /home/airflow/.local/lib/python3.8/site-packages/airflow/example_dags/example_branch_labels.py
[2023-12-15T21:14:27.433+0000] {processor.py:829} INFO - Processing file /home/airflow/.local/lib/python3.8/site-packages/airflow/example_dags/example_branch_labels.py for tasks to queue
[2023-12-15T21:14:27.443+0000] {logging_mixin.py:154} INFO - [2023-12-15T21:14:27.442+0000] {dagbag.py:536} INFO - Filling up the DagBag from /home/airflow/.local/lib/python3.8/site-packages/airflow/example_dags/example_branch_labels.py
[2023-12-15T21:14:27.489+0000] {processor.py:839} INFO - DAG(s) dict_keys(['example_branch_labels']) retrieved from /home/airflow/.local/lib/python3.8/site-packages/airflow/example_dags/example_branch_labels.py
[2023-12-15T21:14:27.617+0000] {logging_mixin.py:154} INFO - [2023-12-15T21:14:27.615+0000] {dag.py:2941} INFO - Sync 1 DAGs
[2023-12-15T21:14:27.790+0000] {logging_mixin.py:154} INFO - [2023-12-15T21:14:27.789+0000] {dag.py:3722} INFO - Setting next_dagrun for example_branch_labels to 2023-12-14T00:00:00+00:00, run_after=2023-12-15T00:00:00+00:00
[2023-12-15T21:14:27.974+0000] {processor.py:179} INFO - Processing /home/airflow/.local/lib/python3.8/site-packages/airflow/example_dags/example_branch_labels.py took 0.575 seconds
[2023-12-15T21:15:01.953+0000] {processor.py:157} INFO - Started process (PID=547) to work on /home/airflow/.local/lib/python3.8/site-packages/airflow/example_dags/example_branch_labels.py
[2023-12-15T21:15:01.958+0000] {processor.py:829} INFO - Processing file /home/airflow/.local/lib/python3.8/site-packages/airflow/example_dags/example_branch_labels.py for tasks to queue
[2023-12-15T21:15:01.967+0000] {logging_mixin.py:154} INFO - [2023-12-15T21:15:01.966+0000] {dagbag.py:536} INFO - Filling up the DagBag from /home/airflow/.local/lib/python3.8/site-packages/airflow/example_dags/example_branch_labels.py
[2023-12-15T21:15:01.988+0000] {processor.py:839} INFO - DAG(s) dict_keys(['example_branch_labels']) retrieved from /home/airflow/.local/lib/python3.8/site-packages/airflow/example_dags/example_branch_labels.py
[2023-12-15T21:15:02.063+0000] {logging_mixin.py:154} INFO - [2023-12-15T21:15:02.063+0000] {dag.py:2941} INFO - Sync 1 DAGs
[2023-12-15T21:15:02.252+0000] {logging_mixin.py:154} INFO - [2023-12-15T21:15:02.252+0000] {dag.py:3722} INFO - Setting next_dagrun for example_branch_labels to 2023-12-14T00:00:00+00:00, run_after=2023-12-15T00:00:00+00:00
[2023-12-15T21:15:02.295+0000] {processor.py:179} INFO - Processing /home/airflow/.local/lib/python3.8/site-packages/airflow/example_dags/example_branch_labels.py took 0.377 seconds
[2023-12-15T21:15:37.739+0000] {processor.py:157} INFO - Started process (PID=604) to work on /home/airflow/.local/lib/python3.8/site-packages/airflow/example_dags/example_branch_labels.py
[2023-12-15T21:15:37.744+0000] {processor.py:829} INFO - Processing file /home/airflow/.local/lib/python3.8/site-packages/airflow/example_dags/example_branch_labels.py for tasks to queue
[2023-12-15T21:15:37.760+0000] {logging_mixin.py:154} INFO - [2023-12-15T21:15:37.759+0000] {dagbag.py:536} INFO - Filling up the DagBag from /home/airflow/.local/lib/python3.8/site-packages/airflow/example_dags/example_branch_labels.py
[2023-12-15T21:15:37.825+0000] {processor.py:839} INFO - DAG(s) dict_keys(['example_branch_labels']) retrieved from /home/airflow/.local/lib/python3.8/site-packages/airflow/example_dags/example_branch_labels.py
[2023-12-15T21:15:38.227+0000] {logging_mixin.py:154} INFO - [2023-12-15T21:15:38.201+0000] {dag.py:2941} INFO - Sync 1 DAGs
[2023-12-15T21:15:38.489+0000] {logging_mixin.py:154} INFO - [2023-12-15T21:15:38.488+0000] {dag.py:3722} INFO - Setting next_dagrun for example_branch_labels to 2023-12-14T00:00:00+00:00, run_after=2023-12-15T00:00:00+00:00
[2023-12-15T21:15:38.655+0000] {processor.py:179} INFO - Processing /home/airflow/.local/lib/python3.8/site-packages/airflow/example_dags/example_branch_labels.py took 0.982 seconds
[2023-12-15T21:16:09.207+0000] {processor.py:157} INFO - Started process (PID=660) to work on /home/airflow/.local/lib/python3.8/site-packages/airflow/example_dags/example_branch_labels.py
[2023-12-15T21:16:09.209+0000] {processor.py:829} INFO - Processing file /home/airflow/.local/lib/python3.8/site-packages/airflow/example_dags/example_branch_labels.py for tasks to queue
[2023-12-15T21:16:09.226+0000] {logging_mixin.py:154} INFO - [2023-12-15T21:16:09.225+0000] {dagbag.py:536} INFO - Filling up the DagBag from /home/airflow/.local/lib/python3.8/site-packages/airflow/example_dags/example_branch_labels.py
[2023-12-15T21:16:09.279+0000] {processor.py:839} INFO - DAG(s) dict_keys(['example_branch_labels']) retrieved from /home/airflow/.local/lib/python3.8/site-packages/airflow/example_dags/example_branch_labels.py
[2023-12-15T21:16:09.396+0000] {logging_mixin.py:154} INFO - [2023-12-15T21:16:09.396+0000] {dag.py:2941} INFO - Sync 1 DAGs
[2023-12-15T21:16:09.573+0000] {logging_mixin.py:154} INFO - [2023-12-15T21:16:09.573+0000] {dag.py:3722} INFO - Setting next_dagrun for example_branch_labels to 2023-12-14T00:00:00+00:00, run_after=2023-12-15T00:00:00+00:00
[2023-12-15T21:16:09.675+0000] {processor.py:179} INFO - Processing /home/airflow/.local/lib/python3.8/site-packages/airflow/example_dags/example_branch_labels.py took 0.502 seconds
[2023-12-15T21:17:04.601+0000] {processor.py:157} INFO - Started process (PID=718) to work on /home/airflow/.local/lib/python3.8/site-packages/airflow/example_dags/example_branch_labels.py
[2023-12-15T21:17:04.622+0000] {processor.py:829} INFO - Processing file /home/airflow/.local/lib/python3.8/site-packages/airflow/example_dags/example_branch_labels.py for tasks to queue
[2023-12-15T21:17:04.638+0000] {logging_mixin.py:154} INFO - [2023-12-15T21:17:04.630+0000] {dagbag.py:536} INFO - Filling up the DagBag from /home/airflow/.local/lib/python3.8/site-packages/airflow/example_dags/example_branch_labels.py
[2023-12-15T21:17:04.708+0000] {processor.py:839} INFO - DAG(s) dict_keys(['example_branch_labels']) retrieved from /home/airflow/.local/lib/python3.8/site-packages/airflow/example_dags/example_branch_labels.py
[2023-12-15T21:17:05.029+0000] {logging_mixin.py:154} INFO - [2023-12-15T21:17:05.029+0000] {dag.py:2941} INFO - Sync 1 DAGs
[2023-12-15T21:17:05.239+0000] {logging_mixin.py:154} INFO - [2023-12-15T21:17:05.238+0000] {dag.py:3722} INFO - Setting next_dagrun for example_branch_labels to 2023-12-14T00:00:00+00:00, run_after=2023-12-15T00:00:00+00:00
[2023-12-15T21:17:05.408+0000] {processor.py:179} INFO - Processing /home/airflow/.local/lib/python3.8/site-packages/airflow/example_dags/example_branch_labels.py took 0.844 seconds
[2023-12-15T21:17:37.207+0000] {processor.py:157} INFO - Started process (PID=774) to work on /home/airflow/.local/lib/python3.8/site-packages/airflow/example_dags/example_branch_labels.py
[2023-12-15T21:17:37.216+0000] {processor.py:829} INFO - Processing file /home/airflow/.local/lib/python3.8/site-packages/airflow/example_dags/example_branch_labels.py for tasks to queue
[2023-12-15T21:17:37.231+0000] {logging_mixin.py:154} INFO - [2023-12-15T21:17:37.230+0000] {dagbag.py:536} INFO - Filling up the DagBag from /home/airflow/.local/lib/python3.8/site-packages/airflow/example_dags/example_branch_labels.py
[2023-12-15T21:17:37.416+0000] {processor.py:839} INFO - DAG(s) dict_keys(['example_branch_labels']) retrieved from /home/airflow/.local/lib/python3.8/site-packages/airflow/example_dags/example_branch_labels.py
[2023-12-15T21:17:37.722+0000] {logging_mixin.py:154} INFO - [2023-12-15T21:17:37.722+0000] {dag.py:2941} INFO - Sync 1 DAGs
[2023-12-15T21:17:38.113+0000] {logging_mixin.py:154} INFO - [2023-12-15T21:17:38.112+0000] {dag.py:3722} INFO - Setting next_dagrun for example_branch_labels to 2023-12-14T00:00:00+00:00, run_after=2023-12-15T00:00:00+00:00
[2023-12-15T21:17:38.345+0000] {processor.py:179} INFO - Processing /home/airflow/.local/lib/python3.8/site-packages/airflow/example_dags/example_branch_labels.py took 1.177 seconds
[2023-12-15T21:28:19.954+0000] {processor.py:157} INFO - Started process (PID=93) to work on /home/airflow/.local/lib/python3.8/site-packages/airflow/example_dags/example_branch_labels.py
[2023-12-15T21:28:19.965+0000] {processor.py:829} INFO - Processing file /home/airflow/.local/lib/python3.8/site-packages/airflow/example_dags/example_branch_labels.py for tasks to queue
[2023-12-15T21:28:19.973+0000] {logging_mixin.py:154} INFO - [2023-12-15T21:28:19.972+0000] {dagbag.py:536} INFO - Filling up the DagBag from /home/airflow/.local/lib/python3.8/site-packages/airflow/example_dags/example_branch_labels.py
[2023-12-15T21:28:20.046+0000] {processor.py:839} INFO - DAG(s) dict_keys(['example_branch_labels']) retrieved from /home/airflow/.local/lib/python3.8/site-packages/airflow/example_dags/example_branch_labels.py
[2023-12-15T21:28:20.160+0000] {logging_mixin.py:154} INFO - [2023-12-15T21:28:20.160+0000] {dag.py:2941} INFO - Sync 1 DAGs
[2023-12-15T21:28:20.333+0000] {logging_mixin.py:154} INFO - [2023-12-15T21:28:20.333+0000] {dag.py:3722} INFO - Setting next_dagrun for example_branch_labels to 2023-12-14T00:00:00+00:00, run_after=2023-12-15T00:00:00+00:00
[2023-12-15T21:28:20.432+0000] {processor.py:179} INFO - Processing /home/airflow/.local/lib/python3.8/site-packages/airflow/example_dags/example_branch_labels.py took 0.503 seconds
[2023-12-15T21:29:24.840+0000] {processor.py:157} INFO - Started process (PID=156) to work on /home/airflow/.local/lib/python3.8/site-packages/airflow/example_dags/example_branch_labels.py
[2023-12-15T21:29:24.853+0000] {processor.py:829} INFO - Processing file /home/airflow/.local/lib/python3.8/site-packages/airflow/example_dags/example_branch_labels.py for tasks to queue
[2023-12-15T21:29:24.888+0000] {logging_mixin.py:154} INFO - [2023-12-15T21:29:24.880+0000] {dagbag.py:536} INFO - Filling up the DagBag from /home/airflow/.local/lib/python3.8/site-packages/airflow/example_dags/example_branch_labels.py
[2023-12-15T21:29:24.993+0000] {processor.py:839} INFO - DAG(s) dict_keys(['example_branch_labels']) retrieved from /home/airflow/.local/lib/python3.8/site-packages/airflow/example_dags/example_branch_labels.py
[2023-12-15T21:29:25.176+0000] {logging_mixin.py:154} INFO - [2023-12-15T21:29:25.176+0000] {dag.py:2941} INFO - Sync 1 DAGs
[2023-12-15T21:29:25.463+0000] {logging_mixin.py:154} INFO - [2023-12-15T21:29:25.463+0000] {dag.py:3722} INFO - Setting next_dagrun for example_branch_labels to 2023-12-14T00:00:00+00:00, run_after=2023-12-15T00:00:00+00:00
[2023-12-15T21:29:25.653+0000] {processor.py:179} INFO - Processing /home/airflow/.local/lib/python3.8/site-packages/airflow/example_dags/example_branch_labels.py took 0.923 seconds
[2023-12-15T21:30:17.316+0000] {processor.py:157} INFO - Started process (PID=220) to work on /home/airflow/.local/lib/python3.8/site-packages/airflow/example_dags/example_branch_labels.py
[2023-12-15T21:30:17.331+0000] {processor.py:829} INFO - Processing file /home/airflow/.local/lib/python3.8/site-packages/airflow/example_dags/example_branch_labels.py for tasks to queue
[2023-12-15T21:30:17.411+0000] {logging_mixin.py:154} INFO - [2023-12-15T21:30:17.410+0000] {dagbag.py:536} INFO - Filling up the DagBag from /home/airflow/.local/lib/python3.8/site-packages/airflow/example_dags/example_branch_labels.py
[2023-12-15T21:30:17.526+0000] {processor.py:839} INFO - DAG(s) dict_keys(['example_branch_labels']) retrieved from /home/airflow/.local/lib/python3.8/site-packages/airflow/example_dags/example_branch_labels.py
[2023-12-15T21:30:17.677+0000] {logging_mixin.py:154} INFO - [2023-12-15T21:30:17.677+0000] {dag.py:2941} INFO - Sync 1 DAGs
[2023-12-15T21:30:17.853+0000] {logging_mixin.py:154} INFO - [2023-12-15T21:30:17.853+0000] {dag.py:3722} INFO - Setting next_dagrun for example_branch_labels to 2023-12-14T00:00:00+00:00, run_after=2023-12-15T00:00:00+00:00
[2023-12-15T21:30:18.012+0000] {processor.py:179} INFO - Processing /home/airflow/.local/lib/python3.8/site-packages/airflow/example_dags/example_branch_labels.py took 0.817 seconds
[2023-12-15T21:35:39.767+0000] {processor.py:157} INFO - Started process (PID=80) to work on /home/airflow/.local/lib/python3.8/site-packages/airflow/example_dags/example_branch_labels.py
[2023-12-15T21:35:39.785+0000] {processor.py:829} INFO - Processing file /home/airflow/.local/lib/python3.8/site-packages/airflow/example_dags/example_branch_labels.py for tasks to queue
[2023-12-15T21:35:39.798+0000] {logging_mixin.py:154} INFO - [2023-12-15T21:35:39.797+0000] {dagbag.py:536} INFO - Filling up the DagBag from /home/airflow/.local/lib/python3.8/site-packages/airflow/example_dags/example_branch_labels.py
[2023-12-15T21:35:40.002+0000] {processor.py:839} INFO - DAG(s) dict_keys(['example_branch_labels']) retrieved from /home/airflow/.local/lib/python3.8/site-packages/airflow/example_dags/example_branch_labels.py
[2023-12-15T21:35:40.264+0000] {logging_mixin.py:154} INFO - [2023-12-15T21:35:40.264+0000] {dag.py:2941} INFO - Sync 1 DAGs
[2023-12-15T21:35:40.657+0000] {logging_mixin.py:154} INFO - [2023-12-15T21:35:40.656+0000] {dag.py:3722} INFO - Setting next_dagrun for example_branch_labels to 2023-12-14T00:00:00+00:00, run_after=2023-12-15T00:00:00+00:00
[2023-12-15T21:35:40.850+0000] {processor.py:179} INFO - Processing /home/airflow/.local/lib/python3.8/site-packages/airflow/example_dags/example_branch_labels.py took 1.127 seconds
[2023-12-15T21:36:20.692+0000] {processor.py:157} INFO - Started process (PID=135) to work on /home/airflow/.local/lib/python3.8/site-packages/airflow/example_dags/example_branch_labels.py
[2023-12-15T21:36:20.696+0000] {processor.py:829} INFO - Processing file /home/airflow/.local/lib/python3.8/site-packages/airflow/example_dags/example_branch_labels.py for tasks to queue
[2023-12-15T21:36:20.721+0000] {logging_mixin.py:154} INFO - [2023-12-15T21:36:20.720+0000] {dagbag.py:536} INFO - Filling up the DagBag from /home/airflow/.local/lib/python3.8/site-packages/airflow/example_dags/example_branch_labels.py
[2023-12-15T21:36:20.842+0000] {processor.py:839} INFO - DAG(s) dict_keys(['example_branch_labels']) retrieved from /home/airflow/.local/lib/python3.8/site-packages/airflow/example_dags/example_branch_labels.py
[2023-12-15T21:36:21.068+0000] {logging_mixin.py:154} INFO - [2023-12-15T21:36:21.068+0000] {dag.py:2941} INFO - Sync 1 DAGs
[2023-12-15T21:36:21.356+0000] {logging_mixin.py:154} INFO - [2023-12-15T21:36:21.351+0000] {dag.py:3722} INFO - Setting next_dagrun for example_branch_labels to 2023-12-14T00:00:00+00:00, run_after=2023-12-15T00:00:00+00:00
[2023-12-15T21:36:21.502+0000] {processor.py:179} INFO - Processing /home/airflow/.local/lib/python3.8/site-packages/airflow/example_dags/example_branch_labels.py took 0.870 seconds
[2023-12-15T21:36:53.890+0000] {processor.py:157} INFO - Started process (PID=191) to work on /home/airflow/.local/lib/python3.8/site-packages/airflow/example_dags/example_branch_labels.py
[2023-12-15T21:36:53.893+0000] {processor.py:829} INFO - Processing file /home/airflow/.local/lib/python3.8/site-packages/airflow/example_dags/example_branch_labels.py for tasks to queue
[2023-12-15T21:36:53.901+0000] {logging_mixin.py:154} INFO - [2023-12-15T21:36:53.900+0000] {dagbag.py:536} INFO - Filling up the DagBag from /home/airflow/.local/lib/python3.8/site-packages/airflow/example_dags/example_branch_labels.py
[2023-12-15T21:36:53.930+0000] {processor.py:839} INFO - DAG(s) dict_keys(['example_branch_labels']) retrieved from /home/airflow/.local/lib/python3.8/site-packages/airflow/example_dags/example_branch_labels.py
[2023-12-15T21:36:54.034+0000] {logging_mixin.py:154} INFO - [2023-12-15T21:36:54.033+0000] {dag.py:2941} INFO - Sync 1 DAGs
[2023-12-15T21:36:54.140+0000] {logging_mixin.py:154} INFO - [2023-12-15T21:36:54.140+0000] {dag.py:3722} INFO - Setting next_dagrun for example_branch_labels to 2023-12-14T00:00:00+00:00, run_after=2023-12-15T00:00:00+00:00
[2023-12-15T21:36:54.197+0000] {processor.py:179} INFO - Processing /home/airflow/.local/lib/python3.8/site-packages/airflow/example_dags/example_branch_labels.py took 0.323 seconds
[2023-12-15T21:37:27.578+0000] {processor.py:157} INFO - Started process (PID=247) to work on /home/airflow/.local/lib/python3.8/site-packages/airflow/example_dags/example_branch_labels.py
[2023-12-15T21:37:27.581+0000] {processor.py:829} INFO - Processing file /home/airflow/.local/lib/python3.8/site-packages/airflow/example_dags/example_branch_labels.py for tasks to queue
[2023-12-15T21:37:27.586+0000] {logging_mixin.py:154} INFO - [2023-12-15T21:37:27.585+0000] {dagbag.py:536} INFO - Filling up the DagBag from /home/airflow/.local/lib/python3.8/site-packages/airflow/example_dags/example_branch_labels.py
[2023-12-15T21:37:27.607+0000] {processor.py:839} INFO - DAG(s) dict_keys(['example_branch_labels']) retrieved from /home/airflow/.local/lib/python3.8/site-packages/airflow/example_dags/example_branch_labels.py
[2023-12-15T21:37:27.668+0000] {logging_mixin.py:154} INFO - [2023-12-15T21:37:27.667+0000] {dag.py:2941} INFO - Sync 1 DAGs
[2023-12-15T21:37:27.742+0000] {logging_mixin.py:154} INFO - [2023-12-15T21:37:27.742+0000] {dag.py:3722} INFO - Setting next_dagrun for example_branch_labels to 2023-12-14T00:00:00+00:00, run_after=2023-12-15T00:00:00+00:00
[2023-12-15T21:37:27.802+0000] {processor.py:179} INFO - Processing /home/airflow/.local/lib/python3.8/site-packages/airflow/example_dags/example_branch_labels.py took 0.234 seconds
[2023-12-15T21:38:15.296+0000] {processor.py:157} INFO - Started process (PID=302) to work on /home/airflow/.local/lib/python3.8/site-packages/airflow/example_dags/example_branch_labels.py
[2023-12-15T21:38:15.298+0000] {processor.py:829} INFO - Processing file /home/airflow/.local/lib/python3.8/site-packages/airflow/example_dags/example_branch_labels.py for tasks to queue
[2023-12-15T21:38:15.313+0000] {logging_mixin.py:154} INFO - [2023-12-15T21:38:15.312+0000] {dagbag.py:536} INFO - Filling up the DagBag from /home/airflow/.local/lib/python3.8/site-packages/airflow/example_dags/example_branch_labels.py
[2023-12-15T21:38:15.343+0000] {processor.py:839} INFO - DAG(s) dict_keys(['example_branch_labels']) retrieved from /home/airflow/.local/lib/python3.8/site-packages/airflow/example_dags/example_branch_labels.py
[2023-12-15T21:38:15.418+0000] {logging_mixin.py:154} INFO - [2023-12-15T21:38:15.417+0000] {dag.py:2941} INFO - Sync 1 DAGs
[2023-12-15T21:38:15.514+0000] {logging_mixin.py:154} INFO - [2023-12-15T21:38:15.513+0000] {dag.py:3722} INFO - Setting next_dagrun for example_branch_labels to 2023-12-14T00:00:00+00:00, run_after=2023-12-15T00:00:00+00:00
[2023-12-15T21:38:15.571+0000] {processor.py:179} INFO - Processing /home/airflow/.local/lib/python3.8/site-packages/airflow/example_dags/example_branch_labels.py took 0.290 seconds
[2023-12-15T21:38:56.244+0000] {processor.py:157} INFO - Started process (PID=365) to work on /home/airflow/.local/lib/python3.8/site-packages/airflow/example_dags/example_branch_labels.py
[2023-12-15T21:38:56.248+0000] {processor.py:829} INFO - Processing file /home/airflow/.local/lib/python3.8/site-packages/airflow/example_dags/example_branch_labels.py for tasks to queue
[2023-12-15T21:38:56.254+0000] {logging_mixin.py:154} INFO - [2023-12-15T21:38:56.253+0000] {dagbag.py:536} INFO - Filling up the DagBag from /home/airflow/.local/lib/python3.8/site-packages/airflow/example_dags/example_branch_labels.py
[2023-12-15T21:38:56.292+0000] {processor.py:839} INFO - DAG(s) dict_keys(['example_branch_labels']) retrieved from /home/airflow/.local/lib/python3.8/site-packages/airflow/example_dags/example_branch_labels.py
[2023-12-15T21:38:56.684+0000] {logging_mixin.py:154} INFO - [2023-12-15T21:38:56.595+0000] {dag.py:2941} INFO - Sync 1 DAGs
[2023-12-15T21:38:56.952+0000] {logging_mixin.py:154} INFO - [2023-12-15T21:38:56.952+0000] {dag.py:3722} INFO - Setting next_dagrun for example_branch_labels to 2023-12-14T00:00:00+00:00, run_after=2023-12-15T00:00:00+00:00
[2023-12-15T21:38:57.135+0000] {processor.py:179} INFO - Processing /home/airflow/.local/lib/python3.8/site-packages/airflow/example_dags/example_branch_labels.py took 0.911 seconds
[2023-12-15T21:39:40.302+0000] {processor.py:157} INFO - Started process (PID=421) to work on /home/airflow/.local/lib/python3.8/site-packages/airflow/example_dags/example_branch_labels.py
[2023-12-15T21:39:40.324+0000] {processor.py:829} INFO - Processing file /home/airflow/.local/lib/python3.8/site-packages/airflow/example_dags/example_branch_labels.py for tasks to queue
[2023-12-15T21:39:40.340+0000] {logging_mixin.py:154} INFO - [2023-12-15T21:39:40.331+0000] {dagbag.py:536} INFO - Filling up the DagBag from /home/airflow/.local/lib/python3.8/site-packages/airflow/example_dags/example_branch_labels.py
[2023-12-15T21:39:40.494+0000] {processor.py:839} INFO - DAG(s) dict_keys(['example_branch_labels']) retrieved from /home/airflow/.local/lib/python3.8/site-packages/airflow/example_dags/example_branch_labels.py
[2023-12-15T21:39:40.742+0000] {logging_mixin.py:154} INFO - [2023-12-15T21:39:40.741+0000] {dag.py:2941} INFO - Sync 1 DAGs
[2023-12-15T21:39:41.052+0000] {logging_mixin.py:154} INFO - [2023-12-15T21:39:41.051+0000] {dag.py:3722} INFO - Setting next_dagrun for example_branch_labels to 2023-12-14T00:00:00+00:00, run_after=2023-12-15T00:00:00+00:00
[2023-12-15T21:39:41.256+0000] {processor.py:179} INFO - Processing /home/airflow/.local/lib/python3.8/site-packages/airflow/example_dags/example_branch_labels.py took 0.975 seconds
[2023-12-15T21:40:12.199+0000] {processor.py:157} INFO - Started process (PID=477) to work on /home/airflow/.local/lib/python3.8/site-packages/airflow/example_dags/example_branch_labels.py
[2023-12-15T21:40:12.203+0000] {processor.py:829} INFO - Processing file /home/airflow/.local/lib/python3.8/site-packages/airflow/example_dags/example_branch_labels.py for tasks to queue
[2023-12-15T21:40:12.213+0000] {logging_mixin.py:154} INFO - [2023-12-15T21:40:12.211+0000] {dagbag.py:536} INFO - Filling up the DagBag from /home/airflow/.local/lib/python3.8/site-packages/airflow/example_dags/example_branch_labels.py
[2023-12-15T21:40:12.249+0000] {processor.py:839} INFO - DAG(s) dict_keys(['example_branch_labels']) retrieved from /home/airflow/.local/lib/python3.8/site-packages/airflow/example_dags/example_branch_labels.py
[2023-12-15T21:40:12.347+0000] {logging_mixin.py:154} INFO - [2023-12-15T21:40:12.347+0000] {dag.py:2941} INFO - Sync 1 DAGs
[2023-12-15T21:40:12.427+0000] {logging_mixin.py:154} INFO - [2023-12-15T21:40:12.426+0000] {dag.py:3722} INFO - Setting next_dagrun for example_branch_labels to 2023-12-14T00:00:00+00:00, run_after=2023-12-15T00:00:00+00:00
[2023-12-15T21:40:12.478+0000] {processor.py:179} INFO - Processing /home/airflow/.local/lib/python3.8/site-packages/airflow/example_dags/example_branch_labels.py took 0.303 seconds
[2023-12-15T21:46:00.661+0000] {processor.py:157} INFO - Started process (PID=88) to work on /home/airflow/.local/lib/python3.8/site-packages/airflow/example_dags/example_branch_labels.py
[2023-12-15T21:46:00.704+0000] {processor.py:829} INFO - Processing file /home/airflow/.local/lib/python3.8/site-packages/airflow/example_dags/example_branch_labels.py for tasks to queue
[2023-12-15T21:46:00.741+0000] {logging_mixin.py:154} INFO - [2023-12-15T21:46:00.740+0000] {dagbag.py:536} INFO - Filling up the DagBag from /home/airflow/.local/lib/python3.8/site-packages/airflow/example_dags/example_branch_labels.py
[2023-12-15T21:46:01.069+0000] {processor.py:839} INFO - DAG(s) dict_keys(['example_branch_labels']) retrieved from /home/airflow/.local/lib/python3.8/site-packages/airflow/example_dags/example_branch_labels.py
[2023-12-15T21:46:01.853+0000] {logging_mixin.py:154} INFO - [2023-12-15T21:46:01.851+0000] {dag.py:2941} INFO - Sync 1 DAGs
[2023-12-15T21:46:02.448+0000] {logging_mixin.py:154} INFO - [2023-12-15T21:46:02.433+0000] {dag.py:3722} INFO - Setting next_dagrun for example_branch_labels to 2023-12-14T00:00:00+00:00, run_after=2023-12-15T00:00:00+00:00
[2023-12-15T21:46:02.978+0000] {processor.py:179} INFO - Processing /home/airflow/.local/lib/python3.8/site-packages/airflow/example_dags/example_branch_labels.py took 2.429 seconds
[2023-12-15T21:47:34.837+0000] {processor.py:157} INFO - Started process (PID=158) to work on /home/airflow/.local/lib/python3.8/site-packages/airflow/example_dags/example_branch_labels.py
[2023-12-15T21:47:34.857+0000] {processor.py:829} INFO - Processing file /home/airflow/.local/lib/python3.8/site-packages/airflow/example_dags/example_branch_labels.py for tasks to queue
[2023-12-15T21:47:34.951+0000] {logging_mixin.py:154} INFO - [2023-12-15T21:47:34.934+0000] {dagbag.py:536} INFO - Filling up the DagBag from /home/airflow/.local/lib/python3.8/site-packages/airflow/example_dags/example_branch_labels.py
[2023-12-15T21:47:35.066+0000] {processor.py:839} INFO - DAG(s) dict_keys(['example_branch_labels']) retrieved from /home/airflow/.local/lib/python3.8/site-packages/airflow/example_dags/example_branch_labels.py
[2023-12-15T21:47:35.377+0000] {logging_mixin.py:154} INFO - [2023-12-15T21:47:35.377+0000] {dag.py:2941} INFO - Sync 1 DAGs
[2023-12-15T21:47:35.773+0000] {logging_mixin.py:154} INFO - [2023-12-15T21:47:35.772+0000] {dag.py:3722} INFO - Setting next_dagrun for example_branch_labels to 2023-12-14T00:00:00+00:00, run_after=2023-12-15T00:00:00+00:00
[2023-12-15T21:47:35.912+0000] {processor.py:179} INFO - Processing /home/airflow/.local/lib/python3.8/site-packages/airflow/example_dags/example_branch_labels.py took 1.158 seconds
