[2023-12-15T20:50:26.559+0000] {processor.py:157} INFO - Started process (PID=87) to work on /home/airflow/.local/lib/python3.8/site-packages/airflow/example_dags/example_dynamic_task_mapping.py
[2023-12-15T20:50:26.560+0000] {processor.py:829} INFO - Processing file /home/airflow/.local/lib/python3.8/site-packages/airflow/example_dags/example_dynamic_task_mapping.py for tasks to queue
[2023-12-15T20:50:26.591+0000] {logging_mixin.py:154} INFO - [2023-12-15T20:50:26.590+0000] {dagbag.py:536} INFO - Filling up the DagBag from /home/airflow/.local/lib/python3.8/site-packages/airflow/example_dags/example_dynamic_task_mapping.py
[2023-12-15T20:50:26.630+0000] {processor.py:839} INFO - DAG(s) dict_keys(['example_dynamic_task_mapping']) retrieved from /home/airflow/.local/lib/python3.8/site-packages/airflow/example_dags/example_dynamic_task_mapping.py
[2023-12-15T20:50:26.991+0000] {logging_mixin.py:154} INFO - [2023-12-15T20:50:26.991+0000] {manager.py:499} INFO - Created Permission View: %s
[2023-12-15T20:50:27.020+0000] {logging_mixin.py:154} INFO - [2023-12-15T20:50:27.020+0000] {manager.py:499} INFO - Created Permission View: %s
[2023-12-15T20:50:27.057+0000] {logging_mixin.py:154} INFO - [2023-12-15T20:50:27.056+0000] {manager.py:499} INFO - Created Permission View: %s
[2023-12-15T20:50:27.057+0000] {logging_mixin.py:154} INFO - [2023-12-15T20:50:27.057+0000] {dag.py:2941} INFO - Sync 1 DAGs
[2023-12-15T20:50:27.110+0000] {logging_mixin.py:154} INFO - [2023-12-15T20:50:27.109+0000] {dag.py:2963} INFO - Creating ORM DAG for example_dynamic_task_mapping
[2023-12-15T20:50:27.143+0000] {logging_mixin.py:154} INFO - [2023-12-15T20:50:27.143+0000] {dag.py:3722} INFO - Setting next_dagrun for example_dynamic_task_mapping to 2022-03-04T00:00:00+00:00, run_after=2022-03-05T00:00:00+00:00
[2023-12-15T20:50:27.185+0000] {processor.py:179} INFO - Processing /home/airflow/.local/lib/python3.8/site-packages/airflow/example_dags/example_dynamic_task_mapping.py took 0.647 seconds
[2023-12-15T21:11:09.646+0000] {processor.py:157} INFO - Started process (PID=156) to work on /home/airflow/.local/lib/python3.8/site-packages/airflow/example_dags/example_dynamic_task_mapping.py
[2023-12-15T21:11:09.652+0000] {processor.py:829} INFO - Processing file /home/airflow/.local/lib/python3.8/site-packages/airflow/example_dags/example_dynamic_task_mapping.py for tasks to queue
[2023-12-15T21:11:09.671+0000] {logging_mixin.py:154} INFO - [2023-12-15T21:11:09.670+0000] {dagbag.py:536} INFO - Filling up the DagBag from /home/airflow/.local/lib/python3.8/site-packages/airflow/example_dags/example_dynamic_task_mapping.py
[2023-12-15T21:11:09.692+0000] {processor.py:839} INFO - DAG(s) dict_keys(['example_dynamic_task_mapping']) retrieved from /home/airflow/.local/lib/python3.8/site-packages/airflow/example_dags/example_dynamic_task_mapping.py
[2023-12-15T21:11:09.782+0000] {logging_mixin.py:154} INFO - [2023-12-15T21:11:09.782+0000] {dag.py:2941} INFO - Sync 1 DAGs
[2023-12-15T21:11:09.847+0000] {logging_mixin.py:154} INFO - [2023-12-15T21:11:09.846+0000] {dag.py:3722} INFO - Setting next_dagrun for example_dynamic_task_mapping to 2022-03-04T00:00:00+00:00, run_after=2022-03-05T00:00:00+00:00
[2023-12-15T21:11:09.894+0000] {processor.py:179} INFO - Processing /home/airflow/.local/lib/python3.8/site-packages/airflow/example_dags/example_dynamic_task_mapping.py took 0.259 seconds
[2023-12-15T21:11:42.174+0000] {processor.py:157} INFO - Started process (PID=212) to work on /home/airflow/.local/lib/python3.8/site-packages/airflow/example_dags/example_dynamic_task_mapping.py
[2023-12-15T21:11:42.178+0000] {processor.py:829} INFO - Processing file /home/airflow/.local/lib/python3.8/site-packages/airflow/example_dags/example_dynamic_task_mapping.py for tasks to queue
[2023-12-15T21:11:42.184+0000] {logging_mixin.py:154} INFO - [2023-12-15T21:11:42.183+0000] {dagbag.py:536} INFO - Filling up the DagBag from /home/airflow/.local/lib/python3.8/site-packages/airflow/example_dags/example_dynamic_task_mapping.py
[2023-12-15T21:11:42.201+0000] {processor.py:839} INFO - DAG(s) dict_keys(['example_dynamic_task_mapping']) retrieved from /home/airflow/.local/lib/python3.8/site-packages/airflow/example_dags/example_dynamic_task_mapping.py
[2023-12-15T21:11:42.280+0000] {logging_mixin.py:154} INFO - [2023-12-15T21:11:42.279+0000] {dag.py:2941} INFO - Sync 1 DAGs
[2023-12-15T21:11:42.388+0000] {logging_mixin.py:154} INFO - [2023-12-15T21:11:42.387+0000] {dag.py:3722} INFO - Setting next_dagrun for example_dynamic_task_mapping to 2022-03-04T00:00:00+00:00, run_after=2022-03-05T00:00:00+00:00
[2023-12-15T21:11:42.459+0000] {processor.py:179} INFO - Processing /home/airflow/.local/lib/python3.8/site-packages/airflow/example_dags/example_dynamic_task_mapping.py took 0.308 seconds
[2023-12-15T21:12:25.498+0000] {processor.py:157} INFO - Started process (PID=279) to work on /home/airflow/.local/lib/python3.8/site-packages/airflow/example_dags/example_dynamic_task_mapping.py
[2023-12-15T21:12:25.502+0000] {processor.py:829} INFO - Processing file /home/airflow/.local/lib/python3.8/site-packages/airflow/example_dags/example_dynamic_task_mapping.py for tasks to queue
[2023-12-15T21:12:25.508+0000] {logging_mixin.py:154} INFO - [2023-12-15T21:12:25.507+0000] {dagbag.py:536} INFO - Filling up the DagBag from /home/airflow/.local/lib/python3.8/site-packages/airflow/example_dags/example_dynamic_task_mapping.py
[2023-12-15T21:12:25.534+0000] {processor.py:839} INFO - DAG(s) dict_keys(['example_dynamic_task_mapping']) retrieved from /home/airflow/.local/lib/python3.8/site-packages/airflow/example_dags/example_dynamic_task_mapping.py
[2023-12-15T21:12:25.612+0000] {logging_mixin.py:154} INFO - [2023-12-15T21:12:25.611+0000] {dag.py:2941} INFO - Sync 1 DAGs
[2023-12-15T21:12:25.717+0000] {logging_mixin.py:154} INFO - [2023-12-15T21:12:25.716+0000] {dag.py:3722} INFO - Setting next_dagrun for example_dynamic_task_mapping to 2022-03-04T00:00:00+00:00, run_after=2022-03-05T00:00:00+00:00
[2023-12-15T21:12:25.753+0000] {processor.py:179} INFO - Processing /home/airflow/.local/lib/python3.8/site-packages/airflow/example_dags/example_dynamic_task_mapping.py took 0.269 seconds
[2023-12-15T21:12:57.989+0000] {processor.py:157} INFO - Started process (PID=335) to work on /home/airflow/.local/lib/python3.8/site-packages/airflow/example_dags/example_dynamic_task_mapping.py
[2023-12-15T21:12:57.999+0000] {processor.py:829} INFO - Processing file /home/airflow/.local/lib/python3.8/site-packages/airflow/example_dags/example_dynamic_task_mapping.py for tasks to queue
[2023-12-15T21:12:58.025+0000] {logging_mixin.py:154} INFO - [2023-12-15T21:12:58.024+0000] {dagbag.py:536} INFO - Filling up the DagBag from /home/airflow/.local/lib/python3.8/site-packages/airflow/example_dags/example_dynamic_task_mapping.py
[2023-12-15T21:12:58.052+0000] {processor.py:839} INFO - DAG(s) dict_keys(['example_dynamic_task_mapping']) retrieved from /home/airflow/.local/lib/python3.8/site-packages/airflow/example_dags/example_dynamic_task_mapping.py
[2023-12-15T21:12:58.121+0000] {logging_mixin.py:154} INFO - [2023-12-15T21:12:58.120+0000] {dag.py:2941} INFO - Sync 1 DAGs
[2023-12-15T21:12:58.309+0000] {logging_mixin.py:154} INFO - [2023-12-15T21:12:58.308+0000] {dag.py:3722} INFO - Setting next_dagrun for example_dynamic_task_mapping to 2022-03-04T00:00:00+00:00, run_after=2022-03-05T00:00:00+00:00
[2023-12-15T21:12:58.463+0000] {processor.py:179} INFO - Processing /home/airflow/.local/lib/python3.8/site-packages/airflow/example_dags/example_dynamic_task_mapping.py took 0.507 seconds
[2023-12-15T21:13:32.176+0000] {processor.py:157} INFO - Started process (PID=392) to work on /home/airflow/.local/lib/python3.8/site-packages/airflow/example_dags/example_dynamic_task_mapping.py
[2023-12-15T21:13:32.187+0000] {processor.py:829} INFO - Processing file /home/airflow/.local/lib/python3.8/site-packages/airflow/example_dags/example_dynamic_task_mapping.py for tasks to queue
[2023-12-15T21:13:32.201+0000] {logging_mixin.py:154} INFO - [2023-12-15T21:13:32.201+0000] {dagbag.py:536} INFO - Filling up the DagBag from /home/airflow/.local/lib/python3.8/site-packages/airflow/example_dags/example_dynamic_task_mapping.py
[2023-12-15T21:13:32.268+0000] {processor.py:839} INFO - DAG(s) dict_keys(['example_dynamic_task_mapping']) retrieved from /home/airflow/.local/lib/python3.8/site-packages/airflow/example_dags/example_dynamic_task_mapping.py
[2023-12-15T21:13:32.604+0000] {logging_mixin.py:154} INFO - [2023-12-15T21:13:32.593+0000] {dag.py:2941} INFO - Sync 1 DAGs
[2023-12-15T21:13:33.001+0000] {logging_mixin.py:154} INFO - [2023-12-15T21:13:32.988+0000] {dag.py:3722} INFO - Setting next_dagrun for example_dynamic_task_mapping to 2022-03-04T00:00:00+00:00, run_after=2022-03-05T00:00:00+00:00
[2023-12-15T21:13:33.317+0000] {processor.py:179} INFO - Processing /home/airflow/.local/lib/python3.8/site-packages/airflow/example_dags/example_dynamic_task_mapping.py took 1.179 seconds
[2023-12-15T21:14:04.019+0000] {processor.py:157} INFO - Started process (PID=448) to work on /home/airflow/.local/lib/python3.8/site-packages/airflow/example_dags/example_dynamic_task_mapping.py
[2023-12-15T21:14:04.021+0000] {processor.py:829} INFO - Processing file /home/airflow/.local/lib/python3.8/site-packages/airflow/example_dags/example_dynamic_task_mapping.py for tasks to queue
[2023-12-15T21:14:04.031+0000] {logging_mixin.py:154} INFO - [2023-12-15T21:14:04.029+0000] {dagbag.py:536} INFO - Filling up the DagBag from /home/airflow/.local/lib/python3.8/site-packages/airflow/example_dags/example_dynamic_task_mapping.py
[2023-12-15T21:14:04.073+0000] {processor.py:839} INFO - DAG(s) dict_keys(['example_dynamic_task_mapping']) retrieved from /home/airflow/.local/lib/python3.8/site-packages/airflow/example_dags/example_dynamic_task_mapping.py
[2023-12-15T21:14:04.412+0000] {logging_mixin.py:154} INFO - [2023-12-15T21:14:04.409+0000] {dag.py:2941} INFO - Sync 1 DAGs
[2023-12-15T21:14:04.677+0000] {logging_mixin.py:154} INFO - [2023-12-15T21:14:04.677+0000] {dag.py:3722} INFO - Setting next_dagrun for example_dynamic_task_mapping to 2022-03-04T00:00:00+00:00, run_after=2022-03-05T00:00:00+00:00
[2023-12-15T21:14:04.812+0000] {processor.py:179} INFO - Processing /home/airflow/.local/lib/python3.8/site-packages/airflow/example_dags/example_dynamic_task_mapping.py took 0.805 seconds
[2023-12-15T21:14:35.064+0000] {processor.py:157} INFO - Started process (PID=504) to work on /home/airflow/.local/lib/python3.8/site-packages/airflow/example_dags/example_dynamic_task_mapping.py
[2023-12-15T21:14:35.067+0000] {processor.py:829} INFO - Processing file /home/airflow/.local/lib/python3.8/site-packages/airflow/example_dags/example_dynamic_task_mapping.py for tasks to queue
[2023-12-15T21:14:35.079+0000] {logging_mixin.py:154} INFO - [2023-12-15T21:14:35.077+0000] {dagbag.py:536} INFO - Filling up the DagBag from /home/airflow/.local/lib/python3.8/site-packages/airflow/example_dags/example_dynamic_task_mapping.py
[2023-12-15T21:14:35.103+0000] {processor.py:839} INFO - DAG(s) dict_keys(['example_dynamic_task_mapping']) retrieved from /home/airflow/.local/lib/python3.8/site-packages/airflow/example_dags/example_dynamic_task_mapping.py
[2023-12-15T21:14:35.157+0000] {logging_mixin.py:154} INFO - [2023-12-15T21:14:35.157+0000] {dag.py:2941} INFO - Sync 1 DAGs
[2023-12-15T21:14:35.250+0000] {logging_mixin.py:154} INFO - [2023-12-15T21:14:35.249+0000] {dag.py:3722} INFO - Setting next_dagrun for example_dynamic_task_mapping to 2022-03-04T00:00:00+00:00, run_after=2022-03-05T00:00:00+00:00
[2023-12-15T21:14:35.320+0000] {processor.py:179} INFO - Processing /home/airflow/.local/lib/python3.8/site-packages/airflow/example_dags/example_dynamic_task_mapping.py took 0.275 seconds
[2023-12-15T21:15:05.517+0000] {processor.py:157} INFO - Started process (PID=561) to work on /home/airflow/.local/lib/python3.8/site-packages/airflow/example_dags/example_dynamic_task_mapping.py
[2023-12-15T21:15:05.519+0000] {processor.py:829} INFO - Processing file /home/airflow/.local/lib/python3.8/site-packages/airflow/example_dags/example_dynamic_task_mapping.py for tasks to queue
[2023-12-15T21:15:05.525+0000] {logging_mixin.py:154} INFO - [2023-12-15T21:15:05.524+0000] {dagbag.py:536} INFO - Filling up the DagBag from /home/airflow/.local/lib/python3.8/site-packages/airflow/example_dags/example_dynamic_task_mapping.py
[2023-12-15T21:15:05.541+0000] {processor.py:839} INFO - DAG(s) dict_keys(['example_dynamic_task_mapping']) retrieved from /home/airflow/.local/lib/python3.8/site-packages/airflow/example_dags/example_dynamic_task_mapping.py
[2023-12-15T21:15:05.605+0000] {logging_mixin.py:154} INFO - [2023-12-15T21:15:05.604+0000] {dag.py:2941} INFO - Sync 1 DAGs
[2023-12-15T21:15:05.686+0000] {logging_mixin.py:154} INFO - [2023-12-15T21:15:05.686+0000] {dag.py:3722} INFO - Setting next_dagrun for example_dynamic_task_mapping to 2022-03-04T00:00:00+00:00, run_after=2022-03-05T00:00:00+00:00
[2023-12-15T21:15:05.733+0000] {processor.py:179} INFO - Processing /home/airflow/.local/lib/python3.8/site-packages/airflow/example_dags/example_dynamic_task_mapping.py took 0.227 seconds
[2023-12-15T21:15:43.659+0000] {processor.py:157} INFO - Started process (PID=618) to work on /home/airflow/.local/lib/python3.8/site-packages/airflow/example_dags/example_dynamic_task_mapping.py
[2023-12-15T21:15:43.672+0000] {processor.py:829} INFO - Processing file /home/airflow/.local/lib/python3.8/site-packages/airflow/example_dags/example_dynamic_task_mapping.py for tasks to queue
[2023-12-15T21:15:43.682+0000] {logging_mixin.py:154} INFO - [2023-12-15T21:15:43.680+0000] {dagbag.py:536} INFO - Filling up the DagBag from /home/airflow/.local/lib/python3.8/site-packages/airflow/example_dags/example_dynamic_task_mapping.py
[2023-12-15T21:15:43.746+0000] {processor.py:839} INFO - DAG(s) dict_keys(['example_dynamic_task_mapping']) retrieved from /home/airflow/.local/lib/python3.8/site-packages/airflow/example_dags/example_dynamic_task_mapping.py
[2023-12-15T21:15:43.869+0000] {logging_mixin.py:154} INFO - [2023-12-15T21:15:43.868+0000] {dag.py:2941} INFO - Sync 1 DAGs
[2023-12-15T21:15:44.148+0000] {logging_mixin.py:154} INFO - [2023-12-15T21:15:44.148+0000] {dag.py:3722} INFO - Setting next_dagrun for example_dynamic_task_mapping to 2022-03-04T00:00:00+00:00, run_after=2022-03-05T00:00:00+00:00
[2023-12-15T21:15:44.414+0000] {processor.py:179} INFO - Processing /home/airflow/.local/lib/python3.8/site-packages/airflow/example_dags/example_dynamic_task_mapping.py took 0.784 seconds
[2023-12-15T21:16:33.997+0000] {processor.py:157} INFO - Started process (PID=684) to work on /home/airflow/.local/lib/python3.8/site-packages/airflow/example_dags/example_dynamic_task_mapping.py
[2023-12-15T21:16:34.027+0000] {processor.py:829} INFO - Processing file /home/airflow/.local/lib/python3.8/site-packages/airflow/example_dags/example_dynamic_task_mapping.py for tasks to queue
[2023-12-15T21:16:34.069+0000] {logging_mixin.py:154} INFO - [2023-12-15T21:16:34.068+0000] {dagbag.py:536} INFO - Filling up the DagBag from /home/airflow/.local/lib/python3.8/site-packages/airflow/example_dags/example_dynamic_task_mapping.py
[2023-12-15T21:16:34.146+0000] {processor.py:839} INFO - DAG(s) dict_keys(['example_dynamic_task_mapping']) retrieved from /home/airflow/.local/lib/python3.8/site-packages/airflow/example_dags/example_dynamic_task_mapping.py
[2023-12-15T21:16:34.303+0000] {logging_mixin.py:154} INFO - [2023-12-15T21:16:34.303+0000] {dag.py:2941} INFO - Sync 1 DAGs
[2023-12-15T21:16:34.446+0000] {logging_mixin.py:154} INFO - [2023-12-15T21:16:34.445+0000] {dag.py:3722} INFO - Setting next_dagrun for example_dynamic_task_mapping to 2022-03-04T00:00:00+00:00, run_after=2022-03-05T00:00:00+00:00
[2023-12-15T21:16:34.527+0000] {processor.py:179} INFO - Processing /home/airflow/.local/lib/python3.8/site-packages/airflow/example_dags/example_dynamic_task_mapping.py took 0.593 seconds
[2023-12-15T21:17:13.174+0000] {processor.py:157} INFO - Started process (PID=740) to work on /home/airflow/.local/lib/python3.8/site-packages/airflow/example_dags/example_dynamic_task_mapping.py
[2023-12-15T21:17:13.176+0000] {processor.py:829} INFO - Processing file /home/airflow/.local/lib/python3.8/site-packages/airflow/example_dags/example_dynamic_task_mapping.py for tasks to queue
[2023-12-15T21:17:13.183+0000] {logging_mixin.py:154} INFO - [2023-12-15T21:17:13.181+0000] {dagbag.py:536} INFO - Filling up the DagBag from /home/airflow/.local/lib/python3.8/site-packages/airflow/example_dags/example_dynamic_task_mapping.py
[2023-12-15T21:17:13.208+0000] {processor.py:839} INFO - DAG(s) dict_keys(['example_dynamic_task_mapping']) retrieved from /home/airflow/.local/lib/python3.8/site-packages/airflow/example_dags/example_dynamic_task_mapping.py
[2023-12-15T21:17:13.275+0000] {logging_mixin.py:154} INFO - [2023-12-15T21:17:13.274+0000] {dag.py:2941} INFO - Sync 1 DAGs
[2023-12-15T21:17:13.336+0000] {logging_mixin.py:154} INFO - [2023-12-15T21:17:13.336+0000] {dag.py:3722} INFO - Setting next_dagrun for example_dynamic_task_mapping to 2022-03-04T00:00:00+00:00, run_after=2022-03-05T00:00:00+00:00
[2023-12-15T21:17:13.379+0000] {processor.py:179} INFO - Processing /home/airflow/.local/lib/python3.8/site-packages/airflow/example_dags/example_dynamic_task_mapping.py took 0.220 seconds
[2023-12-15T21:28:30.639+0000] {processor.py:157} INFO - Started process (PID=106) to work on /home/airflow/.local/lib/python3.8/site-packages/airflow/example_dags/example_dynamic_task_mapping.py
[2023-12-15T21:28:30.666+0000] {processor.py:829} INFO - Processing file /home/airflow/.local/lib/python3.8/site-packages/airflow/example_dags/example_dynamic_task_mapping.py for tasks to queue
[2023-12-15T21:28:30.689+0000] {logging_mixin.py:154} INFO - [2023-12-15T21:28:30.689+0000] {dagbag.py:536} INFO - Filling up the DagBag from /home/airflow/.local/lib/python3.8/site-packages/airflow/example_dags/example_dynamic_task_mapping.py
[2023-12-15T21:28:30.755+0000] {processor.py:839} INFO - DAG(s) dict_keys(['example_dynamic_task_mapping']) retrieved from /home/airflow/.local/lib/python3.8/site-packages/airflow/example_dags/example_dynamic_task_mapping.py
[2023-12-15T21:28:30.973+0000] {logging_mixin.py:154} INFO - [2023-12-15T21:28:30.972+0000] {dag.py:2941} INFO - Sync 1 DAGs
[2023-12-15T21:28:31.275+0000] {logging_mixin.py:154} INFO - [2023-12-15T21:28:31.275+0000] {dag.py:3722} INFO - Setting next_dagrun for example_dynamic_task_mapping to 2022-03-04T00:00:00+00:00, run_after=2022-03-05T00:00:00+00:00
[2023-12-15T21:28:31.496+0000] {processor.py:179} INFO - Processing /home/airflow/.local/lib/python3.8/site-packages/airflow/example_dags/example_dynamic_task_mapping.py took 0.940 seconds
[2023-12-15T21:29:33.420+0000] {processor.py:157} INFO - Started process (PID=169) to work on /home/airflow/.local/lib/python3.8/site-packages/airflow/example_dags/example_dynamic_task_mapping.py
[2023-12-15T21:29:33.457+0000] {processor.py:829} INFO - Processing file /home/airflow/.local/lib/python3.8/site-packages/airflow/example_dags/example_dynamic_task_mapping.py for tasks to queue
[2023-12-15T21:29:33.472+0000] {logging_mixin.py:154} INFO - [2023-12-15T21:29:33.471+0000] {dagbag.py:536} INFO - Filling up the DagBag from /home/airflow/.local/lib/python3.8/site-packages/airflow/example_dags/example_dynamic_task_mapping.py
[2023-12-15T21:29:33.703+0000] {processor.py:839} INFO - DAG(s) dict_keys(['example_dynamic_task_mapping']) retrieved from /home/airflow/.local/lib/python3.8/site-packages/airflow/example_dags/example_dynamic_task_mapping.py
[2023-12-15T21:29:34.183+0000] {logging_mixin.py:154} INFO - [2023-12-15T21:29:34.182+0000] {dag.py:2941} INFO - Sync 1 DAGs
[2023-12-15T21:29:34.441+0000] {logging_mixin.py:154} INFO - [2023-12-15T21:29:34.440+0000] {dag.py:3722} INFO - Setting next_dagrun for example_dynamic_task_mapping to 2022-03-04T00:00:00+00:00, run_after=2022-03-05T00:00:00+00:00
[2023-12-15T21:29:34.654+0000] {processor.py:179} INFO - Processing /home/airflow/.local/lib/python3.8/site-packages/airflow/example_dags/example_dynamic_task_mapping.py took 1.276 seconds
[2023-12-15T21:30:31.668+0000] {processor.py:157} INFO - Started process (PID=233) to work on /home/airflow/.local/lib/python3.8/site-packages/airflow/example_dags/example_dynamic_task_mapping.py
[2023-12-15T21:30:31.688+0000] {processor.py:829} INFO - Processing file /home/airflow/.local/lib/python3.8/site-packages/airflow/example_dags/example_dynamic_task_mapping.py for tasks to queue
[2023-12-15T21:30:31.705+0000] {logging_mixin.py:154} INFO - [2023-12-15T21:30:31.704+0000] {dagbag.py:536} INFO - Filling up the DagBag from /home/airflow/.local/lib/python3.8/site-packages/airflow/example_dags/example_dynamic_task_mapping.py
[2023-12-15T21:30:31.765+0000] {processor.py:839} INFO - DAG(s) dict_keys(['example_dynamic_task_mapping']) retrieved from /home/airflow/.local/lib/python3.8/site-packages/airflow/example_dags/example_dynamic_task_mapping.py
[2023-12-15T21:30:37.268+0000] {logging_mixin.py:154} INFO - [2023-12-15T21:30:37.268+0000] {process_utils.py:259} INFO - Waiting up to 5 seconds for processes to exit...
[2023-12-15T21:35:48.574+0000] {processor.py:157} INFO - Started process (PID=93) to work on /home/airflow/.local/lib/python3.8/site-packages/airflow/example_dags/example_dynamic_task_mapping.py
[2023-12-15T21:35:48.585+0000] {processor.py:829} INFO - Processing file /home/airflow/.local/lib/python3.8/site-packages/airflow/example_dags/example_dynamic_task_mapping.py for tasks to queue
[2023-12-15T21:35:48.614+0000] {logging_mixin.py:154} INFO - [2023-12-15T21:35:48.612+0000] {dagbag.py:536} INFO - Filling up the DagBag from /home/airflow/.local/lib/python3.8/site-packages/airflow/example_dags/example_dynamic_task_mapping.py
[2023-12-15T21:35:48.706+0000] {processor.py:839} INFO - DAG(s) dict_keys(['example_dynamic_task_mapping']) retrieved from /home/airflow/.local/lib/python3.8/site-packages/airflow/example_dags/example_dynamic_task_mapping.py
[2023-12-15T21:35:48.958+0000] {logging_mixin.py:154} INFO - [2023-12-15T21:35:48.958+0000] {dag.py:2941} INFO - Sync 1 DAGs
[2023-12-15T21:35:49.169+0000] {logging_mixin.py:154} INFO - [2023-12-15T21:35:49.169+0000] {dag.py:3722} INFO - Setting next_dagrun for example_dynamic_task_mapping to 2022-03-04T00:00:00+00:00, run_after=2022-03-05T00:00:00+00:00
[2023-12-15T21:35:49.328+0000] {processor.py:179} INFO - Processing /home/airflow/.local/lib/python3.8/site-packages/airflow/example_dags/example_dynamic_task_mapping.py took 0.800 seconds
[2023-12-15T21:36:30.499+0000] {processor.py:157} INFO - Started process (PID=155) to work on /home/airflow/.local/lib/python3.8/site-packages/airflow/example_dags/example_dynamic_task_mapping.py
[2023-12-15T21:36:30.508+0000] {processor.py:829} INFO - Processing file /home/airflow/.local/lib/python3.8/site-packages/airflow/example_dags/example_dynamic_task_mapping.py for tasks to queue
[2023-12-15T21:36:30.532+0000] {logging_mixin.py:154} INFO - [2023-12-15T21:36:30.528+0000] {dagbag.py:536} INFO - Filling up the DagBag from /home/airflow/.local/lib/python3.8/site-packages/airflow/example_dags/example_dynamic_task_mapping.py
[2023-12-15T21:36:30.575+0000] {processor.py:839} INFO - DAG(s) dict_keys(['example_dynamic_task_mapping']) retrieved from /home/airflow/.local/lib/python3.8/site-packages/airflow/example_dags/example_dynamic_task_mapping.py
[2023-12-15T21:36:30.672+0000] {logging_mixin.py:154} INFO - [2023-12-15T21:36:30.672+0000] {dag.py:2941} INFO - Sync 1 DAGs
[2023-12-15T21:36:30.748+0000] {logging_mixin.py:154} INFO - [2023-12-15T21:36:30.748+0000] {dag.py:3722} INFO - Setting next_dagrun for example_dynamic_task_mapping to 2022-03-04T00:00:00+00:00, run_after=2022-03-05T00:00:00+00:00
[2023-12-15T21:36:30.813+0000] {processor.py:179} INFO - Processing /home/airflow/.local/lib/python3.8/site-packages/airflow/example_dags/example_dynamic_task_mapping.py took 0.359 seconds
[2023-12-15T21:37:01.482+0000] {processor.py:157} INFO - Started process (PID=211) to work on /home/airflow/.local/lib/python3.8/site-packages/airflow/example_dags/example_dynamic_task_mapping.py
[2023-12-15T21:37:01.485+0000] {processor.py:829} INFO - Processing file /home/airflow/.local/lib/python3.8/site-packages/airflow/example_dags/example_dynamic_task_mapping.py for tasks to queue
[2023-12-15T21:37:01.492+0000] {logging_mixin.py:154} INFO - [2023-12-15T21:37:01.491+0000] {dagbag.py:536} INFO - Filling up the DagBag from /home/airflow/.local/lib/python3.8/site-packages/airflow/example_dags/example_dynamic_task_mapping.py
[2023-12-15T21:37:01.522+0000] {processor.py:839} INFO - DAG(s) dict_keys(['example_dynamic_task_mapping']) retrieved from /home/airflow/.local/lib/python3.8/site-packages/airflow/example_dags/example_dynamic_task_mapping.py
[2023-12-15T21:37:01.592+0000] {logging_mixin.py:154} INFO - [2023-12-15T21:37:01.592+0000] {dag.py:2941} INFO - Sync 1 DAGs
[2023-12-15T21:37:01.660+0000] {logging_mixin.py:154} INFO - [2023-12-15T21:37:01.660+0000] {dag.py:3722} INFO - Setting next_dagrun for example_dynamic_task_mapping to 2022-03-04T00:00:00+00:00, run_after=2022-03-05T00:00:00+00:00
[2023-12-15T21:37:01.715+0000] {processor.py:179} INFO - Processing /home/airflow/.local/lib/python3.8/site-packages/airflow/example_dags/example_dynamic_task_mapping.py took 0.243 seconds
[2023-12-15T21:37:32.002+0000] {processor.py:157} INFO - Started process (PID=266) to work on /home/airflow/.local/lib/python3.8/site-packages/airflow/example_dags/example_dynamic_task_mapping.py
[2023-12-15T21:37:32.005+0000] {processor.py:829} INFO - Processing file /home/airflow/.local/lib/python3.8/site-packages/airflow/example_dags/example_dynamic_task_mapping.py for tasks to queue
[2023-12-15T21:37:32.012+0000] {logging_mixin.py:154} INFO - [2023-12-15T21:37:32.011+0000] {dagbag.py:536} INFO - Filling up the DagBag from /home/airflow/.local/lib/python3.8/site-packages/airflow/example_dags/example_dynamic_task_mapping.py
[2023-12-15T21:37:32.033+0000] {processor.py:839} INFO - DAG(s) dict_keys(['example_dynamic_task_mapping']) retrieved from /home/airflow/.local/lib/python3.8/site-packages/airflow/example_dags/example_dynamic_task_mapping.py
[2023-12-15T21:37:32.098+0000] {logging_mixin.py:154} INFO - [2023-12-15T21:37:32.098+0000] {dag.py:2941} INFO - Sync 1 DAGs
[2023-12-15T21:37:32.189+0000] {logging_mixin.py:154} INFO - [2023-12-15T21:37:32.189+0000] {dag.py:3722} INFO - Setting next_dagrun for example_dynamic_task_mapping to 2022-03-04T00:00:00+00:00, run_after=2022-03-05T00:00:00+00:00
[2023-12-15T21:37:32.246+0000] {processor.py:179} INFO - Processing /home/airflow/.local/lib/python3.8/site-packages/airflow/example_dags/example_dynamic_task_mapping.py took 0.259 seconds
[2023-12-15T21:38:19.553+0000] {processor.py:157} INFO - Started process (PID=315) to work on /home/airflow/.local/lib/python3.8/site-packages/airflow/example_dags/example_dynamic_task_mapping.py
[2023-12-15T21:38:19.568+0000] {processor.py:829} INFO - Processing file /home/airflow/.local/lib/python3.8/site-packages/airflow/example_dags/example_dynamic_task_mapping.py for tasks to queue
[2023-12-15T21:38:19.575+0000] {logging_mixin.py:154} INFO - [2023-12-15T21:38:19.574+0000] {dagbag.py:536} INFO - Filling up the DagBag from /home/airflow/.local/lib/python3.8/site-packages/airflow/example_dags/example_dynamic_task_mapping.py
[2023-12-15T21:38:19.664+0000] {processor.py:839} INFO - DAG(s) dict_keys(['example_dynamic_task_mapping']) retrieved from /home/airflow/.local/lib/python3.8/site-packages/airflow/example_dags/example_dynamic_task_mapping.py
[2023-12-15T21:38:19.784+0000] {logging_mixin.py:154} INFO - [2023-12-15T21:38:19.784+0000] {dag.py:2941} INFO - Sync 1 DAGs
[2023-12-15T21:38:19.958+0000] {logging_mixin.py:154} INFO - [2023-12-15T21:38:19.957+0000] {dag.py:3722} INFO - Setting next_dagrun for example_dynamic_task_mapping to 2022-03-04T00:00:00+00:00, run_after=2022-03-05T00:00:00+00:00
[2023-12-15T21:38:20.103+0000] {processor.py:179} INFO - Processing /home/airflow/.local/lib/python3.8/site-packages/airflow/example_dags/example_dynamic_task_mapping.py took 0.599 seconds
[2023-12-15T21:39:17.614+0000] {processor.py:157} INFO - Started process (PID=378) to work on /home/airflow/.local/lib/python3.8/site-packages/airflow/example_dags/example_dynamic_task_mapping.py
[2023-12-15T21:39:17.637+0000] {processor.py:829} INFO - Processing file /home/airflow/.local/lib/python3.8/site-packages/airflow/example_dags/example_dynamic_task_mapping.py for tasks to queue
[2023-12-15T21:39:17.699+0000] {logging_mixin.py:154} INFO - [2023-12-15T21:39:17.679+0000] {dagbag.py:536} INFO - Filling up the DagBag from /home/airflow/.local/lib/python3.8/site-packages/airflow/example_dags/example_dynamic_task_mapping.py
[2023-12-15T21:39:17.763+0000] {processor.py:839} INFO - DAG(s) dict_keys(['example_dynamic_task_mapping']) retrieved from /home/airflow/.local/lib/python3.8/site-packages/airflow/example_dags/example_dynamic_task_mapping.py
[2023-12-15T21:39:18.110+0000] {logging_mixin.py:154} INFO - [2023-12-15T21:39:18.109+0000] {dag.py:2941} INFO - Sync 1 DAGs
[2023-12-15T21:39:18.695+0000] {logging_mixin.py:154} INFO - [2023-12-15T21:39:18.678+0000] {dag.py:3722} INFO - Setting next_dagrun for example_dynamic_task_mapping to 2022-03-04T00:00:00+00:00, run_after=2022-03-05T00:00:00+00:00
[2023-12-15T21:39:19.236+0000] {processor.py:179} INFO - Processing /home/airflow/.local/lib/python3.8/site-packages/airflow/example_dags/example_dynamic_task_mapping.py took 1.713 seconds
[2023-12-15T21:39:49.893+0000] {processor.py:157} INFO - Started process (PID=434) to work on /home/airflow/.local/lib/python3.8/site-packages/airflow/example_dags/example_dynamic_task_mapping.py
[2023-12-15T21:39:49.899+0000] {processor.py:829} INFO - Processing file /home/airflow/.local/lib/python3.8/site-packages/airflow/example_dags/example_dynamic_task_mapping.py for tasks to queue
[2023-12-15T21:39:49.907+0000] {logging_mixin.py:154} INFO - [2023-12-15T21:39:49.906+0000] {dagbag.py:536} INFO - Filling up the DagBag from /home/airflow/.local/lib/python3.8/site-packages/airflow/example_dags/example_dynamic_task_mapping.py
[2023-12-15T21:39:49.968+0000] {processor.py:839} INFO - DAG(s) dict_keys(['example_dynamic_task_mapping']) retrieved from /home/airflow/.local/lib/python3.8/site-packages/airflow/example_dags/example_dynamic_task_mapping.py
[2023-12-15T21:39:50.150+0000] {logging_mixin.py:154} INFO - [2023-12-15T21:39:50.149+0000] {dag.py:2941} INFO - Sync 1 DAGs
[2023-12-15T21:39:50.280+0000] {logging_mixin.py:154} INFO - [2023-12-15T21:39:50.279+0000] {dag.py:3722} INFO - Setting next_dagrun for example_dynamic_task_mapping to 2022-03-04T00:00:00+00:00, run_after=2022-03-05T00:00:00+00:00
[2023-12-15T21:39:50.502+0000] {processor.py:179} INFO - Processing /home/airflow/.local/lib/python3.8/site-packages/airflow/example_dags/example_dynamic_task_mapping.py took 0.644 seconds
[2023-12-15T21:40:20.885+0000] {processor.py:157} INFO - Started process (PID=490) to work on /home/airflow/.local/lib/python3.8/site-packages/airflow/example_dags/example_dynamic_task_mapping.py
[2023-12-15T21:40:20.892+0000] {processor.py:829} INFO - Processing file /home/airflow/.local/lib/python3.8/site-packages/airflow/example_dags/example_dynamic_task_mapping.py for tasks to queue
[2023-12-15T21:40:20.899+0000] {logging_mixin.py:154} INFO - [2023-12-15T21:40:20.898+0000] {dagbag.py:536} INFO - Filling up the DagBag from /home/airflow/.local/lib/python3.8/site-packages/airflow/example_dags/example_dynamic_task_mapping.py
[2023-12-15T21:40:20.943+0000] {processor.py:839} INFO - DAG(s) dict_keys(['example_dynamic_task_mapping']) retrieved from /home/airflow/.local/lib/python3.8/site-packages/airflow/example_dags/example_dynamic_task_mapping.py
[2023-12-15T21:40:21.063+0000] {logging_mixin.py:154} INFO - [2023-12-15T21:40:21.063+0000] {dag.py:2941} INFO - Sync 1 DAGs
[2023-12-15T21:40:21.186+0000] {logging_mixin.py:154} INFO - [2023-12-15T21:40:21.185+0000] {dag.py:3722} INFO - Setting next_dagrun for example_dynamic_task_mapping to 2022-03-04T00:00:00+00:00, run_after=2022-03-05T00:00:00+00:00
[2023-12-15T21:40:21.251+0000] {processor.py:179} INFO - Processing /home/airflow/.local/lib/python3.8/site-packages/airflow/example_dags/example_dynamic_task_mapping.py took 0.407 seconds
[2023-12-15T21:46:27.067+0000] {processor.py:157} INFO - Started process (PID=108) to work on /home/airflow/.local/lib/python3.8/site-packages/airflow/example_dags/example_dynamic_task_mapping.py
[2023-12-15T21:46:27.112+0000] {processor.py:829} INFO - Processing file /home/airflow/.local/lib/python3.8/site-packages/airflow/example_dags/example_dynamic_task_mapping.py for tasks to queue
[2023-12-15T21:46:27.228+0000] {logging_mixin.py:154} INFO - [2023-12-15T21:46:27.217+0000] {dagbag.py:536} INFO - Filling up the DagBag from /home/airflow/.local/lib/python3.8/site-packages/airflow/example_dags/example_dynamic_task_mapping.py
[2023-12-15T21:46:27.684+0000] {processor.py:839} INFO - DAG(s) dict_keys(['example_dynamic_task_mapping']) retrieved from /home/airflow/.local/lib/python3.8/site-packages/airflow/example_dags/example_dynamic_task_mapping.py
[2023-12-15T21:46:28.505+0000] {logging_mixin.py:154} INFO - [2023-12-15T21:46:28.505+0000] {dag.py:2941} INFO - Sync 1 DAGs
[2023-12-15T21:46:29.073+0000] {logging_mixin.py:154} INFO - [2023-12-15T21:46:29.073+0000] {dag.py:3722} INFO - Setting next_dagrun for example_dynamic_task_mapping to 2022-03-04T00:00:00+00:00, run_after=2022-03-05T00:00:00+00:00
[2023-12-15T21:46:29.580+0000] {processor.py:179} INFO - Processing /home/airflow/.local/lib/python3.8/site-packages/airflow/example_dags/example_dynamic_task_mapping.py took 2.592 seconds
