[2023-12-15T20:50:15.882+0000] {processor.py:157} INFO - Started process (PID=61) to work on /home/airflow/.local/lib/python3.8/site-packages/airflow/example_dags/example_local_kubernetes_executor.py
[2023-12-15T20:50:15.884+0000] {processor.py:829} INFO - Processing file /home/airflow/.local/lib/python3.8/site-packages/airflow/example_dags/example_local_kubernetes_executor.py for tasks to queue
[2023-12-15T20:50:15.912+0000] {logging_mixin.py:154} INFO - [2023-12-15T20:50:15.911+0000] {dagbag.py:536} INFO - Filling up the DagBag from /home/airflow/.local/lib/python3.8/site-packages/airflow/example_dags/example_local_kubernetes_executor.py
[2023-12-15T20:50:16.043+0000] {processor.py:839} INFO - DAG(s) dict_keys(['example_local_kubernetes_executor']) retrieved from /home/airflow/.local/lib/python3.8/site-packages/airflow/example_dags/example_local_kubernetes_executor.py
[2023-12-15T20:50:16.910+0000] {logging_mixin.py:154} INFO - [2023-12-15T20:50:16.910+0000] {manager.py:499} INFO - Created Permission View: %s
[2023-12-15T20:50:16.976+0000] {logging_mixin.py:154} INFO - [2023-12-15T20:50:16.976+0000] {manager.py:499} INFO - Created Permission View: %s
[2023-12-15T20:50:17.042+0000] {logging_mixin.py:154} INFO - [2023-12-15T20:50:17.042+0000] {manager.py:499} INFO - Created Permission View: %s
[2023-12-15T20:50:17.043+0000] {logging_mixin.py:154} INFO - [2023-12-15T20:50:17.042+0000] {dag.py:2941} INFO - Sync 1 DAGs
[2023-12-15T20:50:17.073+0000] {logging_mixin.py:154} INFO - [2023-12-15T20:50:17.073+0000] {dag.py:2963} INFO - Creating ORM DAG for example_local_kubernetes_executor
[2023-12-15T20:50:17.074+0000] {logging_mixin.py:154} INFO - [2023-12-15T20:50:17.074+0000] {dag.py:3722} INFO - Setting next_dagrun for example_local_kubernetes_executor to None, run_after=None
[2023-12-15T20:50:17.150+0000] {processor.py:179} INFO - Processing /home/airflow/.local/lib/python3.8/site-packages/airflow/example_dags/example_local_kubernetes_executor.py took 1.289 seconds
[2023-12-15T21:10:59.235+0000] {processor.py:157} INFO - Started process (PID=137) to work on /home/airflow/.local/lib/python3.8/site-packages/airflow/example_dags/example_local_kubernetes_executor.py
[2023-12-15T21:10:59.267+0000] {processor.py:829} INFO - Processing file /home/airflow/.local/lib/python3.8/site-packages/airflow/example_dags/example_local_kubernetes_executor.py for tasks to queue
[2023-12-15T21:10:59.304+0000] {logging_mixin.py:154} INFO - [2023-12-15T21:10:59.286+0000] {dagbag.py:536} INFO - Filling up the DagBag from /home/airflow/.local/lib/python3.8/site-packages/airflow/example_dags/example_local_kubernetes_executor.py
[2023-12-15T21:10:59.410+0000] {processor.py:839} INFO - DAG(s) dict_keys(['example_local_kubernetes_executor']) retrieved from /home/airflow/.local/lib/python3.8/site-packages/airflow/example_dags/example_local_kubernetes_executor.py
[2023-12-15T21:11:00.026+0000] {logging_mixin.py:154} INFO - [2023-12-15T21:11:00.026+0000] {dag.py:2941} INFO - Sync 1 DAGs
[2023-12-15T21:11:00.192+0000] {logging_mixin.py:154} INFO - [2023-12-15T21:11:00.192+0000] {dag.py:3722} INFO - Setting next_dagrun for example_local_kubernetes_executor to None, run_after=None
[2023-12-15T21:11:00.318+0000] {processor.py:179} INFO - Processing /home/airflow/.local/lib/python3.8/site-packages/airflow/example_dags/example_local_kubernetes_executor.py took 1.143 seconds
[2023-12-15T21:11:33.451+0000] {processor.py:157} INFO - Started process (PID=193) to work on /home/airflow/.local/lib/python3.8/site-packages/airflow/example_dags/example_local_kubernetes_executor.py
[2023-12-15T21:11:33.464+0000] {processor.py:829} INFO - Processing file /home/airflow/.local/lib/python3.8/site-packages/airflow/example_dags/example_local_kubernetes_executor.py for tasks to queue
[2023-12-15T21:11:33.495+0000] {logging_mixin.py:154} INFO - [2023-12-15T21:11:33.494+0000] {dagbag.py:536} INFO - Filling up the DagBag from /home/airflow/.local/lib/python3.8/site-packages/airflow/example_dags/example_local_kubernetes_executor.py
[2023-12-15T21:11:33.920+0000] {processor.py:839} INFO - DAG(s) dict_keys(['example_local_kubernetes_executor']) retrieved from /home/airflow/.local/lib/python3.8/site-packages/airflow/example_dags/example_local_kubernetes_executor.py
[2023-12-15T21:11:34.271+0000] {logging_mixin.py:154} INFO - [2023-12-15T21:11:34.271+0000] {dag.py:2941} INFO - Sync 1 DAGs
[2023-12-15T21:11:34.401+0000] {logging_mixin.py:154} INFO - [2023-12-15T21:11:34.401+0000] {dag.py:3722} INFO - Setting next_dagrun for example_local_kubernetes_executor to None, run_after=None
[2023-12-15T21:11:34.616+0000] {processor.py:179} INFO - Processing /home/airflow/.local/lib/python3.8/site-packages/airflow/example_dags/example_local_kubernetes_executor.py took 1.287 seconds
[2023-12-15T21:12:08.694+0000] {processor.py:157} INFO - Started process (PID=249) to work on /home/airflow/.local/lib/python3.8/site-packages/airflow/example_dags/example_local_kubernetes_executor.py
[2023-12-15T21:12:08.712+0000] {processor.py:829} INFO - Processing file /home/airflow/.local/lib/python3.8/site-packages/airflow/example_dags/example_local_kubernetes_executor.py for tasks to queue
[2023-12-15T21:12:08.749+0000] {logging_mixin.py:154} INFO - [2023-12-15T21:12:08.748+0000] {dagbag.py:536} INFO - Filling up the DagBag from /home/airflow/.local/lib/python3.8/site-packages/airflow/example_dags/example_local_kubernetes_executor.py
[2023-12-15T21:12:08.941+0000] {processor.py:839} INFO - DAG(s) dict_keys(['example_local_kubernetes_executor']) retrieved from /home/airflow/.local/lib/python3.8/site-packages/airflow/example_dags/example_local_kubernetes_executor.py
[2023-12-15T21:12:10.036+0000] {logging_mixin.py:154} INFO - [2023-12-15T21:12:10.035+0000] {dag.py:2941} INFO - Sync 1 DAGs
[2023-12-15T21:12:10.598+0000] {logging_mixin.py:154} INFO - [2023-12-15T21:12:10.597+0000] {dag.py:3722} INFO - Setting next_dagrun for example_local_kubernetes_executor to None, run_after=None
[2023-12-15T21:12:11.002+0000] {processor.py:179} INFO - Processing /home/airflow/.local/lib/python3.8/site-packages/airflow/example_dags/example_local_kubernetes_executor.py took 2.342 seconds
[2023-12-15T21:12:41.489+0000] {processor.py:157} INFO - Started process (PID=305) to work on /home/airflow/.local/lib/python3.8/site-packages/airflow/example_dags/example_local_kubernetes_executor.py
[2023-12-15T21:12:41.494+0000] {processor.py:829} INFO - Processing file /home/airflow/.local/lib/python3.8/site-packages/airflow/example_dags/example_local_kubernetes_executor.py for tasks to queue
[2023-12-15T21:12:41.504+0000] {logging_mixin.py:154} INFO - [2023-12-15T21:12:41.502+0000] {dagbag.py:536} INFO - Filling up the DagBag from /home/airflow/.local/lib/python3.8/site-packages/airflow/example_dags/example_local_kubernetes_executor.py
[2023-12-15T21:12:41.521+0000] {processor.py:839} INFO - DAG(s) dict_keys(['example_local_kubernetes_executor']) retrieved from /home/airflow/.local/lib/python3.8/site-packages/airflow/example_dags/example_local_kubernetes_executor.py
[2023-12-15T21:12:41.606+0000] {logging_mixin.py:154} INFO - [2023-12-15T21:12:41.605+0000] {dag.py:2941} INFO - Sync 1 DAGs
[2023-12-15T21:12:41.641+0000] {logging_mixin.py:154} INFO - [2023-12-15T21:12:41.641+0000] {dag.py:3722} INFO - Setting next_dagrun for example_local_kubernetes_executor to None, run_after=None
[2023-12-15T21:12:41.693+0000] {processor.py:179} INFO - Processing /home/airflow/.local/lib/python3.8/site-packages/airflow/example_dags/example_local_kubernetes_executor.py took 0.216 seconds
[2023-12-15T21:13:11.952+0000] {processor.py:157} INFO - Started process (PID=361) to work on /home/airflow/.local/lib/python3.8/site-packages/airflow/example_dags/example_local_kubernetes_executor.py
[2023-12-15T21:13:11.956+0000] {processor.py:829} INFO - Processing file /home/airflow/.local/lib/python3.8/site-packages/airflow/example_dags/example_local_kubernetes_executor.py for tasks to queue
[2023-12-15T21:13:11.965+0000] {logging_mixin.py:154} INFO - [2023-12-15T21:13:11.964+0000] {dagbag.py:536} INFO - Filling up the DagBag from /home/airflow/.local/lib/python3.8/site-packages/airflow/example_dags/example_local_kubernetes_executor.py
[2023-12-15T21:13:11.986+0000] {processor.py:839} INFO - DAG(s) dict_keys(['example_local_kubernetes_executor']) retrieved from /home/airflow/.local/lib/python3.8/site-packages/airflow/example_dags/example_local_kubernetes_executor.py
[2023-12-15T21:13:12.093+0000] {logging_mixin.py:154} INFO - [2023-12-15T21:13:12.093+0000] {dag.py:2941} INFO - Sync 1 DAGs
[2023-12-15T21:13:12.130+0000] {logging_mixin.py:154} INFO - [2023-12-15T21:13:12.130+0000] {dag.py:3722} INFO - Setting next_dagrun for example_local_kubernetes_executor to None, run_after=None
[2023-12-15T21:13:12.191+0000] {processor.py:179} INFO - Processing /home/airflow/.local/lib/python3.8/site-packages/airflow/example_dags/example_local_kubernetes_executor.py took 0.271 seconds
[2023-12-15T21:13:44.652+0000] {processor.py:157} INFO - Started process (PID=417) to work on /home/airflow/.local/lib/python3.8/site-packages/airflow/example_dags/example_local_kubernetes_executor.py
[2023-12-15T21:13:44.655+0000] {processor.py:829} INFO - Processing file /home/airflow/.local/lib/python3.8/site-packages/airflow/example_dags/example_local_kubernetes_executor.py for tasks to queue
[2023-12-15T21:13:44.661+0000] {logging_mixin.py:154} INFO - [2023-12-15T21:13:44.661+0000] {dagbag.py:536} INFO - Filling up the DagBag from /home/airflow/.local/lib/python3.8/site-packages/airflow/example_dags/example_local_kubernetes_executor.py
[2023-12-15T21:13:44.688+0000] {processor.py:839} INFO - DAG(s) dict_keys(['example_local_kubernetes_executor']) retrieved from /home/airflow/.local/lib/python3.8/site-packages/airflow/example_dags/example_local_kubernetes_executor.py
[2023-12-15T21:13:44.784+0000] {logging_mixin.py:154} INFO - [2023-12-15T21:13:44.783+0000] {dag.py:2941} INFO - Sync 1 DAGs
[2023-12-15T21:13:44.841+0000] {logging_mixin.py:154} INFO - [2023-12-15T21:13:44.841+0000] {dag.py:3722} INFO - Setting next_dagrun for example_local_kubernetes_executor to None, run_after=None
[2023-12-15T21:13:44.887+0000] {processor.py:179} INFO - Processing /home/airflow/.local/lib/python3.8/site-packages/airflow/example_dags/example_local_kubernetes_executor.py took 0.255 seconds
[2023-12-15T21:14:21.177+0000] {processor.py:157} INFO - Started process (PID=480) to work on /home/airflow/.local/lib/python3.8/site-packages/airflow/example_dags/example_local_kubernetes_executor.py
[2023-12-15T21:14:21.188+0000] {processor.py:829} INFO - Processing file /home/airflow/.local/lib/python3.8/site-packages/airflow/example_dags/example_local_kubernetes_executor.py for tasks to queue
[2023-12-15T21:14:21.205+0000] {logging_mixin.py:154} INFO - [2023-12-15T21:14:21.204+0000] {dagbag.py:536} INFO - Filling up the DagBag from /home/airflow/.local/lib/python3.8/site-packages/airflow/example_dags/example_local_kubernetes_executor.py
[2023-12-15T21:14:21.241+0000] {processor.py:839} INFO - DAG(s) dict_keys(['example_local_kubernetes_executor']) retrieved from /home/airflow/.local/lib/python3.8/site-packages/airflow/example_dags/example_local_kubernetes_executor.py
[2023-12-15T21:14:21.394+0000] {logging_mixin.py:154} INFO - [2023-12-15T21:14:21.394+0000] {dag.py:2941} INFO - Sync 1 DAGs
[2023-12-15T21:14:21.503+0000] {logging_mixin.py:154} INFO - [2023-12-15T21:14:21.503+0000] {dag.py:3722} INFO - Setting next_dagrun for example_local_kubernetes_executor to None, run_after=None
[2023-12-15T21:14:21.585+0000] {processor.py:179} INFO - Processing /home/airflow/.local/lib/python3.8/site-packages/airflow/example_dags/example_local_kubernetes_executor.py took 0.439 seconds
[2023-12-15T21:14:55.595+0000] {processor.py:157} INFO - Started process (PID=532) to work on /home/airflow/.local/lib/python3.8/site-packages/airflow/example_dags/example_local_kubernetes_executor.py
[2023-12-15T21:14:55.600+0000] {processor.py:829} INFO - Processing file /home/airflow/.local/lib/python3.8/site-packages/airflow/example_dags/example_local_kubernetes_executor.py for tasks to queue
[2023-12-15T21:14:55.629+0000] {logging_mixin.py:154} INFO - [2023-12-15T21:14:55.627+0000] {dagbag.py:536} INFO - Filling up the DagBag from /home/airflow/.local/lib/python3.8/site-packages/airflow/example_dags/example_local_kubernetes_executor.py
[2023-12-15T21:14:55.732+0000] {processor.py:839} INFO - DAG(s) dict_keys(['example_local_kubernetes_executor']) retrieved from /home/airflow/.local/lib/python3.8/site-packages/airflow/example_dags/example_local_kubernetes_executor.py
[2023-12-15T21:14:56.392+0000] {logging_mixin.py:154} INFO - [2023-12-15T21:14:56.391+0000] {dag.py:2941} INFO - Sync 1 DAGs
[2023-12-15T21:14:56.592+0000] {logging_mixin.py:154} INFO - [2023-12-15T21:14:56.591+0000] {dag.py:3722} INFO - Setting next_dagrun for example_local_kubernetes_executor to None, run_after=None
[2023-12-15T21:14:56.845+0000] {processor.py:179} INFO - Processing /home/airflow/.local/lib/python3.8/site-packages/airflow/example_dags/example_local_kubernetes_executor.py took 1.310 seconds
[2023-12-15T21:15:27.283+0000] {processor.py:157} INFO - Started process (PID=588) to work on /home/airflow/.local/lib/python3.8/site-packages/airflow/example_dags/example_local_kubernetes_executor.py
[2023-12-15T21:15:27.287+0000] {processor.py:829} INFO - Processing file /home/airflow/.local/lib/python3.8/site-packages/airflow/example_dags/example_local_kubernetes_executor.py for tasks to queue
[2023-12-15T21:15:27.296+0000] {logging_mixin.py:154} INFO - [2023-12-15T21:15:27.295+0000] {dagbag.py:536} INFO - Filling up the DagBag from /home/airflow/.local/lib/python3.8/site-packages/airflow/example_dags/example_local_kubernetes_executor.py
[2023-12-15T21:15:27.344+0000] {processor.py:839} INFO - DAG(s) dict_keys(['example_local_kubernetes_executor']) retrieved from /home/airflow/.local/lib/python3.8/site-packages/airflow/example_dags/example_local_kubernetes_executor.py
[2023-12-15T21:15:27.737+0000] {logging_mixin.py:154} INFO - [2023-12-15T21:15:27.736+0000] {dag.py:2941} INFO - Sync 1 DAGs
[2023-12-15T21:15:27.781+0000] {logging_mixin.py:154} INFO - [2023-12-15T21:15:27.781+0000] {dag.py:3722} INFO - Setting next_dagrun for example_local_kubernetes_executor to None, run_after=None
[2023-12-15T21:15:27.848+0000] {processor.py:179} INFO - Processing /home/airflow/.local/lib/python3.8/site-packages/airflow/example_dags/example_local_kubernetes_executor.py took 0.580 seconds
[2023-12-15T21:15:58.030+0000] {processor.py:157} INFO - Started process (PID=642) to work on /home/airflow/.local/lib/python3.8/site-packages/airflow/example_dags/example_local_kubernetes_executor.py
[2023-12-15T21:15:58.033+0000] {processor.py:829} INFO - Processing file /home/airflow/.local/lib/python3.8/site-packages/airflow/example_dags/example_local_kubernetes_executor.py for tasks to queue
[2023-12-15T21:15:58.041+0000] {logging_mixin.py:154} INFO - [2023-12-15T21:15:58.040+0000] {dagbag.py:536} INFO - Filling up the DagBag from /home/airflow/.local/lib/python3.8/site-packages/airflow/example_dags/example_local_kubernetes_executor.py
[2023-12-15T21:15:58.070+0000] {processor.py:839} INFO - DAG(s) dict_keys(['example_local_kubernetes_executor']) retrieved from /home/airflow/.local/lib/python3.8/site-packages/airflow/example_dags/example_local_kubernetes_executor.py
[2023-12-15T21:15:58.206+0000] {logging_mixin.py:154} INFO - [2023-12-15T21:15:58.205+0000] {dag.py:2941} INFO - Sync 1 DAGs
[2023-12-15T21:15:58.244+0000] {logging_mixin.py:154} INFO - [2023-12-15T21:15:58.243+0000] {dag.py:3722} INFO - Setting next_dagrun for example_local_kubernetes_executor to None, run_after=None
[2023-12-15T21:15:58.298+0000] {processor.py:179} INFO - Processing /home/airflow/.local/lib/python3.8/site-packages/airflow/example_dags/example_local_kubernetes_executor.py took 0.281 seconds
[2023-12-15T21:16:59.207+0000] {processor.py:157} INFO - Started process (PID=712) to work on /home/airflow/.local/lib/python3.8/site-packages/airflow/example_dags/example_local_kubernetes_executor.py
[2023-12-15T21:16:59.220+0000] {processor.py:829} INFO - Processing file /home/airflow/.local/lib/python3.8/site-packages/airflow/example_dags/example_local_kubernetes_executor.py for tasks to queue
[2023-12-15T21:16:59.235+0000] {logging_mixin.py:154} INFO - [2023-12-15T21:16:59.228+0000] {dagbag.py:536} INFO - Filling up the DagBag from /home/airflow/.local/lib/python3.8/site-packages/airflow/example_dags/example_local_kubernetes_executor.py
[2023-12-15T21:16:59.373+0000] {processor.py:839} INFO - DAG(s) dict_keys(['example_local_kubernetes_executor']) retrieved from /home/airflow/.local/lib/python3.8/site-packages/airflow/example_dags/example_local_kubernetes_executor.py
[2023-12-15T21:17:00.057+0000] {logging_mixin.py:154} INFO - [2023-12-15T21:17:00.056+0000] {dag.py:2941} INFO - Sync 1 DAGs
[2023-12-15T21:17:00.313+0000] {logging_mixin.py:154} INFO - [2023-12-15T21:17:00.313+0000] {dag.py:3722} INFO - Setting next_dagrun for example_local_kubernetes_executor to None, run_after=None
[2023-12-15T21:17:00.616+0000] {processor.py:179} INFO - Processing /home/airflow/.local/lib/python3.8/site-packages/airflow/example_dags/example_local_kubernetes_executor.py took 1.513 seconds
[2023-12-15T21:17:31.081+0000] {processor.py:157} INFO - Started process (PID=768) to work on /home/airflow/.local/lib/python3.8/site-packages/airflow/example_dags/example_local_kubernetes_executor.py
[2023-12-15T21:17:31.084+0000] {processor.py:829} INFO - Processing file /home/airflow/.local/lib/python3.8/site-packages/airflow/example_dags/example_local_kubernetes_executor.py for tasks to queue
[2023-12-15T21:17:31.090+0000] {logging_mixin.py:154} INFO - [2023-12-15T21:17:31.090+0000] {dagbag.py:536} INFO - Filling up the DagBag from /home/airflow/.local/lib/python3.8/site-packages/airflow/example_dags/example_local_kubernetes_executor.py
[2023-12-15T21:17:31.122+0000] {processor.py:839} INFO - DAG(s) dict_keys(['example_local_kubernetes_executor']) retrieved from /home/airflow/.local/lib/python3.8/site-packages/airflow/example_dags/example_local_kubernetes_executor.py
[2023-12-15T21:17:31.225+0000] {logging_mixin.py:154} INFO - [2023-12-15T21:17:31.225+0000] {dag.py:2941} INFO - Sync 1 DAGs
[2023-12-15T21:17:31.317+0000] {logging_mixin.py:154} INFO - [2023-12-15T21:17:31.317+0000] {dag.py:3722} INFO - Setting next_dagrun for example_local_kubernetes_executor to None, run_after=None
[2023-12-15T21:17:31.449+0000] {processor.py:179} INFO - Processing /home/airflow/.local/lib/python3.8/site-packages/airflow/example_dags/example_local_kubernetes_executor.py took 0.381 seconds
[2023-12-15T21:28:13.216+0000] {processor.py:157} INFO - Started process (PID=87) to work on /home/airflow/.local/lib/python3.8/site-packages/airflow/example_dags/example_local_kubernetes_executor.py
[2023-12-15T21:28:13.249+0000] {processor.py:829} INFO - Processing file /home/airflow/.local/lib/python3.8/site-packages/airflow/example_dags/example_local_kubernetes_executor.py for tasks to queue
[2023-12-15T21:28:13.424+0000] {logging_mixin.py:154} INFO - [2023-12-15T21:28:13.329+0000] {dagbag.py:536} INFO - Filling up the DagBag from /home/airflow/.local/lib/python3.8/site-packages/airflow/example_dags/example_local_kubernetes_executor.py
[2023-12-15T21:28:13.663+0000] {processor.py:839} INFO - DAG(s) dict_keys(['example_local_kubernetes_executor']) retrieved from /home/airflow/.local/lib/python3.8/site-packages/airflow/example_dags/example_local_kubernetes_executor.py
[2023-12-15T21:28:14.356+0000] {logging_mixin.py:154} INFO - [2023-12-15T21:28:14.356+0000] {dag.py:2941} INFO - Sync 1 DAGs
[2023-12-15T21:28:14.778+0000] {logging_mixin.py:154} INFO - [2023-12-15T21:28:14.777+0000] {dag.py:3722} INFO - Setting next_dagrun for example_local_kubernetes_executor to None, run_after=None
[2023-12-15T21:28:15.006+0000] {processor.py:179} INFO - Processing /home/airflow/.local/lib/python3.8/site-packages/airflow/example_dags/example_local_kubernetes_executor.py took 1.891 seconds
[2023-12-15T21:29:19.315+0000] {processor.py:157} INFO - Started process (PID=150) to work on /home/airflow/.local/lib/python3.8/site-packages/airflow/example_dags/example_local_kubernetes_executor.py
[2023-12-15T21:29:19.349+0000] {processor.py:829} INFO - Processing file /home/airflow/.local/lib/python3.8/site-packages/airflow/example_dags/example_local_kubernetes_executor.py for tasks to queue
[2023-12-15T21:29:19.393+0000] {logging_mixin.py:154} INFO - [2023-12-15T21:29:19.392+0000] {dagbag.py:536} INFO - Filling up the DagBag from /home/airflow/.local/lib/python3.8/site-packages/airflow/example_dags/example_local_kubernetes_executor.py
[2023-12-15T21:29:19.567+0000] {processor.py:839} INFO - DAG(s) dict_keys(['example_local_kubernetes_executor']) retrieved from /home/airflow/.local/lib/python3.8/site-packages/airflow/example_dags/example_local_kubernetes_executor.py
[2023-12-15T21:29:20.161+0000] {logging_mixin.py:154} INFO - [2023-12-15T21:29:20.160+0000] {dag.py:2941} INFO - Sync 1 DAGs
[2023-12-15T21:29:20.413+0000] {logging_mixin.py:154} INFO - [2023-12-15T21:29:20.413+0000] {dag.py:3722} INFO - Setting next_dagrun for example_local_kubernetes_executor to None, run_after=None
[2023-12-15T21:29:20.916+0000] {processor.py:179} INFO - Processing /home/airflow/.local/lib/python3.8/site-packages/airflow/example_dags/example_local_kubernetes_executor.py took 1.660 seconds
[2023-12-15T21:30:08.318+0000] {processor.py:157} INFO - Started process (PID=206) to work on /home/airflow/.local/lib/python3.8/site-packages/airflow/example_dags/example_local_kubernetes_executor.py
[2023-12-15T21:30:08.344+0000] {processor.py:829} INFO - Processing file /home/airflow/.local/lib/python3.8/site-packages/airflow/example_dags/example_local_kubernetes_executor.py for tasks to queue
[2023-12-15T21:30:08.375+0000] {logging_mixin.py:154} INFO - [2023-12-15T21:30:08.375+0000] {dagbag.py:536} INFO - Filling up the DagBag from /home/airflow/.local/lib/python3.8/site-packages/airflow/example_dags/example_local_kubernetes_executor.py
[2023-12-15T21:30:08.452+0000] {processor.py:839} INFO - DAG(s) dict_keys(['example_local_kubernetes_executor']) retrieved from /home/airflow/.local/lib/python3.8/site-packages/airflow/example_dags/example_local_kubernetes_executor.py
[2023-12-15T21:30:09.293+0000] {logging_mixin.py:154} INFO - [2023-12-15T21:30:09.292+0000] {dag.py:2941} INFO - Sync 1 DAGs
[2023-12-15T21:30:09.466+0000] {logging_mixin.py:154} INFO - [2023-12-15T21:30:09.465+0000] {dag.py:3722} INFO - Setting next_dagrun for example_local_kubernetes_executor to None, run_after=None
[2023-12-15T21:30:09.992+0000] {processor.py:179} INFO - Processing /home/airflow/.local/lib/python3.8/site-packages/airflow/example_dags/example_local_kubernetes_executor.py took 1.727 seconds
[2023-12-15T21:35:35.708+0000] {processor.py:157} INFO - Started process (PID=74) to work on /home/airflow/.local/lib/python3.8/site-packages/airflow/example_dags/example_local_kubernetes_executor.py
[2023-12-15T21:35:35.712+0000] {processor.py:829} INFO - Processing file /home/airflow/.local/lib/python3.8/site-packages/airflow/example_dags/example_local_kubernetes_executor.py for tasks to queue
[2023-12-15T21:35:35.726+0000] {logging_mixin.py:154} INFO - [2023-12-15T21:35:35.723+0000] {dagbag.py:536} INFO - Filling up the DagBag from /home/airflow/.local/lib/python3.8/site-packages/airflow/example_dags/example_local_kubernetes_executor.py
[2023-12-15T21:35:35.808+0000] {processor.py:839} INFO - DAG(s) dict_keys(['example_local_kubernetes_executor']) retrieved from /home/airflow/.local/lib/python3.8/site-packages/airflow/example_dags/example_local_kubernetes_executor.py
[2023-12-15T21:35:35.944+0000] {logging_mixin.py:154} INFO - [2023-12-15T21:35:35.944+0000] {dag.py:2941} INFO - Sync 1 DAGs
[2023-12-15T21:35:36.006+0000] {logging_mixin.py:154} INFO - [2023-12-15T21:35:36.006+0000] {dag.py:3722} INFO - Setting next_dagrun for example_local_kubernetes_executor to None, run_after=None
[2023-12-15T21:35:36.071+0000] {processor.py:179} INFO - Processing /home/airflow/.local/lib/python3.8/site-packages/airflow/example_dags/example_local_kubernetes_executor.py took 0.405 seconds
[2023-12-15T21:36:16.987+0000] {processor.py:157} INFO - Started process (PID=129) to work on /home/airflow/.local/lib/python3.8/site-packages/airflow/example_dags/example_local_kubernetes_executor.py
[2023-12-15T21:36:16.997+0000] {processor.py:829} INFO - Processing file /home/airflow/.local/lib/python3.8/site-packages/airflow/example_dags/example_local_kubernetes_executor.py for tasks to queue
[2023-12-15T21:36:17.005+0000] {logging_mixin.py:154} INFO - [2023-12-15T21:36:17.004+0000] {dagbag.py:536} INFO - Filling up the DagBag from /home/airflow/.local/lib/python3.8/site-packages/airflow/example_dags/example_local_kubernetes_executor.py
[2023-12-15T21:36:17.069+0000] {processor.py:839} INFO - DAG(s) dict_keys(['example_local_kubernetes_executor']) retrieved from /home/airflow/.local/lib/python3.8/site-packages/airflow/example_dags/example_local_kubernetes_executor.py
[2023-12-15T21:36:17.453+0000] {logging_mixin.py:154} INFO - [2023-12-15T21:36:17.453+0000] {dag.py:2941} INFO - Sync 1 DAGs
[2023-12-15T21:36:17.584+0000] {logging_mixin.py:154} INFO - [2023-12-15T21:36:17.571+0000] {dag.py:3722} INFO - Setting next_dagrun for example_local_kubernetes_executor to None, run_after=None
[2023-12-15T21:36:17.765+0000] {processor.py:179} INFO - Processing /home/airflow/.local/lib/python3.8/site-packages/airflow/example_dags/example_local_kubernetes_executor.py took 0.813 seconds
[2023-12-15T21:36:52.460+0000] {processor.py:157} INFO - Started process (PID=185) to work on /home/airflow/.local/lib/python3.8/site-packages/airflow/example_dags/example_local_kubernetes_executor.py
[2023-12-15T21:36:52.465+0000] {processor.py:829} INFO - Processing file /home/airflow/.local/lib/python3.8/site-packages/airflow/example_dags/example_local_kubernetes_executor.py for tasks to queue
[2023-12-15T21:36:52.474+0000] {logging_mixin.py:154} INFO - [2023-12-15T21:36:52.472+0000] {dagbag.py:536} INFO - Filling up the DagBag from /home/airflow/.local/lib/python3.8/site-packages/airflow/example_dags/example_local_kubernetes_executor.py
[2023-12-15T21:36:52.518+0000] {processor.py:839} INFO - DAG(s) dict_keys(['example_local_kubernetes_executor']) retrieved from /home/airflow/.local/lib/python3.8/site-packages/airflow/example_dags/example_local_kubernetes_executor.py
[2023-12-15T21:36:52.839+0000] {logging_mixin.py:154} INFO - [2023-12-15T21:36:52.839+0000] {dag.py:2941} INFO - Sync 1 DAGs
[2023-12-15T21:36:52.920+0000] {logging_mixin.py:154} INFO - [2023-12-15T21:36:52.920+0000] {dag.py:3722} INFO - Setting next_dagrun for example_local_kubernetes_executor to None, run_after=None
[2023-12-15T21:36:53.022+0000] {processor.py:179} INFO - Processing /home/airflow/.local/lib/python3.8/site-packages/airflow/example_dags/example_local_kubernetes_executor.py took 0.578 seconds
[2023-12-15T21:37:26.454+0000] {processor.py:157} INFO - Started process (PID=241) to work on /home/airflow/.local/lib/python3.8/site-packages/airflow/example_dags/example_local_kubernetes_executor.py
[2023-12-15T21:37:26.461+0000] {processor.py:829} INFO - Processing file /home/airflow/.local/lib/python3.8/site-packages/airflow/example_dags/example_local_kubernetes_executor.py for tasks to queue
[2023-12-15T21:37:26.476+0000] {logging_mixin.py:154} INFO - [2023-12-15T21:37:26.475+0000] {dagbag.py:536} INFO - Filling up the DagBag from /home/airflow/.local/lib/python3.8/site-packages/airflow/example_dags/example_local_kubernetes_executor.py
[2023-12-15T21:37:26.520+0000] {processor.py:839} INFO - DAG(s) dict_keys(['example_local_kubernetes_executor']) retrieved from /home/airflow/.local/lib/python3.8/site-packages/airflow/example_dags/example_local_kubernetes_executor.py
[2023-12-15T21:37:26.622+0000] {logging_mixin.py:154} INFO - [2023-12-15T21:37:26.622+0000] {dag.py:2941} INFO - Sync 1 DAGs
[2023-12-15T21:37:26.654+0000] {logging_mixin.py:154} INFO - [2023-12-15T21:37:26.653+0000] {dag.py:3722} INFO - Setting next_dagrun for example_local_kubernetes_executor to None, run_after=None
[2023-12-15T21:37:26.716+0000] {processor.py:179} INFO - Processing /home/airflow/.local/lib/python3.8/site-packages/airflow/example_dags/example_local_kubernetes_executor.py took 0.287 seconds
[2023-12-15T21:38:14.054+0000] {processor.py:157} INFO - Started process (PID=296) to work on /home/airflow/.local/lib/python3.8/site-packages/airflow/example_dags/example_local_kubernetes_executor.py
[2023-12-15T21:38:14.056+0000] {processor.py:829} INFO - Processing file /home/airflow/.local/lib/python3.8/site-packages/airflow/example_dags/example_local_kubernetes_executor.py for tasks to queue
[2023-12-15T21:38:14.065+0000] {logging_mixin.py:154} INFO - [2023-12-15T21:38:14.064+0000] {dagbag.py:536} INFO - Filling up the DagBag from /home/airflow/.local/lib/python3.8/site-packages/airflow/example_dags/example_local_kubernetes_executor.py
[2023-12-15T21:38:14.094+0000] {processor.py:839} INFO - DAG(s) dict_keys(['example_local_kubernetes_executor']) retrieved from /home/airflow/.local/lib/python3.8/site-packages/airflow/example_dags/example_local_kubernetes_executor.py
[2023-12-15T21:38:14.187+0000] {logging_mixin.py:154} INFO - [2023-12-15T21:38:14.187+0000] {dag.py:2941} INFO - Sync 1 DAGs
[2023-12-15T21:38:14.236+0000] {logging_mixin.py:154} INFO - [2023-12-15T21:38:14.236+0000] {dag.py:3722} INFO - Setting next_dagrun for example_local_kubernetes_executor to None, run_after=None
[2023-12-15T21:38:14.289+0000] {processor.py:179} INFO - Processing /home/airflow/.local/lib/python3.8/site-packages/airflow/example_dags/example_local_kubernetes_executor.py took 0.251 seconds
[2023-12-15T21:38:51.770+0000] {processor.py:157} INFO - Started process (PID=352) to work on /home/airflow/.local/lib/python3.8/site-packages/airflow/example_dags/example_local_kubernetes_executor.py
[2023-12-15T21:38:51.780+0000] {processor.py:829} INFO - Processing file /home/airflow/.local/lib/python3.8/site-packages/airflow/example_dags/example_local_kubernetes_executor.py for tasks to queue
[2023-12-15T21:38:51.811+0000] {logging_mixin.py:154} INFO - [2023-12-15T21:38:51.810+0000] {dagbag.py:536} INFO - Filling up the DagBag from /home/airflow/.local/lib/python3.8/site-packages/airflow/example_dags/example_local_kubernetes_executor.py
[2023-12-15T21:38:51.931+0000] {processor.py:839} INFO - DAG(s) dict_keys(['example_local_kubernetes_executor']) retrieved from /home/airflow/.local/lib/python3.8/site-packages/airflow/example_dags/example_local_kubernetes_executor.py
[2023-12-15T21:38:53.122+0000] {logging_mixin.py:154} INFO - [2023-12-15T21:38:53.121+0000] {dag.py:2941} INFO - Sync 1 DAGs
[2023-12-15T21:38:53.316+0000] {logging_mixin.py:154} INFO - [2023-12-15T21:38:53.316+0000] {dag.py:3722} INFO - Setting next_dagrun for example_local_kubernetes_executor to None, run_after=None
[2023-12-15T21:38:53.601+0000] {processor.py:179} INFO - Processing /home/airflow/.local/lib/python3.8/site-packages/airflow/example_dags/example_local_kubernetes_executor.py took 1.886 seconds
[2023-12-15T21:39:36.889+0000] {processor.py:157} INFO - Started process (PID=415) to work on /home/airflow/.local/lib/python3.8/site-packages/airflow/example_dags/example_local_kubernetes_executor.py
[2023-12-15T21:39:36.892+0000] {processor.py:829} INFO - Processing file /home/airflow/.local/lib/python3.8/site-packages/airflow/example_dags/example_local_kubernetes_executor.py for tasks to queue
[2023-12-15T21:39:36.905+0000] {logging_mixin.py:154} INFO - [2023-12-15T21:39:36.904+0000] {dagbag.py:536} INFO - Filling up the DagBag from /home/airflow/.local/lib/python3.8/site-packages/airflow/example_dags/example_local_kubernetes_executor.py
[2023-12-15T21:39:36.943+0000] {processor.py:839} INFO - DAG(s) dict_keys(['example_local_kubernetes_executor']) retrieved from /home/airflow/.local/lib/python3.8/site-packages/airflow/example_dags/example_local_kubernetes_executor.py
[2023-12-15T21:39:37.214+0000] {logging_mixin.py:154} INFO - [2023-12-15T21:39:37.213+0000] {dag.py:2941} INFO - Sync 1 DAGs
[2023-12-15T21:39:37.342+0000] {logging_mixin.py:154} INFO - [2023-12-15T21:39:37.342+0000] {dag.py:3722} INFO - Setting next_dagrun for example_local_kubernetes_executor to None, run_after=None
[2023-12-15T21:39:37.471+0000] {processor.py:179} INFO - Processing /home/airflow/.local/lib/python3.8/site-packages/airflow/example_dags/example_local_kubernetes_executor.py took 0.592 seconds
[2023-12-15T21:40:08.941+0000] {processor.py:157} INFO - Started process (PID=465) to work on /home/airflow/.local/lib/python3.8/site-packages/airflow/example_dags/example_local_kubernetes_executor.py
[2023-12-15T21:40:08.943+0000] {processor.py:829} INFO - Processing file /home/airflow/.local/lib/python3.8/site-packages/airflow/example_dags/example_local_kubernetes_executor.py for tasks to queue
[2023-12-15T21:40:08.951+0000] {logging_mixin.py:154} INFO - [2023-12-15T21:40:08.950+0000] {dagbag.py:536} INFO - Filling up the DagBag from /home/airflow/.local/lib/python3.8/site-packages/airflow/example_dags/example_local_kubernetes_executor.py
[2023-12-15T21:40:08.985+0000] {processor.py:839} INFO - DAG(s) dict_keys(['example_local_kubernetes_executor']) retrieved from /home/airflow/.local/lib/python3.8/site-packages/airflow/example_dags/example_local_kubernetes_executor.py
[2023-12-15T21:40:09.204+0000] {logging_mixin.py:154} INFO - [2023-12-15T21:40:09.203+0000] {dag.py:2941} INFO - Sync 1 DAGs
[2023-12-15T21:40:09.315+0000] {logging_mixin.py:154} INFO - [2023-12-15T21:40:09.315+0000] {dag.py:3722} INFO - Setting next_dagrun for example_local_kubernetes_executor to None, run_after=None
[2023-12-15T21:40:09.464+0000] {processor.py:179} INFO - Processing /home/airflow/.local/lib/python3.8/site-packages/airflow/example_dags/example_local_kubernetes_executor.py took 0.532 seconds
[2023-12-15T21:45:45.756+0000] {processor.py:157} INFO - Started process (PID=82) to work on /home/airflow/.local/lib/python3.8/site-packages/airflow/example_dags/example_local_kubernetes_executor.py
[2023-12-15T21:45:45.761+0000] {processor.py:829} INFO - Processing file /home/airflow/.local/lib/python3.8/site-packages/airflow/example_dags/example_local_kubernetes_executor.py for tasks to queue
[2023-12-15T21:45:45.775+0000] {logging_mixin.py:154} INFO - [2023-12-15T21:45:45.774+0000] {dagbag.py:536} INFO - Filling up the DagBag from /home/airflow/.local/lib/python3.8/site-packages/airflow/example_dags/example_local_kubernetes_executor.py
[2023-12-15T21:45:46.334+0000] {processor.py:839} INFO - DAG(s) dict_keys(['example_local_kubernetes_executor']) retrieved from /home/airflow/.local/lib/python3.8/site-packages/airflow/example_dags/example_local_kubernetes_executor.py
[2023-12-15T21:45:48.527+0000] {logging_mixin.py:154} INFO - [2023-12-15T21:45:48.526+0000] {dag.py:2941} INFO - Sync 1 DAGs
[2023-12-15T21:45:48.923+0000] {logging_mixin.py:154} INFO - [2023-12-15T21:45:48.922+0000] {dag.py:3722} INFO - Setting next_dagrun for example_local_kubernetes_executor to None, run_after=None
[2023-12-15T21:45:49.207+0000] {processor.py:179} INFO - Processing /home/airflow/.local/lib/python3.8/site-packages/airflow/example_dags/example_local_kubernetes_executor.py took 3.493 seconds
[2023-12-15T21:47:27.588+0000] {processor.py:157} INFO - Started process (PID=152) to work on /home/airflow/.local/lib/python3.8/site-packages/airflow/example_dags/example_local_kubernetes_executor.py
[2023-12-15T21:47:27.618+0000] {processor.py:829} INFO - Processing file /home/airflow/.local/lib/python3.8/site-packages/airflow/example_dags/example_local_kubernetes_executor.py for tasks to queue
[2023-12-15T21:47:27.685+0000] {logging_mixin.py:154} INFO - [2023-12-15T21:47:27.684+0000] {dagbag.py:536} INFO - Filling up the DagBag from /home/airflow/.local/lib/python3.8/site-packages/airflow/example_dags/example_local_kubernetes_executor.py
[2023-12-15T21:47:27.819+0000] {processor.py:839} INFO - DAG(s) dict_keys(['example_local_kubernetes_executor']) retrieved from /home/airflow/.local/lib/python3.8/site-packages/airflow/example_dags/example_local_kubernetes_executor.py
[2023-12-15T21:47:28.552+0000] {logging_mixin.py:154} INFO - [2023-12-15T21:47:28.551+0000] {dag.py:2941} INFO - Sync 1 DAGs
[2023-12-15T21:47:28.813+0000] {logging_mixin.py:154} INFO - [2023-12-15T21:47:28.813+0000] {dag.py:3722} INFO - Setting next_dagrun for example_local_kubernetes_executor to None, run_after=None
[2023-12-15T21:47:29.000+0000] {processor.py:179} INFO - Processing /home/airflow/.local/lib/python3.8/site-packages/airflow/example_dags/example_local_kubernetes_executor.py took 1.571 seconds
