[2023-12-15T20:50:09.754+0000] {processor.py:157} INFO - Started process (PID=55) to work on /home/airflow/.local/lib/python3.8/site-packages/airflow/example_dags/example_branch_python_dop_operator_3.py
[2023-12-15T20:50:09.755+0000] {processor.py:829} INFO - Processing file /home/airflow/.local/lib/python3.8/site-packages/airflow/example_dags/example_branch_python_dop_operator_3.py for tasks to queue
[2023-12-15T20:50:09.771+0000] {logging_mixin.py:154} INFO - [2023-12-15T20:50:09.770+0000] {dagbag.py:536} INFO - Filling up the DagBag from /home/airflow/.local/lib/python3.8/site-packages/airflow/example_dags/example_branch_python_dop_operator_3.py
[2023-12-15T20:50:09.932+0000] {processor.py:839} INFO - DAG(s) dict_keys(['example_branch_dop_operator_v3']) retrieved from /home/airflow/.local/lib/python3.8/site-packages/airflow/example_dags/example_branch_python_dop_operator_3.py
[2023-12-15T20:50:10.566+0000] {logging_mixin.py:154} INFO - [2023-12-15T20:50:10.565+0000] {manager.py:499} INFO - Created Permission View: %s
[2023-12-15T20:50:10.872+0000] {logging_mixin.py:154} INFO - [2023-12-15T20:50:10.871+0000] {manager.py:499} INFO - Created Permission View: %s
[2023-12-15T20:50:10.953+0000] {logging_mixin.py:154} INFO - [2023-12-15T20:50:10.952+0000] {manager.py:499} INFO - Created Permission View: %s
[2023-12-15T20:50:10.953+0000] {logging_mixin.py:154} INFO - [2023-12-15T20:50:10.953+0000] {dag.py:2941} INFO - Sync 1 DAGs
[2023-12-15T20:50:11.060+0000] {logging_mixin.py:154} INFO - [2023-12-15T20:50:11.059+0000] {dag.py:2963} INFO - Creating ORM DAG for example_branch_dop_operator_v3
[2023-12-15T20:50:11.160+0000] {logging_mixin.py:154} INFO - [2023-12-15T20:50:11.159+0000] {dag.py:3722} INFO - Setting next_dagrun for example_branch_dop_operator_v3 to 2023-12-15T20:49:00+00:00, run_after=2023-12-15T20:50:00+00:00
[2023-12-15T20:50:11.396+0000] {processor.py:179} INFO - Processing /home/airflow/.local/lib/python3.8/site-packages/airflow/example_dags/example_branch_python_dop_operator_3.py took 1.705 seconds
[2023-12-15T20:50:41.605+0000] {processor.py:157} INFO - Started process (PID=111) to work on /home/airflow/.local/lib/python3.8/site-packages/airflow/example_dags/example_branch_python_dop_operator_3.py
[2023-12-15T20:50:41.608+0000] {processor.py:829} INFO - Processing file /home/airflow/.local/lib/python3.8/site-packages/airflow/example_dags/example_branch_python_dop_operator_3.py for tasks to queue
[2023-12-15T20:50:41.612+0000] {logging_mixin.py:154} INFO - [2023-12-15T20:50:41.612+0000] {dagbag.py:536} INFO - Filling up the DagBag from /home/airflow/.local/lib/python3.8/site-packages/airflow/example_dags/example_branch_python_dop_operator_3.py
[2023-12-15T20:50:41.628+0000] {processor.py:839} INFO - DAG(s) dict_keys(['example_branch_dop_operator_v3']) retrieved from /home/airflow/.local/lib/python3.8/site-packages/airflow/example_dags/example_branch_python_dop_operator_3.py
[2023-12-15T20:50:41.675+0000] {logging_mixin.py:154} INFO - [2023-12-15T20:50:41.674+0000] {dag.py:2941} INFO - Sync 1 DAGs
[2023-12-15T20:50:41.742+0000] {logging_mixin.py:154} INFO - [2023-12-15T20:50:41.742+0000] {dag.py:3722} INFO - Setting next_dagrun for example_branch_dop_operator_v3 to 2023-12-15T20:49:00+00:00, run_after=2023-12-15T20:50:00+00:00
[2023-12-15T20:50:41.779+0000] {processor.py:179} INFO - Processing /home/airflow/.local/lib/python3.8/site-packages/airflow/example_dags/example_branch_python_dop_operator_3.py took 0.186 seconds
[2023-12-15T21:10:56.277+0000] {processor.py:157} INFO - Started process (PID=132) to work on /home/airflow/.local/lib/python3.8/site-packages/airflow/example_dags/example_branch_python_dop_operator_3.py
[2023-12-15T21:10:56.281+0000] {processor.py:829} INFO - Processing file /home/airflow/.local/lib/python3.8/site-packages/airflow/example_dags/example_branch_python_dop_operator_3.py for tasks to queue
[2023-12-15T21:10:56.297+0000] {logging_mixin.py:154} INFO - [2023-12-15T21:10:56.296+0000] {dagbag.py:536} INFO - Filling up the DagBag from /home/airflow/.local/lib/python3.8/site-packages/airflow/example_dags/example_branch_python_dop_operator_3.py
[2023-12-15T21:10:56.428+0000] {processor.py:839} INFO - DAG(s) dict_keys(['example_branch_dop_operator_v3']) retrieved from /home/airflow/.local/lib/python3.8/site-packages/airflow/example_dags/example_branch_python_dop_operator_3.py
[2023-12-15T21:10:56.665+0000] {logging_mixin.py:154} INFO - [2023-12-15T21:10:56.663+0000] {dag.py:2941} INFO - Sync 1 DAGs
[2023-12-15T21:10:56.834+0000] {logging_mixin.py:154} INFO - [2023-12-15T21:10:56.833+0000] {dag.py:3722} INFO - Setting next_dagrun for example_branch_dop_operator_v3 to 2023-12-15T21:09:00+00:00, run_after=2023-12-15T21:10:00+00:00
[2023-12-15T21:10:56.980+0000] {processor.py:179} INFO - Processing /home/airflow/.local/lib/python3.8/site-packages/airflow/example_dags/example_branch_python_dop_operator_3.py took 0.729 seconds
[2023-12-15T21:11:27.720+0000] {processor.py:157} INFO - Started process (PID=188) to work on /home/airflow/.local/lib/python3.8/site-packages/airflow/example_dags/example_branch_python_dop_operator_3.py
[2023-12-15T21:11:27.748+0000] {processor.py:829} INFO - Processing file /home/airflow/.local/lib/python3.8/site-packages/airflow/example_dags/example_branch_python_dop_operator_3.py for tasks to queue
[2023-12-15T21:11:27.770+0000] {logging_mixin.py:154} INFO - [2023-12-15T21:11:27.769+0000] {dagbag.py:536} INFO - Filling up the DagBag from /home/airflow/.local/lib/python3.8/site-packages/airflow/example_dags/example_branch_python_dop_operator_3.py
[2023-12-15T21:11:27.826+0000] {processor.py:839} INFO - DAG(s) dict_keys(['example_branch_dop_operator_v3']) retrieved from /home/airflow/.local/lib/python3.8/site-packages/airflow/example_dags/example_branch_python_dop_operator_3.py
[2023-12-15T21:11:28.100+0000] {logging_mixin.py:154} INFO - [2023-12-15T21:11:28.092+0000] {dag.py:2941} INFO - Sync 1 DAGs
[2023-12-15T21:11:28.541+0000] {logging_mixin.py:154} INFO - [2023-12-15T21:11:28.541+0000] {dag.py:3722} INFO - Setting next_dagrun for example_branch_dop_operator_v3 to 2023-12-15T21:10:00+00:00, run_after=2023-12-15T21:11:00+00:00
[2023-12-15T21:11:29.135+0000] {processor.py:179} INFO - Processing /home/airflow/.local/lib/python3.8/site-packages/airflow/example_dags/example_branch_python_dop_operator_3.py took 1.481 seconds
[2023-12-15T21:11:59.970+0000] {processor.py:157} INFO - Started process (PID=243) to work on /home/airflow/.local/lib/python3.8/site-packages/airflow/example_dags/example_branch_python_dop_operator_3.py
[2023-12-15T21:11:59.979+0000] {processor.py:829} INFO - Processing file /home/airflow/.local/lib/python3.8/site-packages/airflow/example_dags/example_branch_python_dop_operator_3.py for tasks to queue
[2023-12-15T21:11:59.990+0000] {logging_mixin.py:154} INFO - [2023-12-15T21:11:59.989+0000] {dagbag.py:536} INFO - Filling up the DagBag from /home/airflow/.local/lib/python3.8/site-packages/airflow/example_dags/example_branch_python_dop_operator_3.py
[2023-12-15T21:12:00.108+0000] {processor.py:839} INFO - DAG(s) dict_keys(['example_branch_dop_operator_v3']) retrieved from /home/airflow/.local/lib/python3.8/site-packages/airflow/example_dags/example_branch_python_dop_operator_3.py
[2023-12-15T21:12:00.489+0000] {logging_mixin.py:154} INFO - [2023-12-15T21:12:00.489+0000] {dag.py:2941} INFO - Sync 1 DAGs
[2023-12-15T21:12:01.660+0000] {logging_mixin.py:154} INFO - [2023-12-15T21:12:01.659+0000] {dag.py:3722} INFO - Setting next_dagrun for example_branch_dop_operator_v3 to 2023-12-15T21:11:00+00:00, run_after=2023-12-15T21:12:00+00:00
[2023-12-15T21:12:02.585+0000] {processor.py:179} INFO - Processing /home/airflow/.local/lib/python3.8/site-packages/airflow/example_dags/example_branch_python_dop_operator_3.py took 2.626 seconds
[2023-12-15T21:12:32.919+0000] {processor.py:157} INFO - Started process (PID=299) to work on /home/airflow/.local/lib/python3.8/site-packages/airflow/example_dags/example_branch_python_dop_operator_3.py
[2023-12-15T21:12:32.923+0000] {processor.py:829} INFO - Processing file /home/airflow/.local/lib/python3.8/site-packages/airflow/example_dags/example_branch_python_dop_operator_3.py for tasks to queue
[2023-12-15T21:12:32.928+0000] {logging_mixin.py:154} INFO - [2023-12-15T21:12:32.928+0000] {dagbag.py:536} INFO - Filling up the DagBag from /home/airflow/.local/lib/python3.8/site-packages/airflow/example_dags/example_branch_python_dop_operator_3.py
[2023-12-15T21:12:32.943+0000] {processor.py:839} INFO - DAG(s) dict_keys(['example_branch_dop_operator_v3']) retrieved from /home/airflow/.local/lib/python3.8/site-packages/airflow/example_dags/example_branch_python_dop_operator_3.py
[2023-12-15T21:12:32.984+0000] {logging_mixin.py:154} INFO - [2023-12-15T21:12:32.984+0000] {dag.py:2941} INFO - Sync 1 DAGs
[2023-12-15T21:12:33.040+0000] {logging_mixin.py:154} INFO - [2023-12-15T21:12:33.040+0000] {dag.py:3722} INFO - Setting next_dagrun for example_branch_dop_operator_v3 to 2023-12-15T21:11:00+00:00, run_after=2023-12-15T21:12:00+00:00
[2023-12-15T21:12:33.078+0000] {processor.py:179} INFO - Processing /home/airflow/.local/lib/python3.8/site-packages/airflow/example_dags/example_branch_python_dop_operator_3.py took 0.168 seconds
[2023-12-15T21:13:03.218+0000] {processor.py:157} INFO - Started process (PID=355) to work on /home/airflow/.local/lib/python3.8/site-packages/airflow/example_dags/example_branch_python_dop_operator_3.py
[2023-12-15T21:13:03.223+0000] {processor.py:829} INFO - Processing file /home/airflow/.local/lib/python3.8/site-packages/airflow/example_dags/example_branch_python_dop_operator_3.py for tasks to queue
[2023-12-15T21:13:03.234+0000] {logging_mixin.py:154} INFO - [2023-12-15T21:13:03.232+0000] {dagbag.py:536} INFO - Filling up the DagBag from /home/airflow/.local/lib/python3.8/site-packages/airflow/example_dags/example_branch_python_dop_operator_3.py
[2023-12-15T21:13:03.270+0000] {processor.py:839} INFO - DAG(s) dict_keys(['example_branch_dop_operator_v3']) retrieved from /home/airflow/.local/lib/python3.8/site-packages/airflow/example_dags/example_branch_python_dop_operator_3.py
[2023-12-15T21:13:03.387+0000] {logging_mixin.py:154} INFO - [2023-12-15T21:13:03.387+0000] {dag.py:2941} INFO - Sync 1 DAGs
[2023-12-15T21:13:03.482+0000] {logging_mixin.py:154} INFO - [2023-12-15T21:13:03.481+0000] {dag.py:3722} INFO - Setting next_dagrun for example_branch_dop_operator_v3 to 2023-12-15T21:12:00+00:00, run_after=2023-12-15T21:13:00+00:00
[2023-12-15T21:13:03.557+0000] {processor.py:179} INFO - Processing /home/airflow/.local/lib/python3.8/site-packages/airflow/example_dags/example_branch_python_dop_operator_3.py took 0.356 seconds
[2023-12-15T21:13:41.178+0000] {processor.py:157} INFO - Started process (PID=406) to work on /home/airflow/.local/lib/python3.8/site-packages/airflow/example_dags/example_branch_python_dop_operator_3.py
[2023-12-15T21:13:41.192+0000] {processor.py:829} INFO - Processing file /home/airflow/.local/lib/python3.8/site-packages/airflow/example_dags/example_branch_python_dop_operator_3.py for tasks to queue
[2023-12-15T21:13:41.210+0000] {logging_mixin.py:154} INFO - [2023-12-15T21:13:41.208+0000] {dagbag.py:536} INFO - Filling up the DagBag from /home/airflow/.local/lib/python3.8/site-packages/airflow/example_dags/example_branch_python_dop_operator_3.py
[2023-12-15T21:13:41.280+0000] {processor.py:839} INFO - DAG(s) dict_keys(['example_branch_dop_operator_v3']) retrieved from /home/airflow/.local/lib/python3.8/site-packages/airflow/example_dags/example_branch_python_dop_operator_3.py
[2023-12-15T21:13:41.420+0000] {logging_mixin.py:154} INFO - [2023-12-15T21:13:41.419+0000] {dag.py:2941} INFO - Sync 1 DAGs
[2023-12-15T21:13:41.639+0000] {logging_mixin.py:154} INFO - [2023-12-15T21:13:41.638+0000] {dag.py:3722} INFO - Setting next_dagrun for example_branch_dop_operator_v3 to 2023-12-15T21:12:00+00:00, run_after=2023-12-15T21:13:00+00:00
[2023-12-15T21:13:41.758+0000] {processor.py:179} INFO - Processing /home/airflow/.local/lib/python3.8/site-packages/airflow/example_dags/example_branch_python_dop_operator_3.py took 0.635 seconds
[2023-12-15T21:14:14.196+0000] {processor.py:157} INFO - Started process (PID=462) to work on /home/airflow/.local/lib/python3.8/site-packages/airflow/example_dags/example_branch_python_dop_operator_3.py
[2023-12-15T21:14:14.200+0000] {processor.py:829} INFO - Processing file /home/airflow/.local/lib/python3.8/site-packages/airflow/example_dags/example_branch_python_dop_operator_3.py for tasks to queue
[2023-12-15T21:14:14.215+0000] {logging_mixin.py:154} INFO - [2023-12-15T21:14:14.206+0000] {dagbag.py:536} INFO - Filling up the DagBag from /home/airflow/.local/lib/python3.8/site-packages/airflow/example_dags/example_branch_python_dop_operator_3.py
[2023-12-15T21:14:14.362+0000] {processor.py:839} INFO - DAG(s) dict_keys(['example_branch_dop_operator_v3']) retrieved from /home/airflow/.local/lib/python3.8/site-packages/airflow/example_dags/example_branch_python_dop_operator_3.py
[2023-12-15T21:14:14.614+0000] {logging_mixin.py:154} INFO - [2023-12-15T21:14:14.613+0000] {dag.py:2941} INFO - Sync 1 DAGs
[2023-12-15T21:14:15.095+0000] {logging_mixin.py:154} INFO - [2023-12-15T21:14:15.092+0000] {dag.py:3722} INFO - Setting next_dagrun for example_branch_dop_operator_v3 to 2023-12-15T21:13:00+00:00, run_after=2023-12-15T21:14:00+00:00
[2023-12-15T21:14:15.410+0000] {processor.py:179} INFO - Processing /home/airflow/.local/lib/python3.8/site-packages/airflow/example_dags/example_branch_python_dop_operator_3.py took 1.271 seconds
[2023-12-15T21:14:46.319+0000] {processor.py:157} INFO - Started process (PID=516) to work on /home/airflow/.local/lib/python3.8/site-packages/airflow/example_dags/example_branch_python_dop_operator_3.py
[2023-12-15T21:14:46.325+0000] {processor.py:829} INFO - Processing file /home/airflow/.local/lib/python3.8/site-packages/airflow/example_dags/example_branch_python_dop_operator_3.py for tasks to queue
[2023-12-15T21:14:46.342+0000] {logging_mixin.py:154} INFO - [2023-12-15T21:14:46.341+0000] {dagbag.py:536} INFO - Filling up the DagBag from /home/airflow/.local/lib/python3.8/site-packages/airflow/example_dags/example_branch_python_dop_operator_3.py
[2023-12-15T21:14:46.480+0000] {processor.py:839} INFO - DAG(s) dict_keys(['example_branch_dop_operator_v3']) retrieved from /home/airflow/.local/lib/python3.8/site-packages/airflow/example_dags/example_branch_python_dop_operator_3.py
[2023-12-15T21:14:46.703+0000] {logging_mixin.py:154} INFO - [2023-12-15T21:14:46.703+0000] {dag.py:2941} INFO - Sync 1 DAGs
[2023-12-15T21:14:46.874+0000] {logging_mixin.py:154} INFO - [2023-12-15T21:14:46.873+0000] {dag.py:3722} INFO - Setting next_dagrun for example_branch_dop_operator_v3 to 2023-12-15T21:13:00+00:00, run_after=2023-12-15T21:14:00+00:00
[2023-12-15T21:14:46.920+0000] {processor.py:179} INFO - Processing /home/airflow/.local/lib/python3.8/site-packages/airflow/example_dags/example_branch_python_dop_operator_3.py took 0.660 seconds
[2023-12-15T21:15:18.566+0000] {processor.py:157} INFO - Started process (PID=573) to work on /home/airflow/.local/lib/python3.8/site-packages/airflow/example_dags/example_branch_python_dop_operator_3.py
[2023-12-15T21:15:18.569+0000] {processor.py:829} INFO - Processing file /home/airflow/.local/lib/python3.8/site-packages/airflow/example_dags/example_branch_python_dop_operator_3.py for tasks to queue
[2023-12-15T21:15:18.575+0000] {logging_mixin.py:154} INFO - [2023-12-15T21:15:18.574+0000] {dagbag.py:536} INFO - Filling up the DagBag from /home/airflow/.local/lib/python3.8/site-packages/airflow/example_dags/example_branch_python_dop_operator_3.py
[2023-12-15T21:15:19.179+0000] {processor.py:839} INFO - DAG(s) dict_keys(['example_branch_dop_operator_v3']) retrieved from /home/airflow/.local/lib/python3.8/site-packages/airflow/example_dags/example_branch_python_dop_operator_3.py
[2023-12-15T21:15:19.681+0000] {logging_mixin.py:154} INFO - [2023-12-15T21:15:19.680+0000] {dag.py:2941} INFO - Sync 1 DAGs
[2023-12-15T21:15:21.288+0000] {logging_mixin.py:154} INFO - [2023-12-15T21:15:21.287+0000] {dag.py:3722} INFO - Setting next_dagrun for example_branch_dop_operator_v3 to 2023-12-15T21:14:00+00:00, run_after=2023-12-15T21:15:00+00:00
[2023-12-15T21:15:21.592+0000] {processor.py:179} INFO - Processing /home/airflow/.local/lib/python3.8/site-packages/airflow/example_dags/example_branch_python_dop_operator_3.py took 3.069 seconds
[2023-12-15T21:15:51.790+0000] {processor.py:157} INFO - Started process (PID=628) to work on /home/airflow/.local/lib/python3.8/site-packages/airflow/example_dags/example_branch_python_dop_operator_3.py
[2023-12-15T21:15:51.793+0000] {processor.py:829} INFO - Processing file /home/airflow/.local/lib/python3.8/site-packages/airflow/example_dags/example_branch_python_dop_operator_3.py for tasks to queue
[2023-12-15T21:15:51.803+0000] {logging_mixin.py:154} INFO - [2023-12-15T21:15:51.802+0000] {dagbag.py:536} INFO - Filling up the DagBag from /home/airflow/.local/lib/python3.8/site-packages/airflow/example_dags/example_branch_python_dop_operator_3.py
[2023-12-15T21:15:51.830+0000] {processor.py:839} INFO - DAG(s) dict_keys(['example_branch_dop_operator_v3']) retrieved from /home/airflow/.local/lib/python3.8/site-packages/airflow/example_dags/example_branch_python_dop_operator_3.py
[2023-12-15T21:15:51.885+0000] {logging_mixin.py:154} INFO - [2023-12-15T21:15:51.884+0000] {dag.py:2941} INFO - Sync 1 DAGs
[2023-12-15T21:15:51.948+0000] {logging_mixin.py:154} INFO - [2023-12-15T21:15:51.948+0000] {dag.py:3722} INFO - Setting next_dagrun for example_branch_dop_operator_v3 to 2023-12-15T21:14:00+00:00, run_after=2023-12-15T21:15:00+00:00
[2023-12-15T21:15:52.014+0000] {processor.py:179} INFO - Processing /home/airflow/.local/lib/python3.8/site-packages/airflow/example_dags/example_branch_python_dop_operator_3.py took 0.237 seconds
[2023-12-15T21:16:51.781+0000] {processor.py:157} INFO - Started process (PID=699) to work on /home/airflow/.local/lib/python3.8/site-packages/airflow/example_dags/example_branch_python_dop_operator_3.py
[2023-12-15T21:16:51.819+0000] {processor.py:829} INFO - Processing file /home/airflow/.local/lib/python3.8/site-packages/airflow/example_dags/example_branch_python_dop_operator_3.py for tasks to queue
[2023-12-15T21:16:51.830+0000] {logging_mixin.py:154} INFO - [2023-12-15T21:16:51.828+0000] {dagbag.py:536} INFO - Filling up the DagBag from /home/airflow/.local/lib/python3.8/site-packages/airflow/example_dags/example_branch_python_dop_operator_3.py
[2023-12-15T21:16:51.864+0000] {processor.py:839} INFO - DAG(s) dict_keys(['example_branch_dop_operator_v3']) retrieved from /home/airflow/.local/lib/python3.8/site-packages/airflow/example_dags/example_branch_python_dop_operator_3.py
[2023-12-15T21:16:52.130+0000] {logging_mixin.py:154} INFO - [2023-12-15T21:16:52.129+0000] {dag.py:2941} INFO - Sync 1 DAGs
[2023-12-15T21:16:53.024+0000] {logging_mixin.py:154} INFO - [2023-12-15T21:16:53.024+0000] {dag.py:3722} INFO - Setting next_dagrun for example_branch_dop_operator_v3 to 2023-12-15T21:15:00+00:00, run_after=2023-12-15T21:16:00+00:00
[2023-12-15T21:16:53.385+0000] {processor.py:179} INFO - Processing /home/airflow/.local/lib/python3.8/site-packages/airflow/example_dags/example_branch_python_dop_operator_3.py took 1.697 seconds
[2023-12-15T21:17:23.826+0000] {processor.py:157} INFO - Started process (PID=754) to work on /home/airflow/.local/lib/python3.8/site-packages/airflow/example_dags/example_branch_python_dop_operator_3.py
[2023-12-15T21:17:23.828+0000] {processor.py:829} INFO - Processing file /home/airflow/.local/lib/python3.8/site-packages/airflow/example_dags/example_branch_python_dop_operator_3.py for tasks to queue
[2023-12-15T21:17:23.834+0000] {logging_mixin.py:154} INFO - [2023-12-15T21:17:23.833+0000] {dagbag.py:536} INFO - Filling up the DagBag from /home/airflow/.local/lib/python3.8/site-packages/airflow/example_dags/example_branch_python_dop_operator_3.py
[2023-12-15T21:17:23.863+0000] {processor.py:839} INFO - DAG(s) dict_keys(['example_branch_dop_operator_v3']) retrieved from /home/airflow/.local/lib/python3.8/site-packages/airflow/example_dags/example_branch_python_dop_operator_3.py
[2023-12-15T21:17:23.940+0000] {logging_mixin.py:154} INFO - [2023-12-15T21:17:23.939+0000] {dag.py:2941} INFO - Sync 1 DAGs
[2023-12-15T21:17:24.073+0000] {logging_mixin.py:154} INFO - [2023-12-15T21:17:24.073+0000] {dag.py:3722} INFO - Setting next_dagrun for example_branch_dop_operator_v3 to 2023-12-15T21:16:00+00:00, run_after=2023-12-15T21:17:00+00:00
[2023-12-15T21:17:24.148+0000] {processor.py:179} INFO - Processing /home/airflow/.local/lib/python3.8/site-packages/airflow/example_dags/example_branch_python_dop_operator_3.py took 0.332 seconds
[2023-12-15T21:28:01.214+0000] {processor.py:157} INFO - Started process (PID=74) to work on /home/airflow/.local/lib/python3.8/site-packages/airflow/example_dags/example_branch_python_dop_operator_3.py
[2023-12-15T21:28:01.269+0000] {processor.py:829} INFO - Processing file /home/airflow/.local/lib/python3.8/site-packages/airflow/example_dags/example_branch_python_dop_operator_3.py for tasks to queue
[2023-12-15T21:28:01.361+0000] {logging_mixin.py:154} INFO - [2023-12-15T21:28:01.287+0000] {dagbag.py:536} INFO - Filling up the DagBag from /home/airflow/.local/lib/python3.8/site-packages/airflow/example_dags/example_branch_python_dop_operator_3.py
[2023-12-15T21:28:02.625+0000] {processor.py:839} INFO - DAG(s) dict_keys(['example_branch_dop_operator_v3']) retrieved from /home/airflow/.local/lib/python3.8/site-packages/airflow/example_dags/example_branch_python_dop_operator_3.py
[2023-12-15T21:28:03.214+0000] {logging_mixin.py:154} INFO - [2023-12-15T21:28:03.212+0000] {dag.py:2941} INFO - Sync 1 DAGs
[2023-12-15T21:28:04.390+0000] {logging_mixin.py:154} INFO - [2023-12-15T21:28:04.389+0000] {dag.py:3722} INFO - Setting next_dagrun for example_branch_dop_operator_v3 to 2023-12-15T21:27:00+00:00, run_after=2023-12-15T21:28:00+00:00
[2023-12-15T21:28:05.080+0000] {processor.py:179} INFO - Processing /home/airflow/.local/lib/python3.8/site-packages/airflow/example_dags/example_branch_python_dop_operator_3.py took 4.043 seconds
[2023-12-15T21:29:14.539+0000] {processor.py:157} INFO - Started process (PID=144) to work on /home/airflow/.local/lib/python3.8/site-packages/airflow/example_dags/example_branch_python_dop_operator_3.py
[2023-12-15T21:29:14.553+0000] {processor.py:829} INFO - Processing file /home/airflow/.local/lib/python3.8/site-packages/airflow/example_dags/example_branch_python_dop_operator_3.py for tasks to queue
[2023-12-15T21:29:14.580+0000] {logging_mixin.py:154} INFO - [2023-12-15T21:29:14.578+0000] {dagbag.py:536} INFO - Filling up the DagBag from /home/airflow/.local/lib/python3.8/site-packages/airflow/example_dags/example_branch_python_dop_operator_3.py
[2023-12-15T21:29:14.723+0000] {processor.py:839} INFO - DAG(s) dict_keys(['example_branch_dop_operator_v3']) retrieved from /home/airflow/.local/lib/python3.8/site-packages/airflow/example_dags/example_branch_python_dop_operator_3.py
[2023-12-15T21:29:14.949+0000] {logging_mixin.py:154} INFO - [2023-12-15T21:29:14.949+0000] {dag.py:2941} INFO - Sync 1 DAGs
[2023-12-15T21:29:15.442+0000] {logging_mixin.py:154} INFO - [2023-12-15T21:29:15.442+0000] {dag.py:3722} INFO - Setting next_dagrun for example_branch_dop_operator_v3 to 2023-12-15T21:28:00+00:00, run_after=2023-12-15T21:29:00+00:00
[2023-12-15T21:29:15.773+0000] {processor.py:179} INFO - Processing /home/airflow/.local/lib/python3.8/site-packages/airflow/example_dags/example_branch_python_dop_operator_3.py took 1.287 seconds
[2023-12-15T21:30:02.855+0000] {processor.py:157} INFO - Started process (PID=200) to work on /home/airflow/.local/lib/python3.8/site-packages/airflow/example_dags/example_branch_python_dop_operator_3.py
[2023-12-15T21:30:02.874+0000] {processor.py:829} INFO - Processing file /home/airflow/.local/lib/python3.8/site-packages/airflow/example_dags/example_branch_python_dop_operator_3.py for tasks to queue
[2023-12-15T21:30:02.895+0000] {logging_mixin.py:154} INFO - [2023-12-15T21:30:02.894+0000] {dagbag.py:536} INFO - Filling up the DagBag from /home/airflow/.local/lib/python3.8/site-packages/airflow/example_dags/example_branch_python_dop_operator_3.py
[2023-12-15T21:30:03.001+0000] {processor.py:839} INFO - DAG(s) dict_keys(['example_branch_dop_operator_v3']) retrieved from /home/airflow/.local/lib/python3.8/site-packages/airflow/example_dags/example_branch_python_dop_operator_3.py
[2023-12-15T21:30:03.152+0000] {logging_mixin.py:154} INFO - [2023-12-15T21:30:03.152+0000] {dag.py:2941} INFO - Sync 1 DAGs
[2023-12-15T21:30:03.458+0000] {logging_mixin.py:154} INFO - [2023-12-15T21:30:03.457+0000] {dag.py:3722} INFO - Setting next_dagrun for example_branch_dop_operator_v3 to 2023-12-15T21:29:00+00:00, run_after=2023-12-15T21:30:00+00:00
[2023-12-15T21:30:03.724+0000] {processor.py:179} INFO - Processing /home/airflow/.local/lib/python3.8/site-packages/airflow/example_dags/example_branch_python_dop_operator_3.py took 0.907 seconds
[2023-12-15T21:35:30.910+0000] {processor.py:157} INFO - Started process (PID=68) to work on /home/airflow/.local/lib/python3.8/site-packages/airflow/example_dags/example_branch_python_dop_operator_3.py
[2023-12-15T21:35:30.919+0000] {processor.py:829} INFO - Processing file /home/airflow/.local/lib/python3.8/site-packages/airflow/example_dags/example_branch_python_dop_operator_3.py for tasks to queue
[2023-12-15T21:35:30.947+0000] {logging_mixin.py:154} INFO - [2023-12-15T21:35:30.933+0000] {dagbag.py:536} INFO - Filling up the DagBag from /home/airflow/.local/lib/python3.8/site-packages/airflow/example_dags/example_branch_python_dop_operator_3.py
[2023-12-15T21:35:31.089+0000] {processor.py:839} INFO - DAG(s) dict_keys(['example_branch_dop_operator_v3']) retrieved from /home/airflow/.local/lib/python3.8/site-packages/airflow/example_dags/example_branch_python_dop_operator_3.py
[2023-12-15T21:35:31.549+0000] {logging_mixin.py:154} INFO - [2023-12-15T21:35:31.549+0000] {dag.py:2941} INFO - Sync 1 DAGs
[2023-12-15T21:35:32.056+0000] {logging_mixin.py:154} INFO - [2023-12-15T21:35:32.055+0000] {dag.py:3722} INFO - Setting next_dagrun for example_branch_dop_operator_v3 to 2023-12-15T21:34:00+00:00, run_after=2023-12-15T21:35:00+00:00
[2023-12-15T21:35:32.296+0000] {processor.py:179} INFO - Processing /home/airflow/.local/lib/python3.8/site-packages/airflow/example_dags/example_branch_python_dop_operator_3.py took 1.479 seconds
[2023-12-15T21:36:11.840+0000] {processor.py:157} INFO - Started process (PID=123) to work on /home/airflow/.local/lib/python3.8/site-packages/airflow/example_dags/example_branch_python_dop_operator_3.py
[2023-12-15T21:36:11.858+0000] {processor.py:829} INFO - Processing file /home/airflow/.local/lib/python3.8/site-packages/airflow/example_dags/example_branch_python_dop_operator_3.py for tasks to queue
[2023-12-15T21:36:11.940+0000] {logging_mixin.py:154} INFO - [2023-12-15T21:36:11.938+0000] {dagbag.py:536} INFO - Filling up the DagBag from /home/airflow/.local/lib/python3.8/site-packages/airflow/example_dags/example_branch_python_dop_operator_3.py
[2023-12-15T21:36:12.149+0000] {processor.py:839} INFO - DAG(s) dict_keys(['example_branch_dop_operator_v3']) retrieved from /home/airflow/.local/lib/python3.8/site-packages/airflow/example_dags/example_branch_python_dop_operator_3.py
[2023-12-15T21:36:12.421+0000] {logging_mixin.py:154} INFO - [2023-12-15T21:36:12.420+0000] {dag.py:2941} INFO - Sync 1 DAGs
[2023-12-15T21:36:12.883+0000] {logging_mixin.py:154} INFO - [2023-12-15T21:36:12.883+0000] {dag.py:3722} INFO - Setting next_dagrun for example_branch_dop_operator_v3 to 2023-12-15T21:35:00+00:00, run_after=2023-12-15T21:36:00+00:00
[2023-12-15T21:36:13.648+0000] {processor.py:179} INFO - Processing /home/airflow/.local/lib/python3.8/site-packages/airflow/example_dags/example_branch_python_dop_operator_3.py took 1.866 seconds
[2023-12-15T21:36:48.789+0000] {processor.py:157} INFO - Started process (PID=179) to work on /home/airflow/.local/lib/python3.8/site-packages/airflow/example_dags/example_branch_python_dop_operator_3.py
[2023-12-15T21:36:48.804+0000] {processor.py:829} INFO - Processing file /home/airflow/.local/lib/python3.8/site-packages/airflow/example_dags/example_branch_python_dop_operator_3.py for tasks to queue
[2023-12-15T21:36:48.820+0000] {logging_mixin.py:154} INFO - [2023-12-15T21:36:48.819+0000] {dagbag.py:536} INFO - Filling up the DagBag from /home/airflow/.local/lib/python3.8/site-packages/airflow/example_dags/example_branch_python_dop_operator_3.py
[2023-12-15T21:36:49.120+0000] {processor.py:839} INFO - DAG(s) dict_keys(['example_branch_dop_operator_v3']) retrieved from /home/airflow/.local/lib/python3.8/site-packages/airflow/example_dags/example_branch_python_dop_operator_3.py
[2023-12-15T21:36:49.569+0000] {logging_mixin.py:154} INFO - [2023-12-15T21:36:49.568+0000] {dag.py:2941} INFO - Sync 1 DAGs
[2023-12-15T21:36:50.213+0000] {logging_mixin.py:154} INFO - [2023-12-15T21:36:50.212+0000] {dag.py:3722} INFO - Setting next_dagrun for example_branch_dop_operator_v3 to 2023-12-15T21:35:00+00:00, run_after=2023-12-15T21:36:00+00:00
[2023-12-15T21:36:50.555+0000] {processor.py:179} INFO - Processing /home/airflow/.local/lib/python3.8/site-packages/airflow/example_dags/example_branch_python_dop_operator_3.py took 1.788 seconds
[2023-12-15T21:37:20.830+0000] {processor.py:157} INFO - Started process (PID=233) to work on /home/airflow/.local/lib/python3.8/site-packages/airflow/example_dags/example_branch_python_dop_operator_3.py
[2023-12-15T21:37:20.851+0000] {processor.py:829} INFO - Processing file /home/airflow/.local/lib/python3.8/site-packages/airflow/example_dags/example_branch_python_dop_operator_3.py for tasks to queue
[2023-12-15T21:37:20.857+0000] {logging_mixin.py:154} INFO - [2023-12-15T21:37:20.857+0000] {dagbag.py:536} INFO - Filling up the DagBag from /home/airflow/.local/lib/python3.8/site-packages/airflow/example_dags/example_branch_python_dop_operator_3.py
[2023-12-15T21:37:20.905+0000] {processor.py:839} INFO - DAG(s) dict_keys(['example_branch_dop_operator_v3']) retrieved from /home/airflow/.local/lib/python3.8/site-packages/airflow/example_dags/example_branch_python_dop_operator_3.py
[2023-12-15T21:37:20.980+0000] {logging_mixin.py:154} INFO - [2023-12-15T21:37:20.980+0000] {dag.py:2941} INFO - Sync 1 DAGs
[2023-12-15T21:37:21.079+0000] {logging_mixin.py:154} INFO - [2023-12-15T21:37:21.079+0000] {dag.py:3722} INFO - Setting next_dagrun for example_branch_dop_operator_v3 to 2023-12-15T21:36:00+00:00, run_after=2023-12-15T21:37:00+00:00
[2023-12-15T21:37:21.160+0000] {processor.py:179} INFO - Processing /home/airflow/.local/lib/python3.8/site-packages/airflow/example_dags/example_branch_python_dop_operator_3.py took 0.364 seconds
[2023-12-15T21:38:12.874+0000] {processor.py:157} INFO - Started process (PID=290) to work on /home/airflow/.local/lib/python3.8/site-packages/airflow/example_dags/example_branch_python_dop_operator_3.py
[2023-12-15T21:38:12.877+0000] {processor.py:829} INFO - Processing file /home/airflow/.local/lib/python3.8/site-packages/airflow/example_dags/example_branch_python_dop_operator_3.py for tasks to queue
[2023-12-15T21:38:12.887+0000] {logging_mixin.py:154} INFO - [2023-12-15T21:38:12.886+0000] {dagbag.py:536} INFO - Filling up the DagBag from /home/airflow/.local/lib/python3.8/site-packages/airflow/example_dags/example_branch_python_dop_operator_3.py
[2023-12-15T21:38:12.928+0000] {processor.py:839} INFO - DAG(s) dict_keys(['example_branch_dop_operator_v3']) retrieved from /home/airflow/.local/lib/python3.8/site-packages/airflow/example_dags/example_branch_python_dop_operator_3.py
[2023-12-15T21:38:13.001+0000] {logging_mixin.py:154} INFO - [2023-12-15T21:38:13.000+0000] {dag.py:2941} INFO - Sync 1 DAGs
[2023-12-15T21:38:13.104+0000] {logging_mixin.py:154} INFO - [2023-12-15T21:38:13.104+0000] {dag.py:3722} INFO - Setting next_dagrun for example_branch_dop_operator_v3 to 2023-12-15T21:37:00+00:00, run_after=2023-12-15T21:38:00+00:00
[2023-12-15T21:38:13.162+0000] {processor.py:179} INFO - Processing /home/airflow/.local/lib/python3.8/site-packages/airflow/example_dags/example_branch_python_dop_operator_3.py took 0.302 seconds
[2023-12-15T21:38:45.124+0000] {processor.py:157} INFO - Started process (PID=346) to work on /home/airflow/.local/lib/python3.8/site-packages/airflow/example_dags/example_branch_python_dop_operator_3.py
[2023-12-15T21:38:45.136+0000] {processor.py:829} INFO - Processing file /home/airflow/.local/lib/python3.8/site-packages/airflow/example_dags/example_branch_python_dop_operator_3.py for tasks to queue
[2023-12-15T21:38:45.143+0000] {logging_mixin.py:154} INFO - [2023-12-15T21:38:45.142+0000] {dagbag.py:536} INFO - Filling up the DagBag from /home/airflow/.local/lib/python3.8/site-packages/airflow/example_dags/example_branch_python_dop_operator_3.py
[2023-12-15T21:38:45.207+0000] {processor.py:839} INFO - DAG(s) dict_keys(['example_branch_dop_operator_v3']) retrieved from /home/airflow/.local/lib/python3.8/site-packages/airflow/example_dags/example_branch_python_dop_operator_3.py
[2023-12-15T21:38:45.335+0000] {logging_mixin.py:154} INFO - [2023-12-15T21:38:45.334+0000] {dag.py:2941} INFO - Sync 1 DAGs
[2023-12-15T21:38:45.635+0000] {logging_mixin.py:154} INFO - [2023-12-15T21:38:45.634+0000] {dag.py:3722} INFO - Setting next_dagrun for example_branch_dop_operator_v3 to 2023-12-15T21:37:00+00:00, run_after=2023-12-15T21:38:00+00:00
[2023-12-15T21:38:45.746+0000] {processor.py:179} INFO - Processing /home/airflow/.local/lib/python3.8/site-packages/airflow/example_dags/example_branch_python_dop_operator_3.py took 0.680 seconds
[2023-12-15T21:39:34.134+0000] {processor.py:157} INFO - Started process (PID=403) to work on /home/airflow/.local/lib/python3.8/site-packages/airflow/example_dags/example_branch_python_dop_operator_3.py
[2023-12-15T21:39:34.137+0000] {processor.py:829} INFO - Processing file /home/airflow/.local/lib/python3.8/site-packages/airflow/example_dags/example_branch_python_dop_operator_3.py for tasks to queue
[2023-12-15T21:39:34.143+0000] {logging_mixin.py:154} INFO - [2023-12-15T21:39:34.142+0000] {dagbag.py:536} INFO - Filling up the DagBag from /home/airflow/.local/lib/python3.8/site-packages/airflow/example_dags/example_branch_python_dop_operator_3.py
[2023-12-15T21:39:34.172+0000] {processor.py:839} INFO - DAG(s) dict_keys(['example_branch_dop_operator_v3']) retrieved from /home/airflow/.local/lib/python3.8/site-packages/airflow/example_dags/example_branch_python_dop_operator_3.py
[2023-12-15T21:39:34.258+0000] {logging_mixin.py:154} INFO - [2023-12-15T21:39:34.257+0000] {dag.py:2941} INFO - Sync 1 DAGs
[2023-12-15T21:39:34.413+0000] {logging_mixin.py:154} INFO - [2023-12-15T21:39:34.413+0000] {dag.py:3722} INFO - Setting next_dagrun for example_branch_dop_operator_v3 to 2023-12-15T21:38:00+00:00, run_after=2023-12-15T21:39:00+00:00
[2023-12-15T21:39:34.480+0000] {processor.py:179} INFO - Processing /home/airflow/.local/lib/python3.8/site-packages/airflow/example_dags/example_branch_python_dop_operator_3.py took 0.356 seconds
[2023-12-15T21:40:07.230+0000] {processor.py:157} INFO - Started process (PID=459) to work on /home/airflow/.local/lib/python3.8/site-packages/airflow/example_dags/example_branch_python_dop_operator_3.py
[2023-12-15T21:40:07.233+0000] {processor.py:829} INFO - Processing file /home/airflow/.local/lib/python3.8/site-packages/airflow/example_dags/example_branch_python_dop_operator_3.py for tasks to queue
[2023-12-15T21:40:07.241+0000] {logging_mixin.py:154} INFO - [2023-12-15T21:40:07.240+0000] {dagbag.py:536} INFO - Filling up the DagBag from /home/airflow/.local/lib/python3.8/site-packages/airflow/example_dags/example_branch_python_dop_operator_3.py
[2023-12-15T21:40:07.280+0000] {processor.py:839} INFO - DAG(s) dict_keys(['example_branch_dop_operator_v3']) retrieved from /home/airflow/.local/lib/python3.8/site-packages/airflow/example_dags/example_branch_python_dop_operator_3.py
[2023-12-15T21:40:07.336+0000] {logging_mixin.py:154} INFO - [2023-12-15T21:40:07.336+0000] {dag.py:2941} INFO - Sync 1 DAGs
[2023-12-15T21:40:07.476+0000] {logging_mixin.py:154} INFO - [2023-12-15T21:40:07.476+0000] {dag.py:3722} INFO - Setting next_dagrun for example_branch_dop_operator_v3 to 2023-12-15T21:39:00+00:00, run_after=2023-12-15T21:40:00+00:00
[2023-12-15T21:40:07.568+0000] {processor.py:179} INFO - Processing /home/airflow/.local/lib/python3.8/site-packages/airflow/example_dags/example_branch_python_dop_operator_3.py took 0.354 seconds
[2023-12-15T21:45:28.295+0000] {processor.py:157} INFO - Started process (PID=69) to work on /home/airflow/.local/lib/python3.8/site-packages/airflow/example_dags/example_branch_python_dop_operator_3.py
[2023-12-15T21:45:28.332+0000] {processor.py:829} INFO - Processing file /home/airflow/.local/lib/python3.8/site-packages/airflow/example_dags/example_branch_python_dop_operator_3.py for tasks to queue
[2023-12-15T21:45:28.345+0000] {logging_mixin.py:154} INFO - [2023-12-15T21:45:28.344+0000] {dagbag.py:536} INFO - Filling up the DagBag from /home/airflow/.local/lib/python3.8/site-packages/airflow/example_dags/example_branch_python_dop_operator_3.py
[2023-12-15T21:45:28.537+0000] {processor.py:839} INFO - DAG(s) dict_keys(['example_branch_dop_operator_v3']) retrieved from /home/airflow/.local/lib/python3.8/site-packages/airflow/example_dags/example_branch_python_dop_operator_3.py
[2023-12-15T21:45:29.573+0000] {logging_mixin.py:154} INFO - [2023-12-15T21:45:29.572+0000] {dag.py:2941} INFO - Sync 1 DAGs
[2023-12-15T21:45:32.620+0000] {logging_mixin.py:154} INFO - [2023-12-15T21:45:32.619+0000] {dag.py:3722} INFO - Setting next_dagrun for example_branch_dop_operator_v3 to 2023-12-15T21:44:00+00:00, run_after=2023-12-15T21:45:00+00:00
[2023-12-15T21:45:33.170+0000] {processor.py:179} INFO - Processing /home/airflow/.local/lib/python3.8/site-packages/airflow/example_dags/example_branch_python_dop_operator_3.py took 4.945 seconds
[2023-12-15T21:47:19.272+0000] {processor.py:157} INFO - Started process (PID=146) to work on /home/airflow/.local/lib/python3.8/site-packages/airflow/example_dags/example_branch_python_dop_operator_3.py
[2023-12-15T21:47:19.381+0000] {processor.py:829} INFO - Processing file /home/airflow/.local/lib/python3.8/site-packages/airflow/example_dags/example_branch_python_dop_operator_3.py for tasks to queue
[2023-12-15T21:47:19.671+0000] {logging_mixin.py:154} INFO - [2023-12-15T21:47:19.635+0000] {dagbag.py:536} INFO - Filling up the DagBag from /home/airflow/.local/lib/python3.8/site-packages/airflow/example_dags/example_branch_python_dop_operator_3.py
[2023-12-15T21:47:20.139+0000] {processor.py:839} INFO - DAG(s) dict_keys(['example_branch_dop_operator_v3']) retrieved from /home/airflow/.local/lib/python3.8/site-packages/airflow/example_dags/example_branch_python_dop_operator_3.py
[2023-12-15T21:47:21.057+0000] {logging_mixin.py:154} INFO - [2023-12-15T21:47:21.057+0000] {dag.py:2941} INFO - Sync 1 DAGs
[2023-12-15T21:47:21.766+0000] {logging_mixin.py:154} INFO - [2023-12-15T21:47:21.766+0000] {dag.py:3722} INFO - Setting next_dagrun for example_branch_dop_operator_v3 to 2023-12-15T21:46:00+00:00, run_after=2023-12-15T21:47:00+00:00
[2023-12-15T21:47:21.992+0000] {processor.py:179} INFO - Processing /home/airflow/.local/lib/python3.8/site-packages/airflow/example_dags/example_branch_python_dop_operator_3.py took 3.246 seconds
