[2023-12-15T20:50:22.864+0000] {processor.py:157} INFO - Started process (PID=71) to work on /home/airflow/.local/lib/python3.8/site-packages/airflow/example_dags/example_kubernetes_executor.py
[2023-12-15T20:50:22.880+0000] {processor.py:829} INFO - Processing file /home/airflow/.local/lib/python3.8/site-packages/airflow/example_dags/example_kubernetes_executor.py for tasks to queue
[2023-12-15T20:50:22.884+0000] {logging_mixin.py:154} INFO - [2023-12-15T20:50:22.884+0000] {dagbag.py:536} INFO - Filling up the DagBag from /home/airflow/.local/lib/python3.8/site-packages/airflow/example_dags/example_kubernetes_executor.py
[2023-12-15T20:50:22.952+0000] {processor.py:839} INFO - DAG(s) dict_keys(['example_kubernetes_executor']) retrieved from /home/airflow/.local/lib/python3.8/site-packages/airflow/example_dags/example_kubernetes_executor.py
[2023-12-15T20:50:23.370+0000] {logging_mixin.py:154} INFO - [2023-12-15T20:50:23.370+0000] {manager.py:499} INFO - Created Permission View: %s
[2023-12-15T20:50:23.398+0000] {logging_mixin.py:154} INFO - [2023-12-15T20:50:23.397+0000] {manager.py:499} INFO - Created Permission View: %s
[2023-12-15T20:50:23.415+0000] {logging_mixin.py:154} INFO - [2023-12-15T20:50:23.415+0000] {manager.py:499} INFO - Created Permission View: %s
[2023-12-15T20:50:23.415+0000] {logging_mixin.py:154} INFO - [2023-12-15T20:50:23.415+0000] {dag.py:2941} INFO - Sync 1 DAGs
[2023-12-15T20:50:23.450+0000] {logging_mixin.py:154} INFO - [2023-12-15T20:50:23.450+0000] {dag.py:2963} INFO - Creating ORM DAG for example_kubernetes_executor
[2023-12-15T20:50:23.451+0000] {logging_mixin.py:154} INFO - [2023-12-15T20:50:23.451+0000] {dag.py:3722} INFO - Setting next_dagrun for example_kubernetes_executor to None, run_after=None
[2023-12-15T20:50:23.506+0000] {processor.py:179} INFO - Processing /home/airflow/.local/lib/python3.8/site-packages/airflow/example_dags/example_kubernetes_executor.py took 0.668 seconds
[2023-12-15T21:11:03.861+0000] {processor.py:157} INFO - Started process (PID=147) to work on /home/airflow/.local/lib/python3.8/site-packages/airflow/example_dags/example_kubernetes_executor.py
[2023-12-15T21:11:03.865+0000] {processor.py:829} INFO - Processing file /home/airflow/.local/lib/python3.8/site-packages/airflow/example_dags/example_kubernetes_executor.py for tasks to queue
[2023-12-15T21:11:03.870+0000] {logging_mixin.py:154} INFO - [2023-12-15T21:11:03.869+0000] {dagbag.py:536} INFO - Filling up the DagBag from /home/airflow/.local/lib/python3.8/site-packages/airflow/example_dags/example_kubernetes_executor.py
[2023-12-15T21:11:03.923+0000] {processor.py:839} INFO - DAG(s) dict_keys(['example_kubernetes_executor']) retrieved from /home/airflow/.local/lib/python3.8/site-packages/airflow/example_dags/example_kubernetes_executor.py
[2023-12-15T21:11:04.095+0000] {logging_mixin.py:154} INFO - [2023-12-15T21:11:04.085+0000] {dag.py:2941} INFO - Sync 1 DAGs
[2023-12-15T21:11:04.135+0000] {logging_mixin.py:154} INFO - [2023-12-15T21:11:04.135+0000] {dag.py:3722} INFO - Setting next_dagrun for example_kubernetes_executor to None, run_after=None
[2023-12-15T21:11:04.268+0000] {processor.py:179} INFO - Processing /home/airflow/.local/lib/python3.8/site-packages/airflow/example_dags/example_kubernetes_executor.py took 0.415 seconds
[2023-12-15T21:11:38.264+0000] {processor.py:157} INFO - Started process (PID=203) to work on /home/airflow/.local/lib/python3.8/site-packages/airflow/example_dags/example_kubernetes_executor.py
[2023-12-15T21:11:38.266+0000] {processor.py:829} INFO - Processing file /home/airflow/.local/lib/python3.8/site-packages/airflow/example_dags/example_kubernetes_executor.py for tasks to queue
[2023-12-15T21:11:38.271+0000] {logging_mixin.py:154} INFO - [2023-12-15T21:11:38.270+0000] {dagbag.py:536} INFO - Filling up the DagBag from /home/airflow/.local/lib/python3.8/site-packages/airflow/example_dags/example_kubernetes_executor.py
[2023-12-15T21:11:38.307+0000] {processor.py:839} INFO - DAG(s) dict_keys(['example_kubernetes_executor']) retrieved from /home/airflow/.local/lib/python3.8/site-packages/airflow/example_dags/example_kubernetes_executor.py
[2023-12-15T21:11:38.467+0000] {logging_mixin.py:154} INFO - [2023-12-15T21:11:38.467+0000] {dag.py:2941} INFO - Sync 1 DAGs
[2023-12-15T21:11:38.499+0000] {logging_mixin.py:154} INFO - [2023-12-15T21:11:38.499+0000] {dag.py:3722} INFO - Setting next_dagrun for example_kubernetes_executor to None, run_after=None
[2023-12-15T21:11:38.672+0000] {processor.py:179} INFO - Processing /home/airflow/.local/lib/python3.8/site-packages/airflow/example_dags/example_kubernetes_executor.py took 0.418 seconds
[2023-12-15T21:12:21.616+0000] {processor.py:157} INFO - Started process (PID=270) to work on /home/airflow/.local/lib/python3.8/site-packages/airflow/example_dags/example_kubernetes_executor.py
[2023-12-15T21:12:21.623+0000] {processor.py:829} INFO - Processing file /home/airflow/.local/lib/python3.8/site-packages/airflow/example_dags/example_kubernetes_executor.py for tasks to queue
[2023-12-15T21:12:21.637+0000] {logging_mixin.py:154} INFO - [2023-12-15T21:12:21.636+0000] {dagbag.py:536} INFO - Filling up the DagBag from /home/airflow/.local/lib/python3.8/site-packages/airflow/example_dags/example_kubernetes_executor.py
[2023-12-15T21:12:21.918+0000] {processor.py:839} INFO - DAG(s) dict_keys(['example_kubernetes_executor']) retrieved from /home/airflow/.local/lib/python3.8/site-packages/airflow/example_dags/example_kubernetes_executor.py
[2023-12-15T21:12:22.563+0000] {logging_mixin.py:154} INFO - [2023-12-15T21:12:22.561+0000] {dag.py:2941} INFO - Sync 1 DAGs
[2023-12-15T21:12:22.703+0000] {logging_mixin.py:154} INFO - [2023-12-15T21:12:22.702+0000] {dag.py:3722} INFO - Setting next_dagrun for example_kubernetes_executor to None, run_after=None
[2023-12-15T21:12:22.849+0000] {processor.py:179} INFO - Processing /home/airflow/.local/lib/python3.8/site-packages/airflow/example_dags/example_kubernetes_executor.py took 1.281 seconds
[2023-12-15T21:12:53.310+0000] {processor.py:157} INFO - Started process (PID=326) to work on /home/airflow/.local/lib/python3.8/site-packages/airflow/example_dags/example_kubernetes_executor.py
[2023-12-15T21:12:53.324+0000] {processor.py:829} INFO - Processing file /home/airflow/.local/lib/python3.8/site-packages/airflow/example_dags/example_kubernetes_executor.py for tasks to queue
[2023-12-15T21:12:53.329+0000] {logging_mixin.py:154} INFO - [2023-12-15T21:12:53.328+0000] {dagbag.py:536} INFO - Filling up the DagBag from /home/airflow/.local/lib/python3.8/site-packages/airflow/example_dags/example_kubernetes_executor.py
[2023-12-15T21:12:53.504+0000] {processor.py:839} INFO - DAG(s) dict_keys(['example_kubernetes_executor']) retrieved from /home/airflow/.local/lib/python3.8/site-packages/airflow/example_dags/example_kubernetes_executor.py
[2023-12-15T21:12:53.955+0000] {logging_mixin.py:154} INFO - [2023-12-15T21:12:53.954+0000] {dag.py:2941} INFO - Sync 1 DAGs
[2023-12-15T21:12:54.156+0000] {logging_mixin.py:154} INFO - [2023-12-15T21:12:54.156+0000] {dag.py:3722} INFO - Setting next_dagrun for example_kubernetes_executor to None, run_after=None
[2023-12-15T21:12:54.303+0000] {processor.py:179} INFO - Processing /home/airflow/.local/lib/python3.8/site-packages/airflow/example_dags/example_kubernetes_executor.py took 1.026 seconds
[2023-12-15T21:13:24.795+0000] {processor.py:157} INFO - Started process (PID=382) to work on /home/airflow/.local/lib/python3.8/site-packages/airflow/example_dags/example_kubernetes_executor.py
[2023-12-15T21:13:24.800+0000] {processor.py:829} INFO - Processing file /home/airflow/.local/lib/python3.8/site-packages/airflow/example_dags/example_kubernetes_executor.py for tasks to queue
[2023-12-15T21:13:24.812+0000] {logging_mixin.py:154} INFO - [2023-12-15T21:13:24.805+0000] {dagbag.py:536} INFO - Filling up the DagBag from /home/airflow/.local/lib/python3.8/site-packages/airflow/example_dags/example_kubernetes_executor.py
[2023-12-15T21:13:24.896+0000] {processor.py:839} INFO - DAG(s) dict_keys(['example_kubernetes_executor']) retrieved from /home/airflow/.local/lib/python3.8/site-packages/airflow/example_dags/example_kubernetes_executor.py
[2023-12-15T21:13:25.169+0000] {logging_mixin.py:154} INFO - [2023-12-15T21:13:25.168+0000] {dag.py:2941} INFO - Sync 1 DAGs
[2023-12-15T21:13:25.269+0000] {logging_mixin.py:154} INFO - [2023-12-15T21:13:25.269+0000] {dag.py:3722} INFO - Setting next_dagrun for example_kubernetes_executor to None, run_after=None
[2023-12-15T21:13:25.378+0000] {processor.py:179} INFO - Processing /home/airflow/.local/lib/python3.8/site-packages/airflow/example_dags/example_kubernetes_executor.py took 0.616 seconds
[2023-12-15T21:13:55.703+0000] {processor.py:157} INFO - Started process (PID=438) to work on /home/airflow/.local/lib/python3.8/site-packages/airflow/example_dags/example_kubernetes_executor.py
[2023-12-15T21:13:55.706+0000] {processor.py:829} INFO - Processing file /home/airflow/.local/lib/python3.8/site-packages/airflow/example_dags/example_kubernetes_executor.py for tasks to queue
[2023-12-15T21:13:55.717+0000] {logging_mixin.py:154} INFO - [2023-12-15T21:13:55.714+0000] {dagbag.py:536} INFO - Filling up the DagBag from /home/airflow/.local/lib/python3.8/site-packages/airflow/example_dags/example_kubernetes_executor.py
[2023-12-15T21:13:55.828+0000] {processor.py:839} INFO - DAG(s) dict_keys(['example_kubernetes_executor']) retrieved from /home/airflow/.local/lib/python3.8/site-packages/airflow/example_dags/example_kubernetes_executor.py
[2023-12-15T21:13:56.060+0000] {logging_mixin.py:154} INFO - [2023-12-15T21:13:56.060+0000] {dag.py:2941} INFO - Sync 1 DAGs
[2023-12-15T21:13:56.133+0000] {logging_mixin.py:154} INFO - [2023-12-15T21:13:56.132+0000] {dag.py:3722} INFO - Setting next_dagrun for example_kubernetes_executor to None, run_after=None
[2023-12-15T21:13:56.207+0000] {processor.py:179} INFO - Processing /home/airflow/.local/lib/python3.8/site-packages/airflow/example_dags/example_kubernetes_executor.py took 0.516 seconds
[2023-12-15T21:14:28.529+0000] {processor.py:157} INFO - Started process (PID=494) to work on /home/airflow/.local/lib/python3.8/site-packages/airflow/example_dags/example_kubernetes_executor.py
[2023-12-15T21:14:28.532+0000] {processor.py:829} INFO - Processing file /home/airflow/.local/lib/python3.8/site-packages/airflow/example_dags/example_kubernetes_executor.py for tasks to queue
[2023-12-15T21:14:28.540+0000] {logging_mixin.py:154} INFO - [2023-12-15T21:14:28.539+0000] {dagbag.py:536} INFO - Filling up the DagBag from /home/airflow/.local/lib/python3.8/site-packages/airflow/example_dags/example_kubernetes_executor.py
[2023-12-15T21:14:28.595+0000] {processor.py:839} INFO - DAG(s) dict_keys(['example_kubernetes_executor']) retrieved from /home/airflow/.local/lib/python3.8/site-packages/airflow/example_dags/example_kubernetes_executor.py
[2023-12-15T21:14:28.766+0000] {logging_mixin.py:154} INFO - [2023-12-15T21:14:28.765+0000] {dag.py:2941} INFO - Sync 1 DAGs
[2023-12-15T21:14:28.805+0000] {logging_mixin.py:154} INFO - [2023-12-15T21:14:28.805+0000] {dag.py:3722} INFO - Setting next_dagrun for example_kubernetes_executor to None, run_after=None
[2023-12-15T21:14:28.864+0000] {processor.py:179} INFO - Processing /home/airflow/.local/lib/python3.8/site-packages/airflow/example_dags/example_kubernetes_executor.py took 0.347 seconds
[2023-12-15T21:15:02.781+0000] {processor.py:157} INFO - Started process (PID=551) to work on /home/airflow/.local/lib/python3.8/site-packages/airflow/example_dags/example_kubernetes_executor.py
[2023-12-15T21:15:02.791+0000] {processor.py:829} INFO - Processing file /home/airflow/.local/lib/python3.8/site-packages/airflow/example_dags/example_kubernetes_executor.py for tasks to queue
[2023-12-15T21:15:02.809+0000] {logging_mixin.py:154} INFO - [2023-12-15T21:15:02.809+0000] {dagbag.py:536} INFO - Filling up the DagBag from /home/airflow/.local/lib/python3.8/site-packages/airflow/example_dags/example_kubernetes_executor.py
[2023-12-15T21:15:02.899+0000] {processor.py:839} INFO - DAG(s) dict_keys(['example_kubernetes_executor']) retrieved from /home/airflow/.local/lib/python3.8/site-packages/airflow/example_dags/example_kubernetes_executor.py
[2023-12-15T21:15:03.058+0000] {logging_mixin.py:154} INFO - [2023-12-15T21:15:03.058+0000] {dag.py:2941} INFO - Sync 1 DAGs
[2023-12-15T21:15:03.097+0000] {logging_mixin.py:154} INFO - [2023-12-15T21:15:03.097+0000] {dag.py:3722} INFO - Setting next_dagrun for example_kubernetes_executor to None, run_after=None
[2023-12-15T21:15:03.155+0000] {processor.py:179} INFO - Processing /home/airflow/.local/lib/python3.8/site-packages/airflow/example_dags/example_kubernetes_executor.py took 0.428 seconds
[2023-12-15T21:15:39.767+0000] {processor.py:157} INFO - Started process (PID=608) to work on /home/airflow/.local/lib/python3.8/site-packages/airflow/example_dags/example_kubernetes_executor.py
[2023-12-15T21:15:39.777+0000] {processor.py:829} INFO - Processing file /home/airflow/.local/lib/python3.8/site-packages/airflow/example_dags/example_kubernetes_executor.py for tasks to queue
[2023-12-15T21:15:39.791+0000] {logging_mixin.py:154} INFO - [2023-12-15T21:15:39.782+0000] {dagbag.py:536} INFO - Filling up the DagBag from /home/airflow/.local/lib/python3.8/site-packages/airflow/example_dags/example_kubernetes_executor.py
[2023-12-15T21:15:39.843+0000] {processor.py:839} INFO - DAG(s) dict_keys(['example_kubernetes_executor']) retrieved from /home/airflow/.local/lib/python3.8/site-packages/airflow/example_dags/example_kubernetes_executor.py
[2023-12-15T21:15:39.982+0000] {logging_mixin.py:154} INFO - [2023-12-15T21:15:39.977+0000] {dag.py:2941} INFO - Sync 1 DAGs
[2023-12-15T21:15:40.130+0000] {logging_mixin.py:154} INFO - [2023-12-15T21:15:40.129+0000] {dag.py:3722} INFO - Setting next_dagrun for example_kubernetes_executor to None, run_after=None
[2023-12-15T21:15:40.250+0000] {processor.py:179} INFO - Processing /home/airflow/.local/lib/python3.8/site-packages/airflow/example_dags/example_kubernetes_executor.py took 0.506 seconds
[2023-12-15T21:16:12.328+0000] {processor.py:157} INFO - Started process (PID=664) to work on /home/airflow/.local/lib/python3.8/site-packages/airflow/example_dags/example_kubernetes_executor.py
[2023-12-15T21:16:12.336+0000] {processor.py:829} INFO - Processing file /home/airflow/.local/lib/python3.8/site-packages/airflow/example_dags/example_kubernetes_executor.py for tasks to queue
[2023-12-15T21:16:12.371+0000] {logging_mixin.py:154} INFO - [2023-12-15T21:16:12.358+0000] {dagbag.py:536} INFO - Filling up the DagBag from /home/airflow/.local/lib/python3.8/site-packages/airflow/example_dags/example_kubernetes_executor.py
[2023-12-15T21:16:12.864+0000] {processor.py:839} INFO - DAG(s) dict_keys(['example_kubernetes_executor']) retrieved from /home/airflow/.local/lib/python3.8/site-packages/airflow/example_dags/example_kubernetes_executor.py
[2023-12-15T21:16:14.092+0000] {logging_mixin.py:154} INFO - [2023-12-15T21:16:14.091+0000] {dag.py:2941} INFO - Sync 1 DAGs
[2023-12-15T21:16:14.696+0000] {logging_mixin.py:154} INFO - [2023-12-15T21:16:14.696+0000] {dag.py:3722} INFO - Setting next_dagrun for example_kubernetes_executor to None, run_after=None
[2023-12-15T21:16:15.611+0000] {processor.py:179} INFO - Processing /home/airflow/.local/lib/python3.8/site-packages/airflow/example_dags/example_kubernetes_executor.py took 3.359 seconds
[2023-12-15T21:17:10.907+0000] {processor.py:157} INFO - Started process (PID=731) to work on /home/airflow/.local/lib/python3.8/site-packages/airflow/example_dags/example_kubernetes_executor.py
[2023-12-15T21:17:10.916+0000] {processor.py:829} INFO - Processing file /home/airflow/.local/lib/python3.8/site-packages/airflow/example_dags/example_kubernetes_executor.py for tasks to queue
[2023-12-15T21:17:10.930+0000] {logging_mixin.py:154} INFO - [2023-12-15T21:17:10.928+0000] {dagbag.py:536} INFO - Filling up the DagBag from /home/airflow/.local/lib/python3.8/site-packages/airflow/example_dags/example_kubernetes_executor.py
[2023-12-15T21:17:11.009+0000] {processor.py:839} INFO - DAG(s) dict_keys(['example_kubernetes_executor']) retrieved from /home/airflow/.local/lib/python3.8/site-packages/airflow/example_dags/example_kubernetes_executor.py
[2023-12-15T21:17:11.164+0000] {logging_mixin.py:154} INFO - [2023-12-15T21:17:11.164+0000] {dag.py:2941} INFO - Sync 1 DAGs
[2023-12-15T21:17:11.248+0000] {logging_mixin.py:154} INFO - [2023-12-15T21:17:11.248+0000] {dag.py:3722} INFO - Setting next_dagrun for example_kubernetes_executor to None, run_after=None
[2023-12-15T21:17:11.330+0000] {processor.py:179} INFO - Processing /home/airflow/.local/lib/python3.8/site-packages/airflow/example_dags/example_kubernetes_executor.py took 0.451 seconds
[2023-12-15T21:17:48.150+0000] {processor.py:157} INFO - Started process (PID=789) to work on /home/airflow/.local/lib/python3.8/site-packages/airflow/example_dags/example_kubernetes_executor.py
[2023-12-15T21:17:48.167+0000] {processor.py:829} INFO - Processing file /home/airflow/.local/lib/python3.8/site-packages/airflow/example_dags/example_kubernetes_executor.py for tasks to queue
[2023-12-15T21:17:48.195+0000] {logging_mixin.py:154} INFO - [2023-12-15T21:17:48.194+0000] {dagbag.py:536} INFO - Filling up the DagBag from /home/airflow/.local/lib/python3.8/site-packages/airflow/example_dags/example_kubernetes_executor.py
[2023-12-15T21:17:48.494+0000] {processor.py:839} INFO - DAG(s) dict_keys(['example_kubernetes_executor']) retrieved from /home/airflow/.local/lib/python3.8/site-packages/airflow/example_dags/example_kubernetes_executor.py
[2023-12-15T21:17:49.011+0000] {logging_mixin.py:154} INFO - [2023-12-15T21:17:49.003+0000] {dag.py:2941} INFO - Sync 1 DAGs
[2023-12-15T21:17:49.253+0000] {logging_mixin.py:154} INFO - [2023-12-15T21:17:49.253+0000] {dag.py:3722} INFO - Setting next_dagrun for example_kubernetes_executor to None, run_after=None
[2023-12-15T21:17:49.429+0000] {processor.py:179} INFO - Processing /home/airflow/.local/lib/python3.8/site-packages/airflow/example_dags/example_kubernetes_executor.py took 1.325 seconds
[2023-12-15T21:28:22.989+0000] {processor.py:157} INFO - Started process (PID=97) to work on /home/airflow/.local/lib/python3.8/site-packages/airflow/example_dags/example_kubernetes_executor.py
[2023-12-15T21:28:23.014+0000] {processor.py:829} INFO - Processing file /home/airflow/.local/lib/python3.8/site-packages/airflow/example_dags/example_kubernetes_executor.py for tasks to queue
[2023-12-15T21:28:23.030+0000] {logging_mixin.py:154} INFO - [2023-12-15T21:28:23.029+0000] {dagbag.py:536} INFO - Filling up the DagBag from /home/airflow/.local/lib/python3.8/site-packages/airflow/example_dags/example_kubernetes_executor.py
[2023-12-15T21:28:23.285+0000] {processor.py:839} INFO - DAG(s) dict_keys(['example_kubernetes_executor']) retrieved from /home/airflow/.local/lib/python3.8/site-packages/airflow/example_dags/example_kubernetes_executor.py
[2023-12-15T21:28:23.801+0000] {logging_mixin.py:154} INFO - [2023-12-15T21:28:23.801+0000] {dag.py:2941} INFO - Sync 1 DAGs
[2023-12-15T21:28:24.011+0000] {logging_mixin.py:154} INFO - [2023-12-15T21:28:23.999+0000] {dag.py:3722} INFO - Setting next_dagrun for example_kubernetes_executor to None, run_after=None
[2023-12-15T21:28:24.246+0000] {processor.py:179} INFO - Processing /home/airflow/.local/lib/python3.8/site-packages/airflow/example_dags/example_kubernetes_executor.py took 1.304 seconds
[2023-12-15T21:29:26.934+0000] {processor.py:157} INFO - Started process (PID=160) to work on /home/airflow/.local/lib/python3.8/site-packages/airflow/example_dags/example_kubernetes_executor.py
[2023-12-15T21:29:26.969+0000] {processor.py:829} INFO - Processing file /home/airflow/.local/lib/python3.8/site-packages/airflow/example_dags/example_kubernetes_executor.py for tasks to queue
[2023-12-15T21:29:26.997+0000] {logging_mixin.py:154} INFO - [2023-12-15T21:29:26.996+0000] {dagbag.py:536} INFO - Filling up the DagBag from /home/airflow/.local/lib/python3.8/site-packages/airflow/example_dags/example_kubernetes_executor.py
[2023-12-15T21:29:27.260+0000] {processor.py:839} INFO - DAG(s) dict_keys(['example_kubernetes_executor']) retrieved from /home/airflow/.local/lib/python3.8/site-packages/airflow/example_dags/example_kubernetes_executor.py
[2023-12-15T21:29:27.791+0000] {logging_mixin.py:154} INFO - [2023-12-15T21:29:27.791+0000] {dag.py:2941} INFO - Sync 1 DAGs
[2023-12-15T21:29:27.927+0000] {logging_mixin.py:154} INFO - [2023-12-15T21:29:27.918+0000] {dag.py:3722} INFO - Setting next_dagrun for example_kubernetes_executor to None, run_after=None
[2023-12-15T21:29:28.132+0000] {processor.py:179} INFO - Processing /home/airflow/.local/lib/python3.8/site-packages/airflow/example_dags/example_kubernetes_executor.py took 1.279 seconds
[2023-12-15T21:30:21.641+0000] {processor.py:157} INFO - Started process (PID=224) to work on /home/airflow/.local/lib/python3.8/site-packages/airflow/example_dags/example_kubernetes_executor.py
[2023-12-15T21:30:21.694+0000] {processor.py:829} INFO - Processing file /home/airflow/.local/lib/python3.8/site-packages/airflow/example_dags/example_kubernetes_executor.py for tasks to queue
[2023-12-15T21:30:21.951+0000] {logging_mixin.py:154} INFO - [2023-12-15T21:30:21.876+0000] {dagbag.py:536} INFO - Filling up the DagBag from /home/airflow/.local/lib/python3.8/site-packages/airflow/example_dags/example_kubernetes_executor.py
[2023-12-15T21:30:22.752+0000] {processor.py:839} INFO - DAG(s) dict_keys(['example_kubernetes_executor']) retrieved from /home/airflow/.local/lib/python3.8/site-packages/airflow/example_dags/example_kubernetes_executor.py
[2023-12-15T21:30:23.190+0000] {logging_mixin.py:154} INFO - [2023-12-15T21:30:23.190+0000] {dag.py:2941} INFO - Sync 1 DAGs
[2023-12-15T21:30:23.634+0000] {logging_mixin.py:154} INFO - [2023-12-15T21:30:23.633+0000] {dag.py:3722} INFO - Setting next_dagrun for example_kubernetes_executor to None, run_after=None
[2023-12-15T21:30:24.202+0000] {processor.py:179} INFO - Processing /home/airflow/.local/lib/python3.8/site-packages/airflow/example_dags/example_kubernetes_executor.py took 2.724 seconds
[2023-12-15T21:35:41.833+0000] {processor.py:157} INFO - Started process (PID=84) to work on /home/airflow/.local/lib/python3.8/site-packages/airflow/example_dags/example_kubernetes_executor.py
[2023-12-15T21:35:41.853+0000] {processor.py:829} INFO - Processing file /home/airflow/.local/lib/python3.8/site-packages/airflow/example_dags/example_kubernetes_executor.py for tasks to queue
[2023-12-15T21:35:41.873+0000] {logging_mixin.py:154} INFO - [2023-12-15T21:35:41.871+0000] {dagbag.py:536} INFO - Filling up the DagBag from /home/airflow/.local/lib/python3.8/site-packages/airflow/example_dags/example_kubernetes_executor.py
[2023-12-15T21:35:42.155+0000] {processor.py:839} INFO - DAG(s) dict_keys(['example_kubernetes_executor']) retrieved from /home/airflow/.local/lib/python3.8/site-packages/airflow/example_dags/example_kubernetes_executor.py
[2023-12-15T21:35:42.380+0000] {logging_mixin.py:154} INFO - [2023-12-15T21:35:42.380+0000] {dag.py:2941} INFO - Sync 1 DAGs
[2023-12-15T21:35:42.781+0000] {logging_mixin.py:154} INFO - [2023-12-15T21:35:42.781+0000] {dag.py:3722} INFO - Setting next_dagrun for example_kubernetes_executor to None, run_after=None
[2023-12-15T21:35:43.004+0000] {processor.py:179} INFO - Processing /home/airflow/.local/lib/python3.8/site-packages/airflow/example_dags/example_kubernetes_executor.py took 1.228 seconds
[2023-12-15T21:36:22.729+0000] {processor.py:157} INFO - Started process (PID=139) to work on /home/airflow/.local/lib/python3.8/site-packages/airflow/example_dags/example_kubernetes_executor.py
[2023-12-15T21:36:22.772+0000] {processor.py:829} INFO - Processing file /home/airflow/.local/lib/python3.8/site-packages/airflow/example_dags/example_kubernetes_executor.py for tasks to queue
[2023-12-15T21:36:22.862+0000] {logging_mixin.py:154} INFO - [2023-12-15T21:36:22.859+0000] {dagbag.py:536} INFO - Filling up the DagBag from /home/airflow/.local/lib/python3.8/site-packages/airflow/example_dags/example_kubernetes_executor.py
[2023-12-15T21:36:23.183+0000] {processor.py:839} INFO - DAG(s) dict_keys(['example_kubernetes_executor']) retrieved from /home/airflow/.local/lib/python3.8/site-packages/airflow/example_dags/example_kubernetes_executor.py
[2023-12-15T21:36:24.075+0000] {logging_mixin.py:154} INFO - [2023-12-15T21:36:24.074+0000] {dag.py:2941} INFO - Sync 1 DAGs
[2023-12-15T21:36:24.194+0000] {logging_mixin.py:154} INFO - [2023-12-15T21:36:24.193+0000] {dag.py:3722} INFO - Setting next_dagrun for example_kubernetes_executor to None, run_after=None
[2023-12-15T21:36:24.435+0000] {processor.py:179} INFO - Processing /home/airflow/.local/lib/python3.8/site-packages/airflow/example_dags/example_kubernetes_executor.py took 1.895 seconds
[2023-12-15T21:36:54.626+0000] {processor.py:157} INFO - Started process (PID=195) to work on /home/airflow/.local/lib/python3.8/site-packages/airflow/example_dags/example_kubernetes_executor.py
[2023-12-15T21:36:54.629+0000] {processor.py:829} INFO - Processing file /home/airflow/.local/lib/python3.8/site-packages/airflow/example_dags/example_kubernetes_executor.py for tasks to queue
[2023-12-15T21:36:54.634+0000] {logging_mixin.py:154} INFO - [2023-12-15T21:36:54.633+0000] {dagbag.py:536} INFO - Filling up the DagBag from /home/airflow/.local/lib/python3.8/site-packages/airflow/example_dags/example_kubernetes_executor.py
[2023-12-15T21:36:54.709+0000] {processor.py:839} INFO - DAG(s) dict_keys(['example_kubernetes_executor']) retrieved from /home/airflow/.local/lib/python3.8/site-packages/airflow/example_dags/example_kubernetes_executor.py
[2023-12-15T21:36:54.871+0000] {logging_mixin.py:154} INFO - [2023-12-15T21:36:54.870+0000] {dag.py:2941} INFO - Sync 1 DAGs
[2023-12-15T21:36:54.904+0000] {logging_mixin.py:154} INFO - [2023-12-15T21:36:54.904+0000] {dag.py:3722} INFO - Setting next_dagrun for example_kubernetes_executor to None, run_after=None
[2023-12-15T21:36:54.949+0000] {processor.py:179} INFO - Processing /home/airflow/.local/lib/python3.8/site-packages/airflow/example_dags/example_kubernetes_executor.py took 0.333 seconds
[2023-12-15T21:37:28.268+0000] {processor.py:157} INFO - Started process (PID=251) to work on /home/airflow/.local/lib/python3.8/site-packages/airflow/example_dags/example_kubernetes_executor.py
[2023-12-15T21:37:28.272+0000] {processor.py:829} INFO - Processing file /home/airflow/.local/lib/python3.8/site-packages/airflow/example_dags/example_kubernetes_executor.py for tasks to queue
[2023-12-15T21:37:28.281+0000] {logging_mixin.py:154} INFO - [2023-12-15T21:37:28.280+0000] {dagbag.py:536} INFO - Filling up the DagBag from /home/airflow/.local/lib/python3.8/site-packages/airflow/example_dags/example_kubernetes_executor.py
[2023-12-15T21:37:28.443+0000] {processor.py:839} INFO - DAG(s) dict_keys(['example_kubernetes_executor']) retrieved from /home/airflow/.local/lib/python3.8/site-packages/airflow/example_dags/example_kubernetes_executor.py
[2023-12-15T21:37:28.758+0000] {logging_mixin.py:154} INFO - [2023-12-15T21:37:28.758+0000] {dag.py:2941} INFO - Sync 1 DAGs
[2023-12-15T21:37:28.855+0000] {logging_mixin.py:154} INFO - [2023-12-15T21:37:28.854+0000] {dag.py:3722} INFO - Setting next_dagrun for example_kubernetes_executor to None, run_after=None
[2023-12-15T21:37:29.098+0000] {processor.py:179} INFO - Processing /home/airflow/.local/lib/python3.8/site-packages/airflow/example_dags/example_kubernetes_executor.py took 0.849 seconds
[2023-12-15T21:38:15.997+0000] {processor.py:157} INFO - Started process (PID=306) to work on /home/airflow/.local/lib/python3.8/site-packages/airflow/example_dags/example_kubernetes_executor.py
[2023-12-15T21:38:16.002+0000] {processor.py:829} INFO - Processing file /home/airflow/.local/lib/python3.8/site-packages/airflow/example_dags/example_kubernetes_executor.py for tasks to queue
[2023-12-15T21:38:16.012+0000] {logging_mixin.py:154} INFO - [2023-12-15T21:38:16.011+0000] {dagbag.py:536} INFO - Filling up the DagBag from /home/airflow/.local/lib/python3.8/site-packages/airflow/example_dags/example_kubernetes_executor.py
[2023-12-15T21:38:16.066+0000] {processor.py:839} INFO - DAG(s) dict_keys(['example_kubernetes_executor']) retrieved from /home/airflow/.local/lib/python3.8/site-packages/airflow/example_dags/example_kubernetes_executor.py
[2023-12-15T21:38:16.197+0000] {logging_mixin.py:154} INFO - [2023-12-15T21:38:16.196+0000] {dag.py:2941} INFO - Sync 1 DAGs
[2023-12-15T21:38:16.312+0000] {logging_mixin.py:154} INFO - [2023-12-15T21:38:16.312+0000] {dag.py:3722} INFO - Setting next_dagrun for example_kubernetes_executor to None, run_after=None
[2023-12-15T21:38:16.448+0000] {processor.py:179} INFO - Processing /home/airflow/.local/lib/python3.8/site-packages/airflow/example_dags/example_kubernetes_executor.py took 0.467 seconds
[2023-12-15T21:39:00.868+0000] {processor.py:157} INFO - Started process (PID=369) to work on /home/airflow/.local/lib/python3.8/site-packages/airflow/example_dags/example_kubernetes_executor.py
[2023-12-15T21:39:00.918+0000] {processor.py:829} INFO - Processing file /home/airflow/.local/lib/python3.8/site-packages/airflow/example_dags/example_kubernetes_executor.py for tasks to queue
[2023-12-15T21:39:01.106+0000] {logging_mixin.py:154} INFO - [2023-12-15T21:39:00.983+0000] {dagbag.py:536} INFO - Filling up the DagBag from /home/airflow/.local/lib/python3.8/site-packages/airflow/example_dags/example_kubernetes_executor.py
[2023-12-15T21:39:02.606+0000] {processor.py:839} INFO - DAG(s) dict_keys(['example_kubernetes_executor']) retrieved from /home/airflow/.local/lib/python3.8/site-packages/airflow/example_dags/example_kubernetes_executor.py
[2023-12-15T21:39:03.580+0000] {logging_mixin.py:154} INFO - [2023-12-15T21:39:03.579+0000] {dag.py:2941} INFO - Sync 1 DAGs
[2023-12-15T21:39:04.129+0000] {logging_mixin.py:154} INFO - [2023-12-15T21:39:04.129+0000] {dag.py:3722} INFO - Setting next_dagrun for example_kubernetes_executor to None, run_after=None
[2023-12-15T21:39:04.800+0000] {processor.py:179} INFO - Processing /home/airflow/.local/lib/python3.8/site-packages/airflow/example_dags/example_kubernetes_executor.py took 4.059 seconds
[2023-12-15T21:39:42.320+0000] {processor.py:157} INFO - Started process (PID=425) to work on /home/airflow/.local/lib/python3.8/site-packages/airflow/example_dags/example_kubernetes_executor.py
[2023-12-15T21:39:42.322+0000] {processor.py:829} INFO - Processing file /home/airflow/.local/lib/python3.8/site-packages/airflow/example_dags/example_kubernetes_executor.py for tasks to queue
[2023-12-15T21:39:42.341+0000] {logging_mixin.py:154} INFO - [2023-12-15T21:39:42.340+0000] {dagbag.py:536} INFO - Filling up the DagBag from /home/airflow/.local/lib/python3.8/site-packages/airflow/example_dags/example_kubernetes_executor.py
[2023-12-15T21:39:42.451+0000] {processor.py:839} INFO - DAG(s) dict_keys(['example_kubernetes_executor']) retrieved from /home/airflow/.local/lib/python3.8/site-packages/airflow/example_dags/example_kubernetes_executor.py
[2023-12-15T21:39:42.783+0000] {logging_mixin.py:154} INFO - [2023-12-15T21:39:42.782+0000] {dag.py:2941} INFO - Sync 1 DAGs
[2023-12-15T21:39:42.902+0000] {logging_mixin.py:154} INFO - [2023-12-15T21:39:42.899+0000] {dag.py:3722} INFO - Setting next_dagrun for example_kubernetes_executor to None, run_after=None
[2023-12-15T21:39:43.051+0000] {processor.py:179} INFO - Processing /home/airflow/.local/lib/python3.8/site-packages/airflow/example_dags/example_kubernetes_executor.py took 0.760 seconds
[2023-12-15T21:40:13.337+0000] {processor.py:157} INFO - Started process (PID=481) to work on /home/airflow/.local/lib/python3.8/site-packages/airflow/example_dags/example_kubernetes_executor.py
[2023-12-15T21:40:13.344+0000] {processor.py:829} INFO - Processing file /home/airflow/.local/lib/python3.8/site-packages/airflow/example_dags/example_kubernetes_executor.py for tasks to queue
[2023-12-15T21:40:13.360+0000] {logging_mixin.py:154} INFO - [2023-12-15T21:40:13.358+0000] {dagbag.py:536} INFO - Filling up the DagBag from /home/airflow/.local/lib/python3.8/site-packages/airflow/example_dags/example_kubernetes_executor.py
[2023-12-15T21:40:13.409+0000] {processor.py:839} INFO - DAG(s) dict_keys(['example_kubernetes_executor']) retrieved from /home/airflow/.local/lib/python3.8/site-packages/airflow/example_dags/example_kubernetes_executor.py
[2023-12-15T21:40:13.528+0000] {logging_mixin.py:154} INFO - [2023-12-15T21:40:13.527+0000] {dag.py:2941} INFO - Sync 1 DAGs
[2023-12-15T21:40:13.568+0000] {logging_mixin.py:154} INFO - [2023-12-15T21:40:13.568+0000] {dag.py:3722} INFO - Setting next_dagrun for example_kubernetes_executor to None, run_after=None
[2023-12-15T21:40:13.605+0000] {processor.py:179} INFO - Processing /home/airflow/.local/lib/python3.8/site-packages/airflow/example_dags/example_kubernetes_executor.py took 0.282 seconds
[2023-12-15T21:46:07.556+0000] {processor.py:157} INFO - Started process (PID=92) to work on /home/airflow/.local/lib/python3.8/site-packages/airflow/example_dags/example_kubernetes_executor.py
[2023-12-15T21:46:07.588+0000] {processor.py:829} INFO - Processing file /home/airflow/.local/lib/python3.8/site-packages/airflow/example_dags/example_kubernetes_executor.py for tasks to queue
[2023-12-15T21:46:07.809+0000] {logging_mixin.py:154} INFO - [2023-12-15T21:46:07.771+0000] {dagbag.py:536} INFO - Filling up the DagBag from /home/airflow/.local/lib/python3.8/site-packages/airflow/example_dags/example_kubernetes_executor.py
[2023-12-15T21:46:09.191+0000] {processor.py:839} INFO - DAG(s) dict_keys(['example_kubernetes_executor']) retrieved from /home/airflow/.local/lib/python3.8/site-packages/airflow/example_dags/example_kubernetes_executor.py
[2023-12-15T21:46:10.231+0000] {logging_mixin.py:154} INFO - [2023-12-15T21:46:10.230+0000] {dag.py:2941} INFO - Sync 1 DAGs
[2023-12-15T21:46:10.591+0000] {logging_mixin.py:154} INFO - [2023-12-15T21:46:10.559+0000] {dag.py:3722} INFO - Setting next_dagrun for example_kubernetes_executor to None, run_after=None
[2023-12-15T21:46:11.204+0000] {processor.py:179} INFO - Processing /home/airflow/.local/lib/python3.8/site-packages/airflow/example_dags/example_kubernetes_executor.py took 3.765 seconds
[2023-12-15T21:47:37.613+0000] {processor.py:157} INFO - Started process (PID=162) to work on /home/airflow/.local/lib/python3.8/site-packages/airflow/example_dags/example_kubernetes_executor.py
[2023-12-15T21:47:37.657+0000] {processor.py:829} INFO - Processing file /home/airflow/.local/lib/python3.8/site-packages/airflow/example_dags/example_kubernetes_executor.py for tasks to queue
[2023-12-15T21:47:37.737+0000] {logging_mixin.py:154} INFO - [2023-12-15T21:47:37.736+0000] {dagbag.py:536} INFO - Filling up the DagBag from /home/airflow/.local/lib/python3.8/site-packages/airflow/example_dags/example_kubernetes_executor.py
[2023-12-15T21:47:38.155+0000] {processor.py:839} INFO - DAG(s) dict_keys(['example_kubernetes_executor']) retrieved from /home/airflow/.local/lib/python3.8/site-packages/airflow/example_dags/example_kubernetes_executor.py
[2023-12-15T21:47:38.799+0000] {logging_mixin.py:154} INFO - [2023-12-15T21:47:38.798+0000] {dag.py:2941} INFO - Sync 1 DAGs
[2023-12-15T21:47:38.978+0000] {logging_mixin.py:154} INFO - [2023-12-15T21:47:38.977+0000] {dag.py:3722} INFO - Setting next_dagrun for example_kubernetes_executor to None, run_after=None
[2023-12-15T21:47:39.232+0000] {processor.py:179} INFO - Processing /home/airflow/.local/lib/python3.8/site-packages/airflow/example_dags/example_kubernetes_executor.py took 1.718 seconds
