[2023-12-15T20:50:10.323+0000] {processor.py:157} INFO - Started process (PID=56) to work on /home/airflow/.local/lib/python3.8/site-packages/airflow/example_dags/example_bash_operator.py
[2023-12-15T20:50:10.325+0000] {processor.py:829} INFO - Processing file /home/airflow/.local/lib/python3.8/site-packages/airflow/example_dags/example_bash_operator.py for tasks to queue
[2023-12-15T20:50:10.360+0000] {logging_mixin.py:154} INFO - [2023-12-15T20:50:10.349+0000] {dagbag.py:536} INFO - Filling up the DagBag from /home/airflow/.local/lib/python3.8/site-packages/airflow/example_dags/example_bash_operator.py
[2023-12-15T20:50:10.452+0000] {processor.py:839} INFO - DAG(s) dict_keys(['example_bash_operator']) retrieved from /home/airflow/.local/lib/python3.8/site-packages/airflow/example_dags/example_bash_operator.py
[2023-12-15T20:50:11.548+0000] {logging_mixin.py:154} INFO - [2023-12-15T20:50:11.548+0000] {manager.py:499} INFO - Created Permission View: %s
[2023-12-15T20:50:11.596+0000] {logging_mixin.py:154} INFO - [2023-12-15T20:50:11.596+0000] {manager.py:499} INFO - Created Permission View: %s
[2023-12-15T20:50:11.630+0000] {logging_mixin.py:154} INFO - [2023-12-15T20:50:11.630+0000] {manager.py:499} INFO - Created Permission View: %s
[2023-12-15T20:50:11.631+0000] {logging_mixin.py:154} INFO - [2023-12-15T20:50:11.631+0000] {dag.py:2941} INFO - Sync 1 DAGs
[2023-12-15T20:50:11.753+0000] {logging_mixin.py:154} INFO - [2023-12-15T20:50:11.753+0000] {dag.py:2963} INFO - Creating ORM DAG for example_bash_operator
[2023-12-15T20:50:11.855+0000] {logging_mixin.py:154} INFO - [2023-12-15T20:50:11.855+0000] {dag.py:3722} INFO - Setting next_dagrun for example_bash_operator to 2023-12-14T00:00:00+00:00, run_after=2023-12-15T00:00:00+00:00
[2023-12-15T20:50:12.051+0000] {processor.py:179} INFO - Processing /home/airflow/.local/lib/python3.8/site-packages/airflow/example_dags/example_bash_operator.py took 1.753 seconds
[2023-12-15T20:50:43.042+0000] {processor.py:157} INFO - Started process (PID=112) to work on /home/airflow/.local/lib/python3.8/site-packages/airflow/example_dags/example_bash_operator.py
[2023-12-15T20:50:43.047+0000] {processor.py:829} INFO - Processing file /home/airflow/.local/lib/python3.8/site-packages/airflow/example_dags/example_bash_operator.py for tasks to queue
[2023-12-15T21:10:36.042+0000] {logging_mixin.py:154} INFO - [2023-12-15T20:50:43.067+0000] {dagbag.py:536} INFO - Filling up the DagBag from /home/airflow/.local/lib/python3.8/site-packages/airflow/example_dags/example_bash_operator.py
[2023-12-15T21:10:36.542+0000] {processor.py:839} INFO - DAG(s) dict_keys(['example_bash_operator']) retrieved from /home/airflow/.local/lib/python3.8/site-packages/airflow/example_dags/example_bash_operator.py
[2023-12-15T21:10:37.657+0000] {logging_mixin.py:154} INFO - [2023-12-15T21:10:37.007+0000] {dag.py:2941} INFO - Sync 1 DAGs
[2023-12-15T21:10:38.833+0000] {logging_mixin.py:154} INFO - [2023-12-15T21:10:38.832+0000] {dag.py:3722} INFO - Setting next_dagrun for example_bash_operator to 2023-12-14T00:00:00+00:00, run_after=2023-12-15T00:00:00+00:00
[2023-12-15T21:11:12.128+0000] {processor.py:157} INFO - Started process (PID=168) to work on /home/airflow/.local/lib/python3.8/site-packages/airflow/example_dags/example_bash_operator.py
[2023-12-15T21:11:12.130+0000] {processor.py:829} INFO - Processing file /home/airflow/.local/lib/python3.8/site-packages/airflow/example_dags/example_bash_operator.py for tasks to queue
[2023-12-15T21:11:12.136+0000] {logging_mixin.py:154} INFO - [2023-12-15T21:11:12.135+0000] {dagbag.py:536} INFO - Filling up the DagBag from /home/airflow/.local/lib/python3.8/site-packages/airflow/example_dags/example_bash_operator.py
[2023-12-15T21:11:12.167+0000] {processor.py:839} INFO - DAG(s) dict_keys(['example_bash_operator']) retrieved from /home/airflow/.local/lib/python3.8/site-packages/airflow/example_dags/example_bash_operator.py
[2023-12-15T21:11:12.263+0000] {logging_mixin.py:154} INFO - [2023-12-15T21:11:12.263+0000] {dag.py:2941} INFO - Sync 1 DAGs
[2023-12-15T21:11:12.353+0000] {logging_mixin.py:154} INFO - [2023-12-15T21:11:12.353+0000] {dag.py:3722} INFO - Setting next_dagrun for example_bash_operator to 2023-12-14T00:00:00+00:00, run_after=2023-12-15T00:00:00+00:00
[2023-12-15T21:11:12.390+0000] {processor.py:179} INFO - Processing /home/airflow/.local/lib/python3.8/site-packages/airflow/example_dags/example_bash_operator.py took 0.269 seconds
[2023-12-15T21:11:42.629+0000] {processor.py:157} INFO - Started process (PID=215) to work on /home/airflow/.local/lib/python3.8/site-packages/airflow/example_dags/example_bash_operator.py
[2023-12-15T21:11:42.631+0000] {processor.py:829} INFO - Processing file /home/airflow/.local/lib/python3.8/site-packages/airflow/example_dags/example_bash_operator.py for tasks to queue
[2023-12-15T21:11:42.637+0000] {logging_mixin.py:154} INFO - [2023-12-15T21:11:42.636+0000] {dagbag.py:536} INFO - Filling up the DagBag from /home/airflow/.local/lib/python3.8/site-packages/airflow/example_dags/example_bash_operator.py
[2023-12-15T21:11:42.686+0000] {processor.py:839} INFO - DAG(s) dict_keys(['example_bash_operator']) retrieved from /home/airflow/.local/lib/python3.8/site-packages/airflow/example_dags/example_bash_operator.py
[2023-12-15T21:11:42.846+0000] {logging_mixin.py:154} INFO - [2023-12-15T21:11:42.840+0000] {dag.py:2941} INFO - Sync 1 DAGs
[2023-12-15T21:11:42.938+0000] {logging_mixin.py:154} INFO - [2023-12-15T21:11:42.936+0000] {dag.py:3722} INFO - Setting next_dagrun for example_bash_operator to 2023-12-14T00:00:00+00:00, run_after=2023-12-15T00:00:00+00:00
[2023-12-15T21:11:43.003+0000] {processor.py:179} INFO - Processing /home/airflow/.local/lib/python3.8/site-packages/airflow/example_dags/example_bash_operator.py took 0.385 seconds
[2023-12-15T21:12:19.249+0000] {processor.py:157} INFO - Started process (PID=265) to work on /home/airflow/.local/lib/python3.8/site-packages/airflow/example_dags/example_bash_operator.py
[2023-12-15T21:12:19.265+0000] {processor.py:829} INFO - Processing file /home/airflow/.local/lib/python3.8/site-packages/airflow/example_dags/example_bash_operator.py for tasks to queue
[2023-12-15T21:12:19.278+0000] {logging_mixin.py:154} INFO - [2023-12-15T21:12:19.278+0000] {dagbag.py:536} INFO - Filling up the DagBag from /home/airflow/.local/lib/python3.8/site-packages/airflow/example_dags/example_bash_operator.py
[2023-12-15T21:12:19.596+0000] {processor.py:839} INFO - DAG(s) dict_keys(['example_bash_operator']) retrieved from /home/airflow/.local/lib/python3.8/site-packages/airflow/example_dags/example_bash_operator.py
[2023-12-15T21:12:19.891+0000] {logging_mixin.py:154} INFO - [2023-12-15T21:12:19.890+0000] {dag.py:2941} INFO - Sync 1 DAGs
[2023-12-15T21:12:20.231+0000] {logging_mixin.py:154} INFO - [2023-12-15T21:12:20.224+0000] {dag.py:3722} INFO - Setting next_dagrun for example_bash_operator to 2023-12-14T00:00:00+00:00, run_after=2023-12-15T00:00:00+00:00
[2023-12-15T21:12:20.386+0000] {processor.py:179} INFO - Processing /home/airflow/.local/lib/python3.8/site-packages/airflow/example_dags/example_bash_operator.py took 1.166 seconds
[2023-12-15T21:12:51.507+0000] {processor.py:157} INFO - Started process (PID=322) to work on /home/airflow/.local/lib/python3.8/site-packages/airflow/example_dags/example_bash_operator.py
[2023-12-15T21:12:51.529+0000] {processor.py:829} INFO - Processing file /home/airflow/.local/lib/python3.8/site-packages/airflow/example_dags/example_bash_operator.py for tasks to queue
[2023-12-15T21:12:51.574+0000] {logging_mixin.py:154} INFO - [2023-12-15T21:12:51.573+0000] {dagbag.py:536} INFO - Filling up the DagBag from /home/airflow/.local/lib/python3.8/site-packages/airflow/example_dags/example_bash_operator.py
[2023-12-15T21:12:51.770+0000] {processor.py:839} INFO - DAG(s) dict_keys(['example_bash_operator']) retrieved from /home/airflow/.local/lib/python3.8/site-packages/airflow/example_dags/example_bash_operator.py
[2023-12-15T21:12:52.111+0000] {logging_mixin.py:154} INFO - [2023-12-15T21:12:52.110+0000] {dag.py:2941} INFO - Sync 1 DAGs
[2023-12-15T21:12:52.339+0000] {logging_mixin.py:154} INFO - [2023-12-15T21:12:52.318+0000] {dag.py:3722} INFO - Setting next_dagrun for example_bash_operator to 2023-12-14T00:00:00+00:00, run_after=2023-12-15T00:00:00+00:00
[2023-12-15T21:12:52.524+0000] {processor.py:179} INFO - Processing /home/airflow/.local/lib/python3.8/site-packages/airflow/example_dags/example_bash_operator.py took 1.065 seconds
[2023-12-15T21:13:23.250+0000] {processor.py:157} INFO - Started process (PID=378) to work on /home/airflow/.local/lib/python3.8/site-packages/airflow/example_dags/example_bash_operator.py
[2023-12-15T21:13:23.252+0000] {processor.py:829} INFO - Processing file /home/airflow/.local/lib/python3.8/site-packages/airflow/example_dags/example_bash_operator.py for tasks to queue
[2023-12-15T21:13:23.262+0000] {logging_mixin.py:154} INFO - [2023-12-15T21:13:23.261+0000] {dagbag.py:536} INFO - Filling up the DagBag from /home/airflow/.local/lib/python3.8/site-packages/airflow/example_dags/example_bash_operator.py
[2023-12-15T21:13:23.308+0000] {processor.py:839} INFO - DAG(s) dict_keys(['example_bash_operator']) retrieved from /home/airflow/.local/lib/python3.8/site-packages/airflow/example_dags/example_bash_operator.py
[2023-12-15T21:13:23.427+0000] {logging_mixin.py:154} INFO - [2023-12-15T21:13:23.427+0000] {dag.py:2941} INFO - Sync 1 DAGs
[2023-12-15T21:13:23.520+0000] {logging_mixin.py:154} INFO - [2023-12-15T21:13:23.519+0000] {dag.py:3722} INFO - Setting next_dagrun for example_bash_operator to 2023-12-14T00:00:00+00:00, run_after=2023-12-15T00:00:00+00:00
[2023-12-15T21:13:23.588+0000] {processor.py:179} INFO - Processing /home/airflow/.local/lib/python3.8/site-packages/airflow/example_dags/example_bash_operator.py took 0.351 seconds
[2023-12-15T21:13:54.074+0000] {processor.py:157} INFO - Started process (PID=434) to work on /home/airflow/.local/lib/python3.8/site-packages/airflow/example_dags/example_bash_operator.py
[2023-12-15T21:13:54.077+0000] {processor.py:829} INFO - Processing file /home/airflow/.local/lib/python3.8/site-packages/airflow/example_dags/example_bash_operator.py for tasks to queue
[2023-12-15T21:13:54.088+0000] {logging_mixin.py:154} INFO - [2023-12-15T21:13:54.085+0000] {dagbag.py:536} INFO - Filling up the DagBag from /home/airflow/.local/lib/python3.8/site-packages/airflow/example_dags/example_bash_operator.py
[2023-12-15T21:13:54.170+0000] {processor.py:839} INFO - DAG(s) dict_keys(['example_bash_operator']) retrieved from /home/airflow/.local/lib/python3.8/site-packages/airflow/example_dags/example_bash_operator.py
[2023-12-15T21:13:54.380+0000] {logging_mixin.py:154} INFO - [2023-12-15T21:13:54.379+0000] {dag.py:2941} INFO - Sync 1 DAGs
[2023-12-15T21:13:54.472+0000] {logging_mixin.py:154} INFO - [2023-12-15T21:13:54.472+0000] {dag.py:3722} INFO - Setting next_dagrun for example_bash_operator to 2023-12-14T00:00:00+00:00, run_after=2023-12-15T00:00:00+00:00
[2023-12-15T21:13:54.544+0000] {processor.py:179} INFO - Processing /home/airflow/.local/lib/python3.8/site-packages/airflow/example_dags/example_bash_operator.py took 0.490 seconds
[2023-12-15T21:14:25.756+0000] {processor.py:157} INFO - Started process (PID=487) to work on /home/airflow/.local/lib/python3.8/site-packages/airflow/example_dags/example_bash_operator.py
[2023-12-15T21:14:25.760+0000] {processor.py:829} INFO - Processing file /home/airflow/.local/lib/python3.8/site-packages/airflow/example_dags/example_bash_operator.py for tasks to queue
[2023-12-15T21:14:25.767+0000] {logging_mixin.py:154} INFO - [2023-12-15T21:14:25.766+0000] {dagbag.py:536} INFO - Filling up the DagBag from /home/airflow/.local/lib/python3.8/site-packages/airflow/example_dags/example_bash_operator.py
[2023-12-15T21:14:25.876+0000] {processor.py:839} INFO - DAG(s) dict_keys(['example_bash_operator']) retrieved from /home/airflow/.local/lib/python3.8/site-packages/airflow/example_dags/example_bash_operator.py
[2023-12-15T21:14:26.539+0000] {logging_mixin.py:154} INFO - [2023-12-15T21:14:26.538+0000] {dag.py:2941} INFO - Sync 1 DAGs
[2023-12-15T21:14:26.832+0000] {logging_mixin.py:154} INFO - [2023-12-15T21:14:26.832+0000] {dag.py:3722} INFO - Setting next_dagrun for example_bash_operator to 2023-12-14T00:00:00+00:00, run_after=2023-12-15T00:00:00+00:00
[2023-12-15T21:14:26.910+0000] {processor.py:179} INFO - Processing /home/airflow/.local/lib/python3.8/site-packages/airflow/example_dags/example_bash_operator.py took 1.240 seconds
[2023-12-15T21:15:00.949+0000] {processor.py:157} INFO - Started process (PID=544) to work on /home/airflow/.local/lib/python3.8/site-packages/airflow/example_dags/example_bash_operator.py
[2023-12-15T21:15:00.951+0000] {processor.py:829} INFO - Processing file /home/airflow/.local/lib/python3.8/site-packages/airflow/example_dags/example_bash_operator.py for tasks to queue
[2023-12-15T21:15:00.956+0000] {logging_mixin.py:154} INFO - [2023-12-15T21:15:00.955+0000] {dagbag.py:536} INFO - Filling up the DagBag from /home/airflow/.local/lib/python3.8/site-packages/airflow/example_dags/example_bash_operator.py
[2023-12-15T21:15:00.991+0000] {processor.py:839} INFO - DAG(s) dict_keys(['example_bash_operator']) retrieved from /home/airflow/.local/lib/python3.8/site-packages/airflow/example_dags/example_bash_operator.py
[2023-12-15T21:15:01.136+0000] {logging_mixin.py:154} INFO - [2023-12-15T21:15:01.136+0000] {dag.py:2941} INFO - Sync 1 DAGs
[2023-12-15T21:15:01.403+0000] {logging_mixin.py:154} INFO - [2023-12-15T21:15:01.403+0000] {dag.py:3722} INFO - Setting next_dagrun for example_bash_operator to 2023-12-14T00:00:00+00:00, run_after=2023-12-15T00:00:00+00:00
[2023-12-15T21:15:01.498+0000] {processor.py:179} INFO - Processing /home/airflow/.local/lib/python3.8/site-packages/airflow/example_dags/example_bash_operator.py took 0.556 seconds
[2023-12-15T21:15:32.445+0000] {processor.py:157} INFO - Started process (PID=599) to work on /home/airflow/.local/lib/python3.8/site-packages/airflow/example_dags/example_bash_operator.py
[2023-12-15T21:15:32.464+0000] {processor.py:829} INFO - Processing file /home/airflow/.local/lib/python3.8/site-packages/airflow/example_dags/example_bash_operator.py for tasks to queue
[2023-12-15T21:15:32.482+0000] {logging_mixin.py:154} INFO - [2023-12-15T21:15:32.481+0000] {dagbag.py:536} INFO - Filling up the DagBag from /home/airflow/.local/lib/python3.8/site-packages/airflow/example_dags/example_bash_operator.py
[2023-12-15T21:15:32.613+0000] {processor.py:839} INFO - DAG(s) dict_keys(['example_bash_operator']) retrieved from /home/airflow/.local/lib/python3.8/site-packages/airflow/example_dags/example_bash_operator.py
[2023-12-15T21:15:33.042+0000] {logging_mixin.py:154} INFO - [2023-12-15T21:15:33.041+0000] {dag.py:2941} INFO - Sync 1 DAGs
[2023-12-15T21:15:33.393+0000] {logging_mixin.py:154} INFO - [2023-12-15T21:15:33.393+0000] {dag.py:3722} INFO - Setting next_dagrun for example_bash_operator to 2023-12-14T00:00:00+00:00, run_after=2023-12-15T00:00:00+00:00
[2023-12-15T21:15:33.716+0000] {processor.py:179} INFO - Processing /home/airflow/.local/lib/python3.8/site-packages/airflow/example_dags/example_bash_operator.py took 1.336 seconds
[2023-12-15T21:16:04.132+0000] {processor.py:157} INFO - Started process (PID=654) to work on /home/airflow/.local/lib/python3.8/site-packages/airflow/example_dags/example_bash_operator.py
[2023-12-15T21:16:04.134+0000] {processor.py:829} INFO - Processing file /home/airflow/.local/lib/python3.8/site-packages/airflow/example_dags/example_bash_operator.py for tasks to queue
[2023-12-15T21:16:04.148+0000] {logging_mixin.py:154} INFO - [2023-12-15T21:16:04.145+0000] {dagbag.py:536} INFO - Filling up the DagBag from /home/airflow/.local/lib/python3.8/site-packages/airflow/example_dags/example_bash_operator.py
[2023-12-15T21:16:04.199+0000] {processor.py:839} INFO - DAG(s) dict_keys(['example_bash_operator']) retrieved from /home/airflow/.local/lib/python3.8/site-packages/airflow/example_dags/example_bash_operator.py
[2023-12-15T21:16:04.293+0000] {logging_mixin.py:154} INFO - [2023-12-15T21:16:04.293+0000] {dag.py:2941} INFO - Sync 1 DAGs
[2023-12-15T21:16:04.403+0000] {logging_mixin.py:154} INFO - [2023-12-15T21:16:04.402+0000] {dag.py:3722} INFO - Setting next_dagrun for example_bash_operator to 2023-12-14T00:00:00+00:00, run_after=2023-12-15T00:00:00+00:00
[2023-12-15T21:16:04.494+0000] {processor.py:179} INFO - Processing /home/airflow/.local/lib/python3.8/site-packages/airflow/example_dags/example_bash_operator.py took 0.374 seconds
[2023-12-15T21:16:53.874+0000] {processor.py:157} INFO - Started process (PID=700) to work on /home/airflow/.local/lib/python3.8/site-packages/airflow/example_dags/example_bash_operator.py
[2023-12-15T21:16:53.896+0000] {processor.py:829} INFO - Processing file /home/airflow/.local/lib/python3.8/site-packages/airflow/example_dags/example_bash_operator.py for tasks to queue
[2023-12-15T21:16:53.954+0000] {logging_mixin.py:154} INFO - [2023-12-15T21:16:53.953+0000] {dagbag.py:536} INFO - Filling up the DagBag from /home/airflow/.local/lib/python3.8/site-packages/airflow/example_dags/example_bash_operator.py
[2023-12-15T21:16:54.313+0000] {processor.py:839} INFO - DAG(s) dict_keys(['example_bash_operator']) retrieved from /home/airflow/.local/lib/python3.8/site-packages/airflow/example_dags/example_bash_operator.py
[2023-12-15T21:16:55.376+0000] {logging_mixin.py:154} INFO - [2023-12-15T21:16:55.375+0000] {dag.py:2941} INFO - Sync 1 DAGs
[2023-12-15T21:16:56.068+0000] {logging_mixin.py:154} INFO - [2023-12-15T21:16:56.068+0000] {dag.py:3722} INFO - Setting next_dagrun for example_bash_operator to 2023-12-14T00:00:00+00:00, run_after=2023-12-15T00:00:00+00:00
[2023-12-15T21:16:56.613+0000] {processor.py:179} INFO - Processing /home/airflow/.local/lib/python3.8/site-packages/airflow/example_dags/example_bash_operator.py took 2.800 seconds
[2023-12-15T21:17:27.300+0000] {processor.py:157} INFO - Started process (PID=756) to work on /home/airflow/.local/lib/python3.8/site-packages/airflow/example_dags/example_bash_operator.py
[2023-12-15T21:17:27.303+0000] {processor.py:829} INFO - Processing file /home/airflow/.local/lib/python3.8/site-packages/airflow/example_dags/example_bash_operator.py for tasks to queue
[2023-12-15T21:17:27.310+0000] {logging_mixin.py:154} INFO - [2023-12-15T21:17:27.309+0000] {dagbag.py:536} INFO - Filling up the DagBag from /home/airflow/.local/lib/python3.8/site-packages/airflow/example_dags/example_bash_operator.py
[2023-12-15T21:17:27.367+0000] {processor.py:839} INFO - DAG(s) dict_keys(['example_bash_operator']) retrieved from /home/airflow/.local/lib/python3.8/site-packages/airflow/example_dags/example_bash_operator.py
[2023-12-15T21:17:27.476+0000] {logging_mixin.py:154} INFO - [2023-12-15T21:17:27.476+0000] {dag.py:2941} INFO - Sync 1 DAGs
[2023-12-15T21:17:27.564+0000] {logging_mixin.py:154} INFO - [2023-12-15T21:17:27.563+0000] {dag.py:3722} INFO - Setting next_dagrun for example_bash_operator to 2023-12-14T00:00:00+00:00, run_after=2023-12-15T00:00:00+00:00
[2023-12-15T21:17:27.657+0000] {processor.py:179} INFO - Processing /home/airflow/.local/lib/python3.8/site-packages/airflow/example_dags/example_bash_operator.py took 0.369 seconds
[2023-12-15T21:28:05.542+0000] {processor.py:157} INFO - Started process (PID=82) to work on /home/airflow/.local/lib/python3.8/site-packages/airflow/example_dags/example_bash_operator.py
[2023-12-15T21:28:05.550+0000] {processor.py:829} INFO - Processing file /home/airflow/.local/lib/python3.8/site-packages/airflow/example_dags/example_bash_operator.py for tasks to queue
[2023-12-15T21:28:05.562+0000] {logging_mixin.py:154} INFO - [2023-12-15T21:28:05.561+0000] {dagbag.py:536} INFO - Filling up the DagBag from /home/airflow/.local/lib/python3.8/site-packages/airflow/example_dags/example_bash_operator.py
[2023-12-15T21:28:05.729+0000] {processor.py:839} INFO - DAG(s) dict_keys(['example_bash_operator']) retrieved from /home/airflow/.local/lib/python3.8/site-packages/airflow/example_dags/example_bash_operator.py
[2023-12-15T21:28:06.734+0000] {logging_mixin.py:154} INFO - [2023-12-15T21:28:06.733+0000] {dag.py:2941} INFO - Sync 1 DAGs
[2023-12-15T21:28:07.397+0000] {logging_mixin.py:154} INFO - [2023-12-15T21:28:07.396+0000] {dag.py:3722} INFO - Setting next_dagrun for example_bash_operator to 2023-12-14T00:00:00+00:00, run_after=2023-12-15T00:00:00+00:00
[2023-12-15T21:28:07.880+0000] {processor.py:179} INFO - Processing /home/airflow/.local/lib/python3.8/site-packages/airflow/example_dags/example_bash_operator.py took 2.359 seconds
[2023-12-15T21:29:14.757+0000] {processor.py:157} INFO - Started process (PID=145) to work on /home/airflow/.local/lib/python3.8/site-packages/airflow/example_dags/example_bash_operator.py
[2023-12-15T21:29:14.769+0000] {processor.py:829} INFO - Processing file /home/airflow/.local/lib/python3.8/site-packages/airflow/example_dags/example_bash_operator.py for tasks to queue
[2023-12-15T21:29:14.786+0000] {logging_mixin.py:154} INFO - [2023-12-15T21:29:14.786+0000] {dagbag.py:536} INFO - Filling up the DagBag from /home/airflow/.local/lib/python3.8/site-packages/airflow/example_dags/example_bash_operator.py
[2023-12-15T21:29:14.949+0000] {processor.py:839} INFO - DAG(s) dict_keys(['example_bash_operator']) retrieved from /home/airflow/.local/lib/python3.8/site-packages/airflow/example_dags/example_bash_operator.py
[2023-12-15T21:29:15.514+0000] {logging_mixin.py:154} INFO - [2023-12-15T21:29:15.513+0000] {dag.py:2941} INFO - Sync 1 DAGs
[2023-12-15T21:29:15.958+0000] {logging_mixin.py:154} INFO - [2023-12-15T21:29:15.958+0000] {dag.py:3722} INFO - Setting next_dagrun for example_bash_operator to 2023-12-14T00:00:00+00:00, run_after=2023-12-15T00:00:00+00:00
[2023-12-15T21:29:16.248+0000] {processor.py:179} INFO - Processing /home/airflow/.local/lib/python3.8/site-packages/airflow/example_dags/example_bash_operator.py took 1.542 seconds
[2023-12-15T21:30:03.634+0000] {processor.py:157} INFO - Started process (PID=201) to work on /home/airflow/.local/lib/python3.8/site-packages/airflow/example_dags/example_bash_operator.py
[2023-12-15T21:30:03.646+0000] {processor.py:829} INFO - Processing file /home/airflow/.local/lib/python3.8/site-packages/airflow/example_dags/example_bash_operator.py for tasks to queue
[2023-12-15T21:30:03.678+0000] {logging_mixin.py:154} INFO - [2023-12-15T21:30:03.678+0000] {dagbag.py:536} INFO - Filling up the DagBag from /home/airflow/.local/lib/python3.8/site-packages/airflow/example_dags/example_bash_operator.py
[2023-12-15T21:30:04.040+0000] {processor.py:839} INFO - DAG(s) dict_keys(['example_bash_operator']) retrieved from /home/airflow/.local/lib/python3.8/site-packages/airflow/example_dags/example_bash_operator.py
[2023-12-15T21:30:04.535+0000] {logging_mixin.py:154} INFO - [2023-12-15T21:30:04.528+0000] {dag.py:2941} INFO - Sync 1 DAGs
[2023-12-15T21:30:05.515+0000] {logging_mixin.py:154} INFO - [2023-12-15T21:30:05.513+0000] {dag.py:3722} INFO - Setting next_dagrun for example_bash_operator to 2023-12-14T00:00:00+00:00, run_after=2023-12-15T00:00:00+00:00
[2023-12-15T21:30:05.784+0000] {processor.py:179} INFO - Processing /home/airflow/.local/lib/python3.8/site-packages/airflow/example_dags/example_bash_operator.py took 2.217 seconds
[2023-12-15T21:35:31.305+0000] {processor.py:157} INFO - Started process (PID=69) to work on /home/airflow/.local/lib/python3.8/site-packages/airflow/example_dags/example_bash_operator.py
[2023-12-15T21:35:31.321+0000] {processor.py:829} INFO - Processing file /home/airflow/.local/lib/python3.8/site-packages/airflow/example_dags/example_bash_operator.py for tasks to queue
[2023-12-15T21:35:31.338+0000] {logging_mixin.py:154} INFO - [2023-12-15T21:35:31.337+0000] {dagbag.py:536} INFO - Filling up the DagBag from /home/airflow/.local/lib/python3.8/site-packages/airflow/example_dags/example_bash_operator.py
[2023-12-15T21:35:31.536+0000] {processor.py:839} INFO - DAG(s) dict_keys(['example_bash_operator']) retrieved from /home/airflow/.local/lib/python3.8/site-packages/airflow/example_dags/example_bash_operator.py
[2023-12-15T21:35:31.898+0000] {logging_mixin.py:154} INFO - [2023-12-15T21:35:31.897+0000] {dag.py:2941} INFO - Sync 1 DAGs
[2023-12-15T21:35:32.183+0000] {logging_mixin.py:154} INFO - [2023-12-15T21:35:32.182+0000] {dag.py:3722} INFO - Setting next_dagrun for example_bash_operator to 2023-12-14T00:00:00+00:00, run_after=2023-12-15T00:00:00+00:00
[2023-12-15T21:35:32.411+0000] {processor.py:179} INFO - Processing /home/airflow/.local/lib/python3.8/site-packages/airflow/example_dags/example_bash_operator.py took 1.214 seconds
[2023-12-15T21:36:12.205+0000] {processor.py:157} INFO - Started process (PID=124) to work on /home/airflow/.local/lib/python3.8/site-packages/airflow/example_dags/example_bash_operator.py
[2023-12-15T21:36:12.218+0000] {processor.py:829} INFO - Processing file /home/airflow/.local/lib/python3.8/site-packages/airflow/example_dags/example_bash_operator.py for tasks to queue
[2023-12-15T21:36:12.260+0000] {logging_mixin.py:154} INFO - [2023-12-15T21:36:12.242+0000] {dagbag.py:536} INFO - Filling up the DagBag from /home/airflow/.local/lib/python3.8/site-packages/airflow/example_dags/example_bash_operator.py
[2023-12-15T21:36:12.488+0000] {processor.py:839} INFO - DAG(s) dict_keys(['example_bash_operator']) retrieved from /home/airflow/.local/lib/python3.8/site-packages/airflow/example_dags/example_bash_operator.py
[2023-12-15T21:36:13.073+0000] {logging_mixin.py:154} INFO - [2023-12-15T21:36:13.072+0000] {dag.py:2941} INFO - Sync 1 DAGs
[2023-12-15T21:36:13.709+0000] {logging_mixin.py:154} INFO - [2023-12-15T21:36:13.708+0000] {dag.py:3722} INFO - Setting next_dagrun for example_bash_operator to 2023-12-14T00:00:00+00:00, run_after=2023-12-15T00:00:00+00:00
[2023-12-15T21:36:14.053+0000] {processor.py:179} INFO - Processing /home/airflow/.local/lib/python3.8/site-packages/airflow/example_dags/example_bash_operator.py took 1.900 seconds
[2023-12-15T21:36:50.722+0000] {processor.py:157} INFO - Started process (PID=180) to work on /home/airflow/.local/lib/python3.8/site-packages/airflow/example_dags/example_bash_operator.py
[2023-12-15T21:36:50.733+0000] {processor.py:829} INFO - Processing file /home/airflow/.local/lib/python3.8/site-packages/airflow/example_dags/example_bash_operator.py for tasks to queue
[2023-12-15T21:36:50.750+0000] {logging_mixin.py:154} INFO - [2023-12-15T21:36:50.749+0000] {dagbag.py:536} INFO - Filling up the DagBag from /home/airflow/.local/lib/python3.8/site-packages/airflow/example_dags/example_bash_operator.py
[2023-12-15T21:36:50.872+0000] {processor.py:839} INFO - DAG(s) dict_keys(['example_bash_operator']) retrieved from /home/airflow/.local/lib/python3.8/site-packages/airflow/example_dags/example_bash_operator.py
[2023-12-15T21:36:51.009+0000] {logging_mixin.py:154} INFO - [2023-12-15T21:36:51.008+0000] {dag.py:2941} INFO - Sync 1 DAGs
[2023-12-15T21:36:51.240+0000] {logging_mixin.py:154} INFO - [2023-12-15T21:36:51.240+0000] {dag.py:3722} INFO - Setting next_dagrun for example_bash_operator to 2023-12-14T00:00:00+00:00, run_after=2023-12-15T00:00:00+00:00
[2023-12-15T21:36:51.352+0000] {processor.py:179} INFO - Processing /home/airflow/.local/lib/python3.8/site-packages/airflow/example_dags/example_bash_operator.py took 0.646 seconds
[2023-12-15T21:37:22.011+0000] {processor.py:157} INFO - Started process (PID=235) to work on /home/airflow/.local/lib/python3.8/site-packages/airflow/example_dags/example_bash_operator.py
[2023-12-15T21:37:22.029+0000] {processor.py:829} INFO - Processing file /home/airflow/.local/lib/python3.8/site-packages/airflow/example_dags/example_bash_operator.py for tasks to queue
[2023-12-15T21:37:22.046+0000] {logging_mixin.py:154} INFO - [2023-12-15T21:37:22.045+0000] {dagbag.py:536} INFO - Filling up the DagBag from /home/airflow/.local/lib/python3.8/site-packages/airflow/example_dags/example_bash_operator.py
[2023-12-15T21:37:22.130+0000] {processor.py:839} INFO - DAG(s) dict_keys(['example_bash_operator']) retrieved from /home/airflow/.local/lib/python3.8/site-packages/airflow/example_dags/example_bash_operator.py
[2023-12-15T21:37:22.485+0000] {logging_mixin.py:154} INFO - [2023-12-15T21:37:22.485+0000] {dag.py:2941} INFO - Sync 1 DAGs
[2023-12-15T21:37:22.613+0000] {logging_mixin.py:154} INFO - [2023-12-15T21:37:22.612+0000] {dag.py:3722} INFO - Setting next_dagrun for example_bash_operator to 2023-12-14T00:00:00+00:00, run_after=2023-12-15T00:00:00+00:00
[2023-12-15T21:37:22.796+0000] {processor.py:179} INFO - Processing /home/airflow/.local/lib/python3.8/site-packages/airflow/example_dags/example_bash_operator.py took 0.808 seconds
[2023-12-15T21:38:12.997+0000] {processor.py:157} INFO - Started process (PID=291) to work on /home/airflow/.local/lib/python3.8/site-packages/airflow/example_dags/example_bash_operator.py
[2023-12-15T21:38:13.001+0000] {processor.py:829} INFO - Processing file /home/airflow/.local/lib/python3.8/site-packages/airflow/example_dags/example_bash_operator.py for tasks to queue
[2023-12-15T21:38:13.010+0000] {logging_mixin.py:154} INFO - [2023-12-15T21:38:13.009+0000] {dagbag.py:536} INFO - Filling up the DagBag from /home/airflow/.local/lib/python3.8/site-packages/airflow/example_dags/example_bash_operator.py
[2023-12-15T21:38:13.045+0000] {processor.py:839} INFO - DAG(s) dict_keys(['example_bash_operator']) retrieved from /home/airflow/.local/lib/python3.8/site-packages/airflow/example_dags/example_bash_operator.py
[2023-12-15T21:38:13.176+0000] {logging_mixin.py:154} INFO - [2023-12-15T21:38:13.175+0000] {dag.py:2941} INFO - Sync 1 DAGs
[2023-12-15T21:38:13.269+0000] {logging_mixin.py:154} INFO - [2023-12-15T21:38:13.269+0000] {dag.py:3722} INFO - Setting next_dagrun for example_bash_operator to 2023-12-14T00:00:00+00:00, run_after=2023-12-15T00:00:00+00:00
[2023-12-15T21:38:13.342+0000] {processor.py:179} INFO - Processing /home/airflow/.local/lib/python3.8/site-packages/airflow/example_dags/example_bash_operator.py took 0.356 seconds
[2023-12-15T21:38:45.957+0000] {processor.py:157} INFO - Started process (PID=347) to work on /home/airflow/.local/lib/python3.8/site-packages/airflow/example_dags/example_bash_operator.py
[2023-12-15T21:38:45.963+0000] {processor.py:829} INFO - Processing file /home/airflow/.local/lib/python3.8/site-packages/airflow/example_dags/example_bash_operator.py for tasks to queue
[2023-12-15T21:38:45.968+0000] {logging_mixin.py:154} INFO - [2023-12-15T21:38:45.967+0000] {dagbag.py:536} INFO - Filling up the DagBag from /home/airflow/.local/lib/python3.8/site-packages/airflow/example_dags/example_bash_operator.py
[2023-12-15T21:38:46.213+0000] {processor.py:839} INFO - DAG(s) dict_keys(['example_bash_operator']) retrieved from /home/airflow/.local/lib/python3.8/site-packages/airflow/example_dags/example_bash_operator.py
[2023-12-15T21:38:46.737+0000] {logging_mixin.py:154} INFO - [2023-12-15T21:38:46.736+0000] {dag.py:2941} INFO - Sync 1 DAGs
[2023-12-15T21:38:47.314+0000] {logging_mixin.py:154} INFO - [2023-12-15T21:38:47.305+0000] {dag.py:3722} INFO - Setting next_dagrun for example_bash_operator to 2023-12-14T00:00:00+00:00, run_after=2023-12-15T00:00:00+00:00
[2023-12-15T21:38:47.539+0000] {processor.py:179} INFO - Processing /home/airflow/.local/lib/python3.8/site-packages/airflow/example_dags/example_bash_operator.py took 1.633 seconds
[2023-12-15T21:39:34.224+0000] {processor.py:157} INFO - Started process (PID=404) to work on /home/airflow/.local/lib/python3.8/site-packages/airflow/example_dags/example_bash_operator.py
[2023-12-15T21:39:34.238+0000] {processor.py:829} INFO - Processing file /home/airflow/.local/lib/python3.8/site-packages/airflow/example_dags/example_bash_operator.py for tasks to queue
[2023-12-15T21:39:34.243+0000] {logging_mixin.py:154} INFO - [2023-12-15T21:39:34.242+0000] {dagbag.py:536} INFO - Filling up the DagBag from /home/airflow/.local/lib/python3.8/site-packages/airflow/example_dags/example_bash_operator.py
[2023-12-15T21:39:34.292+0000] {processor.py:839} INFO - DAG(s) dict_keys(['example_bash_operator']) retrieved from /home/airflow/.local/lib/python3.8/site-packages/airflow/example_dags/example_bash_operator.py
[2023-12-15T21:39:34.449+0000] {logging_mixin.py:154} INFO - [2023-12-15T21:39:34.449+0000] {dag.py:2941} INFO - Sync 1 DAGs
[2023-12-15T21:39:34.556+0000] {logging_mixin.py:154} INFO - [2023-12-15T21:39:34.555+0000] {dag.py:3722} INFO - Setting next_dagrun for example_bash_operator to 2023-12-14T00:00:00+00:00, run_after=2023-12-15T00:00:00+00:00
[2023-12-15T21:39:34.630+0000] {processor.py:179} INFO - Processing /home/airflow/.local/lib/python3.8/site-packages/airflow/example_dags/example_bash_operator.py took 0.432 seconds
[2023-12-15T21:40:07.469+0000] {processor.py:157} INFO - Started process (PID=460) to work on /home/airflow/.local/lib/python3.8/site-packages/airflow/example_dags/example_bash_operator.py
[2023-12-15T21:40:07.473+0000] {processor.py:829} INFO - Processing file /home/airflow/.local/lib/python3.8/site-packages/airflow/example_dags/example_bash_operator.py for tasks to queue
[2023-12-15T21:40:07.481+0000] {logging_mixin.py:154} INFO - [2023-12-15T21:40:07.479+0000] {dagbag.py:536} INFO - Filling up the DagBag from /home/airflow/.local/lib/python3.8/site-packages/airflow/example_dags/example_bash_operator.py
[2023-12-15T21:40:07.564+0000] {processor.py:839} INFO - DAG(s) dict_keys(['example_bash_operator']) retrieved from /home/airflow/.local/lib/python3.8/site-packages/airflow/example_dags/example_bash_operator.py
[2023-12-15T21:40:07.822+0000] {logging_mixin.py:154} INFO - [2023-12-15T21:40:07.822+0000] {dag.py:2941} INFO - Sync 1 DAGs
[2023-12-15T21:40:07.982+0000] {logging_mixin.py:154} INFO - [2023-12-15T21:40:07.981+0000] {dag.py:3722} INFO - Setting next_dagrun for example_bash_operator to 2023-12-14T00:00:00+00:00, run_after=2023-12-15T00:00:00+00:00
[2023-12-15T21:40:08.120+0000] {processor.py:179} INFO - Processing /home/airflow/.local/lib/python3.8/site-packages/airflow/example_dags/example_bash_operator.py took 0.678 seconds
[2023-12-15T21:45:28.592+0000] {processor.py:157} INFO - Started process (PID=70) to work on /home/airflow/.local/lib/python3.8/site-packages/airflow/example_dags/example_bash_operator.py
[2023-12-15T21:45:28.619+0000] {processor.py:829} INFO - Processing file /home/airflow/.local/lib/python3.8/site-packages/airflow/example_dags/example_bash_operator.py for tasks to queue
[2023-12-15T21:45:28.649+0000] {logging_mixin.py:154} INFO - [2023-12-15T21:45:28.648+0000] {dagbag.py:536} INFO - Filling up the DagBag from /home/airflow/.local/lib/python3.8/site-packages/airflow/example_dags/example_bash_operator.py
[2023-12-15T21:45:29.999+0000] {processor.py:839} INFO - DAG(s) dict_keys(['example_bash_operator']) retrieved from /home/airflow/.local/lib/python3.8/site-packages/airflow/example_dags/example_bash_operator.py
[2023-12-15T21:45:32.991+0000] {logging_mixin.py:154} INFO - [2023-12-15T21:45:32.967+0000] {dag.py:2941} INFO - Sync 1 DAGs
[2023-12-15T21:45:34.171+0000] {logging_mixin.py:154} INFO - [2023-12-15T21:45:34.170+0000] {dag.py:3722} INFO - Setting next_dagrun for example_bash_operator to 2023-12-14T00:00:00+00:00, run_after=2023-12-15T00:00:00+00:00
[2023-12-15T21:45:35.150+0000] {processor.py:179} INFO - Processing /home/airflow/.local/lib/python3.8/site-packages/airflow/example_dags/example_bash_operator.py took 6.652 seconds
[2023-12-15T21:47:22.281+0000] {processor.py:157} INFO - Started process (PID=147) to work on /home/airflow/.local/lib/python3.8/site-packages/airflow/example_dags/example_bash_operator.py
[2023-12-15T21:47:22.296+0000] {processor.py:829} INFO - Processing file /home/airflow/.local/lib/python3.8/site-packages/airflow/example_dags/example_bash_operator.py for tasks to queue
[2023-12-15T21:47:22.303+0000] {logging_mixin.py:154} INFO - [2023-12-15T21:47:22.302+0000] {dagbag.py:536} INFO - Filling up the DagBag from /home/airflow/.local/lib/python3.8/site-packages/airflow/example_dags/example_bash_operator.py
[2023-12-15T21:47:22.411+0000] {processor.py:839} INFO - DAG(s) dict_keys(['example_bash_operator']) retrieved from /home/airflow/.local/lib/python3.8/site-packages/airflow/example_dags/example_bash_operator.py
[2023-12-15T21:47:22.874+0000] {logging_mixin.py:154} INFO - [2023-12-15T21:47:22.873+0000] {dag.py:2941} INFO - Sync 1 DAGs
[2023-12-15T21:47:23.325+0000] {logging_mixin.py:154} INFO - [2023-12-15T21:47:23.324+0000] {dag.py:3722} INFO - Setting next_dagrun for example_bash_operator to 2023-12-14T00:00:00+00:00, run_after=2023-12-15T00:00:00+00:00
[2023-12-15T21:47:23.564+0000] {processor.py:179} INFO - Processing /home/airflow/.local/lib/python3.8/site-packages/airflow/example_dags/example_bash_operator.py took 1.350 seconds
