[2023-12-15T20:50:27.511+0000] {processor.py:157} INFO - Started process (PID=89) to work on /home/airflow/.local/lib/python3.8/site-packages/airflow/example_dags/example_external_task_marker_dag.py
[2023-12-15T20:50:27.513+0000] {processor.py:829} INFO - Processing file /home/airflow/.local/lib/python3.8/site-packages/airflow/example_dags/example_external_task_marker_dag.py for tasks to queue
[2023-12-15T20:50:27.516+0000] {logging_mixin.py:154} INFO - [2023-12-15T20:50:27.516+0000] {dagbag.py:536} INFO - Filling up the DagBag from /home/airflow/.local/lib/python3.8/site-packages/airflow/example_dags/example_external_task_marker_dag.py
[2023-12-15T20:50:27.545+0000] {processor.py:839} INFO - DAG(s) dict_keys(['example_external_task_marker_parent', 'example_external_task_marker_child']) retrieved from /home/airflow/.local/lib/python3.8/site-packages/airflow/example_dags/example_external_task_marker_dag.py
[2023-12-15T20:50:27.981+0000] {logging_mixin.py:154} INFO - [2023-12-15T20:50:27.981+0000] {manager.py:499} INFO - Created Permission View: %s
[2023-12-15T20:50:28.000+0000] {logging_mixin.py:154} INFO - [2023-12-15T20:50:28.000+0000] {manager.py:499} INFO - Created Permission View: %s
[2023-12-15T20:50:28.012+0000] {logging_mixin.py:154} INFO - [2023-12-15T20:50:28.011+0000] {manager.py:499} INFO - Created Permission View: %s
[2023-12-15T20:50:28.044+0000] {logging_mixin.py:154} INFO - [2023-12-15T20:50:28.044+0000] {manager.py:499} INFO - Created Permission View: %s
[2023-12-15T20:50:28.095+0000] {logging_mixin.py:154} INFO - [2023-12-15T20:50:28.095+0000] {manager.py:499} INFO - Created Permission View: %s
[2023-12-15T20:50:28.123+0000] {logging_mixin.py:154} INFO - [2023-12-15T20:50:28.122+0000] {manager.py:499} INFO - Created Permission View: %s
[2023-12-15T20:50:28.123+0000] {logging_mixin.py:154} INFO - [2023-12-15T20:50:28.123+0000] {dag.py:2941} INFO - Sync 2 DAGs
[2023-12-15T20:50:28.141+0000] {logging_mixin.py:154} INFO - [2023-12-15T20:50:28.140+0000] {dag.py:2963} INFO - Creating ORM DAG for example_external_task_marker_child
[2023-12-15T20:50:28.141+0000] {logging_mixin.py:154} INFO - [2023-12-15T20:50:28.141+0000] {dag.py:2963} INFO - Creating ORM DAG for example_external_task_marker_parent
[2023-12-15T20:50:28.142+0000] {logging_mixin.py:154} INFO - [2023-12-15T20:50:28.142+0000] {dag.py:3722} INFO - Setting next_dagrun for example_external_task_marker_child to None, run_after=None
[2023-12-15T20:50:28.143+0000] {logging_mixin.py:154} INFO - [2023-12-15T20:50:28.143+0000] {dag.py:3722} INFO - Setting next_dagrun for example_external_task_marker_parent to None, run_after=None
[2023-12-15T20:50:28.172+0000] {processor.py:179} INFO - Processing /home/airflow/.local/lib/python3.8/site-packages/airflow/example_dags/example_external_task_marker_dag.py took 0.683 seconds
[2023-12-15T21:11:09.972+0000] {processor.py:157} INFO - Started process (PID=158) to work on /home/airflow/.local/lib/python3.8/site-packages/airflow/example_dags/example_external_task_marker_dag.py
[2023-12-15T21:11:09.977+0000] {processor.py:829} INFO - Processing file /home/airflow/.local/lib/python3.8/site-packages/airflow/example_dags/example_external_task_marker_dag.py for tasks to queue
[2023-12-15T21:11:09.981+0000] {logging_mixin.py:154} INFO - [2023-12-15T21:11:09.981+0000] {dagbag.py:536} INFO - Filling up the DagBag from /home/airflow/.local/lib/python3.8/site-packages/airflow/example_dags/example_external_task_marker_dag.py
[2023-12-15T21:11:10.015+0000] {processor.py:839} INFO - DAG(s) dict_keys(['example_external_task_marker_parent', 'example_external_task_marker_child']) retrieved from /home/airflow/.local/lib/python3.8/site-packages/airflow/example_dags/example_external_task_marker_dag.py
[2023-12-15T21:11:10.143+0000] {logging_mixin.py:154} INFO - [2023-12-15T21:11:10.143+0000] {dag.py:2941} INFO - Sync 2 DAGs
[2023-12-15T21:11:10.196+0000] {logging_mixin.py:154} INFO - [2023-12-15T21:11:10.196+0000] {dag.py:3722} INFO - Setting next_dagrun for example_external_task_marker_child to None, run_after=None
[2023-12-15T21:11:10.204+0000] {logging_mixin.py:154} INFO - [2023-12-15T21:11:10.203+0000] {dag.py:3722} INFO - Setting next_dagrun for example_external_task_marker_parent to None, run_after=None
[2023-12-15T21:11:10.546+0000] {processor.py:179} INFO - Processing /home/airflow/.local/lib/python3.8/site-packages/airflow/example_dags/example_external_task_marker_dag.py took 0.584 seconds
[2023-12-15T21:11:42.552+0000] {processor.py:157} INFO - Started process (PID=214) to work on /home/airflow/.local/lib/python3.8/site-packages/airflow/example_dags/example_external_task_marker_dag.py
[2023-12-15T21:11:42.554+0000] {processor.py:829} INFO - Processing file /home/airflow/.local/lib/python3.8/site-packages/airflow/example_dags/example_external_task_marker_dag.py for tasks to queue
[2023-12-15T21:11:42.569+0000] {logging_mixin.py:154} INFO - [2023-12-15T21:11:42.569+0000] {dagbag.py:536} INFO - Filling up the DagBag from /home/airflow/.local/lib/python3.8/site-packages/airflow/example_dags/example_external_task_marker_dag.py
[2023-12-15T21:11:42.598+0000] {processor.py:839} INFO - DAG(s) dict_keys(['example_external_task_marker_child', 'example_external_task_marker_parent']) retrieved from /home/airflow/.local/lib/python3.8/site-packages/airflow/example_dags/example_external_task_marker_dag.py
[2023-12-15T21:11:42.686+0000] {logging_mixin.py:154} INFO - [2023-12-15T21:11:42.686+0000] {dag.py:2941} INFO - Sync 2 DAGs
[2023-12-15T21:11:42.755+0000] {logging_mixin.py:154} INFO - [2023-12-15T21:11:42.753+0000] {dag.py:3722} INFO - Setting next_dagrun for example_external_task_marker_child to None, run_after=None
[2023-12-15T21:11:42.769+0000] {logging_mixin.py:154} INFO - [2023-12-15T21:11:42.767+0000] {dag.py:3722} INFO - Setting next_dagrun for example_external_task_marker_parent to None, run_after=None
[2023-12-15T21:11:42.817+0000] {processor.py:179} INFO - Processing /home/airflow/.local/lib/python3.8/site-packages/airflow/example_dags/example_external_task_marker_dag.py took 0.286 seconds
[2023-12-15T21:12:26.288+0000] {processor.py:157} INFO - Started process (PID=281) to work on /home/airflow/.local/lib/python3.8/site-packages/airflow/example_dags/example_external_task_marker_dag.py
[2023-12-15T21:12:26.292+0000] {processor.py:829} INFO - Processing file /home/airflow/.local/lib/python3.8/site-packages/airflow/example_dags/example_external_task_marker_dag.py for tasks to queue
[2023-12-15T21:12:26.298+0000] {logging_mixin.py:154} INFO - [2023-12-15T21:12:26.297+0000] {dagbag.py:536} INFO - Filling up the DagBag from /home/airflow/.local/lib/python3.8/site-packages/airflow/example_dags/example_external_task_marker_dag.py
[2023-12-15T21:12:26.313+0000] {processor.py:839} INFO - DAG(s) dict_keys(['example_external_task_marker_parent', 'example_external_task_marker_child']) retrieved from /home/airflow/.local/lib/python3.8/site-packages/airflow/example_dags/example_external_task_marker_dag.py
[2023-12-15T21:12:26.383+0000] {logging_mixin.py:154} INFO - [2023-12-15T21:12:26.383+0000] {dag.py:2941} INFO - Sync 2 DAGs
[2023-12-15T21:12:26.419+0000] {logging_mixin.py:154} INFO - [2023-12-15T21:12:26.418+0000] {dag.py:3722} INFO - Setting next_dagrun for example_external_task_marker_child to None, run_after=None
[2023-12-15T21:12:26.426+0000] {logging_mixin.py:154} INFO - [2023-12-15T21:12:26.425+0000] {dag.py:3722} INFO - Setting next_dagrun for example_external_task_marker_parent to None, run_after=None
[2023-12-15T21:12:26.468+0000] {processor.py:179} INFO - Processing /home/airflow/.local/lib/python3.8/site-packages/airflow/example_dags/example_external_task_marker_dag.py took 0.188 seconds
[2023-12-15T21:12:58.667+0000] {processor.py:157} INFO - Started process (PID=337) to work on /home/airflow/.local/lib/python3.8/site-packages/airflow/example_dags/example_external_task_marker_dag.py
[2023-12-15T21:12:58.672+0000] {processor.py:829} INFO - Processing file /home/airflow/.local/lib/python3.8/site-packages/airflow/example_dags/example_external_task_marker_dag.py for tasks to queue
[2023-12-15T21:12:58.696+0000] {logging_mixin.py:154} INFO - [2023-12-15T21:12:58.695+0000] {dagbag.py:536} INFO - Filling up the DagBag from /home/airflow/.local/lib/python3.8/site-packages/airflow/example_dags/example_external_task_marker_dag.py
[2023-12-15T21:12:58.734+0000] {processor.py:839} INFO - DAG(s) dict_keys(['example_external_task_marker_parent', 'example_external_task_marker_child']) retrieved from /home/airflow/.local/lib/python3.8/site-packages/airflow/example_dags/example_external_task_marker_dag.py
[2023-12-15T21:12:58.865+0000] {logging_mixin.py:154} INFO - [2023-12-15T21:12:58.863+0000] {dag.py:2941} INFO - Sync 2 DAGs
[2023-12-15T21:12:58.960+0000] {logging_mixin.py:154} INFO - [2023-12-15T21:12:58.959+0000] {dag.py:3722} INFO - Setting next_dagrun for example_external_task_marker_child to None, run_after=None
[2023-12-15T21:12:58.970+0000] {logging_mixin.py:154} INFO - [2023-12-15T21:12:58.969+0000] {dag.py:3722} INFO - Setting next_dagrun for example_external_task_marker_parent to None, run_after=None
[2023-12-15T21:12:59.023+0000] {processor.py:179} INFO - Processing /home/airflow/.local/lib/python3.8/site-packages/airflow/example_dags/example_external_task_marker_dag.py took 0.414 seconds
[2023-12-15T21:13:33.499+0000] {processor.py:157} INFO - Started process (PID=394) to work on /home/airflow/.local/lib/python3.8/site-packages/airflow/example_dags/example_external_task_marker_dag.py
[2023-12-15T21:13:33.509+0000] {processor.py:829} INFO - Processing file /home/airflow/.local/lib/python3.8/site-packages/airflow/example_dags/example_external_task_marker_dag.py for tasks to queue
[2023-12-15T21:13:33.527+0000] {logging_mixin.py:154} INFO - [2023-12-15T21:13:33.514+0000] {dagbag.py:536} INFO - Filling up the DagBag from /home/airflow/.local/lib/python3.8/site-packages/airflow/example_dags/example_external_task_marker_dag.py
[2023-12-15T21:13:33.597+0000] {processor.py:839} INFO - DAG(s) dict_keys(['example_external_task_marker_child', 'example_external_task_marker_parent']) retrieved from /home/airflow/.local/lib/python3.8/site-packages/airflow/example_dags/example_external_task_marker_dag.py
[2023-12-15T21:13:33.956+0000] {logging_mixin.py:154} INFO - [2023-12-15T21:13:33.956+0000] {dag.py:2941} INFO - Sync 2 DAGs
[2023-12-15T21:13:34.121+0000] {logging_mixin.py:154} INFO - [2023-12-15T21:13:34.120+0000] {dag.py:3722} INFO - Setting next_dagrun for example_external_task_marker_child to None, run_after=None
[2023-12-15T21:13:34.162+0000] {logging_mixin.py:154} INFO - [2023-12-15T21:13:34.161+0000] {dag.py:3722} INFO - Setting next_dagrun for example_external_task_marker_parent to None, run_after=None
[2023-12-15T21:13:34.335+0000] {processor.py:179} INFO - Processing /home/airflow/.local/lib/python3.8/site-packages/airflow/example_dags/example_external_task_marker_dag.py took 0.871 seconds
[2023-12-15T21:14:04.943+0000] {processor.py:157} INFO - Started process (PID=450) to work on /home/airflow/.local/lib/python3.8/site-packages/airflow/example_dags/example_external_task_marker_dag.py
[2023-12-15T21:14:04.947+0000] {processor.py:829} INFO - Processing file /home/airflow/.local/lib/python3.8/site-packages/airflow/example_dags/example_external_task_marker_dag.py for tasks to queue
[2023-12-15T21:14:04.965+0000] {logging_mixin.py:154} INFO - [2023-12-15T21:14:04.964+0000] {dagbag.py:536} INFO - Filling up the DagBag from /home/airflow/.local/lib/python3.8/site-packages/airflow/example_dags/example_external_task_marker_dag.py
[2023-12-15T21:14:04.999+0000] {processor.py:839} INFO - DAG(s) dict_keys(['example_external_task_marker_child', 'example_external_task_marker_parent']) retrieved from /home/airflow/.local/lib/python3.8/site-packages/airflow/example_dags/example_external_task_marker_dag.py
[2023-12-15T21:14:05.081+0000] {logging_mixin.py:154} INFO - [2023-12-15T21:14:05.080+0000] {dag.py:2941} INFO - Sync 2 DAGs
[2023-12-15T21:14:05.122+0000] {logging_mixin.py:154} INFO - [2023-12-15T21:14:05.122+0000] {dag.py:3722} INFO - Setting next_dagrun for example_external_task_marker_child to None, run_after=None
[2023-12-15T21:14:05.132+0000] {logging_mixin.py:154} INFO - [2023-12-15T21:14:05.132+0000] {dag.py:3722} INFO - Setting next_dagrun for example_external_task_marker_parent to None, run_after=None
[2023-12-15T21:14:05.177+0000] {processor.py:179} INFO - Processing /home/airflow/.local/lib/python3.8/site-packages/airflow/example_dags/example_external_task_marker_dag.py took 0.267 seconds
[2023-12-15T21:14:35.399+0000] {processor.py:157} INFO - Started process (PID=506) to work on /home/airflow/.local/lib/python3.8/site-packages/airflow/example_dags/example_external_task_marker_dag.py
[2023-12-15T21:14:35.419+0000] {processor.py:829} INFO - Processing file /home/airflow/.local/lib/python3.8/site-packages/airflow/example_dags/example_external_task_marker_dag.py for tasks to queue
[2023-12-15T21:14:35.481+0000] {logging_mixin.py:154} INFO - [2023-12-15T21:14:35.475+0000] {dagbag.py:536} INFO - Filling up the DagBag from /home/airflow/.local/lib/python3.8/site-packages/airflow/example_dags/example_external_task_marker_dag.py
[2023-12-15T21:14:35.510+0000] {processor.py:839} INFO - DAG(s) dict_keys(['example_external_task_marker_child', 'example_external_task_marker_parent']) retrieved from /home/airflow/.local/lib/python3.8/site-packages/airflow/example_dags/example_external_task_marker_dag.py
[2023-12-15T21:14:35.624+0000] {logging_mixin.py:154} INFO - [2023-12-15T21:14:35.623+0000] {dag.py:2941} INFO - Sync 2 DAGs
[2023-12-15T21:14:35.665+0000] {logging_mixin.py:154} INFO - [2023-12-15T21:14:35.664+0000] {dag.py:3722} INFO - Setting next_dagrun for example_external_task_marker_child to None, run_after=None
[2023-12-15T21:14:35.716+0000] {logging_mixin.py:154} INFO - [2023-12-15T21:14:35.715+0000] {dag.py:3722} INFO - Setting next_dagrun for example_external_task_marker_parent to None, run_after=None
[2023-12-15T21:14:35.765+0000] {processor.py:179} INFO - Processing /home/airflow/.local/lib/python3.8/site-packages/airflow/example_dags/example_external_task_marker_dag.py took 0.383 seconds
[2023-12-15T21:15:06.112+0000] {processor.py:157} INFO - Started process (PID=563) to work on /home/airflow/.local/lib/python3.8/site-packages/airflow/example_dags/example_external_task_marker_dag.py
[2023-12-15T21:15:06.115+0000] {processor.py:829} INFO - Processing file /home/airflow/.local/lib/python3.8/site-packages/airflow/example_dags/example_external_task_marker_dag.py for tasks to queue
[2023-12-15T21:15:06.126+0000] {logging_mixin.py:154} INFO - [2023-12-15T21:15:06.124+0000] {dagbag.py:536} INFO - Filling up the DagBag from /home/airflow/.local/lib/python3.8/site-packages/airflow/example_dags/example_external_task_marker_dag.py
[2023-12-15T21:15:06.143+0000] {processor.py:839} INFO - DAG(s) dict_keys(['example_external_task_marker_child', 'example_external_task_marker_parent']) retrieved from /home/airflow/.local/lib/python3.8/site-packages/airflow/example_dags/example_external_task_marker_dag.py
[2023-12-15T21:15:06.210+0000] {logging_mixin.py:154} INFO - [2023-12-15T21:15:06.209+0000] {dag.py:2941} INFO - Sync 2 DAGs
[2023-12-15T21:15:06.241+0000] {logging_mixin.py:154} INFO - [2023-12-15T21:15:06.240+0000] {dag.py:3722} INFO - Setting next_dagrun for example_external_task_marker_child to None, run_after=None
[2023-12-15T21:15:06.248+0000] {logging_mixin.py:154} INFO - [2023-12-15T21:15:06.247+0000] {dag.py:3722} INFO - Setting next_dagrun for example_external_task_marker_parent to None, run_after=None
[2023-12-15T21:15:06.294+0000] {processor.py:179} INFO - Processing /home/airflow/.local/lib/python3.8/site-packages/airflow/example_dags/example_external_task_marker_dag.py took 0.194 seconds
[2023-12-15T21:15:44.669+0000] {processor.py:157} INFO - Started process (PID=620) to work on /home/airflow/.local/lib/python3.8/site-packages/airflow/example_dags/example_external_task_marker_dag.py
[2023-12-15T21:15:44.673+0000] {processor.py:829} INFO - Processing file /home/airflow/.local/lib/python3.8/site-packages/airflow/example_dags/example_external_task_marker_dag.py for tasks to queue
[2023-12-15T21:15:44.691+0000] {logging_mixin.py:154} INFO - [2023-12-15T21:15:44.689+0000] {dagbag.py:536} INFO - Filling up the DagBag from /home/airflow/.local/lib/python3.8/site-packages/airflow/example_dags/example_external_task_marker_dag.py
[2023-12-15T21:15:44.719+0000] {processor.py:839} INFO - DAG(s) dict_keys(['example_external_task_marker_child', 'example_external_task_marker_parent']) retrieved from /home/airflow/.local/lib/python3.8/site-packages/airflow/example_dags/example_external_task_marker_dag.py
[2023-12-15T21:15:44.935+0000] {logging_mixin.py:154} INFO - [2023-12-15T21:15:44.935+0000] {dag.py:2941} INFO - Sync 2 DAGs
[2023-12-15T21:15:44.987+0000] {logging_mixin.py:154} INFO - [2023-12-15T21:15:44.986+0000] {dag.py:3722} INFO - Setting next_dagrun for example_external_task_marker_child to None, run_after=None
[2023-12-15T21:15:44.997+0000] {logging_mixin.py:154} INFO - [2023-12-15T21:15:44.997+0000] {dag.py:3722} INFO - Setting next_dagrun for example_external_task_marker_parent to None, run_after=None
[2023-12-15T21:15:45.100+0000] {processor.py:179} INFO - Processing /home/airflow/.local/lib/python3.8/site-packages/airflow/example_dags/example_external_task_marker_dag.py took 0.448 seconds
[2023-12-15T21:16:34.830+0000] {processor.py:157} INFO - Started process (PID=686) to work on /home/airflow/.local/lib/python3.8/site-packages/airflow/example_dags/example_external_task_marker_dag.py
[2023-12-15T21:16:34.856+0000] {processor.py:829} INFO - Processing file /home/airflow/.local/lib/python3.8/site-packages/airflow/example_dags/example_external_task_marker_dag.py for tasks to queue
[2023-12-15T21:16:34.895+0000] {logging_mixin.py:154} INFO - [2023-12-15T21:16:34.882+0000] {dagbag.py:536} INFO - Filling up the DagBag from /home/airflow/.local/lib/python3.8/site-packages/airflow/example_dags/example_external_task_marker_dag.py
[2023-12-15T21:16:35.033+0000] {processor.py:839} INFO - DAG(s) dict_keys(['example_external_task_marker_child', 'example_external_task_marker_parent']) retrieved from /home/airflow/.local/lib/python3.8/site-packages/airflow/example_dags/example_external_task_marker_dag.py
[2023-12-15T21:16:35.747+0000] {logging_mixin.py:154} INFO - [2023-12-15T21:16:35.746+0000] {dag.py:2941} INFO - Sync 2 DAGs
[2023-12-15T21:16:36.162+0000] {logging_mixin.py:154} INFO - [2023-12-15T21:16:36.162+0000] {dag.py:3722} INFO - Setting next_dagrun for example_external_task_marker_child to None, run_after=None
[2023-12-15T21:16:36.198+0000] {logging_mixin.py:154} INFO - [2023-12-15T21:16:36.197+0000] {dag.py:3722} INFO - Setting next_dagrun for example_external_task_marker_parent to None, run_after=None
[2023-12-15T21:16:36.373+0000] {processor.py:179} INFO - Processing /home/airflow/.local/lib/python3.8/site-packages/airflow/example_dags/example_external_task_marker_dag.py took 1.597 seconds
[2023-12-15T21:17:13.745+0000] {processor.py:157} INFO - Started process (PID=742) to work on /home/airflow/.local/lib/python3.8/site-packages/airflow/example_dags/example_external_task_marker_dag.py
[2023-12-15T21:17:13.749+0000] {processor.py:829} INFO - Processing file /home/airflow/.local/lib/python3.8/site-packages/airflow/example_dags/example_external_task_marker_dag.py for tasks to queue
[2023-12-15T21:17:13.758+0000] {logging_mixin.py:154} INFO - [2023-12-15T21:17:13.757+0000] {dagbag.py:536} INFO - Filling up the DagBag from /home/airflow/.local/lib/python3.8/site-packages/airflow/example_dags/example_external_task_marker_dag.py
[2023-12-15T21:17:13.781+0000] {processor.py:839} INFO - DAG(s) dict_keys(['example_external_task_marker_child', 'example_external_task_marker_parent']) retrieved from /home/airflow/.local/lib/python3.8/site-packages/airflow/example_dags/example_external_task_marker_dag.py
[2023-12-15T21:17:13.866+0000] {logging_mixin.py:154} INFO - [2023-12-15T21:17:13.865+0000] {dag.py:2941} INFO - Sync 2 DAGs
[2023-12-15T21:17:13.900+0000] {logging_mixin.py:154} INFO - [2023-12-15T21:17:13.900+0000] {dag.py:3722} INFO - Setting next_dagrun for example_external_task_marker_child to None, run_after=None
[2023-12-15T21:17:13.909+0000] {logging_mixin.py:154} INFO - [2023-12-15T21:17:13.909+0000] {dag.py:3722} INFO - Setting next_dagrun for example_external_task_marker_parent to None, run_after=None
[2023-12-15T21:17:13.949+0000] {processor.py:179} INFO - Processing /home/airflow/.local/lib/python3.8/site-packages/airflow/example_dags/example_external_task_marker_dag.py took 0.219 seconds
[2023-12-15T21:28:31.903+0000] {processor.py:157} INFO - Started process (PID=108) to work on /home/airflow/.local/lib/python3.8/site-packages/airflow/example_dags/example_external_task_marker_dag.py
[2023-12-15T21:28:31.941+0000] {processor.py:829} INFO - Processing file /home/airflow/.local/lib/python3.8/site-packages/airflow/example_dags/example_external_task_marker_dag.py for tasks to queue
[2023-12-15T21:28:31.957+0000] {logging_mixin.py:154} INFO - [2023-12-15T21:28:31.956+0000] {dagbag.py:536} INFO - Filling up the DagBag from /home/airflow/.local/lib/python3.8/site-packages/airflow/example_dags/example_external_task_marker_dag.py
[2023-12-15T21:28:32.033+0000] {processor.py:839} INFO - DAG(s) dict_keys(['example_external_task_marker_child', 'example_external_task_marker_parent']) retrieved from /home/airflow/.local/lib/python3.8/site-packages/airflow/example_dags/example_external_task_marker_dag.py
[2023-12-15T21:28:32.276+0000] {logging_mixin.py:154} INFO - [2023-12-15T21:28:32.276+0000] {dag.py:2941} INFO - Sync 2 DAGs
[2023-12-15T21:28:32.401+0000] {logging_mixin.py:154} INFO - [2023-12-15T21:28:32.401+0000] {dag.py:3722} INFO - Setting next_dagrun for example_external_task_marker_child to None, run_after=None
[2023-12-15T21:28:32.436+0000] {logging_mixin.py:154} INFO - [2023-12-15T21:28:32.435+0000] {dag.py:3722} INFO - Setting next_dagrun for example_external_task_marker_parent to None, run_after=None
[2023-12-15T21:28:32.613+0000] {processor.py:179} INFO - Processing /home/airflow/.local/lib/python3.8/site-packages/airflow/example_dags/example_external_task_marker_dag.py took 0.769 seconds
[2023-12-15T21:29:35.583+0000] {processor.py:157} INFO - Started process (PID=171) to work on /home/airflow/.local/lib/python3.8/site-packages/airflow/example_dags/example_external_task_marker_dag.py
[2023-12-15T21:29:35.617+0000] {processor.py:829} INFO - Processing file /home/airflow/.local/lib/python3.8/site-packages/airflow/example_dags/example_external_task_marker_dag.py for tasks to queue
[2023-12-15T21:29:35.740+0000] {logging_mixin.py:154} INFO - [2023-12-15T21:29:35.728+0000] {dagbag.py:536} INFO - Filling up the DagBag from /home/airflow/.local/lib/python3.8/site-packages/airflow/example_dags/example_external_task_marker_dag.py
[2023-12-15T21:29:35.915+0000] {processor.py:839} INFO - DAG(s) dict_keys(['example_external_task_marker_child', 'example_external_task_marker_parent']) retrieved from /home/airflow/.local/lib/python3.8/site-packages/airflow/example_dags/example_external_task_marker_dag.py
[2023-12-15T21:29:36.502+0000] {logging_mixin.py:154} INFO - [2023-12-15T21:29:36.502+0000] {dag.py:2941} INFO - Sync 2 DAGs
[2023-12-15T21:29:37.002+0000] {logging_mixin.py:154} INFO - [2023-12-15T21:29:37.001+0000] {dag.py:3722} INFO - Setting next_dagrun for example_external_task_marker_child to None, run_after=None
[2023-12-15T21:29:37.042+0000] {logging_mixin.py:154} INFO - [2023-12-15T21:29:37.041+0000] {dag.py:3722} INFO - Setting next_dagrun for example_external_task_marker_parent to None, run_after=None
[2023-12-15T21:29:37.244+0000] {processor.py:179} INFO - Processing /home/airflow/.local/lib/python3.8/site-packages/airflow/example_dags/example_external_task_marker_dag.py took 1.770 seconds
[2023-12-15T21:35:49.596+0000] {processor.py:157} INFO - Started process (PID=95) to work on /home/airflow/.local/lib/python3.8/site-packages/airflow/example_dags/example_external_task_marker_dag.py
[2023-12-15T21:35:49.599+0000] {processor.py:829} INFO - Processing file /home/airflow/.local/lib/python3.8/site-packages/airflow/example_dags/example_external_task_marker_dag.py for tasks to queue
[2023-12-15T21:35:49.610+0000] {logging_mixin.py:154} INFO - [2023-12-15T21:35:49.608+0000] {dagbag.py:536} INFO - Filling up the DagBag from /home/airflow/.local/lib/python3.8/site-packages/airflow/example_dags/example_external_task_marker_dag.py
[2023-12-15T21:35:49.686+0000] {processor.py:839} INFO - DAG(s) dict_keys(['example_external_task_marker_parent', 'example_external_task_marker_child']) retrieved from /home/airflow/.local/lib/python3.8/site-packages/airflow/example_dags/example_external_task_marker_dag.py
[2023-12-15T21:35:49.976+0000] {logging_mixin.py:154} INFO - [2023-12-15T21:35:49.976+0000] {dag.py:2941} INFO - Sync 2 DAGs
[2023-12-15T21:35:50.098+0000] {logging_mixin.py:154} INFO - [2023-12-15T21:35:50.097+0000] {dag.py:3722} INFO - Setting next_dagrun for example_external_task_marker_child to None, run_after=None
[2023-12-15T21:35:50.138+0000] {logging_mixin.py:154} INFO - [2023-12-15T21:35:50.137+0000] {dag.py:3722} INFO - Setting next_dagrun for example_external_task_marker_parent to None, run_after=None
[2023-12-15T21:35:50.241+0000] {processor.py:179} INFO - Processing /home/airflow/.local/lib/python3.8/site-packages/airflow/example_dags/example_external_task_marker_dag.py took 0.698 seconds
[2023-12-15T21:36:31.264+0000] {processor.py:157} INFO - Started process (PID=157) to work on /home/airflow/.local/lib/python3.8/site-packages/airflow/example_dags/example_external_task_marker_dag.py
[2023-12-15T21:36:31.274+0000] {processor.py:829} INFO - Processing file /home/airflow/.local/lib/python3.8/site-packages/airflow/example_dags/example_external_task_marker_dag.py for tasks to queue
[2023-12-15T21:36:31.302+0000] {logging_mixin.py:154} INFO - [2023-12-15T21:36:31.300+0000] {dagbag.py:536} INFO - Filling up the DagBag from /home/airflow/.local/lib/python3.8/site-packages/airflow/example_dags/example_external_task_marker_dag.py
[2023-12-15T21:36:31.371+0000] {processor.py:839} INFO - DAG(s) dict_keys(['example_external_task_marker_parent', 'example_external_task_marker_child']) retrieved from /home/airflow/.local/lib/python3.8/site-packages/airflow/example_dags/example_external_task_marker_dag.py
[2023-12-15T21:36:31.759+0000] {logging_mixin.py:154} INFO - [2023-12-15T21:36:31.758+0000] {dag.py:2941} INFO - Sync 2 DAGs
[2023-12-15T21:36:31.990+0000] {logging_mixin.py:154} INFO - [2023-12-15T21:36:31.989+0000] {dag.py:3722} INFO - Setting next_dagrun for example_external_task_marker_child to None, run_after=None
[2023-12-15T21:36:32.046+0000] {logging_mixin.py:154} INFO - [2023-12-15T21:36:32.037+0000] {dag.py:3722} INFO - Setting next_dagrun for example_external_task_marker_parent to None, run_after=None
[2023-12-15T21:36:32.188+0000] {processor.py:179} INFO - Processing /home/airflow/.local/lib/python3.8/site-packages/airflow/example_dags/example_external_task_marker_dag.py took 1.066 seconds
[2023-12-15T21:37:02.848+0000] {processor.py:157} INFO - Started process (PID=213) to work on /home/airflow/.local/lib/python3.8/site-packages/airflow/example_dags/example_external_task_marker_dag.py
[2023-12-15T21:37:02.850+0000] {processor.py:829} INFO - Processing file /home/airflow/.local/lib/python3.8/site-packages/airflow/example_dags/example_external_task_marker_dag.py for tasks to queue
[2023-12-15T21:37:02.856+0000] {logging_mixin.py:154} INFO - [2023-12-15T21:37:02.855+0000] {dagbag.py:536} INFO - Filling up the DagBag from /home/airflow/.local/lib/python3.8/site-packages/airflow/example_dags/example_external_task_marker_dag.py
[2023-12-15T21:37:02.872+0000] {processor.py:839} INFO - DAG(s) dict_keys(['example_external_task_marker_parent', 'example_external_task_marker_child']) retrieved from /home/airflow/.local/lib/python3.8/site-packages/airflow/example_dags/example_external_task_marker_dag.py
[2023-12-15T21:37:02.959+0000] {logging_mixin.py:154} INFO - [2023-12-15T21:37:02.958+0000] {dag.py:2941} INFO - Sync 2 DAGs
[2023-12-15T21:37:03.009+0000] {logging_mixin.py:154} INFO - [2023-12-15T21:37:03.008+0000] {dag.py:3722} INFO - Setting next_dagrun for example_external_task_marker_child to None, run_after=None
[2023-12-15T21:37:03.031+0000] {logging_mixin.py:154} INFO - [2023-12-15T21:37:03.030+0000] {dag.py:3722} INFO - Setting next_dagrun for example_external_task_marker_parent to None, run_after=None
[2023-12-15T21:37:03.164+0000] {processor.py:179} INFO - Processing /home/airflow/.local/lib/python3.8/site-packages/airflow/example_dags/example_external_task_marker_dag.py took 0.339 seconds
[2023-12-15T21:37:33.349+0000] {processor.py:157} INFO - Started process (PID=267) to work on /home/airflow/.local/lib/python3.8/site-packages/airflow/example_dags/example_external_task_marker_dag.py
[2023-12-15T21:37:33.353+0000] {processor.py:829} INFO - Processing file /home/airflow/.local/lib/python3.8/site-packages/airflow/example_dags/example_external_task_marker_dag.py for tasks to queue
[2023-12-15T21:37:33.361+0000] {logging_mixin.py:154} INFO - [2023-12-15T21:37:33.360+0000] {dagbag.py:536} INFO - Filling up the DagBag from /home/airflow/.local/lib/python3.8/site-packages/airflow/example_dags/example_external_task_marker_dag.py
[2023-12-15T21:37:33.381+0000] {processor.py:839} INFO - DAG(s) dict_keys(['example_external_task_marker_parent', 'example_external_task_marker_child']) retrieved from /home/airflow/.local/lib/python3.8/site-packages/airflow/example_dags/example_external_task_marker_dag.py
[2023-12-15T21:37:33.456+0000] {logging_mixin.py:154} INFO - [2023-12-15T21:37:33.455+0000] {dag.py:2941} INFO - Sync 2 DAGs
[2023-12-15T21:37:33.488+0000] {logging_mixin.py:154} INFO - [2023-12-15T21:37:33.488+0000] {dag.py:3722} INFO - Setting next_dagrun for example_external_task_marker_child to None, run_after=None
[2023-12-15T21:37:33.505+0000] {logging_mixin.py:154} INFO - [2023-12-15T21:37:33.505+0000] {dag.py:3722} INFO - Setting next_dagrun for example_external_task_marker_parent to None, run_after=None
[2023-12-15T21:37:33.549+0000] {processor.py:179} INFO - Processing /home/airflow/.local/lib/python3.8/site-packages/airflow/example_dags/example_external_task_marker_dag.py took 0.215 seconds
[2023-12-15T21:38:20.405+0000] {processor.py:157} INFO - Started process (PID=317) to work on /home/airflow/.local/lib/python3.8/site-packages/airflow/example_dags/example_external_task_marker_dag.py
[2023-12-15T21:38:20.416+0000] {processor.py:829} INFO - Processing file /home/airflow/.local/lib/python3.8/site-packages/airflow/example_dags/example_external_task_marker_dag.py for tasks to queue
[2023-12-15T21:38:20.434+0000] {logging_mixin.py:154} INFO - [2023-12-15T21:38:20.433+0000] {dagbag.py:536} INFO - Filling up the DagBag from /home/airflow/.local/lib/python3.8/site-packages/airflow/example_dags/example_external_task_marker_dag.py
[2023-12-15T21:38:20.520+0000] {processor.py:839} INFO - DAG(s) dict_keys(['example_external_task_marker_parent', 'example_external_task_marker_child']) retrieved from /home/airflow/.local/lib/python3.8/site-packages/airflow/example_dags/example_external_task_marker_dag.py
[2023-12-15T21:38:20.765+0000] {logging_mixin.py:154} INFO - [2023-12-15T21:38:20.764+0000] {dag.py:2941} INFO - Sync 2 DAGs
[2023-12-15T21:38:21.023+0000] {logging_mixin.py:154} INFO - [2023-12-15T21:38:21.023+0000] {dag.py:3722} INFO - Setting next_dagrun for example_external_task_marker_child to None, run_after=None
[2023-12-15T21:38:21.095+0000] {logging_mixin.py:154} INFO - [2023-12-15T21:38:21.094+0000] {dag.py:3722} INFO - Setting next_dagrun for example_external_task_marker_parent to None, run_after=None
[2023-12-15T21:38:21.528+0000] {processor.py:179} INFO - Processing /home/airflow/.local/lib/python3.8/site-packages/airflow/example_dags/example_external_task_marker_dag.py took 1.186 seconds
[2023-12-15T21:39:19.709+0000] {processor.py:157} INFO - Started process (PID=380) to work on /home/airflow/.local/lib/python3.8/site-packages/airflow/example_dags/example_external_task_marker_dag.py
[2023-12-15T21:39:19.736+0000] {processor.py:829} INFO - Processing file /home/airflow/.local/lib/python3.8/site-packages/airflow/example_dags/example_external_task_marker_dag.py for tasks to queue
[2023-12-15T21:39:19.781+0000] {logging_mixin.py:154} INFO - [2023-12-15T21:39:19.780+0000] {dagbag.py:536} INFO - Filling up the DagBag from /home/airflow/.local/lib/python3.8/site-packages/airflow/example_dags/example_external_task_marker_dag.py
[2023-12-15T21:39:19.997+0000] {processor.py:839} INFO - DAG(s) dict_keys(['example_external_task_marker_parent', 'example_external_task_marker_child']) retrieved from /home/airflow/.local/lib/python3.8/site-packages/airflow/example_dags/example_external_task_marker_dag.py
[2023-12-15T21:39:20.876+0000] {logging_mixin.py:154} INFO - [2023-12-15T21:39:20.876+0000] {dag.py:2941} INFO - Sync 2 DAGs
[2023-12-15T21:39:21.295+0000] {logging_mixin.py:154} INFO - [2023-12-15T21:39:21.258+0000] {dag.py:3722} INFO - Setting next_dagrun for example_external_task_marker_child to None, run_after=None
[2023-12-15T21:39:21.332+0000] {logging_mixin.py:154} INFO - [2023-12-15T21:39:21.331+0000] {dag.py:3722} INFO - Setting next_dagrun for example_external_task_marker_parent to None, run_after=None
[2023-12-15T21:39:21.584+0000] {processor.py:179} INFO - Processing /home/airflow/.local/lib/python3.8/site-packages/airflow/example_dags/example_external_task_marker_dag.py took 1.937 seconds
[2023-12-15T21:39:52.619+0000] {processor.py:157} INFO - Started process (PID=436) to work on /home/airflow/.local/lib/python3.8/site-packages/airflow/example_dags/example_external_task_marker_dag.py
[2023-12-15T21:39:52.638+0000] {processor.py:829} INFO - Processing file /home/airflow/.local/lib/python3.8/site-packages/airflow/example_dags/example_external_task_marker_dag.py for tasks to queue
[2023-12-15T21:39:52.684+0000] {logging_mixin.py:154} INFO - [2023-12-15T21:39:52.671+0000] {dagbag.py:536} INFO - Filling up the DagBag from /home/airflow/.local/lib/python3.8/site-packages/airflow/example_dags/example_external_task_marker_dag.py
[2023-12-15T21:39:52.778+0000] {processor.py:839} INFO - DAG(s) dict_keys(['example_external_task_marker_parent', 'example_external_task_marker_child']) retrieved from /home/airflow/.local/lib/python3.8/site-packages/airflow/example_dags/example_external_task_marker_dag.py
[2023-12-15T21:39:53.083+0000] {logging_mixin.py:154} INFO - [2023-12-15T21:39:53.083+0000] {dag.py:2941} INFO - Sync 2 DAGs
[2023-12-15T21:39:53.185+0000] {logging_mixin.py:154} INFO - [2023-12-15T21:39:53.178+0000] {dag.py:3722} INFO - Setting next_dagrun for example_external_task_marker_child to None, run_after=None
[2023-12-15T21:39:53.234+0000] {logging_mixin.py:154} INFO - [2023-12-15T21:39:53.233+0000] {dag.py:3722} INFO - Setting next_dagrun for example_external_task_marker_parent to None, run_after=None
[2023-12-15T21:39:53.354+0000] {processor.py:179} INFO - Processing /home/airflow/.local/lib/python3.8/site-packages/airflow/example_dags/example_external_task_marker_dag.py took 0.777 seconds
[2023-12-15T21:40:23.498+0000] {processor.py:157} INFO - Started process (PID=492) to work on /home/airflow/.local/lib/python3.8/site-packages/airflow/example_dags/example_external_task_marker_dag.py
[2023-12-15T21:40:23.507+0000] {processor.py:829} INFO - Processing file /home/airflow/.local/lib/python3.8/site-packages/airflow/example_dags/example_external_task_marker_dag.py for tasks to queue
[2023-12-15T21:40:23.574+0000] {logging_mixin.py:154} INFO - [2023-12-15T21:40:23.527+0000] {dagbag.py:536} INFO - Filling up the DagBag from /home/airflow/.local/lib/python3.8/site-packages/airflow/example_dags/example_external_task_marker_dag.py
[2023-12-15T21:40:23.589+0000] {processor.py:839} INFO - DAG(s) dict_keys(['example_external_task_marker_child', 'example_external_task_marker_parent']) retrieved from /home/airflow/.local/lib/python3.8/site-packages/airflow/example_dags/example_external_task_marker_dag.py
[2023-12-15T21:40:23.933+0000] {logging_mixin.py:154} INFO - [2023-12-15T21:40:23.933+0000] {dag.py:2941} INFO - Sync 2 DAGs
[2023-12-15T21:40:24.088+0000] {logging_mixin.py:154} INFO - [2023-12-15T21:40:24.087+0000] {dag.py:3722} INFO - Setting next_dagrun for example_external_task_marker_child to None, run_after=None
[2023-12-15T21:40:24.135+0000] {logging_mixin.py:154} INFO - [2023-12-15T21:40:24.135+0000] {dag.py:3722} INFO - Setting next_dagrun for example_external_task_marker_parent to None, run_after=None
[2023-12-15T21:40:24.257+0000] {processor.py:179} INFO - Processing /home/airflow/.local/lib/python3.8/site-packages/airflow/example_dags/example_external_task_marker_dag.py took 0.791 seconds
[2023-12-15T21:46:30.182+0000] {processor.py:157} INFO - Started process (PID=110) to work on /home/airflow/.local/lib/python3.8/site-packages/airflow/example_dags/example_external_task_marker_dag.py
[2023-12-15T21:46:30.247+0000] {processor.py:829} INFO - Processing file /home/airflow/.local/lib/python3.8/site-packages/airflow/example_dags/example_external_task_marker_dag.py for tasks to queue
[2023-12-15T21:46:30.279+0000] {logging_mixin.py:154} INFO - [2023-12-15T21:46:30.278+0000] {dagbag.py:536} INFO - Filling up the DagBag from /home/airflow/.local/lib/python3.8/site-packages/airflow/example_dags/example_external_task_marker_dag.py
[2023-12-15T21:46:30.420+0000] {processor.py:839} INFO - DAG(s) dict_keys(['example_external_task_marker_parent', 'example_external_task_marker_child']) retrieved from /home/airflow/.local/lib/python3.8/site-packages/airflow/example_dags/example_external_task_marker_dag.py
[2023-12-15T21:46:31.157+0000] {logging_mixin.py:154} INFO - [2023-12-15T21:46:31.156+0000] {dag.py:2941} INFO - Sync 2 DAGs
[2023-12-15T21:46:31.511+0000] {logging_mixin.py:154} INFO - [2023-12-15T21:46:31.510+0000] {dag.py:3722} INFO - Setting next_dagrun for example_external_task_marker_child to None, run_after=None
[2023-12-15T21:46:31.578+0000] {logging_mixin.py:154} INFO - [2023-12-15T21:46:31.578+0000] {dag.py:3722} INFO - Setting next_dagrun for example_external_task_marker_parent to None, run_after=None
[2023-12-15T21:46:32.220+0000] {processor.py:179} INFO - Processing /home/airflow/.local/lib/python3.8/site-packages/airflow/example_dags/example_external_task_marker_dag.py took 2.109 seconds
