[2023-12-15T20:50:08.617+0000] {processor.py:157} INFO - Started process (PID=54) to work on /home/airflow/.local/lib/python3.8/site-packages/airflow/example_dags/example_short_circuit_decorator.py
[2023-12-15T20:50:08.650+0000] {processor.py:829} INFO - Processing file /home/airflow/.local/lib/python3.8/site-packages/airflow/example_dags/example_short_circuit_decorator.py for tasks to queue
[2023-12-15T20:50:08.663+0000] {logging_mixin.py:154} INFO - [2023-12-15T20:50:08.662+0000] {dagbag.py:536} INFO - Filling up the DagBag from /home/airflow/.local/lib/python3.8/site-packages/airflow/example_dags/example_short_circuit_decorator.py
[2023-12-15T20:50:08.822+0000] {processor.py:839} INFO - DAG(s) dict_keys(['example_short_circuit_decorator']) retrieved from /home/airflow/.local/lib/python3.8/site-packages/airflow/example_dags/example_short_circuit_decorator.py
[2023-12-15T20:50:10.009+0000] {logging_mixin.py:154} INFO - [2023-12-15T20:50:10.009+0000] {manager.py:499} INFO - Created Permission View: %s
[2023-12-15T20:50:10.026+0000] {logging_mixin.py:154} INFO - [2023-12-15T20:50:10.025+0000] {manager.py:499} INFO - Created Permission View: %s
[2023-12-15T20:50:10.041+0000] {logging_mixin.py:154} INFO - [2023-12-15T20:50:10.041+0000] {manager.py:499} INFO - Created Permission View: %s
[2023-12-15T20:50:10.042+0000] {logging_mixin.py:154} INFO - [2023-12-15T20:50:10.041+0000] {dag.py:2941} INFO - Sync 1 DAGs
[2023-12-15T20:50:10.060+0000] {logging_mixin.py:154} INFO - [2023-12-15T20:50:10.060+0000] {dag.py:2963} INFO - Creating ORM DAG for example_short_circuit_decorator
[2023-12-15T20:50:10.075+0000] {logging_mixin.py:154} INFO - [2023-12-15T20:50:10.075+0000] {dag.py:3722} INFO - Setting next_dagrun for example_short_circuit_decorator to 2023-12-14T20:50:10.075033+00:00, run_after=2023-12-15T20:50:10.075033+00:00
[2023-12-15T20:50:10.106+0000] {processor.py:179} INFO - Processing /home/airflow/.local/lib/python3.8/site-packages/airflow/example_dags/example_short_circuit_decorator.py took 1.511 seconds
[2023-12-15T20:50:40.393+0000] {processor.py:157} INFO - Started process (PID=110) to work on /home/airflow/.local/lib/python3.8/site-packages/airflow/example_dags/example_short_circuit_decorator.py
[2023-12-15T20:50:40.395+0000] {processor.py:829} INFO - Processing file /home/airflow/.local/lib/python3.8/site-packages/airflow/example_dags/example_short_circuit_decorator.py for tasks to queue
[2023-12-15T20:50:40.399+0000] {logging_mixin.py:154} INFO - [2023-12-15T20:50:40.399+0000] {dagbag.py:536} INFO - Filling up the DagBag from /home/airflow/.local/lib/python3.8/site-packages/airflow/example_dags/example_short_circuit_decorator.py
[2023-12-15T20:50:40.413+0000] {processor.py:839} INFO - DAG(s) dict_keys(['example_short_circuit_decorator']) retrieved from /home/airflow/.local/lib/python3.8/site-packages/airflow/example_dags/example_short_circuit_decorator.py
[2023-12-15T20:50:40.479+0000] {logging_mixin.py:154} INFO - [2023-12-15T20:50:40.479+0000] {dag.py:2941} INFO - Sync 1 DAGs
[2023-12-15T20:50:40.512+0000] {logging_mixin.py:154} INFO - [2023-12-15T20:50:40.512+0000] {dag.py:3722} INFO - Setting next_dagrun for example_short_circuit_decorator to 2023-12-14T20:50:40.511807+00:00, run_after=2023-12-15T20:50:40.511807+00:00
[2023-12-15T20:50:40.542+0000] {processor.py:179} INFO - Processing /home/airflow/.local/lib/python3.8/site-packages/airflow/example_dags/example_short_circuit_decorator.py took 0.155 seconds
[2023-12-15T21:10:55.517+0000] {processor.py:157} INFO - Started process (PID=131) to work on /home/airflow/.local/lib/python3.8/site-packages/airflow/example_dags/example_short_circuit_decorator.py
[2023-12-15T21:10:55.525+0000] {processor.py:829} INFO - Processing file /home/airflow/.local/lib/python3.8/site-packages/airflow/example_dags/example_short_circuit_decorator.py for tasks to queue
[2023-12-15T21:10:55.560+0000] {logging_mixin.py:154} INFO - [2023-12-15T21:10:55.560+0000] {dagbag.py:536} INFO - Filling up the DagBag from /home/airflow/.local/lib/python3.8/site-packages/airflow/example_dags/example_short_circuit_decorator.py
[2023-12-15T21:10:55.632+0000] {processor.py:839} INFO - DAG(s) dict_keys(['example_short_circuit_decorator']) retrieved from /home/airflow/.local/lib/python3.8/site-packages/airflow/example_dags/example_short_circuit_decorator.py
[2023-12-15T21:10:55.816+0000] {logging_mixin.py:154} INFO - [2023-12-15T21:10:55.816+0000] {dag.py:2941} INFO - Sync 1 DAGs
[2023-12-15T21:10:55.968+0000] {logging_mixin.py:154} INFO - [2023-12-15T21:10:55.967+0000] {dag.py:3722} INFO - Setting next_dagrun for example_short_circuit_decorator to 2023-12-14T21:10:55.967419+00:00, run_after=2023-12-15T21:10:55.967419+00:00
[2023-12-15T21:10:56.128+0000] {processor.py:179} INFO - Processing /home/airflow/.local/lib/python3.8/site-packages/airflow/example_dags/example_short_circuit_decorator.py took 0.662 seconds
[2023-12-15T21:11:26.564+0000] {processor.py:157} INFO - Started process (PID=186) to work on /home/airflow/.local/lib/python3.8/site-packages/airflow/example_dags/example_short_circuit_decorator.py
[2023-12-15T21:11:26.662+0000] {processor.py:829} INFO - Processing file /home/airflow/.local/lib/python3.8/site-packages/airflow/example_dags/example_short_circuit_decorator.py for tasks to queue
[2023-12-15T21:11:26.672+0000] {logging_mixin.py:154} INFO - [2023-12-15T21:11:26.671+0000] {dagbag.py:536} INFO - Filling up the DagBag from /home/airflow/.local/lib/python3.8/site-packages/airflow/example_dags/example_short_circuit_decorator.py
[2023-12-15T21:11:26.817+0000] {processor.py:839} INFO - DAG(s) dict_keys(['example_short_circuit_decorator']) retrieved from /home/airflow/.local/lib/python3.8/site-packages/airflow/example_dags/example_short_circuit_decorator.py
[2023-12-15T21:11:27.022+0000] {logging_mixin.py:154} INFO - [2023-12-15T21:11:27.022+0000] {dag.py:2941} INFO - Sync 1 DAGs
[2023-12-15T21:11:27.272+0000] {logging_mixin.py:154} INFO - [2023-12-15T21:11:27.272+0000] {dag.py:3722} INFO - Setting next_dagrun for example_short_circuit_decorator to 2023-12-14T21:11:27.271602+00:00, run_after=2023-12-15T21:11:27.271602+00:00
[2023-12-15T21:11:27.451+0000] {processor.py:179} INFO - Processing /home/airflow/.local/lib/python3.8/site-packages/airflow/example_dags/example_short_circuit_decorator.py took 1.030 seconds
[2023-12-15T21:11:58.203+0000] {processor.py:157} INFO - Started process (PID=242) to work on /home/airflow/.local/lib/python3.8/site-packages/airflow/example_dags/example_short_circuit_decorator.py
[2023-12-15T21:11:58.244+0000] {processor.py:829} INFO - Processing file /home/airflow/.local/lib/python3.8/site-packages/airflow/example_dags/example_short_circuit_decorator.py for tasks to queue
[2023-12-15T21:11:58.292+0000] {logging_mixin.py:154} INFO - [2023-12-15T21:11:58.292+0000] {dagbag.py:536} INFO - Filling up the DagBag from /home/airflow/.local/lib/python3.8/site-packages/airflow/example_dags/example_short_circuit_decorator.py
[2023-12-15T21:11:58.355+0000] {processor.py:839} INFO - DAG(s) dict_keys(['example_short_circuit_decorator']) retrieved from /home/airflow/.local/lib/python3.8/site-packages/airflow/example_dags/example_short_circuit_decorator.py
[2023-12-15T21:11:58.536+0000] {logging_mixin.py:154} INFO - [2023-12-15T21:11:58.535+0000] {dag.py:2941} INFO - Sync 1 DAGs
[2023-12-15T21:11:58.648+0000] {logging_mixin.py:154} INFO - [2023-12-15T21:11:58.648+0000] {dag.py:3722} INFO - Setting next_dagrun for example_short_circuit_decorator to 2023-12-14T21:11:58.647387+00:00, run_after=2023-12-15T21:11:58.647387+00:00
[2023-12-15T21:11:58.827+0000] {processor.py:179} INFO - Processing /home/airflow/.local/lib/python3.8/site-packages/airflow/example_dags/example_short_circuit_decorator.py took 0.874 seconds
[2023-12-15T21:12:30.602+0000] {processor.py:157} INFO - Started process (PID=298) to work on /home/airflow/.local/lib/python3.8/site-packages/airflow/example_dags/example_short_circuit_decorator.py
[2023-12-15T21:12:30.604+0000] {processor.py:829} INFO - Processing file /home/airflow/.local/lib/python3.8/site-packages/airflow/example_dags/example_short_circuit_decorator.py for tasks to queue
[2023-12-15T21:12:30.611+0000] {logging_mixin.py:154} INFO - [2023-12-15T21:12:30.610+0000] {dagbag.py:536} INFO - Filling up the DagBag from /home/airflow/.local/lib/python3.8/site-packages/airflow/example_dags/example_short_circuit_decorator.py
[2023-12-15T21:12:30.645+0000] {processor.py:839} INFO - DAG(s) dict_keys(['example_short_circuit_decorator']) retrieved from /home/airflow/.local/lib/python3.8/site-packages/airflow/example_dags/example_short_circuit_decorator.py
[2023-12-15T21:12:30.710+0000] {logging_mixin.py:154} INFO - [2023-12-15T21:12:30.709+0000] {dag.py:2941} INFO - Sync 1 DAGs
[2023-12-15T21:12:30.770+0000] {logging_mixin.py:154} INFO - [2023-12-15T21:12:30.770+0000] {dag.py:3722} INFO - Setting next_dagrun for example_short_circuit_decorator to 2023-12-14T21:12:30.769401+00:00, run_after=2023-12-15T21:12:30.769401+00:00
[2023-12-15T21:12:30.816+0000] {processor.py:179} INFO - Processing /home/airflow/.local/lib/python3.8/site-packages/airflow/example_dags/example_short_circuit_decorator.py took 0.228 seconds
[2023-12-15T21:13:02.808+0000] {processor.py:157} INFO - Started process (PID=352) to work on /home/airflow/.local/lib/python3.8/site-packages/airflow/example_dags/example_short_circuit_decorator.py
[2023-12-15T21:13:02.811+0000] {processor.py:829} INFO - Processing file /home/airflow/.local/lib/python3.8/site-packages/airflow/example_dags/example_short_circuit_decorator.py for tasks to queue
[2023-12-15T21:13:02.821+0000] {logging_mixin.py:154} INFO - [2023-12-15T21:13:02.819+0000] {dagbag.py:536} INFO - Filling up the DagBag from /home/airflow/.local/lib/python3.8/site-packages/airflow/example_dags/example_short_circuit_decorator.py
[2023-12-15T21:13:02.872+0000] {processor.py:839} INFO - DAG(s) dict_keys(['example_short_circuit_decorator']) retrieved from /home/airflow/.local/lib/python3.8/site-packages/airflow/example_dags/example_short_circuit_decorator.py
[2023-12-15T21:13:02.998+0000] {logging_mixin.py:154} INFO - [2023-12-15T21:13:02.997+0000] {dag.py:2941} INFO - Sync 1 DAGs
[2023-12-15T21:13:03.090+0000] {logging_mixin.py:154} INFO - [2023-12-15T21:13:03.089+0000] {dag.py:3722} INFO - Setting next_dagrun for example_short_circuit_decorator to 2023-12-14T21:13:03.089291+00:00, run_after=2023-12-15T21:13:03.089291+00:00
[2023-12-15T21:13:03.137+0000] {processor.py:179} INFO - Processing /home/airflow/.local/lib/python3.8/site-packages/airflow/example_dags/example_short_circuit_decorator.py took 0.349 seconds
[2023-12-15T21:13:40.984+0000] {processor.py:157} INFO - Started process (PID=405) to work on /home/airflow/.local/lib/python3.8/site-packages/airflow/example_dags/example_short_circuit_decorator.py
[2023-12-15T21:13:40.989+0000] {processor.py:829} INFO - Processing file /home/airflow/.local/lib/python3.8/site-packages/airflow/example_dags/example_short_circuit_decorator.py for tasks to queue
[2023-12-15T21:13:41.004+0000] {logging_mixin.py:154} INFO - [2023-12-15T21:13:41.004+0000] {dagbag.py:536} INFO - Filling up the DagBag from /home/airflow/.local/lib/python3.8/site-packages/airflow/example_dags/example_short_circuit_decorator.py
[2023-12-15T21:13:41.137+0000] {processor.py:839} INFO - DAG(s) dict_keys(['example_short_circuit_decorator']) retrieved from /home/airflow/.local/lib/python3.8/site-packages/airflow/example_dags/example_short_circuit_decorator.py
[2023-12-15T21:13:41.248+0000] {logging_mixin.py:154} INFO - [2023-12-15T21:13:41.247+0000] {dag.py:2941} INFO - Sync 1 DAGs
[2023-12-15T21:13:41.396+0000] {logging_mixin.py:154} INFO - [2023-12-15T21:13:41.396+0000] {dag.py:3722} INFO - Setting next_dagrun for example_short_circuit_decorator to 2023-12-14T21:13:41.395275+00:00, run_after=2023-12-15T21:13:41.395275+00:00
[2023-12-15T21:13:41.509+0000] {processor.py:179} INFO - Processing /home/airflow/.local/lib/python3.8/site-packages/airflow/example_dags/example_short_circuit_decorator.py took 0.566 seconds
[2023-12-15T21:14:12.914+0000] {processor.py:157} INFO - Started process (PID=461) to work on /home/airflow/.local/lib/python3.8/site-packages/airflow/example_dags/example_short_circuit_decorator.py
[2023-12-15T21:14:12.928+0000] {processor.py:829} INFO - Processing file /home/airflow/.local/lib/python3.8/site-packages/airflow/example_dags/example_short_circuit_decorator.py for tasks to queue
[2023-12-15T21:14:12.950+0000] {logging_mixin.py:154} INFO - [2023-12-15T21:14:12.934+0000] {dagbag.py:536} INFO - Filling up the DagBag from /home/airflow/.local/lib/python3.8/site-packages/airflow/example_dags/example_short_circuit_decorator.py
[2023-12-15T21:14:13.047+0000] {processor.py:839} INFO - DAG(s) dict_keys(['example_short_circuit_decorator']) retrieved from /home/airflow/.local/lib/python3.8/site-packages/airflow/example_dags/example_short_circuit_decorator.py
[2023-12-15T21:14:13.300+0000] {logging_mixin.py:154} INFO - [2023-12-15T21:14:13.300+0000] {dag.py:2941} INFO - Sync 1 DAGs
[2023-12-15T21:14:13.655+0000] {logging_mixin.py:154} INFO - [2023-12-15T21:14:13.654+0000] {dag.py:3722} INFO - Setting next_dagrun for example_short_circuit_decorator to 2023-12-14T21:14:13.653794+00:00, run_after=2023-12-15T21:14:13.653794+00:00
[2023-12-15T21:14:13.967+0000] {processor.py:179} INFO - Processing /home/airflow/.local/lib/python3.8/site-packages/airflow/example_dags/example_short_circuit_decorator.py took 1.104 seconds
[2023-12-15T21:14:44.970+0000] {processor.py:157} INFO - Started process (PID=515) to work on /home/airflow/.local/lib/python3.8/site-packages/airflow/example_dags/example_short_circuit_decorator.py
[2023-12-15T21:14:44.985+0000] {processor.py:829} INFO - Processing file /home/airflow/.local/lib/python3.8/site-packages/airflow/example_dags/example_short_circuit_decorator.py for tasks to queue
[2023-12-15T21:14:45.088+0000] {logging_mixin.py:154} INFO - [2023-12-15T21:14:45.087+0000] {dagbag.py:536} INFO - Filling up the DagBag from /home/airflow/.local/lib/python3.8/site-packages/airflow/example_dags/example_short_circuit_decorator.py
[2023-12-15T21:14:45.847+0000] {processor.py:839} INFO - DAG(s) dict_keys(['example_short_circuit_decorator']) retrieved from /home/airflow/.local/lib/python3.8/site-packages/airflow/example_dags/example_short_circuit_decorator.py
[2023-12-15T21:14:46.391+0000] {logging_mixin.py:154} INFO - [2023-12-15T21:14:46.391+0000] {dag.py:2941} INFO - Sync 1 DAGs
[2023-12-15T21:14:46.655+0000] {logging_mixin.py:154} INFO - [2023-12-15T21:14:46.654+0000] {dag.py:3722} INFO - Setting next_dagrun for example_short_circuit_decorator to 2023-12-14T21:14:46.654188+00:00, run_after=2023-12-15T21:14:46.654188+00:00
[2023-12-15T21:14:46.809+0000] {processor.py:179} INFO - Processing /home/airflow/.local/lib/python3.8/site-packages/airflow/example_dags/example_short_circuit_decorator.py took 1.847 seconds
[2023-12-15T21:15:18.057+0000] {processor.py:157} INFO - Started process (PID=572) to work on /home/airflow/.local/lib/python3.8/site-packages/airflow/example_dags/example_short_circuit_decorator.py
[2023-12-15T21:15:18.143+0000] {processor.py:829} INFO - Processing file /home/airflow/.local/lib/python3.8/site-packages/airflow/example_dags/example_short_circuit_decorator.py for tasks to queue
[2023-12-15T21:15:19.076+0000] {logging_mixin.py:154} INFO - [2023-12-15T21:15:19.076+0000] {dagbag.py:536} INFO - Filling up the DagBag from /home/airflow/.local/lib/python3.8/site-packages/airflow/example_dags/example_short_circuit_decorator.py
[2023-12-15T21:15:19.104+0000] {processor.py:839} INFO - DAG(s) dict_keys(['example_short_circuit_decorator']) retrieved from /home/airflow/.local/lib/python3.8/site-packages/airflow/example_dags/example_short_circuit_decorator.py
[2023-12-15T21:15:19.817+0000] {logging_mixin.py:154} INFO - [2023-12-15T21:15:19.816+0000] {dag.py:2941} INFO - Sync 1 DAGs
[2023-12-15T21:15:21.263+0000] {logging_mixin.py:154} INFO - [2023-12-15T21:15:21.260+0000] {dag.py:3722} INFO - Setting next_dagrun for example_short_circuit_decorator to 2023-12-14T21:15:21.260136+00:00, run_after=2023-12-15T21:15:21.260136+00:00
[2023-12-15T21:15:21.713+0000] {processor.py:179} INFO - Processing /home/airflow/.local/lib/python3.8/site-packages/airflow/example_dags/example_short_circuit_decorator.py took 3.723 seconds
[2023-12-15T21:15:52.057+0000] {processor.py:157} INFO - Started process (PID=629) to work on /home/airflow/.local/lib/python3.8/site-packages/airflow/example_dags/example_short_circuit_decorator.py
[2023-12-15T21:15:52.061+0000] {processor.py:829} INFO - Processing file /home/airflow/.local/lib/python3.8/site-packages/airflow/example_dags/example_short_circuit_decorator.py for tasks to queue
[2023-12-15T21:15:52.070+0000] {logging_mixin.py:154} INFO - [2023-12-15T21:15:52.069+0000] {dagbag.py:536} INFO - Filling up the DagBag from /home/airflow/.local/lib/python3.8/site-packages/airflow/example_dags/example_short_circuit_decorator.py
[2023-12-15T21:15:52.096+0000] {processor.py:839} INFO - DAG(s) dict_keys(['example_short_circuit_decorator']) retrieved from /home/airflow/.local/lib/python3.8/site-packages/airflow/example_dags/example_short_circuit_decorator.py
[2023-12-15T21:15:52.152+0000] {logging_mixin.py:154} INFO - [2023-12-15T21:15:52.151+0000] {dag.py:2941} INFO - Sync 1 DAGs
[2023-12-15T21:15:52.215+0000] {logging_mixin.py:154} INFO - [2023-12-15T21:15:52.215+0000] {dag.py:3722} INFO - Setting next_dagrun for example_short_circuit_decorator to 2023-12-14T21:15:52.214624+00:00, run_after=2023-12-15T21:15:52.214624+00:00
[2023-12-15T21:15:52.256+0000] {processor.py:179} INFO - Processing /home/airflow/.local/lib/python3.8/site-packages/airflow/example_dags/example_short_circuit_decorator.py took 0.218 seconds
[2023-12-15T21:16:49.300+0000] {processor.py:157} INFO - Started process (PID=698) to work on /home/airflow/.local/lib/python3.8/site-packages/airflow/example_dags/example_short_circuit_decorator.py
[2023-12-15T21:16:49.325+0000] {processor.py:829} INFO - Processing file /home/airflow/.local/lib/python3.8/site-packages/airflow/example_dags/example_short_circuit_decorator.py for tasks to queue
[2023-12-15T21:16:49.350+0000] {logging_mixin.py:154} INFO - [2023-12-15T21:16:49.349+0000] {dagbag.py:536} INFO - Filling up the DagBag from /home/airflow/.local/lib/python3.8/site-packages/airflow/example_dags/example_short_circuit_decorator.py
[2023-12-15T21:16:49.712+0000] {processor.py:839} INFO - DAG(s) dict_keys(['example_short_circuit_decorator']) retrieved from /home/airflow/.local/lib/python3.8/site-packages/airflow/example_dags/example_short_circuit_decorator.py
[2023-12-15T21:16:50.702+0000] {logging_mixin.py:154} INFO - [2023-12-15T21:16:50.701+0000] {dag.py:2941} INFO - Sync 1 DAGs
[2023-12-15T21:16:51.030+0000] {logging_mixin.py:154} INFO - [2023-12-15T21:16:51.029+0000] {dag.py:3722} INFO - Setting next_dagrun for example_short_circuit_decorator to 2023-12-14T21:16:51.028769+00:00, run_after=2023-12-15T21:16:51.028769+00:00
[2023-12-15T21:16:51.395+0000] {processor.py:179} INFO - Processing /home/airflow/.local/lib/python3.8/site-packages/airflow/example_dags/example_short_circuit_decorator.py took 2.159 seconds
[2023-12-15T21:17:21.784+0000] {processor.py:157} INFO - Started process (PID=753) to work on /home/airflow/.local/lib/python3.8/site-packages/airflow/example_dags/example_short_circuit_decorator.py
[2023-12-15T21:17:21.786+0000] {processor.py:829} INFO - Processing file /home/airflow/.local/lib/python3.8/site-packages/airflow/example_dags/example_short_circuit_decorator.py for tasks to queue
[2023-12-15T21:17:21.793+0000] {logging_mixin.py:154} INFO - [2023-12-15T21:17:21.792+0000] {dagbag.py:536} INFO - Filling up the DagBag from /home/airflow/.local/lib/python3.8/site-packages/airflow/example_dags/example_short_circuit_decorator.py
[2023-12-15T21:17:21.816+0000] {processor.py:839} INFO - DAG(s) dict_keys(['example_short_circuit_decorator']) retrieved from /home/airflow/.local/lib/python3.8/site-packages/airflow/example_dags/example_short_circuit_decorator.py
[2023-12-15T21:17:21.916+0000] {logging_mixin.py:154} INFO - [2023-12-15T21:17:21.915+0000] {dag.py:2941} INFO - Sync 1 DAGs
[2023-12-15T21:17:21.978+0000] {logging_mixin.py:154} INFO - [2023-12-15T21:17:21.978+0000] {dag.py:3722} INFO - Setting next_dagrun for example_short_circuit_decorator to 2023-12-14T21:17:21.977718+00:00, run_after=2023-12-15T21:17:21.977718+00:00
[2023-12-15T21:17:22.024+0000] {processor.py:179} INFO - Processing /home/airflow/.local/lib/python3.8/site-packages/airflow/example_dags/example_short_circuit_decorator.py took 0.254 seconds
[2023-12-15T21:27:57.146+0000] {processor.py:157} INFO - Started process (PID=73) to work on /home/airflow/.local/lib/python3.8/site-packages/airflow/example_dags/example_short_circuit_decorator.py
[2023-12-15T21:27:57.173+0000] {processor.py:829} INFO - Processing file /home/airflow/.local/lib/python3.8/site-packages/airflow/example_dags/example_short_circuit_decorator.py for tasks to queue
[2023-12-15T21:27:57.299+0000] {logging_mixin.py:154} INFO - [2023-12-15T21:27:57.298+0000] {dagbag.py:536} INFO - Filling up the DagBag from /home/airflow/.local/lib/python3.8/site-packages/airflow/example_dags/example_short_circuit_decorator.py
[2023-12-15T21:27:57.627+0000] {processor.py:839} INFO - DAG(s) dict_keys(['example_short_circuit_decorator']) retrieved from /home/airflow/.local/lib/python3.8/site-packages/airflow/example_dags/example_short_circuit_decorator.py
[2023-12-15T21:27:58.423+0000] {logging_mixin.py:154} INFO - [2023-12-15T21:27:58.423+0000] {dag.py:2941} INFO - Sync 1 DAGs
[2023-12-15T21:27:59.478+0000] {logging_mixin.py:154} INFO - [2023-12-15T21:27:59.477+0000] {dag.py:3722} INFO - Setting next_dagrun for example_short_circuit_decorator to 2023-12-14T21:27:59.477290+00:00, run_after=2023-12-15T21:27:59.477290+00:00
[2023-12-15T21:28:00.128+0000] {processor.py:179} INFO - Processing /home/airflow/.local/lib/python3.8/site-packages/airflow/example_dags/example_short_circuit_decorator.py took 3.128 seconds
[2023-12-15T21:29:13.227+0000] {processor.py:157} INFO - Started process (PID=143) to work on /home/airflow/.local/lib/python3.8/site-packages/airflow/example_dags/example_short_circuit_decorator.py
[2023-12-15T21:29:13.250+0000] {processor.py:829} INFO - Processing file /home/airflow/.local/lib/python3.8/site-packages/airflow/example_dags/example_short_circuit_decorator.py for tasks to queue
[2023-12-15T21:29:13.286+0000] {logging_mixin.py:154} INFO - [2023-12-15T21:29:13.285+0000] {dagbag.py:536} INFO - Filling up the DagBag from /home/airflow/.local/lib/python3.8/site-packages/airflow/example_dags/example_short_circuit_decorator.py
[2023-12-15T21:29:13.441+0000] {processor.py:839} INFO - DAG(s) dict_keys(['example_short_circuit_decorator']) retrieved from /home/airflow/.local/lib/python3.8/site-packages/airflow/example_dags/example_short_circuit_decorator.py
[2023-12-15T21:29:13.716+0000] {logging_mixin.py:154} INFO - [2023-12-15T21:29:13.715+0000] {dag.py:2941} INFO - Sync 1 DAGs
[2023-12-15T21:29:14.105+0000] {logging_mixin.py:154} INFO - [2023-12-15T21:29:14.105+0000] {dag.py:3722} INFO - Setting next_dagrun for example_short_circuit_decorator to 2023-12-14T21:29:14.105145+00:00, run_after=2023-12-15T21:29:14.105145+00:00
[2023-12-15T21:29:14.309+0000] {processor.py:179} INFO - Processing /home/airflow/.local/lib/python3.8/site-packages/airflow/example_dags/example_short_circuit_decorator.py took 1.130 seconds
[2023-12-15T21:30:01.620+0000] {processor.py:157} INFO - Started process (PID=199) to work on /home/airflow/.local/lib/python3.8/site-packages/airflow/example_dags/example_short_circuit_decorator.py
[2023-12-15T21:30:01.628+0000] {processor.py:829} INFO - Processing file /home/airflow/.local/lib/python3.8/site-packages/airflow/example_dags/example_short_circuit_decorator.py for tasks to queue
[2023-12-15T21:30:01.673+0000] {logging_mixin.py:154} INFO - [2023-12-15T21:30:01.672+0000] {dagbag.py:536} INFO - Filling up the DagBag from /home/airflow/.local/lib/python3.8/site-packages/airflow/example_dags/example_short_circuit_decorator.py
[2023-12-15T21:30:01.869+0000] {processor.py:839} INFO - DAG(s) dict_keys(['example_short_circuit_decorator']) retrieved from /home/airflow/.local/lib/python3.8/site-packages/airflow/example_dags/example_short_circuit_decorator.py
[2023-12-15T21:30:02.129+0000] {logging_mixin.py:154} INFO - [2023-12-15T21:30:02.129+0000] {dag.py:2941} INFO - Sync 1 DAGs
[2023-12-15T21:30:02.447+0000] {logging_mixin.py:154} INFO - [2023-12-15T21:30:02.447+0000] {dag.py:3722} INFO - Setting next_dagrun for example_short_circuit_decorator to 2023-12-14T21:30:02.447125+00:00, run_after=2023-12-15T21:30:02.447125+00:00
[2023-12-15T21:30:02.618+0000] {processor.py:179} INFO - Processing /home/airflow/.local/lib/python3.8/site-packages/airflow/example_dags/example_short_circuit_decorator.py took 1.050 seconds
[2023-12-15T21:35:29.572+0000] {processor.py:157} INFO - Started process (PID=67) to work on /home/airflow/.local/lib/python3.8/site-packages/airflow/example_dags/example_short_circuit_decorator.py
[2023-12-15T21:35:29.589+0000] {processor.py:829} INFO - Processing file /home/airflow/.local/lib/python3.8/site-packages/airflow/example_dags/example_short_circuit_decorator.py for tasks to queue
[2023-12-15T21:35:29.628+0000] {logging_mixin.py:154} INFO - [2023-12-15T21:35:29.627+0000] {dagbag.py:536} INFO - Filling up the DagBag from /home/airflow/.local/lib/python3.8/site-packages/airflow/example_dags/example_short_circuit_decorator.py
[2023-12-15T21:35:29.895+0000] {processor.py:839} INFO - DAG(s) dict_keys(['example_short_circuit_decorator']) retrieved from /home/airflow/.local/lib/python3.8/site-packages/airflow/example_dags/example_short_circuit_decorator.py
[2023-12-15T21:35:30.353+0000] {logging_mixin.py:154} INFO - [2023-12-15T21:35:30.352+0000] {dag.py:2941} INFO - Sync 1 DAGs
[2023-12-15T21:35:30.696+0000] {logging_mixin.py:154} INFO - [2023-12-15T21:35:30.695+0000] {dag.py:3722} INFO - Setting next_dagrun for example_short_circuit_decorator to 2023-12-14T21:35:30.686001+00:00, run_after=2023-12-15T21:35:30.686001+00:00
[2023-12-15T21:35:30.932+0000] {processor.py:179} INFO - Processing /home/airflow/.local/lib/python3.8/site-packages/airflow/example_dags/example_short_circuit_decorator.py took 1.424 seconds
[2023-12-15T21:36:09.928+0000] {processor.py:157} INFO - Started process (PID=122) to work on /home/airflow/.local/lib/python3.8/site-packages/airflow/example_dags/example_short_circuit_decorator.py
[2023-12-15T21:36:09.977+0000] {processor.py:829} INFO - Processing file /home/airflow/.local/lib/python3.8/site-packages/airflow/example_dags/example_short_circuit_decorator.py for tasks to queue
[2023-12-15T21:36:10.034+0000] {logging_mixin.py:154} INFO - [2023-12-15T21:36:10.033+0000] {dagbag.py:536} INFO - Filling up the DagBag from /home/airflow/.local/lib/python3.8/site-packages/airflow/example_dags/example_short_circuit_decorator.py
[2023-12-15T21:36:10.263+0000] {processor.py:839} INFO - DAG(s) dict_keys(['example_short_circuit_decorator']) retrieved from /home/airflow/.local/lib/python3.8/site-packages/airflow/example_dags/example_short_circuit_decorator.py
[2023-12-15T21:36:10.881+0000] {logging_mixin.py:154} INFO - [2023-12-15T21:36:10.881+0000] {dag.py:2941} INFO - Sync 1 DAGs
[2023-12-15T21:36:11.187+0000] {logging_mixin.py:154} INFO - [2023-12-15T21:36:11.186+0000] {dag.py:3722} INFO - Setting next_dagrun for example_short_circuit_decorator to 2023-12-14T21:36:11.184844+00:00, run_after=2023-12-15T21:36:11.184844+00:00
[2023-12-15T21:36:11.488+0000] {processor.py:179} INFO - Processing /home/airflow/.local/lib/python3.8/site-packages/airflow/example_dags/example_short_circuit_decorator.py took 1.631 seconds
[2023-12-15T21:36:47.011+0000] {processor.py:157} INFO - Started process (PID=177) to work on /home/airflow/.local/lib/python3.8/site-packages/airflow/example_dags/example_short_circuit_decorator.py
[2023-12-15T21:36:47.020+0000] {processor.py:829} INFO - Processing file /home/airflow/.local/lib/python3.8/site-packages/airflow/example_dags/example_short_circuit_decorator.py for tasks to queue
[2023-12-15T21:36:47.046+0000] {logging_mixin.py:154} INFO - [2023-12-15T21:36:47.045+0000] {dagbag.py:536} INFO - Filling up the DagBag from /home/airflow/.local/lib/python3.8/site-packages/airflow/example_dags/example_short_circuit_decorator.py
[2023-12-15T21:36:47.181+0000] {processor.py:839} INFO - DAG(s) dict_keys(['example_short_circuit_decorator']) retrieved from /home/airflow/.local/lib/python3.8/site-packages/airflow/example_dags/example_short_circuit_decorator.py
[2023-12-15T21:36:47.379+0000] {logging_mixin.py:154} INFO - [2023-12-15T21:36:47.379+0000] {dag.py:2941} INFO - Sync 1 DAGs
[2023-12-15T21:36:47.646+0000] {logging_mixin.py:154} INFO - [2023-12-15T21:36:47.645+0000] {dag.py:3722} INFO - Setting next_dagrun for example_short_circuit_decorator to 2023-12-14T21:36:47.644581+00:00, run_after=2023-12-15T21:36:47.644581+00:00
[2023-12-15T21:36:47.880+0000] {processor.py:179} INFO - Processing /home/airflow/.local/lib/python3.8/site-packages/airflow/example_dags/example_short_circuit_decorator.py took 0.903 seconds
[2023-12-15T21:37:20.383+0000] {processor.py:157} INFO - Started process (PID=232) to work on /home/airflow/.local/lib/python3.8/site-packages/airflow/example_dags/example_short_circuit_decorator.py
[2023-12-15T21:37:20.398+0000] {processor.py:829} INFO - Processing file /home/airflow/.local/lib/python3.8/site-packages/airflow/example_dags/example_short_circuit_decorator.py for tasks to queue
[2023-12-15T21:37:20.403+0000] {logging_mixin.py:154} INFO - [2023-12-15T21:37:20.402+0000] {dagbag.py:536} INFO - Filling up the DagBag from /home/airflow/.local/lib/python3.8/site-packages/airflow/example_dags/example_short_circuit_decorator.py
[2023-12-15T21:37:20.465+0000] {processor.py:839} INFO - DAG(s) dict_keys(['example_short_circuit_decorator']) retrieved from /home/airflow/.local/lib/python3.8/site-packages/airflow/example_dags/example_short_circuit_decorator.py
[2023-12-15T21:37:20.593+0000] {logging_mixin.py:154} INFO - [2023-12-15T21:37:20.592+0000] {dag.py:2941} INFO - Sync 1 DAGs
[2023-12-15T21:37:20.663+0000] {logging_mixin.py:154} INFO - [2023-12-15T21:37:20.663+0000] {dag.py:3722} INFO - Setting next_dagrun for example_short_circuit_decorator to 2023-12-14T21:37:20.663078+00:00, run_after=2023-12-15T21:37:20.663078+00:00
[2023-12-15T21:37:20.710+0000] {processor.py:179} INFO - Processing /home/airflow/.local/lib/python3.8/site-packages/airflow/example_dags/example_short_circuit_decorator.py took 0.356 seconds
[2023-12-15T21:38:12.482+0000] {processor.py:157} INFO - Started process (PID=289) to work on /home/airflow/.local/lib/python3.8/site-packages/airflow/example_dags/example_short_circuit_decorator.py
[2023-12-15T21:38:12.484+0000] {processor.py:829} INFO - Processing file /home/airflow/.local/lib/python3.8/site-packages/airflow/example_dags/example_short_circuit_decorator.py for tasks to queue
[2023-12-15T21:38:12.509+0000] {logging_mixin.py:154} INFO - [2023-12-15T21:38:12.508+0000] {dagbag.py:536} INFO - Filling up the DagBag from /home/airflow/.local/lib/python3.8/site-packages/airflow/example_dags/example_short_circuit_decorator.py
[2023-12-15T21:38:12.572+0000] {processor.py:839} INFO - DAG(s) dict_keys(['example_short_circuit_decorator']) retrieved from /home/airflow/.local/lib/python3.8/site-packages/airflow/example_dags/example_short_circuit_decorator.py
[2023-12-15T21:38:12.655+0000] {logging_mixin.py:154} INFO - [2023-12-15T21:38:12.654+0000] {dag.py:2941} INFO - Sync 1 DAGs
[2023-12-15T21:38:12.839+0000] {logging_mixin.py:154} INFO - [2023-12-15T21:38:12.839+0000] {dag.py:3722} INFO - Setting next_dagrun for example_short_circuit_decorator to 2023-12-14T21:38:12.838601+00:00, run_after=2023-12-15T21:38:12.838601+00:00
[2023-12-15T21:38:12.896+0000] {processor.py:179} INFO - Processing /home/airflow/.local/lib/python3.8/site-packages/airflow/example_dags/example_short_circuit_decorator.py took 0.505 seconds
[2023-12-15T21:38:44.441+0000] {processor.py:157} INFO - Started process (PID=344) to work on /home/airflow/.local/lib/python3.8/site-packages/airflow/example_dags/example_short_circuit_decorator.py
[2023-12-15T21:38:44.443+0000] {processor.py:829} INFO - Processing file /home/airflow/.local/lib/python3.8/site-packages/airflow/example_dags/example_short_circuit_decorator.py for tasks to queue
[2023-12-15T21:38:44.453+0000] {logging_mixin.py:154} INFO - [2023-12-15T21:38:44.452+0000] {dagbag.py:536} INFO - Filling up the DagBag from /home/airflow/.local/lib/python3.8/site-packages/airflow/example_dags/example_short_circuit_decorator.py
[2023-12-15T21:38:44.482+0000] {processor.py:839} INFO - DAG(s) dict_keys(['example_short_circuit_decorator']) retrieved from /home/airflow/.local/lib/python3.8/site-packages/airflow/example_dags/example_short_circuit_decorator.py
[2023-12-15T21:38:44.650+0000] {logging_mixin.py:154} INFO - [2023-12-15T21:38:44.648+0000] {dag.py:2941} INFO - Sync 1 DAGs
[2023-12-15T21:38:44.822+0000] {logging_mixin.py:154} INFO - [2023-12-15T21:38:44.821+0000] {dag.py:3722} INFO - Setting next_dagrun for example_short_circuit_decorator to 2023-12-14T21:38:44.820666+00:00, run_after=2023-12-15T21:38:44.820666+00:00
[2023-12-15T21:38:44.955+0000] {processor.py:179} INFO - Processing /home/airflow/.local/lib/python3.8/site-packages/airflow/example_dags/example_short_circuit_decorator.py took 0.530 seconds
[2023-12-15T21:39:33.787+0000] {processor.py:157} INFO - Started process (PID=402) to work on /home/airflow/.local/lib/python3.8/site-packages/airflow/example_dags/example_short_circuit_decorator.py
[2023-12-15T21:39:33.790+0000] {processor.py:829} INFO - Processing file /home/airflow/.local/lib/python3.8/site-packages/airflow/example_dags/example_short_circuit_decorator.py for tasks to queue
[2023-12-15T21:39:33.798+0000] {logging_mixin.py:154} INFO - [2023-12-15T21:39:33.797+0000] {dagbag.py:536} INFO - Filling up the DagBag from /home/airflow/.local/lib/python3.8/site-packages/airflow/example_dags/example_short_circuit_decorator.py
[2023-12-15T21:39:33.833+0000] {processor.py:839} INFO - DAG(s) dict_keys(['example_short_circuit_decorator']) retrieved from /home/airflow/.local/lib/python3.8/site-packages/airflow/example_dags/example_short_circuit_decorator.py
[2023-12-15T21:39:33.958+0000] {logging_mixin.py:154} INFO - [2023-12-15T21:39:33.957+0000] {dag.py:2941} INFO - Sync 1 DAGs
[2023-12-15T21:39:34.042+0000] {logging_mixin.py:154} INFO - [2023-12-15T21:39:34.041+0000] {dag.py:3722} INFO - Setting next_dagrun for example_short_circuit_decorator to 2023-12-14T21:39:34.040845+00:00, run_after=2023-12-15T21:39:34.040845+00:00
[2023-12-15T21:39:34.135+0000] {processor.py:179} INFO - Processing /home/airflow/.local/lib/python3.8/site-packages/airflow/example_dags/example_short_circuit_decorator.py took 0.361 seconds
[2023-12-15T21:40:06.969+0000] {processor.py:157} INFO - Started process (PID=458) to work on /home/airflow/.local/lib/python3.8/site-packages/airflow/example_dags/example_short_circuit_decorator.py
[2023-12-15T21:40:06.972+0000] {processor.py:829} INFO - Processing file /home/airflow/.local/lib/python3.8/site-packages/airflow/example_dags/example_short_circuit_decorator.py for tasks to queue
[2023-12-15T21:40:06.980+0000] {logging_mixin.py:154} INFO - [2023-12-15T21:40:06.979+0000] {dagbag.py:536} INFO - Filling up the DagBag from /home/airflow/.local/lib/python3.8/site-packages/airflow/example_dags/example_short_circuit_decorator.py
[2023-12-15T21:40:07.099+0000] {processor.py:839} INFO - DAG(s) dict_keys(['example_short_circuit_decorator']) retrieved from /home/airflow/.local/lib/python3.8/site-packages/airflow/example_dags/example_short_circuit_decorator.py
[2023-12-15T21:40:07.231+0000] {logging_mixin.py:154} INFO - [2023-12-15T21:40:07.230+0000] {dag.py:2941} INFO - Sync 1 DAGs
[2023-12-15T21:40:07.313+0000] {logging_mixin.py:154} INFO - [2023-12-15T21:40:07.313+0000] {dag.py:3722} INFO - Setting next_dagrun for example_short_circuit_decorator to 2023-12-14T21:40:07.312089+00:00, run_after=2023-12-15T21:40:07.312089+00:00
[2023-12-15T21:40:07.361+0000] {processor.py:179} INFO - Processing /home/airflow/.local/lib/python3.8/site-packages/airflow/example_dags/example_short_circuit_decorator.py took 0.407 seconds
[2023-12-15T21:45:25.482+0000] {processor.py:157} INFO - Started process (PID=68) to work on /home/airflow/.local/lib/python3.8/site-packages/airflow/example_dags/example_short_circuit_decorator.py
[2023-12-15T21:45:25.488+0000] {processor.py:829} INFO - Processing file /home/airflow/.local/lib/python3.8/site-packages/airflow/example_dags/example_short_circuit_decorator.py for tasks to queue
[2023-12-15T21:45:25.504+0000] {logging_mixin.py:154} INFO - [2023-12-15T21:45:25.503+0000] {dagbag.py:536} INFO - Filling up the DagBag from /home/airflow/.local/lib/python3.8/site-packages/airflow/example_dags/example_short_circuit_decorator.py
[2023-12-15T21:45:26.139+0000] {processor.py:839} INFO - DAG(s) dict_keys(['example_short_circuit_decorator']) retrieved from /home/airflow/.local/lib/python3.8/site-packages/airflow/example_dags/example_short_circuit_decorator.py
[2023-12-15T21:45:27.101+0000] {logging_mixin.py:154} INFO - [2023-12-15T21:45:27.100+0000] {dag.py:2941} INFO - Sync 1 DAGs
[2023-12-15T21:45:27.615+0000] {logging_mixin.py:154} INFO - [2023-12-15T21:45:27.615+0000] {dag.py:3722} INFO - Setting next_dagrun for example_short_circuit_decorator to 2023-12-14T21:45:27.614911+00:00, run_after=2023-12-15T21:45:27.614911+00:00
[2023-12-15T21:45:27.988+0000] {processor.py:179} INFO - Processing /home/airflow/.local/lib/python3.8/site-packages/airflow/example_dags/example_short_circuit_decorator.py took 2.528 seconds
[2023-12-15T21:47:15.064+0000] {processor.py:157} INFO - Started process (PID=145) to work on /home/airflow/.local/lib/python3.8/site-packages/airflow/example_dags/example_short_circuit_decorator.py
[2023-12-15T21:47:15.093+0000] {processor.py:829} INFO - Processing file /home/airflow/.local/lib/python3.8/site-packages/airflow/example_dags/example_short_circuit_decorator.py for tasks to queue
[2023-12-15T21:47:15.216+0000] {logging_mixin.py:154} INFO - [2023-12-15T21:47:15.174+0000] {dagbag.py:536} INFO - Filling up the DagBag from /home/airflow/.local/lib/python3.8/site-packages/airflow/example_dags/example_short_circuit_decorator.py
[2023-12-15T21:47:15.660+0000] {processor.py:839} INFO - DAG(s) dict_keys(['example_short_circuit_decorator']) retrieved from /home/airflow/.local/lib/python3.8/site-packages/airflow/example_dags/example_short_circuit_decorator.py
[2023-12-15T21:47:16.370+0000] {logging_mixin.py:154} INFO - [2023-12-15T21:47:16.370+0000] {dag.py:2941} INFO - Sync 1 DAGs
[2023-12-15T21:47:17.324+0000] {logging_mixin.py:154} INFO - [2023-12-15T21:47:17.324+0000] {dag.py:3722} INFO - Setting next_dagrun for example_short_circuit_decorator to 2023-12-14T21:47:17.307780+00:00, run_after=2023-12-15T21:47:17.307780+00:00
[2023-12-15T21:47:18.004+0000] {processor.py:179} INFO - Processing /home/airflow/.local/lib/python3.8/site-packages/airflow/example_dags/example_short_circuit_decorator.py took 3.079 seconds
