[2023-12-15T20:50:12.201+0000] {processor.py:157} INFO - Started process (PID=58) to work on /home/airflow/.local/lib/python3.8/site-packages/airflow/example_dags/example_setup_teardown_taskflow.py
[2023-12-15T20:50:12.216+0000] {processor.py:829} INFO - Processing file /home/airflow/.local/lib/python3.8/site-packages/airflow/example_dags/example_setup_teardown_taskflow.py for tasks to queue
[2023-12-15T20:50:12.221+0000] {logging_mixin.py:154} INFO - [2023-12-15T20:50:12.220+0000] {dagbag.py:536} INFO - Filling up the DagBag from /home/airflow/.local/lib/python3.8/site-packages/airflow/example_dags/example_setup_teardown_taskflow.py
[2023-12-15T20:50:12.359+0000] {processor.py:839} INFO - DAG(s) dict_keys(['example_setup_teardown_taskflow']) retrieved from /home/airflow/.local/lib/python3.8/site-packages/airflow/example_dags/example_setup_teardown_taskflow.py
[2023-12-15T20:50:13.642+0000] {logging_mixin.py:154} INFO - [2023-12-15T20:50:13.642+0000] {manager.py:499} INFO - Created Permission View: %s
[2023-12-15T20:50:13.725+0000] {logging_mixin.py:154} INFO - [2023-12-15T20:50:13.725+0000] {manager.py:499} INFO - Created Permission View: %s
[2023-12-15T20:50:13.806+0000] {logging_mixin.py:154} INFO - [2023-12-15T20:50:13.806+0000] {manager.py:499} INFO - Created Permission View: %s
[2023-12-15T20:50:13.807+0000] {logging_mixin.py:154} INFO - [2023-12-15T20:50:13.807+0000] {dag.py:2941} INFO - Sync 1 DAGs
[2023-12-15T20:50:13.951+0000] {logging_mixin.py:154} INFO - [2023-12-15T20:50:13.951+0000] {dag.py:2963} INFO - Creating ORM DAG for example_setup_teardown_taskflow
[2023-12-15T20:50:14.089+0000] {logging_mixin.py:154} INFO - [2023-12-15T20:50:14.088+0000] {dag.py:3722} INFO - Setting next_dagrun for example_setup_teardown_taskflow to 2023-12-14T20:50:14.073110+00:00, run_after=2023-12-15T20:50:14.073110+00:00
[2023-12-15T20:50:14.343+0000] {processor.py:179} INFO - Processing /home/airflow/.local/lib/python3.8/site-packages/airflow/example_dags/example_setup_teardown_taskflow.py took 2.163 seconds
[2023-12-15T21:10:57.378+0000] {processor.py:157} INFO - Started process (PID=134) to work on /home/airflow/.local/lib/python3.8/site-packages/airflow/example_dags/example_setup_teardown_taskflow.py
[2023-12-15T21:10:57.387+0000] {processor.py:829} INFO - Processing file /home/airflow/.local/lib/python3.8/site-packages/airflow/example_dags/example_setup_teardown_taskflow.py for tasks to queue
[2023-12-15T21:10:57.405+0000] {logging_mixin.py:154} INFO - [2023-12-15T21:10:57.404+0000] {dagbag.py:536} INFO - Filling up the DagBag from /home/airflow/.local/lib/python3.8/site-packages/airflow/example_dags/example_setup_teardown_taskflow.py
[2023-12-15T21:10:57.533+0000] {processor.py:839} INFO - DAG(s) dict_keys(['example_setup_teardown_taskflow']) retrieved from /home/airflow/.local/lib/python3.8/site-packages/airflow/example_dags/example_setup_teardown_taskflow.py
[2023-12-15T21:10:57.748+0000] {logging_mixin.py:154} INFO - [2023-12-15T21:10:57.748+0000] {dag.py:2941} INFO - Sync 1 DAGs
[2023-12-15T21:10:57.867+0000] {logging_mixin.py:154} INFO - [2023-12-15T21:10:57.867+0000] {dag.py:3722} INFO - Setting next_dagrun for example_setup_teardown_taskflow to 2023-12-14T21:10:57.866611+00:00, run_after=2023-12-15T21:10:57.866611+00:00
[2023-12-15T21:10:57.953+0000] {processor.py:179} INFO - Processing /home/airflow/.local/lib/python3.8/site-packages/airflow/example_dags/example_setup_teardown_taskflow.py took 0.619 seconds
[2023-12-15T21:11:31.824+0000] {processor.py:157} INFO - Started process (PID=190) to work on /home/airflow/.local/lib/python3.8/site-packages/airflow/example_dags/example_setup_teardown_taskflow.py
[2023-12-15T21:11:31.846+0000] {processor.py:829} INFO - Processing file /home/airflow/.local/lib/python3.8/site-packages/airflow/example_dags/example_setup_teardown_taskflow.py for tasks to queue
[2023-12-15T21:11:31.851+0000] {logging_mixin.py:154} INFO - [2023-12-15T21:11:31.850+0000] {dagbag.py:536} INFO - Filling up the DagBag from /home/airflow/.local/lib/python3.8/site-packages/airflow/example_dags/example_setup_teardown_taskflow.py
[2023-12-15T21:11:31.968+0000] {processor.py:839} INFO - DAG(s) dict_keys(['example_setup_teardown_taskflow']) retrieved from /home/airflow/.local/lib/python3.8/site-packages/airflow/example_dags/example_setup_teardown_taskflow.py
[2023-12-15T21:11:32.251+0000] {logging_mixin.py:154} INFO - [2023-12-15T21:11:32.250+0000] {dag.py:2941} INFO - Sync 1 DAGs
[2023-12-15T21:11:32.638+0000] {logging_mixin.py:154} INFO - [2023-12-15T21:11:32.638+0000] {dag.py:3722} INFO - Setting next_dagrun for example_setup_teardown_taskflow to 2023-12-14T21:11:32.638097+00:00, run_after=2023-12-15T21:11:32.638097+00:00
[2023-12-15T21:11:32.791+0000] {processor.py:179} INFO - Processing /home/airflow/.local/lib/python3.8/site-packages/airflow/example_dags/example_setup_teardown_taskflow.py took 1.022 seconds
[2023-12-15T21:12:06.955+0000] {processor.py:157} INFO - Started process (PID=246) to work on /home/airflow/.local/lib/python3.8/site-packages/airflow/example_dags/example_setup_teardown_taskflow.py
[2023-12-15T21:12:06.960+0000] {processor.py:829} INFO - Processing file /home/airflow/.local/lib/python3.8/site-packages/airflow/example_dags/example_setup_teardown_taskflow.py for tasks to queue
[2023-12-15T21:12:07.003+0000] {logging_mixin.py:154} INFO - [2023-12-15T21:12:07.002+0000] {dagbag.py:536} INFO - Filling up the DagBag from /home/airflow/.local/lib/python3.8/site-packages/airflow/example_dags/example_setup_teardown_taskflow.py
[2023-12-15T21:12:07.099+0000] {processor.py:839} INFO - DAG(s) dict_keys(['example_setup_teardown_taskflow']) retrieved from /home/airflow/.local/lib/python3.8/site-packages/airflow/example_dags/example_setup_teardown_taskflow.py
[2023-12-15T21:12:07.228+0000] {logging_mixin.py:154} INFO - [2023-12-15T21:12:07.226+0000] {dag.py:2941} INFO - Sync 1 DAGs
[2023-12-15T21:12:07.482+0000] {logging_mixin.py:154} INFO - [2023-12-15T21:12:07.481+0000] {dag.py:3722} INFO - Setting next_dagrun for example_setup_teardown_taskflow to 2023-12-14T21:12:07.480151+00:00, run_after=2023-12-15T21:12:07.480151+00:00
[2023-12-15T21:12:07.700+0000] {processor.py:179} INFO - Processing /home/airflow/.local/lib/python3.8/site-packages/airflow/example_dags/example_setup_teardown_taskflow.py took 0.788 seconds
[2023-12-15T21:12:37.929+0000] {processor.py:157} INFO - Started process (PID=302) to work on /home/airflow/.local/lib/python3.8/site-packages/airflow/example_dags/example_setup_teardown_taskflow.py
[2023-12-15T21:12:37.933+0000] {processor.py:829} INFO - Processing file /home/airflow/.local/lib/python3.8/site-packages/airflow/example_dags/example_setup_teardown_taskflow.py for tasks to queue
[2023-12-15T21:12:37.942+0000] {logging_mixin.py:154} INFO - [2023-12-15T21:12:37.941+0000] {dagbag.py:536} INFO - Filling up the DagBag from /home/airflow/.local/lib/python3.8/site-packages/airflow/example_dags/example_setup_teardown_taskflow.py
[2023-12-15T21:12:37.987+0000] {processor.py:839} INFO - DAG(s) dict_keys(['example_setup_teardown_taskflow']) retrieved from /home/airflow/.local/lib/python3.8/site-packages/airflow/example_dags/example_setup_teardown_taskflow.py
[2023-12-15T21:12:38.115+0000] {logging_mixin.py:154} INFO - [2023-12-15T21:12:38.114+0000] {dag.py:2941} INFO - Sync 1 DAGs
[2023-12-15T21:12:38.218+0000] {logging_mixin.py:154} INFO - [2023-12-15T21:12:38.217+0000] {dag.py:3722} INFO - Setting next_dagrun for example_setup_teardown_taskflow to 2023-12-14T21:12:38.214674+00:00, run_after=2023-12-15T21:12:38.214674+00:00
[2023-12-15T21:12:38.301+0000] {processor.py:179} INFO - Processing /home/airflow/.local/lib/python3.8/site-packages/airflow/example_dags/example_setup_teardown_taskflow.py took 0.387 seconds
[2023-12-15T21:13:08.604+0000] {processor.py:157} INFO - Started process (PID=358) to work on /home/airflow/.local/lib/python3.8/site-packages/airflow/example_dags/example_setup_teardown_taskflow.py
[2023-12-15T21:13:08.616+0000] {processor.py:829} INFO - Processing file /home/airflow/.local/lib/python3.8/site-packages/airflow/example_dags/example_setup_teardown_taskflow.py for tasks to queue
[2023-12-15T21:13:08.626+0000] {logging_mixin.py:154} INFO - [2023-12-15T21:13:08.625+0000] {dagbag.py:536} INFO - Filling up the DagBag from /home/airflow/.local/lib/python3.8/site-packages/airflow/example_dags/example_setup_teardown_taskflow.py
[2023-12-15T21:13:08.760+0000] {processor.py:839} INFO - DAG(s) dict_keys(['example_setup_teardown_taskflow']) retrieved from /home/airflow/.local/lib/python3.8/site-packages/airflow/example_dags/example_setup_teardown_taskflow.py
[2023-12-15T21:13:08.877+0000] {logging_mixin.py:154} INFO - [2023-12-15T21:13:08.877+0000] {dag.py:2941} INFO - Sync 1 DAGs
[2023-12-15T21:13:08.964+0000] {logging_mixin.py:154} INFO - [2023-12-15T21:13:08.964+0000] {dag.py:3722} INFO - Setting next_dagrun for example_setup_teardown_taskflow to 2023-12-14T21:13:08.963549+00:00, run_after=2023-12-15T21:13:08.963549+00:00
[2023-12-15T21:13:09.036+0000] {processor.py:179} INFO - Processing /home/airflow/.local/lib/python3.8/site-packages/airflow/example_dags/example_setup_teardown_taskflow.py took 0.452 seconds
[2023-12-15T21:13:43.956+0000] {processor.py:157} INFO - Started process (PID=414) to work on /home/airflow/.local/lib/python3.8/site-packages/airflow/example_dags/example_setup_teardown_taskflow.py
[2023-12-15T21:13:43.958+0000] {processor.py:829} INFO - Processing file /home/airflow/.local/lib/python3.8/site-packages/airflow/example_dags/example_setup_teardown_taskflow.py for tasks to queue
[2023-12-15T21:13:43.966+0000] {logging_mixin.py:154} INFO - [2023-12-15T21:13:43.965+0000] {dagbag.py:536} INFO - Filling up the DagBag from /home/airflow/.local/lib/python3.8/site-packages/airflow/example_dags/example_setup_teardown_taskflow.py
[2023-12-15T21:13:44.005+0000] {processor.py:839} INFO - DAG(s) dict_keys(['example_setup_teardown_taskflow']) retrieved from /home/airflow/.local/lib/python3.8/site-packages/airflow/example_dags/example_setup_teardown_taskflow.py
[2023-12-15T21:13:44.080+0000] {logging_mixin.py:154} INFO - [2023-12-15T21:13:44.078+0000] {dag.py:2941} INFO - Sync 1 DAGs
[2023-12-15T21:13:44.143+0000] {logging_mixin.py:154} INFO - [2023-12-15T21:13:44.142+0000] {dag.py:3722} INFO - Setting next_dagrun for example_setup_teardown_taskflow to 2023-12-14T21:13:44.142078+00:00, run_after=2023-12-15T21:13:44.142078+00:00
[2023-12-15T21:13:44.192+0000] {processor.py:179} INFO - Processing /home/airflow/.local/lib/python3.8/site-packages/airflow/example_dags/example_setup_teardown_taskflow.py took 0.245 seconds
[2023-12-15T21:14:18.098+0000] {processor.py:157} INFO - Started process (PID=465) to work on /home/airflow/.local/lib/python3.8/site-packages/airflow/example_dags/example_setup_teardown_taskflow.py
[2023-12-15T21:14:18.139+0000] {processor.py:829} INFO - Processing file /home/airflow/.local/lib/python3.8/site-packages/airflow/example_dags/example_setup_teardown_taskflow.py for tasks to queue
[2023-12-15T21:14:18.153+0000] {logging_mixin.py:154} INFO - [2023-12-15T21:14:18.153+0000] {dagbag.py:536} INFO - Filling up the DagBag from /home/airflow/.local/lib/python3.8/site-packages/airflow/example_dags/example_setup_teardown_taskflow.py
[2023-12-15T21:14:18.240+0000] {processor.py:839} INFO - DAG(s) dict_keys(['example_setup_teardown_taskflow']) retrieved from /home/airflow/.local/lib/python3.8/site-packages/airflow/example_dags/example_setup_teardown_taskflow.py
[2023-12-15T21:14:18.396+0000] {logging_mixin.py:154} INFO - [2023-12-15T21:14:18.395+0000] {dag.py:2941} INFO - Sync 1 DAGs
[2023-12-15T21:14:18.471+0000] {logging_mixin.py:154} INFO - [2023-12-15T21:14:18.471+0000] {dag.py:3722} INFO - Setting next_dagrun for example_setup_teardown_taskflow to 2023-12-14T21:14:18.470655+00:00, run_after=2023-12-15T21:14:18.470655+00:00
[2023-12-15T21:14:18.598+0000] {processor.py:179} INFO - Processing /home/airflow/.local/lib/python3.8/site-packages/airflow/example_dags/example_setup_teardown_taskflow.py took 0.690 seconds
[2023-12-15T21:14:54.330+0000] {processor.py:157} INFO - Started process (PID=529) to work on /home/airflow/.local/lib/python3.8/site-packages/airflow/example_dags/example_setup_teardown_taskflow.py
[2023-12-15T21:14:54.349+0000] {processor.py:829} INFO - Processing file /home/airflow/.local/lib/python3.8/site-packages/airflow/example_dags/example_setup_teardown_taskflow.py for tasks to queue
[2023-12-15T21:14:54.380+0000] {logging_mixin.py:154} INFO - [2023-12-15T21:14:54.379+0000] {dagbag.py:536} INFO - Filling up the DagBag from /home/airflow/.local/lib/python3.8/site-packages/airflow/example_dags/example_setup_teardown_taskflow.py
[2023-12-15T21:14:54.578+0000] {processor.py:839} INFO - DAG(s) dict_keys(['example_setup_teardown_taskflow']) retrieved from /home/airflow/.local/lib/python3.8/site-packages/airflow/example_dags/example_setup_teardown_taskflow.py
[2023-12-15T21:14:54.808+0000] {logging_mixin.py:154} INFO - [2023-12-15T21:14:54.808+0000] {dag.py:2941} INFO - Sync 1 DAGs
[2023-12-15T21:14:54.987+0000] {logging_mixin.py:154} INFO - [2023-12-15T21:14:54.975+0000] {dag.py:3722} INFO - Setting next_dagrun for example_setup_teardown_taskflow to 2023-12-14T21:14:54.975462+00:00, run_after=2023-12-15T21:14:54.975462+00:00
[2023-12-15T21:14:55.159+0000] {processor.py:179} INFO - Processing /home/airflow/.local/lib/python3.8/site-packages/airflow/example_dags/example_setup_teardown_taskflow.py took 0.868 seconds
[2023-12-15T21:15:25.759+0000] {processor.py:157} INFO - Started process (PID=585) to work on /home/airflow/.local/lib/python3.8/site-packages/airflow/example_dags/example_setup_teardown_taskflow.py
[2023-12-15T21:15:25.761+0000] {processor.py:829} INFO - Processing file /home/airflow/.local/lib/python3.8/site-packages/airflow/example_dags/example_setup_teardown_taskflow.py for tasks to queue
[2023-12-15T21:15:25.768+0000] {logging_mixin.py:154} INFO - [2023-12-15T21:15:25.767+0000] {dagbag.py:536} INFO - Filling up the DagBag from /home/airflow/.local/lib/python3.8/site-packages/airflow/example_dags/example_setup_teardown_taskflow.py
[2023-12-15T21:15:25.806+0000] {processor.py:839} INFO - DAG(s) dict_keys(['example_setup_teardown_taskflow']) retrieved from /home/airflow/.local/lib/python3.8/site-packages/airflow/example_dags/example_setup_teardown_taskflow.py
[2023-12-15T21:15:25.918+0000] {logging_mixin.py:154} INFO - [2023-12-15T21:15:25.917+0000] {dag.py:2941} INFO - Sync 1 DAGs
[2023-12-15T21:15:25.995+0000] {logging_mixin.py:154} INFO - [2023-12-15T21:15:25.995+0000] {dag.py:3722} INFO - Setting next_dagrun for example_setup_teardown_taskflow to 2023-12-14T21:15:25.994744+00:00, run_after=2023-12-15T21:15:25.994744+00:00
[2023-12-15T21:15:26.055+0000] {processor.py:179} INFO - Processing /home/airflow/.local/lib/python3.8/site-packages/airflow/example_dags/example_setup_teardown_taskflow.py took 0.318 seconds
[2023-12-15T21:15:56.412+0000] {processor.py:157} INFO - Started process (PID=639) to work on /home/airflow/.local/lib/python3.8/site-packages/airflow/example_dags/example_setup_teardown_taskflow.py
[2023-12-15T21:15:56.415+0000] {processor.py:829} INFO - Processing file /home/airflow/.local/lib/python3.8/site-packages/airflow/example_dags/example_setup_teardown_taskflow.py for tasks to queue
[2023-12-15T21:15:56.423+0000] {logging_mixin.py:154} INFO - [2023-12-15T21:15:56.422+0000] {dagbag.py:536} INFO - Filling up the DagBag from /home/airflow/.local/lib/python3.8/site-packages/airflow/example_dags/example_setup_teardown_taskflow.py
[2023-12-15T21:15:56.459+0000] {processor.py:839} INFO - DAG(s) dict_keys(['example_setup_teardown_taskflow']) retrieved from /home/airflow/.local/lib/python3.8/site-packages/airflow/example_dags/example_setup_teardown_taskflow.py
[2023-12-15T21:15:56.529+0000] {logging_mixin.py:154} INFO - [2023-12-15T21:15:56.528+0000] {dag.py:2941} INFO - Sync 1 DAGs
[2023-12-15T21:15:56.604+0000] {logging_mixin.py:154} INFO - [2023-12-15T21:15:56.603+0000] {dag.py:3722} INFO - Setting next_dagrun for example_setup_teardown_taskflow to 2023-12-14T21:15:56.603423+00:00, run_after=2023-12-15T21:15:56.603423+00:00
[2023-12-15T21:15:56.663+0000] {processor.py:179} INFO - Processing /home/airflow/.local/lib/python3.8/site-packages/airflow/example_dags/example_setup_teardown_taskflow.py took 0.262 seconds
[2023-12-15T21:16:57.043+0000] {processor.py:157} INFO - Started process (PID=702) to work on /home/airflow/.local/lib/python3.8/site-packages/airflow/example_dags/example_setup_teardown_taskflow.py
[2023-12-15T21:16:57.047+0000] {processor.py:829} INFO - Processing file /home/airflow/.local/lib/python3.8/site-packages/airflow/example_dags/example_setup_teardown_taskflow.py for tasks to queue
[2023-12-15T21:16:57.078+0000] {logging_mixin.py:154} INFO - [2023-12-15T21:16:57.077+0000] {dagbag.py:536} INFO - Filling up the DagBag from /home/airflow/.local/lib/python3.8/site-packages/airflow/example_dags/example_setup_teardown_taskflow.py
[2023-12-15T21:16:57.250+0000] {processor.py:839} INFO - DAG(s) dict_keys(['example_setup_teardown_taskflow']) retrieved from /home/airflow/.local/lib/python3.8/site-packages/airflow/example_dags/example_setup_teardown_taskflow.py
[2023-12-15T21:16:57.663+0000] {logging_mixin.py:154} INFO - [2023-12-15T21:16:57.662+0000] {dag.py:2941} INFO - Sync 1 DAGs
[2023-12-15T21:16:58.185+0000] {logging_mixin.py:154} INFO - [2023-12-15T21:16:58.184+0000] {dag.py:3722} INFO - Setting next_dagrun for example_setup_teardown_taskflow to 2023-12-14T21:16:58.174386+00:00, run_after=2023-12-15T21:16:58.174386+00:00
[2023-12-15T21:16:58.527+0000] {processor.py:179} INFO - Processing /home/airflow/.local/lib/python3.8/site-packages/airflow/example_dags/example_setup_teardown_taskflow.py took 1.532 seconds
[2023-12-15T21:17:28.944+0000] {processor.py:157} INFO - Started process (PID=764) to work on /home/airflow/.local/lib/python3.8/site-packages/airflow/example_dags/example_setup_teardown_taskflow.py
[2023-12-15T21:17:28.947+0000] {processor.py:829} INFO - Processing file /home/airflow/.local/lib/python3.8/site-packages/airflow/example_dags/example_setup_teardown_taskflow.py for tasks to queue
[2023-12-15T21:17:28.980+0000] {logging_mixin.py:154} INFO - [2023-12-15T21:17:28.979+0000] {dagbag.py:536} INFO - Filling up the DagBag from /home/airflow/.local/lib/python3.8/site-packages/airflow/example_dags/example_setup_teardown_taskflow.py
[2023-12-15T21:17:29.054+0000] {processor.py:839} INFO - DAG(s) dict_keys(['example_setup_teardown_taskflow']) retrieved from /home/airflow/.local/lib/python3.8/site-packages/airflow/example_dags/example_setup_teardown_taskflow.py
[2023-12-15T21:17:29.202+0000] {logging_mixin.py:154} INFO - [2023-12-15T21:17:29.202+0000] {dag.py:2941} INFO - Sync 1 DAGs
[2023-12-15T21:17:29.347+0000] {logging_mixin.py:154} INFO - [2023-12-15T21:17:29.347+0000] {dag.py:3722} INFO - Setting next_dagrun for example_setup_teardown_taskflow to 2023-12-14T21:17:29.346121+00:00, run_after=2023-12-15T21:17:29.346121+00:00
[2023-12-15T21:17:29.416+0000] {processor.py:179} INFO - Processing /home/airflow/.local/lib/python3.8/site-packages/airflow/example_dags/example_setup_teardown_taskflow.py took 0.509 seconds
[2023-12-15T21:28:08.433+0000] {processor.py:157} INFO - Started process (PID=84) to work on /home/airflow/.local/lib/python3.8/site-packages/airflow/example_dags/example_setup_teardown_taskflow.py
[2023-12-15T21:28:08.437+0000] {processor.py:829} INFO - Processing file /home/airflow/.local/lib/python3.8/site-packages/airflow/example_dags/example_setup_teardown_taskflow.py for tasks to queue
[2023-12-15T21:28:08.489+0000] {logging_mixin.py:154} INFO - [2023-12-15T21:28:08.488+0000] {dagbag.py:536} INFO - Filling up the DagBag from /home/airflow/.local/lib/python3.8/site-packages/airflow/example_dags/example_setup_teardown_taskflow.py
[2023-12-15T21:28:08.854+0000] {processor.py:839} INFO - DAG(s) dict_keys(['example_setup_teardown_taskflow']) retrieved from /home/airflow/.local/lib/python3.8/site-packages/airflow/example_dags/example_setup_teardown_taskflow.py
[2023-12-15T21:28:09.336+0000] {logging_mixin.py:154} INFO - [2023-12-15T21:28:09.336+0000] {dag.py:2941} INFO - Sync 1 DAGs
[2023-12-15T21:28:09.776+0000] {logging_mixin.py:154} INFO - [2023-12-15T21:28:09.776+0000] {dag.py:3722} INFO - Setting next_dagrun for example_setup_teardown_taskflow to 2023-12-14T21:28:09.776088+00:00, run_after=2023-12-15T21:28:09.776088+00:00
[2023-12-15T21:28:10.383+0000] {processor.py:179} INFO - Processing /home/airflow/.local/lib/python3.8/site-packages/airflow/example_dags/example_setup_teardown_taskflow.py took 2.049 seconds
[2023-12-15T21:29:16.548+0000] {processor.py:157} INFO - Started process (PID=147) to work on /home/airflow/.local/lib/python3.8/site-packages/airflow/example_dags/example_setup_teardown_taskflow.py
[2023-12-15T21:29:16.563+0000] {processor.py:829} INFO - Processing file /home/airflow/.local/lib/python3.8/site-packages/airflow/example_dags/example_setup_teardown_taskflow.py for tasks to queue
[2023-12-15T21:29:16.581+0000] {logging_mixin.py:154} INFO - [2023-12-15T21:29:16.580+0000] {dagbag.py:536} INFO - Filling up the DagBag from /home/airflow/.local/lib/python3.8/site-packages/airflow/example_dags/example_setup_teardown_taskflow.py
[2023-12-15T21:29:16.690+0000] {processor.py:839} INFO - DAG(s) dict_keys(['example_setup_teardown_taskflow']) retrieved from /home/airflow/.local/lib/python3.8/site-packages/airflow/example_dags/example_setup_teardown_taskflow.py
[2023-12-15T21:29:17.131+0000] {logging_mixin.py:154} INFO - [2023-12-15T21:29:17.131+0000] {dag.py:2941} INFO - Sync 1 DAGs
[2023-12-15T21:29:17.557+0000] {logging_mixin.py:154} INFO - [2023-12-15T21:29:17.555+0000] {dag.py:3722} INFO - Setting next_dagrun for example_setup_teardown_taskflow to 2023-12-14T21:29:17.554705+00:00, run_after=2023-12-15T21:29:17.554705+00:00
[2023-12-15T21:29:18.245+0000] {processor.py:179} INFO - Processing /home/airflow/.local/lib/python3.8/site-packages/airflow/example_dags/example_setup_teardown_taskflow.py took 1.739 seconds
[2023-12-15T21:30:06.041+0000] {processor.py:157} INFO - Started process (PID=203) to work on /home/airflow/.local/lib/python3.8/site-packages/airflow/example_dags/example_setup_teardown_taskflow.py
[2023-12-15T21:30:06.187+0000] {processor.py:829} INFO - Processing file /home/airflow/.local/lib/python3.8/site-packages/airflow/example_dags/example_setup_teardown_taskflow.py for tasks to queue
[2023-12-15T21:30:06.482+0000] {logging_mixin.py:154} INFO - [2023-12-15T21:30:06.427+0000] {dagbag.py:536} INFO - Filling up the DagBag from /home/airflow/.local/lib/python3.8/site-packages/airflow/example_dags/example_setup_teardown_taskflow.py
[2023-12-15T21:30:06.669+0000] {processor.py:839} INFO - DAG(s) dict_keys(['example_setup_teardown_taskflow']) retrieved from /home/airflow/.local/lib/python3.8/site-packages/airflow/example_dags/example_setup_teardown_taskflow.py
[2023-12-15T21:30:06.959+0000] {logging_mixin.py:154} INFO - [2023-12-15T21:30:06.950+0000] {dag.py:2941} INFO - Sync 1 DAGs
[2023-12-15T21:30:07.452+0000] {logging_mixin.py:154} INFO - [2023-12-15T21:30:07.452+0000] {dag.py:3722} INFO - Setting next_dagrun for example_setup_teardown_taskflow to 2023-12-14T21:30:07.449766+00:00, run_after=2023-12-15T21:30:07.449766+00:00
[2023-12-15T21:30:07.848+0000] {processor.py:179} INFO - Processing /home/airflow/.local/lib/python3.8/site-packages/airflow/example_dags/example_setup_teardown_taskflow.py took 1.863 seconds
[2023-12-15T21:35:32.850+0000] {processor.py:157} INFO - Started process (PID=71) to work on /home/airflow/.local/lib/python3.8/site-packages/airflow/example_dags/example_setup_teardown_taskflow.py
[2023-12-15T21:35:32.877+0000] {processor.py:829} INFO - Processing file /home/airflow/.local/lib/python3.8/site-packages/airflow/example_dags/example_setup_teardown_taskflow.py for tasks to queue
[2023-12-15T21:35:32.957+0000] {logging_mixin.py:154} INFO - [2023-12-15T21:35:32.956+0000] {dagbag.py:536} INFO - Filling up the DagBag from /home/airflow/.local/lib/python3.8/site-packages/airflow/example_dags/example_setup_teardown_taskflow.py
[2023-12-15T21:35:33.191+0000] {processor.py:839} INFO - DAG(s) dict_keys(['example_setup_teardown_taskflow']) retrieved from /home/airflow/.local/lib/python3.8/site-packages/airflow/example_dags/example_setup_teardown_taskflow.py
[2023-12-15T21:35:33.525+0000] {logging_mixin.py:154} INFO - [2023-12-15T21:35:33.524+0000] {dag.py:2941} INFO - Sync 1 DAGs
[2023-12-15T21:35:33.793+0000] {logging_mixin.py:154} INFO - [2023-12-15T21:35:33.792+0000] {dag.py:3722} INFO - Setting next_dagrun for example_setup_teardown_taskflow to 2023-12-14T21:35:33.791217+00:00, run_after=2023-12-15T21:35:33.791217+00:00
[2023-12-15T21:35:33.982+0000] {processor.py:179} INFO - Processing /home/airflow/.local/lib/python3.8/site-packages/airflow/example_dags/example_setup_teardown_taskflow.py took 1.141 seconds
[2023-12-15T21:36:14.409+0000] {processor.py:157} INFO - Started process (PID=126) to work on /home/airflow/.local/lib/python3.8/site-packages/airflow/example_dags/example_setup_teardown_taskflow.py
[2023-12-15T21:36:14.425+0000] {processor.py:829} INFO - Processing file /home/airflow/.local/lib/python3.8/site-packages/airflow/example_dags/example_setup_teardown_taskflow.py for tasks to queue
[2023-12-15T21:36:14.451+0000] {logging_mixin.py:154} INFO - [2023-12-15T21:36:14.449+0000] {dagbag.py:536} INFO - Filling up the DagBag from /home/airflow/.local/lib/python3.8/site-packages/airflow/example_dags/example_setup_teardown_taskflow.py
[2023-12-15T21:36:14.665+0000] {processor.py:839} INFO - DAG(s) dict_keys(['example_setup_teardown_taskflow']) retrieved from /home/airflow/.local/lib/python3.8/site-packages/airflow/example_dags/example_setup_teardown_taskflow.py
[2023-12-15T21:36:14.982+0000] {logging_mixin.py:154} INFO - [2023-12-15T21:36:14.981+0000] {dag.py:2941} INFO - Sync 1 DAGs
[2023-12-15T21:36:15.244+0000] {logging_mixin.py:154} INFO - [2023-12-15T21:36:15.243+0000] {dag.py:3722} INFO - Setting next_dagrun for example_setup_teardown_taskflow to 2023-12-14T21:36:15.243166+00:00, run_after=2023-12-15T21:36:15.243166+00:00
[2023-12-15T21:36:15.616+0000] {processor.py:179} INFO - Processing /home/airflow/.local/lib/python3.8/site-packages/airflow/example_dags/example_setup_teardown_taskflow.py took 1.260 seconds
[2023-12-15T21:36:51.860+0000] {processor.py:157} INFO - Started process (PID=182) to work on /home/airflow/.local/lib/python3.8/site-packages/airflow/example_dags/example_setup_teardown_taskflow.py
[2023-12-15T21:36:51.862+0000] {processor.py:829} INFO - Processing file /home/airflow/.local/lib/python3.8/site-packages/airflow/example_dags/example_setup_teardown_taskflow.py for tasks to queue
[2023-12-15T21:36:51.867+0000] {logging_mixin.py:154} INFO - [2023-12-15T21:36:51.867+0000] {dagbag.py:536} INFO - Filling up the DagBag from /home/airflow/.local/lib/python3.8/site-packages/airflow/example_dags/example_setup_teardown_taskflow.py
[2023-12-15T21:36:51.922+0000] {processor.py:839} INFO - DAG(s) dict_keys(['example_setup_teardown_taskflow']) retrieved from /home/airflow/.local/lib/python3.8/site-packages/airflow/example_dags/example_setup_teardown_taskflow.py
[2023-12-15T21:36:52.000+0000] {logging_mixin.py:154} INFO - [2023-12-15T21:36:51.999+0000] {dag.py:2941} INFO - Sync 1 DAGs
[2023-12-15T21:36:52.078+0000] {logging_mixin.py:154} INFO - [2023-12-15T21:36:52.077+0000] {dag.py:3722} INFO - Setting next_dagrun for example_setup_teardown_taskflow to 2023-12-14T21:36:52.076708+00:00, run_after=2023-12-15T21:36:52.076708+00:00
[2023-12-15T21:36:52.151+0000] {processor.py:179} INFO - Processing /home/airflow/.local/lib/python3.8/site-packages/airflow/example_dags/example_setup_teardown_taskflow.py took 0.309 seconds
[2023-12-15T21:37:24.581+0000] {processor.py:157} INFO - Started process (PID=238) to work on /home/airflow/.local/lib/python3.8/site-packages/airflow/example_dags/example_setup_teardown_taskflow.py
[2023-12-15T21:37:24.592+0000] {processor.py:829} INFO - Processing file /home/airflow/.local/lib/python3.8/site-packages/airflow/example_dags/example_setup_teardown_taskflow.py for tasks to queue
[2023-12-15T21:37:24.611+0000] {logging_mixin.py:154} INFO - [2023-12-15T21:37:24.598+0000] {dagbag.py:536} INFO - Filling up the DagBag from /home/airflow/.local/lib/python3.8/site-packages/airflow/example_dags/example_setup_teardown_taskflow.py
[2023-12-15T21:37:24.687+0000] {processor.py:839} INFO - DAG(s) dict_keys(['example_setup_teardown_taskflow']) retrieved from /home/airflow/.local/lib/python3.8/site-packages/airflow/example_dags/example_setup_teardown_taskflow.py
[2023-12-15T21:37:24.852+0000] {logging_mixin.py:154} INFO - [2023-12-15T21:37:24.852+0000] {dag.py:2941} INFO - Sync 1 DAGs
[2023-12-15T21:37:25.022+0000] {logging_mixin.py:154} INFO - [2023-12-15T21:37:25.022+0000] {dag.py:3722} INFO - Setting next_dagrun for example_setup_teardown_taskflow to 2023-12-14T21:37:25.021685+00:00, run_after=2023-12-15T21:37:25.021685+00:00
[2023-12-15T21:37:25.161+0000] {processor.py:179} INFO - Processing /home/airflow/.local/lib/python3.8/site-packages/airflow/example_dags/example_setup_teardown_taskflow.py took 0.618 seconds
[2023-12-15T21:38:13.428+0000] {processor.py:157} INFO - Started process (PID=293) to work on /home/airflow/.local/lib/python3.8/site-packages/airflow/example_dags/example_setup_teardown_taskflow.py
[2023-12-15T21:38:13.431+0000] {processor.py:829} INFO - Processing file /home/airflow/.local/lib/python3.8/site-packages/airflow/example_dags/example_setup_teardown_taskflow.py for tasks to queue
[2023-12-15T21:38:13.441+0000] {logging_mixin.py:154} INFO - [2023-12-15T21:38:13.440+0000] {dagbag.py:536} INFO - Filling up the DagBag from /home/airflow/.local/lib/python3.8/site-packages/airflow/example_dags/example_setup_teardown_taskflow.py
[2023-12-15T21:38:13.497+0000] {processor.py:839} INFO - DAG(s) dict_keys(['example_setup_teardown_taskflow']) retrieved from /home/airflow/.local/lib/python3.8/site-packages/airflow/example_dags/example_setup_teardown_taskflow.py
[2023-12-15T21:38:13.573+0000] {logging_mixin.py:154} INFO - [2023-12-15T21:38:13.573+0000] {dag.py:2941} INFO - Sync 1 DAGs
[2023-12-15T21:38:13.658+0000] {logging_mixin.py:154} INFO - [2023-12-15T21:38:13.658+0000] {dag.py:3722} INFO - Setting next_dagrun for example_setup_teardown_taskflow to 2023-12-14T21:38:13.656925+00:00, run_after=2023-12-15T21:38:13.656925+00:00
[2023-12-15T21:38:13.730+0000] {processor.py:179} INFO - Processing /home/airflow/.local/lib/python3.8/site-packages/airflow/example_dags/example_setup_teardown_taskflow.py took 0.314 seconds
[2023-12-15T21:38:49.323+0000] {processor.py:157} INFO - Started process (PID=349) to work on /home/airflow/.local/lib/python3.8/site-packages/airflow/example_dags/example_setup_teardown_taskflow.py
[2023-12-15T21:38:49.354+0000] {processor.py:829} INFO - Processing file /home/airflow/.local/lib/python3.8/site-packages/airflow/example_dags/example_setup_teardown_taskflow.py for tasks to queue
[2023-12-15T21:38:49.405+0000] {logging_mixin.py:154} INFO - [2023-12-15T21:38:49.387+0000] {dagbag.py:536} INFO - Filling up the DagBag from /home/airflow/.local/lib/python3.8/site-packages/airflow/example_dags/example_setup_teardown_taskflow.py
[2023-12-15T21:38:49.655+0000] {processor.py:839} INFO - DAG(s) dict_keys(['example_setup_teardown_taskflow']) retrieved from /home/airflow/.local/lib/python3.8/site-packages/airflow/example_dags/example_setup_teardown_taskflow.py
[2023-12-15T21:38:50.222+0000] {logging_mixin.py:154} INFO - [2023-12-15T21:38:50.221+0000] {dag.py:2941} INFO - Sync 1 DAGs
[2023-12-15T21:38:50.677+0000] {logging_mixin.py:154} INFO - [2023-12-15T21:38:50.672+0000] {dag.py:3722} INFO - Setting next_dagrun for example_setup_teardown_taskflow to 2023-12-14T21:38:50.671977+00:00, run_after=2023-12-15T21:38:50.671977+00:00
[2023-12-15T21:38:50.884+0000] {processor.py:179} INFO - Processing /home/airflow/.local/lib/python3.8/site-packages/airflow/example_dags/example_setup_teardown_taskflow.py took 1.717 seconds
[2023-12-15T21:39:34.734+0000] {processor.py:157} INFO - Started process (PID=406) to work on /home/airflow/.local/lib/python3.8/site-packages/airflow/example_dags/example_setup_teardown_taskflow.py
[2023-12-15T21:39:34.738+0000] {processor.py:829} INFO - Processing file /home/airflow/.local/lib/python3.8/site-packages/airflow/example_dags/example_setup_teardown_taskflow.py for tasks to queue
[2023-12-15T21:39:34.746+0000] {logging_mixin.py:154} INFO - [2023-12-15T21:39:34.745+0000] {dagbag.py:536} INFO - Filling up the DagBag from /home/airflow/.local/lib/python3.8/site-packages/airflow/example_dags/example_setup_teardown_taskflow.py
[2023-12-15T21:39:34.782+0000] {processor.py:839} INFO - DAG(s) dict_keys(['example_setup_teardown_taskflow']) retrieved from /home/airflow/.local/lib/python3.8/site-packages/airflow/example_dags/example_setup_teardown_taskflow.py
[2023-12-15T21:39:34.879+0000] {logging_mixin.py:154} INFO - [2023-12-15T21:39:34.878+0000] {dag.py:2941} INFO - Sync 1 DAGs
[2023-12-15T21:39:34.954+0000] {logging_mixin.py:154} INFO - [2023-12-15T21:39:34.953+0000] {dag.py:3722} INFO - Setting next_dagrun for example_setup_teardown_taskflow to 2023-12-14T21:39:34.952644+00:00, run_after=2023-12-15T21:39:34.952644+00:00
[2023-12-15T21:39:35.013+0000] {processor.py:179} INFO - Processing /home/airflow/.local/lib/python3.8/site-packages/airflow/example_dags/example_setup_teardown_taskflow.py took 0.293 seconds
[2023-12-15T21:40:08.210+0000] {processor.py:157} INFO - Started process (PID=462) to work on /home/airflow/.local/lib/python3.8/site-packages/airflow/example_dags/example_setup_teardown_taskflow.py
[2023-12-15T21:40:08.214+0000] {processor.py:829} INFO - Processing file /home/airflow/.local/lib/python3.8/site-packages/airflow/example_dags/example_setup_teardown_taskflow.py for tasks to queue
[2023-12-15T21:40:08.220+0000] {logging_mixin.py:154} INFO - [2023-12-15T21:40:08.219+0000] {dagbag.py:536} INFO - Filling up the DagBag from /home/airflow/.local/lib/python3.8/site-packages/airflow/example_dags/example_setup_teardown_taskflow.py
[2023-12-15T21:40:08.257+0000] {processor.py:839} INFO - DAG(s) dict_keys(['example_setup_teardown_taskflow']) retrieved from /home/airflow/.local/lib/python3.8/site-packages/airflow/example_dags/example_setup_teardown_taskflow.py
[2023-12-15T21:40:08.388+0000] {logging_mixin.py:154} INFO - [2023-12-15T21:40:08.388+0000] {dag.py:2941} INFO - Sync 1 DAGs
[2023-12-15T21:40:08.470+0000] {logging_mixin.py:154} INFO - [2023-12-15T21:40:08.470+0000] {dag.py:3722} INFO - Setting next_dagrun for example_setup_teardown_taskflow to 2023-12-14T21:40:08.469481+00:00, run_after=2023-12-15T21:40:08.469481+00:00
[2023-12-15T21:40:08.593+0000] {processor.py:179} INFO - Processing /home/airflow/.local/lib/python3.8/site-packages/airflow/example_dags/example_setup_teardown_taskflow.py took 0.395 seconds
[2023-12-15T21:45:36.738+0000] {processor.py:157} INFO - Started process (PID=77) to work on /home/airflow/.local/lib/python3.8/site-packages/airflow/example_dags/example_setup_teardown_taskflow.py
[2023-12-15T21:45:36.833+0000] {processor.py:829} INFO - Processing file /home/airflow/.local/lib/python3.8/site-packages/airflow/example_dags/example_setup_teardown_taskflow.py for tasks to queue
[2023-12-15T21:45:36.841+0000] {logging_mixin.py:154} INFO - [2023-12-15T21:45:36.841+0000] {dagbag.py:536} INFO - Filling up the DagBag from /home/airflow/.local/lib/python3.8/site-packages/airflow/example_dags/example_setup_teardown_taskflow.py
[2023-12-15T21:45:37.618+0000] {processor.py:839} INFO - DAG(s) dict_keys(['example_setup_teardown_taskflow']) retrieved from /home/airflow/.local/lib/python3.8/site-packages/airflow/example_dags/example_setup_teardown_taskflow.py
[2023-12-15T21:45:39.043+0000] {logging_mixin.py:154} INFO - [2023-12-15T21:45:39.017+0000] {dag.py:2941} INFO - Sync 1 DAGs
[2023-12-15T21:45:40.193+0000] {logging_mixin.py:154} INFO - [2023-12-15T21:45:40.192+0000] {dag.py:3722} INFO - Setting next_dagrun for example_setup_teardown_taskflow to 2023-12-14T21:45:40.169004+00:00, run_after=2023-12-15T21:45:40.169004+00:00
[2023-12-15T21:45:40.884+0000] {processor.py:179} INFO - Processing /home/airflow/.local/lib/python3.8/site-packages/airflow/example_dags/example_setup_teardown_taskflow.py took 4.530 seconds
[2023-12-15T21:47:24.135+0000] {processor.py:157} INFO - Started process (PID=149) to work on /home/airflow/.local/lib/python3.8/site-packages/airflow/example_dags/example_setup_teardown_taskflow.py
[2023-12-15T21:47:24.153+0000] {processor.py:829} INFO - Processing file /home/airflow/.local/lib/python3.8/site-packages/airflow/example_dags/example_setup_teardown_taskflow.py for tasks to queue
[2023-12-15T21:47:24.210+0000] {logging_mixin.py:154} INFO - [2023-12-15T21:47:24.196+0000] {dagbag.py:536} INFO - Filling up the DagBag from /home/airflow/.local/lib/python3.8/site-packages/airflow/example_dags/example_setup_teardown_taskflow.py
[2023-12-15T21:47:24.491+0000] {processor.py:839} INFO - DAG(s) dict_keys(['example_setup_teardown_taskflow']) retrieved from /home/airflow/.local/lib/python3.8/site-packages/airflow/example_dags/example_setup_teardown_taskflow.py
[2023-12-15T21:47:24.997+0000] {logging_mixin.py:154} INFO - [2023-12-15T21:47:24.997+0000] {dag.py:2941} INFO - Sync 1 DAGs
[2023-12-15T21:47:25.387+0000] {logging_mixin.py:154} INFO - [2023-12-15T21:47:25.386+0000] {dag.py:3722} INFO - Setting next_dagrun for example_setup_teardown_taskflow to 2023-12-14T21:47:25.386197+00:00, run_after=2023-12-15T21:47:25.386197+00:00
[2023-12-15T21:47:25.996+0000] {processor.py:179} INFO - Processing /home/airflow/.local/lib/python3.8/site-packages/airflow/example_dags/example_setup_teardown_taskflow.py took 1.963 seconds
