[2023-12-15T20:50:17.258+0000] {processor.py:157} INFO - Started process (PID=63) to work on /home/airflow/.local/lib/python3.8/site-packages/airflow/example_dags/tutorial_dag.py
[2023-12-15T20:50:17.290+0000] {processor.py:829} INFO - Processing file /home/airflow/.local/lib/python3.8/site-packages/airflow/example_dags/tutorial_dag.py for tasks to queue
[2023-12-15T20:50:17.306+0000] {logging_mixin.py:154} INFO - [2023-12-15T20:50:17.306+0000] {dagbag.py:536} INFO - Filling up the DagBag from /home/airflow/.local/lib/python3.8/site-packages/airflow/example_dags/tutorial_dag.py
[2023-12-15T20:50:17.353+0000] {processor.py:839} INFO - DAG(s) dict_keys(['tutorial_dag']) retrieved from /home/airflow/.local/lib/python3.8/site-packages/airflow/example_dags/tutorial_dag.py
[2023-12-15T20:50:18.158+0000] {logging_mixin.py:154} INFO - [2023-12-15T20:50:18.158+0000] {manager.py:499} INFO - Created Permission View: %s
[2023-12-15T20:50:18.212+0000] {logging_mixin.py:154} INFO - [2023-12-15T20:50:18.212+0000] {manager.py:499} INFO - Created Permission View: %s
[2023-12-15T20:50:18.238+0000] {logging_mixin.py:154} INFO - [2023-12-15T20:50:18.238+0000] {manager.py:499} INFO - Created Permission View: %s
[2023-12-15T20:50:18.239+0000] {logging_mixin.py:154} INFO - [2023-12-15T20:50:18.238+0000] {dag.py:2941} INFO - Sync 1 DAGs
[2023-12-15T20:50:18.310+0000] {logging_mixin.py:154} INFO - [2023-12-15T20:50:18.310+0000] {dag.py:2963} INFO - Creating ORM DAG for tutorial_dag
[2023-12-15T20:50:18.312+0000] {logging_mixin.py:154} INFO - [2023-12-15T20:50:18.311+0000] {dag.py:3722} INFO - Setting next_dagrun for tutorial_dag to None, run_after=None
[2023-12-15T20:50:18.418+0000] {processor.py:179} INFO - Processing /home/airflow/.local/lib/python3.8/site-packages/airflow/example_dags/tutorial_dag.py took 1.181 seconds
[2023-12-15T21:11:00.848+0000] {processor.py:157} INFO - Started process (PID=139) to work on /home/airflow/.local/lib/python3.8/site-packages/airflow/example_dags/tutorial_dag.py
[2023-12-15T21:11:00.866+0000] {processor.py:829} INFO - Processing file /home/airflow/.local/lib/python3.8/site-packages/airflow/example_dags/tutorial_dag.py for tasks to queue
[2023-12-15T21:11:00.947+0000] {logging_mixin.py:154} INFO - [2023-12-15T21:11:00.947+0000] {dagbag.py:536} INFO - Filling up the DagBag from /home/airflow/.local/lib/python3.8/site-packages/airflow/example_dags/tutorial_dag.py
[2023-12-15T21:11:01.086+0000] {processor.py:839} INFO - DAG(s) dict_keys(['tutorial_dag']) retrieved from /home/airflow/.local/lib/python3.8/site-packages/airflow/example_dags/tutorial_dag.py
[2023-12-15T21:11:01.471+0000] {logging_mixin.py:154} INFO - [2023-12-15T21:11:01.471+0000] {dag.py:2941} INFO - Sync 1 DAGs
[2023-12-15T21:11:01.700+0000] {logging_mixin.py:154} INFO - [2023-12-15T21:11:01.700+0000] {dag.py:3722} INFO - Setting next_dagrun for tutorial_dag to None, run_after=None
[2023-12-15T21:11:01.900+0000] {processor.py:179} INFO - Processing /home/airflow/.local/lib/python3.8/site-packages/airflow/example_dags/tutorial_dag.py took 1.139 seconds
[2023-12-15T21:11:34.949+0000] {processor.py:157} INFO - Started process (PID=194) to work on /home/airflow/.local/lib/python3.8/site-packages/airflow/example_dags/tutorial_dag.py
[2023-12-15T21:11:34.953+0000] {processor.py:829} INFO - Processing file /home/airflow/.local/lib/python3.8/site-packages/airflow/example_dags/tutorial_dag.py for tasks to queue
[2023-12-15T21:11:34.964+0000] {logging_mixin.py:154} INFO - [2023-12-15T21:11:34.963+0000] {dagbag.py:536} INFO - Filling up the DagBag from /home/airflow/.local/lib/python3.8/site-packages/airflow/example_dags/tutorial_dag.py
[2023-12-15T21:11:34.985+0000] {processor.py:839} INFO - DAG(s) dict_keys(['tutorial_dag']) retrieved from /home/airflow/.local/lib/python3.8/site-packages/airflow/example_dags/tutorial_dag.py
[2023-12-15T21:11:35.184+0000] {logging_mixin.py:154} INFO - [2023-12-15T21:11:35.126+0000] {dag.py:2941} INFO - Sync 1 DAGs
[2023-12-15T21:11:35.479+0000] {logging_mixin.py:154} INFO - [2023-12-15T21:11:35.478+0000] {dag.py:3722} INFO - Setting next_dagrun for tutorial_dag to None, run_after=None
[2023-12-15T21:11:35.709+0000] {processor.py:179} INFO - Processing /home/airflow/.local/lib/python3.8/site-packages/airflow/example_dags/tutorial_dag.py took 0.859 seconds
[2023-12-15T21:12:11.210+0000] {processor.py:157} INFO - Started process (PID=251) to work on /home/airflow/.local/lib/python3.8/site-packages/airflow/example_dags/tutorial_dag.py
[2023-12-15T21:12:11.236+0000] {processor.py:829} INFO - Processing file /home/airflow/.local/lib/python3.8/site-packages/airflow/example_dags/tutorial_dag.py for tasks to queue
[2023-12-15T21:12:11.246+0000] {logging_mixin.py:154} INFO - [2023-12-15T21:12:11.245+0000] {dagbag.py:536} INFO - Filling up the DagBag from /home/airflow/.local/lib/python3.8/site-packages/airflow/example_dags/tutorial_dag.py
[2023-12-15T21:12:11.327+0000] {processor.py:839} INFO - DAG(s) dict_keys(['tutorial_dag']) retrieved from /home/airflow/.local/lib/python3.8/site-packages/airflow/example_dags/tutorial_dag.py
[2023-12-15T21:12:11.687+0000] {logging_mixin.py:154} INFO - [2023-12-15T21:12:11.687+0000] {dag.py:2941} INFO - Sync 1 DAGs
[2023-12-15T21:12:11.856+0000] {logging_mixin.py:154} INFO - [2023-12-15T21:12:11.855+0000] {dag.py:3722} INFO - Setting next_dagrun for tutorial_dag to None, run_after=None
[2023-12-15T21:12:12.186+0000] {processor.py:179} INFO - Processing /home/airflow/.local/lib/python3.8/site-packages/airflow/example_dags/tutorial_dag.py took 1.015 seconds
[2023-12-15T21:12:42.858+0000] {processor.py:157} INFO - Started process (PID=307) to work on /home/airflow/.local/lib/python3.8/site-packages/airflow/example_dags/tutorial_dag.py
[2023-12-15T21:12:42.862+0000] {processor.py:829} INFO - Processing file /home/airflow/.local/lib/python3.8/site-packages/airflow/example_dags/tutorial_dag.py for tasks to queue
[2023-12-15T21:12:42.872+0000] {logging_mixin.py:154} INFO - [2023-12-15T21:12:42.871+0000] {dagbag.py:536} INFO - Filling up the DagBag from /home/airflow/.local/lib/python3.8/site-packages/airflow/example_dags/tutorial_dag.py
[2023-12-15T21:12:42.889+0000] {processor.py:839} INFO - DAG(s) dict_keys(['tutorial_dag']) retrieved from /home/airflow/.local/lib/python3.8/site-packages/airflow/example_dags/tutorial_dag.py
[2023-12-15T21:12:42.965+0000] {logging_mixin.py:154} INFO - [2023-12-15T21:12:42.964+0000] {dag.py:2941} INFO - Sync 1 DAGs
[2023-12-15T21:12:43.013+0000] {logging_mixin.py:154} INFO - [2023-12-15T21:12:43.013+0000] {dag.py:3722} INFO - Setting next_dagrun for tutorial_dag to None, run_after=None
[2023-12-15T21:12:43.087+0000] {processor.py:179} INFO - Processing /home/airflow/.local/lib/python3.8/site-packages/airflow/example_dags/tutorial_dag.py took 0.248 seconds
[2023-12-15T21:13:13.271+0000] {processor.py:157} INFO - Started process (PID=362) to work on /home/airflow/.local/lib/python3.8/site-packages/airflow/example_dags/tutorial_dag.py
[2023-12-15T21:13:13.276+0000] {processor.py:829} INFO - Processing file /home/airflow/.local/lib/python3.8/site-packages/airflow/example_dags/tutorial_dag.py for tasks to queue
[2023-12-15T21:13:13.284+0000] {logging_mixin.py:154} INFO - [2023-12-15T21:13:13.284+0000] {dagbag.py:536} INFO - Filling up the DagBag from /home/airflow/.local/lib/python3.8/site-packages/airflow/example_dags/tutorial_dag.py
[2023-12-15T21:13:13.304+0000] {processor.py:839} INFO - DAG(s) dict_keys(['tutorial_dag']) retrieved from /home/airflow/.local/lib/python3.8/site-packages/airflow/example_dags/tutorial_dag.py
[2023-12-15T21:13:13.367+0000] {logging_mixin.py:154} INFO - [2023-12-15T21:13:13.366+0000] {dag.py:2941} INFO - Sync 1 DAGs
[2023-12-15T21:13:13.395+0000] {logging_mixin.py:154} INFO - [2023-12-15T21:13:13.395+0000] {dag.py:3722} INFO - Setting next_dagrun for tutorial_dag to None, run_after=None
[2023-12-15T21:13:13.442+0000] {processor.py:179} INFO - Processing /home/airflow/.local/lib/python3.8/site-packages/airflow/example_dags/tutorial_dag.py took 0.183 seconds
[2023-12-15T21:13:44.868+0000] {processor.py:157} INFO - Started process (PID=418) to work on /home/airflow/.local/lib/python3.8/site-packages/airflow/example_dags/tutorial_dag.py
[2023-12-15T21:13:44.871+0000] {processor.py:829} INFO - Processing file /home/airflow/.local/lib/python3.8/site-packages/airflow/example_dags/tutorial_dag.py for tasks to queue
[2023-12-15T21:13:44.878+0000] {logging_mixin.py:154} INFO - [2023-12-15T21:13:44.877+0000] {dagbag.py:536} INFO - Filling up the DagBag from /home/airflow/.local/lib/python3.8/site-packages/airflow/example_dags/tutorial_dag.py
[2023-12-15T21:13:44.894+0000] {processor.py:839} INFO - DAG(s) dict_keys(['tutorial_dag']) retrieved from /home/airflow/.local/lib/python3.8/site-packages/airflow/example_dags/tutorial_dag.py
[2023-12-15T21:13:44.971+0000] {logging_mixin.py:154} INFO - [2023-12-15T21:13:44.971+0000] {dag.py:2941} INFO - Sync 1 DAGs
[2023-12-15T21:13:45.073+0000] {logging_mixin.py:154} INFO - [2023-12-15T21:13:45.066+0000] {dag.py:3722} INFO - Setting next_dagrun for tutorial_dag to None, run_after=None
[2023-12-15T21:13:45.177+0000] {processor.py:179} INFO - Processing /home/airflow/.local/lib/python3.8/site-packages/airflow/example_dags/tutorial_dag.py took 0.320 seconds
[2023-12-15T21:14:23.976+0000] {processor.py:157} INFO - Started process (PID=482) to work on /home/airflow/.local/lib/python3.8/site-packages/airflow/example_dags/tutorial_dag.py
[2023-12-15T21:14:23.984+0000] {processor.py:829} INFO - Processing file /home/airflow/.local/lib/python3.8/site-packages/airflow/example_dags/tutorial_dag.py for tasks to queue
[2023-12-15T21:14:23.991+0000] {logging_mixin.py:154} INFO - [2023-12-15T21:14:23.989+0000] {dagbag.py:536} INFO - Filling up the DagBag from /home/airflow/.local/lib/python3.8/site-packages/airflow/example_dags/tutorial_dag.py
[2023-12-15T21:14:24.055+0000] {processor.py:839} INFO - DAG(s) dict_keys(['tutorial_dag']) retrieved from /home/airflow/.local/lib/python3.8/site-packages/airflow/example_dags/tutorial_dag.py
[2023-12-15T21:14:24.365+0000] {logging_mixin.py:154} INFO - [2023-12-15T21:14:24.342+0000] {dag.py:2941} INFO - Sync 1 DAGs
[2023-12-15T21:14:24.594+0000] {logging_mixin.py:154} INFO - [2023-12-15T21:14:24.594+0000] {dag.py:3722} INFO - Setting next_dagrun for tutorial_dag to None, run_after=None
[2023-12-15T21:14:24.724+0000] {processor.py:179} INFO - Processing /home/airflow/.local/lib/python3.8/site-packages/airflow/example_dags/tutorial_dag.py took 0.795 seconds
[2023-12-15T21:14:57.053+0000] {processor.py:157} INFO - Started process (PID=534) to work on /home/airflow/.local/lib/python3.8/site-packages/airflow/example_dags/tutorial_dag.py
[2023-12-15T21:14:57.054+0000] {processor.py:829} INFO - Processing file /home/airflow/.local/lib/python3.8/site-packages/airflow/example_dags/tutorial_dag.py for tasks to queue
[2023-12-15T21:14:57.074+0000] {logging_mixin.py:154} INFO - [2023-12-15T21:14:57.073+0000] {dagbag.py:536} INFO - Filling up the DagBag from /home/airflow/.local/lib/python3.8/site-packages/airflow/example_dags/tutorial_dag.py
[2023-12-15T21:14:57.129+0000] {processor.py:839} INFO - DAG(s) dict_keys(['tutorial_dag']) retrieved from /home/airflow/.local/lib/python3.8/site-packages/airflow/example_dags/tutorial_dag.py
[2023-12-15T21:14:57.411+0000] {logging_mixin.py:154} INFO - [2023-12-15T21:14:57.410+0000] {dag.py:2941} INFO - Sync 1 DAGs
[2023-12-15T21:14:57.515+0000] {logging_mixin.py:154} INFO - [2023-12-15T21:14:57.515+0000] {dag.py:3722} INFO - Setting next_dagrun for tutorial_dag to None, run_after=None
[2023-12-15T21:14:57.660+0000] {processor.py:179} INFO - Processing /home/airflow/.local/lib/python3.8/site-packages/airflow/example_dags/tutorial_dag.py took 0.650 seconds
[2023-12-15T21:15:28.009+0000] {processor.py:157} INFO - Started process (PID=589) to work on /home/airflow/.local/lib/python3.8/site-packages/airflow/example_dags/tutorial_dag.py
[2023-12-15T21:15:28.012+0000] {processor.py:829} INFO - Processing file /home/airflow/.local/lib/python3.8/site-packages/airflow/example_dags/tutorial_dag.py for tasks to queue
[2023-12-15T21:15:28.019+0000] {logging_mixin.py:154} INFO - [2023-12-15T21:15:28.018+0000] {dagbag.py:536} INFO - Filling up the DagBag from /home/airflow/.local/lib/python3.8/site-packages/airflow/example_dags/tutorial_dag.py
[2023-12-15T21:15:28.034+0000] {processor.py:839} INFO - DAG(s) dict_keys(['tutorial_dag']) retrieved from /home/airflow/.local/lib/python3.8/site-packages/airflow/example_dags/tutorial_dag.py
[2023-12-15T21:15:28.097+0000] {logging_mixin.py:154} INFO - [2023-12-15T21:15:28.097+0000] {dag.py:2941} INFO - Sync 1 DAGs
[2023-12-15T21:15:28.142+0000] {logging_mixin.py:154} INFO - [2023-12-15T21:15:28.142+0000] {dag.py:3722} INFO - Setting next_dagrun for tutorial_dag to None, run_after=None
[2023-12-15T21:15:28.204+0000] {processor.py:179} INFO - Processing /home/airflow/.local/lib/python3.8/site-packages/airflow/example_dags/tutorial_dag.py took 0.211 seconds
[2023-12-15T21:15:58.378+0000] {processor.py:157} INFO - Started process (PID=644) to work on /home/airflow/.local/lib/python3.8/site-packages/airflow/example_dags/tutorial_dag.py
[2023-12-15T21:15:58.381+0000] {processor.py:829} INFO - Processing file /home/airflow/.local/lib/python3.8/site-packages/airflow/example_dags/tutorial_dag.py for tasks to queue
[2023-12-15T21:15:58.390+0000] {logging_mixin.py:154} INFO - [2023-12-15T21:15:58.389+0000] {dagbag.py:536} INFO - Filling up the DagBag from /home/airflow/.local/lib/python3.8/site-packages/airflow/example_dags/tutorial_dag.py
[2023-12-15T21:15:58.411+0000] {processor.py:839} INFO - DAG(s) dict_keys(['tutorial_dag']) retrieved from /home/airflow/.local/lib/python3.8/site-packages/airflow/example_dags/tutorial_dag.py
[2023-12-15T21:15:58.493+0000] {logging_mixin.py:154} INFO - [2023-12-15T21:15:58.492+0000] {dag.py:2941} INFO - Sync 1 DAGs
[2023-12-15T21:15:58.540+0000] {logging_mixin.py:154} INFO - [2023-12-15T21:15:58.539+0000] {dag.py:3722} INFO - Setting next_dagrun for tutorial_dag to None, run_after=None
[2023-12-15T21:15:58.594+0000] {processor.py:179} INFO - Processing /home/airflow/.local/lib/python3.8/site-packages/airflow/example_dags/tutorial_dag.py took 0.231 seconds
[2023-12-15T21:17:00.884+0000] {processor.py:157} INFO - Started process (PID=714) to work on /home/airflow/.local/lib/python3.8/site-packages/airflow/example_dags/tutorial_dag.py
[2023-12-15T21:17:00.887+0000] {processor.py:829} INFO - Processing file /home/airflow/.local/lib/python3.8/site-packages/airflow/example_dags/tutorial_dag.py for tasks to queue
[2023-12-15T21:17:00.913+0000] {logging_mixin.py:154} INFO - [2023-12-15T21:17:00.913+0000] {dagbag.py:536} INFO - Filling up the DagBag from /home/airflow/.local/lib/python3.8/site-packages/airflow/example_dags/tutorial_dag.py
[2023-12-15T21:17:01.025+0000] {processor.py:839} INFO - DAG(s) dict_keys(['tutorial_dag']) retrieved from /home/airflow/.local/lib/python3.8/site-packages/airflow/example_dags/tutorial_dag.py
[2023-12-15T21:17:01.509+0000] {logging_mixin.py:154} INFO - [2023-12-15T21:17:01.508+0000] {dag.py:2941} INFO - Sync 1 DAGs
[2023-12-15T21:17:01.988+0000] {logging_mixin.py:154} INFO - [2023-12-15T21:17:01.987+0000] {dag.py:3722} INFO - Setting next_dagrun for tutorial_dag to None, run_after=None
[2023-12-15T21:17:02.264+0000] {processor.py:179} INFO - Processing /home/airflow/.local/lib/python3.8/site-packages/airflow/example_dags/tutorial_dag.py took 1.418 seconds
[2023-12-15T21:17:32.698+0000] {processor.py:157} INFO - Started process (PID=769) to work on /home/airflow/.local/lib/python3.8/site-packages/airflow/example_dags/tutorial_dag.py
[2023-12-15T21:17:32.705+0000] {processor.py:829} INFO - Processing file /home/airflow/.local/lib/python3.8/site-packages/airflow/example_dags/tutorial_dag.py for tasks to queue
[2023-12-15T21:17:32.728+0000] {logging_mixin.py:154} INFO - [2023-12-15T21:17:32.727+0000] {dagbag.py:536} INFO - Filling up the DagBag from /home/airflow/.local/lib/python3.8/site-packages/airflow/example_dags/tutorial_dag.py
[2023-12-15T21:17:32.765+0000] {processor.py:839} INFO - DAG(s) dict_keys(['tutorial_dag']) retrieved from /home/airflow/.local/lib/python3.8/site-packages/airflow/example_dags/tutorial_dag.py
[2023-12-15T21:17:32.920+0000] {logging_mixin.py:154} INFO - [2023-12-15T21:17:32.919+0000] {dag.py:2941} INFO - Sync 1 DAGs
[2023-12-15T21:17:33.048+0000] {logging_mixin.py:154} INFO - [2023-12-15T21:17:33.048+0000] {dag.py:3722} INFO - Setting next_dagrun for tutorial_dag to None, run_after=None
[2023-12-15T21:17:33.194+0000] {processor.py:179} INFO - Processing /home/airflow/.local/lib/python3.8/site-packages/airflow/example_dags/tutorial_dag.py took 0.532 seconds
[2023-12-15T21:28:15.361+0000] {processor.py:157} INFO - Started process (PID=89) to work on /home/airflow/.local/lib/python3.8/site-packages/airflow/example_dags/tutorial_dag.py
[2023-12-15T21:28:15.373+0000] {processor.py:829} INFO - Processing file /home/airflow/.local/lib/python3.8/site-packages/airflow/example_dags/tutorial_dag.py for tasks to queue
[2023-12-15T21:28:15.397+0000] {logging_mixin.py:154} INFO - [2023-12-15T21:28:15.396+0000] {dagbag.py:536} INFO - Filling up the DagBag from /home/airflow/.local/lib/python3.8/site-packages/airflow/example_dags/tutorial_dag.py
[2023-12-15T21:28:15.517+0000] {processor.py:839} INFO - DAG(s) dict_keys(['tutorial_dag']) retrieved from /home/airflow/.local/lib/python3.8/site-packages/airflow/example_dags/tutorial_dag.py
[2023-12-15T21:28:16.290+0000] {logging_mixin.py:154} INFO - [2023-12-15T21:28:16.288+0000] {dag.py:2941} INFO - Sync 1 DAGs
[2023-12-15T21:28:16.604+0000] {logging_mixin.py:154} INFO - [2023-12-15T21:28:16.603+0000] {dag.py:3722} INFO - Setting next_dagrun for tutorial_dag to None, run_after=None
[2023-12-15T21:28:16.885+0000] {processor.py:179} INFO - Processing /home/airflow/.local/lib/python3.8/site-packages/airflow/example_dags/tutorial_dag.py took 1.635 seconds
[2023-12-15T21:29:21.431+0000] {processor.py:157} INFO - Started process (PID=152) to work on /home/airflow/.local/lib/python3.8/site-packages/airflow/example_dags/tutorial_dag.py
[2023-12-15T21:29:21.439+0000] {processor.py:829} INFO - Processing file /home/airflow/.local/lib/python3.8/site-packages/airflow/example_dags/tutorial_dag.py for tasks to queue
[2023-12-15T21:29:21.506+0000] {logging_mixin.py:154} INFO - [2023-12-15T21:29:21.505+0000] {dagbag.py:536} INFO - Filling up the DagBag from /home/airflow/.local/lib/python3.8/site-packages/airflow/example_dags/tutorial_dag.py
[2023-12-15T21:29:21.600+0000] {processor.py:839} INFO - DAG(s) dict_keys(['tutorial_dag']) retrieved from /home/airflow/.local/lib/python3.8/site-packages/airflow/example_dags/tutorial_dag.py
[2023-12-15T21:29:21.900+0000] {logging_mixin.py:154} INFO - [2023-12-15T21:29:21.871+0000] {dag.py:2941} INFO - Sync 1 DAGs
[2023-12-15T21:29:22.145+0000] {logging_mixin.py:154} INFO - [2023-12-15T21:29:22.144+0000] {dag.py:3722} INFO - Setting next_dagrun for tutorial_dag to None, run_after=None
[2023-12-15T21:29:22.241+0000] {processor.py:179} INFO - Processing /home/airflow/.local/lib/python3.8/site-packages/airflow/example_dags/tutorial_dag.py took 0.931 seconds
[2023-12-15T21:30:11.023+0000] {processor.py:157} INFO - Started process (PID=215) to work on /home/airflow/.local/lib/python3.8/site-packages/airflow/example_dags/tutorial_dag.py
[2023-12-15T21:30:11.102+0000] {processor.py:829} INFO - Processing file /home/airflow/.local/lib/python3.8/site-packages/airflow/example_dags/tutorial_dag.py for tasks to queue
[2023-12-15T21:30:11.186+0000] {logging_mixin.py:154} INFO - [2023-12-15T21:30:11.186+0000] {dagbag.py:536} INFO - Filling up the DagBag from /home/airflow/.local/lib/python3.8/site-packages/airflow/example_dags/tutorial_dag.py
[2023-12-15T21:30:11.426+0000] {processor.py:839} INFO - DAG(s) dict_keys(['tutorial_dag']) retrieved from /home/airflow/.local/lib/python3.8/site-packages/airflow/example_dags/tutorial_dag.py
[2023-12-15T21:30:11.966+0000] {logging_mixin.py:154} INFO - [2023-12-15T21:30:11.964+0000] {dag.py:2941} INFO - Sync 1 DAGs
[2023-12-15T21:30:12.129+0000] {logging_mixin.py:154} INFO - [2023-12-15T21:30:12.129+0000] {dag.py:3722} INFO - Setting next_dagrun for tutorial_dag to None, run_after=None
[2023-12-15T21:30:12.197+0000] {processor.py:179} INFO - Processing /home/airflow/.local/lib/python3.8/site-packages/airflow/example_dags/tutorial_dag.py took 1.513 seconds
[2023-12-15T21:35:36.287+0000] {processor.py:157} INFO - Started process (PID=76) to work on /home/airflow/.local/lib/python3.8/site-packages/airflow/example_dags/tutorial_dag.py
[2023-12-15T21:35:36.312+0000] {processor.py:829} INFO - Processing file /home/airflow/.local/lib/python3.8/site-packages/airflow/example_dags/tutorial_dag.py for tasks to queue
[2023-12-15T21:35:36.317+0000] {logging_mixin.py:154} INFO - [2023-12-15T21:35:36.316+0000] {dagbag.py:536} INFO - Filling up the DagBag from /home/airflow/.local/lib/python3.8/site-packages/airflow/example_dags/tutorial_dag.py
[2023-12-15T21:35:36.394+0000] {processor.py:839} INFO - DAG(s) dict_keys(['tutorial_dag']) retrieved from /home/airflow/.local/lib/python3.8/site-packages/airflow/example_dags/tutorial_dag.py
[2023-12-15T21:35:36.638+0000] {logging_mixin.py:154} INFO - [2023-12-15T21:35:36.637+0000] {dag.py:2941} INFO - Sync 1 DAGs
[2023-12-15T21:35:36.722+0000] {logging_mixin.py:154} INFO - [2023-12-15T21:35:36.721+0000] {dag.py:3722} INFO - Setting next_dagrun for tutorial_dag to None, run_after=None
[2023-12-15T21:35:36.996+0000] {processor.py:179} INFO - Processing /home/airflow/.local/lib/python3.8/site-packages/airflow/example_dags/tutorial_dag.py took 0.734 seconds
[2023-12-15T21:36:18.033+0000] {processor.py:157} INFO - Started process (PID=131) to work on /home/airflow/.local/lib/python3.8/site-packages/airflow/example_dags/tutorial_dag.py
[2023-12-15T21:36:18.053+0000] {processor.py:829} INFO - Processing file /home/airflow/.local/lib/python3.8/site-packages/airflow/example_dags/tutorial_dag.py for tasks to queue
[2023-12-15T21:36:18.074+0000] {logging_mixin.py:154} INFO - [2023-12-15T21:36:18.073+0000] {dagbag.py:536} INFO - Filling up the DagBag from /home/airflow/.local/lib/python3.8/site-packages/airflow/example_dags/tutorial_dag.py
[2023-12-15T21:36:18.176+0000] {processor.py:839} INFO - DAG(s) dict_keys(['tutorial_dag']) retrieved from /home/airflow/.local/lib/python3.8/site-packages/airflow/example_dags/tutorial_dag.py
[2023-12-15T21:36:18.424+0000] {logging_mixin.py:154} INFO - [2023-12-15T21:36:18.424+0000] {dag.py:2941} INFO - Sync 1 DAGs
[2023-12-15T21:36:18.546+0000] {logging_mixin.py:154} INFO - [2023-12-15T21:36:18.546+0000] {dag.py:3722} INFO - Setting next_dagrun for tutorial_dag to None, run_after=None
[2023-12-15T21:36:18.804+0000] {processor.py:179} INFO - Processing /home/airflow/.local/lib/python3.8/site-packages/airflow/example_dags/tutorial_dag.py took 0.816 seconds
[2023-12-15T21:36:53.099+0000] {processor.py:157} INFO - Started process (PID=187) to work on /home/airflow/.local/lib/python3.8/site-packages/airflow/example_dags/tutorial_dag.py
[2023-12-15T21:36:53.102+0000] {processor.py:829} INFO - Processing file /home/airflow/.local/lib/python3.8/site-packages/airflow/example_dags/tutorial_dag.py for tasks to queue
[2023-12-15T21:36:53.110+0000] {logging_mixin.py:154} INFO - [2023-12-15T21:36:53.109+0000] {dagbag.py:536} INFO - Filling up the DagBag from /home/airflow/.local/lib/python3.8/site-packages/airflow/example_dags/tutorial_dag.py
[2023-12-15T21:36:53.130+0000] {processor.py:839} INFO - DAG(s) dict_keys(['tutorial_dag']) retrieved from /home/airflow/.local/lib/python3.8/site-packages/airflow/example_dags/tutorial_dag.py
[2023-12-15T21:36:53.197+0000] {logging_mixin.py:154} INFO - [2023-12-15T21:36:53.196+0000] {dag.py:2941} INFO - Sync 1 DAGs
[2023-12-15T21:36:53.243+0000] {logging_mixin.py:154} INFO - [2023-12-15T21:36:53.242+0000] {dag.py:3722} INFO - Setting next_dagrun for tutorial_dag to None, run_after=None
[2023-12-15T21:36:53.304+0000] {processor.py:179} INFO - Processing /home/airflow/.local/lib/python3.8/site-packages/airflow/example_dags/tutorial_dag.py took 0.220 seconds
[2023-12-15T21:37:26.798+0000] {processor.py:157} INFO - Started process (PID=243) to work on /home/airflow/.local/lib/python3.8/site-packages/airflow/example_dags/tutorial_dag.py
[2023-12-15T21:37:26.801+0000] {processor.py:829} INFO - Processing file /home/airflow/.local/lib/python3.8/site-packages/airflow/example_dags/tutorial_dag.py for tasks to queue
[2023-12-15T21:37:26.807+0000] {logging_mixin.py:154} INFO - [2023-12-15T21:37:26.807+0000] {dagbag.py:536} INFO - Filling up the DagBag from /home/airflow/.local/lib/python3.8/site-packages/airflow/example_dags/tutorial_dag.py
[2023-12-15T21:37:26.826+0000] {processor.py:839} INFO - DAG(s) dict_keys(['tutorial_dag']) retrieved from /home/airflow/.local/lib/python3.8/site-packages/airflow/example_dags/tutorial_dag.py
[2023-12-15T21:37:26.931+0000] {logging_mixin.py:154} INFO - [2023-12-15T21:37:26.930+0000] {dag.py:2941} INFO - Sync 1 DAGs
[2023-12-15T21:37:26.992+0000] {logging_mixin.py:154} INFO - [2023-12-15T21:37:26.991+0000] {dag.py:3722} INFO - Setting next_dagrun for tutorial_dag to None, run_after=None
[2023-12-15T21:37:27.087+0000] {processor.py:179} INFO - Processing /home/airflow/.local/lib/python3.8/site-packages/airflow/example_dags/tutorial_dag.py took 0.298 seconds
[2023-12-15T21:38:14.371+0000] {processor.py:157} INFO - Started process (PID=298) to work on /home/airflow/.local/lib/python3.8/site-packages/airflow/example_dags/tutorial_dag.py
[2023-12-15T21:38:14.373+0000] {processor.py:829} INFO - Processing file /home/airflow/.local/lib/python3.8/site-packages/airflow/example_dags/tutorial_dag.py for tasks to queue
[2023-12-15T21:38:14.380+0000] {logging_mixin.py:154} INFO - [2023-12-15T21:38:14.379+0000] {dagbag.py:536} INFO - Filling up the DagBag from /home/airflow/.local/lib/python3.8/site-packages/airflow/example_dags/tutorial_dag.py
[2023-12-15T21:38:14.400+0000] {processor.py:839} INFO - DAG(s) dict_keys(['tutorial_dag']) retrieved from /home/airflow/.local/lib/python3.8/site-packages/airflow/example_dags/tutorial_dag.py
[2023-12-15T21:38:14.464+0000] {logging_mixin.py:154} INFO - [2023-12-15T21:38:14.463+0000] {dag.py:2941} INFO - Sync 1 DAGs
[2023-12-15T21:38:14.519+0000] {logging_mixin.py:154} INFO - [2023-12-15T21:38:14.518+0000] {dag.py:3722} INFO - Setting next_dagrun for tutorial_dag to None, run_after=None
[2023-12-15T21:38:14.632+0000] {processor.py:179} INFO - Processing /home/airflow/.local/lib/python3.8/site-packages/airflow/example_dags/tutorial_dag.py took 0.272 seconds
[2023-12-15T21:38:53.798+0000] {processor.py:157} INFO - Started process (PID=361) to work on /home/airflow/.local/lib/python3.8/site-packages/airflow/example_dags/tutorial_dag.py
[2023-12-15T21:38:53.810+0000] {processor.py:829} INFO - Processing file /home/airflow/.local/lib/python3.8/site-packages/airflow/example_dags/tutorial_dag.py for tasks to queue
[2023-12-15T21:38:53.828+0000] {logging_mixin.py:154} INFO - [2023-12-15T21:38:53.818+0000] {dagbag.py:536} INFO - Filling up the DagBag from /home/airflow/.local/lib/python3.8/site-packages/airflow/example_dags/tutorial_dag.py
[2023-12-15T21:38:53.865+0000] {processor.py:839} INFO - DAG(s) dict_keys(['tutorial_dag']) retrieved from /home/airflow/.local/lib/python3.8/site-packages/airflow/example_dags/tutorial_dag.py
[2023-12-15T21:38:54.161+0000] {logging_mixin.py:154} INFO - [2023-12-15T21:38:54.160+0000] {dag.py:2941} INFO - Sync 1 DAGs
[2023-12-15T21:38:54.309+0000] {logging_mixin.py:154} INFO - [2023-12-15T21:38:54.309+0000] {dag.py:3722} INFO - Setting next_dagrun for tutorial_dag to None, run_after=None
[2023-12-15T21:38:54.461+0000] {processor.py:179} INFO - Processing /home/airflow/.local/lib/python3.8/site-packages/airflow/example_dags/tutorial_dag.py took 0.692 seconds
[2023-12-15T21:39:37.915+0000] {processor.py:157} INFO - Started process (PID=417) to work on /home/airflow/.local/lib/python3.8/site-packages/airflow/example_dags/tutorial_dag.py
[2023-12-15T21:39:37.918+0000] {processor.py:829} INFO - Processing file /home/airflow/.local/lib/python3.8/site-packages/airflow/example_dags/tutorial_dag.py for tasks to queue
[2023-12-15T21:39:37.924+0000] {logging_mixin.py:154} INFO - [2023-12-15T21:39:37.923+0000] {dagbag.py:536} INFO - Filling up the DagBag from /home/airflow/.local/lib/python3.8/site-packages/airflow/example_dags/tutorial_dag.py
[2023-12-15T21:39:37.987+0000] {processor.py:839} INFO - DAG(s) dict_keys(['tutorial_dag']) retrieved from /home/airflow/.local/lib/python3.8/site-packages/airflow/example_dags/tutorial_dag.py
[2023-12-15T21:39:38.263+0000] {logging_mixin.py:154} INFO - [2023-12-15T21:39:38.259+0000] {dag.py:2941} INFO - Sync 1 DAGs
[2023-12-15T21:39:38.448+0000] {logging_mixin.py:154} INFO - [2023-12-15T21:39:38.448+0000] {dag.py:3722} INFO - Setting next_dagrun for tutorial_dag to None, run_after=None
[2023-12-15T21:39:38.605+0000] {processor.py:179} INFO - Processing /home/airflow/.local/lib/python3.8/site-packages/airflow/example_dags/tutorial_dag.py took 0.722 seconds
[2023-12-15T21:40:09.618+0000] {processor.py:157} INFO - Started process (PID=467) to work on /home/airflow/.local/lib/python3.8/site-packages/airflow/example_dags/tutorial_dag.py
[2023-12-15T21:40:09.623+0000] {processor.py:829} INFO - Processing file /home/airflow/.local/lib/python3.8/site-packages/airflow/example_dags/tutorial_dag.py for tasks to queue
[2023-12-15T21:40:09.636+0000] {logging_mixin.py:154} INFO - [2023-12-15T21:40:09.635+0000] {dagbag.py:536} INFO - Filling up the DagBag from /home/airflow/.local/lib/python3.8/site-packages/airflow/example_dags/tutorial_dag.py
[2023-12-15T21:40:09.666+0000] {processor.py:839} INFO - DAG(s) dict_keys(['tutorial_dag']) retrieved from /home/airflow/.local/lib/python3.8/site-packages/airflow/example_dags/tutorial_dag.py
[2023-12-15T21:40:09.752+0000] {logging_mixin.py:154} INFO - [2023-12-15T21:40:09.751+0000] {dag.py:2941} INFO - Sync 1 DAGs
[2023-12-15T21:40:09.826+0000] {logging_mixin.py:154} INFO - [2023-12-15T21:40:09.825+0000] {dag.py:3722} INFO - Setting next_dagrun for tutorial_dag to None, run_after=None
[2023-12-15T21:40:09.899+0000] {processor.py:179} INFO - Processing /home/airflow/.local/lib/python3.8/site-packages/airflow/example_dags/tutorial_dag.py took 0.314 seconds
[2023-12-15T21:45:49.585+0000] {processor.py:157} INFO - Started process (PID=84) to work on /home/airflow/.local/lib/python3.8/site-packages/airflow/example_dags/tutorial_dag.py
[2023-12-15T21:45:49.614+0000] {processor.py:829} INFO - Processing file /home/airflow/.local/lib/python3.8/site-packages/airflow/example_dags/tutorial_dag.py for tasks to queue
[2023-12-15T21:45:49.737+0000] {logging_mixin.py:154} INFO - [2023-12-15T21:45:49.736+0000] {dagbag.py:536} INFO - Filling up the DagBag from /home/airflow/.local/lib/python3.8/site-packages/airflow/example_dags/tutorial_dag.py
[2023-12-15T21:45:50.121+0000] {processor.py:839} INFO - DAG(s) dict_keys(['tutorial_dag']) retrieved from /home/airflow/.local/lib/python3.8/site-packages/airflow/example_dags/tutorial_dag.py
[2023-12-15T21:45:50.699+0000] {logging_mixin.py:154} INFO - [2023-12-15T21:45:50.699+0000] {dag.py:2941} INFO - Sync 1 DAGs
[2023-12-15T21:45:51.091+0000] {logging_mixin.py:154} INFO - [2023-12-15T21:45:51.081+0000] {dag.py:3722} INFO - Setting next_dagrun for tutorial_dag to None, run_after=None
[2023-12-15T21:45:51.792+0000] {processor.py:179} INFO - Processing /home/airflow/.local/lib/python3.8/site-packages/airflow/example_dags/tutorial_dag.py took 2.306 seconds
[2023-12-15T21:47:29.351+0000] {processor.py:157} INFO - Started process (PID=154) to work on /home/airflow/.local/lib/python3.8/site-packages/airflow/example_dags/tutorial_dag.py
[2023-12-15T21:47:29.389+0000] {processor.py:829} INFO - Processing file /home/airflow/.local/lib/python3.8/site-packages/airflow/example_dags/tutorial_dag.py for tasks to queue
[2023-12-15T21:47:29.456+0000] {logging_mixin.py:154} INFO - [2023-12-15T21:47:29.455+0000] {dagbag.py:536} INFO - Filling up the DagBag from /home/airflow/.local/lib/python3.8/site-packages/airflow/example_dags/tutorial_dag.py
[2023-12-15T21:47:29.595+0000] {processor.py:839} INFO - DAG(s) dict_keys(['tutorial_dag']) retrieved from /home/airflow/.local/lib/python3.8/site-packages/airflow/example_dags/tutorial_dag.py
[2023-12-15T21:47:30.264+0000] {logging_mixin.py:154} INFO - [2023-12-15T21:47:30.264+0000] {dag.py:2941} INFO - Sync 1 DAGs
[2023-12-15T21:47:30.506+0000] {logging_mixin.py:154} INFO - [2023-12-15T21:47:30.505+0000] {dag.py:3722} INFO - Setting next_dagrun for tutorial_dag to None, run_after=None
[2023-12-15T21:47:30.729+0000] {processor.py:179} INFO - Processing /home/airflow/.local/lib/python3.8/site-packages/airflow/example_dags/tutorial_dag.py took 1.438 seconds
