[2023-12-15T20:50:24.286+0000] {processor.py:157} INFO - Started process (PID=74) to work on /home/airflow/.local/lib/python3.8/site-packages/airflow/example_dags/tutorial_taskflow_api.py
[2023-12-15T20:50:24.287+0000] {processor.py:829} INFO - Processing file /home/airflow/.local/lib/python3.8/site-packages/airflow/example_dags/tutorial_taskflow_api.py for tasks to queue
[2023-12-15T20:50:24.316+0000] {logging_mixin.py:154} INFO - [2023-12-15T20:50:24.315+0000] {dagbag.py:536} INFO - Filling up the DagBag from /home/airflow/.local/lib/python3.8/site-packages/airflow/example_dags/tutorial_taskflow_api.py
[2023-12-15T20:50:24.337+0000] {processor.py:839} INFO - DAG(s) dict_keys(['tutorial_taskflow_api']) retrieved from /home/airflow/.local/lib/python3.8/site-packages/airflow/example_dags/tutorial_taskflow_api.py
[2023-12-15T20:50:24.519+0000] {logging_mixin.py:154} INFO - [2023-12-15T20:50:24.518+0000] {manager.py:499} INFO - Created Permission View: %s
[2023-12-15T20:50:24.532+0000] {logging_mixin.py:154} INFO - [2023-12-15T20:50:24.532+0000] {manager.py:499} INFO - Created Permission View: %s
[2023-12-15T20:50:24.544+0000] {logging_mixin.py:154} INFO - [2023-12-15T20:50:24.543+0000] {manager.py:499} INFO - Created Permission View: %s
[2023-12-15T20:50:24.544+0000] {logging_mixin.py:154} INFO - [2023-12-15T20:50:24.544+0000] {dag.py:2941} INFO - Sync 1 DAGs
[2023-12-15T20:50:24.587+0000] {logging_mixin.py:154} INFO - [2023-12-15T20:50:24.586+0000] {dag.py:2963} INFO - Creating ORM DAG for tutorial_taskflow_api
[2023-12-15T20:50:24.587+0000] {logging_mixin.py:154} INFO - [2023-12-15T20:50:24.587+0000] {dag.py:3722} INFO - Setting next_dagrun for tutorial_taskflow_api to None, run_after=None
[2023-12-15T20:50:24.630+0000] {processor.py:179} INFO - Processing /home/airflow/.local/lib/python3.8/site-packages/airflow/example_dags/tutorial_taskflow_api.py took 0.359 seconds
[2023-12-15T21:11:06.988+0000] {processor.py:157} INFO - Started process (PID=150) to work on /home/airflow/.local/lib/python3.8/site-packages/airflow/example_dags/tutorial_taskflow_api.py
[2023-12-15T21:11:07.020+0000] {processor.py:829} INFO - Processing file /home/airflow/.local/lib/python3.8/site-packages/airflow/example_dags/tutorial_taskflow_api.py for tasks to queue
[2023-12-15T21:11:07.029+0000] {logging_mixin.py:154} INFO - [2023-12-15T21:11:07.028+0000] {dagbag.py:536} INFO - Filling up the DagBag from /home/airflow/.local/lib/python3.8/site-packages/airflow/example_dags/tutorial_taskflow_api.py
[2023-12-15T21:11:07.123+0000] {processor.py:839} INFO - DAG(s) dict_keys(['tutorial_taskflow_api']) retrieved from /home/airflow/.local/lib/python3.8/site-packages/airflow/example_dags/tutorial_taskflow_api.py
[2023-12-15T21:11:08.041+0000] {logging_mixin.py:154} INFO - [2023-12-15T21:11:08.041+0000] {dag.py:2941} INFO - Sync 1 DAGs
[2023-12-15T21:11:08.093+0000] {logging_mixin.py:154} INFO - [2023-12-15T21:11:08.092+0000] {dag.py:3722} INFO - Setting next_dagrun for tutorial_taskflow_api to None, run_after=None
[2023-12-15T21:11:08.149+0000] {processor.py:179} INFO - Processing /home/airflow/.local/lib/python3.8/site-packages/airflow/example_dags/tutorial_taskflow_api.py took 1.582 seconds
[2023-12-15T21:11:40.017+0000] {processor.py:157} INFO - Started process (PID=206) to work on /home/airflow/.local/lib/python3.8/site-packages/airflow/example_dags/tutorial_taskflow_api.py
[2023-12-15T21:11:40.057+0000] {processor.py:829} INFO - Processing file /home/airflow/.local/lib/python3.8/site-packages/airflow/example_dags/tutorial_taskflow_api.py for tasks to queue
[2023-12-15T21:11:40.081+0000] {logging_mixin.py:154} INFO - [2023-12-15T21:11:40.079+0000] {dagbag.py:536} INFO - Filling up the DagBag from /home/airflow/.local/lib/python3.8/site-packages/airflow/example_dags/tutorial_taskflow_api.py
[2023-12-15T21:11:40.171+0000] {processor.py:839} INFO - DAG(s) dict_keys(['tutorial_taskflow_api']) retrieved from /home/airflow/.local/lib/python3.8/site-packages/airflow/example_dags/tutorial_taskflow_api.py
[2023-12-15T21:11:40.744+0000] {logging_mixin.py:154} INFO - [2023-12-15T21:11:40.743+0000] {dag.py:2941} INFO - Sync 1 DAGs
[2023-12-15T21:11:40.857+0000] {logging_mixin.py:154} INFO - [2023-12-15T21:11:40.852+0000] {dag.py:3722} INFO - Setting next_dagrun for tutorial_taskflow_api to None, run_after=None
[2023-12-15T21:11:41.019+0000] {processor.py:179} INFO - Processing /home/airflow/.local/lib/python3.8/site-packages/airflow/example_dags/tutorial_taskflow_api.py took 1.122 seconds
[2023-12-15T21:12:23.964+0000] {processor.py:157} INFO - Started process (PID=273) to work on /home/airflow/.local/lib/python3.8/site-packages/airflow/example_dags/tutorial_taskflow_api.py
[2023-12-15T21:12:23.970+0000] {processor.py:829} INFO - Processing file /home/airflow/.local/lib/python3.8/site-packages/airflow/example_dags/tutorial_taskflow_api.py for tasks to queue
[2023-12-15T21:12:23.975+0000] {logging_mixin.py:154} INFO - [2023-12-15T21:12:23.975+0000] {dagbag.py:536} INFO - Filling up the DagBag from /home/airflow/.local/lib/python3.8/site-packages/airflow/example_dags/tutorial_taskflow_api.py
[2023-12-15T21:12:24.021+0000] {processor.py:839} INFO - DAG(s) dict_keys(['tutorial_taskflow_api']) retrieved from /home/airflow/.local/lib/python3.8/site-packages/airflow/example_dags/tutorial_taskflow_api.py
[2023-12-15T21:12:24.236+0000] {logging_mixin.py:154} INFO - [2023-12-15T21:12:24.236+0000] {dag.py:2941} INFO - Sync 1 DAGs
[2023-12-15T21:12:24.608+0000] {logging_mixin.py:154} INFO - [2023-12-15T21:12:24.546+0000] {dag.py:3722} INFO - Setting next_dagrun for tutorial_taskflow_api to None, run_after=None
[2023-12-15T21:12:24.882+0000] {processor.py:179} INFO - Processing /home/airflow/.local/lib/python3.8/site-packages/airflow/example_dags/tutorial_taskflow_api.py took 0.939 seconds
[2023-12-15T21:12:55.150+0000] {processor.py:157} INFO - Started process (PID=329) to work on /home/airflow/.local/lib/python3.8/site-packages/airflow/example_dags/tutorial_taskflow_api.py
[2023-12-15T21:12:55.153+0000] {processor.py:829} INFO - Processing file /home/airflow/.local/lib/python3.8/site-packages/airflow/example_dags/tutorial_taskflow_api.py for tasks to queue
[2023-12-15T21:12:55.169+0000] {logging_mixin.py:154} INFO - [2023-12-15T21:12:55.168+0000] {dagbag.py:536} INFO - Filling up the DagBag from /home/airflow/.local/lib/python3.8/site-packages/airflow/example_dags/tutorial_taskflow_api.py
[2023-12-15T21:12:55.259+0000] {processor.py:839} INFO - DAG(s) dict_keys(['tutorial_taskflow_api']) retrieved from /home/airflow/.local/lib/python3.8/site-packages/airflow/example_dags/tutorial_taskflow_api.py
[2023-12-15T21:12:55.701+0000] {logging_mixin.py:154} INFO - [2023-12-15T21:12:55.700+0000] {dag.py:2941} INFO - Sync 1 DAGs
[2023-12-15T21:12:55.925+0000] {logging_mixin.py:154} INFO - [2023-12-15T21:12:55.925+0000] {dag.py:3722} INFO - Setting next_dagrun for tutorial_taskflow_api to None, run_after=None
[2023-12-15T21:12:56.112+0000] {processor.py:179} INFO - Processing /home/airflow/.local/lib/python3.8/site-packages/airflow/example_dags/tutorial_taskflow_api.py took 0.973 seconds
[2023-12-15T21:13:26.624+0000] {processor.py:157} INFO - Started process (PID=385) to work on /home/airflow/.local/lib/python3.8/site-packages/airflow/example_dags/tutorial_taskflow_api.py
[2023-12-15T21:13:26.641+0000] {processor.py:829} INFO - Processing file /home/airflow/.local/lib/python3.8/site-packages/airflow/example_dags/tutorial_taskflow_api.py for tasks to queue
[2023-12-15T21:13:26.684+0000] {logging_mixin.py:154} INFO - [2023-12-15T21:13:26.683+0000] {dagbag.py:536} INFO - Filling up the DagBag from /home/airflow/.local/lib/python3.8/site-packages/airflow/example_dags/tutorial_taskflow_api.py
[2023-12-15T21:13:26.888+0000] {processor.py:839} INFO - DAG(s) dict_keys(['tutorial_taskflow_api']) retrieved from /home/airflow/.local/lib/python3.8/site-packages/airflow/example_dags/tutorial_taskflow_api.py
[2023-12-15T21:13:27.678+0000] {logging_mixin.py:154} INFO - [2023-12-15T21:13:27.678+0000] {dag.py:2941} INFO - Sync 1 DAGs
[2023-12-15T21:13:27.815+0000] {logging_mixin.py:154} INFO - [2023-12-15T21:13:27.814+0000] {dag.py:3722} INFO - Setting next_dagrun for tutorial_taskflow_api to None, run_after=None
[2023-12-15T21:13:27.945+0000] {processor.py:179} INFO - Processing /home/airflow/.local/lib/python3.8/site-packages/airflow/example_dags/tutorial_taskflow_api.py took 1.341 seconds
[2023-12-15T21:13:58.328+0000] {processor.py:157} INFO - Started process (PID=440) to work on /home/airflow/.local/lib/python3.8/site-packages/airflow/example_dags/tutorial_taskflow_api.py
[2023-12-15T21:13:58.332+0000] {processor.py:829} INFO - Processing file /home/airflow/.local/lib/python3.8/site-packages/airflow/example_dags/tutorial_taskflow_api.py for tasks to queue
[2023-12-15T21:13:58.349+0000] {logging_mixin.py:154} INFO - [2023-12-15T21:13:58.342+0000] {dagbag.py:536} INFO - Filling up the DagBag from /home/airflow/.local/lib/python3.8/site-packages/airflow/example_dags/tutorial_taskflow_api.py
[2023-12-15T21:13:58.386+0000] {processor.py:839} INFO - DAG(s) dict_keys(['tutorial_taskflow_api']) retrieved from /home/airflow/.local/lib/python3.8/site-packages/airflow/example_dags/tutorial_taskflow_api.py
[2023-12-15T21:13:58.455+0000] {logging_mixin.py:154} INFO - [2023-12-15T21:13:58.454+0000] {dag.py:2941} INFO - Sync 1 DAGs
[2023-12-15T21:13:58.488+0000] {logging_mixin.py:154} INFO - [2023-12-15T21:13:58.488+0000] {dag.py:3722} INFO - Setting next_dagrun for tutorial_taskflow_api to None, run_after=None
[2023-12-15T21:13:58.561+0000] {processor.py:179} INFO - Processing /home/airflow/.local/lib/python3.8/site-packages/airflow/example_dags/tutorial_taskflow_api.py took 0.257 seconds
[2023-12-15T21:14:29.377+0000] {processor.py:157} INFO - Started process (PID=497) to work on /home/airflow/.local/lib/python3.8/site-packages/airflow/example_dags/tutorial_taskflow_api.py
[2023-12-15T21:14:29.405+0000] {processor.py:829} INFO - Processing file /home/airflow/.local/lib/python3.8/site-packages/airflow/example_dags/tutorial_taskflow_api.py for tasks to queue
[2023-12-15T21:14:29.411+0000] {logging_mixin.py:154} INFO - [2023-12-15T21:14:29.411+0000] {dagbag.py:536} INFO - Filling up the DagBag from /home/airflow/.local/lib/python3.8/site-packages/airflow/example_dags/tutorial_taskflow_api.py
[2023-12-15T21:14:29.440+0000] {processor.py:839} INFO - DAG(s) dict_keys(['tutorial_taskflow_api']) retrieved from /home/airflow/.local/lib/python3.8/site-packages/airflow/example_dags/tutorial_taskflow_api.py
[2023-12-15T21:14:29.498+0000] {logging_mixin.py:154} INFO - [2023-12-15T21:14:29.497+0000] {dag.py:2941} INFO - Sync 1 DAGs
[2023-12-15T21:14:29.534+0000] {logging_mixin.py:154} INFO - [2023-12-15T21:14:29.534+0000] {dag.py:3722} INFO - Setting next_dagrun for tutorial_taskflow_api to None, run_after=None
[2023-12-15T21:14:29.585+0000] {processor.py:179} INFO - Processing /home/airflow/.local/lib/python3.8/site-packages/airflow/example_dags/tutorial_taskflow_api.py took 0.248 seconds
[2023-12-15T21:15:03.677+0000] {processor.py:157} INFO - Started process (PID=554) to work on /home/airflow/.local/lib/python3.8/site-packages/airflow/example_dags/tutorial_taskflow_api.py
[2023-12-15T21:15:03.679+0000] {processor.py:829} INFO - Processing file /home/airflow/.local/lib/python3.8/site-packages/airflow/example_dags/tutorial_taskflow_api.py for tasks to queue
[2023-12-15T21:15:03.688+0000] {logging_mixin.py:154} INFO - [2023-12-15T21:15:03.687+0000] {dagbag.py:536} INFO - Filling up the DagBag from /home/airflow/.local/lib/python3.8/site-packages/airflow/example_dags/tutorial_taskflow_api.py
[2023-12-15T21:15:03.708+0000] {processor.py:839} INFO - DAG(s) dict_keys(['tutorial_taskflow_api']) retrieved from /home/airflow/.local/lib/python3.8/site-packages/airflow/example_dags/tutorial_taskflow_api.py
[2023-12-15T21:15:03.771+0000] {logging_mixin.py:154} INFO - [2023-12-15T21:15:03.771+0000] {dag.py:2941} INFO - Sync 1 DAGs
[2023-12-15T21:15:03.810+0000] {logging_mixin.py:154} INFO - [2023-12-15T21:15:03.809+0000] {dag.py:3722} INFO - Setting next_dagrun for tutorial_taskflow_api to None, run_after=None
[2023-12-15T21:15:03.872+0000] {processor.py:179} INFO - Processing /home/airflow/.local/lib/python3.8/site-packages/airflow/example_dags/tutorial_taskflow_api.py took 0.204 seconds
[2023-12-15T21:15:40.988+0000] {processor.py:157} INFO - Started process (PID=611) to work on /home/airflow/.local/lib/python3.8/site-packages/airflow/example_dags/tutorial_taskflow_api.py
[2023-12-15T21:15:41.004+0000] {processor.py:829} INFO - Processing file /home/airflow/.local/lib/python3.8/site-packages/airflow/example_dags/tutorial_taskflow_api.py for tasks to queue
[2023-12-15T21:15:41.028+0000] {logging_mixin.py:154} INFO - [2023-12-15T21:15:41.027+0000] {dagbag.py:536} INFO - Filling up the DagBag from /home/airflow/.local/lib/python3.8/site-packages/airflow/example_dags/tutorial_taskflow_api.py
[2023-12-15T21:15:41.101+0000] {processor.py:839} INFO - DAG(s) dict_keys(['tutorial_taskflow_api']) retrieved from /home/airflow/.local/lib/python3.8/site-packages/airflow/example_dags/tutorial_taskflow_api.py
[2023-12-15T21:15:41.230+0000] {logging_mixin.py:154} INFO - [2023-12-15T21:15:41.229+0000] {dag.py:2941} INFO - Sync 1 DAGs
[2023-12-15T21:15:41.308+0000] {logging_mixin.py:154} INFO - [2023-12-15T21:15:41.308+0000] {dag.py:3722} INFO - Setting next_dagrun for tutorial_taskflow_api to None, run_after=None
[2023-12-15T21:15:41.405+0000] {processor.py:179} INFO - Processing /home/airflow/.local/lib/python3.8/site-packages/airflow/example_dags/tutorial_taskflow_api.py took 0.439 seconds
[2023-12-15T21:16:17.606+0000] {processor.py:157} INFO - Started process (PID=667) to work on /home/airflow/.local/lib/python3.8/site-packages/airflow/example_dags/tutorial_taskflow_api.py
[2023-12-15T21:16:17.625+0000] {processor.py:829} INFO - Processing file /home/airflow/.local/lib/python3.8/site-packages/airflow/example_dags/tutorial_taskflow_api.py for tasks to queue
[2023-12-15T21:16:17.698+0000] {logging_mixin.py:154} INFO - [2023-12-15T21:16:17.697+0000] {dagbag.py:536} INFO - Filling up the DagBag from /home/airflow/.local/lib/python3.8/site-packages/airflow/example_dags/tutorial_taskflow_api.py
[2023-12-15T21:16:17.828+0000] {processor.py:839} INFO - DAG(s) dict_keys(['tutorial_taskflow_api']) retrieved from /home/airflow/.local/lib/python3.8/site-packages/airflow/example_dags/tutorial_taskflow_api.py
[2023-12-15T21:16:18.263+0000] {logging_mixin.py:154} INFO - [2023-12-15T21:16:18.263+0000] {dag.py:2941} INFO - Sync 1 DAGs
[2023-12-15T21:16:18.710+0000] {logging_mixin.py:154} INFO - [2023-12-15T21:16:18.709+0000] {dag.py:3722} INFO - Setting next_dagrun for tutorial_taskflow_api to None, run_after=None
[2023-12-15T21:16:18.868+0000] {processor.py:179} INFO - Processing /home/airflow/.local/lib/python3.8/site-packages/airflow/example_dags/tutorial_taskflow_api.py took 1.372 seconds
[2023-12-15T21:17:11.805+0000] {processor.py:157} INFO - Started process (PID=734) to work on /home/airflow/.local/lib/python3.8/site-packages/airflow/example_dags/tutorial_taskflow_api.py
[2023-12-15T21:17:11.807+0000] {processor.py:829} INFO - Processing file /home/airflow/.local/lib/python3.8/site-packages/airflow/example_dags/tutorial_taskflow_api.py for tasks to queue
[2023-12-15T21:17:11.813+0000] {logging_mixin.py:154} INFO - [2023-12-15T21:17:11.812+0000] {dagbag.py:536} INFO - Filling up the DagBag from /home/airflow/.local/lib/python3.8/site-packages/airflow/example_dags/tutorial_taskflow_api.py
[2023-12-15T21:17:11.829+0000] {processor.py:839} INFO - DAG(s) dict_keys(['tutorial_taskflow_api']) retrieved from /home/airflow/.local/lib/python3.8/site-packages/airflow/example_dags/tutorial_taskflow_api.py
[2023-12-15T21:17:12.022+0000] {logging_mixin.py:154} INFO - [2023-12-15T21:17:12.022+0000] {dag.py:2941} INFO - Sync 1 DAGs
[2023-12-15T21:17:12.083+0000] {logging_mixin.py:154} INFO - [2023-12-15T21:17:12.081+0000] {dag.py:3722} INFO - Setting next_dagrun for tutorial_taskflow_api to None, run_after=None
[2023-12-15T21:17:12.356+0000] {processor.py:179} INFO - Processing /home/airflow/.local/lib/python3.8/site-packages/airflow/example_dags/tutorial_taskflow_api.py took 0.565 seconds
[2023-12-15T21:17:50.548+0000] {processor.py:157} INFO - Started process (PID=792) to work on /home/airflow/.local/lib/python3.8/site-packages/airflow/example_dags/tutorial_taskflow_api.py
[2023-12-15T21:17:50.560+0000] {processor.py:829} INFO - Processing file /home/airflow/.local/lib/python3.8/site-packages/airflow/example_dags/tutorial_taskflow_api.py for tasks to queue
[2023-12-15T21:17:50.583+0000] {logging_mixin.py:154} INFO - [2023-12-15T21:17:50.569+0000] {dagbag.py:536} INFO - Filling up the DagBag from /home/airflow/.local/lib/python3.8/site-packages/airflow/example_dags/tutorial_taskflow_api.py
[2023-12-15T21:17:50.643+0000] {processor.py:839} INFO - DAG(s) dict_keys(['tutorial_taskflow_api']) retrieved from /home/airflow/.local/lib/python3.8/site-packages/airflow/example_dags/tutorial_taskflow_api.py
[2023-12-15T21:17:50.826+0000] {logging_mixin.py:154} INFO - [2023-12-15T21:17:50.825+0000] {dag.py:2941} INFO - Sync 1 DAGs
[2023-12-15T21:17:50.908+0000] {logging_mixin.py:154} INFO - [2023-12-15T21:17:50.907+0000] {dag.py:3722} INFO - Setting next_dagrun for tutorial_taskflow_api to None, run_after=None
[2023-12-15T21:17:51.093+0000] {processor.py:179} INFO - Processing /home/airflow/.local/lib/python3.8/site-packages/airflow/example_dags/tutorial_taskflow_api.py took 0.595 seconds
[2023-12-15T21:28:25.581+0000] {processor.py:157} INFO - Started process (PID=100) to work on /home/airflow/.local/lib/python3.8/site-packages/airflow/example_dags/tutorial_taskflow_api.py
[2023-12-15T21:28:25.593+0000] {processor.py:829} INFO - Processing file /home/airflow/.local/lib/python3.8/site-packages/airflow/example_dags/tutorial_taskflow_api.py for tasks to queue
[2023-12-15T21:28:25.620+0000] {logging_mixin.py:154} INFO - [2023-12-15T21:28:25.620+0000] {dagbag.py:536} INFO - Filling up the DagBag from /home/airflow/.local/lib/python3.8/site-packages/airflow/example_dags/tutorial_taskflow_api.py
[2023-12-15T21:28:25.816+0000] {processor.py:839} INFO - DAG(s) dict_keys(['tutorial_taskflow_api']) retrieved from /home/airflow/.local/lib/python3.8/site-packages/airflow/example_dags/tutorial_taskflow_api.py
[2023-12-15T21:28:26.354+0000] {logging_mixin.py:154} INFO - [2023-12-15T21:28:26.354+0000] {dag.py:2941} INFO - Sync 1 DAGs
[2023-12-15T21:28:26.775+0000] {logging_mixin.py:154} INFO - [2023-12-15T21:28:26.775+0000] {dag.py:3722} INFO - Setting next_dagrun for tutorial_taskflow_api to None, run_after=None
[2023-12-15T21:28:27.274+0000] {processor.py:179} INFO - Processing /home/airflow/.local/lib/python3.8/site-packages/airflow/example_dags/tutorial_taskflow_api.py took 1.768 seconds
[2023-12-15T21:29:29.971+0000] {processor.py:157} INFO - Started process (PID=163) to work on /home/airflow/.local/lib/python3.8/site-packages/airflow/example_dags/tutorial_taskflow_api.py
[2023-12-15T21:29:29.989+0000] {processor.py:829} INFO - Processing file /home/airflow/.local/lib/python3.8/site-packages/airflow/example_dags/tutorial_taskflow_api.py for tasks to queue
[2023-12-15T21:29:30.048+0000] {logging_mixin.py:154} INFO - [2023-12-15T21:29:30.038+0000] {dagbag.py:536} INFO - Filling up the DagBag from /home/airflow/.local/lib/python3.8/site-packages/airflow/example_dags/tutorial_taskflow_api.py
[2023-12-15T21:29:30.201+0000] {processor.py:839} INFO - DAG(s) dict_keys(['tutorial_taskflow_api']) retrieved from /home/airflow/.local/lib/python3.8/site-packages/airflow/example_dags/tutorial_taskflow_api.py
[2023-12-15T21:29:30.505+0000] {logging_mixin.py:154} INFO - [2023-12-15T21:29:30.504+0000] {dag.py:2941} INFO - Sync 1 DAGs
[2023-12-15T21:29:30.676+0000] {logging_mixin.py:154} INFO - [2023-12-15T21:29:30.676+0000] {dag.py:3722} INFO - Setting next_dagrun for tutorial_taskflow_api to None, run_after=None
[2023-12-15T21:29:30.837+0000] {processor.py:179} INFO - Processing /home/airflow/.local/lib/python3.8/site-packages/airflow/example_dags/tutorial_taskflow_api.py took 0.940 seconds
[2023-12-15T21:30:25.825+0000] {processor.py:157} INFO - Started process (PID=227) to work on /home/airflow/.local/lib/python3.8/site-packages/airflow/example_dags/tutorial_taskflow_api.py
[2023-12-15T21:30:25.828+0000] {processor.py:829} INFO - Processing file /home/airflow/.local/lib/python3.8/site-packages/airflow/example_dags/tutorial_taskflow_api.py for tasks to queue
[2023-12-15T21:30:25.842+0000] {logging_mixin.py:154} INFO - [2023-12-15T21:30:25.842+0000] {dagbag.py:536} INFO - Filling up the DagBag from /home/airflow/.local/lib/python3.8/site-packages/airflow/example_dags/tutorial_taskflow_api.py
[2023-12-15T21:30:25.952+0000] {processor.py:839} INFO - DAG(s) dict_keys(['tutorial_taskflow_api']) retrieved from /home/airflow/.local/lib/python3.8/site-packages/airflow/example_dags/tutorial_taskflow_api.py
[2023-12-15T21:30:26.205+0000] {logging_mixin.py:154} INFO - [2023-12-15T21:30:26.205+0000] {dag.py:2941} INFO - Sync 1 DAGs
[2023-12-15T21:30:26.390+0000] {logging_mixin.py:154} INFO - [2023-12-15T21:30:26.390+0000] {dag.py:3722} INFO - Setting next_dagrun for tutorial_taskflow_api to None, run_after=None
[2023-12-15T21:30:26.604+0000] {processor.py:179} INFO - Processing /home/airflow/.local/lib/python3.8/site-packages/airflow/example_dags/tutorial_taskflow_api.py took 0.851 seconds
[2023-12-15T21:35:44.799+0000] {processor.py:157} INFO - Started process (PID=87) to work on /home/airflow/.local/lib/python3.8/site-packages/airflow/example_dags/tutorial_taskflow_api.py
[2023-12-15T21:35:44.816+0000] {processor.py:829} INFO - Processing file /home/airflow/.local/lib/python3.8/site-packages/airflow/example_dags/tutorial_taskflow_api.py for tasks to queue
[2023-12-15T21:35:44.821+0000] {logging_mixin.py:154} INFO - [2023-12-15T21:35:44.821+0000] {dagbag.py:536} INFO - Filling up the DagBag from /home/airflow/.local/lib/python3.8/site-packages/airflow/example_dags/tutorial_taskflow_api.py
[2023-12-15T21:35:44.935+0000] {processor.py:839} INFO - DAG(s) dict_keys(['tutorial_taskflow_api']) retrieved from /home/airflow/.local/lib/python3.8/site-packages/airflow/example_dags/tutorial_taskflow_api.py
[2023-12-15T21:35:45.198+0000] {logging_mixin.py:154} INFO - [2023-12-15T21:35:45.198+0000] {dag.py:2941} INFO - Sync 1 DAGs
[2023-12-15T21:35:45.353+0000] {logging_mixin.py:154} INFO - [2023-12-15T21:35:45.352+0000] {dag.py:3722} INFO - Setting next_dagrun for tutorial_taskflow_api to None, run_after=None
[2023-12-15T21:35:45.546+0000] {processor.py:179} INFO - Processing /home/airflow/.local/lib/python3.8/site-packages/airflow/example_dags/tutorial_taskflow_api.py took 0.795 seconds
[2023-12-15T21:36:25.821+0000] {processor.py:157} INFO - Started process (PID=142) to work on /home/airflow/.local/lib/python3.8/site-packages/airflow/example_dags/tutorial_taskflow_api.py
[2023-12-15T21:36:25.825+0000] {processor.py:829} INFO - Processing file /home/airflow/.local/lib/python3.8/site-packages/airflow/example_dags/tutorial_taskflow_api.py for tasks to queue
[2023-12-15T21:36:25.843+0000] {logging_mixin.py:154} INFO - [2023-12-15T21:36:25.838+0000] {dagbag.py:536} INFO - Filling up the DagBag from /home/airflow/.local/lib/python3.8/site-packages/airflow/example_dags/tutorial_taskflow_api.py
[2023-12-15T21:36:26.047+0000] {processor.py:839} INFO - DAG(s) dict_keys(['tutorial_taskflow_api']) retrieved from /home/airflow/.local/lib/python3.8/site-packages/airflow/example_dags/tutorial_taskflow_api.py
[2023-12-15T21:36:27.364+0000] {logging_mixin.py:154} INFO - [2023-12-15T21:36:27.363+0000] {dag.py:2941} INFO - Sync 1 DAGs
[2023-12-15T21:36:27.773+0000] {logging_mixin.py:154} INFO - [2023-12-15T21:36:27.772+0000] {dag.py:3722} INFO - Setting next_dagrun for tutorial_taskflow_api to None, run_after=None
[2023-12-15T21:36:28.017+0000] {processor.py:179} INFO - Processing /home/airflow/.local/lib/python3.8/site-packages/airflow/example_dags/tutorial_taskflow_api.py took 2.240 seconds
[2023-12-15T21:36:58.599+0000] {processor.py:157} INFO - Started process (PID=204) to work on /home/airflow/.local/lib/python3.8/site-packages/airflow/example_dags/tutorial_taskflow_api.py
[2023-12-15T21:36:58.628+0000] {processor.py:829} INFO - Processing file /home/airflow/.local/lib/python3.8/site-packages/airflow/example_dags/tutorial_taskflow_api.py for tasks to queue
[2023-12-15T21:36:58.685+0000] {logging_mixin.py:154} INFO - [2023-12-15T21:36:58.654+0000] {dagbag.py:536} INFO - Filling up the DagBag from /home/airflow/.local/lib/python3.8/site-packages/airflow/example_dags/tutorial_taskflow_api.py
[2023-12-15T21:36:58.759+0000] {processor.py:839} INFO - DAG(s) dict_keys(['tutorial_taskflow_api']) retrieved from /home/airflow/.local/lib/python3.8/site-packages/airflow/example_dags/tutorial_taskflow_api.py
[2023-12-15T21:36:58.890+0000] {logging_mixin.py:154} INFO - [2023-12-15T21:36:58.889+0000] {dag.py:2941} INFO - Sync 1 DAGs
[2023-12-15T21:36:58.945+0000] {logging_mixin.py:154} INFO - [2023-12-15T21:36:58.944+0000] {dag.py:3722} INFO - Setting next_dagrun for tutorial_taskflow_api to None, run_after=None
[2023-12-15T21:36:58.997+0000] {processor.py:179} INFO - Processing /home/airflow/.local/lib/python3.8/site-packages/airflow/example_dags/tutorial_taskflow_api.py took 0.501 seconds
[2023-12-15T21:37:29.816+0000] {processor.py:157} INFO - Started process (PID=260) to work on /home/airflow/.local/lib/python3.8/site-packages/airflow/example_dags/tutorial_taskflow_api.py
[2023-12-15T21:37:29.824+0000] {processor.py:829} INFO - Processing file /home/airflow/.local/lib/python3.8/site-packages/airflow/example_dags/tutorial_taskflow_api.py for tasks to queue
[2023-12-15T21:37:29.835+0000] {logging_mixin.py:154} INFO - [2023-12-15T21:37:29.834+0000] {dagbag.py:536} INFO - Filling up the DagBag from /home/airflow/.local/lib/python3.8/site-packages/airflow/example_dags/tutorial_taskflow_api.py
[2023-12-15T21:37:29.861+0000] {processor.py:839} INFO - DAG(s) dict_keys(['tutorial_taskflow_api']) retrieved from /home/airflow/.local/lib/python3.8/site-packages/airflow/example_dags/tutorial_taskflow_api.py
[2023-12-15T21:37:29.929+0000] {logging_mixin.py:154} INFO - [2023-12-15T21:37:29.929+0000] {dag.py:2941} INFO - Sync 1 DAGs
[2023-12-15T21:37:29.968+0000] {logging_mixin.py:154} INFO - [2023-12-15T21:37:29.967+0000] {dag.py:3722} INFO - Setting next_dagrun for tutorial_taskflow_api to None, run_after=None
[2023-12-15T21:37:30.014+0000] {processor.py:179} INFO - Processing /home/airflow/.local/lib/python3.8/site-packages/airflow/example_dags/tutorial_taskflow_api.py took 0.224 seconds
[2023-12-15T21:38:16.987+0000] {processor.py:157} INFO - Started process (PID=309) to work on /home/airflow/.local/lib/python3.8/site-packages/airflow/example_dags/tutorial_taskflow_api.py
[2023-12-15T21:38:16.993+0000] {processor.py:829} INFO - Processing file /home/airflow/.local/lib/python3.8/site-packages/airflow/example_dags/tutorial_taskflow_api.py for tasks to queue
[2023-12-15T21:38:17.013+0000] {logging_mixin.py:154} INFO - [2023-12-15T21:38:17.012+0000] {dagbag.py:536} INFO - Filling up the DagBag from /home/airflow/.local/lib/python3.8/site-packages/airflow/example_dags/tutorial_taskflow_api.py
[2023-12-15T21:38:17.046+0000] {processor.py:839} INFO - DAG(s) dict_keys(['tutorial_taskflow_api']) retrieved from /home/airflow/.local/lib/python3.8/site-packages/airflow/example_dags/tutorial_taskflow_api.py
[2023-12-15T21:38:17.120+0000] {logging_mixin.py:154} INFO - [2023-12-15T21:38:17.119+0000] {dag.py:2941} INFO - Sync 1 DAGs
[2023-12-15T21:38:17.171+0000] {logging_mixin.py:154} INFO - [2023-12-15T21:38:17.171+0000] {dag.py:3722} INFO - Setting next_dagrun for tutorial_taskflow_api to None, run_after=None
[2023-12-15T21:38:17.261+0000] {processor.py:179} INFO - Processing /home/airflow/.local/lib/python3.8/site-packages/airflow/example_dags/tutorial_taskflow_api.py took 0.312 seconds
[2023-12-15T21:39:08.293+0000] {processor.py:157} INFO - Started process (PID=372) to work on /home/airflow/.local/lib/python3.8/site-packages/airflow/example_dags/tutorial_taskflow_api.py
[2023-12-15T21:39:08.309+0000] {processor.py:829} INFO - Processing file /home/airflow/.local/lib/python3.8/site-packages/airflow/example_dags/tutorial_taskflow_api.py for tasks to queue
[2023-12-15T21:39:08.338+0000] {logging_mixin.py:154} INFO - [2023-12-15T21:39:08.338+0000] {dagbag.py:536} INFO - Filling up the DagBag from /home/airflow/.local/lib/python3.8/site-packages/airflow/example_dags/tutorial_taskflow_api.py
[2023-12-15T21:39:08.577+0000] {processor.py:839} INFO - DAG(s) dict_keys(['tutorial_taskflow_api']) retrieved from /home/airflow/.local/lib/python3.8/site-packages/airflow/example_dags/tutorial_taskflow_api.py
[2023-12-15T21:39:09.258+0000] {logging_mixin.py:154} INFO - [2023-12-15T21:39:09.257+0000] {dag.py:2941} INFO - Sync 1 DAGs
[2023-12-15T21:39:09.933+0000] {logging_mixin.py:154} INFO - [2023-12-15T21:39:09.933+0000] {dag.py:3722} INFO - Setting next_dagrun for tutorial_taskflow_api to None, run_after=None
[2023-12-15T21:39:10.845+0000] {processor.py:179} INFO - Processing /home/airflow/.local/lib/python3.8/site-packages/airflow/example_dags/tutorial_taskflow_api.py took 2.631 seconds
[2023-12-15T21:39:44.316+0000] {processor.py:157} INFO - Started process (PID=428) to work on /home/airflow/.local/lib/python3.8/site-packages/airflow/example_dags/tutorial_taskflow_api.py
[2023-12-15T21:39:44.324+0000] {processor.py:829} INFO - Processing file /home/airflow/.local/lib/python3.8/site-packages/airflow/example_dags/tutorial_taskflow_api.py for tasks to queue
[2023-12-15T21:39:44.346+0000] {logging_mixin.py:154} INFO - [2023-12-15T21:39:44.345+0000] {dagbag.py:536} INFO - Filling up the DagBag from /home/airflow/.local/lib/python3.8/site-packages/airflow/example_dags/tutorial_taskflow_api.py
[2023-12-15T21:39:44.393+0000] {processor.py:839} INFO - DAG(s) dict_keys(['tutorial_taskflow_api']) retrieved from /home/airflow/.local/lib/python3.8/site-packages/airflow/example_dags/tutorial_taskflow_api.py
[2023-12-15T21:39:44.632+0000] {logging_mixin.py:154} INFO - [2023-12-15T21:39:44.631+0000] {dag.py:2941} INFO - Sync 1 DAGs
[2023-12-15T21:39:44.737+0000] {logging_mixin.py:154} INFO - [2023-12-15T21:39:44.731+0000] {dag.py:3722} INFO - Setting next_dagrun for tutorial_taskflow_api to None, run_after=None
[2023-12-15T21:39:44.913+0000] {processor.py:179} INFO - Processing /home/airflow/.local/lib/python3.8/site-packages/airflow/example_dags/tutorial_taskflow_api.py took 0.638 seconds
[2023-12-15T21:40:15.945+0000] {processor.py:157} INFO - Started process (PID=484) to work on /home/airflow/.local/lib/python3.8/site-packages/airflow/example_dags/tutorial_taskflow_api.py
[2023-12-15T21:40:15.952+0000] {processor.py:829} INFO - Processing file /home/airflow/.local/lib/python3.8/site-packages/airflow/example_dags/tutorial_taskflow_api.py for tasks to queue
[2023-12-15T21:40:15.970+0000] {logging_mixin.py:154} INFO - [2023-12-15T21:40:15.969+0000] {dagbag.py:536} INFO - Filling up the DagBag from /home/airflow/.local/lib/python3.8/site-packages/airflow/example_dags/tutorial_taskflow_api.py
[2023-12-15T21:40:16.023+0000] {processor.py:839} INFO - DAG(s) dict_keys(['tutorial_taskflow_api']) retrieved from /home/airflow/.local/lib/python3.8/site-packages/airflow/example_dags/tutorial_taskflow_api.py
[2023-12-15T21:40:16.155+0000] {logging_mixin.py:154} INFO - [2023-12-15T21:40:16.154+0000] {dag.py:2941} INFO - Sync 1 DAGs
[2023-12-15T21:40:16.237+0000] {logging_mixin.py:154} INFO - [2023-12-15T21:40:16.237+0000] {dag.py:3722} INFO - Setting next_dagrun for tutorial_taskflow_api to None, run_after=None
[2023-12-15T21:40:16.302+0000] {processor.py:179} INFO - Processing /home/airflow/.local/lib/python3.8/site-packages/airflow/example_dags/tutorial_taskflow_api.py took 0.404 seconds
[2023-12-15T21:46:14.978+0000] {processor.py:157} INFO - Started process (PID=102) to work on /home/airflow/.local/lib/python3.8/site-packages/airflow/example_dags/tutorial_taskflow_api.py
[2023-12-15T21:46:15.012+0000] {processor.py:829} INFO - Processing file /home/airflow/.local/lib/python3.8/site-packages/airflow/example_dags/tutorial_taskflow_api.py for tasks to queue
[2023-12-15T21:46:15.074+0000] {logging_mixin.py:154} INFO - [2023-12-15T21:46:15.073+0000] {dagbag.py:536} INFO - Filling up the DagBag from /home/airflow/.local/lib/python3.8/site-packages/airflow/example_dags/tutorial_taskflow_api.py
[2023-12-15T21:46:15.708+0000] {processor.py:839} INFO - DAG(s) dict_keys(['tutorial_taskflow_api']) retrieved from /home/airflow/.local/lib/python3.8/site-packages/airflow/example_dags/tutorial_taskflow_api.py
[2023-12-15T21:46:16.830+0000] {logging_mixin.py:154} INFO - [2023-12-15T21:46:16.830+0000] {dag.py:2941} INFO - Sync 1 DAGs
[2023-12-15T21:46:17.290+0000] {logging_mixin.py:154} INFO - [2023-12-15T21:46:17.289+0000] {dag.py:3722} INFO - Setting next_dagrun for tutorial_taskflow_api to None, run_after=None
[2023-12-15T21:46:17.809+0000] {processor.py:179} INFO - Processing /home/airflow/.local/lib/python3.8/site-packages/airflow/example_dags/tutorial_taskflow_api.py took 2.932 seconds
