[2024-01-06T07:30:49.601+0000] {taskinstance.py:1957} INFO - Dependencies all met for dep_context=non-requeueable deps ti=<TaskInstance: job_process.get_indeed_data manual__2024-01-06T07:30:39.126390+00:00 [queued]>
[2024-01-06T07:30:49.630+0000] {taskinstance.py:1957} INFO - Dependencies all met for dep_context=requeueable deps ti=<TaskInstance: job_process.get_indeed_data manual__2024-01-06T07:30:39.126390+00:00 [queued]>
[2024-01-06T07:30:49.631+0000] {taskinstance.py:2171} INFO - Starting attempt 1 of 1
[2024-01-06T07:30:49.690+0000] {taskinstance.py:2192} INFO - Executing <Task(PythonOperator): get_indeed_data> on 2024-01-06 07:30:39.126390+00:00
[2024-01-06T07:30:49.716+0000] {standard_task_runner.py:60} INFO - Started process 11438 to run task
[2024-01-06T07:30:49.740+0000] {standard_task_runner.py:87} INFO - Running: ['***', 'tasks', 'run', 'job_process', 'get_indeed_data', 'manual__2024-01-06T07:30:39.126390+00:00', '--job-id', '198', '--raw', '--subdir', 'DAGS_FOLDER/job_process.py', '--cfg-path', '/tmp/tmpfg17rl6u']
[2024-01-06T07:30:49.752+0000] {standard_task_runner.py:88} INFO - Job 198: Subtask get_indeed_data
[2024-01-06T07:30:50.123+0000] {task_command.py:423} INFO - Running <TaskInstance: job_process.get_indeed_data manual__2024-01-06T07:30:39.126390+00:00 [running]> on host f01482236d7b
[2024-01-06T07:30:50.477+0000] {taskinstance.py:2481} INFO - Exporting env vars: AIRFLOW_CTX_DAG_OWNER='***' AIRFLOW_CTX_DAG_ID='job_process' AIRFLOW_CTX_TASK_ID='get_indeed_data' AIRFLOW_CTX_EXECUTION_DATE='2024-01-06T07:30:39.126390+00:00' AIRFLOW_CTX_TRY_NUMBER='1' AIRFLOW_CTX_DAG_RUN_ID='manual__2024-01-06T07:30:39.126390+00:00'
[2024-01-06T07:31:13.275+0000] {logging_mixin.py:188} INFO - Response HTTP Status Code:  200
[2024-01-06T07:31:22.650+0000] {logging_mixin.py:188} INFO - Response HTTP Status Code:  200
[2024-01-06T07:31:43.294+0000] {logging_mixin.py:188} INFO - Response HTTP Status Code:  500
[2024-01-06T07:31:57.027+0000] {logging_mixin.py:188} INFO - Response HTTP Status Code:  200
[2024-01-06T07:32:05.145+0000] {logging_mixin.py:188} INFO - Response HTTP Status Code:  200
[2024-01-06T07:32:13.108+0000] {logging_mixin.py:188} INFO - Response HTTP Status Code:  200
[2024-01-06T07:32:21.569+0000] {logging_mixin.py:188} INFO - Response HTTP Status Code:  503
[2024-01-06T07:32:43.385+0000] {logging_mixin.py:188} INFO - Response HTTP Status Code:  200
[2024-01-06T07:33:09.150+0000] {logging_mixin.py:188} INFO - Response HTTP Status Code:  200
[2024-01-06T07:33:46.778+0000] {logging_mixin.py:188} INFO - Response HTTP Status Code:  200
[2024-01-06T07:33:50.099+0000] {python.py:201} INFO - Done. Returned value was: None
[2024-01-06T07:33:50.133+0000] {taskinstance.py:1138} INFO - Marking task as SUCCESS. dag_id=job_process, task_id=get_indeed_data, execution_date=20240106T073039, start_date=20240106T073049, end_date=20240106T073350
[2024-01-06T07:33:50.341+0000] {local_task_job_runner.py:234} INFO - Task exited with return code 0
[2024-01-06T07:33:50.436+0000] {taskinstance.py:3281} INFO - 1 downstream tasks scheduled from follow-on schedule check
