[2023-12-16T21:26:49.160+0000] {taskinstance.py:1159} INFO - Dependencies all met for dep_context=non-requeueable deps ti=<TaskInstance: databricks_dag.trigger_databricks_notebook manual__2023-12-16T21:26:46.128455+00:00 [queued]>
[2023-12-16T21:26:49.190+0000] {taskinstance.py:1159} INFO - Dependencies all met for dep_context=requeueable deps ti=<TaskInstance: databricks_dag.trigger_databricks_notebook manual__2023-12-16T21:26:46.128455+00:00 [queued]>
[2023-12-16T21:26:49.190+0000] {taskinstance.py:1361} INFO - Starting attempt 1 of 1
[2023-12-16T21:26:49.210+0000] {taskinstance.py:1382} INFO - Executing <Task(DatabricksSubmitRunOperator): trigger_databricks_notebook> on 2023-12-16 21:26:46.128455+00:00
[2023-12-16T21:26:49.228+0000] {standard_task_runner.py:57} INFO - Started process 620 to run task
[2023-12-16T21:26:49.233+0000] {standard_task_runner.py:84} INFO - Running: ['***', 'tasks', 'run', 'databricks_dag', 'trigger_databricks_notebook', 'manual__2023-12-16T21:26:46.128455+00:00', '--job-id', '58', '--raw', '--subdir', 'DAGS_FOLDER/databricks_test.py', '--cfg-path', '/tmp/tmpfahrbav3']
[2023-12-16T21:26:49.234+0000] {standard_task_runner.py:85} INFO - Job 58: Subtask trigger_databricks_notebook
[2023-12-16T21:26:49.316+0000] {task_command.py:416} INFO - Running <TaskInstance: databricks_dag.trigger_databricks_notebook manual__2023-12-16T21:26:46.128455+00:00 [running]> on host 2d83c0298000
[2023-12-16T21:26:49.430+0000] {taskinstance.py:1662} INFO - Exporting env vars: AIRFLOW_CTX_DAG_OWNER='***' AIRFLOW_CTX_DAG_ID='databricks_dag' AIRFLOW_CTX_TASK_ID='trigger_databricks_notebook' AIRFLOW_CTX_EXECUTION_DATE='2023-12-16T21:26:46.128455+00:00' AIRFLOW_CTX_TRY_NUMBER='1' AIRFLOW_CTX_DAG_RUN_ID='manual__2023-12-16T21:26:46.128455+00:00'
[2023-12-16T21:26:49.454+0000] {base.py:73} INFO - Using connection ID 'databricks_default' for task execution.
[2023-12-16T21:26:49.455+0000] {databricks.py:170} INFO - Using token auth. 
[2023-12-16T21:26:49.959+0000] {databricks.py:73} INFO - Run submitted with run_id: 879832838076555
[2023-12-16T21:26:49.960+0000] {databricks.py:170} INFO - Using token auth. 
[2023-12-16T21:26:50.174+0000] {databricks.py:78} INFO - View run status, Spark UI, and logs at https://adb-2256532642969647.7.azuredatabricks.net/?o=2256532642969647#job/406716101221268/run/879832838076555
[2023-12-16T21:26:50.176+0000] {databricks.py:170} INFO - Using token auth. 
[2023-12-16T21:26:50.378+0000] {databricks.py:90} INFO - trigger_databricks_notebook in run state: {'life_cycle_state': 'PENDING', 'result_state': None, 'state_message': ''}
[2023-12-16T21:26:50.380+0000] {databricks.py:91} INFO - View run status, Spark UI, and logs at https://adb-2256532642969647.7.azuredatabricks.net/?o=2256532642969647#job/406716101221268/run/879832838076555
[2023-12-16T21:26:50.380+0000] {databricks.py:92} INFO - Sleeping for 30 seconds.
[2023-12-16T21:27:20.411+0000] {databricks.py:170} INFO - Using token auth. 
[2023-12-16T21:27:20.608+0000] {databricks.py:90} INFO - trigger_databricks_notebook in run state: {'life_cycle_state': 'PENDING', 'result_state': None, 'state_message': 'Waiting for cluster'}
[2023-12-16T21:27:20.609+0000] {databricks.py:91} INFO - View run status, Spark UI, and logs at https://adb-2256532642969647.7.azuredatabricks.net/?o=2256532642969647#job/406716101221268/run/879832838076555
[2023-12-16T21:27:20.609+0000] {databricks.py:92} INFO - Sleeping for 30 seconds.
[2023-12-16T21:27:50.645+0000] {databricks.py:170} INFO - Using token auth. 
[2023-12-16T21:27:50.868+0000] {databricks.py:90} INFO - trigger_databricks_notebook in run state: {'life_cycle_state': 'PENDING', 'result_state': None, 'state_message': 'Waiting for cluster'}
[2023-12-16T21:27:50.870+0000] {databricks.py:91} INFO - View run status, Spark UI, and logs at https://adb-2256532642969647.7.azuredatabricks.net/?o=2256532642969647#job/406716101221268/run/879832838076555
[2023-12-16T21:27:50.870+0000] {databricks.py:92} INFO - Sleeping for 30 seconds.
[2023-12-16T21:28:20.899+0000] {databricks.py:170} INFO - Using token auth. 
[2023-12-16T21:28:21.114+0000] {databricks.py:90} INFO - trigger_databricks_notebook in run state: {'life_cycle_state': 'PENDING', 'result_state': None, 'state_message': 'Waiting for cluster'}
[2023-12-16T21:28:21.114+0000] {databricks.py:91} INFO - View run status, Spark UI, and logs at https://adb-2256532642969647.7.azuredatabricks.net/?o=2256532642969647#job/406716101221268/run/879832838076555
[2023-12-16T21:28:21.114+0000] {databricks.py:92} INFO - Sleeping for 30 seconds.
[2023-12-16T21:28:51.149+0000] {databricks.py:170} INFO - Using token auth. 
[2023-12-16T21:28:51.323+0000] {databricks.py:90} INFO - trigger_databricks_notebook in run state: {'life_cycle_state': 'PENDING', 'result_state': None, 'state_message': 'Waiting for cluster'}
[2023-12-16T21:28:51.324+0000] {databricks.py:91} INFO - View run status, Spark UI, and logs at https://adb-2256532642969647.7.azuredatabricks.net/?o=2256532642969647#job/406716101221268/run/879832838076555
[2023-12-16T21:28:51.324+0000] {databricks.py:92} INFO - Sleeping for 30 seconds.
[2023-12-16T21:29:21.355+0000] {databricks.py:170} INFO - Using token auth. 
[2023-12-16T21:29:21.530+0000] {databricks.py:90} INFO - trigger_databricks_notebook in run state: {'life_cycle_state': 'PENDING', 'result_state': None, 'state_message': 'Waiting for cluster'}
[2023-12-16T21:29:21.531+0000] {databricks.py:91} INFO - View run status, Spark UI, and logs at https://adb-2256532642969647.7.azuredatabricks.net/?o=2256532642969647#job/406716101221268/run/879832838076555
[2023-12-16T21:29:21.531+0000] {databricks.py:92} INFO - Sleeping for 30 seconds.
[2023-12-16T21:29:51.563+0000] {databricks.py:170} INFO - Using token auth. 
[2023-12-16T21:29:52.761+0000] {databricks.py:90} INFO - trigger_databricks_notebook in run state: {'life_cycle_state': 'PENDING', 'result_state': None, 'state_message': 'Waiting for cluster'}
[2023-12-16T21:29:52.762+0000] {databricks.py:91} INFO - View run status, Spark UI, and logs at https://adb-2256532642969647.7.azuredatabricks.net/?o=2256532642969647#job/406716101221268/run/879832838076555
[2023-12-16T21:29:52.762+0000] {databricks.py:92} INFO - Sleeping for 30 seconds.
[2023-12-16T21:30:22.791+0000] {databricks.py:170} INFO - Using token auth. 
[2023-12-16T21:30:22.993+0000] {databricks.py:90} INFO - trigger_databricks_notebook in run state: {'life_cycle_state': 'PENDING', 'result_state': None, 'state_message': 'Waiting for cluster'}
[2023-12-16T21:30:22.995+0000] {databricks.py:91} INFO - View run status, Spark UI, and logs at https://adb-2256532642969647.7.azuredatabricks.net/?o=2256532642969647#job/406716101221268/run/879832838076555
[2023-12-16T21:30:22.996+0000] {databricks.py:92} INFO - Sleeping for 30 seconds.
[2023-12-16T21:30:53.003+0000] {databricks.py:170} INFO - Using token auth. 
[2023-12-16T21:30:53.191+0000] {databricks.py:90} INFO - trigger_databricks_notebook in run state: {'life_cycle_state': 'PENDING', 'result_state': None, 'state_message': 'Waiting for cluster'}
[2023-12-16T21:30:53.192+0000] {databricks.py:91} INFO - View run status, Spark UI, and logs at https://adb-2256532642969647.7.azuredatabricks.net/?o=2256532642969647#job/406716101221268/run/879832838076555
[2023-12-16T21:30:53.193+0000] {databricks.py:92} INFO - Sleeping for 30 seconds.
[2023-12-16T21:31:23.224+0000] {databricks.py:170} INFO - Using token auth. 
[2023-12-16T21:31:23.443+0000] {databricks.py:90} INFO - trigger_databricks_notebook in run state: {'life_cycle_state': 'PENDING', 'result_state': None, 'state_message': 'Waiting for cluster'}
[2023-12-16T21:31:23.445+0000] {databricks.py:91} INFO - View run status, Spark UI, and logs at https://adb-2256532642969647.7.azuredatabricks.net/?o=2256532642969647#job/406716101221268/run/879832838076555
[2023-12-16T21:31:23.445+0000] {databricks.py:92} INFO - Sleeping for 30 seconds.
[2023-12-16T21:31:53.475+0000] {databricks.py:170} INFO - Using token auth. 
[2023-12-16T21:31:53.660+0000] {databricks.py:90} INFO - trigger_databricks_notebook in run state: {'life_cycle_state': 'PENDING', 'result_state': None, 'state_message': 'Waiting for cluster'}
[2023-12-16T21:31:53.660+0000] {databricks.py:91} INFO - View run status, Spark UI, and logs at https://adb-2256532642969647.7.azuredatabricks.net/?o=2256532642969647#job/406716101221268/run/879832838076555
[2023-12-16T21:31:53.660+0000] {databricks.py:92} INFO - Sleeping for 30 seconds.
[2023-12-16T21:32:23.691+0000] {databricks.py:170} INFO - Using token auth. 
[2023-12-16T21:32:23.906+0000] {databricks.py:90} INFO - trigger_databricks_notebook in run state: {'life_cycle_state': 'PENDING', 'result_state': None, 'state_message': 'Waiting for cluster'}
[2023-12-16T21:32:23.907+0000] {databricks.py:91} INFO - View run status, Spark UI, and logs at https://adb-2256532642969647.7.azuredatabricks.net/?o=2256532642969647#job/406716101221268/run/879832838076555
[2023-12-16T21:32:23.907+0000] {databricks.py:92} INFO - Sleeping for 30 seconds.
[2023-12-16T21:32:53.935+0000] {databricks.py:170} INFO - Using token auth. 
[2023-12-16T21:32:54.109+0000] {databricks.py:90} INFO - trigger_databricks_notebook in run state: {'life_cycle_state': 'PENDING', 'result_state': None, 'state_message': 'Waiting for cluster'}
[2023-12-16T21:32:54.109+0000] {databricks.py:91} INFO - View run status, Spark UI, and logs at https://adb-2256532642969647.7.azuredatabricks.net/?o=2256532642969647#job/406716101221268/run/879832838076555
[2023-12-16T21:32:54.110+0000] {databricks.py:92} INFO - Sleeping for 30 seconds.
[2023-12-16T21:33:24.139+0000] {databricks.py:170} INFO - Using token auth. 
[2023-12-16T21:33:24.337+0000] {databricks.py:90} INFO - trigger_databricks_notebook in run state: {'life_cycle_state': 'PENDING', 'result_state': None, 'state_message': 'Waiting for cluster'}
[2023-12-16T21:33:24.338+0000] {databricks.py:91} INFO - View run status, Spark UI, and logs at https://adb-2256532642969647.7.azuredatabricks.net/?o=2256532642969647#job/406716101221268/run/879832838076555
[2023-12-16T21:33:24.338+0000] {databricks.py:92} INFO - Sleeping for 30 seconds.
[2023-12-16T21:33:54.363+0000] {databricks.py:170} INFO - Using token auth. 
[2023-12-16T21:33:54.555+0000] {databricks.py:90} INFO - trigger_databricks_notebook in run state: {'life_cycle_state': 'PENDING', 'result_state': None, 'state_message': 'Waiting for cluster'}
[2023-12-16T21:33:54.556+0000] {databricks.py:91} INFO - View run status, Spark UI, and logs at https://adb-2256532642969647.7.azuredatabricks.net/?o=2256532642969647#job/406716101221268/run/879832838076555
[2023-12-16T21:33:54.556+0000] {databricks.py:92} INFO - Sleeping for 30 seconds.
[2023-12-16T21:34:24.595+0000] {databricks.py:170} INFO - Using token auth. 
[2023-12-16T21:34:24.850+0000] {databricks.py:90} INFO - trigger_databricks_notebook in run state: {'life_cycle_state': 'PENDING', 'result_state': None, 'state_message': 'Waiting for cluster'}
[2023-12-16T21:34:24.851+0000] {databricks.py:91} INFO - View run status, Spark UI, and logs at https://adb-2256532642969647.7.azuredatabricks.net/?o=2256532642969647#job/406716101221268/run/879832838076555
[2023-12-16T21:34:24.851+0000] {databricks.py:92} INFO - Sleeping for 30 seconds.
[2023-12-16T21:34:54.882+0000] {databricks.py:170} INFO - Using token auth. 
[2023-12-16T21:34:55.075+0000] {databricks.py:90} INFO - trigger_databricks_notebook in run state: {'life_cycle_state': 'PENDING', 'result_state': None, 'state_message': 'Waiting for cluster'}
[2023-12-16T21:34:55.077+0000] {databricks.py:91} INFO - View run status, Spark UI, and logs at https://adb-2256532642969647.7.azuredatabricks.net/?o=2256532642969647#job/406716101221268/run/879832838076555
[2023-12-16T21:34:55.077+0000] {databricks.py:92} INFO - Sleeping for 30 seconds.
[2023-12-16T21:35:25.097+0000] {databricks.py:170} INFO - Using token auth. 
[2023-12-16T21:35:26.288+0000] {databricks.py:90} INFO - trigger_databricks_notebook in run state: {'life_cycle_state': 'PENDING', 'result_state': None, 'state_message': 'Waiting for cluster'}
[2023-12-16T21:35:26.292+0000] {databricks.py:91} INFO - View run status, Spark UI, and logs at https://adb-2256532642969647.7.azuredatabricks.net/?o=2256532642969647#job/406716101221268/run/879832838076555
[2023-12-16T21:35:26.293+0000] {databricks.py:92} INFO - Sleeping for 30 seconds.
[2023-12-16T21:35:56.309+0000] {databricks.py:170} INFO - Using token auth. 
[2023-12-16T21:35:56.500+0000] {databricks.py:90} INFO - trigger_databricks_notebook in run state: {'life_cycle_state': 'PENDING', 'result_state': None, 'state_message': 'Waiting for cluster'}
[2023-12-16T21:35:56.501+0000] {databricks.py:91} INFO - View run status, Spark UI, and logs at https://adb-2256532642969647.7.azuredatabricks.net/?o=2256532642969647#job/406716101221268/run/879832838076555
[2023-12-16T21:35:56.501+0000] {databricks.py:92} INFO - Sleeping for 30 seconds.
[2023-12-16T21:36:26.530+0000] {databricks.py:170} INFO - Using token auth. 
[2023-12-16T21:36:26.804+0000] {databricks.py:90} INFO - trigger_databricks_notebook in run state: {'life_cycle_state': 'PENDING', 'result_state': None, 'state_message': 'Waiting for cluster'}
[2023-12-16T21:36:26.811+0000] {databricks.py:91} INFO - View run status, Spark UI, and logs at https://adb-2256532642969647.7.azuredatabricks.net/?o=2256532642969647#job/406716101221268/run/879832838076555
[2023-12-16T21:36:26.816+0000] {databricks.py:92} INFO - Sleeping for 30 seconds.
[2023-12-16T21:36:42.000+0000] {local_task_job_runner.py:294} WARNING - State of this instance has been externally set to None. Terminating instance.
[2023-12-16T21:36:42.006+0000] {process_utils.py:131} INFO - Sending 15 to group 620. PIDs of all processes in the group: [620]
[2023-12-16T21:36:42.006+0000] {process_utils.py:86} INFO - Sending the signal 15 to group 620
[2023-12-16T21:36:42.007+0000] {taskinstance.py:1632} ERROR - Received SIGTERM. Terminating subprocesses.
[2023-12-16T21:36:42.019+0000] {base.py:73} INFO - Using connection ID 'databricks_default' for task execution.
[2023-12-16T21:36:42.019+0000] {databricks.py:170} INFO - Using token auth. 
[2023-12-16T21:36:42.261+0000] {databricks.py:321} INFO - Task: trigger_databricks_notebook with run_id: 879832838076555 was requested to be cancelled.
[2023-12-16T21:36:42.291+0000] {taskinstance.py:1937} ERROR - Task failed with exception
Traceback (most recent call last):
  File "/home/airflow/.local/lib/python3.8/site-packages/airflow/providers/databricks/operators/databricks.py", line 316, in execute
    _handle_databricks_operator_execution(self, hook, self.log, context)
  File "/home/airflow/.local/lib/python3.8/site-packages/airflow/providers/databricks/operators/databricks.py", line 93, in _handle_databricks_operator_execution
    time.sleep(operator.polling_period_seconds)
  File "/home/airflow/.local/lib/python3.8/site-packages/airflow/models/taskinstance.py", line 1634, in signal_handler
    raise AirflowException("Task received SIGTERM signal")
airflow.exceptions.AirflowException: Task received SIGTERM signal
[2023-12-16T21:36:42.297+0000] {taskinstance.py:1400} INFO - Marking task as FAILED. dag_id=databricks_dag, task_id=trigger_databricks_notebook, execution_date=20231216T212646, start_date=20231216T212649, end_date=20231216T213642
[2023-12-16T21:36:42.316+0000] {standard_task_runner.py:104} ERROR - Failed to execute job 58 for task trigger_databricks_notebook ((psycopg2.errors.ForeignKeyViolation) insert or update on table "task_fail" violates foreign key constraint "task_fail_ti_fkey"
DETAIL:  Key (dag_id, task_id, run_id, map_index)=(databricks_dag, trigger_databricks_notebook, manual__2023-12-16T21:26:46.128455+00:00, -1) is not present in table "task_instance".

[SQL: INSERT INTO task_fail (task_id, dag_id, run_id, map_index, start_date, end_date, duration) VALUES (%(task_id)s, %(dag_id)s, %(run_id)s, %(map_index)s, %(start_date)s, %(end_date)s, %(duration)s) RETURNING task_fail.id]
[parameters: {'task_id': 'trigger_databricks_notebook', 'dag_id': 'databricks_dag', 'run_id': 'manual__2023-12-16T21:26:46.128455+00:00', 'map_index': -1, 'start_date': datetime.datetime(2023, 12, 16, 21, 26, 49, 161370, tzinfo=Timezone('UTC')), 'end_date': datetime.datetime(2023, 12, 16, 21, 36, 42, 296304, tzinfo=Timezone('UTC')), 'duration': 593}]
(Background on this error at: https://sqlalche.me/e/14/gkpj); 620)
[2023-12-16T21:36:42.359+0000] {process_utils.py:79} INFO - Process psutil.Process(pid=620, status='terminated', exitcode=1, started='21:26:49') (620) terminated with exit code 1
