[2024-01-03T17:13:49.974+0000] {taskinstance.py:1957} INFO - Dependencies all met for dep_context=non-requeueable deps ti=<TaskInstance: job_process.get_indeed_data manual__2024-01-03T17:13:40.602949+00:00 [queued]>
[2024-01-03T17:13:50.146+0000] {taskinstance.py:1957} INFO - Dependencies all met for dep_context=requeueable deps ti=<TaskInstance: job_process.get_indeed_data manual__2024-01-03T17:13:40.602949+00:00 [queued]>
[2024-01-03T17:13:50.165+0000] {taskinstance.py:2171} INFO - Starting attempt 1 of 1
[2024-01-03T17:13:50.283+0000] {taskinstance.py:2192} INFO - Executing <Task(PythonOperator): get_indeed_data> on 2024-01-03 17:13:40.602949+00:00
[2024-01-03T17:13:50.312+0000] {standard_task_runner.py:60} INFO - Started process 5327 to run task
[2024-01-03T17:13:50.333+0000] {standard_task_runner.py:87} INFO - Running: ['***', 'tasks', 'run', 'job_process', 'get_indeed_data', 'manual__2024-01-03T17:13:40.602949+00:00', '--job-id', '175', '--raw', '--subdir', 'DAGS_FOLDER/job_process.py', '--cfg-path', '/tmp/tmpdfi4a3ux']
[2024-01-03T17:13:50.341+0000] {standard_task_runner.py:88} INFO - Job 175: Subtask get_indeed_data
[2024-01-03T17:13:50.498+0000] {task_command.py:423} INFO - Running <TaskInstance: job_process.get_indeed_data manual__2024-01-03T17:13:40.602949+00:00 [running]> on host f01482236d7b
[2024-01-03T17:13:50.888+0000] {taskinstance.py:2481} INFO - Exporting env vars: AIRFLOW_CTX_DAG_OWNER='***' AIRFLOW_CTX_DAG_ID='job_process' AIRFLOW_CTX_TASK_ID='get_indeed_data' AIRFLOW_CTX_EXECUTION_DATE='2024-01-03T17:13:40.602949+00:00' AIRFLOW_CTX_TRY_NUMBER='1' AIRFLOW_CTX_DAG_RUN_ID='manual__2024-01-03T17:13:40.602949+00:00'
[2024-01-03T17:13:54.482+0000] {logging_mixin.py:188} INFO - Response HTTP Status Code:  200
[2024-01-03T17:14:04.841+0000] {logging_mixin.py:188} INFO - Response HTTP Status Code:  200
[2024-01-03T17:14:20.246+0000] {logging_mixin.py:188} INFO - Response HTTP Status Code:  200
[2024-01-03T17:14:25.901+0000] {logging_mixin.py:188} INFO - Response HTTP Status Code:  500
[2024-01-03T17:14:31.877+0000] {logging_mixin.py:188} INFO - Response HTTP Status Code:  500
[2024-01-03T17:14:39.489+0000] {logging_mixin.py:188} INFO - Response HTTP Status Code:  500
[2024-01-03T17:14:46.967+0000] {logging_mixin.py:188} INFO - Response HTTP Status Code:  200
[2024-01-03T17:14:56.841+0000] {logging_mixin.py:188} INFO - Response HTTP Status Code:  200
[2024-01-03T17:15:05.318+0000] {logging_mixin.py:188} INFO - Response HTTP Status Code:  200
[2024-01-03T17:15:10.187+0000] {logging_mixin.py:188} INFO - Response HTTP Status Code:  200
[2024-01-03T17:15:11.506+0000] {python.py:201} INFO - Done. Returned value was: None
[2024-01-03T17:15:11.538+0000] {taskinstance.py:1138} INFO - Marking task as SUCCESS. dag_id=job_process, task_id=get_indeed_data, execution_date=20240103T171340, start_date=20240103T171349, end_date=20240103T171511
[2024-01-03T17:15:11.605+0000] {local_task_job_runner.py:234} INFO - Task exited with return code 0
[2024-01-03T17:15:11.646+0000] {taskinstance.py:3281} INFO - 1 downstream tasks scheduled from follow-on schedule check
